# Haardt & Madau (2011)
# z = 0.000000
# E [Ryd] log (J_nu)
interpolate (0.0000000100 -50.0000000000)
continue (0.0090035365 -50.0000000000)
continue (0.0090944813 -19.7838340977)
continue (0.0095460614 -19.7569619513)
continue (0.0100150239 -19.7297871451)
continue (0.0105069414 -19.7024583322)
continue (0.0110229470 -19.6748950170)
continue (0.0115643024 -19.6476245050)
continue (0.0121324328 -19.6205131863)
continue (0.0127271931 -19.5936301645)
continue (0.0133518978 -19.5671909950)
continue (0.0140087168 -19.5413621510)
continue (0.0146954850 -19.5161275458)
continue (0.0154190698 -19.4914702810)
continue (0.0161744236 -19.4677553564)
continue (0.0169695908 -19.4447845949)
continue (0.0178051392 -19.4226231081)
continue (0.0186773319 -19.4015377995)
continue (0.0195971403 -19.3814289719)
continue (0.0205564409 -19.3625102705)
continue (0.0215684503 -19.3453422454)
continue (0.0226289304 -19.3298469548)
continue (0.0237370937 -19.3156035216)
continue (0.0249048108 -19.3027706572)
continue (0.0261257748 -19.2914941190)
continue (0.0274065271 -19.2814152800)
continue (0.0287556651 -19.2725400791)
continue (0.0301644166 -19.2648004516)
continue (0.0316522065 -19.2585332382)
continue (0.0332094397 -19.2537551283)
continue (0.0348343664 -19.2498774732)
continue (0.0365530295 -19.2463403527)
continue (0.0383368543 -19.2446588162)
continue (0.0402325398 -19.2465701584)
continue (0.0422078289 -19.2514243831)
continue (0.0442792529 -19.2579035977)
continue (0.0464458219 -19.2661609993)
continue (0.0487308570 -19.2762160630)
continue (0.0511373191 -19.2886146209)
continue (0.0536354930 -19.3034688800)
continue (0.0562510510 -19.3202088290)
continue (0.0590198851 -19.3377144843)
continue (0.0619488121 -19.3552660726)
continue (0.0649513204 -19.3729415360)
continue (0.0681575935 -19.3920091415)
continue (0.0715280240 -19.4127381503)
continue (0.0750014013 -19.4350973275)
continue (0.0786931801 -19.4590451911)
continue (0.0825423030 -19.4847886957)
continue (0.0866223408 -19.5127201836)
continue (0.0908541401 -19.5430269864)
continue (0.0953507404 -19.5747919489)
continue (0.1000293113 -19.6085355882)
continue (0.1049484079 -19.6428277423)
continue (0.1100962940 -19.6779875614)
continue (0.1155110946 -19.7142177262)
continue (0.1211791257 -19.7515362824)
continue (0.1271298864 -19.7886124471)
continue (0.1333821759 -19.8247781997)
continue (0.1399365826 -19.8626458886)
continue (0.1467891472 -19.9013562742)
continue (0.1540082856 -19.9400581119)
continue (0.1615721677 -19.9792245118)
continue (0.1695065152 -20.0184985119)
continue (0.1778429012 -20.0568518706)
continue (0.1865821101 -20.0944739516)
continue (0.1957188629 -20.1334763745)
continue (0.2053328133 -20.1726307269)
continue (0.2154295569 -20.2100669191)
continue (0.2260086869 -20.2481053120)
continue (0.2371238682 -20.2839966564)
continue (0.2487761468 -20.3183970013)
continue (0.2609584839 -20.3522259497)
continue (0.2738182168 -20.3868984830)
continue (0.2872846865 -20.4226231081)
continue (0.3013449159 -20.4586704223)
continue (0.3161925835 -20.4949857599)
continue (0.3317317166 -20.5315049755)
continue (0.3479446451 -20.5696024086)
continue (0.3650909558 -20.6099485035)
continue (0.3830462487 -20.6528652171)
continue (0.4017932212 -20.6989700043)
continue (0.4214926113 -20.7488486568)
continue (0.4421479988 -20.8010681301)
continue (0.4639852473 -20.8563607647)
continue (0.4867879410 -20.9147094218)
continue (0.5105137398 -20.9767475404)
continue (0.5357242949 -21.0426321916)
continue (0.5621634951 -21.1118205061)
continue (0.5898168451 -21.1825007381)
continue (0.6186469963 -21.2579035977)
continue (0.6490505880 -21.3383765908)
continue (0.6810665363 -21.4243503852)
continue (0.7141591110 -21.5223000717)
continue (0.7493972250 -21.6094181214)
continue (0.7494721647 -21.7375489103)
continue (0.7862528262 -21.8517059026)
continue (0.8246760413 -22.0061671334)
continue (0.8288691440 -22.0340475200)
continue (0.8329223494 -22.0535212065)
continue (0.8369692640 -22.0730471915)
continue (0.8410246471 -22.0926402416)
continue (0.8450724969 -22.1123028238)
continue (0.8491278496 -22.1319430497)
continue (0.8531743819 -22.1508386596)
continue (0.8572274097 -22.1686614259)
continue (0.8612784258 -22.1869637220)
continue (0.8654007841 -22.2057908837)
continue (0.8695793897 -22.2384434993)
continue (0.8738320602 -22.2673529756)
continue (0.8780757618 -22.2926274303)
continue (0.8823267095 -22.3182822050)
continue (0.8865758872 -22.3443372694)
continue (0.8881744889 -22.3559555072)
continue (0.8882633063 -22.3526170299)
continue (0.8908313543 -22.3683300103)
continue (0.8950839085 -22.3945753508)
continue (0.8993328783 -22.4187297778)
continue (0.9035775804 -22.4431019592)
continue (0.9076364797 -22.4677553564)
continue (0.9122887891 -22.5151892753)
continue (0.9167473412 -22.5567855310)
continue (0.9212068475 -22.5933780777)
continue (0.9256657564 -22.6324018363)
continue (0.9301243670 -22.6742340122)
continue (0.9345830023 -22.7194330107)
continue (0.9370355019 -22.7461775613)
continue (0.9371292055 -22.7444862872)
continue (0.9390420102 -22.7614370677)
continue (0.9435007865 -22.8013401644)
continue (0.9479597018 -22.8441661759)
continue (0.9524111890 -22.8904214531)
continue (0.9531314168 -22.8979300739)
continue (0.9538447474 -22.9075284971)
continue (0.9545581467 -22.9167303564)
continue (0.9552716124 -22.9255383049)
continue (0.9559851426 -22.9339686747)
continue (0.9566987351 -22.9420335686)
continue (0.9574113820 -22.9497440140)
continue (0.9581250913 -22.9571096103)
continue (0.9588388566 -22.9641421825)
continue (0.9595314579 -22.9710222948)
continue (0.9596274111 -22.9698052146)
continue (0.9607717508 -22.9806011984)
continue (0.9619918963 -22.9905448548)
continue (0.9632120904 -22.9997004401)
continue (0.9644323218 -23.0081304931)
continue (0.9656525788 -23.0158860256)
continue (0.9668728501 -23.0230199029)
continue (0.9680931239 -23.0295833819)
continue (0.9693133886 -23.0356234420)
continue (0.9705336324 -23.0411839266)
continue (0.9717072143 -23.0462886196)
continue (0.9718043851 -23.0455645137)
continue (0.9724932560 -23.0484813201)
continue (0.9732327551 -23.0512506841)
continue (0.9739723387 -23.0538883279)
continue (0.9747120047 -23.0564026110)
continue (0.9754507067 -23.0587997410)
continue (0.9761905291 -23.0610866862)
continue (0.9769304274 -23.0632696670)
continue (0.9776693502 -23.0653551253)
continue (0.9784093917 -23.0673481908)
continue (0.9791200447 -23.0692546717)
continue (0.9792179567 -23.0686947186)
continue (0.9796263306 -23.0698882888)
continue (0.9801046776 -23.0710432050)
continue (0.9805824369 -23.0721668415)
continue (0.9810606622 -23.0732594611)
continue (0.9815393541 -23.0743233986)
continue (0.9820174552 -23.0753589526)
continue (0.9824949629 -23.0763674668)
continue (0.9829729353 -23.0773497847)
continue (0.9834513729 -23.0783072832)
continue (0.9838771600 -23.0792507387)
continue (0.9839755477 -23.0787818788)
continue (0.9842533484 -23.0794175665)
continue (0.9845776963 -23.0800270324)
continue (0.9849011935 -23.0806263740)
continue (0.9852259686 -23.0812155481)
continue (0.9855498921 -23.0817955607)
continue (0.9858740286 -23.0823663741)
continue (0.9861983784 -23.0829274252)
continue (0.9865229417 -23.0834802542)
continue (0.9868466500 -23.0840243018)
continue (0.9871812649 -23.0845473983)
continue (0.9872799830 -23.0841782124)
continue (0.9874069640 -23.0845758914)
continue (0.9876424000 -23.0849565063)
continue (0.9878790193 -23.0853326977)
continue (0.9881146805 -23.0857049829)
continue (0.9883504542 -23.0860733516)
continue (0.9885863405 -23.0864377935)
continue (0.9888223393 -23.0867982985)
continue (0.9890584509 -23.0871553873)
continue (0.9892936012 -23.0875085200)
continue (0.9895396087 -23.0878842709)
continue (0.9896385626 -23.0875653666)
continue (0.9991963000 -23.0994690175)
continue (1.0439535177 -23.1191864077)
continue (1.0951412398 -23.1525507375)
continue (1.1489938540 -23.1850868187)
continue (1.2053796635 -23.2174557160)
continue (1.2645948177 -23.2480284253)
continue (1.3266371024 -23.2787666300)
continue (1.3918848719 -23.3099812192)
continue (1.4601298279 -23.3421795440)
continue (1.5320561964 -23.3752024210)
continue (1.6071728847 -23.4096040528)
continue (1.6862824308 -23.4440595622)
continue (1.7691070192 -23.4793854781)
continue (1.8559409890 -23.5155577924)
continue (1.9471517641 -23.5528419687)
continue (2.0427415952 -23.5910819792)
continue (2.1431491665 -23.6304131093)
continue (2.2483765744 -23.6703987516)
continue (2.3583515155 -23.7110803943)
continue (2.4742520380 -23.7522721671)
continue (2.5962023522 -23.7939841232)
continue (2.7234519594 -23.8356471442)
continue (2.8575322220 -23.8774564759)
continue (2.9975889000 -23.9179330657)
continue (2.9978886589 -23.9613798381)
continue (3.1444686874 -24.0002172015)
continue (3.2993013237 -24.0383416514)
continue (3.3154826074 -24.0372344389)
continue (3.3316772167 -24.0410617052)
continue (3.3478832060 -24.0450940096)
continue (3.3640861692 -24.0492779247)
continue (3.3802962572 -24.0535722998)
continue (3.3964987387 -24.0579408273)
continue (3.4127039181 -24.0623537443)
continue (3.4289096388 -24.0667841044)
continue (3.4451137031 -24.0712125375)
continue (3.4609457866 -24.0756173228)
continue (3.4783175587 -24.0738531328)
continue (3.4953148337 -24.0776628306)
continue (3.5123165848 -24.0816707952)
continue (3.5293205071 -24.0858245627)
continue (3.5463242500 -24.0900809625)
continue (3.5540835632 -24.0919977988)
continue (3.5544389716 -24.0856568429)
continue (3.5633254174 -24.0880720024)
continue (3.5803215672 -24.0924526747)
continue (3.5973244128 -24.0968410742)
continue (3.6143174892 -24.1012166970)
continue (3.6319929279 -24.1055731620)
continue (3.6491551562 -24.1030903618)
continue (3.6669967430 -24.1069026674)
continue (3.6848199399 -24.1109062482)
continue (3.7026667870 -24.1150466880)
continue (3.7204898731 -24.1192801340)
continue (3.7383320094 -24.1235673754)
continue (3.7485274603 -24.1259242548)
continue (3.7489023131 -24.1223983203)
continue (3.7561602994 -24.1243450278)
continue (3.7740031459 -24.1286635391)
continue (3.7918427517 -24.1329587659)
continue (3.8096447559 -24.1372129018)
continue (3.8125296550 -24.1311164423)
continue (3.8153869771 -24.1316442077)
continue (3.8182325867 -24.1321785032)
continue (3.8210824441 -24.1327193520)
continue (3.8239365589 -24.1332673681)
continue (3.8267949406 -24.1338208048)
continue (3.8296415044 -24.1343808655)
continue (3.8324923062 -24.1349463898)
continue (3.8353473554 -24.1355168049)
continue (3.8385300152 -24.1360826230)
continue (3.8389138682 -24.1338308524)
continue (3.8430951071 -24.1348119001)
continue (3.8479635231 -24.1358236683)
continue (3.8528442893 -24.1368473215)
continue (3.8577374527 -24.1378823417)
continue (3.8626103154 -24.1389270107)
continue (3.8674955038 -24.1399813922)
continue (3.8723766094 -24.1410431472)
continue (3.8772535543 -24.1421129260)
continue (3.8821262604 -24.1431889699)
continue (3.8876579591 -24.1442991692)
continue (3.8880467249 -24.1426675036)
continue (3.8899647214 -24.1433333287)
continue (3.8929227052 -24.1439941259)
continue (3.8958851910 -24.1446559300)
continue (3.8988521891 -24.1453193510)
continue (3.9018070032 -24.1459843948)
continue (3.9047662995 -24.1466498499)
continue (3.9077133308 -24.1473163261)
continue (3.9106815965 -24.1479838267)
continue (3.9136375668 -24.1486523548)
continue (3.9160594139 -24.1492925146)
continue (3.9164510198 -24.1481303993)
continue (3.9185011099 -24.1485777513)
continue (3.9204229271 -24.1490108750)
continue (3.9223297476 -24.1494438183)
continue (3.9242384239 -24.1498771936)
continue (3.9261489587 -24.1503103880)
continue (3.9280613547 -24.1507440149)
continue (3.9299756146 -24.1511774600)
continue (3.9318917412 -24.1516107225)
continue (3.9338097371 -24.1520438012)
continue (3.9363586419 -24.1524890348)
continue (3.9367522778 -24.1515645447)
continue (3.9370218983 -24.1518700250)
continue (3.9383150403 -24.1521640063)
continue (3.9396090321 -24.1524575698)
continue (3.9409038745 -24.1527513319)
continue (3.9421995683 -24.1530452928)
continue (3.9434961144 -24.1533388346)
continue (3.9447935136 -24.1536319563)
continue (3.9460917668 -24.1539252760)
continue (3.9473908747 -24.1542187940)
continue (3.9482973380 -24.1545298670)
continue (3.9486921677 -24.1537866361)
continue (3.9496321357 -24.1540144251)
continue (3.9505738819 -24.1542274663)
continue (3.9515160773 -24.1544406121)
continue (3.9524587222 -24.1546538626)
continue (3.9534018169 -24.1548672178)
continue (3.9543453619 -24.1550800572)
continue (3.9552893573 -24.1552930010)
continue (3.9562338035 -24.1555060493)
continue (3.9571787009 -24.1557185805)
continue (3.9585882954 -24.1559579580)
continue (3.9589841543 -24.1553364718)
continue (3.9967852000 -24.1639925409)
continue (3.9971848786 -24.1637391971)
continue (4.1935896254 -24.2128230075)
continue (4.3980068803 -24.2317319835)
continue (4.6140102562 -24.2461872164)
continue (4.8420139512 -24.2600323032)
continue (5.0795263412 -24.2737619532)
continue (5.3290469334 -24.2874344721)
continue (5.5905952491 -24.3009431455)
continue (5.8640091738 -24.3143478159)
continue (6.1530521648 -24.3276250213)
continue (6.4537324760 -24.3410351573)
continue (6.7752195212 -24.3545777307)
continue (7.1026268559 -24.3683533370)
continue (7.4571769690 -24.3824754651)
continue (7.8220345546 -24.3971806576)
continue (8.2022234528 -24.4124012703)
continue (8.6049766346 -24.4284076166)
continue (9.0313877662 -24.4451475656)
continue (9.4736149871 -24.4626847269)
continue (9.9396490577 -24.4809599614)
continue (10.4275892620 -24.5001755042)
continue (10.9395801393 -24.5202807646)
continue (11.4769146802 -24.5413621510)
continue (12.0410547781 -24.5630426693)
continue (12.6319243916 -24.5856953119)
continue (13.2528654102 -24.6090648929)
continue (13.9039826916 -24.6332036167)
continue (14.5849395904 -24.6581699431)
continue (15.3025529069 -24.6836102489)
continue (16.0547397041 -24.7097427306)
continue (16.8410095289 -24.7366006687)
continue (17.6704872136 -24.7639668529)
continue (18.5367580473 -24.7918274733)
continue (19.4465861205 -24.8198741248)
continue (20.4045460279 -24.8486301498)
continue (21.4063196055 -24.8777841217)
continue (22.4560627306 -24.9072793553)
continue (23.5591268254 -24.9344202853)
continue (24.7156773965 -24.9609826780)
continue (25.9324708482 -24.9829666607)
continue (27.2020007644 -25.0021769193)
continue (28.5395247606 -25.0191788334)
continue (29.9463366943 -25.0347042042)
continue (31.4121691006 -25.0485167692)
continue (32.9572161160 -25.0613301990)
continue (34.5700692567 -25.0725783049)
continue (36.2765535672 -25.0832829224)
continue (38.0487275828 -25.0939883747)
continue (39.9153318269 -25.1039700876)
continue (41.8780802209 -25.1135092748)
continue (43.9376579367 -25.1230896887)
continue (46.0934256756 -25.1325914435)
continue (48.3687380896 -25.1421852220)
continue (50.7386985305 -25.1516261162)
continue (53.2282141126 -25.1611509093)
continue (55.8374402946 -25.1705675664)
continue (58.6023810680 -25.1797328428)
continue (61.4475404995 -25.1890286002)
continue (64.4916507861 -25.1983219410)
continue (67.6515980406 -25.2078185039)
continue (70.9709521501 -25.2174557160)
continue (74.4499203927 -25.2273116453)
continue (78.0862918258 -25.2372464351)
continue (81.9484735258 -25.2472603061)
continue (85.9685873214 -25.2574319656)
continue (90.2244579809 -25.2676062402)
continue (94.6279362001 -25.2778598745)
continue (99.2773750525 -25.2881084501)
continue (104.1567065501 -25.2982593676)
continue (109.2777342136 -25.3084764778)
continue (114.6392031208 -25.3185778443)
continue (120.2675235063 -25.3285494458)
continue (126.1793167554 -25.3385659496)
continue (132.3746405589 -25.3484312611)
continue (138.8703178310 -25.3582285293)
continue (145.6861751570 -25.3679478333)
continue (152.8458613900 -25.3776823392)
continue (160.3496437810 -25.3874280459)
continue (168.2235602007 -25.3971806576)
continue (176.4995207451 -25.4069355683)
continue (185.1792370671 -25.4166878480)
continue (194.2585857189 -25.4265481780)
continue (203.8172725581 -25.4364002711)
continue (213.8120660740 -25.4463596638)
continue (224.3394942411 -25.4561801949)
continue (235.3478888448 -25.4661008992)
continue (246.8889259299 -25.4759935544)
continue (259.0298537826 -25.4859838196)
continue (271.6955949932 -25.4960731958)
continue (285.0381687855 -25.5061238891)
continue (299.0702414201 -25.5162701010)
continue (313.7971851264 -25.5262211654)
continue (329.2149658986 -25.5361070110)
continue (345.3077020111 -25.5457651043)
continue (362.3328133627 -25.5553307691)
continue (380.1698062608 -25.5647928968)
continue (398.8039499375 -25.5738141748)
continue (418.3962468353 -25.5825283068)
continue (438.9532878647 -25.5910819792)
continue (460.4684313326 -25.5992893632)
continue (483.1744568437 -25.6071272546)
continue (506.8225948872 -25.6147513176)
continue (531.6610417778 -25.6219656775)
continue (557.6909581439 -25.6289321377)
continue (585.2710504863 -25.6356366454)
continue (614.0613380102 -25.6424462803)
continue (644.0049650934 -25.6495581435)
continue (675.5129915546 -25.6567884098)
continue (709.1572183714 -25.6645420993)
continue (743.8914494753 -25.6726410656)
continue (780.1943712390 -25.6811022854)
continue (818.7484506803 -25.6901569953)
continue (858.8756132019 -25.6996219351)
continue (901.3521519359 -25.7097427306)
continue (945.2977444058 -25.7205612117)
continue (991.6933568475 -25.7321245807)
continue (1040.3779262555 -25.7444862872)
continue (1091.4684700050 -25.7577070950)
continue (1145.0955335602 -25.7715996413)
continue (1201.4067575573 -25.7864822430)
continue (1260.3969925411 -25.8021683067)
continue (1322.2098456285 -25.8187282284)
continue (1387.2233606442 -25.8359447081)
continue (1455.2331932405 -25.8541822855)
continue (1526.6661511261 -25.8735438866)
continue (1601.8052831907 -25.8931294555)
continue (1680.3743787704 -25.9139962944)
continue (1762.9464608381 -25.9351677803)
continue (1849.5372957321 -25.9570309266)
continue (1940.5175161993 -25.9796387174)
continue (2035.8959463968 -26.0025699262)
continue (2135.6152463257 -26.0261335502)
continue (2240.6368960098 -26.0502197916)
continue (2350.4437080402 -26.0747910786)
continue (2466.2165780979 -26.0997967870)
continue (2587.3566882657 -26.1250545639)
continue (2714.5279285290 -26.1507649087)
continue (2847.7094550225 -26.1768519402)
continue (2987.7607396957 -26.2032869367)
continue (3133.6555213452 -26.2300321987)
continue (3288.5854406611 -26.2571178286)
continue (3449.1560393913 -26.2844980547)
continue (3619.0112216330 -26.3123818704)
continue (3796.9459400300 -26.3405592181)
continue (3982.8104266049 -26.3690638809)
continue (4178.2073617936 -26.3979400087)
continue (4383.1987763694 -26.4271283978)
continue (4600.0354649530 -26.4566770994)
continue (4826.6261949533 -26.4866492012)
continue (5062.5945867066 -26.5168407903)
continue (5310.4139021398 -26.5472937735)
continue (5573.4986275669 -26.5780671867)
continue (5845.2022168518 -26.6090648929)
continue (6132.3487591332 -26.6403542073)
continue (6435.5015932711 -26.6720283764)
continue (6750.1261156088 -26.7039933307)
continue (7080.5518695197 -26.7358908437)
continue (7426.7891247530 -26.7682756167)
continue (7795.2696801299 -26.8007935208)
continue (8180.1348797773 -26.8335698862)
continue (8580.6687910282 -26.8664610916)
continue (8995.7258204066 -26.8999742699)
continue (9442.2031458625 -26.9333014496)
continue (9905.0763652956 -26.9669785553)
continue (10391.9149915291 -27.0006084383)
continue (10902.9316296625 -27.0346571644)
continue (11438.0196511509 -27.0691018856)
continue (11999.8291494231 -27.1038045895)
continue (12588.2998426190 -27.1387643814)
continue (13206.7684870607 -27.1740548568)
continue (13855.3599757821 -27.2097852298)
continue (14536.0827182516 -27.2460341341)
continue (15251.3309725053 -27.2826624173)
continue (15998.3677248453 -27.3199365725)
continue (16785.1726949197 -27.3578323656)
continue (17609.0246494143 -27.3963144504)
continue (18476.6225792212 -27.4355706730)
continue (19380.4131349892 -27.4756038779)
continue (20336.2424817494 -27.5162701010)
continue (21331.1569664605 -27.5576770443)
continue (22378.8562280744 -27.5999803649)
continue (23480.2119455602 -27.6430185990)
continue (24635.4967722950 -27.6871881738)
continue (25844.2151334995 -27.7321245807)
continue (27112.9730915558 -27.7780644002)
continue (28441.5426219473 -27.8250684065)
continue (29838.4749707659 -27.8732194230)
continue (31304.2605842388 -27.9226320947)
continue (32838.4513732321 -27.9730583720)
continue (34452.4395314628 -28.0249820024)
continue (36147.0458392380 -28.0780015687)
continue (37922.0568292630 -28.1322379753)
continue (39793.3198955105 -28.1879561021)
continue (41743.7941185154 -28.2451931446)
continue (43789.8618744445 -28.3041682272)
continue (45953.9599398483 -28.3647173620)
continue (48189.6893499308 -28.4271283978)
continue (50569.7572479018 -28.4912010346)
continue (53042.3181377876 -28.5568935433)
continue (55666.8922179103 -28.6243363860)
continue (58377.1316852781 -28.6935749724)
continue (61241.0635488703 -28.7649768405)
continue (64264.2472219458 -28.8383325876)
continue (67401.4072194668 -28.9132843361)
continue (70750.5454663968 -28.9909742579)
continue (74207.4125087289 -29.0702746216)
continue (77819.5581218780 -29.1519957285)
continue (81654.7513984938 -29.2359733923)
continue (85725.9666610716 -29.3223930473)
continue (89868.5429592890 -29.4111682744)
continue (94314.5338032696 -29.5023793502)
continue (98943.2166783052 -29.5963648102)
continue (103800.7774925608 -29.6922900766)
continue (108899.0231366146 -29.7907531512)
continue (114251.1315956859 -29.8914349763)
continue (119856.2443255545 -29.9935339578)
continue (125744.0355467353 -30.0963132683)
continue (131933.8389470379 -30.2003149091)
continue (138406.2918601444 -30.3042557248)
continue (145198.6975154861 -30.4072682336)
continue (152334.8421275812 -30.5089185866)
continue (159815.3324460174 -30.6080069277)
continue (167666.4260546809 -30.7033348097)
continue (175886.3203256497 -30.7926349625)
continue (184541.7224801926 -30.8751698506)
continue (193598.2633539815 -30.9511699135)
continue (203090.4893263185 -31.0192242260)
continue (213112.0265685666 -31.0796679285)
continue (223568.9464198211 -31.1327093301)
continue (234560.3669516579 -31.1790108236)
continue (246022.4151207319 -31.2201871368)
continue (258149.2990388642 -31.2569608452)
continue (270807.4370303688 -31.2907300390)
continue (284149.3687580888 -31.3233978304)
continue (298091.9285597615 -31.3561526897)
continue (312720.3245048699 -31.3888079391)
continue (328029.8868276425 -31.4214753947)
continue (344134.0731144981 -31.4541982428)
continue (361040.8183863672 -31.4869156395)
continue (378747.7246912680 -31.5195618528)
continue (397412.5711326607 -31.5522219907)
continue (416865.0620343966 -31.5850266520)
continue (437478.1687984592 -31.6176226965)
continue (458845.4308193308 -31.6503340159)
continue (481387.7578484896 -31.6829818990)
continue (505136.9321547621 -31.7157949323)
continue (529806.4102367389 -31.7483617796)
continue (555989.6434455100 -31.7812020019)
continue (583397.5836153590 -31.8138916202)
continue (611999.3456059039 -31.8464900107)
continue (3672982.7714921040 -32.9222688203)
continue (3709712.5992070250 -50.0000000000)
continue (7354000.0000000000 -50.0000000000)
f(nu) = -22.0006209427 at 1.0000000000 Ryd
