# Haardt & Madau (2011)
# z = 10.220185
# E [Ryd] log (J_nu)
interpolate (0.0000000100 -50.0000000000)
continue (0.0090035365 -50.0000000000)
continue (0.0090944813 -21.4637555344)
continue (0.0095460614 -21.4253673734)
continue (0.0100150239 -21.3870468520)
continue (0.0105069414 -21.3485349048)
continue (0.0110229470 -21.3097435607)
continue (0.0115643024 -21.2708567970)
continue (0.0121324328 -21.2320466653)
continue (0.0127271931 -21.1934346709)
continue (0.0133518978 -21.1552088138)
continue (0.0140087168 -21.1173339246)
continue (0.0146954850 -21.0798876139)
continue (0.0154190698 -21.0425329664)
continue (0.0161744236 -21.0054689476)
continue (0.0169695908 -20.9683650403)
continue (0.0178051392 -20.9304097926)
continue (0.0186773319 -20.8923302689)
continue (0.0195971403 -20.8533843728)
continue (0.0205564409 -20.8142015104)
continue (0.0215684503 -20.7776007102)
continue (0.0226289304 -20.7423979088)
continue (0.0237370937 -20.7063770862)
continue (0.0249048108 -20.6712443866)
continue (0.0261257748 -20.6375040896)
continue (0.0274065271 -20.6039957287)
continue (0.0287556651 -20.5695311160)
continue (0.0301644166 -20.5344355201)
continue (0.0316522065 -20.4998923806)
continue (0.0332094397 -20.4675797904)
continue (0.0348343664 -20.4350529844)
continue (0.0365530295 -20.4008616167)
continue (0.0383368543 -20.3679516515)
continue (0.0402325398 -20.3373612050)
continue (0.0422078289 -20.3082588777)
continue (0.0442792529 -20.2810238696)
continue (0.0464458219 -20.2565024265)
continue (0.0487308570 -20.2331719584)
continue (0.0511373191 -20.2121714526)
continue (0.0536354930 -20.1952913223)
continue (0.0562510510 -20.1806093628)
continue (0.0590198851 -20.1656804644)
continue (0.0619488121 -20.1496936015)
continue (0.0649513204 -20.1328026053)
continue (0.0681575935 -20.1144890092)
continue (0.0715280240 -20.0953159398)
continue (0.0750014013 -20.0764658666)
continue (0.0786931801 -20.0585646647)
continue (0.0825423030 -20.0419553228)
continue (0.0866223408 -20.0273046192)
continue (0.0908541401 -20.0135569249)
continue (0.0953507404 -19.9974458150)
continue (0.1000293113 -19.9842937287)
continue (0.1049484079 -19.9752107743)
continue (0.1100962940 -19.9633405802)
continue (0.1155110946 -19.9520510253)
continue (0.1211791257 -19.9417911664)
continue (0.1271298864 -19.9323109979)
continue (0.1333821759 -19.9228357854)
continue (0.1399365826 -19.9121378515)
continue (0.1467891472 -19.8997770635)
continue (0.1540082856 -19.8859266218)
continue (0.1615721677 -19.8726431779)
continue (0.1695065152 -19.8613104198)
continue (0.1778429012 -19.8520376221)
continue (0.1865821101 -19.8409789056)
continue (0.1957188629 -19.8327177774)
continue (0.2053328133 -19.8334993639)
continue (0.2154295569 -19.8418033012)
continue (0.2260086869 -19.8601338685)
continue (0.2371238682 -19.8820674432)
continue (0.2487761468 -19.8822486257)
continue (0.2609584839 -19.8635020529)
continue (0.2738182168 -19.8450601885)
continue (0.2872846865 -19.8280105377)
continue (0.3013449159 -19.8127080867)
continue (0.3161925835 -19.7985706698)
continue (0.3317317166 -19.7837002857)
continue (0.3479446451 -19.7684402802)
continue (0.3650909558 -19.7529588852)
continue (0.3830462487 -19.7372972579)
continue (0.4017932212 -19.7234334670)
continue (0.4214926113 -19.7109140600)
continue (0.4421479988 -19.6959288115)
continue (0.4639852473 -19.6801712935)
continue (0.4867879410 -19.6701841769)
continue (0.5105137398 -19.6477539189)
continue (0.5357242949 -19.6244041736)
continue (0.5621634951 -19.6129198959)
continue (0.5898168451 -19.6050941713)
continue (0.6186469963 -19.6109745107)
continue (0.6490505880 -19.6281471156)
continue (0.6810665363 -19.6445839909)
continue (0.7141591110 -19.6604348732)
continue (0.7493972250 -19.6484246991)
continue (0.7494721647 -19.8587191351)
continue (0.7862528262 -19.9243879383)
continue (0.8246760413 -20.1016602013)
continue (0.8288691440 -20.1285533997)
continue (0.8329223494 -20.1573540221)
continue (0.8369692640 -20.1883652288)
continue (0.8410246471 -20.2219457968)
continue (0.8450724969 -20.2585477402)
continue (0.8491278496 -20.2983753824)
continue (0.8531743819 -20.3424875879)
continue (0.8572274097 -20.3923663234)
continue (0.8612784258 -20.4496157027)
continue (0.8654007841 -20.5166032854)
continue (0.8695793897 -20.6035896717)
continue (0.8738320602 -20.7131129460)
continue (0.8780757618 -20.8608963837)
continue (0.8823267095 -21.0883227390)
continue (0.8865758872 -21.6000773583)
continue (0.8881744889 -50.0000000000)
continue (0.8882633063 -20.2841416980)
continue (0.8908313543 -20.3065480342)
continue (0.8950839085 -20.3482888658)
continue (0.8993328783 -20.3937806838)
continue (0.9035775804 -20.4448027637)
continue (0.9076364797 -20.5028504235)
continue (0.9122887891 -20.5778116708)
continue (0.9167473412 -20.6669900045)
continue (0.9212068475 -20.7775610799)
continue (0.9256657564 -20.9238986060)
continue (0.9301243670 -21.1425140402)
continue (0.9345830023 -21.5938025899)
continue (0.9370355019 -50.0000000000)
continue (0.9371292055 -20.7384969726)
continue (0.9390420102 -20.7804800218)
continue (0.9435007865 -20.8906212791)
continue (0.9479597018 -21.0355588900)
continue (0.9524111890 -21.2499293786)
continue (0.9531314168 -21.3023773490)
continue (0.9538447474 -21.3601531405)
continue (0.9545581467 -21.4247234851)
continue (0.9552716124 -21.4982037735)
continue (0.9559851426 -21.5838730633)
continue (0.9566987351 -21.6872279627)
continue (0.9574113820 -21.8185650199)
continue (0.9581250913 -22.0010128320)
continue (0.9588388566 -22.3083528167)
continue (0.9595314579 -50.0000000000)
continue (0.9596274111 -21.1984057216)
continue (0.9607717508 -21.2561329825)
continue (0.9619918963 -21.3191144473)
continue (0.9632120904 -21.3888116203)
continue (0.9644323218 -21.4673385861)
continue (0.9656525788 -21.5579761464)
continue (0.9668728501 -21.6662171223)
continue (0.9680931239 -21.8023643336)
continue (0.9693133886 -21.9895416902)
continue (0.9705336324 -22.3015331719)
continue (0.9717072143 -46.9976588956)
continue (0.9718043851 -21.6004513622)
continue (0.9724932560 -21.6532427466)
continue (0.9732327551 -21.7113331775)
continue (0.9739723387 -21.7762203356)
continue (0.9747120047 -21.8500172647)
continue (0.9754507067 -21.9360045802)
continue (0.9761905291 -22.0396781988)
continue (0.9769304274 -22.1713364360)
continue (0.9776693502 -22.3541030894)
continue (0.9784093917 -22.6617648274)
continue (0.9791200447 -42.4677686801)
continue (0.9792179567 -21.9032886666)
continue (0.9796263306 -21.9535335513)
continue (0.9801046776 -22.0090962899)
continue (0.9805824369 -22.0714801077)
continue (0.9810606622 -22.1428015671)
continue (0.9815393541 -22.2263397885)
continue (0.9820174552 -22.3275881574)
continue (0.9824949629 -22.4568480328)
continue (0.9829729353 -22.6372427918)
continue (0.9834513729 -22.9425595517)
continue (0.9838771600 -36.9534042761)
continue (0.9839755477 -22.1463118501)
continue (0.9842533484 -22.1950246096)
continue (0.9845776963 -22.2491395726)
continue (0.9849011935 -22.3100860426)
continue (0.9852259686 -22.3799796812)
continue (0.9855498921 -22.4620990590)
continue (0.9858740286 -22.5619391512)
continue (0.9861983784 -22.6898002501)
continue (0.9865229417 -22.8688071708)
continue (0.9868466500 -23.1727424610)
continue (0.9871812649 -33.3778892964)
continue (0.9872799830 -22.3359511809)
continue (0.9874069640 -22.3838375966)
continue (0.9876424000 -22.4371364424)
continue (0.9878790193 -22.4972692209)
continue (0.9881146805 -22.5663533445)
continue (0.9883504542 -22.6476675325)
continue (0.9885863405 -22.7467048602)
continue (0.9888223393 -22.8737683996)
continue (0.9890584509 -23.0519799082)
continue (0.9892936012 -23.3551246952)
continue (0.9895396087 -30.2614628761)
continue (0.9896385626 -21.8213965496)
continue (0.9991963000 -23.4435887708)
continue (1.0439535177 -23.5986975130)
continue (1.0951412398 -23.6889689363)
continue (1.1489938540 -23.7446048262)
continue (1.2053796635 -23.7805819115)
continue (1.2645948177 -23.7919785717)
continue (1.3266371024 -23.8015623040)
continue (1.3918848719 -23.7870313760)
continue (1.4601298279 -23.7603992419)
continue (1.5320561964 -23.7436169776)
continue (1.6071728847 -23.7100136175)
continue (1.6862824308 -23.8112446270)
continue (1.7691070192 -23.8096759783)
continue (1.8559409890 -23.9383551800)
continue (1.9471517641 -23.9118411232)
continue (2.0427415952 -23.8801011549)
continue (2.1431491665 -23.8705323205)
continue (2.2483765744 -23.8399928570)
continue (2.3583515155 -23.8568690883)
continue (2.4742520380 -23.8127252368)
continue (2.5962023522 -23.8289979322)
continue (2.7234519594 -23.8101348553)
continue (2.8575322220 -23.7964159059)
continue (2.9975889000 -23.7745997163)
continue (2.9978886589 -23.9492088083)
continue (3.1444686874 -23.7522221190)
continue (3.2993013237 -23.7670038688)
continue (3.3154826074 -23.7515741224)
continue (3.3316772167 -23.7556150970)
continue (3.3478832060 -23.7596346582)
continue (3.3640861692 -23.7636318537)
continue (3.3802962572 -23.7676096324)
continue (3.3964987387 -23.7673271282)
continue (3.4127039181 -23.7637581909)
continue (3.4289096388 -23.7603078114)
continue (3.4451137031 -23.7569971482)
continue (3.4609457866 -23.7539370487)
continue (3.4783175587 -23.7427467679)
continue (3.4953148337 -23.7510610055)
continue (3.5123165848 -23.7594554005)
continue (3.5293205071 -23.7698516653)
continue (3.5463242500 -23.8631786184)
continue (3.5540835632 -50.0000000000)
continue (3.5544389716 -23.8526270539)
continue (3.5633254174 -23.8612552404)
continue (3.5803215672 -23.8732582461)
continue (3.5973244128 -23.8811784172)
continue (3.6143174892 -23.8891636632)
continue (3.6319929279 -23.8972592149)
continue (3.6491551562 -23.8939786911)
continue (3.6669967430 -23.9100811076)
continue (3.6848199399 -23.9261920849)
continue (3.7026667870 -23.9424015791)
continue (3.7204898731 -23.9610103072)
continue (3.7383320094 -24.0461927441)
continue (3.7485274603 -50.0000000000)
continue (3.7489023131 -24.0302482215)
continue (3.7561602994 -24.0391669792)
continue (3.7740031459 -24.0610354373)
continue (3.7918427517 -24.0881334543)
continue (3.8096447559 -24.1313691027)
continue (3.8125296550 -24.1946705161)
continue (3.8153869771 -24.2587727851)
continue (3.8182325867 -24.3241611116)
continue (3.8210824441 -24.3917349942)
continue (3.8239365589 -24.4632854319)
continue (3.8267949406 -24.5425505881)
continue (3.8296415044 -24.6378681948)
continue (3.8324923062 -24.7703721313)
continue (3.8353473554 -25.0121242843)
continue (3.8385300152 -50.0000000000)
continue (3.8389138682 -24.7108735522)
continue (3.8430951071 -24.8143924654)
continue (3.8479635231 -24.9184544818)
continue (3.8528442893 -25.0232510652)
continue (3.8577374527 -25.1290724052)
continue (3.8626103154 -25.2365347311)
continue (3.8674955038 -25.3472088309)
continue (3.8723766094 -25.4657135490)
continue (3.8772535543 -25.6074366965)
continue (3.8821262604 -25.8370890528)
continue (3.8876579591 -50.0000000000)
continue (3.8880467249 -25.7311723121)
continue (3.8899647214 -25.7956027680)
continue (3.8929227052 -25.8609085631)
continue (3.8958851910 -25.9275311165)
continue (3.8988521891 -25.9963712801)
continue (3.9018070032 -26.0692255860)
continue (3.9047662995 -26.1498333086)
continue (3.9077133308 -26.2465453759)
continue (3.9106815965 -26.3805087952)
continue (3.9136375668 -26.6238014565)
continue (3.9160594139 -50.0000000000)
continue (3.9164510198 -26.3543258065)
continue (3.9185011099 -26.3994869247)
continue (3.9204229271 -26.4465065758)
continue (3.9223297476 -26.4963755080)
continue (3.9242384239 -26.5507056373)
continue (3.9261489587 -26.6122490204)
continue (3.9280613547 -26.6859760418)
continue (3.9299756146 -26.7816928611)
continue (3.9318917412 -26.9221004629)
continue (3.9338097371 -27.1806732337)
continue (3.9363586419 -50.0000000000)
continue (3.9367522778 -26.7713405875)
continue (3.9370218983 -26.8083848334)
continue (3.9383150403 -26.8485632777)
continue (3.9396090321 -26.8931567059)
continue (3.9409038745 -26.9441191972)
continue (3.9421995683 -27.0045828850)
continue (3.9434961144 -27.0799045695)
continue (3.9447935136 -27.1802690258)
continue (3.9460917668 -27.3287100452)
continue (3.9473908747 -27.5989546055)
continue (3.9482973380 -50.0000000000)
continue (3.9486921677 -27.0714423260)
continue (3.9496321357 -27.1065094975)
continue (3.9505738819 -27.1454724432)
continue (3.9515160773 -27.1898237478)
continue (3.9524587222 -27.2416279608)
continue (3.9534018169 -27.3041184708)
continue (3.9543453619 -27.3827500127)
continue (3.9552893573 -27.4877913848)
continue (3.9562338035 -27.6423430169)
continue (3.9571787009 -27.9201759378)
continue (3.9585882954 -50.0000000000)
continue (3.9589841543 -27.1661038684)
continue (3.9967852000 -29.9226646861)
continue (3.9971848786 -29.9226646861)
continue (4.1935896254 -30.7538152298)
continue (4.3980068803 -31.4041682872)
continue (4.6140102562 -31.6207987082)
continue (4.8420139512 -31.6286642142)
continue (5.0795263412 -31.6046355064)
continue (5.3290469334 -31.5770124702)
continue (5.5905952491 -31.5487688954)
continue (5.8640091738 -31.5132199240)
continue (6.1530521648 -31.4757611295)
continue (6.4537324760 -31.4380190806)
continue (6.7752195212 -31.3987154147)
continue (7.1026268559 -31.3588472600)
continue (7.4571769690 -31.3167024436)
continue (7.8220345546 -31.2704885338)
continue (8.2022234528 -31.2213572958)
continue (8.6049766346 -31.1613877466)
continue (9.0313877662 -31.0929316456)
continue (9.4736149871 -31.0158757397)
continue (9.9396490577 -30.9241340470)
continue (10.4275892620 -30.8288723451)
continue (10.9395801393 -30.7286682073)
continue (11.4769146802 -30.6179357310)
continue (12.0410547781 -30.5050812998)
continue (12.6319243916 -30.3940280095)
continue (13.2528654102 -30.2877710054)
continue (13.9039826916 -30.1854979604)
continue (14.5849395904 -30.0812809146)
continue (15.3025529069 -29.9796535613)
continue (16.0547397041 -29.8824887757)
continue (16.8410095289 -29.7846105917)
continue (17.6704872136 -29.6873465663)
continue (18.5367580473 -29.5947959146)
continue (19.4465861205 -29.5068323437)
continue (20.4045460279 -29.4232429663)
continue (21.4063196055 -29.3554565240)
continue (22.4560627306 -29.2840387734)
continue (23.5591268254 -29.1984280056)
continue (24.7156773965 -29.1207602955)
continue (25.9324708482 -29.0462013325)
continue (27.2020007644 -28.9684087992)
continue (28.5395247606 -28.8983130771)
continue (29.9463366943 -28.8363217624)
continue (31.4121691006 -28.7702805186)
continue (32.9572161160 -28.7024452526)
continue (34.5700692567 -28.6325379385)
continue (36.2765535672 -28.5718511061)
continue (38.0487275828 -28.5178115878)
continue (39.9153318269 -28.4884066953)
continue (41.8780802209 -28.4445047040)
continue (43.9376579367 -28.3807392554)
continue (46.0934256756 -28.3196673023)
continue (48.3687380896 -28.2585480613)
continue (50.7386985305 -28.1960676306)
continue (53.2282141126 -28.1400603645)
continue (55.8374402946 -28.0870931584)
continue (58.6023810680 -28.0263399258)
continue (61.4475404995 -27.9693821214)
continue (64.4916507861 -27.9170446529)
continue (67.6515980406 -27.8593185903)
continue (70.9709521501 -27.8013240590)
continue (74.4499203927 -27.7439196631)
continue (78.0862918258 -27.6885921926)
continue (81.9484735258 -27.6343897927)
continue (85.9685873214 -27.5760818288)
continue (90.2244579809 -27.5179798180)
continue (94.6279362001 -27.4602954361)
continue (99.2773750525 -27.4047827307)
continue (104.1567065501 -27.3506694123)
continue (109.2777342136 -27.2976476042)
continue (114.6392031208 -27.2428073731)
continue (120.2675235063 -27.1875414446)
continue (126.1793167554 -27.1332908501)
continue (132.3746405589 -27.0815744550)
continue (138.8703178310 -27.0318079595)
continue (145.6861751570 -26.9773285778)
continue (152.8458613900 -26.9236253771)
continue (160.3496437810 -26.8718401408)
continue (168.2235602007 -26.8225428043)
continue (176.4995207451 -26.7762820831)
continue (185.1792370671 -26.7323347910)
continue (194.2585857189 -26.6858636702)
continue (203.8172725581 -26.6405894717)
continue (213.8120660740 -26.6016137847)
continue (224.3394942411 -26.5622227957)
continue (235.3478888448 -26.5228712037)
continue (246.8889259299 -26.4865295732)
continue (259.0298537826 -26.4477277976)
continue (271.6955949932 -26.4083297978)
continue (285.0381687855 -26.3758660314)
continue (299.0702414201 -26.3465519879)
continue (313.7971851264 -26.3172336303)
continue (329.2149658986 -26.2888916565)
continue (345.3077020111 -26.2623489188)
continue (362.3328133627 -26.2388387469)
continue (380.1698062608 -26.2181528029)
continue (398.8039499375 -26.2004119369)
continue (418.3962468353 -26.1857389113)
continue (438.9532878647 -26.1743065518)
continue (460.4684313326 -26.1668451586)
continue (483.1744568437 -26.1648854238)
continue (506.8225948872 -26.1667599222)
continue (531.6610417778 -26.1692431537)
continue (557.6909581439 -26.1678851141)
continue (585.2710504863 -26.1639709317)
continue (614.0613380102 -26.1620519569)
continue (644.0049650934 -26.1607639690)
continue (675.5129915546 -26.1600138228)
continue (709.1572183714 -26.1610923618)
continue (743.8914494753 -26.1637241369)
continue (780.1943712390 -26.1670642753)
continue (818.7484506803 -26.1703312085)
continue (858.8756132019 -26.1732634964)
continue (901.3521519359 -26.1762041223)
continue (945.2977444058 -26.1791650036)
continue (991.6933568475 -26.1823388740)
continue (1040.3779262555 -26.1856331845)
continue (1091.4684700050 -26.1888183150)
continue (1145.0955335602 -26.1919657711)
continue (1201.4067575573 -26.1957570538)
continue (1260.3969925411 -26.2003025973)
continue (1322.2098456285 -26.2057159356)
continue (1387.2233606442 -26.2122604985)
continue (1455.2331932405 -26.2203878184)
continue (1526.6661511261 -26.2302197552)
continue (1601.8052831907 -26.2422165450)
continue (1680.3743787704 -26.2552230614)
continue (1762.9464608381 -26.2691523582)
continue (1849.5372957321 -26.2842960255)
continue (1940.5175161993 -26.3009991263)
continue (2035.8959463968 -26.3184112004)
continue (2135.6152463257 -26.3365506515)
continue (2240.6368960098 -26.3562705642)
continue (2350.4437080402 -26.3774470239)
continue (2466.2165780979 -26.3993817866)
continue (2587.3566882657 -26.4210934856)
continue (2714.5279285290 -26.4428612954)
continue (2847.7094550225 -26.4660895446)
continue (2987.7607396957 -26.4899581551)
continue (3133.6555213452 -26.5139207662)
continue (3288.5854406611 -26.5374800274)
continue (3449.1560393913 -26.5610353258)
continue (3619.0112216330 -26.5854392244)
continue (3796.9459400300 -26.6104706112)
continue (3982.8104266049 -26.6361105914)
continue (4178.2073617936 -26.6620291582)
continue (4383.1987763694 -26.6880106380)
continue (4600.0354649530 -26.7142692925)
continue (4826.6261949533 -26.7413904445)
continue (5062.5945867066 -26.7687577615)
continue (5310.4139021398 -26.7963304792)
continue (5573.4986275669 -26.8244499212)
continue (5845.2022168518 -26.8527932171)
continue (6132.3487591332 -26.8806477317)
continue (6435.5015932711 -26.9096688822)
continue (6750.1261156088 -26.9400107721)
continue (7080.5518695197 -26.9699657521)
continue (7426.7891247530 -26.9997851533)
continue (7795.2696801299 -27.0298001578)
continue (8180.1348797773 -27.0600922297)
continue (8580.6687910282 -27.0911649739)
continue (8995.7258204066 -27.1240483779)
continue (9442.2031458625 -27.1569841496)
continue (9905.0763652956 -27.1889290700)
continue (10391.9149915291 -27.2205289901)
continue (10902.9316296625 -27.2527219525)
continue (11438.0196511509 -27.2863526262)
continue (11999.8291494231 -27.3196907140)
continue (12588.2998426190 -27.3522443419)
continue (13206.7684870607 -27.3849448239)
continue (13855.3599757821 -27.4176727403)
continue (14536.0827182516 -27.4504596512)
continue (15251.3309725053 -27.4830652838)
continue (15998.3677248453 -27.5155085905)
continue (16785.1726949197 -27.5482452109)
continue (17609.0246494143 -27.5812324530)
continue (18476.6225792212 -27.6152166338)
continue (19380.4131349892 -27.6507033286)
continue (20336.2424817494 -27.6865934895)
continue (21331.1569664605 -27.7223430195)
continue (22378.8562280744 -27.7582995819)
continue (23480.2119455602 -27.7946346825)
continue (24635.4967722950 -27.8324810334)
continue (25844.2151334995 -27.8710248167)
continue (27112.9730915558 -27.9102898703)
continue (28441.5426219473 -27.9495312945)
continue (29838.4749707659 -27.9893233061)
continue (31304.2605842388 -28.0303782741)
continue (32838.4513732321 -28.0734121609)
continue (34452.4395314628 -28.1175281540)
continue (36147.0458392380 -28.1618219818)
continue (37922.0568292630 -28.2061618693)
continue (39793.3198955105 -28.2510479665)
continue (41743.7941185154 -28.2977071104)
continue (43789.8618744445 -28.3458994295)
continue (45953.9599398483 -28.3961164997)
continue (48189.6893499308 -28.4485858352)
continue (50569.7572479018 -28.5026770260)
continue (53042.3181377876 -28.5581793431)
continue (55666.8922179103 -28.6150268465)
continue (58377.1316852781 -28.6734738629)
continue (61241.0635488703 -28.7342170807)
continue (64264.2472219458 -28.7964352515)
continue (67401.4072194668 -28.8604489282)
continue (70750.5454663968 -28.9262064265)
continue (74207.4125087289 -28.9939095621)
continue (77819.5581218780 -29.0637697808)
continue (81654.7513984938 -29.1361344704)
continue (85725.9666610716 -29.2108694678)
continue (89868.5429592890 -29.2883204936)
continue (94314.5338032696 -29.3683599637)
continue (98943.2166783052 -29.4521499616)
continue (103800.7774925608 -29.5393258073)
continue (108899.0231366146 -29.6296592645)
continue (114251.1315956859 -29.7253458341)
continue (119856.2443255545 -29.8239787174)
continue (125744.0355467353 -29.9245353162)
continue (131933.8389470379 -30.0299835702)
continue (138406.2918601444 -30.1381000202)
continue (145198.6975154861 -30.2499988329)
continue (152334.8421275812 -30.3673113230)
continue (159815.3324460174 -30.4889354714)
continue (167666.4260546809 -30.6166579156)
continue (175886.3203256497 -30.7479709424)
continue (184541.7224801926 -30.8828371583)
continue (193598.2633539815 -31.0280545046)
continue (203090.4893263185 -31.1796551132)
continue (213112.0265685666 -31.3406558864)
continue (223568.9464198211 -31.5136465714)
continue (234560.3669516579 -31.7001951572)
continue (246022.4151207319 -31.9203358214)
continue (258149.2990388642 -32.1992666463)
continue (270807.4370303688 -32.6660006781)
continue (284149.3687580888 -34.0671548612)
continue (298091.9285597615 -34.0998595600)
continue (312720.3245048699 -34.1326550572)
continue (328029.8868276425 -34.1653068557)
continue (344134.0731144981 -34.1980062385)
continue (361040.8183863672 -34.2306893505)
continue (378747.7246912680 -34.2634153700)
continue (397412.5711326607 -34.2961155701)
continue (416865.0620343966 -34.3287891067)
continue (437478.1687984592 -34.3614807163)
continue (458845.4308193308 -34.3941920601)
continue (481387.7578484896 -34.4268940056)
continue (505136.9321547621 -34.4595638114)
continue (529806.4102367389 -34.4922040330)
continue (555989.6434455100 -34.5249017440)
continue (583397.5836153590 -34.5576537541)
continue (611999.3456059039 -34.5902849332)
continue (3672982.7714921040 -35.6659166609)
continue (3709712.5992070250 -50.0000000000)
continue (7354000.0000000000 -50.0000000000)
f(nu) = -22.3472249564 at 1.0000000000 Ryd
