# Haardt & Madau (2011)
# z = 1.511886
# E [Ryd] log (J_nu)
interpolate (0.0000000100 -50.0000000000)
continue (0.0090035365 -50.0000000000)
continue (0.0090944813 -19.2639329679)
continue (0.0095460614 -19.2646672104)
continue (0.0100150239 -19.2630892847)
continue (0.0105069414 -19.2589718061)
continue (0.0110229470 -19.2522621565)
continue (0.0115643024 -19.2431849301)
continue (0.0121324328 -19.2321697543)
continue (0.0127271931 -19.2191774142)
continue (0.0133518978 -19.2041243418)
continue (0.0140087168 -19.1876318515)
continue (0.0146954850 -19.1698260044)
continue (0.0154190698 -19.1509355040)
continue (0.0161744236 -19.1305271648)
continue (0.0169695908 -19.1079386384)
continue (0.0178051392 -19.0833407329)
continue (0.0186773319 -19.0576437108)
continue (0.0195971403 -19.0312675685)
continue (0.0205564409 -19.0054425575)
continue (0.0215684503 -18.9829266320)
continue (0.0226289304 -18.9603149403)
continue (0.0237370937 -18.9346925785)
continue (0.0249048108 -18.9101447720)
continue (0.0261257748 -18.8889237025)
continue (0.0274065271 -18.8661310955)
continue (0.0287556651 -18.8401834312)
continue (0.0301644166 -18.8135975912)
continue (0.0316522065 -18.7909547181)
continue (0.0332094397 -18.7744210541)
continue (0.0348343664 -18.7559592218)
continue (0.0365530295 -18.7317341542)
continue (0.0383368543 -18.7105702280)
continue (0.0402325398 -18.6960055715)
continue (0.0422078289 -18.6848033755)
continue (0.0442792529 -18.6765134638)
continue (0.0464458219 -18.6708561549)
continue (0.0487308570 -18.6676896896)
continue (0.0511373191 -18.6685355632)
continue (0.0536354930 -18.6745681102)
continue (0.0562510510 -18.6813107301)
continue (0.0590198851 -18.6879048529)
continue (0.0619488121 -18.6928844073)
continue (0.0649513204 -18.6974888498)
continue (0.0681575935 -18.7025805023)
continue (0.0715280240 -18.7076878228)
continue (0.0750014013 -18.7133957467)
continue (0.0786931801 -18.7204546100)
continue (0.0825423030 -18.7280946518)
continue (0.0866223408 -18.7364403469)
continue (0.0908541401 -18.7470301664)
continue (0.0953507404 -18.7576864447)
continue (0.1000293113 -18.7699388866)
continue (0.1049484079 -18.7830213380)
continue (0.1100962940 -18.7959672673)
continue (0.1155110946 -18.8093115010)
continue (0.1211791257 -18.8236577493)
continue (0.1271298864 -18.8387943670)
continue (0.1333821759 -18.8541678704)
continue (0.1399365826 -18.8720432479)
continue (0.1467891472 -18.8913631705)
continue (0.1540082856 -18.9127877535)
continue (0.1615721677 -18.9367515339)
continue (0.1695065152 -18.9629914881)
continue (0.1778429012 -18.9910034221)
continue (0.1865821101 -19.0189970529)
continue (0.1957188629 -19.0510133485)
continue (0.2053328133 -19.0880145692)
continue (0.2154295569 -19.1261326621)
continue (0.2260086869 -19.1670861832)
continue (0.2371238682 -19.2015785884)
continue (0.2487761468 -19.2189271610)
continue (0.2609584839 -19.2279099189)
continue (0.2738182168 -19.2359447013)
continue (0.2872846865 -19.2433549235)
continue (0.3013449159 -19.2502126841)
continue (0.3161925835 -19.2563958618)
continue (0.3317317166 -19.2607330386)
continue (0.3479446451 -19.2642197006)
continue (0.3650909558 -19.2678375597)
continue (0.3830462487 -19.2723961369)
continue (0.4017932212 -19.2801202528)
continue (0.4214926113 -19.2911814825)
continue (0.4421479988 -19.3037767148)
continue (0.4639852473 -19.3186636369)
continue (0.4867879410 -19.3378496103)
continue (0.5105137398 -19.3617898006)
continue (0.5357242949 -19.3906095835)
continue (0.5621634951 -19.4244570402)
continue (0.5898168451 -19.4616909411)
continue (0.6186469963 -19.5078307303)
continue (0.6490505880 -19.5583241401)
continue (0.6810665363 -19.6164077078)
continue (0.7141591110 -19.6897216209)
continue (0.7493972250 -19.7537584592)
continue (0.7494721647 -19.9090219736)
continue (0.7862528262 -20.0010517966)
continue (0.8246760413 -20.1422567440)
continue (0.8288691440 -20.1672568381)
continue (0.8329223494 -20.1860122305)
continue (0.8369692640 -20.2049593510)
continue (0.8410246471 -20.2241241511)
continue (0.8450724969 -20.2435225670)
continue (0.8491278496 -20.2629142971)
continue (0.8531743819 -20.2816768467)
continue (0.8572274097 -20.2997094777)
continue (0.8612784258 -20.3183780210)
continue (0.8654007841 -20.3377237450)
continue (0.8695793897 -20.3699711519)
continue (0.8738320602 -20.3994281883)
continue (0.8780757618 -20.4261431385)
continue (0.8823267095 -20.4536078329)
continue (0.8865758872 -20.4819154561)
continue (0.8881744889 -20.4946480003)
continue (0.8882633063 -20.4848786154)
continue (0.8908313543 -20.5015337000)
continue (0.8950839085 -20.5302523369)
continue (0.8993328783 -20.5572603031)
continue (0.9035775804 -20.5850084102)
continue (0.9076364797 -20.6135365926)
continue (0.9122887891 -20.6649222598)
continue (0.9167473412 -20.7125928339)
continue (0.9212068475 -20.7563063827)
continue (0.9256657564 -20.8035783070)
continue (0.9301243670 -20.8552087532)
continue (0.9345830023 -20.9122029927)
continue (0.9370355019 -20.9464701507)
continue (0.9371292055 -20.9415341749)
continue (0.9390420102 -20.9646266209)
continue (0.9435007865 -21.0201431724)
continue (0.9479597018 -21.0819649305)
continue (0.9524111890 -21.1519583762)
continue (0.9531314168 -21.1658856740)
continue (0.9538447474 -21.1805374432)
continue (0.9545581467 -21.1949044912)
continue (0.9552716124 -21.2089841158)
continue (0.9559851426 -21.2227719949)
continue (0.9566987351 -21.2362657013)
continue (0.9574113820 -21.2494629008)
continue (0.9581250913 -21.2623609705)
continue (0.9588388566 -21.2749579141)
continue (0.9595314579 -21.2872724126)
continue (0.9596274111 -21.2841481659)
continue (0.9607717508 -21.3043210758)
continue (0.9619918963 -21.3236339333)
continue (0.9632120904 -21.3420559633)
continue (0.9644323218 -21.3595919439)
continue (0.9656525788 -21.3762508352)
continue (0.9668728501 -21.3920420480)
continue (0.9680931239 -21.4069821100)
continue (0.9693133886 -21.4210870916)
continue (0.9705336324 -21.4343767328)
continue (0.9717072143 -21.4469070584)
continue (0.9718043851 -21.4447079723)
continue (0.9724932560 -21.4518512621)
continue (0.9732327551 -21.4587453493)
continue (0.9739723387 -21.4653698638)
continue (0.9747120047 -21.4717306461)
continue (0.9754507067 -21.4778334727)
continue (0.9761905291 -21.4836861069)
continue (0.9769304274 -21.4892953273)
continue (0.9776693502 -21.4946660039)
continue (0.9784093917 -21.4998055418)
continue (0.9791200447 -21.5047560356)
continue (0.9792179567 -21.5030395574)
continue (0.9796263306 -21.5061207287)
continue (0.9801046776 -21.5090855855)
continue (0.9805824369 -21.5119630810)
continue (0.9810606622 -21.5147550608)
continue (0.9815393541 -21.5174631440)
continue (0.9820174552 -21.5200908520)
continue (0.9824949629 -21.5226388834)
continue (0.9829729353 -21.5251098267)
continue (0.9834513729 -21.5275028273)
continue (0.9838771600 -21.5298780011)
continue (0.9839755477 -21.5284994758)
continue (0.9842533484 -21.5300316465)
continue (0.9845776963 -21.5315271059)
continue (0.9849011935 -21.5329892626)
continue (0.9852259686 -21.5344210185)
continue (0.9855498921 -21.5358217728)
continue (0.9858740286 -21.5371914928)
continue (0.9861983784 -21.5385310866)
continue (0.9865229417 -21.5398408321)
continue (0.9868466500 -21.5411226078)
continue (0.9871812649 -21.5423710568)
continue (0.9872799830 -21.5412544504)
continue (0.9874069640 -21.5421675810)
continue (0.9876424000 -21.5430452484)
continue (0.9878790193 -21.5439073925)
continue (0.9881146805 -21.5447569637)
continue (0.9883504542 -21.5455908321)
continue (0.9885863405 -21.5464119623)
continue (0.9888223393 -21.5472187466)
continue (0.9890584509 -21.5480126368)
continue (0.9892936012 -21.5487923137)
continue (0.9895396087 -21.5496015511)
continue (0.9896385626 -21.5486490478)
continue (0.9991963000 -21.5706183114)
continue (1.0439535177 -21.6059467841)
continue (1.0951412398 -21.6404362194)
continue (1.1489938540 -21.6737435479)
continue (1.2053796635 -21.7066693067)
continue (1.2645948177 -21.7395740514)
continue (1.3266371024 -21.7718242589)
continue (1.3918848719 -21.8035582993)
continue (1.4601298279 -21.8353523028)
continue (1.5320561964 -21.8673507734)
continue (1.6071728847 -21.8991964824)
continue (1.6862824308 -21.9302202569)
continue (1.7691070192 -21.9606922978)
continue (1.8559409890 -21.9896294704)
continue (1.9471517641 -22.0166349103)
continue (2.0427415952 -22.0434052639)
continue (2.1431491665 -22.0700658009)
continue (2.2483765744 -22.0971256953)
continue (2.3583515155 -22.1245660590)
continue (2.4742520380 -22.1531970461)
continue (2.5962023522 -22.1838648024)
continue (2.7234519594 -22.2168224272)
continue (2.8575322220 -22.2530747164)
continue (2.9975889000 -22.2913197797)
continue (2.9978886589 -22.4036324297)
continue (3.1444686874 -22.4550948302)
continue (3.2993013237 -22.5114467848)
continue (3.3154826074 -22.5178011950)
continue (3.3316772167 -22.5234137784)
continue (3.3478832060 -22.5291795436)
continue (3.3640861692 -22.5350494676)
continue (3.3802962572 -22.5410408662)
continue (3.3964987387 -22.5471731340)
continue (3.4127039181 -22.5534680924)
continue (3.4289096388 -22.5598548256)
continue (3.4451137031 -22.5662904344)
continue (3.4609457866 -22.5726636078)
continue (3.4783175587 -22.5779681465)
continue (3.4953148337 -22.5840181657)
continue (3.5123165848 -22.5902960521)
continue (3.5293205071 -22.5967563278)
continue (3.5463242500 -22.6034179835)
continue (3.5540835632 -22.6064565442)
continue (3.5544389716 -22.5830310174)
continue (3.5633254174 -22.5867422642)
continue (3.5803215672 -22.5936442812)
continue (3.5973244128 -22.6006670071)
continue (3.6143174892 -22.6077924044)
continue (3.6319929279 -22.6150247033)
continue (3.6491551562 -22.6182753486)
continue (3.6669967430 -22.6245957661)
continue (3.6848199399 -22.6312753989)
continue (3.7026667870 -22.6382605558)
continue (3.7204898731 -22.6455670839)
continue (3.7383320094 -22.6531251879)
continue (3.7485274603 -22.6573706845)
continue (3.7489023131 -22.6442946701)
continue (3.7561602994 -22.6476887622)
continue (3.7740031459 -22.6555631569)
continue (3.7918427517 -22.6636268721)
continue (3.8096447559 -22.6717405680)
continue (3.8125296550 -22.6670191319)
continue (3.8153869771 -22.6679319390)
continue (3.8182325867 -22.6688575904)
continue (3.8210824441 -22.6697994413)
continue (3.8239365589 -22.6707518800)
continue (3.8267949406 -22.6717182628)
continue (3.8296415044 -22.6726978202)
continue (3.8324923062 -22.6736877944)
continue (3.8353473554 -22.6746923600)
continue (3.8385300152 -22.6757539190)
continue (3.8389138682 -22.6670868608)
continue (3.8430951071 -22.6688626176)
continue (3.8479635231 -22.6706411110)
continue (3.8528442893 -22.6724514537)
continue (3.8577374527 -22.6742927555)
continue (3.8626103154 -22.6761649817)
continue (3.8674955038 -22.6780660297)
continue (3.8723766094 -22.6799945665)
continue (3.8772535543 -22.6819522034)
continue (3.8821262604 -22.6839359116)
continue (3.8876579591 -22.6859152206)
continue (3.8880467249 -22.6798586247)
continue (3.8899647214 -22.6810823383)
continue (3.8929227052 -22.6823121812)
continue (3.8958851910 -22.6835518113)
continue (3.8988521891 -22.6847992000)
continue (3.9018070032 -22.6860565128)
continue (3.9047662995 -22.6873213019)
continue (3.9077133308 -22.6885944424)
continue (3.9106815965 -22.6898751743)
continue (3.9136375668 -22.6911622458)
continue (3.9160594139 -22.6924993311)
continue (3.9164510198 -22.6879533344)
continue (3.9185011099 -22.6887675204)
continue (3.9204229271 -22.6896072318)
continue (3.9223297476 -22.6904524204)
continue (3.9242384239 -22.6912996717)
continue (3.9261489587 -22.6921503062)
continue (3.9280613547 -22.6930026120)
continue (3.9299756146 -22.6938587427)
continue (3.9318917412 -22.6947169825)
continue (3.9338097371 -22.6955804007)
continue (3.9363586419 -22.6963687068)
continue (3.9367522778 -22.6929347037)
continue (3.9370218983 -22.6935282803)
continue (3.9383150403 -22.6941149810)
continue (3.9396090321 -22.6947042117)
continue (3.9409038745 -22.6952925060)
continue (3.9421995683 -22.6958833393)
continue (3.9434961144 -22.6964753958)
continue (3.9447935136 -22.6970695882)
continue (3.9460917668 -22.6976632670)
continue (3.9473908747 -22.6982595088)
continue (3.9482973380 -22.6989255941)
continue (3.9486921677 -22.6961601112)
continue (3.9496321357 -22.6965037689)
continue (3.9505738819 -22.6969381138)
continue (3.9515160773 -22.6973746403)
continue (3.9524587222 -22.6978098584)
continue (3.9534018169 -22.6982455135)
continue (3.9543453619 -22.6986833581)
continue (3.9552893573 -22.6991198916)
continue (3.9562338035 -22.6995586199)
continue (3.9571787009 -22.6999977923)
continue (3.9585882954 -22.7004065720)
continue (3.9589841543 -22.6981069254)
continue (3.9967852000 -22.7165564895)
continue (3.9971848786 -22.7165564895)
continue (4.1935896254 -22.8154064117)
continue (4.3980068803 -22.8560279070)
continue (4.6140102562 -22.8789445531)
continue (4.8420139512 -22.8976829555)
continue (5.0795263412 -22.9158331730)
continue (5.3290469334 -22.9347754838)
continue (5.5905952491 -22.9545822237)
continue (5.8640091738 -22.9749259438)
continue (6.1530521648 -22.9959247049)
continue (6.4537324760 -23.0171309124)
continue (6.7752195212 -23.0387607995)
continue (7.1026268559 -23.0605046222)
continue (7.4571769690 -23.0822488186)
continue (7.8220345546 -23.1037356118)
continue (8.2022234528 -23.1249374819)
continue (8.6049766346 -23.1456574858)
continue (9.0313877662 -23.1659368422)
continue (9.4736149871 -23.1857416130)
continue (9.9396490577 -23.2050974843)
continue (10.4275892620 -23.2240889893)
continue (10.9395801393 -23.2428839760)
continue (11.4769146802 -23.2614969540)
continue (12.0410547781 -23.2800986365)
continue (12.6319243916 -23.2988239455)
continue (13.2528654102 -23.3177783238)
continue (13.9039826916 -23.3372592532)
continue (14.5849395904 -23.3571800147)
continue (15.3025529069 -23.3777678095)
continue (16.0547397041 -23.3990536902)
continue (16.8410095289 -23.4209786502)
continue (17.6704872136 -23.4436102689)
continue (18.5367580473 -23.4669769168)
continue (19.4465861205 -23.4911339788)
continue (20.4045460279 -23.5158861517)
continue (21.4063196055 -23.5413785836)
continue (22.4560627306 -23.5674972801)
continue (23.5591268254 -23.5942625553)
continue (24.7156773965 -23.6215473067)
continue (25.9324708482 -23.6494225466)
continue (27.2020007644 -23.6777997322)
continue (28.5395247606 -23.7066111366)
continue (29.9463366943 -23.7357666523)
continue (31.4121691006 -23.7652948730)
continue (32.9572161160 -23.7952435680)
continue (34.5700692567 -23.8254281102)
continue (36.2765535672 -23.8559331605)
continue (38.0487275828 -23.8864603566)
continue (39.9153318269 -23.9173584240)
continue (41.8780802209 -23.9486896168)
continue (43.9376579367 -23.9799615162)
continue (46.0934256756 -24.0113033833)
continue (48.3687380896 -24.0429093648)
continue (50.7386985305 -24.0745580530)
continue (53.2282141126 -24.1063710229)
continue (55.8374402946 -24.1382208572)
continue (58.6023810680 -24.1701577571)
continue (61.4475404995 -24.2021192099)
continue (64.4916507861 -24.2341270223)
continue (67.6515980406 -24.2662081926)
continue (70.9709521501 -24.2983046627)
continue (74.4499203927 -24.3304101968)
continue (78.0862918258 -24.3622883729)
continue (81.9484735258 -24.3923448621)
continue (85.9685873214 -24.4176047142)
continue (90.2244579809 -24.4403237563)
continue (94.6279362001 -24.4627713050)
continue (99.2773750525 -24.4839733563)
continue (104.1567065501 -24.5041013196)
continue (109.2777342136 -24.5238143837)
continue (114.6392031208 -24.5423729804)
continue (120.2675235063 -24.5601170894)
continue (126.1793167554 -24.5766175649)
continue (132.3746405589 -24.5924044975)
continue (138.8703178310 -24.6068872377)
continue (145.6861751570 -24.6196247189)
continue (152.8458613900 -24.6318834828)
continue (160.3496437810 -24.6443015587)
continue (168.2235602007 -24.6569691427)
continue (176.4995207451 -24.6695695128)
continue (185.1792370671 -24.6818766280)
continue (194.2585857189 -24.6935134262)
continue (203.8172725581 -24.7052956454)
continue (213.8120660740 -24.7171333268)
continue (224.3394942411 -24.7280921581)
continue (235.3478888448 -24.7382427738)
continue (246.8889259299 -24.7483428093)
continue (259.0298537826 -24.7576366025)
continue (271.6955949932 -24.7671336439)
continue (285.0381687855 -24.7776767541)
continue (299.0702414201 -24.7882154310)
continue (313.7971851264 -24.7981405141)
continue (329.2149658986 -24.8080760656)
continue (345.3077020111 -24.8181853339)
continue (362.3328133627 -24.8288886502)
continue (380.1698062608 -24.8401009398)
continue (398.8039499375 -24.8516740174)
continue (418.3962468353 -24.8640679088)
continue (438.9532878647 -24.8769607416)
continue (460.4684313326 -24.8908536137)
continue (483.1744568437 -24.9062543254)
continue (506.8225948872 -24.9213574207)
continue (531.6610417778 -24.9353504083)
continue (557.6909581439 -24.9452701938)
continue (585.2710504863 -24.9533054808)
continue (614.0613380102 -24.9612590574)
continue (644.0049650934 -24.9687894393)
continue (675.5129915546 -24.9761264421)
continue (709.1572183714 -24.9839214643)
continue (743.8914494753 -24.9916089139)
continue (780.1943712390 -24.9993722069)
continue (818.7484506803 -25.0066392104)
continue (858.8756132019 -25.0132509978)
continue (901.3521519359 -25.0195559341)
continue (945.2977444058 -25.0257137580)
continue (991.6933568475 -25.0318666662)
continue (1040.3779262555 -25.0380605897)
continue (1091.4684700050 -25.0442479428)
continue (1145.0955335602 -25.0506021215)
continue (1201.4067575573 -25.0575359559)
continue (1260.3969925411 -25.0651770127)
continue (1322.2098456285 -25.0735612324)
continue (1387.2233606442 -25.0830451346)
continue (1455.2331932405 -25.0938175190)
continue (1526.6661511261 -25.1059940573)
continue (1601.8052831907 -25.1193214189)
continue (1680.3743787704 -25.1336367975)
continue (1762.9464608381 -25.1488323456)
continue (1849.5372957321 -25.1652137920)
continue (1940.5175161993 -25.1828986930)
continue (2035.8959463968 -25.2013892604)
continue (2135.6152463257 -25.2206300681)
continue (2240.6368960098 -25.2411723552)
continue (2350.4437080402 -25.2627838627)
continue (2466.2165780979 -25.2850568210)
continue (2587.3566882657 -25.3072286513)
continue (2714.5279285290 -25.3298504081)
continue (2847.7094550225 -25.3535396469)
continue (2987.7607396957 -25.3776623824)
continue (3133.6555213452 -25.4018004084)
continue (3288.5854406611 -25.4258277993)
continue (3449.1560393913 -25.4500369158)
continue (3619.0112216330 -25.4750268255)
continue (3796.9459400300 -25.5006075185)
continue (3982.8104266049 -25.5264740712)
continue (4178.2073617936 -25.5528602506)
continue (4383.1987763694 -25.5793360976)
continue (4600.0354649530 -25.6061262863)
continue (4826.6261949533 -25.6335945567)
continue (5062.5945867066 -25.6614805328)
continue (5310.4139021398 -25.6894084871)
continue (5573.4986275669 -25.7178935208)
continue (5845.2022168518 -25.7464366731)
continue (6132.3487591332 -25.7751200633)
continue (6435.5015932711 -25.8047232299)
continue (6750.1261156088 -25.8351270755)
continue (7080.5518695197 -25.8652002256)
continue (7426.7891247530 -25.8951873818)
continue (7795.2696801299 -25.9258572545)
continue (8180.1348797773 -25.9568073542)
continue (8580.6687910282 -25.9885254653)
continue (8995.7258204066 -26.0212209764)
continue (9442.2031458625 -26.0539051633)
continue (9905.0763652956 -26.0859766901)
continue (10391.9149915291 -26.1179775523)
continue (10902.9316296625 -26.1505190226)
continue (11438.0196511509 -26.1840495011)
continue (11999.8291494231 -26.2172960212)
continue (12588.2998426190 -26.2501213090)
continue (13206.7684870607 -26.2830579739)
continue (13855.3599757821 -26.3159935102)
continue (14536.0827182516 -26.3489863164)
continue (15251.3309725053 -26.3819850705)
continue (15998.3677248453 -26.4149571722)
continue (16785.1726949197 -26.4483169217)
continue (17609.0246494143 -26.4823390251)
continue (18476.6225792212 -26.5171358207)
continue (19380.4131349892 -26.5529756148)
continue (20336.2424817494 -26.5892990734)
continue (21331.1569664605 -26.6256262444)
continue (22378.8562280744 -26.6623089594)
continue (23480.2119455602 -26.6997599448)
continue (24635.4967722950 -26.7383150653)
continue (25844.2151334995 -26.7776023912)
continue (27112.9730915558 -26.8173061620)
continue (28441.5426219473 -26.8575532425)
continue (29838.4749707659 -26.8984634382)
continue (31304.2605842388 -26.9408927202)
continue (32838.4513732321 -26.9847257979)
continue (34452.4395314628 -27.0295440199)
continue (36147.0458392380 -27.0747310650)
continue (37922.0568292630 -27.1201484129)
continue (39793.3198955105 -27.1665211414)
continue (41743.7941185154 -27.2145975796)
continue (43789.8618744445 -27.2642709159)
continue (45953.9599398483 -27.3159412234)
continue (48189.6893499308 -27.3697095931)
continue (50569.7572479018 -27.4249918309)
continue (53042.3181377876 -27.4817957463)
continue (55666.8922179103 -27.5400272856)
continue (58377.1316852781 -27.5998686274)
continue (61241.0635488703 -27.6618539006)
continue (64264.2472219458 -27.7255092467)
continue (67401.4072194668 -27.7909032239)
continue (70750.5454663968 -27.8581625781)
continue (74207.4125087289 -27.9273703892)
continue (77819.5581218780 -27.9991184953)
continue (81654.7513984938 -28.0729954611)
continue (85725.9666610716 -28.1493386957)
continue (89868.5429592890 -28.2283086110)
continue (94314.5338032696 -28.3099115547)
continue (98943.2166783052 -28.3948934329)
continue (103800.7774925608 -28.4828391047)
continue (108899.0231366146 -28.5734706643)
continue (114251.1315956859 -28.6681897783)
continue (119856.2443255545 -28.7645028159)
continue (125744.0355467353 -28.8616773912)
continue (131933.8389470379 -28.9612800267)
continue (138406.2918601444 -29.0605196718)
continue (145198.6975154861 -29.1600230988)
continue (152334.8421275812 -29.2585118341)
continue (159815.3324460174 -29.3553075308)
continue (167666.4260546809 -29.4467059261)
continue (175886.3203256497 -29.5312083781)
continue (184541.7224801926 -29.6058725543)
continue (193598.2633539815 -29.6683023281)
continue (203090.4893263185 -29.7180190151)
continue (213112.0265685666 -29.7581320902)
continue (223568.9464198211 -29.7911029978)
continue (234560.3669516579 -29.8236993590)
continue (246022.4151207319 -29.8563776316)
continue (258149.2990388642 -29.8892233841)
continue (270807.4370303688 -29.9219142229)
continue (284149.3687580888 -29.9544448230)
continue (298091.9285597615 -29.9874139682)
continue (312720.3245048699 -30.0199843462)
continue (328029.8868276425 -30.0526470198)
continue (344134.0731144981 -30.0853355118)
continue (361040.8183863672 -30.1180575136)
continue (378747.7246912680 -30.1507102173)
continue (397412.5711326607 -30.1834288928)
continue (416865.0620343966 -30.2161347460)
continue (437478.1687984592 -30.2487856018)
continue (458845.4308193308 -30.2815125058)
continue (481387.7578484896 -30.3141780018)
continue (505136.9321547621 -30.3468677322)
continue (529806.4102367389 -30.3795486954)
continue (555989.6434455100 -30.4122573771)
continue (583397.5836153590 -30.4449371747)
continue (611999.3456059039 -30.4776094734)
continue (3672982.7714921040 -31.5532638102)
continue (3709712.5992070250 -50.0000000000)
continue (7354000.0000000000 -50.0000000000)
f(nu) = -20.4720566803 at 1.0000000000 Ryd
