# Haardt & Madau (2011)
# z = 1.818383
# E [Ryd] log (J_nu)
interpolate (0.0000000100 -50.0000000000)
continue (0.0090035365 -50.0000000000)
continue (0.0090944813 -19.2465897160)
continue (0.0095460614 -19.2509265276)
continue (0.0100150239 -19.2530940146)
continue (0.0105069414 -19.2527013690)
continue (0.0110229470 -19.2497253344)
continue (0.0115643024 -19.2443244963)
continue (0.0121324328 -19.2370085043)
continue (0.0127271931 -19.2273886001)
continue (0.0133518978 -19.2156329835)
continue (0.0140087168 -19.2022463879)
continue (0.0146954850 -19.1873587418)
continue (0.0154190698 -19.1711578793)
continue (0.0161744236 -19.1531138850)
continue (0.0169695908 -19.1323100718)
continue (0.0178051392 -19.1089826296)
continue (0.0186773319 -19.0841474756)
continue (0.0195971403 -19.0582155621)
continue (0.0205564409 -19.0327207538)
continue (0.0215684503 -19.0108543304)
continue (0.0226289304 -18.9893803203)
continue (0.0237370937 -18.9642038975)
continue (0.0249048108 -18.9402621899)
continue (0.0261257748 -18.9196486173)
continue (0.0274065271 -18.8974293770)
continue (0.0287556651 -18.8709720223)
continue (0.0301644166 -18.8429271519)
continue (0.0316522065 -18.8189778002)
continue (0.0332094397 -18.8019189868)
continue (0.0348343664 -18.7827000831)
continue (0.0365530295 -18.7561397391)
continue (0.0383368543 -18.7327510505)
continue (0.0402325398 -18.7165706268)
continue (0.0422078289 -18.7035131794)
continue (0.0442792529 -18.6934850842)
continue (0.0464458219 -18.6858666530)
continue (0.0487308570 -18.6808723348)
continue (0.0511373191 -18.6800735819)
continue (0.0536354930 -18.6849163153)
continue (0.0562510510 -18.6906651538)
continue (0.0590198851 -18.6958439876)
continue (0.0619488121 -18.6993432696)
continue (0.0649513204 -18.7022994437)
continue (0.0681575935 -18.7057171365)
continue (0.0715280240 -18.7088534432)
continue (0.0750014013 -18.7126354582)
continue (0.0786931801 -18.7176326068)
continue (0.0825423030 -18.7230971516)
continue (0.0866223408 -18.7294716941)
continue (0.0908541401 -18.7379816624)
continue (0.0953507404 -18.7462726447)
continue (0.1000293113 -18.7562094191)
continue (0.1049484079 -18.7671409645)
continue (0.1100962940 -18.7774714013)
continue (0.1155110946 -18.7879980046)
continue (0.1211791257 -18.7994994746)
continue (0.1271298864 -18.8114845166)
continue (0.1333821759 -18.8234614293)
continue (0.1399365826 -18.8373309121)
continue (0.1467891472 -18.8527091222)
continue (0.1540082856 -18.8700680614)
continue (0.1615721677 -18.8897660995)
continue (0.1695065152 -18.9116050128)
continue (0.1778429012 -18.9357251105)
continue (0.1865821101 -18.9599163371)
continue (0.1957188629 -18.9890610871)
continue (0.2053328133 -19.0249472598)
continue (0.2154295569 -19.0631984141)
continue (0.2260086869 -19.1055212891)
continue (0.2371238682 -19.1419714199)
continue (0.2487761468 -19.1591212502)
continue (0.2609584839 -19.1662121888)
continue (0.2738182168 -19.1725277392)
continue (0.2872846865 -19.1781769057)
continue (0.3013449159 -19.1832772136)
continue (0.3161925835 -19.1877558799)
continue (0.3317317166 -19.1903242376)
continue (0.3479446451 -19.1920433147)
continue (0.3650909558 -19.1932670709)
continue (0.3830462487 -19.1944821076)
continue (0.4017932212 -19.1986617151)
continue (0.4214926113 -19.2063032695)
continue (0.4421479988 -19.2148662435)
continue (0.4639852473 -19.2250298800)
continue (0.4867879410 -19.2385894406)
continue (0.5105137398 -19.2554429652)
continue (0.5357242949 -19.2761093351)
continue (0.5621634951 -19.3004342284)
continue (0.5898168451 -19.3270876162)
continue (0.6186469963 -19.3615699928)
continue (0.6490505880 -19.4053138937)
continue (0.6810665363 -19.4598976808)
continue (0.7141591110 -19.5300156417)
continue (0.7493972250 -19.5886748560)
continue (0.7494721647 -19.7435462418)
continue (0.7862528262 -19.8376179522)
continue (0.8246760413 -19.9856269759)
continue (0.8288691440 -20.0123290492)
continue (0.8329223494 -20.0319119873)
continue (0.8369692640 -20.0517274226)
continue (0.8410246471 -20.0717474503)
continue (0.8450724969 -20.0920040387)
continue (0.8491278496 -20.1122502849)
continue (0.8531743819 -20.1317910422)
continue (0.8572274097 -20.1505157627)
continue (0.8612784258 -20.1698692234)
continue (0.8654007841 -20.1899233085)
continue (0.8695793897 -20.2233615996)
continue (0.8738320602 -20.2539063717)
continue (0.8780757618 -20.2815875256)
continue (0.8823267095 -20.3100494924)
continue (0.8865758872 -20.3393722017)
continue (0.8881744889 -20.3524865767)
continue (0.8882633063 -20.3374059559)
continue (0.8908313543 -20.3546101808)
continue (0.8950839085 -20.3837579575)
continue (0.8993328783 -20.4113706818)
continue (0.9035775804 -20.4397467835)
continue (0.9076364797 -20.4689967956)
continue (0.9122887891 -20.5210768671)
continue (0.9167473412 -20.5696815446)
continue (0.9212068475 -20.6144595815)
continue (0.9256657564 -20.6630860477)
continue (0.9301243670 -20.7163606635)
continue (0.9345830023 -20.7754919310)
continue (0.9370355019 -20.8112228454)
continue (0.9371292055 -20.8033486152)
continue (0.9390420102 -20.8275345166)
continue (0.9435007865 -20.8855625332)
continue (0.9479597018 -20.9507075301)
continue (0.9524111890 -21.0252420514)
continue (0.9531314168 -21.0399774716)
continue (0.9538447474 -21.0557341936)
continue (0.9545581467 -21.0712350488)
continue (0.9552716124 -21.0864757552)
continue (0.9559851426 -21.1014511371)
continue (0.9566987351 -21.1161570016)
continue (0.9574113820 -21.1305887460)
continue (0.9581250913 -21.1447425600)
continue (0.9588388566 -21.1586147378)
continue (0.9595314579 -21.1722003436)
continue (0.9596274111 -21.1673624168)
continue (0.9607717508 -21.1897136550)
continue (0.9619918963 -21.2111922753)
continue (0.9632120904 -21.2318034034)
continue (0.9644323218 -21.2515407046)
continue (0.9656525788 -21.2704014114)
continue (0.9668728501 -21.2883853543)
continue (0.9680931239 -21.3054962324)
continue (0.9693133886 -21.3217413076)
continue (0.9705336324 -21.3371307447)
continue (0.9717072143 -21.3516915292)
continue (0.9718043851 -21.3483539487)
continue (0.9724932560 -21.3566965303)
continue (0.9732327551 -21.3647539706)
continue (0.9739723387 -21.3725175315)
continue (0.9747120047 -21.3799921999)
continue (0.9754507067 -21.3871830240)
continue (0.9761905291 -21.3940950531)
continue (0.9769304274 -21.4007340188)
continue (0.9776693502 -21.4071058838)
continue (0.9784093917 -21.4132163453)
continue (0.9791200447 -21.4190653254)
continue (0.9792179567 -21.4165683554)
continue (0.9796263306 -21.4202189558)
continue (0.9801046776 -21.4237511736)
continue (0.9805824369 -21.4271833259)
continue (0.9810606622 -21.4305172127)
continue (0.9815393541 -21.4337538826)
continue (0.9820174552 -21.4368968940)
continue (0.9824949629 -21.4399457063)
continue (0.9829729353 -21.4429044062)
continue (0.9834513729 -21.4457729231)
continue (0.9838771600 -21.4485480918)
continue (0.9839755477 -21.4466266893)
continue (0.9842533484 -21.4484232906)
continue (0.9845776963 -21.4502141600)
continue (0.9849011935 -21.4519669828)
continue (0.9852259686 -21.4536817689)
continue (0.9855498921 -21.4553600122)
continue (0.9858740286 -21.4570007543)
continue (0.9861983784 -21.4586065501)
continue (0.9865229417 -21.4601762434)
continue (0.9868466500 -21.4617116581)
continue (0.9871812649 -21.4631802963)
continue (0.9872799830 -21.4615701724)
continue (0.9874069640 -21.4626657899)
continue (0.9876424000 -21.4637155774)
continue (0.9878790193 -21.4647481578)
continue (0.9881146805 -21.4657631650)
continue (0.9883504542 -21.4667607072)
continue (0.9885863405 -21.4677416956)
continue (0.9888223393 -21.4687060122)
continue (0.9890584509 -21.4696537802)
continue (0.9892936012 -21.4705854082)
continue (0.9895396087 -21.4714831066)
continue (0.9896385626 -21.4701744323)
continue (0.9991963000 -21.4959706327)
continue (1.0439535177 -21.5298962889)
continue (1.0951412398 -21.5642028993)
continue (1.1489938540 -21.5971045076)
continue (1.2053796635 -21.6299161762)
continue (1.2645948177 -21.6626860880)
continue (1.3266371024 -21.6947641495)
continue (1.3918848719 -21.7260148396)
continue (1.4601298279 -21.7579445413)
continue (1.5320561964 -21.7901507186)
continue (1.6071728847 -21.8229103917)
continue (1.6862824308 -21.8550353997)
continue (1.7691070192 -21.8869042457)
continue (1.8559409890 -21.9172619807)
continue (1.9471517641 -21.9444439825)
continue (2.0427415952 -21.9714030185)
continue (2.1431491665 -21.9975648048)
continue (2.2483765744 -22.0228271568)
continue (2.3583515155 -22.0465313574)
continue (2.4742520380 -22.0694340944)
continue (2.5962023522 -22.0927509827)
continue (2.7234519594 -22.1170297526)
continue (2.8575322220 -22.1442065507)
continue (2.9975889000 -22.1727058694)
continue (2.9978886589 -22.3280302852)
continue (3.1444686874 -22.3837249337)
continue (3.2993013237 -22.4475554711)
continue (3.3154826074 -22.4558635194)
continue (3.3316772167 -22.4625946526)
continue (3.3478832060 -22.4694117560)
continue (3.3640861692 -22.4762646809)
continue (3.3802962572 -22.4831895876)
continue (3.3964987387 -22.4902950695)
continue (3.4127039181 -22.4976426586)
continue (3.4289096388 -22.5051044038)
continue (3.4451137031 -22.5125952809)
continue (3.4609457866 -22.5201180446)
continue (3.4783175587 -22.5275216931)
continue (3.4953148337 -22.5352546144)
continue (3.5123165848 -22.5431459055)
continue (3.5293205071 -22.5511445210)
continue (3.5463242500 -22.5592940634)
continue (3.5540835632 -22.5629113170)
continue (3.5544389716 -22.5233523284)
continue (3.5633254174 -22.5274548811)
continue (3.5803215672 -22.5353749087)
continue (3.5973244128 -22.5434103415)
continue (3.6143174892 -22.5515132844)
continue (3.6319929279 -22.5595775366)
continue (3.6491551562 -22.5644093330)
continue (3.6669967430 -22.5725415774)
continue (3.6848199399 -22.5810187362)
continue (3.7026667870 -22.5897731042)
continue (3.7204898731 -22.5988559000)
continue (3.7383320094 -22.6081661583)
continue (3.7485274603 -22.6133919940)
continue (3.7489023131 -22.5909661482)
continue (3.7561602994 -22.5950770220)
continue (3.7740031459 -22.6043546772)
continue (3.7918427517 -22.6138054385)
continue (3.8096447559 -22.6233417448)
continue (3.8125296550 -22.6171318498)
continue (3.8153869771 -22.6183732427)
continue (3.8182325867 -22.6196301531)
continue (3.8210824441 -22.6209016141)
continue (3.8239365589 -22.6221895627)
continue (3.8267949406 -22.6234923098)
continue (3.8296415044 -22.6248081469)
continue (3.8324923062 -22.6261390177)
continue (3.8353473554 -22.6274828290)
continue (3.8385300152 -22.6287788133)
continue (3.8389138682 -22.6142383314)
continue (3.8430951071 -22.6164803775)
continue (3.8479635231 -22.6187986848)
continue (3.8528442893 -22.6211523498)
continue (3.8577374527 -22.6235404154)
continue (3.8626103154 -22.6259589773)
continue (3.8674955038 -22.6284103192)
continue (3.8723766094 -22.6308919479)
continue (3.8772535543 -22.6334016936)
continue (3.8821262604 -22.6359395796)
continue (3.8876579591 -22.6384549380)
continue (3.8880467249 -22.6281087970)
continue (3.8899647214 -22.6296659115)
continue (3.8929227052 -22.6312102997)
continue (3.8958851910 -22.6327650621)
continue (3.8988521891 -22.6343269149)
continue (3.9018070032 -22.6358981734)
continue (3.9047662995 -22.6374777856)
continue (3.9077133308 -22.6390639300)
continue (3.9106815965 -22.6406585557)
continue (3.9136375668 -22.6422617346)
continue (3.9160594139 -22.6438901687)
continue (3.9164510198 -22.6361144190)
continue (3.9185011099 -22.6371776012)
continue (3.9204229271 -22.6382111824)
continue (3.9223297476 -22.6392464785)
continue (3.9242384239 -22.6402850095)
continue (3.9261489587 -22.6413267924)
continue (3.9280613547 -22.6423703244)
continue (3.9299756146 -22.6434171360)
continue (3.9318917412 -22.6444664811)
continue (3.9338097371 -22.6455191372)
continue (3.9363586419 -22.6466141242)
continue (3.9367522778 -22.6405336399)
continue (3.9370218983 -22.6413199007)
continue (3.9383150403 -22.6420306359)
continue (3.9396090321 -22.6427413915)
continue (3.9409038745 -22.6434544620)
continue (3.9421995683 -22.6441675568)
continue (3.9434961144 -22.6448818259)
continue (3.9447935136 -22.6455984274)
continue (3.9460917668 -22.6463150590)
continue (3.9473908747 -22.6470328766)
continue (3.9482973380 -22.6476924863)
continue (3.9486921677 -22.6429700225)
continue (3.9496321357 -22.6435384976)
continue (3.9505738819 -22.6440583693)
continue (3.9515160773 -22.6445784798)
continue (3.9524587222 -22.6451003666)
continue (3.9534018169 -22.6456209614)
continue (3.9543453619 -22.6461441048)
continue (3.9552893573 -22.6466659545)
continue (3.9562338035 -22.6471892027)
continue (3.9571787009 -22.6477130828)
continue (3.9585882954 -22.6481938858)
continue (3.9589841543 -22.6443464820)
continue (3.9967852000 -22.6661420474)
continue (3.9971848786 -22.6661420474)
continue (4.1935896254 -22.7980915453)
continue (4.3980068803 -22.8500179673)
continue (4.6140102562 -22.8742387043)
continue (4.8420139512 -22.8909922795)
continue (5.0795263412 -22.9067994796)
continue (5.3290469334 -22.9230635370)
continue (5.5905952491 -22.9399612372)
continue (5.8640091738 -22.9577843620)
continue (6.1530521648 -22.9763708886)
continue (6.4537324760 -22.9955274049)
continue (6.7752195212 -23.0151268809)
continue (7.1026268559 -23.0350777029)
continue (7.4571769690 -23.0551720037)
continue (7.8220345546 -23.0753017786)
continue (8.2022234528 -23.0952635126)
continue (8.6049766346 -23.1148961461)
continue (9.0313877662 -23.1341680417)
continue (9.4736149871 -23.1530490033)
continue (9.9396490577 -23.1714583040)
continue (10.4275892620 -23.1895266177)
continue (10.9395801393 -23.2073135251)
continue (11.4769146802 -23.2248828350)
continue (12.0410547781 -23.2424493465)
continue (12.6319243916 -23.2600759606)
continue (13.2528654102 -23.2779043636)
continue (13.9039826916 -23.2960163616)
continue (14.5849395904 -23.3144857297)
continue (15.3025529069 -23.3335321698)
continue (16.0547397041 -23.3533358113)
continue (16.8410095289 -23.3737778303)
continue (17.6704872136 -23.3950143003)
continue (18.5367580473 -23.4170255838)
continue (19.4465861205 -23.4397817842)
continue (20.4045460279 -23.4633928899)
continue (21.4063196055 -23.4876671538)
continue (22.4560627306 -23.5126997790)
continue (23.5591268254 -23.5384529572)
continue (24.7156773965 -23.5647127667)
continue (25.9324708482 -23.5917123570)
continue (27.2020007644 -23.6192711788)
continue (28.5395247606 -23.6473460546)
continue (29.9463366943 -23.6757947643)
continue (31.4121691006 -23.7048270438)
continue (32.9572161160 -23.7340523105)
continue (34.5700692567 -23.7638712829)
continue (36.2765535672 -23.7938317470)
continue (38.0487275828 -23.8241542855)
continue (39.9153318269 -23.8546981377)
continue (41.8780802209 -23.8854123585)
continue (43.9376579367 -23.9164545988)
continue (46.0934256756 -23.9478016461)
continue (48.3687380896 -23.9790169410)
continue (50.7386985305 -24.0105614403)
continue (53.2282141126 -24.0421498568)
continue (55.8374402946 -24.0738423534)
continue (58.6023810680 -24.1055982872)
continue (61.4475404995 -24.1374340004)
continue (64.4916507861 -24.1693446080)
continue (67.6515980406 -24.2013085987)
continue (70.9709521501 -24.2332787998)
continue (74.4499203927 -24.2652076326)
continue (78.0862918258 -24.2972017765)
continue (81.9484735258 -24.3292133895)
continue (85.9685873214 -24.3612311045)
continue (90.2244579809 -24.3931918558)
continue (94.6279362001 -24.4239578827)
continue (99.2773750525 -24.4533351002)
continue (104.1567065501 -24.4819431490)
continue (109.2777342136 -24.5094315887)
continue (114.6392031208 -24.5345323793)
continue (120.2675235063 -24.5589937253)
continue (126.1793167554 -24.5828016394)
continue (132.3746405589 -24.6049274396)
continue (138.8703178310 -24.6248401585)
continue (145.6861751570 -24.6425794873)
continue (152.8458613900 -24.6595345771)
continue (160.3496437810 -24.6751712106)
continue (168.2235602007 -24.6889306092)
continue (176.4995207451 -24.7017514445)
continue (185.1792370671 -24.7141160156)
continue (194.2585857189 -24.7260051121)
continue (203.8172725581 -24.7379911468)
continue (213.8120660740 -24.7502246888)
continue (224.3394942411 -24.7614007798)
continue (235.3478888448 -24.7720027287)
continue (246.8889259299 -24.7823432550)
continue (259.0298537826 -24.7915895721)
continue (271.6955949932 -24.8007623414)
continue (285.0381687855 -24.8115383039)
continue (299.0702414201 -24.8222997981)
continue (313.7971851264 -24.8323357226)
continue (329.2149658986 -24.8422336464)
continue (345.3077020111 -24.8522452381)
continue (362.3328133627 -24.8628097481)
continue (380.1698062608 -24.8739625708)
continue (398.8039499375 -24.8854093676)
continue (418.3962468353 -24.8976391815)
continue (438.9532878647 -24.9103087827)
continue (460.4684313326 -24.9238616846)
continue (483.1744568437 -24.9391253986)
continue (506.8225948872 -24.9553370290)
continue (531.6610417778 -24.9702426442)
continue (557.6909581439 -24.9810785113)
continue (585.2710504863 -24.9892148268)
continue (614.0613380102 -24.9974528299)
continue (644.0049650934 -25.0051067983)
continue (675.5129915546 -25.0123119119)
continue (709.1572183714 -25.0199789381)
continue (743.8914494753 -25.0281256600)
continue (780.1943712390 -25.0361447313)
continue (818.7484506803 -25.0435753504)
continue (858.8756132019 -25.0503355286)
continue (901.3521519359 -25.0567567560)
continue (945.2977444058 -25.0629416797)
continue (991.6933568475 -25.0691773687)
continue (1040.3779262555 -25.0754200879)
continue (1091.4684700050 -25.0815965411)
continue (1145.0955335602 -25.0877758746)
continue (1201.4067575573 -25.0945097885)
continue (1260.3969925411 -25.1019062580)
continue (1322.2098456285 -25.1099342575)
continue (1387.2233606442 -25.1189342022)
continue (1455.2331932405 -25.1292206178)
continue (1526.6661511261 -25.1410171636)
continue (1601.8052831907 -25.1540713335)
continue (1680.3743787704 -25.1680658129)
continue (1762.9464608381 -25.1828822340)
continue (1849.5372957321 -25.1988657139)
continue (1940.5175161993 -25.2162899722)
continue (2035.8959463968 -25.2344143697)
continue (2135.6152463257 -25.2531832537)
continue (2240.6368960098 -25.2733900900)
continue (2350.4437080402 -25.2949257655)
continue (2466.2165780979 -25.3171342158)
continue (2587.3566882657 -25.3391375534)
continue (2714.5279285290 -25.3614537255)
continue (2847.7094550225 -25.3849390311)
continue (2987.7607396957 -25.4090981611)
continue (3133.6555213452 -25.4332199857)
continue (3288.5854406611 -25.4570923641)
continue (3449.1560393913 -25.4811680548)
continue (3619.0112216330 -25.5059073166)
continue (3796.9459400300 -25.5313107097)
continue (3982.8104266049 -25.5571349318)
continue (4178.2073617936 -25.5833622257)
continue (4383.1987763694 -25.6096140183)
continue (4600.0354649530 -25.6363086309)
continue (4826.6261949533 -25.6636734559)
continue (5062.5945867066 -25.6913823659)
continue (5310.4139021398 -25.7192972579)
continue (5573.4986275669 -25.7475777118)
continue (5845.2022168518 -25.7761077804)
continue (6132.3487591332 -25.8044902576)
continue (6435.5015932711 -25.8337841061)
continue (6750.1261156088 -25.8642432117)
continue (7080.5518695197 -25.8944789375)
continue (7426.7891247530 -25.9244153608)
continue (7795.2696801299 -25.9548508309)
continue (8180.1348797773 -25.9852146641)
continue (8580.6687910282 -26.0166443238)
continue (8995.7258204066 -26.0495405280)
continue (9442.2031458625 -26.0823998136)
continue (9905.0763652956 -26.1144226110)
continue (10391.9149915291 -26.1461278262)
continue (10902.9316296625 -26.1785082978)
continue (11438.0196511509 -26.2120976904)
continue (11999.8291494231 -26.2454249468)
continue (12588.2998426190 -26.2782334132)
continue (13206.7684870607 -26.3111927553)
continue (13855.3599757821 -26.3440921951)
continue (14536.0827182516 -26.3770939082)
continue (15251.3309725053 -26.4099947520)
continue (15998.3677248453 -26.4428897110)
continue (16785.1726949197 -26.4760543090)
continue (17609.0246494143 -26.5096891551)
continue (18476.6225792212 -26.5440732934)
continue (19380.4131349892 -26.5799663962)
continue (20336.2424817494 -26.6161451069)
continue (21331.1569664605 -26.6522847077)
continue (22378.8562280744 -26.6888580238)
continue (23480.2119455602 -26.7259260176)
continue (24635.4967722950 -26.7641779507)
continue (25844.2151334995 -26.8034223486)
continue (27112.9730915558 -26.8430372324)
continue (28441.5426219473 -26.8828402080)
continue (29838.4749707659 -26.9232342273)
continue (31304.2605842388 -26.9651122727)
continue (32838.4513732321 -27.0088467503)
continue (34452.4395314628 -27.0535952967)
continue (36147.0458392380 -27.0986159366)
continue (37922.0568292630 -27.1437067560)
continue (39793.3198955105 -27.1894753626)
continue (41743.7941185154 -27.2369885965)
continue (43789.8618744445 -27.2860637830)
continue (45953.9599398483 -27.3371163546)
continue (48189.6893499308 -27.3903509074)
continue (50569.7572479018 -27.4452408211)
continue (53042.3181377876 -27.5015570625)
continue (55666.8922179103 -27.5591524611)
continue (58377.1316852781 -27.6184754701)
continue (61241.0635488703 -27.6800447285)
continue (64264.2472219458 -27.7431221862)
continue (67401.4072194668 -27.8078116438)
continue (70750.5454663968 -27.8745944836)
continue (74207.4125087289 -27.9431328818)
continue (77819.5581218780 -28.0140527046)
continue (81654.7513984938 -28.0872807717)
continue (85725.9666610716 -28.1629423098)
continue (89868.5429592890 -28.2412155889)
continue (94314.5338032696 -28.3221293400)
continue (98943.2166783052 -28.4065839798)
continue (103800.7774925608 -28.4938474527)
continue (108899.0231366146 -28.5839330551)
continue (114251.1315956859 -28.6783955264)
continue (119856.2443255545 -28.7741601505)
continue (125744.0355467353 -28.8701558317)
continue (131933.8389470379 -28.9680073664)
continue (138406.2918601444 -29.0653772462)
continue (145198.6975154861 -29.1617170984)
continue (152334.8421275812 -29.2558048992)
continue (159815.3324460174 -29.3456306164)
continue (167666.4260546809 -29.4294246081)
continue (175886.3203256497 -29.5032743185)
continue (184541.7224801926 -29.5668792267)
continue (193598.2633539815 -29.6180076404)
continue (203090.4893263185 -29.6600283910)
continue (213112.0265685666 -29.6931490023)
continue (223568.9464198211 -29.7258940291)
continue (234560.3669516579 -29.7585132686)
continue (246022.4151207319 -29.7912497056)
continue (258149.2990388642 -29.8238685245)
continue (270807.4370303688 -29.8566323884)
continue (284149.3687580888 -29.8891681999)
continue (298091.9285597615 -29.9220098546)
continue (312720.3245048699 -29.9547149529)
continue (328029.8868276425 -29.9873748455)
continue (344134.0731144981 -30.0200563668)
continue (361040.8183863672 -30.0527611494)
continue (378747.7246912680 -30.0854578147)
continue (397412.5711326607 -30.1181528313)
continue (416865.0620343966 -30.1508474001)
continue (437478.1687984592 -30.1835326760)
continue (458845.4308193308 -30.2162132968)
continue (481387.7578484896 -30.2489268598)
continue (505136.9321547621 -30.2815742185)
continue (529806.4102367389 -30.3143075653)
continue (555989.6434455100 -30.3469980050)
continue (583397.5836153590 -30.3796571992)
continue (611999.3456059039 -30.4123383750)
continue (3672982.7714921040 -31.4879963107)
continue (3709712.5992070250 -50.0000000000)
continue (7354000.0000000000 -50.0000000000)
f(nu) = -20.3973832616 at 1.0000000000 Ryd
