# Haardt & Madau (2011)
# z = 1.238721
# E [Ryd] log (J_nu)
interpolate (0.0000000100 -50.0000000000)
continue (0.0090035365 -50.0000000000)
continue (0.0090944813 -19.3054195183)
continue (0.0095460614 -19.3017654555)
continue (0.0100150239 -19.2958193838)
continue (0.0105069414 -19.2873544676)
continue (0.0110229470 -19.2764343480)
continue (0.0115643024 -19.2633388658)
continue (0.0121324328 -19.2484824983)
continue (0.0127271931 -19.2318161962)
continue (0.0133518978 -19.2135163481)
continue (0.0140087168 -19.1939971575)
continue (0.0146954850 -19.1734883777)
continue (0.0154190698 -19.1521255690)
continue (0.0161744236 -19.1295108948)
continue (0.0169695908 -19.1052616777)
continue (0.0178051392 -19.0796046783)
continue (0.0186773319 -19.0532234436)
continue (0.0195971403 -19.0263362830)
continue (0.0205564409 -19.0000701896)
continue (0.0215684503 -18.9763227193)
continue (0.0226289304 -18.9527124390)
continue (0.0237370937 -18.9270744264)
continue (0.0249048108 -18.9024515354)
continue (0.0261257748 -18.8805312497)
continue (0.0274065271 -18.8577822389)
continue (0.0287556651 -18.8332552010)
continue (0.0301644166 -18.8084689838)
continue (0.0316522065 -18.7873589155)
continue (0.0332094397 -18.7712625512)
continue (0.0348343664 -18.7540126733)
continue (0.0365530295 -18.7321821011)
continue (0.0383368543 -18.7134127506)
continue (0.0402325398 -18.7007969999)
continue (0.0422078289 -18.6915158586)
continue (0.0442792529 -18.6851138778)
continue (0.0464458219 -18.6812998897)
continue (0.0487308570 -18.6797989101)
continue (0.0511373191 -18.6821730184)
continue (0.0536354930 -18.6891646971)
continue (0.0562510510 -18.6969187761)
continue (0.0590198851 -18.7046374069)
continue (0.0619488121 -18.7113328493)
continue (0.0649513204 -18.7174528496)
continue (0.0681575935 -18.7241660785)
continue (0.0715280240 -18.7310314008)
continue (0.0750014013 -18.7386732977)
continue (0.0786931801 -18.7476168577)
continue (0.0825423030 -18.7570463521)
continue (0.0866223408 -18.7674475916)
continue (0.0908541401 -18.7801416952)
continue (0.0953507404 -18.7932183228)
continue (0.1000293113 -18.8078160513)
continue (0.1049484079 -18.8232110113)
continue (0.1100962940 -18.8388724501)
continue (0.1155110946 -18.8551204221)
continue (0.1211791257 -18.8729723072)
continue (0.1271298864 -18.8915904156)
continue (0.1333821759 -18.9106175062)
continue (0.1399365826 -18.9320768199)
continue (0.1467891472 -18.9556679942)
continue (0.1540082856 -18.9810826582)
continue (0.1615721677 -19.0090741745)
continue (0.1695065152 -19.0387185426)
continue (0.1778429012 -19.0695746748)
continue (0.1865821101 -19.1003123158)
continue (0.1957188629 -19.1346429408)
continue (0.2053328133 -19.1727033728)
continue (0.2154295569 -19.2106208940)
continue (0.2260086869 -19.2496259603)
continue (0.2371238682 -19.2817678707)
continue (0.2487761468 -19.2991101645)
continue (0.2609584839 -19.3098124285)
continue (0.2738182168 -19.3195513480)
continue (0.2872846865 -19.3285674888)
continue (0.3013449159 -19.3370188080)
continue (0.3161925835 -19.3447199932)
continue (0.3317317166 -19.3512901600)
continue (0.3479446451 -19.3576069411)
continue (0.3650909558 -19.3645415382)
continue (0.3830462487 -19.3726135024)
continue (0.4017932212 -19.3842567518)
continue (0.4214926113 -19.3997866079)
continue (0.4421479988 -19.4178736284)
continue (0.4639852473 -19.4396045049)
continue (0.4867879410 -19.4664580635)
continue (0.5105137398 -19.4987045537)
continue (0.5357242949 -19.5368134444)
continue (0.5621634951 -19.5795105226)
continue (0.5898168451 -19.6211983933)
continue (0.6186469963 -19.6693266054)
continue (0.6490505880 -19.7237975894)
continue (0.6810665363 -19.7851795120)
continue (0.7141591110 -19.8597590483)
continue (0.7493972250 -19.9251827799)
continue (0.7494721647 -20.0727219279)
continue (0.7862528262 -20.1655772269)
continue (0.8246760413 -20.3097896861)
continue (0.8288691440 -20.3355737057)
continue (0.8329223494 -20.3546769593)
continue (0.8369692640 -20.3739878781)
continue (0.8410246471 -20.3935019630)
continue (0.8450724969 -20.4132428185)
continue (0.8491278496 -20.4329829830)
continue (0.8531743819 -20.4520751927)
continue (0.8572274097 -20.4703856694)
continue (0.8612784258 -20.4893126395)
continue (0.8654007841 -20.5089431106)
continue (0.8695793897 -20.5416547369)
continue (0.8738320602 -20.5714098214)
continue (0.8780757618 -20.5982768348)
continue (0.8823267095 -20.6258531774)
continue (0.8865758872 -20.6542263582)
continue (0.8881744889 -20.6669574857)
continue (0.8882633063 -20.6587446752)
continue (0.8908313543 -20.6753450298)
continue (0.8950839085 -20.7040549331)
continue (0.8993328783 -20.7309860491)
continue (0.9035775804 -20.7585891126)
continue (0.9076364797 -20.7869515825)
continue (0.9122887891 -20.8381628250)
continue (0.9167473412 -20.8853877803)
continue (0.9212068475 -20.9284753284)
continue (0.9256657564 -20.9749203600)
continue (0.9301243670 -21.0254506984)
continue (0.9345830023 -21.0809767807)
continue (0.9370355019 -21.1142630323)
continue (0.9371292055 -21.1099544593)
continue (0.9390420102 -21.1323423439)
continue (0.9435007865 -21.1857353151)
continue (0.9479597018 -21.2447564903)
continue (0.9524111890 -21.3109381894)
continue (0.9531314168 -21.3250202767)
continue (0.9538447474 -21.3388326495)
continue (0.9545581467 -21.3523376740)
continue (0.9552716124 -21.3655324917)
continue (0.9559851426 -21.3784154652)
continue (0.9566987351 -21.3909851388)
continue (0.9574113820 -21.4032418977)
continue (0.9581250913 -21.4151840407)
continue (0.9588388566 -21.4268122128)
continue (0.9595314579 -21.4380999599)
continue (0.9596274111 -21.4354678727)
continue (0.9607717508 -21.4539883092)
continue (0.9619918963 -21.4716103264)
continue (0.9632120904 -21.4883331840)
continue (0.9644323218 -21.5041687859)
continue (0.9656525788 -21.5191381017)
continue (0.9668728501 -21.5332584486)
continue (0.9680931239 -21.5465543010)
continue (0.9693133886 -21.5590502790)
continue (0.9705336324 -21.5707739190)
continue (0.9717072143 -21.5817918410)
continue (0.9718043851 -21.5799110843)
continue (0.9724932560 -21.5861672422)
continue (0.9732327551 -21.5921947810)
continue (0.9739723387 -21.5979747742)
continue (0.9747120047 -21.6035120373)
continue (0.9754507067 -21.6088170128)
continue (0.9761905291 -21.6138951544)
continue (0.9769304274 -21.6187529046)
continue (0.9776693502 -21.6233994580)
continue (0.9784093917 -21.6278396612)
continue (0.9791200447 -21.6320433303)
continue (0.9792179567 -21.6305945743)
continue (0.9796263306 -21.6333038079)
continue (0.9801046776 -21.6358574443)
continue (0.9805824369 -21.6383356923)
continue (0.9810606622 -21.6407401506)
continue (0.9815393541 -21.6430718339)
continue (0.9820174552 -21.6453333365)
continue (0.9824949629 -21.6475250059)
continue (0.9829729353 -21.6496496030)
continue (0.9834513729 -21.6517091437)
continue (0.9838771600 -21.6537290093)
continue (0.9839755477 -21.6525969515)
continue (0.9842533484 -21.6538916146)
continue (0.9845776963 -21.6551771201)
continue (0.9849011935 -21.6564361674)
continue (0.9852259686 -21.6576680883)
continue (0.9855498921 -21.6588750515)
continue (0.9858740286 -21.6600532906)
continue (0.9861983784 -21.6612076832)
continue (0.9865229417 -21.6623364623)
continue (0.9868466500 -21.6634409917)
continue (0.9871812649 -21.6646117325)
continue (0.9872799830 -21.6636514224)
continue (0.9874069640 -21.6643509754)
continue (0.9876424000 -21.6651082577)
continue (0.9878790193 -21.6658531914)
continue (0.9881146805 -21.6665861458)
continue (0.9883504542 -21.6673070577)
continue (0.9885863405 -21.6680170175)
continue (0.9888223393 -21.6687148152)
continue (0.9890584509 -21.6694019840)
continue (0.9892936012 -21.6700780332)
continue (0.9895396087 -21.6706662291)
continue (0.9896385626 -21.6698957918)
continue (0.9991963000 -21.6893991468)
continue (1.0439535177 -21.7227013128)
continue (1.0951412398 -21.7573294584)
continue (1.1489938540 -21.7910254712)
continue (1.2053796635 -21.8241875736)
continue (1.2645948177 -21.8570199913)
continue (1.3266371024 -21.8891562213)
continue (1.3918848719 -21.9207451526)
continue (1.4601298279 -21.9524679011)
continue (1.5320561964 -21.9834563864)
continue (1.6071728847 -22.0142418349)
continue (1.6862824308 -22.0441398646)
continue (1.7691070192 -22.0734040990)
continue (1.8559409890 -22.1017379871)
continue (1.9471517641 -22.1291716963)
continue (2.0427415952 -22.1571739870)
continue (2.1431491665 -22.1860143322)
continue (2.2483765744 -22.2161815238)
continue (2.3583515155 -22.2478321707)
continue (2.4742520380 -22.2813905837)
continue (2.5962023522 -22.3172905659)
continue (2.7234519594 -22.3544238752)
continue (2.8575322220 -22.3876900092)
continue (2.9975889000 -22.4214660287)
continue (2.9978886589 -22.5213690034)
continue (3.1444686874 -22.5702110218)
continue (3.2993013237 -22.6230536625)
continue (3.3154826074 -22.6281493376)
continue (3.3316772167 -22.6332874637)
continue (3.3478832060 -22.6386319872)
continue (3.3640861692 -22.6441289416)
continue (3.3802962572 -22.6497917920)
continue (3.3964987387 -22.6555948400)
continue (3.4127039181 -22.6615882150)
continue (3.4289096388 -22.6677495854)
continue (3.4451137031 -22.6740066844)
continue (3.4609457866 -22.6803470778)
continue (3.4783175587 -22.6830226290)
continue (3.4953148337 -22.6887389597)
continue (3.5123165848 -22.6947182186)
continue (3.5293205071 -22.7008998824)
continue (3.5463242500 -22.7073130597)
continue (3.5540835632 -22.7101538606)
continue (3.5544389716 -22.6913018225)
continue (3.5633254174 -22.6947123921)
continue (3.5803215672 -22.7012644289)
continue (3.5973244128 -22.7079472018)
continue (3.6143174892 -22.7147519713)
continue (3.6319929279 -22.7215383597)
continue (3.6491551562 -22.7249119752)
continue (3.6669967430 -22.7305036832)
continue (3.6848199399 -22.7363450542)
continue (3.7026667870 -22.7424001258)
continue (3.7204898731 -22.7486581841)
continue (3.7383320094 -22.7550710066)
continue (3.7485274603 -22.7587374309)
continue (3.7489023131 -22.7480677136)
continue (3.7561602994 -22.7508815259)
continue (3.7740031459 -22.7573492549)
continue (3.7918427517 -22.7638979795)
continue (3.8096447559 -22.7705532274)
continue (3.8125296550 -22.7705605040)
continue (3.8153869771 -22.7713060698)
continue (3.8182325867 -22.7720606357)
continue (3.8210824441 -22.7728268236)
continue (3.8239365589 -22.7736041435)
continue (3.8267949406 -22.7743906166)
continue (3.8296415044 -22.7751862903)
continue (3.8324923062 -22.7759932563)
continue (3.8353473554 -22.7768095273)
continue (3.8385300152 -22.7776249104)
continue (3.8389138682 -22.7706622992)
continue (3.8430951071 -22.7721018017)
continue (3.8479635231 -22.7735281289)
continue (3.8528442893 -22.7749798756)
continue (3.8577374527 -22.7764541301)
continue (3.8626103154 -22.7779496076)
continue (3.8674955038 -22.7794680138)
continue (3.8723766094 -22.7810048784)
continue (3.8772535543 -22.7825624539)
continue (3.8821262604 -22.7841388618)
continue (3.8876579591 -22.7858181386)
continue (3.8880467249 -22.7807630082)
continue (3.8899647214 -22.7817933425)
continue (3.8929227052 -22.7827591955)
continue (3.8958851910 -22.7837324867)
continue (3.8988521891 -22.7847121346)
continue (3.9018070032 -22.7856972169)
continue (3.9047662995 -22.7866851048)
continue (3.9077133308 -22.7876805786)
continue (3.9106815965 -22.7886804442)
continue (3.9136375668 -22.7896852963)
continue (3.9160594139 -22.7907784335)
continue (3.9164510198 -22.7869381559)
continue (3.9185011099 -22.7876982731)
continue (3.9204229271 -22.7883488413)
continue (3.9223297476 -22.7890003856)
continue (3.9242384239 -22.7896550179)
continue (3.9261489587 -22.7903112093)
continue (3.9280613547 -22.7909678222)
continue (3.9299756146 -22.7916286928)
continue (3.9318917412 -22.7922878756)
continue (3.9338097371 -22.7929501857)
continue (3.9363586419 -22.7936853693)
continue (3.9367522778 -22.7908355504)
continue (3.9370218983 -22.7912478104)
continue (3.9383150403 -22.7916967710)
continue (3.9396090321 -22.7921446482)
continue (3.9409038745 -22.7925951112)
continue (3.9421995683 -22.7930454675)
continue (3.9434961144 -22.7934968663)
continue (3.9447935136 -22.7939487349)
continue (3.9460917668 -22.7944010741)
continue (3.9473908747 -22.7948538849)
continue (3.9482973380 -22.7953106921)
continue (3.9486921677 -22.7929898090)
continue (3.9496321357 -22.7933967047)
continue (3.9505738819 -22.7937253862)
continue (3.9515160773 -22.7940558713)
continue (3.9524587222 -22.7943850523)
continue (3.9534018169 -22.7947139064)
continue (3.9543453619 -22.7950435867)
continue (3.9552893573 -22.7953735175)
continue (3.9562338035 -22.7957052598)
continue (3.9571787009 -22.7960356939)
continue (3.9585882954 -22.7963976381)
continue (3.9589841543 -22.7945548956)
continue (3.9967852000 -22.8082396194)
continue (3.9971848786 -22.8082396194)
continue (4.1935896254 -22.8946616399)
continue (4.3980068803 -22.9313133820)
continue (4.6140102562 -22.9539856016)
continue (4.8420139512 -22.9738812544)
continue (5.0795263412 -22.9935542300)
continue (5.3290469334 -23.0137144278)
continue (5.5905952491 -23.0346380364)
continue (5.8640091738 -23.0561259824)
continue (6.1530521648 -23.0780967860)
continue (6.4537324760 -23.1002749031)
continue (6.7752195212 -23.1226078091)
continue (7.1026268559 -23.1449010455)
continue (7.4571769690 -23.1668929880)
continue (7.8220345546 -23.1885934714)
continue (8.2022234528 -23.2097858249)
continue (8.6049766346 -23.2305418740)
continue (9.0313877662 -23.2507924709)
continue (9.4736149871 -23.2706533729)
continue (9.9396490577 -23.2899916789)
continue (10.4275892620 -23.3091157997)
continue (10.9395801393 -23.3280289248)
continue (11.4769146802 -23.3469175070)
continue (12.0410547781 -23.3659578229)
continue (12.6319243916 -23.3853653937)
continue (13.2528654102 -23.4051514457)
continue (13.9039826916 -23.4254431860)
continue (14.5849395904 -23.4462691890)
continue (15.3025529069 -23.4677344676)
continue (16.0547397041 -23.4899413068)
continue (16.8410095289 -23.5128083703)
continue (17.6704872136 -23.5364348321)
continue (18.5367580473 -23.5606966376)
continue (19.4465861205 -23.5857240757)
continue (20.4045460279 -23.6113932256)
continue (21.4063196055 -23.6377304788)
continue (22.4560627306 -23.6646045517)
continue (23.5591268254 -23.6920119383)
continue (24.7156773965 -23.7198953850)
continue (25.9324708482 -23.7484212199)
continue (27.2020007644 -23.7772380016)
continue (28.5395247606 -23.8064889702)
continue (29.9463366943 -23.8360611908)
continue (31.4121691006 -23.8661270507)
continue (32.9572161160 -23.8962458284)
continue (34.5700692567 -23.9267696846)
continue (36.2765535672 -23.9575422103)
continue (38.0487275828 -23.9886749140)
continue (39.9153318269 -24.0197710047)
continue (41.8780802209 -24.0511018512)
continue (43.9376579367 -24.0825422945)
continue (46.0934256756 -24.1141612434)
continue (48.3687380896 -24.1458409832)
continue (50.7386985305 -24.1776798331)
continue (53.2282141126 -24.2095706098)
continue (55.8374402946 -24.2415292477)
continue (58.6023810680 -24.2734780543)
continue (61.4475404995 -24.3053305651)
continue (64.4916507861 -24.3368086977)
continue (67.6515980406 -24.3664784554)
continue (70.9709521501 -24.3931635229)
continue (74.4499203927 -24.4170142301)
continue (78.0862918258 -24.4369456493)
continue (81.9484735258 -24.4552847633)
continue (85.9685873214 -24.4732151650)
continue (90.2244579809 -24.4903872432)
continue (94.6279362001 -24.5072891792)
continue (99.2773750525 -24.5241778366)
continue (104.1567065501 -24.5403621391)
continue (109.2777342136 -24.5557033361)
continue (114.6392031208 -24.5698930824)
continue (120.2675235063 -24.5839956606)
continue (126.1793167554 -24.5973673638)
continue (132.3746405589 -24.6098877232)
continue (138.8703178310 -24.6214686073)
continue (145.6861751570 -24.6331431019)
continue (152.8458613900 -24.6449863330)
continue (160.3496437810 -24.6571225116)
continue (168.2235602007 -24.6696076198)
continue (176.4995207451 -24.6818769270)
continue (185.1792370671 -24.6936440411)
continue (194.2585857189 -24.7050340566)
continue (203.8172725581 -24.7165047239)
continue (213.8120660740 -24.7276360864)
continue (224.3394942411 -24.7381086768)
continue (235.3478888448 -24.7481580035)
continue (246.8889259299 -24.7581472147)
continue (259.0298537826 -24.7674038963)
continue (271.6955949932 -24.7768108350)
continue (285.0381687855 -24.7870101476)
continue (299.0702414201 -24.7971824095)
continue (313.7971851264 -24.8073198714)
continue (329.2149658986 -24.8171291320)
continue (345.3077020111 -24.8274569062)
continue (362.3328133627 -24.8383946730)
continue (380.1698062608 -24.8498615940)
continue (398.8039499375 -24.8619554576)
continue (418.3962468353 -24.8747211383)
continue (438.9532878647 -24.8875380820)
continue (460.4684313326 -24.9010221534)
continue (483.1744568437 -24.9152250084)
continue (506.8225948872 -24.9296116827)
continue (531.6610417778 -24.9422041565)
continue (557.6909581439 -24.9517380593)
continue (585.2710504863 -24.9595032140)
continue (614.0613380102 -24.9674097562)
continue (644.0049650934 -24.9747234829)
continue (675.5129915546 -24.9817458623)
continue (709.1572183714 -24.9892237185)
continue (743.8914494753 -24.9968241231)
continue (780.1943712390 -25.0042262287)
continue (818.7484506803 -25.0110696179)
continue (858.8756132019 -25.0174885518)
continue (901.3521519359 -25.0236916321)
continue (945.2977444058 -25.0297611307)
continue (991.6933568475 -25.0358787643)
continue (1040.3779262555 -25.0421795181)
continue (1091.4684700050 -25.0485921488)
continue (1145.0955335602 -25.0552585508)
continue (1201.4067575573 -25.0626806780)
continue (1260.3969925411 -25.0708550461)
continue (1322.2098456285 -25.0799062463)
continue (1387.2233606442 -25.0899936888)
continue (1455.2331932405 -25.1014059583)
continue (1526.6661511261 -25.1140853550)
continue (1601.8052831907 -25.1279387146)
continue (1680.3743787704 -25.1427913150)
continue (1762.9464608381 -25.1585451822)
continue (1849.5372957321 -25.1755294297)
continue (1940.5175161993 -25.1937340936)
continue (2035.8959463968 -25.2126645109)
continue (2135.6152463257 -25.2323690003)
continue (2240.6368960098 -25.2531657610)
continue (2350.4437080402 -25.2750581136)
continue (2466.2165780979 -25.2975093240)
continue (2587.3566882657 -25.3200214378)
continue (2714.5279285290 -25.3429028181)
continue (2847.7094550225 -25.3666527833)
continue (2987.7607396957 -25.3908358432)
continue (3133.6555213452 -25.4151782967)
continue (3288.5854406611 -25.4394344988)
continue (3449.1560393913 -25.4639867660)
continue (3619.0112216330 -25.4892326634)
continue (3796.9459400300 -25.5148703660)
continue (3982.8104266049 -25.5410589579)
continue (4178.2073617936 -25.5675141824)
continue (4383.1987763694 -25.5941818637)
continue (4600.0354649530 -25.6212495308)
continue (4826.6261949533 -25.6488375373)
continue (5062.5945867066 -25.6768505466)
continue (5310.4139021398 -25.7050304748)
continue (5573.4986275669 -25.7337058423)
continue (5845.2022168518 -25.7624939892)
continue (6132.3487591332 -25.7913883457)
continue (6435.5015932711 -25.8211904421)
continue (6750.1261156088 -25.8516432671)
continue (7080.5518695197 -25.8818706365)
continue (7426.7891247530 -25.9124396708)
continue (7795.2696801299 -25.9431842937)
continue (8180.1348797773 -25.9742210110)
continue (8580.6687910282 -26.0060772843)
continue (8995.7258204066 -26.0388953764)
continue (9442.2031458625 -26.0716431958)
continue (9905.0763652956 -26.1038404116)
continue (10391.9149915291 -26.1360072188)
continue (10902.9316296625 -26.1686939807)
continue (11438.0196511509 -26.2021151857)
continue (11999.8291494231 -26.2352822126)
continue (12588.2998426190 -26.2681382794)
continue (13206.7684870607 -26.3011054201)
continue (13855.3599757821 -26.3340554020)
continue (14536.0827182516 -26.3671349470)
continue (15251.3309725053 -26.4003151065)
continue (15998.3677248453 -26.4336401493)
continue (16785.1726949197 -26.4674874383)
continue (17609.0246494143 -26.5017081335)
continue (18476.6225792212 -26.5367896835)
continue (19380.4131349892 -26.5729369373)
continue (20336.2424817494 -26.6092832100)
continue (21331.1569664605 -26.6460578922)
continue (22378.8562280744 -26.6832944297)
continue (23480.2119455602 -26.7210449056)
continue (24635.4967722950 -26.7597358295)
continue (25844.2151334995 -26.7994132947)
continue (27112.9730915558 -26.8395269440)
continue (28441.5426219473 -26.8804156111)
continue (29838.4749707659 -26.9219138462)
continue (31304.2605842388 -26.9646658292)
continue (32838.4513732321 -27.0087093800)
continue (34452.4395314628 -27.0538370907)
continue (36147.0458392380 -27.0994700964)
continue (37922.0568292630 -27.1456296100)
continue (39793.3198955105 -27.1927662505)
continue (41743.7941185154 -27.2416298657)
continue (43789.8618744445 -27.2920936883)
continue (45953.9599398483 -27.3444907107)
continue (48189.6893499308 -27.3988768293)
continue (50569.7572479018 -27.4548775723)
continue (53042.3181377876 -27.5123748837)
continue (55666.8922179103 -27.5712200037)
continue (58377.1316852781 -27.6318746380)
continue (61241.0635488703 -27.6946303258)
continue (64264.2472219458 -27.7590408188)
continue (67401.4072194668 -27.8250664119)
continue (70750.5454663968 -27.8934096023)
continue (74207.4125087289 -27.9633925733)
continue (77819.5581218780 -28.0359845132)
continue (81654.7513984938 -28.1108207803)
continue (85725.9666610716 -28.1880741071)
continue (89868.5429592890 -28.2679536230)
continue (94314.5338032696 -28.3505721964)
continue (98943.2166783052 -28.4364185197)
continue (103800.7774925608 -28.5249745809)
continue (108899.0231366146 -28.6165652910)
continue (114251.1315956859 -28.7122376019)
continue (119856.2443255545 -28.8092833432)
continue (125744.0355467353 -28.9076542881)
continue (131933.8389470379 -29.0084623434)
continue (138406.2918601444 -29.1095386549)
continue (145198.6975154861 -29.2117615645)
continue (152334.8421275812 -29.3131165494)
continue (159815.3324460174 -29.4133826517)
continue (167666.4260546809 -29.5096740559)
continue (175886.3203256497 -29.5975142462)
continue (184541.7224801926 -29.6773689790)
continue (193598.2633539815 -29.7488039382)
continue (203090.4893263185 -29.8064155130)
continue (213112.0265685666 -29.8547116089)
continue (223568.9464198211 -29.8946616399)
continue (234560.3669516579 -29.9275830707)
continue (246022.4151207319 -29.9603952521)
continue (258149.2990388642 -29.9929860972)
continue (270807.4370303688 -30.0258165160)
continue (284149.3687580888 -30.0585050604)
continue (298091.9285597615 -30.0911804297)
continue (312720.3245048699 -30.1238966514)
continue (328029.8868276425 -30.1565940220)
continue (344134.0731144981 -30.1892618109)
continue (361040.8183863672 -30.2219599870)
continue (378747.7246912680 -30.2546448897)
continue (397412.5711326607 -30.2873585287)
continue (416865.0620343966 -30.3200626359)
continue (437478.1687984592 -30.3527429338)
continue (458845.4308193308 -30.3853973010)
continue (481387.7578484896 -30.4181297543)
continue (505136.9321547621 -30.4508039067)
continue (529806.4102367389 -30.4835105595)
continue (555989.6434455100 -30.5162534616)
continue (583397.5836153590 -30.5489218122)
continue (611999.3456059039 -30.5815260315)
continue (3672982.7714921040 -31.6572297583)
continue (3709712.5992070250 -50.0000000000)
continue (7354000.0000000000 -50.0000000000)
f(nu) = -20.5908003355 at 1.0000000000 Ryd
