# Haardt & Madau (2011)
# z = 11.589254
# E [Ryd] log (J_nu)
interpolate (0.0000000100 -50.0000000000)
continue (0.0090035365 -50.0000000000)
continue (0.0090944813 -21.6659101630)
continue (0.0095460614 -21.6267568017)
continue (0.0100150239 -21.5877255780)
continue (0.0105069414 -21.5485567231)
continue (0.0110229470 -21.5091801421)
continue (0.0115643024 -21.4701106426)
continue (0.0121324328 -21.4308642683)
continue (0.0127271931 -21.3915797136)
continue (0.0133518978 -21.3528825100)
continue (0.0140087168 -21.3145331291)
continue (0.0146954850 -21.2768060337)
continue (0.0154190698 -21.2390093881)
continue (0.0161744236 -21.2010758772)
continue (0.0169695908 -21.1635080493)
continue (0.0178051392 -21.1254709895)
continue (0.0186773319 -21.0871393476)
continue (0.0195971403 -21.0481406593)
continue (0.0205564409 -21.0091367444)
continue (0.0215684503 -20.9721675996)
continue (0.0226289304 -20.9363354391)
continue (0.0237370937 -20.8999603369)
continue (0.0249048108 -20.8643889023)
continue (0.0261257748 -20.8301231913)
continue (0.0274065271 -20.7965667970)
continue (0.0287556651 -20.7622381883)
continue (0.0301644166 -20.7273598773)
continue (0.0316522065 -20.6926465430)
continue (0.0332094397 -20.6594507947)
continue (0.0348343664 -20.6256882117)
continue (0.0365530295 -20.5908303657)
continue (0.0383368543 -20.5567426489)
continue (0.0402325398 -20.5238898094)
continue (0.0422078289 -20.4915734519)
continue (0.0442792529 -20.4615338684)
continue (0.0464458219 -20.4349591494)
continue (0.0487308570 -20.4099175179)
continue (0.0511373191 -20.3878487828)
continue (0.0536354930 -20.3705390036)
continue (0.0562510510 -20.3554683990)
continue (0.0590198851 -20.3398410533)
continue (0.0619488121 -20.3226578499)
continue (0.0649513204 -20.3041210082)
continue (0.0681575935 -20.2846202353)
continue (0.0715280240 -20.2650309325)
continue (0.0750014013 -20.2447215615)
continue (0.0786931801 -20.2247246866)
continue (0.0825423030 -20.2071036733)
continue (0.0866223408 -20.1918585216)
continue (0.0908541401 -20.1775983593)
continue (0.0953507404 -20.1603230204)
continue (0.1000293113 -20.1466895358)
continue (0.1049484079 -20.1377364770)
continue (0.1100962940 -20.1258028404)
continue (0.1155110946 -20.1143184221)
continue (0.1211791257 -20.1039029671)
continue (0.1271298864 -20.0943557144)
continue (0.1333821759 -20.0852907313)
continue (0.1399365826 -20.0767603478)
continue (0.1467891472 -20.0670345518)
continue (0.1540082856 -20.0546727661)
continue (0.1615721677 -20.0396714981)
continue (0.1695065152 -20.0220402807)
continue (0.1778429012 -20.0050008527)
continue (0.1865821101 -19.9905731434)
continue (0.1957188629 -19.9821755080)
continue (0.2053328133 -19.9829485492)
continue (0.2154295569 -19.9921316279)
continue (0.2260086869 -20.0120339540)
continue (0.2371238682 -20.0369667041)
continue (0.2487761468 -20.0378043128)
continue (0.2609584839 -20.0169245291)
continue (0.2738182168 -19.9968191138)
continue (0.2872846865 -19.9777530040)
continue (0.3013449159 -19.9603752540)
continue (0.3161925835 -19.9442774191)
continue (0.3317317166 -19.9296427810)
continue (0.3479446451 -19.9146091104)
continue (0.3650909558 -19.8981127237)
continue (0.3830462487 -19.8809449283)
continue (0.4017932212 -19.8657055129)
continue (0.4214926113 -19.8522656729)
continue (0.4421479988 -19.8352521458)
continue (0.4639852473 -19.8174923548)
continue (0.4867879410 -19.8035464161)
continue (0.5105137398 -19.7915248867)
continue (0.5357242949 -19.7814060381)
continue (0.5621634951 -19.7711854897)
continue (0.5898168451 -19.7186087283)
continue (0.6186469963 -19.7047313193)
continue (0.6490505880 -19.6941015031)
continue (0.6810665363 -19.7004055083)
continue (0.7141591110 -19.7344535732)
continue (0.7493972250 -19.7475342977)
continue (0.7494721647 -19.9138137608)
continue (0.7862528262 -19.9781152582)
continue (0.8246760413 -20.1527450785)
continue (0.8288691440 -20.1792179165)
continue (0.8329223494 -20.2076372184)
continue (0.8369692640 -20.2382926331)
continue (0.8410246471 -20.2715486322)
continue (0.8450724969 -20.3078642972)
continue (0.8491278496 -20.3475236625)
continue (0.8531743819 -20.3915336256)
continue (0.8572274097 -20.4413102192)
continue (0.8612784258 -20.4984596725)
continue (0.8654007841 -20.5653347833)
continue (0.8695793897 -20.6520038697)
continue (0.8738320602 -20.7612035479)
continue (0.8780757618 -20.9086668510)
continue (0.8823267095 -21.1357749987)
continue (0.8865758872 -21.6472161590)
continue (0.8881744889 -50.0000000000)
continue (0.8882633063 -20.3286065665)
continue (0.8908313543 -20.3507992279)
continue (0.8950839085 -20.3922574342)
continue (0.8993328783 -20.4374725137)
continue (0.9035775804 -20.4882198316)
continue (0.9076364797 -20.5459973229)
continue (0.9122887891 -20.6208236799)
continue (0.9167473412 -20.7098708943)
continue (0.9212068475 -20.8203120836)
continue (0.9256657564 -20.9665253256)
continue (0.9301243670 -21.1850191046)
continue (0.9345830023 -21.6361892467)
continue (0.9370355019 -50.0000000000)
continue (0.9371292055 -20.7698233445)
continue (0.9390420102 -20.8115401009)
continue (0.9435007865 -20.9211651287)
continue (0.9479597018 -21.0655893867)
continue (0.9524111890 -21.2794568659)
continue (0.9531314168 -21.3304419133)
continue (0.9538447474 -21.3867791522)
continue (0.9545581467 -21.4499247883)
continue (0.9552716124 -21.5219935577)
continue (0.9559851426 -21.6062656455)
continue (0.9566987351 -21.7082366525)
continue (0.9574113820 -21.8382031388)
continue (0.9581250913 -22.0192932482)
continue (0.9588388566 -22.3252902695)
continue (0.9595314579 -50.0000000000)
continue (0.9596274111 -21.1962634188)
continue (0.9607717508 -21.2512424336)
continue (0.9619918963 -21.3115299464)
continue (0.9632120904 -21.3785679944)
continue (0.9644323218 -21.4544733675)
continue (0.9656525788 -21.5425246388)
continue (0.9668728501 -21.6482149368)
continue (0.9680931239 -21.7818471374)
continue (0.9693133886 -21.9665447671)
continue (0.9705336324 -22.2760947682)
continue (0.9717072143 -50.0000000000)
continue (0.9718043851 -21.5621815724)
continue (0.9724932560 -21.6132615675)
continue (0.9732327551 -21.6697547250)
continue (0.9739723387 -21.7330559205)
continue (0.9747120047 -21.8052808164)
continue (0.9754507067 -21.8897071707)
continue (0.9761905291 -21.9918295492)
continue (0.9769304274 -22.1219527918)
continue (0.9776693502 -22.3031961860)
continue (0.9784093917 -22.6093461218)
continue (0.9791200447 -50.0000000000)
continue (0.9792179567 -21.8427241735)
continue (0.9796263306 -21.8919167234)
continue (0.9801046776 -21.9464536948)
continue (0.9805824369 -22.0078184930)
continue (0.9810606622 -22.0781244142)
continue (0.9815393541 -22.1606520035)
continue (0.9820174552 -22.2608950498)
continue (0.9824949629 -22.3891538257)
continue (0.9829729353 -22.5685531055)
continue (0.9834513729 -22.8728769324)
continue (0.9838771600 -50.0000000000)
continue (0.9839755477 -22.0711854069)
continue (0.9842533484 -22.1192130607)
continue (0.9845776963 -22.1726344554)
continue (0.9849011935 -22.2328891882)
continue (0.9852259686 -22.3020926315)
continue (0.9855498921 -22.3835249196)
continue (0.9858740286 -22.4826799032)
continue (0.9861983784 -22.6098585769)
continue (0.9865229417 -22.7881826378)
continue (0.9868466500 -23.0914407882)
continue (0.9871812649 -49.4175038881)
continue (0.9872799830 -22.2507482692)
continue (0.9874069640 -22.2981601728)
continue (0.9876424000 -22.3509524749)
continue (0.9878790193 -22.4105815983)
continue (0.9881146805 -22.4791615686)
continue (0.9883504542 -22.5599736634)
continue (0.9885863405 -22.6585116623)
continue (0.9888223393 -22.7850748281)
continue (0.9890584509 -22.9627889641)
continue (0.9892936012 -23.2654362091)
continue (0.9895396087 -48.3487500878)
continue (0.9896385626 -21.7268479362)
continue (0.9991963000 -23.8337973557)
continue (1.0439535177 -24.0101067488)
continue (1.0951412398 -24.1130470843)
continue (1.1489938540 -24.1771009520)
continue (1.2053796635 -24.2153335230)
continue (1.2645948177 -24.2251774171)
continue (1.3266371024 -24.2301694811)
continue (1.3918848719 -24.2119976146)
continue (1.4601298279 -24.1823714622)
continue (1.5320561964 -24.1613628293)
continue (1.6071728847 -24.1262701095)
continue (1.6862824308 -24.2171921669)
continue (1.7691070192 -24.2157230713)
continue (1.8559409890 -24.3377768995)
continue (1.9471517641 -24.3099848854)
continue (2.0427415952 -24.2775408577)
continue (2.1431491665 -24.2657844160)
continue (2.2483765744 -24.2343237394)
continue (2.3583515155 -24.2472546953)
continue (2.4742520380 -24.2025027385)
continue (2.5962023522 -24.2140043319)
continue (2.7234519594 -24.1934890948)
continue (2.8575322220 -24.1770421897)
continue (2.9975889000 -24.0859003271)
continue (2.9978886589 -24.3265679377)
continue (3.1444686874 -24.1313367062)
continue (3.2993013237 -24.1428884907)
continue (3.3154826074 -24.1252192520)
continue (3.3316772167 -24.1291383163)
continue (3.3478832060 -24.1330383047)
continue (3.3640861692 -24.1369185327)
continue (3.3802962572 -24.1407799638)
continue (3.3964987387 -24.1403699325)
continue (3.4127039181 -24.1366406074)
continue (3.4289096388 -24.1329956689)
continue (3.4451137031 -24.1294408239)
continue (3.4609457866 -24.1259677243)
continue (3.4783175587 -24.1126766619)
continue (3.4953148337 -24.1210734656)
continue (3.5123165848 -24.1294866924)
continue (3.5293205071 -24.1379179910)
continue (3.5463242500 -24.1491661964)
continue (3.5540835632 -50.0000000000)
continue (3.5544389716 -24.2239162192)
continue (3.5633254174 -24.2325624858)
continue (3.5803215672 -24.2446651277)
continue (3.5973244128 -24.2525970050)
continue (3.6143174892 -24.2605593369)
continue (3.6319929279 -24.2685828088)
continue (3.6491551562 -24.2637041062)
continue (3.6669967430 -24.2806254885)
continue (3.6848199399 -24.2975283546)
continue (3.7026667870 -24.3144125080)
continue (3.7204898731 -24.3312785307)
continue (3.7383320094 -24.3499498747)
continue (3.7485274603 -50.0000000000)
continue (3.7489023131 -24.3967993931)
continue (3.7561602994 -24.4047764594)
continue (3.7740031459 -24.4231874332)
continue (3.7918427517 -24.4431554176)
continue (3.8096447559 -24.4676861119)
continue (3.8125296550 -24.5315253656)
continue (3.8153869771 -24.5954169162)
continue (3.8182325867 -24.6594161902)
continue (3.8210824441 -24.7235572015)
continue (3.8239365589 -24.7879237080)
continue (3.8267949406 -24.8528180356)
continue (3.8296415044 -24.9196182857)
continue (3.8324923062 -24.9957212251)
continue (3.8353473554 -25.1292626706)
continue (3.8385300152 -50.0000000000)
continue (3.8389138682 -25.1025888974)
continue (3.8430951071 -25.2098879128)
continue (3.8479635231 -25.3172540335)
continue (3.8528442893 -25.4247301741)
continue (3.8577374527 -25.5323626121)
continue (3.8626103154 -25.6402121750)
continue (3.8674955038 -25.7483617955)
continue (3.8723766094 -25.8570096178)
continue (3.8772535543 -25.9675596898)
continue (3.8821262604 -26.1004995343)
continue (3.8876579591 -50.0000000000)
continue (3.8880467249 -26.1746470427)
continue (3.8899647214 -26.2394999987)
continue (3.8929227052 -26.3044572094)
continue (3.8958851910 -26.3695323850)
continue (3.8988521891 -26.4347601447)
continue (3.9018070032 -26.5002311233)
continue (3.9047662995 -26.5662606240)
continue (3.9077133308 -26.6342799781)
continue (3.9106815965 -26.7118796222)
continue (3.9136375668 -26.8477513120)
continue (3.9160594139 -50.0000000000)
continue (3.9164510198 -26.8203459876)
continue (3.9185011099 -26.8622395328)
continue (3.9204229271 -26.9043747844)
continue (3.9223297476 -26.9467015988)
continue (3.9242384239 -26.9894139960)
continue (3.9261489587 -27.0330504374)
continue (3.9280613547 -27.0791569780)
continue (3.9299756146 -27.1324745178)
continue (3.9318917412 -27.2088312008)
continue (3.9338097371 -27.3737879187)
continue (3.9363586419 -50.0000000000)
continue (3.9367522778 -27.2363616500)
continue (3.9370218983 -27.2652997232)
continue (3.9383150403 -27.2945860953)
continue (3.9396090321 -27.3245954526)
continue (3.9409038745 -27.3560387440)
continue (3.9421995683 -27.3904377210)
continue (3.9434961144 -27.4311543101)
continue (3.9447935136 -27.4860420874)
continue (3.9460917668 -27.5756710754)
continue (3.9473908747 -27.7715334525)
continue (3.9482973380 -50.0000000000)
continue (3.9486921677 -27.5194774122)
continue (3.9496321357 -27.5418395975)
continue (3.9505738819 -27.5652122769)
continue (3.9515160773 -27.5903555971)
continue (3.9524587222 -27.6185604619)
continue (3.9534018169 -27.6521988670)
continue (3.9543453619 -27.6957943742)
continue (3.9552893573 -27.7586808503)
continue (3.9562338035 -27.8630903213)
continue (3.9571787009 -28.0821063734)
continue (3.9585882954 -50.0000000000)
continue (3.9589841543 -27.7141937454)
continue (3.9967852000 -30.3096465465)
continue (3.9971848786 -30.3096465465)
continue (4.1935896254 -31.2322696555)
continue (4.3980068803 -31.9407500090)
continue (4.6140102562 -32.1347099559)
continue (4.8420139512 -32.1241188204)
continue (5.0795263412 -32.0896960713)
continue (5.3290469334 -32.0529553839)
continue (5.5905952491 -32.0162540249)
continue (5.8640091738 -31.9783112832)
continue (6.1530521648 -31.9404777733)
continue (6.4537324760 -31.9019894044)
continue (6.7752195212 -31.8624331301)
continue (7.1026268559 -31.8221964888)
continue (7.4571769690 -31.7797001503)
continue (7.8220345546 -31.7331044336)
continue (8.2022234528 -31.6837256068)
continue (8.6049766346 -31.6234352664)
continue (9.0313877662 -31.5548046984)
continue (9.4736149871 -31.4774967941)
continue (9.9396490577 -31.3857024599)
continue (10.4275892620 -31.2903086381)
continue (10.9395801393 -31.1898870750)
continue (11.4769146802 -31.0790526169)
continue (12.0410547781 -30.9662799397)
continue (12.6319243916 -30.8549085987)
continue (13.2528654102 -30.7486536071)
continue (13.9039826916 -30.6462897605)
continue (14.5849395904 -30.5421428226)
continue (15.3025529069 -30.4404852032)
continue (16.0547397041 -30.3430834776)
continue (16.8410095289 -30.2452139751)
continue (17.6704872136 -30.1480133073)
continue (18.5367580473 -30.0553742709)
continue (19.4465861205 -29.9672388222)
continue (20.4045460279 -29.8835883205)
continue (21.4063196055 -29.8159414902)
continue (22.4560627306 -29.7444987251)
continue (23.5591268254 -29.6588850015)
continue (24.7156773965 -29.5811366469)
continue (25.9324708482 -29.5065882043)
continue (27.2020007644 -29.4289258650)
continue (28.5395247606 -29.3586162124)
continue (29.9463366943 -29.2967851770)
continue (31.4121691006 -29.2305384927)
continue (32.9572161160 -29.1627495504)
continue (34.5700692567 -29.0927935527)
continue (36.2765535672 -29.0320424508)
continue (38.0487275828 -28.9780304226)
continue (39.9153318269 -28.9485583370)
continue (41.8780802209 -28.9047853001)
continue (43.9376579367 -28.8407920338)
continue (46.0934256756 -28.7796238593)
continue (48.3687380896 -28.7185949402)
continue (50.7386985305 -28.6559479127)
continue (53.2282141126 -28.5998790764)
continue (55.8374402946 -28.5469361032)
continue (58.6023810680 -28.4859571609)
continue (61.4475404995 -28.4288499200)
continue (64.4916507861 -28.3764936154)
continue (67.6515980406 -28.3186525528)
continue (70.9709521501 -28.2604177478)
continue (74.4499203927 -28.2028398827)
continue (78.0862918258 -28.1471786045)
continue (81.9484735258 -28.0925539252)
continue (85.9685873214 -28.0339549377)
continue (90.2244579809 -27.9754950037)
continue (94.6279362001 -27.9171305334)
continue (99.2773750525 -27.8611384645)
continue (104.1567065501 -27.8061863810)
continue (109.2777342136 -27.7523689128)
continue (114.6392031208 -27.6967430292)
continue (120.2675235063 -27.6402769375)
continue (126.1793167554 -27.5844262112)
continue (132.3746405589 -27.5309500710)
continue (138.8703178310 -27.4795587126)
continue (145.6861751570 -27.4228805614)
continue (152.8458613900 -27.3660588902)
continue (160.3496437810 -27.3105126000)
continue (168.2235602007 -27.2566871327)
continue (176.4995207451 -27.2049210701)
continue (185.1792370671 -27.1557231582)
continue (194.2585857189 -27.1032807225)
continue (203.8172725581 -27.0490558809)
continue (213.8120660740 -27.0020931495)
continue (224.3394942411 -26.9547755937)
continue (235.3478888448 -26.9050289229)
continue (246.8889259299 -26.8597284541)
continue (259.0298537826 -26.8121611455)
continue (271.6955949932 -26.7597484206)
continue (285.0381687855 -26.7150637772)
continue (299.0702414201 -26.6750235346)
continue (313.7971851264 -26.6343460412)
continue (329.2149658986 -26.5940590130)
continue (345.3077020111 -26.5551026912)
continue (362.3328133627 -26.5190445274)
continue (380.1698062608 -26.4861344594)
continue (398.8039499375 -26.4560430660)
continue (418.3962468353 -26.4289050724)
continue (438.9532878647 -26.4051995987)
continue (460.4684313326 -26.3865001406)
continue (483.1744568437 -26.3753799754)
continue (506.8225948872 -26.3705765943)
continue (531.6610417778 -26.3672027205)
continue (557.6909581439 -26.3593632051)
continue (585.2710504863 -26.3487244056)
continue (614.0613380102 -26.3405057671)
continue (644.0049650934 -26.3337933798)
continue (675.5129915546 -26.3281375753)
continue (709.1572183714 -26.3252163940)
continue (743.8914494753 -26.3245930834)
continue (780.1943712390 -26.3251928609)
continue (818.7484506803 -26.3262921477)
continue (858.8756132019 -26.3272882543)
continue (901.3521519359 -26.3285372153)
continue (945.2977444058 -26.3299897888)
continue (991.6933568475 -26.3319002452)
continue (1040.3779262555 -26.3341665702)
continue (1091.4684700050 -26.3363787374)
continue (1145.0955335602 -26.3385596146)
continue (1201.4067575573 -26.3410519329)
continue (1260.3969925411 -26.3441108492)
continue (1322.2098456285 -26.3478839758)
continue (1387.2233606442 -26.3526152950)
continue (1455.2331932405 -26.3589321668)
continue (1526.6661511261 -26.3671926021)
continue (1601.8052831907 -26.3787796619)
continue (1680.3743787704 -26.3912193296)
continue (1762.9464608381 -26.4042965518)
continue (1849.5372957321 -26.4187258406)
continue (1940.5175161993 -26.4350519611)
continue (2035.8959463968 -26.4521203538)
continue (2135.6152463257 -26.4697588130)
continue (2240.6368960098 -26.4889884505)
continue (2350.4437080402 -26.5098119091)
continue (2466.2165780979 -26.5316618488)
continue (2587.3566882657 -26.5533527664)
continue (2714.5279285290 -26.5748999632)
continue (2847.7094550225 -26.5979167388)
continue (2987.7607396957 -26.6218023416)
continue (3133.6555213452 -26.6455376382)
continue (3288.5854406611 -26.6687851870)
continue (3449.1560393913 -26.6922434916)
continue (3619.0112216330 -26.7163277061)
continue (3796.9459400300 -26.7413466628)
continue (3982.8104266049 -26.7665845799)
continue (4178.2073617936 -26.7925291505)
continue (4383.1987763694 -26.8181591546)
continue (4600.0354649530 -26.8443917151)
continue (4826.6261949533 -26.8712908399)
continue (5062.5945867066 -26.8985873282)
continue (5310.4139021398 -26.9258782637)
continue (5573.4986275669 -26.9540971993)
continue (5845.2022168518 -26.9821860397)
continue (6132.3487591332 -27.0099573707)
continue (6435.5015932711 -27.0387554778)
continue (6750.1261156088 -27.0687716106)
continue (7080.5518695197 -27.0984590073)
continue (7426.7891247530 -27.1280116552)
continue (7795.2696801299 -27.1581513559)
continue (8180.1348797773 -27.1882690258)
continue (8580.6687910282 -27.2191059802)
continue (8995.7258204066 -27.2518348418)
continue (9442.2031458625 -27.2848616626)
continue (9905.0763652956 -27.3166725770)
continue (10391.9149915291 -27.3481868333)
continue (10902.9316296625 -27.3802692879)
continue (11438.0196511509 -27.4139743489)
continue (11999.8291494231 -27.4474891818)
continue (12588.2998426190 -27.4801860159)
continue (13206.7684870607 -27.5130654605)
continue (13855.3599757821 -27.5456571623)
continue (14536.0827182516 -27.5780874719)
continue (15251.3309725053 -27.6105643171)
continue (15998.3677248453 -27.6427633612)
continue (16785.1726949197 -27.6752089163)
continue (17609.0246494143 -27.7081701401)
continue (18476.6225792212 -27.7419156300)
continue (19380.4131349892 -27.7769419953)
continue (20336.2424817494 -27.8126473234)
continue (21331.1569664605 -27.8481682609)
continue (22378.8562280744 -27.8840301517)
continue (23480.2119455602 -27.9202176277)
continue (24635.4967722950 -27.9575992664)
continue (25844.2151334995 -27.9956931317)
continue (27112.9730915558 -28.0345459271)
continue (28441.5426219473 -28.0735632167)
continue (29838.4749707659 -28.1129642105)
continue (31304.2605842388 -28.1537763576)
continue (32838.4513732321 -28.1965688789)
continue (34452.4395314628 -28.2403925508)
continue (36147.0458392380 -28.2841830705)
continue (37922.0568292630 -28.3278728151)
continue (39793.3198955105 -28.3720369339)
continue (41743.7941185154 -28.4181296789)
continue (43789.8618744445 -28.4656668000)
continue (45953.9599398483 -28.5152257771)
continue (48189.6893499308 -28.5670730040)
continue (50569.7572479018 -28.6207056014)
continue (53042.3181377876 -28.6757611415)
continue (55666.8922179103 -28.7320581143)
continue (58377.1316852781 -28.7898361994)
continue (61241.0635488703 -28.8499390520)
continue (64264.2472219458 -28.9115647757)
continue (67401.4072194668 -28.9749253107)
continue (70750.5454663968 -29.0401512468)
continue (74207.4125087289 -29.1069297187)
continue (77819.5581218780 -29.1761544123)
continue (81654.7513984938 -29.2477268667)
continue (85725.9666610716 -29.3214274647)
continue (89868.5429592890 -29.3979565065)
continue (94314.5338032696 -29.4772270151)
continue (98943.2166783052 -29.5601967751)
continue (103800.7774925608 -29.6464255607)
continue (108899.0231366146 -29.7361074589)
continue (114251.1315956859 -29.8311369394)
continue (119856.2443255545 -29.9290238133)
continue (125744.0355467353 -30.0285773636)
continue (131933.8389470379 -30.1333190348)
continue (138406.2918601444 -30.2406364403)
continue (145198.6975154861 -30.3517229974)
continue (152334.8421275812 -30.4682390665)
continue (159815.3324460174 -30.5889958286)
continue (167666.4260546809 -30.7158528483)
continue (175886.3203256497 -30.8464676068)
continue (184541.7224801926 -30.9802484541)
continue (193598.2633539815 -31.1232477463)
continue (203090.4893263185 -31.2712195055)
continue (213112.0265685666 -31.4292749120)
continue (223568.9464198211 -31.6022739102)
continue (234560.3669516579 -31.7888146051)
continue (246022.4151207319 -32.0091045312)
continue (258149.2990388642 -32.2889393163)
continue (270807.4370303688 -32.7635042305)
continue (284149.3687580888 -35.0197202162)
continue (298091.9285597615 -35.0524188101)
continue (312720.3245048699 -35.0850653287)
continue (328029.8868276425 -35.1177940543)
continue (344134.0731144981 -35.1504430395)
continue (361040.8183863672 -35.1831970514)
continue (378747.7246912680 -35.2158739814)
continue (397412.5711326607 -35.2485638459)
continue (416865.0620343966 -35.2812540749)
continue (437478.1687984592 -35.3139306824)
continue (458845.4308193308 -35.3466754549)
continue (481387.7578484896 -35.3793667390)
continue (505136.9321547621 -35.4120717017)
continue (529806.4102367389 -35.4447321102)
continue (555989.6434455100 -35.4774146433)
continue (583397.5836153590 -35.5101089968)
continue (611999.3456059039 -35.5427820020)
continue (3672982.7714921040 -36.6184660094)
continue (3709712.5992070250 -50.0000000000)
continue (7354000.0000000000 -50.0000000000)
f(nu) = -22.7378225465 at 1.0000000000 Ryd
