# Haardt & Madau (2011)
# z = 14.848932
# E [Ryd] log (J_nu)
interpolate (0.0000000100 -50.0000000000)
continue (0.0090035365 -50.0000000000)
continue (0.0090944813 -22.4038023963)
continue (0.0095460614 -22.3638308615)
continue (0.0100150239 -22.3241619614)
continue (0.0105069414 -22.2843528707)
continue (0.0110229470 -22.2447656486)
continue (0.0115643024 -22.2056963076)
continue (0.0121324328 -22.1658812829)
continue (0.0127271931 -22.1253441911)
continue (0.0133518978 -22.0857348991)
continue (0.0140087168 -22.0466411367)
continue (0.0146954850 -22.0093842246)
continue (0.0154190698 -21.9703797142)
continue (0.0161744236 -21.9302389092)
continue (0.0169695908 -21.8931222401)
continue (0.0178051392 -21.8553274982)
continue (0.0186773319 -21.8184075213)
continue (0.0195971403 -21.7797253226)
continue (0.0205564409 -21.7381335655)
continue (0.0215684503 -21.7008411707)
continue (0.0226289304 -21.6642418849)
continue (0.0237370937 -21.6264010053)
continue (0.0249048108 -21.5890850062)
continue (0.0261257748 -21.5531103000)
continue (0.0274065271 -21.5179600795)
continue (0.0287556651 -21.4830450387)
continue (0.0301644166 -21.4496593521)
continue (0.0316522065 -21.4143041263)
continue (0.0332094397 -21.3816875690)
continue (0.0348343664 -21.3498217834)
continue (0.0365530295 -21.3124524485)
continue (0.0383368543 -21.2763708544)
continue (0.0402325398 -21.2437747550)
continue (0.0422078289 -21.2087017069)
continue (0.0442792529 -21.1728682835)
continue (0.0464458219 -21.1431051631)
continue (0.0487308570 -21.1098737786)
continue (0.0511373191 -21.0755757043)
continue (0.0536354930 -21.0509813250)
continue (0.0562510510 -21.0349739773)
continue (0.0590198851 -21.0209363606)
continue (0.0619488121 -21.0050181031)
continue (0.0649513204 -20.9890445511)
continue (0.0681575935 -20.9721831512)
continue (0.0715280240 -20.9526582822)
continue (0.0750014013 -20.9308999702)
continue (0.0786931801 -20.9086379733)
continue (0.0825423030 -20.8865089876)
continue (0.0866223408 -20.8707069485)
continue (0.0908541401 -20.8619125423)
continue (0.0953507404 -20.8363780599)
continue (0.1000293113 -20.8148551894)
continue (0.1049484079 -20.8127595254)
continue (0.1100962940 -20.8013834619)
continue (0.1155110946 -20.7880893663)
continue (0.1211791257 -20.7769553898)
continue (0.1271298864 -20.7675402220)
continue (0.1333821759 -20.7596374005)
continue (0.1399365826 -20.7519356231)
continue (0.1467891472 -20.7439968781)
continue (0.1540082856 -20.7361430465)
continue (0.1615721677 -20.7273752506)
continue (0.1695065152 -20.7178833733)
continue (0.1778429012 -20.7134393998)
continue (0.1865821101 -20.6930370807)
continue (0.1957188629 -20.6602453326)
continue (0.2053328133 -20.6361714100)
continue (0.2154295569 -20.6150420219)
continue (0.2260086869 -20.6238175115)
continue (0.2371238682 -20.6925134403)
continue (0.2487761468 -20.7383051795)
continue (0.2609584839 -20.7160063005)
continue (0.2738182168 -20.6908903683)
continue (0.2872846865 -20.6645306003)
continue (0.3013449159 -20.6418927168)
continue (0.3161925835 -20.6250788817)
continue (0.3317317166 -20.6091207889)
continue (0.3479446451 -20.5931921768)
continue (0.3650909558 -20.5747518996)
continue (0.3830462487 -20.5528626810)
continue (0.4017932212 -20.5361576884)
continue (0.4214926113 -20.5328029047)
continue (0.4421479988 -20.5154718299)
continue (0.4639852473 -20.4858418636)
continue (0.4867879410 -20.4677584124)
continue (0.5105137398 -20.4514518331)
continue (0.5357242949 -20.4388872342)
continue (0.5621634951 -20.4278796120)
continue (0.5898168451 -20.4113439556)
continue (0.6186469963 -20.3998293765)
continue (0.6490505880 -20.3884541404)
continue (0.6810665363 -20.3866165947)
continue (0.7141591110 -20.3622699837)
continue (0.7493972250 -20.0542338240)
continue (0.7494721647 -20.4474911631)
continue (0.7862528262 -20.3550829220)
continue (0.8246760413 -20.3836839127)
continue (0.8288691440 -20.3937003643)
continue (0.8329223494 -20.4044451471)
continue (0.8369692640 -20.4160305053)
continue (0.8410246471 -20.4285944820)
continue (0.8450724969 -20.4423093953)
continue (0.8491278496 -20.4709714027)
continue (0.8531743819 -20.5144642844)
continue (0.8572274097 -20.5637252779)
continue (0.8612784258 -20.6203597591)
continue (0.8654007841 -20.6867055555)
continue (0.8695793897 -20.7724598542)
continue (0.8738320602 -20.8807360430)
continue (0.8780757618 -21.0272807781)
continue (0.8823267095 -21.2534767113)
continue (0.8865758872 -21.7640115138)
continue (0.8881744889 -50.0000000000)
continue (0.8882633063 -20.4682471303)
continue (0.8908313543 -20.4782323562)
continue (0.8950839085 -20.5067865978)
continue (0.8993328783 -20.5510510375)
continue (0.9035775804 -20.6008544579)
continue (0.9076364797 -20.6577603707)
continue (0.9122887891 -20.7315996831)
continue (0.9167473412 -20.8197310764)
continue (0.9212068475 -20.9292630531)
continue (0.9256657564 -21.0745692475)
continue (0.9301243670 -21.2921640216)
continue (0.9345830023 -21.7424375014)
continue (0.9370355019 -50.0000000000)
continue (0.9371292055 -20.8724328751)
continue (0.9390420102 -20.9138074346)
continue (0.9435007865 -21.0223917346)
continue (0.9479597018 -21.1657776379)
continue (0.9524111890 -21.3786003268)
continue (0.9531314168 -21.4290124512)
continue (0.9538447474 -21.4847714756)
continue (0.9545581467 -21.5473428544)
continue (0.9552716124 -21.6188412275)
continue (0.9559851426 -21.7025473183)
continue (0.9566987351 -21.8039528559)
continue (0.9574113820 -21.9333619614)
continue (0.9581250913 -22.1138949869)
continue (0.9588388566 -22.4193397108)
continue (0.9595314579 -50.0000000000)
continue (0.9596274111 -21.2845752896)
continue (0.9607717508 -21.3384804693)
continue (0.9619918963 -21.3977017013)
continue (0.9632120904 -21.4636832006)
continue (0.9644323218 -21.5385408804)
continue (0.9656525788 -21.6255542929)
continue (0.9668728501 -21.7302172705)
continue (0.9680931239 -21.8628308652)
continue (0.9693133886 -22.0465213071)
continue (0.9705336324 -22.3550712026)
continue (0.9717072143 -50.0000000000)
continue (0.9718043851 -21.6370427351)
continue (0.9724932560 -21.6876020505)
continue (0.9732327551 -21.7434532795)
continue (0.9739723387 -21.8061147180)
continue (0.9747120047 -21.8777021558)
continue (0.9754507067 -21.9614975010)
continue (0.9761905291 -22.0629939575)
continue (0.9769304274 -22.1924902393)
continue (0.9776693502 -22.3731105301)
continue (0.9784093917 -22.6786422282)
continue (0.9791200447 -50.0000000000)
continue (0.9792179567 -21.9096905561)
continue (0.9796263306 -21.9583080235)
continue (0.9801046776 -22.0124306176)
continue (0.9805824369 -22.0733804457)
continue (0.9810606622 -22.1432735695)
continue (0.9815393541 -22.2253892438)
continue (0.9820174552 -22.3252223495)
continue (0.9824949629 -22.4530726910)
continue (0.9829729353 -22.6320638374)
continue (0.9834513729 -22.9359806123)
continue (0.9838771600 -50.0000000000)
continue (0.9839755477 -22.1326474528)
continue (0.9842533484 -22.1803948785)
continue (0.9845776963 -22.2335337892)
continue (0.9849011935 -22.2935068355)
continue (0.9852259686 -22.3624297214)
continue (0.9855498921 -22.4435811400)
continue (0.9858740286 -22.5424566807)
continue (0.9861983784 -22.6693546834)
continue (0.9865229417 -22.8474014896)
continue (0.9868466500 -23.1503805996)
continue (0.9871812649 -50.0000000000)
continue (0.9872799830 -22.3085299894)
continue (0.9874069640 -22.3557362932)
continue (0.9876424000 -22.4083228416)
continue (0.9878790193 -22.4677452434)
continue (0.9881146805 -22.5361206620)
continue (0.9883504542 -22.6167283269)
continue (0.9885863405 -22.7150603751)
continue (0.9888223393 -22.8414177344)
continue (0.9890584509 -23.0189274927)
continue (0.9892936012 -23.3213718353)
continue (0.9895396087 -50.0000000000)
continue (0.9896385626 -21.7826882256)
continue (0.9991963000 -24.8854641618)
continue (1.0439535177 -25.1238960164)
continue (1.0951412398 -25.2660748767)
continue (1.1489938540 -25.3497705175)
continue (1.2053796635 -25.3870287893)
continue (1.2645948177 -25.3874711831)
continue (1.3266371024 -25.3777621972)
continue (1.3918848719 -25.3499364917)
continue (1.4601298279 -25.3145666822)
continue (1.5320561964 -25.2849604423)
continue (1.6071728847 -25.2484204271)
continue (1.6862824308 -25.3173805677)
continue (1.7691070192 -25.3175656851)
continue (1.8559409890 -25.4111886074)
continue (1.9471517641 -25.3815620990)
continue (2.0427415952 -25.3492657852)
continue (2.1431491665 -25.3313243196)
continue (2.2483765744 -25.3004328123)
continue (2.3583515155 -25.2999477056)
continue (2.4742520380 -25.2602216657)
continue (2.5962023522 -25.2566154967)
continue (2.7234519594 -25.2357859648)
continue (2.8575322220 -25.2188304319)
continue (2.9975889000 -24.6730481449)
continue (2.9978886589 -25.3579494981)
continue (3.1444686874 -25.1865647871)
continue (3.2993013237 -25.1850014330)
continue (3.3154826074 -25.1653384405)
continue (3.3316772167 -25.1689822206)
continue (3.3478832060 -25.1726078421)
continue (3.3640861692 -25.1762155898)
continue (3.3802962572 -25.1798064689)
continue (3.3964987387 -25.1791180786)
continue (3.4127039181 -25.1750943831)
continue (3.4289096388 -25.1711407485)
continue (3.4451137031 -25.1672575905)
continue (3.4609457866 -25.1634502081)
continue (3.4783175587 -25.1479345202)
continue (3.4953148337 -25.1559685487)
continue (3.5123165848 -25.1640176135)
continue (3.5293205071 -25.1720797313)
continue (3.5463242500 -25.1801556870)
continue (3.5540835632 -50.0000000000)
continue (3.5544389716 -26.6523418307)
continue (3.5633254174 -25.2665367164)
continue (3.5803215672 -25.2783016107)
continue (3.5973244128 -25.2858544290)
continue (3.6143174892 -25.2934217011)
continue (3.6319929279 -25.3010161108)
continue (3.6491551562 -25.2938117574)
continue (3.6669967430 -25.3103105424)
continue (3.6848199399 -25.3267822575)
continue (3.7026667870 -25.3432286145)
continue (3.7204898731 -25.3596484372)
continue (3.7383320094 -25.3760413257)
continue (3.7485274603 -50.0000000000)
continue (3.7489023131 -25.4215708329)
continue (3.7561602994 -25.4288060912)
continue (3.7740031459 -25.4450678983)
continue (3.7918427517 -25.4614508233)
continue (3.8096447559 -25.4782181672)
continue (3.8125296550 -25.5436231682)
continue (3.8153869771 -25.6089787795)
continue (3.8182325867 -25.6743023850)
continue (3.8210824441 -25.7395935651)
continue (3.8239365589 -25.8048570784)
continue (3.8267949406 -25.8700914133)
continue (3.8296415044 -25.9353006237)
continue (3.8324923062 -26.0004893555)
continue (3.8353473554 -26.0656585272)
continue (3.8385300152 -50.0000000000)
continue (3.8389138682 -26.1471335057)
continue (3.8430951071 -26.2580846587)
continue (3.8479635231 -26.3688476001)
continue (3.8528442893 -26.4794955637)
continue (3.8577374527 -26.5900354305)
continue (3.8626103154 -26.7004731283)
continue (3.8674955038 -26.8108131590)
continue (3.8723766094 -26.9210662704)
continue (3.8772535543 -27.0312412409)
continue (3.8821262604 -27.1413546052)
continue (3.8876579591 -50.0000000000)
continue (3.8880467249 -27.2607143096)
continue (3.8899647214 -27.3271408855)
continue (3.8929227052 -27.3935489342)
continue (3.8958851910 -27.4599224850)
continue (3.8988521891 -27.5262643255)
continue (3.9018070032 -27.5925755145)
continue (3.9047662995 -27.6588603207)
continue (3.9077133308 -27.7251188538)
continue (3.9106815965 -27.7913562233)
continue (3.9136375668 -27.8575755471)
continue (3.9160594139 -50.0000000000)
continue (3.9164510198 -27.9294446420)
continue (3.9185011099 -27.9721421423)
continue (3.9204229271 -28.0147995457)
continue (3.9223297476 -28.0574447902)
continue (3.9242384239 -28.1000789174)
continue (3.9261489587 -28.1427040992)
continue (3.9280613547 -28.1853197524)
continue (3.9299756146 -28.2279265712)
continue (3.9318917412 -28.2705260625)
continue (3.9338097371 -28.3131734756)
continue (3.9363586419 -50.0000000000)
continue (3.9367522778 -28.3594157384)
continue (3.9370218983 -28.3882386684)
continue (3.9383150403 -28.4170488798)
continue (3.9396090321 -28.4458542418)
continue (3.9409038745 -28.4746555902)
continue (3.9421995683 -28.5034540342)
continue (3.9434961144 -28.5322484143)
continue (3.9447935136 -28.5610391357)
continue (3.9460917668 -28.5898302885)
continue (3.9473908747 -28.6193877205)
continue (3.9482973380 -50.0000000000)
continue (3.9486921677 -28.6500184474)
continue (3.9496321357 -28.6709462569)
continue (3.9505738819 -28.6918575062)
continue (3.9515160773 -28.7127661367)
continue (3.9524587222 -28.7336727693)
continue (3.9534018169 -28.7545788377)
continue (3.9543453619 -28.7754832760)
continue (3.9552893573 -28.7963880912)
continue (3.9562338035 -28.8173545806)
continue (3.9571787009 -28.8419163030)
continue (3.9585882954 -50.0000000000)
continue (3.9589841543 -28.8713305923)
continue (3.9967852000 -31.0326249490)
continue (3.9971848786 -31.0326249490)
continue (4.1935896254 -32.2190754657)
continue (4.3980068803 -32.9440463357)
continue (4.6140102562 -33.0146359510)
continue (4.8420139512 -32.9827851643)
continue (5.0795263412 -32.9455150388)
continue (5.3290469334 -32.9076327411)
continue (5.5905952491 -32.8699656263)
continue (5.8640091738 -32.8312310990)
continue (6.1530521648 -32.7924460421)
continue (6.4537324760 -32.7535053693)
continue (6.7752195212 -32.7131479464)
continue (7.1026268559 -32.6724968641)
continue (7.4571769690 -32.6294788153)
continue (7.8220345546 -32.5825175521)
continue (8.2022234528 -32.5328120667)
continue (8.6049766346 -32.4722148467)
continue (9.0313877662 -32.4033334506)
continue (9.4736149871 -32.3256792416)
continue (9.9396490577 -32.2337100802)
continue (10.4275892620 -32.1381001087)
continue (10.9395801393 -32.0374780720)
continue (11.4769146802 -31.9265885940)
continue (12.0410547781 -31.8135702343)
continue (12.6319243916 -31.7022884083)
continue (13.2528654102 -31.5958218787)
continue (13.9039826916 -31.4933855660)
continue (14.5849395904 -31.3890569916)
continue (15.3025529069 -31.2873493200)
continue (16.0547397041 -31.1899238703)
continue (16.8410095289 -31.0919787529)
continue (17.6704872136 -30.9947194734)
continue (18.5367580473 -30.9021303908)
continue (19.4465861205 -30.8140156991)
continue (20.4045460279 -30.7302576749)
continue (21.4063196055 -30.6625002254)
continue (22.4560627306 -30.5911400028)
continue (23.5591268254 -30.5053801011)
continue (24.7156773965 -30.4276866972)
continue (25.9324708482 -30.3531070548)
continue (27.2020007644 -30.2753546102)
continue (28.5395247606 -30.2051085019)
continue (29.9463366943 -30.1432152490)
continue (31.4121691006 -30.0769117719)
continue (32.9572161160 -30.0091675362)
continue (34.5700692567 -29.9391831035)
continue (36.2765535672 -29.8784991206)
continue (38.0487275828 -29.8244209782)
continue (39.9153318269 -29.7949811646)
continue (41.8780802209 -29.7508455865)
continue (43.9376579367 -29.6871216203)
continue (46.0934256756 -29.6259530969)
continue (48.3687380896 -29.5647507957)
continue (50.7386985305 -29.5021132859)
continue (53.2282141126 -29.4459582594)
continue (55.8374402946 -29.3929163290)
continue (58.6023810680 -29.3318856411)
continue (61.4475404995 -29.2746365402)
continue (64.4916507861 -29.2222909950)
continue (67.6515980406 -29.1643325270)
continue (70.9709521501 -29.1059988704)
continue (74.4499203927 -29.0482607650)
continue (78.0862918258 -28.9924656783)
continue (81.9484735258 -28.9376714406)
continue (85.9685873214 -28.8789267865)
continue (90.2244579809 -28.8200903116)
continue (94.6279362001 -28.7614569850)
continue (99.2773750525 -28.7050404079)
continue (104.1567065501 -28.6497951915)
continue (109.2777342136 -28.5955271716)
continue (114.6392031208 -28.5393366325)
continue (120.2675235063 -28.4821451391)
continue (126.1793167554 -28.4256261118)
continue (132.3746405589 -28.3711003109)
continue (138.8703178310 -28.3189119109)
continue (145.6861751570 -28.2610012897)
continue (152.8458613900 -28.2027024794)
continue (160.3496437810 -28.1453671842)
continue (168.2235602007 -28.0894779886)
continue (176.4995207451 -28.0349156981)
continue (185.1792370671 -27.9831808934)
continue (194.2585857189 -27.9279606282)
continue (203.8172725581 -27.8683758406)
continue (213.8120660740 -27.8162303964)
continue (224.3394942411 -27.7641453855)
continue (235.3478888448 -27.7067947075)
continue (246.8889259299 -27.6533996352)
continue (259.0298537826 -27.6006974412)
continue (271.6955949932 -27.5361183025)
continue (285.0381687855 -27.4782270882)
continue (299.0702414201 -27.4271864072)
continue (313.7971851264 -27.3746384574)
continue (329.2149658986 -27.3222867985)
continue (345.3077020111 -27.2700748001)
continue (362.3328133627 -27.2214197942)
continue (380.1698062608 -27.1767733119)
continue (398.8039499375 -27.1363373666)
continue (418.3962468353 -27.1003044845)
continue (438.9532878647 -27.0673566687)
continue (460.4684313326 -27.0365806006)
continue (483.1744568437 -27.0142942758)
continue (506.8225948872 -27.0045463780)
continue (531.6610417778 -27.0058786095)
continue (557.6909581439 -27.0033982396)
continue (585.2710504863 -26.9899495857)
continue (614.0613380102 -26.9822156837)
continue (644.0049650934 -26.9758253258)
continue (675.5129915546 -26.9677245495)
continue (709.1572183714 -26.9623601956)
continue (743.8914494753 -26.9609405758)
continue (780.1943712390 -26.9624795806)
continue (818.7484506803 -26.9649328862)
continue (858.8756132019 -26.9666260584)
continue (901.3521519359 -26.9678968549)
continue (945.2977444058 -26.9692852903)
continue (991.6933568475 -26.9705389483)
continue (1040.3779262555 -26.9739277779)
continue (1091.4684700050 -26.9770030335)
continue (1145.0955335602 -26.9790712637)
continue (1201.4067575573 -26.9814895205)
continue (1260.3969925411 -26.9846991614)
continue (1322.2098456285 -26.9879329728)
continue (1387.2233606442 -26.9913342469)
continue (1455.2331932405 -26.9949277835)
continue (1526.6661511261 -26.9974809760)
continue (1601.8052831907 -27.0075016388)
continue (1680.3743787704 -27.0187815305)
continue (1762.9464608381 -27.0297586688)
continue (1849.5372957321 -27.0414228531)
continue (1940.5175161993 -27.0565928359)
continue (2035.8959463968 -27.0724664843)
continue (2135.6152463257 -27.0867986074)
continue (2240.6368960098 -27.1031003444)
continue (2350.4437080402 -27.1229279809)
continue (2466.2165780979 -27.1454916315)
continue (2587.3566882657 -27.1665945375)
continue (2714.5279285290 -27.1853038954)
continue (2847.7094550225 -27.2070492271)
continue (2987.7607396957 -27.2312372221)
continue (3133.6555213452 -27.2561155623)
continue (3288.5854406611 -27.2794736696)
continue (3449.1560393913 -27.3013554661)
continue (3619.0112216330 -27.3242797987)
continue (3796.9459400300 -27.3482837280)
continue (3982.8104266049 -27.3731298615)
continue (4178.2073617936 -27.3991023009)
continue (4383.1987763694 -27.4243265962)
continue (4600.0354649530 -27.4488317195)
continue (4826.6261949533 -27.4752807339)
continue (5062.5945867066 -27.5025262379)
continue (5310.4139021398 -27.5290936380)
continue (5573.4986275669 -27.5571964465)
continue (5845.2022168518 -27.5857024110)
continue (6132.3487591332 -27.6113276680)
continue (6435.5015932711 -27.6378407688)
continue (6750.1261156088 -27.6690538521)
continue (7080.5518695197 -27.6994624634)
continue (7426.7891247530 -27.7285093047)
continue (7795.2696801299 -27.7582308600)
continue (8180.1348797773 -27.7863321856)
continue (8580.6687910282 -27.8138259022)
continue (8995.7258204066 -27.8470719794)
continue (9442.2031458625 -27.8821577375)
continue (9905.0763652956 -27.9146588894)
continue (10391.9149915291 -27.9445027869)
continue (10902.9316296625 -27.9739969118)
continue (11438.0196511509 -28.0081820101)
continue (11999.8291494231 -28.0428969026)
continue (12588.2998426190 -28.0751762921)
continue (13206.7684870607 -28.1081940232)
continue (13855.3599757821 -28.1410492209)
continue (14536.0827182516 -28.1742703114)
continue (15251.3309725053 -28.2073321393)
continue (15998.3677248453 -28.2392007022)
continue (16785.1726949197 -28.2711749645)
continue (17609.0246494143 -28.3021687977)
continue (18476.6225792212 -28.3333061001)
continue (19380.4131349892 -28.3681789255)
continue (20336.2424817494 -28.4043364130)
continue (21331.1569664605 -28.4396302757)
continue (22378.8562280744 -28.4743706982)
continue (23480.2119455602 -28.5085804522)
continue (24635.4967722950 -28.5444876091)
continue (25844.2151334995 -28.5825610375)
continue (27112.9730915558 -28.6216550397)
continue (28441.5426219473 -28.6600171549)
continue (29838.4749707659 -28.6965550522)
continue (31304.2605842388 -28.7337993202)
continue (32838.4513732321 -28.7751554070)
continue (34452.4395314628 -28.8193882008)
continue (36147.0458392380 -28.8640960721)
continue (37922.0568292630 -28.9071854588)
continue (39793.3198955105 -28.9488500125)
continue (41743.7941185154 -28.9925022623)
continue (43789.8618744445 -29.0368441152)
continue (45953.9599398483 -29.0830456555)
continue (48189.6893499308 -29.1324816839)
continue (50569.7572479018 -29.1842240584)
continue (53042.3181377876 -29.2375519847)
continue (55666.8922179103 -29.2913551908)
continue (58377.1316852781 -29.3457609138)
continue (61241.0635488703 -29.4041648865)
continue (64264.2472219458 -29.4637185114)
continue (67401.4072194668 -29.5243739705)
continue (70750.5454663968 -29.5873402365)
continue (74207.4125087289 -29.6509948252)
continue (77819.5581218780 -29.7172992682)
continue (81654.7513984938 -29.7857647486)
continue (85725.9666610716 -29.8563382675)
continue (89868.5429592890 -29.9295423658)
continue (94314.5338032696 -30.0036520010)
continue (98943.2166783052 -30.0826718602)
continue (103800.7774925608 -30.1643023122)
continue (108899.0231366146 -30.2470407916)
continue (114251.1315956859 -30.3391793182)
continue (119856.2443255545 -30.4345448632)
continue (125744.0355467353 -30.5285283431)
continue (131933.8389470379 -30.6303798676)
continue (138406.2918601444 -30.7330479408)
continue (145198.6975154861 -30.8381119156)
continue (152334.8421275812 -30.9496877246)
continue (159815.3324460174 -31.0641384126)
continue (167666.4260546809 -31.1876477372)
continue (175886.3203256497 -31.3138339108)
continue (184541.7224801926 -31.4388988469)
continue (193598.2633539815 -31.5769997420)
continue (203090.4893263185 -31.7177185636)
continue (213112.0265685666 -31.8661060061)
continue (223568.9464198211 -32.0234158675)
continue (234560.3669516579 -32.1790149443)
continue (246022.4151207319 -32.3517806868)
continue (258149.2990388642 -32.5497277426)
continue (270807.4370303688 -32.9412864779)
continue (284149.3687580888 -37.4479869756)
continue (298091.9285597615 -37.4806593729)
continue (312720.3245048699 -37.5133195805)
continue (328029.8868276425 -37.5459916665)
continue (344134.0731144981 -37.5786992310)
continue (361040.8183863672 -37.6113230473)
continue (378747.7246912680 -37.6441651572)
continue (397412.5711326607 -37.6766538038)
continue (416865.0620343966 -37.7093525662)
continue (437478.1687984592 -37.7421428010)
continue (458845.4308193308 -37.7748595380)
continue (481387.7578484896 -37.8075409250)
continue (505136.9321547621 -37.8402235788)
continue (529806.4102367389 -37.8729379869)
continue (555989.6434455100 -37.9055979250)
continue (583397.5836153590 -37.9383151245)
continue (611999.3456059039 -37.9710449286)
continue (3672982.7714921040 -39.0466627195)
continue (3709712.5992070250 -50.0000000000)
continue (7354000.0000000000 -50.0000000000)
f(nu) = -23.7906292213 at 1.0000000000 Ryd
