# Haardt & Madau (2011)
# z = 13.125375
# E [Ryd] log (J_nu)
interpolate (0.0000000100 -50.0000000000)
continue (0.0090035365 -50.0000000000)
continue (0.0090944813 -21.9158112010)
continue (0.0095460614 -21.8763260108)
continue (0.0100150239 -21.8369470571)
continue (0.0105069414 -21.7976480028)
continue (0.0110229470 -21.7581171968)
continue (0.0115643024 -21.7185319753)
continue (0.0121324328 -21.6786550056)
continue (0.0127271931 -21.6392315761)
continue (0.0133518978 -21.6004119559)
continue (0.0140087168 -21.5616630002)
continue (0.0146954850 -21.5233444545)
continue (0.0154190698 -21.4847750692)
continue (0.0161744236 -21.4466656475)
continue (0.0169695908 -21.4096645416)
continue (0.0178051392 -21.3714393742)
continue (0.0186773319 -21.3329125220)
continue (0.0195971403 -21.2938280167)
continue (0.0205564409 -21.2545594783)
continue (0.0215684503 -21.2173284678)
continue (0.0226289304 -21.1806590723)
continue (0.0237370937 -21.1435219641)
continue (0.0249048108 -21.1071422740)
continue (0.0261257748 -21.0723916774)
continue (0.0274065271 -21.0381383894)
continue (0.0287556651 -21.0038186519)
continue (0.0301644166 -20.9699108074)
continue (0.0316522065 -20.9352828609)
continue (0.0332094397 -20.9017737697)
continue (0.0348343664 -20.8678399235)
continue (0.0365530295 -20.8322016383)
continue (0.0383368543 -20.7972987181)
continue (0.0402325398 -20.7638306401)
continue (0.0422078289 -20.7302594761)
continue (0.0442792529 -20.6970031233)
continue (0.0464458219 -20.6659147848)
continue (0.0487308570 -20.6364780366)
continue (0.0511373191 -20.6114394884)
continue (0.0536354930 -20.5927076284)
continue (0.0562510510 -20.5776268989)
continue (0.0590198851 -20.5626618090)
continue (0.0619488121 -20.5464047334)
continue (0.0649513204 -20.5288012485)
continue (0.0681575935 -20.5095515882)
continue (0.0715280240 -20.4881405935)
continue (0.0750014013 -20.4662732410)
continue (0.0786931801 -20.4470068137)
continue (0.0825423030 -20.4288706329)
continue (0.0866223408 -20.4114942607)
continue (0.0908541401 -20.3962895322)
continue (0.0953507404 -20.3779434970)
continue (0.1000293113 -20.3639225826)
continue (0.1049484079 -20.3558859805)
continue (0.1100962940 -20.3437644369)
continue (0.1155110946 -20.3319350973)
continue (0.1211791257 -20.3217685986)
continue (0.1271298864 -20.3126029512)
continue (0.1333821759 -20.3042824562)
continue (0.1399365826 -20.2960318817)
continue (0.1467891472 -20.2871912119)
continue (0.1540082856 -20.2789177774)
continue (0.1615721677 -20.2694757006)
continue (0.1695065152 -20.2557323405)
continue (0.1778429012 -20.2383071322)
continue (0.1865821101 -20.2128022432)
continue (0.1957188629 -20.1873479776)
continue (0.2053328133 -20.1798005432)
continue (0.2154295569 -20.1915642611)
continue (0.2260086869 -20.2208102588)
continue (0.2371238682 -20.2587550037)
continue (0.2487761468 -20.2658718116)
continue (0.2609584839 -20.2423125561)
continue (0.2738182168 -20.2190070895)
continue (0.2872846865 -20.1976290136)
continue (0.3013449159 -20.1793107617)
continue (0.3161925835 -20.1633040524)
continue (0.3317317166 -20.1466225412)
continue (0.3479446451 -20.1287979895)
continue (0.3650909558 -20.1122329462)
continue (0.3830462487 -20.0969229761)
continue (0.4017932212 -20.0821425041)
continue (0.4214926113 -20.0679155605)
continue (0.4421479988 -20.0480770868)
continue (0.4639852473 -20.0270959964)
continue (0.4867879410 -20.0118970819)
continue (0.5105137398 -19.9983363257)
continue (0.5357242949 -19.9861270270)
continue (0.5621634951 -19.9743203480)
continue (0.5898168451 -19.9608002859)
continue (0.6186469963 -19.9617807334)
continue (0.6490505880 -19.8886217448)
continue (0.6810665363 -19.8438618809)
continue (0.7141591110 -19.8283158843)
continue (0.7493972250 -19.8040640090)
continue (0.7494721647 -19.9891204740)
continue (0.7862528262 -20.0402160743)
continue (0.8246760413 -20.2122534834)
continue (0.8288691440 -20.2383189730)
continue (0.8329223494 -20.2663236861)
continue (0.8369692640 -20.2965753480)
continue (0.8410246471 -20.3294407577)
continue (0.8450724969 -20.3653820918)
continue (0.8491278496 -20.4047130725)
continue (0.8531743819 -20.4484214597)
continue (0.8572274097 -20.4978968483)
continue (0.8612784258 -20.5547460152)
continue (0.8654007841 -20.6213281247)
continue (0.8695793897 -20.7074299779)
continue (0.8738320602 -20.8160730619)
continue (0.8780757618 -20.9629826722)
continue (0.8823267095 -21.1895398872)
continue (0.8865758872 -21.7004356056)
continue (0.8881744889 -50.0000000000)
continue (0.8882633063 -20.3814149940)
continue (0.8908313543 -20.4033201519)
continue (0.8950839085 -20.4442264106)
continue (0.8993328783 -20.4888760396)
continue (0.9035775804 -20.5390616402)
continue (0.9076364797 -20.5963209555)
continue (0.9122887891 -20.6706083350)
continue (0.9167473412 -20.7591606347)
continue (0.9212068475 -20.8691089957)
continue (0.9256657564 -21.0148294858)
continue (0.9301243670 -21.2328360307)
continue (0.9345830023 -21.6835194911)
continue (0.9370355019 -50.0000000000)
continue (0.9371292055 -20.8150013794)
continue (0.9390420102 -20.8565347603)
continue (0.9435007865 -20.9655703941)
continue (0.9479597018 -21.1094063516)
continue (0.9524111890 -21.3227107810)
continue (0.9531314168 -21.3733050025)
continue (0.9538447474 -21.4292770901)
continue (0.9545581467 -21.4920598180)
continue (0.9552716124 -21.5637689546)
continue (0.9559851426 -21.6476836779)
continue (0.9566987351 -21.7492982576)
continue (0.9574113820 -21.8789148630)
continue (0.9581250913 -22.0596525766)
continue (0.9588388566 -22.3653018558)
continue (0.9595314579 -50.0000000000)
continue (0.9596274111 -21.2326415854)
continue (0.9607717508 -21.2869565772)
continue (0.9619918963 -21.3465651177)
continue (0.9632120904 -21.4129308237)
continue (0.9644323218 -21.4881700641)
continue (0.9656525788 -21.5755600938)
continue (0.9668728501 -21.6805981417)
continue (0.9680931239 -21.8135831487)
continue (0.9693133886 -21.9976371281)
continue (0.9705336324 -22.3065517281)
continue (0.9717072143 -50.0000000000)
continue (0.9718043851 -21.5901221295)
continue (0.9724932560 -21.6408067385)
continue (0.9732327551 -21.6968883624)
continue (0.9739723387 -21.7597823186)
continue (0.9747120047 -21.8315991489)
continue (0.9754507067 -21.9156225439)
continue (0.9761905291 -22.0173441504)
continue (0.9769304274 -22.1470657201)
continue (0.9776693502 -22.3279108821)
continue (0.9784093917 -22.6336657071)
continue (0.9791200447 -50.0000000000)
continue (0.9792179567 -21.8656384123)
continue (0.9796263306 -21.9144179755)
continue (0.9801046776 -21.9686881113)
continue (0.9805824369 -22.0297875802)
continue (0.9810606622 -22.0998285317)
continue (0.9815393541 -22.1820918963)
continue (0.9820174552 -22.2820725656)
continue (0.9824949629 -22.4100684898)
continue (0.9829729353 -22.5892062196)
continue (0.9834513729 -22.8932691044)
continue (0.9838771600 -50.0000000000)
continue (0.9839755477 -22.0905418362)
continue (0.9842533484 -22.1384051014)
continue (0.9845776963 -22.1916452627)
continue (0.9849011935 -22.2517185960)
continue (0.9852259686 -22.3207417521)
continue (0.9855498921 -22.4019941769)
continue (0.9858740286 -22.5009693263)
continue (0.9861983784 -22.6279671506)
continue (0.9865229417 -22.8061123419)
continue (0.9868466500 -23.1091917675)
continue (0.9871812649 -50.0000000000)
continue (0.9872799830 -22.2677907708)
continue (0.9874069640 -22.3150616573)
continue (0.9876424000 -22.3677212993)
continue (0.9878790193 -22.4272175228)
continue (0.9881146805 -22.4956663466)
continue (0.9883504542 -22.5763457412)
continue (0.9885863405 -22.6747508521)
continue (0.9888223393 -22.8011822002)
continue (0.9890584509 -22.9787634765)
continue (0.9892936012 -23.2812819370)
continue (0.9895396087 -50.0000000000)
continue (0.9896385626 -21.7430959031)
continue (0.9991963000 -24.3435650799)
continue (1.0439535177 -24.5494386831)
continue (1.0951412398 -24.6705561269)
continue (1.1489938540 -24.7453414322)
continue (1.2053796635 -24.7844035784)
continue (1.2645948177 -24.7906926216)
continue (1.3266371024 -24.7881153522)
continue (1.3918848719 -24.7647983490)
continue (1.4601298279 -24.7318571447)
continue (1.5320561964 -24.7053751948)
continue (1.6071728847 -24.6694288680)
continue (1.6862824308 -24.7457276581)
continue (1.7691070192 -24.7459762823)
continue (1.8559409890 -24.8495440224)
continue (1.9471517641 -24.8206647341)
continue (2.0427415952 -24.7882123380)
continue (2.1431491665 -24.7723280729)
continue (2.2483765744 -24.7412089863)
continue (2.3583515155 -24.7453425454)
continue (2.4742520380 -24.7037418258)
continue (2.5962023522 -24.7052644078)
continue (2.7234519594 -24.6843980873)
continue (2.8575322220 -24.6675969778)
continue (2.9975889000 -24.4036480477)
continue (2.9978886589 -24.8103822334)
continue (3.1444686874 -24.6306913281)
continue (3.2993013237 -24.6335113184)
continue (3.3154826074 -24.6144251546)
continue (3.3316772167 -24.6181576702)
continue (3.3478832060 -24.6218720567)
continue (3.3640861692 -24.6255700593)
continue (3.3802962572 -24.6292484697)
continue (3.3964987387 -24.6286506747)
continue (3.4127039181 -24.6247230958)
continue (3.4289096388 -24.6208686769)
continue (3.4451137031 -24.6170888815)
continue (3.4609457866 -24.6134360853)
continue (3.4783175587 -24.5985690916)
continue (3.4953148337 -24.6067272771)
continue (3.5123165848 -24.6149005211)
continue (3.5293205071 -24.6230892417)
continue (3.5463242500 -24.6312913444)
continue (3.5540835632 -50.0000000000)
continue (3.5544389716 -24.7090666502)
continue (3.5633254174 -24.7176369153)
continue (3.5803215672 -24.7295154140)
continue (3.5973244128 -24.7371944491)
continue (3.6143174892 -24.7448917601)
continue (3.6319929279 -24.7525466622)
continue (3.6491551562 -24.7461872053)
continue (3.6669967430 -24.7628627947)
continue (3.6848199399 -24.7795128394)
continue (3.7026667870 -24.7961390492)
continue (3.7204898731 -24.8127427066)
continue (3.7383320094 -24.8293205224)
continue (3.7485274603 -50.0000000000)
continue (3.7489023131 -24.8756080078)
continue (3.7561602994 -24.8830495352)
continue (3.7740031459 -24.8998988972)
continue (3.7918427517 -24.9172111742)
continue (3.8096447559 -24.9359775743)
continue (3.8125296550 -25.0005191371)
continue (3.8153869771 -25.0651269364)
continue (3.8182325867 -25.1297336731)
continue (3.8210824441 -25.1943456636)
continue (3.8239365589 -25.2589690855)
continue (3.8267949406 -25.3236120006)
continue (3.8296415044 -25.3882816067)
continue (3.8324923062 -25.4530091442)
continue (3.8353473554 -25.5205920839)
continue (3.8385300152 -50.0000000000)
continue (3.8389138682 -25.5927142446)
continue (3.8430951071 -25.7020673141)
continue (3.8479635231 -25.8113404016)
continue (3.8528442893 -25.9205532831)
continue (3.8577374527 -26.0297211889)
continue (3.8626103154 -26.1388624261)
continue (3.8674955038 -26.2480014204)
continue (3.8723766094 -26.3571638669)
continue (3.8772535543 -26.4663832574)
continue (3.8821262604 -26.5758181861)
continue (3.8876579591 -50.0000000000)
continue (3.8880467249 -26.6895796410)
continue (3.8899647214 -26.7552029704)
continue (3.8929227052 -26.8208574259)
continue (3.8958851910 -26.8865108225)
continue (3.8988521891 -26.9521734274)
continue (3.9018070032 -27.0178490372)
continue (3.9047662995 -27.0835455836)
continue (3.9077133308 -27.1492729650)
continue (3.9106815965 -27.2150655927)
continue (3.9136375668 -27.2839011218)
continue (3.9160594139 -50.0000000000)
continue (3.9164510198 -27.3487158829)
continue (3.9185011099 -27.3909519755)
continue (3.9204229271 -27.4332028036)
continue (3.9223297476 -27.4754630242)
continue (3.9242384239 -27.5177342540)
continue (3.9261489587 -27.5600184859)
continue (3.9280613547 -27.6023205356)
continue (3.9299756146 -27.6446754307)
continue (3.9318917412 -27.6877826188)
continue (3.9338097371 -27.7470300185)
continue (3.9363586419 -50.0000000000)
continue (3.9367522778 -27.7727499153)
continue (3.9370218983 -27.8012273827)
continue (3.9383150403 -27.8298043359)
continue (3.9396090321 -27.8583897933)
continue (3.9409038745 -27.8869831392)
continue (3.9421995683 -27.9155930100)
continue (3.9434961144 -27.9442897275)
continue (3.9447935136 -27.9735743345)
continue (3.9460917668 -28.0074450855)
continue (3.9473908747 -28.0814528793)
continue (3.9482973380 -50.0000000000)
continue (3.9486921677 -28.0592052919)
continue (3.9496321357 -28.0799765725)
continue (3.9505738819 -28.1007417896)
continue (3.9515160773 -28.1215179320)
continue (3.9524587222 -28.1423282851)
continue (3.9534018169 -28.1632721212)
continue (3.9543453619 -28.1847872206)
continue (3.9552893573 -28.2088387653)
continue (3.9562338035 -28.2446733192)
continue (3.9571787009 -28.3442572049)
continue (3.9585882954 -50.0000000000)
continue (3.9589841543 -28.2733659767)
continue (3.9967852000 -30.6343239923)
continue (3.9971848786 -30.6343239923)
continue (4.1935896254 -31.6809766237)
continue (4.3980068803 -32.4266880851)
continue (4.6140102562 -32.5665361718)
continue (4.8420139512 -32.5430819099)
continue (5.0795263412 -32.5067746244)
continue (5.3290469334 -32.4693067026)
continue (5.5905952491 -32.4319962796)
continue (5.8640091738 -32.3936086277)
continue (6.1530521648 -32.3550656768)
continue (6.4537324760 -32.3164506695)
continue (6.7752195212 -32.2763052292)
continue (7.1026268559 -32.2357598581)
continue (7.4571769690 -32.1930090457)
continue (7.8220345546 -32.1462189473)
continue (8.2022234528 -32.0965704974)
continue (8.6049766346 -32.0362863815)
continue (9.0313877662 -31.9672895692)
continue (9.4736149871 -31.8897658950)
continue (9.9396490577 -31.7979844441)
continue (10.4275892620 -31.7023820499)
continue (10.9395801393 -31.6018381852)
continue (11.4769146802 -31.4909792365)
continue (12.0410547781 -31.3779971358)
continue (12.6319243916 -31.2667985133)
continue (13.2528654102 -31.1603991105)
continue (13.9039826916 -31.0579840181)
continue (14.5849395904 -30.9537606053)
continue (15.3025529069 -30.8520895437)
continue (16.0547397041 -30.7546847452)
continue (16.8410095289 -30.6566645055)
continue (17.6704872136 -30.5595387772)
continue (18.5367580473 -30.4668603018)
continue (19.4465861205 -30.3788182465)
continue (20.4045460279 -30.2951139048)
continue (21.4063196055 -30.2273448373)
continue (22.4560627306 -30.1558918445)
continue (23.5591268254 -30.0702308446)
continue (24.7156773965 -29.9926264612)
continue (25.9324708482 -29.9180452638)
continue (27.2020007644 -29.8401911527)
continue (28.5395247606 -29.7698952061)
continue (29.9463366943 -29.7081243176)
continue (31.4121691006 -29.6417594819)
continue (32.9572161160 -29.5740604678)
continue (34.5700692567 -29.5040661807)
continue (36.2765535672 -29.4433500027)
continue (38.0487275828 -29.3892908828)
continue (39.9153318269 -29.3597999801)
continue (41.8780802209 -29.3158941071)
continue (43.9376579367 -29.2520630426)
continue (46.0934256756 -29.1909462522)
continue (48.3687380896 -29.1297410102)
continue (50.7386985305 -29.0671867391)
continue (53.2282141126 -29.0110070797)
continue (55.8374402946 -28.9580342761)
continue (58.6023810680 -28.8968524889)
continue (61.4475404995 -28.8397950461)
continue (64.4916507861 -28.7874900456)
continue (67.6515980406 -28.7295858496)
continue (70.9709521501 -28.6711893970)
continue (74.4499203927 -28.6135281222)
continue (78.0862918258 -28.5577691848)
continue (81.9484735258 -28.5031252414)
continue (85.9685873214 -28.4443046177)
continue (90.2244579809 -28.3856683949)
continue (94.6279362001 -28.3271789887)
continue (99.2773750525 -28.2708720118)
continue (104.1567065501 -28.2157039362)
continue (109.2777342136 -28.1616244084)
continue (114.6392031208 -28.1055080941)
continue (120.2675235063 -28.0486175684)
continue (126.1793167554 -27.9924318438)
continue (132.3746405589 -27.9380741815)
continue (138.8703178310 -27.8863115935)
continue (145.6861751570 -27.8286698987)
continue (152.8458613900 -27.7709081969)
continue (160.3496437810 -27.7141265518)
continue (168.2235602007 -27.6588888686)
continue (176.4995207451 -27.6051984025)
continue (185.1792370671 -27.5542691661)
continue (194.2585857189 -27.4998712474)
continue (203.8172725581 -27.4419139403)
continue (213.8120660740 -27.3914500846)
continue (224.3394942411 -27.3407078596)
continue (235.3478888448 -27.2858226639)
continue (246.8889259299 -27.2351467727)
continue (259.0298537826 -27.1838722549)
continue (271.6955949932 -27.1236439545)
continue (285.0381687855 -27.0707711981)
continue (299.0702414201 -27.0235187170)
continue (313.7971851264 -26.9752655479)
continue (329.2149658986 -26.9268800349)
continue (345.3077020111 -26.8785976316)
continue (362.3328133627 -26.8333045589)
continue (380.1698062608 -26.7907453050)
continue (398.8039499375 -26.7514244077)
continue (418.3962468353 -26.7145277672)
continue (438.9532878647 -26.6801365711)
continue (460.4684313326 -26.6503730082)
continue (483.1744568437 -26.6300468569)
continue (506.8225948872 -26.6194464550)
continue (531.6610417778 -26.6126402256)
continue (557.6909581439 -26.6009170903)
continue (585.2710504863 -26.5851984623)
continue (614.0613380102 -26.5729189089)
continue (644.0049650934 -26.5619157384)
continue (675.5129915546 -26.5522153936)
continue (709.1572183714 -26.5459271747)
continue (743.8914494753 -26.5424383967)
continue (780.1943712390 -26.5410842981)
continue (818.7484506803 -26.5401733090)
continue (858.8756132019 -26.5393738462)
continue (901.3521519359 -26.5393582283)
continue (945.2977444058 -26.5399223374)
continue (991.6933568475 -26.5410946500)
continue (1040.3779262555 -26.5426854900)
continue (1091.4684700050 -26.5442399671)
continue (1145.0955335602 -26.5456887725)
continue (1201.4067575573 -26.5477167459)
continue (1260.3969925411 -26.5502892099)
continue (1322.2098456285 -26.5529631355)
continue (1387.2233606442 -26.5558379635)
continue (1455.2331932405 -26.5598526908)
continue (1526.6661511261 -26.5656987683)
continue (1601.8052831907 -26.5763325496)
continue (1680.3743787704 -26.5879395348)
continue (1762.9464608381 -26.6004662005)
continue (1849.5372957321 -26.6140512799)
continue (1940.5175161993 -26.6292742034)
continue (2035.8959463968 -26.6451375326)
continue (2135.6152463257 -26.6620397696)
continue (2240.6368960098 -26.6809967777)
continue (2350.4437080402 -26.7015977844)
continue (2466.2165780979 -26.7227631543)
continue (2587.3566882657 -26.7437342619)
continue (2714.5279285290 -26.7649368498)
continue (2847.7094550225 -26.7879828184)
continue (2987.7607396957 -26.8121143473)
continue (3133.6555213452 -26.8357299970)
continue (3288.5854406611 -26.8587201350)
continue (3449.1560393913 -26.8815117035)
continue (3619.0112216330 -26.9054701975)
continue (3796.9459400300 -26.9302051781)
continue (3982.8104266049 -26.9554008969)
continue (4178.2073617936 -26.9809043628)
continue (4383.1987763694 -27.0063198335)
continue (4600.0354649530 -27.0319967072)
continue (4826.6261949533 -27.0587872010)
continue (5062.5945867066 -27.0861708892)
continue (5310.4139021398 -27.1134593166)
continue (5573.4986275669 -27.1409212506)
continue (5845.2022168518 -27.1685487896)
continue (6132.3487591332 -27.1960035583)
continue (6435.5015932711 -27.2246709265)
continue (6750.1261156088 -27.2551293468)
continue (7080.5518695197 -27.2849289823)
continue (7426.7891247530 -27.3137152949)
continue (7795.2696801299 -27.3428729725)
continue (8180.1348797773 -27.3724796203)
continue (8580.6687910282 -27.4034168806)
continue (8995.7258204066 -27.4366835904)
continue (9442.2031458625 -27.4695032226)
continue (9905.0763652956 -27.5008993027)
continue (10391.9149915291 -27.5319226527)
continue (10902.9316296625 -27.5639484717)
continue (11438.0196511509 -27.5977535964)
continue (11999.8291494231 -27.6312927384)
continue (12588.2998426190 -27.6641081084)
continue (13206.7684870607 -27.6969503948)
continue (13855.3599757821 -27.7299139004)
continue (14536.0827182516 -27.7626795301)
continue (15251.3309725053 -27.7950620797)
continue (15998.3677248453 -27.8267643970)
continue (16785.1726949197 -27.8585792842)
continue (17609.0246494143 -27.8908043327)
continue (18476.6225792212 -27.9242635261)
continue (19380.4131349892 -27.9595058525)
continue (20336.2424817494 -27.9950301901)
continue (21331.1569664605 -28.0299396726)
continue (22378.8562280744 -28.0650843107)
continue (23480.2119455602 -28.1008787588)
continue (24635.4967722950 -28.1381937791)
continue (25844.2151334995 -28.1764407881)
continue (27112.9730915558 -28.2146115711)
continue (28441.5426219473 -28.2525047131)
continue (29838.4749707659 -28.2908000825)
continue (31304.2605842388 -28.3311291815)
continue (32838.4513732321 -28.3740067462)
continue (34452.4395314628 -28.4179097451)
continue (36147.0458392380 -28.4614952743)
continue (37922.0568292630 -28.5044581418)
continue (39793.3198955105 -28.5474801829)
continue (41743.7941185154 -28.5922464151)
continue (43789.8618744445 -28.6386056520)
continue (45953.9599398483 -28.6871737056)
continue (48189.6893499308 -28.7382847511)
continue (50569.7572479018 -28.7909621639)
continue (53042.3181377876 -28.8450196451)
continue (55666.8922179103 -28.9001616239)
continue (58377.1316852781 -28.9570590907)
continue (61241.0635488703 -29.0165271864)
continue (64264.2472219458 -29.0772771851)
continue (67401.4072194668 -29.1394701949)
continue (70750.5454663968 -29.2036290454)
continue (74207.4125087289 -29.2692980706)
continue (77819.5581218780 -29.3373822425)
continue (81654.7513984938 -29.4076469142)
continue (85725.9666610716 -29.4800078390)
continue (89868.5429592890 -29.5550207062)
continue (94314.5338032696 -29.6322240134)
continue (98943.2166783052 -29.7132951191)
continue (103800.7774925608 -29.7980559850)
continue (108899.0231366146 -29.8859193691)
continue (114251.1315956859 -29.9797066768)
continue (119856.2443255545 -30.0763380519)
continue (125744.0355467353 -30.1743668412)
continue (131933.8389470379 -30.2774948775)
continue (138406.2918601444 -30.3828715106)
continue (145198.6975154861 -30.4920676799)
continue (152334.8421275812 -30.6070714213)
continue (159815.3324460174 -30.7259628977)
continue (167666.4260546809 -30.8511418112)
continue (175886.3203256497 -30.9796505340)
continue (184541.7224801926 -31.1112975526)
continue (193598.2633539815 -31.2524776336)
continue (203090.4893263185 -31.3980217052)
continue (213112.0265685666 -31.5505278376)
continue (223568.9464198211 -31.7106608624)
continue (234560.3669516579 -31.8824136305)
continue (246022.4151207319 -32.0974121267)
continue (258149.2990388642 -32.3773426090)
continue (270807.4370303688 -32.8529372935)
continue (284149.3687580888 -36.1174564492)
continue (298091.9285597615 -36.1501580186)
continue (312720.3245048699 -36.1828374766)
continue (328029.8868276425 -36.2155376385)
continue (344134.0731144981 -36.2482291098)
continue (361040.8183863672 -36.2809042041)
continue (378747.7246912680 -36.3136103116)
continue (397412.5711326607 -36.3463157652)
continue (416865.0620343966 -36.3789940513)
continue (437478.1687984592 -36.4116988296)
continue (458845.4308193308 -36.4444399592)
continue (481387.7578484896 -36.4770960124)
continue (505136.9321547621 -36.5097611767)
continue (529806.4102367389 -36.5425021747)
continue (555989.6434455100 -36.5752272961)
continue (583397.5836153590 -36.6078295588)
continue (611999.3456059039 -36.6405706374)
continue (3672982.7714921040 -37.7161737436)
continue (3709712.5992070250 -50.0000000000)
continue (7354000.0000000000 -50.0000000000)
f(nu) = -23.2481327366 at 1.0000000000 Ryd
