# Haardt & Madau (2011)
# z = 0.122018
# E [Ryd] log (J_nu)
interpolate (0.0000000100 -50.0000000000)
continue (0.0090035365 -50.0000000000)
continue (0.0090944813 -19.7114519464)
continue (0.0095460614 -19.6860695376)
continue (0.0100150239 -19.6598994888)
continue (0.0105069414 -19.6333190947)
continue (0.0110229470 -19.6063370628)
continue (0.0115643024 -19.5792186831)
continue (0.0121324328 -19.5519286540)
continue (0.0127271931 -19.5247399725)
continue (0.0133518978 -19.4977649586)
continue (0.0140087168 -19.4710315664)
continue (0.0146954850 -19.4447124771)
continue (0.0154190698 -19.4188544957)
continue (0.0161744236 -19.3935888410)
continue (0.0169695908 -19.3688463544)
continue (0.0178051392 -19.3448243833)
continue (0.0186773319 -19.3216281905)
continue (0.0195971403 -19.2993909616)
continue (0.0205564409 -19.2782174184)
continue (0.0215684503 -19.2587570831)
continue (0.0226289304 -19.2408595183)
continue (0.0237370937 -19.2240527501)
continue (0.0249048108 -19.2087856801)
continue (0.0261257748 -19.1952199968)
continue (0.0274065271 -19.1829260422)
continue (0.0287556651 -19.1717047071)
continue (0.0301644166 -19.1616092164)
continue (0.0316522065 -19.1531483484)
continue (0.0332094397 -19.1463158419)
continue (0.0348343664 -19.1404298501)
continue (0.0365530295 -19.1346009592)
continue (0.0383368543 -19.1307108169)
continue (0.0402325398 -19.1306994982)
continue (0.0422078289 -19.1336496108)
continue (0.0442792529 -19.1384175919)
continue (0.0464458219 -19.1449490039)
continue (0.0487308570 -19.1534637551)
continue (0.0511373191 -19.1642927412)
continue (0.0536354930 -19.1777159887)
continue (0.0562510510 -19.1927935676)
continue (0.0590198851 -19.2085802121)
continue (0.0619488121 -19.2241526386)
continue (0.0649513204 -19.2397753727)
continue (0.0681575935 -19.2566383355)
continue (0.0715280240 -19.2750319160)
continue (0.0750014013 -19.2949570297)
continue (0.0786931801 -19.3165707203)
continue (0.0825423030 -19.3398880708)
continue (0.0866223408 -19.3653180721)
continue (0.0908541401 -19.3931225291)
continue (0.0953507404 -19.4225998890)
continue (0.1000293113 -19.4539436292)
continue (0.1049484079 -19.4861242333)
continue (0.1100962940 -19.5194398838)
continue (0.1155110946 -19.5538078645)
continue (0.1211791257 -19.5896664580)
continue (0.1271298864 -19.6254184325)
continue (0.1333821759 -19.6603051538)
continue (0.1399365826 -19.6973724431)
continue (0.1467891472 -19.7352039414)
continue (0.1540082856 -19.7730902068)
continue (0.1615721677 -19.8113836949)
continue (0.1695065152 -19.8497567400)
continue (0.1778429012 -19.8873391730)
continue (0.1865821101 -19.9236804005)
continue (0.1957188629 -19.9610601372)
continue (0.2053328133 -19.9976922205)
continue (0.2154295569 -20.0319720939)
continue (0.2260086869 -20.0657713878)
continue (0.2371238682 -20.0965602668)
continue (0.2487761468 -20.1247846062)
continue (0.2609584839 -20.1544553213)
continue (0.2738182168 -20.1859766033)
continue (0.2872846865 -20.2178321831)
continue (0.3013449159 -20.2500699574)
continue (0.3161925835 -20.2834149967)
continue (0.3317317166 -20.3170026897)
continue (0.3479446451 -20.3513111616)
continue (0.3650909558 -20.3868182037)
continue (0.3830462487 -20.4245112897)
continue (0.4017932212 -20.4657972763)
continue (0.4214926113 -20.5108168749)
continue (0.4421479988 -20.5586240543)
continue (0.4639852473 -20.6093228476)
continue (0.4867879410 -20.6637654689)
continue (0.5105137398 -20.7218596156)
continue (0.5357242949 -20.7838591115)
continue (0.5621634951 -20.8491442230)
continue (0.5898168451 -20.9167521635)
continue (0.6186469963 -20.9897665629)
continue (0.6490505880 -21.0687266909)
continue (0.6810665363 -21.1550276771)
continue (0.7141591110 -21.2548936180)
continue (0.7493972250 -21.3498786313)
continue (0.7494721647 -21.4680498720)
continue (0.7862528262 -21.5856718051)
continue (0.8246760413 -21.7449676044)
continue (0.8288691440 -21.7735640152)
continue (0.8329223494 -21.7935942236)
continue (0.8369692640 -21.8137165516)
continue (0.8410246471 -21.8339292790)
continue (0.8450724969 -21.8542459471)
continue (0.8491278496 -21.8745710438)
continue (0.8531743819 -21.8941354543)
continue (0.8572274097 -21.9125957544)
continue (0.8612784258 -21.9315438502)
continue (0.8654007841 -21.9509612003)
continue (0.8695793897 -21.9845202355)
continue (0.8738320602 -22.0142601053)
continue (0.8780757618 -22.0403214237)
continue (0.8823267095 -22.0668080082)
continue (0.8865758872 -22.0937513122)
continue (0.8881744889 -22.1057555522)
continue (0.8882633063 -22.1020638958)
continue (0.8908313543 -22.1180633020)
continue (0.8950839085 -22.1452579148)
continue (0.8993328783 -22.1702901564)
continue (0.9035775804 -22.1956042181)
continue (0.9076364797 -22.2212411547)
continue (0.9122887891 -22.2689830439)
continue (0.9167473412 -22.3117006877)
continue (0.9212068475 -22.3493444799)
continue (0.9256657564 -22.3892833835)
continue (0.9301243670 -22.4318955653)
continue (0.9345830023 -22.4776714970)
continue (0.9370355019 -22.5045326322)
continue (0.9371292055 -22.5026699952)
continue (0.9390420102 -22.5200534756)
continue (0.9435007865 -22.5607912142)
continue (0.9479597018 -22.6043293431)
continue (0.9524111890 -22.6511602418)
continue (0.9531314168 -22.6591516240)
continue (0.9538447474 -22.6686956948)
continue (0.9545581467 -22.6778717958)
continue (0.9552716124 -22.6866836040)
continue (0.9559851426 -22.6951449998)
continue (0.9566987351 -22.7032618492)
continue (0.9574113820 -22.7110451357)
continue (0.9581250913 -22.7185059330)
continue (0.9588388566 -22.7256521427)
continue (0.9595314579 -22.7324891870)
continue (0.9596274111 -22.7313848526)
continue (0.9607717508 -22.7423119808)
continue (0.9619918963 -22.7525191083)
continue (0.9632120904 -22.7619672583)
continue (0.9644323218 -22.7707048512)
continue (0.9656525788 -22.7787831557)
continue (0.9668728501 -22.7862454289)
continue (0.9680931239 -22.7931411180)
continue (0.9693133886 -22.7995117049)
continue (0.9705336324 -22.8053983679)
continue (0.9717072143 -22.8108433057)
continue (0.9718043851 -22.8098993658)
continue (0.9724932560 -22.8130925332)
continue (0.9732327551 -22.8160434386)
continue (0.9739723387 -22.8188586084)
continue (0.9747120047 -22.8215430414)
continue (0.9754507067 -22.8241087559)
continue (0.9761905291 -22.8265574757)
continue (0.9769304274 -22.8288999231)
continue (0.9776693502 -22.8311372566)
continue (0.9784093917 -22.8332768006)
continue (0.9791200447 -22.8354243020)
continue (0.9792179567 -22.8347239146)
continue (0.9796263306 -22.8359679423)
continue (0.9801046776 -22.8372089516)
continue (0.9805824369 -22.8384172864)
continue (0.9810606622 -22.8395916249)
continue (0.9815393541 -22.8407357499)
continue (0.9820174552 -22.8418474229)
continue (0.9824949629 -22.8429314249)
continue (0.9829729353 -22.8439875409)
continue (0.9834513729 -22.8450186177)
continue (0.9838771600 -22.8461541455)
continue (0.9839755477 -22.8455415372)
continue (0.9842533484 -22.8461791649)
continue (0.9845776963 -22.8468335206)
continue (0.9849011935 -22.8474775240)
continue (0.9852259686 -22.8481101680)
continue (0.9855498921 -22.8487334235)
continue (0.9858740286 -22.8493441611)
continue (0.9861983784 -22.8499454186)
continue (0.9865229417 -22.8505371553)
continue (0.9868466500 -22.8511224316)
continue (0.9871812649 -22.8516202043)
continue (0.9872799830 -22.8513099215)
continue (0.9874069640 -22.8516866647)
continue (0.9876424000 -22.8520927212)
continue (0.9878790193 -22.8524960478)
continue (0.9881146805 -22.8528944928)
continue (0.9883504542 -22.8532881449)
continue (0.9885863405 -22.8536779619)
continue (0.9888223393 -22.8540639331)
continue (0.9890584509 -22.8544450752)
continue (0.9892936012 -22.8548223486)
continue (0.9895396087 -22.8551660795)
continue (0.9896385626 -22.8547455716)
continue (0.9991963000 -22.8674771867)
continue (1.0439535177 -22.8921761860)
continue (1.0951412398 -22.9251688138)
continue (1.1489938540 -22.9568884481)
continue (1.2053796635 -22.9885135551)
continue (1.2645948177 -23.0197060944)
continue (1.3266371024 -23.0513431882)
continue (1.3918848719 -23.0822348288)
continue (1.4601298279 -23.1128258747)
continue (1.5320561964 -23.1440458953)
continue (1.6071728847 -23.1762547957)
continue (1.6862824308 -23.2095326839)
continue (1.7691070192 -23.2439575168)
continue (1.8559409890 -23.2788607115)
continue (1.9471517641 -23.3144216182)
continue (2.0427415952 -23.3511844613)
continue (2.1431491665 -23.3890595863)
continue (2.2483765744 -23.4281640543)
continue (2.3583515155 -23.4681738679)
continue (2.4742520380 -23.5092685125)
continue (2.5962023522 -23.5511169306)
continue (2.7234519594 -23.5934676004)
continue (2.8575322220 -23.6361485873)
continue (2.9975889000 -23.6783721650)
continue (2.9978886589 -23.7278955653)
continue (3.1444686874 -23.7691179206)
continue (3.2993013237 -23.8101211973)
continue (3.3154826074 -23.8100740573)
continue (3.3316772167 -23.8140355246)
continue (3.3478832060 -23.8182246844)
continue (3.3640861692 -23.8225885631)
continue (3.3802962572 -23.8270879626)
continue (3.3964987387 -23.8316860914)
continue (3.4127039181 -23.8363535834)
continue (3.4289096388 -23.8410627040)
continue (3.4451137031 -23.8457908315)
continue (3.4609457866 -23.8506156893)
continue (3.4783175587 -23.8499144247)
continue (3.4953148337 -23.8538723912)
continue (3.5123165848 -23.8580584429)
continue (3.5293205071 -23.8624192980)
continue (3.5463242500 -23.8669126365)
continue (3.5540835632 -23.8688017684)
continue (3.5544389716 -23.8613063210)
continue (3.5633254174 -23.8640151295)
continue (3.5803215672 -23.8686850265)
continue (3.5973244128 -23.8733893808)
continue (3.6143174892 -23.8781068263)
continue (3.6319929279 -23.8827286434)
continue (3.6491551562 -23.8815427140)
continue (3.6669967430 -23.8855093802)
continue (3.6848199399 -23.8897042028)
continue (3.7026667870 -23.8940715104)
continue (3.7204898731 -23.8985712014)
continue (3.7383320094 -23.9031554996)
continue (3.7485274603 -23.9056142674)
continue (3.7489023131 -23.9014051017)
continue (3.7561602994 -23.9036102373)
continue (3.7740031459 -23.9082828630)
continue (3.7918427517 -23.9129575362)
continue (3.8096447559 -23.9176438850)
continue (3.8125296550 -23.9126988564)
continue (3.8153869771 -23.9132424315)
continue (3.8182325867 -23.9137950889)
continue (3.8210824441 -23.9143520346)
continue (3.8239365589 -23.9149181183)
continue (3.8267949406 -23.9154921280)
continue (3.8296415044 -23.9160740939)
continue (3.8324923062 -23.9166616945)
continue (3.8353473554 -23.9172549514)
continue (3.8385300152 -23.9178945254)
continue (3.8389138682 -23.9151231696)
continue (3.8430951071 -23.9161935851)
continue (3.8479635231 -23.9172505243)
continue (3.8528442893 -23.9183208933)
continue (3.8577374527 -23.9194096695)
continue (3.8626103154 -23.9205097144)
continue (3.8674955038 -23.9216211068)
continue (3.8723766094 -23.9227439270)
continue (3.8772535543 -23.9238769852)
continue (3.8821262604 -23.9250192302)
continue (3.8876579591 -23.9261884717)
continue (3.8880467249 -23.9242235477)
continue (3.8899647214 -23.9249737955)
continue (3.8929227052 -23.9256794192)
continue (3.8958851910 -23.9263837853)
continue (3.8988521891 -23.9270929867)
continue (3.9018070032 -23.9278033482)
continue (3.9047662995 -23.9285185767)
continue (3.9077133308 -23.9292325636)
continue (3.9106815965 -23.9299501521)
continue (3.9136375668 -23.9306689284)
continue (3.9160594139 -23.9313910225)
continue (3.9164510198 -23.9301451975)
continue (3.9185011099 -23.9304540428)
continue (3.9204229271 -23.9309196185)
continue (3.9223297476 -23.9313881277)
continue (3.9242384239 -23.9318558478)
continue (3.9261489587 -23.9323229299)
continue (3.9280613547 -23.9327929566)
continue (3.9299756146 -23.9332597490)
continue (3.9318917412 -23.9337307915)
continue (3.9338097371 -23.9341998961)
continue (3.9363586419 -23.9346439014)
continue (3.9367522778 -23.9335187321)
continue (3.9370218983 -23.9339120146)
continue (3.9383150403 -23.9342318947)
continue (3.9396090321 -23.9345520107)
continue (3.9409038745 -23.9348699096)
continue (3.9421995683 -23.9351891912)
continue (3.9434961144 -23.9355075572)
continue (3.9447935136 -23.9358286153)
continue (3.9460917668 -23.9361461426)
continue (3.9473908747 -23.9364652113)
continue (3.9482973380 -23.9367876541)
continue (3.9486921677 -23.9359027253)
continue (3.9496321357 -23.9361671341)
continue (3.9505738819 -23.9364016338)
continue (3.9515160773 -23.9366337970)
continue (3.9524587222 -23.9368647741)
continue (3.9534018169 -23.9370971851)
continue (3.9543453619 -23.9373297207)
continue (3.9552893573 -23.9375635367)
continue (3.9562338035 -23.9377963223)
continue (3.9571787009 -23.9380292327)
continue (3.9585882954 -23.9382998867)
continue (3.9589841543 -23.9375431057)
continue (3.9967852000 -23.9471310171)
continue (3.9971848786 -23.9466106376)
continue (4.1935896254 -24.0011091410)
continue (4.3980068803 -24.0228194220)
continue (4.6140102562 -24.0389673842)
continue (4.8420139512 -24.0543947121)
continue (5.0795263412 -24.0698085666)
continue (5.3290469334 -24.0851339710)
continue (5.5905952491 -24.1003024992)
continue (5.8640091738 -24.1152373913)
continue (6.1530521648 -24.1299533803)
continue (6.4537324760 -24.1444519469)
continue (6.7752195212 -24.1589003665)
continue (7.1026268559 -24.1733222101)
continue (7.4571769690 -24.1878521408)
continue (7.8220345546 -24.2026068940)
continue (8.2022234528 -24.2177790901)
continue (8.6049766346 -24.2333996204)
continue (9.0313877662 -24.2496258750)
continue (9.4736149871 -24.2665103913)
continue (9.9396490577 -24.2841323366)
continue (10.4275892620 -24.3025872189)
continue (10.9395801393 -24.3218613055)
continue (11.4769146802 -24.3419970043)
continue (12.0410547781 -24.3629461049)
continue (12.6319243916 -24.3847084702)
continue (13.2528654102 -24.4073239918)
continue (13.9039826916 -24.4307116347)
continue (14.5849395904 -24.4548459300)
continue (15.3025529069 -24.4796565684)
continue (16.0547397041 -24.5052232999)
continue (16.8410095289 -24.5313949950)
continue (17.6704872136 -24.5582427090)
continue (18.5367580473 -24.5855142809)
continue (19.4465861205 -24.6133492225)
continue (20.4045460279 -24.6416263822)
continue (21.4063196055 -24.6704312321)
continue (22.4560627306 -24.6994558653)
continue (23.5591268254 -24.7290729492)
continue (24.7156773965 -24.7587632163)
continue (25.9324708482 -24.7874401623)
continue (27.2020007644 -24.8144028513)
continue (28.5395247606 -24.8383546691)
continue (29.9463366943 -24.8585878576)
continue (31.4121691006 -24.8764777212)
continue (32.9572161160 -24.8930654281)
continue (34.5700692567 -24.9085452757)
continue (36.2765535672 -24.9228752539)
continue (38.0487275828 -24.9355733486)
continue (39.9153318269 -24.9466623929)
continue (41.8780802209 -24.9571097922)
continue (43.9376579367 -24.9670069403)
continue (46.0934256756 -24.9769066395)
continue (48.3687380896 -24.9870642939)
continue (50.7386985305 -24.9971154324)
continue (53.2282141126 -25.0072352136)
continue (55.8374402946 -25.0169794673)
continue (58.6023810680 -25.0268292261)
continue (61.4475404995 -25.0365849070)
continue (64.4916507861 -25.0460671440)
continue (67.6515980406 -25.0554060820)
continue (70.9709521501 -25.0648952827)
continue (74.4499203927 -25.0745777210)
continue (78.0862918258 -25.0844472495)
continue (81.9484735258 -25.0943988406)
continue (85.9685873214 -25.1045132099)
continue (90.2244579809 -25.1147553498)
continue (94.6279362001 -25.1251287260)
continue (99.2773750525 -25.1355774667)
continue (104.1567065501 -25.1459790783)
continue (109.2777342136 -25.1563410126)
continue (114.6392031208 -25.1666366542)
continue (120.2675235063 -25.1769205468)
continue (126.1793167554 -25.1871615554)
continue (132.3746405589 -25.1973506328)
continue (138.8703178310 -25.2073378236)
continue (145.6861751570 -25.2172467942)
continue (152.8458613900 -25.2270933182)
continue (160.3496437810 -25.2369907263)
continue (168.2235602007 -25.2468604361)
continue (176.4995207451 -25.2566451538)
continue (185.1792370671 -25.2663046174)
continue (194.2585857189 -25.2759597300)
continue (203.8172725581 -25.2857503275)
continue (213.8120660740 -25.2955947568)
continue (224.3394942411 -25.3053716950)
continue (235.3478888448 -25.3152265412)
continue (246.8889259299 -25.3250927124)
continue (259.0298537826 -25.3349657423)
continue (271.6955949932 -25.3449107539)
continue (285.0381687855 -25.3551874581)
continue (299.0702414201 -25.3654102251)
continue (313.7971851264 -25.3756350881)
continue (329.2149658986 -25.3858273319)
continue (345.3077020111 -25.3959394502)
continue (362.3328133627 -25.4060708474)
continue (380.1698062608 -25.4159902890)
continue (398.8039499375 -25.4257934338)
continue (418.3962468353 -25.4353807070)
continue (438.9532878647 -25.4446223455)
continue (460.4684313326 -25.4536486748)
continue (483.1744568437 -25.4623155834)
continue (506.8225948872 -25.4706441997)
continue (531.6610417778 -25.4782539899)
continue (557.6909581439 -25.4851037392)
continue (585.2710504863 -25.4915596195)
continue (614.0613380102 -25.4981129203)
continue (644.0049650934 -25.5047666270)
continue (675.5129915546 -25.5116136966)
continue (709.1572183714 -25.5185704767)
continue (743.8914494753 -25.5259326447)
continue (780.1943712390 -25.5335704863)
continue (818.7484506803 -25.5415516273)
continue (858.8756132019 -25.5498786596)
continue (901.3521519359 -25.5588412468)
continue (945.2977444058 -25.5682708630)
continue (991.6933568475 -25.5785093396)
continue (1040.3779262555 -25.5892255323)
continue (1091.4684700050 -25.6009071811)
continue (1145.0955335602 -25.6133339168)
continue (1201.4067575573 -25.6266795255)
continue (1260.3969925411 -25.6408980227)
continue (1322.2098456285 -25.6559374037)
continue (1387.2233606442 -25.6720561770)
continue (1455.2331932405 -25.6890859976)
continue (1526.6661511261 -25.7070328863)
continue (1601.8052831907 -25.7256054563)
continue (1680.3743787704 -25.7452501823)
continue (1762.9464608381 -25.7655719828)
continue (1849.5372957321 -25.7864544013)
continue (1940.5175161993 -25.8082913106)
continue (2035.8959463968 -25.8305053417)
continue (2135.6152463257 -25.8534945775)
continue (2240.6368960098 -25.8767840731)
continue (2350.4437080402 -25.9009223921)
continue (2466.2165780979 -25.9252759080)
continue (2587.3566882657 -25.9500205684)
continue (2714.5279285290 -25.9751571954)
continue (2847.7094550225 -26.0006682061)
continue (2987.7607396957 -26.0266952746)
continue (3133.6555213452 -26.0528749144)
continue (3288.5854406611 -26.0793687339)
continue (3449.1560393913 -26.1061872905)
continue (3619.0112216330 -26.1335001126)
continue (3796.9459400300 -26.1611466669)
continue (3982.8104266049 -26.1892276881)
continue (4178.2073617936 -26.2175885347)
continue (4383.1987763694 -26.2462330309)
continue (4600.0354649530 -26.2753025440)
continue (4826.6261949533 -26.3048101717)
continue (5062.5945867066 -26.3345761764)
continue (5310.4139021398 -26.3646052839)
continue (5573.4986275669 -26.3950150737)
continue (5845.2022168518 -26.4256539948)
continue (6132.3487591332 -26.4565668173)
continue (6435.5015932711 -26.4877875087)
continue (6750.1261156088 -26.5193956929)
continue (7080.5518695197 -26.5511991225)
continue (7426.7891247530 -26.5830552200)
continue (7795.2696801299 -26.6153243069)
continue (8180.1348797773 -26.6478411294)
continue (8580.6687910282 -26.6806125961)
continue (8995.7258204066 -26.7137195407)
continue (9442.2031458625 -26.7468589851)
continue (9905.0763652956 -26.7800096743)
continue (10391.9149915291 -26.8133229552)
continue (10902.9316296625 -26.8469476338)
continue (11438.0196511509 -26.8811654108)
continue (11999.8291494231 -26.9153049027)
continue (12588.2998426190 -26.9494956318)
continue (13206.7684870607 -26.9841761895)
continue (13855.3599757821 -27.0192151252)
continue (14536.0827182516 -27.0546582930)
continue (15251.3309725053 -27.0905151596)
continue (15998.3677248453 -27.1268583603)
continue (16785.1726949197 -27.1638143575)
continue (17609.0246494143 -27.2013260633)
continue (18476.6225792212 -27.2395681051)
continue (19380.4131349892 -27.2786170578)
continue (20336.2424817494 -27.3182378350)
continue (21331.1569664605 -27.3585301082)
continue (22378.8562280744 -27.3995287061)
continue (23480.2119455602 -27.4414113970)
continue (24635.4967722950 -27.4841954795)
continue (25844.2151334995 -27.5279071855)
continue (27112.9730915558 -27.5724626469)
continue (28441.5426219473 -27.6181067718)
continue (29838.4749707659 -27.6645800874)
continue (31304.2605842388 -27.7123229920)
continue (32838.4513732321 -27.7614004728)
continue (34452.4395314628 -27.8116059551)
continue (36147.0458392380 -27.8629243492)
continue (37922.0568292630 -27.9153295279)
continue (39793.3198955105 -27.9692792604)
continue (41743.7941185154 -28.0247339662)
continue (43789.8618744445 -28.0817201890)
continue (45953.9599398483 -28.1405474896)
continue (48189.6893499308 -28.2011288648)
continue (50569.7572479018 -28.2633187504)
continue (53042.3181377876 -28.3271608576)
continue (55666.8922179103 -28.3926380922)
continue (58377.1316852781 -28.4599412681)
continue (61241.0635488703 -28.5293314085)
continue (64264.2472219458 -28.6006429106)
continue (67401.4072194668 -28.6739300532)
continue (70750.5454663968 -28.7490978301)
continue (74207.4125087289 -28.8266358855)
continue (77819.5581218780 -28.9063756477)
continue (81654.7513984938 -28.9884424735)
continue (85725.9666610716 -29.0729130242)
continue (89868.5429592890 -29.1598813969)
continue (94314.5338032696 -29.2494207809)
continue (98943.2166783052 -29.3417042022)
continue (103800.7774925608 -29.4363693245)
continue (108899.0231366146 -29.5336519696)
continue (114251.1315956859 -29.6336778029)
continue (119856.2443255545 -29.7350816279)
continue (125744.0355467353 -29.8379804148)
continue (131933.8389470379 -29.9422441104)
continue (138406.2918601444 -30.0468603501)
continue (145198.6975154861 -30.1515813459)
continue (152334.8421275812 -30.2559377631)
continue (159815.3324460174 -30.3579774556)
continue (167666.4260546809 -30.4569247933)
continue (175886.3203256497 -30.5507354704)
continue (184541.7224801926 -30.6387896449)
continue (193598.2633539815 -30.7203551087)
continue (203090.4893263185 -30.7934280755)
continue (213112.0265685666 -30.8583890147)
continue (223568.9464198211 -30.9151537766)
continue (234560.3669516579 -30.9647039665)
continue (246022.4151207319 -31.0082361817)
continue (258149.2990388642 -31.0463360755)
continue (270807.4370303688 -31.0803494355)
continue (284149.3687580888 -31.1130490630)
continue (298091.9285597615 -31.1457500161)
continue (312720.3245048699 -31.1784454896)
continue (328029.8868276425 -31.2111145570)
continue (344134.0731144981 -31.2438263556)
continue (361040.8183863672 -31.2764911247)
continue (378747.7246912680 -31.3092188252)
continue (397412.5711326607 -31.3419130591)
continue (416865.0620343966 -31.3745333653)
continue (437478.1687984592 -31.4072617118)
continue (458845.4308193308 -31.4399954191)
continue (481387.7578484896 -31.4726632882)
continue (505136.9321547621 -31.5053630525)
continue (529806.4102367389 -31.5380529330)
continue (555989.6434455100 -31.5707342684)
continue (583397.5836153590 -31.6034338004)
continue (611999.3456059039 -31.6361372288)
continue (3672982.7714921040 -32.7116589237)
continue (3709712.5992070250 -50.0000000000)
continue (7354000.0000000000 -50.0000000000)
f(nu) = -21.7687205181 at 1.0000000000 Ryd
