# Haardt & Madau (2011)
# z = 2.548134
# E [Ryd] log (J_nu)
interpolate (0.0000000100 -50.0000000000)
continue (0.0090035365 -50.0000000000)
continue (0.0090944813 -19.3202296877)
continue (0.0095460614 -19.3283661854)
continue (0.0100150239 -19.3345871791)
continue (0.0105069414 -19.3385494056)
continue (0.0110229470 -19.3400543972)
continue (0.0115643024 -19.3392663448)
continue (0.0121324328 -19.3364667537)
continue (0.0127271931 -19.3314417154)
continue (0.0133518978 -19.3240182933)
continue (0.0140087168 -19.3148179931)
continue (0.0146954850 -19.3038664926)
continue (0.0154190698 -19.2914314893)
continue (0.0161744236 -19.2768097269)
continue (0.0169695908 -19.2589169042)
continue (0.0178051392 -19.2376019837)
continue (0.0186773319 -19.2138769213)
continue (0.0195971403 -19.1882755219)
continue (0.0205564409 -19.1623272462)
continue (0.0215684503 -19.1402631947)
continue (0.0226289304 -19.1191762443)
continue (0.0237370937 -19.0941321294)
continue (0.0249048108 -19.0699502534)
continue (0.0261257748 -19.0497657209)
continue (0.0274065271 -19.0284837907)
continue (0.0287556651 -19.0026621131)
continue (0.0301644166 -18.9740924169)
continue (0.0316522065 -18.9484762465)
continue (0.0332094397 -18.9299065321)
continue (0.0348343664 -18.9086618283)
continue (0.0365530295 -18.8790959086)
continue (0.0383368543 -18.8512838265)
continue (0.0402325398 -18.8314611521)
continue (0.0422078289 -18.8152147813)
continue (0.0442792529 -18.8017515399)
continue (0.0464458219 -18.7906077886)
continue (0.0487308570 -18.7818418617)
continue (0.0511373191 -18.7770238016)
continue (0.0536354930 -18.7789277602)
continue (0.0562510510 -18.7820024527)
continue (0.0590198851 -18.7849463818)
continue (0.0619488121 -18.7857825786)
continue (0.0649513204 -18.7852933370)
continue (0.0681575935 -18.7852227857)
continue (0.0715280240 -18.7846230723)
continue (0.0750014013 -18.7842888915)
continue (0.0786931801 -18.7851247675)
continue (0.0825423030 -18.7868017584)
continue (0.0866223408 -18.7891321722)
continue (0.0908541401 -18.7933609957)
continue (0.0953507404 -18.7969726520)
continue (0.1000293113 -18.8028165331)
continue (0.1049484079 -18.8098606136)
continue (0.1100962940 -18.8158825135)
continue (0.1155110946 -18.8215333736)
continue (0.1211791257 -18.8280134891)
continue (0.1271298864 -18.8345922259)
continue (0.1333821759 -18.8409713615)
continue (0.1399365826 -18.8486706509)
continue (0.1467891472 -18.8574468582)
continue (0.1540082856 -18.8678715514)
continue (0.1615721677 -18.8800052268)
continue (0.1695065152 -18.8942464942)
continue (0.1778429012 -18.9101754762)
continue (0.1865821101 -18.9256130012)
continue (0.1957188629 -18.9462011759)
continue (0.2053328133 -18.9759571146)
continue (0.2154295569 -19.0113427661)
continue (0.2260086869 -19.0554338564)
continue (0.2371238682 -19.0966802951)
continue (0.2487761468 -19.1139914312)
continue (0.2609584839 -19.1169870654)
continue (0.2738182168 -19.1193174142)
continue (0.2872846865 -19.1212586266)
continue (0.3013449159 -19.1229910677)
continue (0.3161925835 -19.1242914490)
continue (0.3317317166 -19.1234320296)
continue (0.3479446451 -19.1214242646)
continue (0.3650909558 -19.1183517878)
continue (0.3830462487 -19.1148927925)
continue (0.4017932212 -19.1148658554)
continue (0.4214926113 -19.1180773801)
continue (0.4421479988 -19.1207502386)
continue (0.4639852473 -19.1236830030)
continue (0.4867879410 -19.1293882138)
continue (0.5105137398 -19.1376170721)
continue (0.5357242949 -19.1485802309)
continue (0.5621634951 -19.1606200929)
continue (0.5898168451 -19.1709787311)
continue (0.6186469963 -19.1866113952)
continue (0.6490505880 -19.2081314396)
continue (0.6810665363 -19.2371111994)
continue (0.7141591110 -19.2820034668)
continue (0.7493972250 -19.3161628348)
continue (0.7494721647 -19.4983040432)
continue (0.7862528262 -19.5662984822)
continue (0.8246760413 -19.6953207546)
continue (0.8288691440 -19.7198356423)
continue (0.8329223494 -19.7380293826)
continue (0.8369692640 -19.7565470891)
continue (0.8410246471 -19.7753922771)
continue (0.8450724969 -19.7945959003)
continue (0.8491278496 -19.8139086222)
continue (0.8531743819 -19.8325503797)
continue (0.8572274097 -19.8504007783)
continue (0.8612784258 -19.8689895407)
continue (0.8654007841 -19.8883471974)
continue (0.8695793897 -19.9223943192)
continue (0.8738320602 -19.9534506307)
continue (0.8780757618 -19.9817450693)
continue (0.8823267095 -20.0111356488)
continue (0.8865758872 -20.0417721683)
continue (0.8881744889 -20.0555965441)
continue (0.8882633063 -20.0186713052)
continue (0.8908313543 -20.0359832261)
continue (0.8950839085 -20.0656724057)
continue (0.8993328783 -20.0933764434)
continue (0.9035775804 -20.1220922481)
continue (0.9076364797 -20.1519387276)
continue (0.9122887891 -20.2097002020)
continue (0.9167473412 -20.2634696610)
continue (0.9212068475 -20.3130425401)
continue (0.9256657564 -20.3676752158)
continue (0.9301243670 -20.4287549433)
continue (0.9345830023 -20.4981687967)
continue (0.9370355019 -20.5410593797)
continue (0.9371292055 -20.5221579175)
continue (0.9390420102 -20.5499409558)
continue (0.9435007865 -20.6180596315)
continue (0.9479597018 -20.6969190011)
continue (0.9524111890 -20.7910031099)
continue (0.9531314168 -20.8107571564)
continue (0.9538447474 -20.8319160482)
continue (0.9545581467 -20.8528813640)
continue (0.9552716124 -20.8736488620)
continue (0.9559851426 -20.8942035653)
continue (0.9566987351 -20.9145440450)
continue (0.9574113820 -20.9346579915)
continue (0.9581250913 -20.9545364485)
continue (0.9588388566 -20.9741744998)
continue (0.9595314579 -20.9935694108)
continue (0.9596274111 -20.9819601648)
continue (0.9607717508 -21.0136511390)
continue (0.9619918963 -21.0444512859)
continue (0.9632120904 -21.0743812343)
continue (0.9644323218 -21.1034032771)
continue (0.9656525788 -21.1314810020)
continue (0.9668728501 -21.1585802362)
continue (0.9680931239 -21.1846708082)
continue (0.9693133886 -21.2097255372)
continue (0.9705336324 -21.2337205111)
continue (0.9717072143 -21.2566308327)
continue (0.9718043851 -21.2488057716)
continue (0.9724932560 -21.2619096228)
continue (0.9732327551 -21.2746209203)
continue (0.9739723387 -21.2869303302)
continue (0.9747120047 -21.2988386727)
continue (0.9754507067 -21.3103451434)
continue (0.9761905291 -21.3214514131)
continue (0.9769304274 -21.3321592179)
continue (0.9776693502 -21.3424711394)
continue (0.9784093917 -21.3523910055)
continue (0.9791200447 -21.3618833555)
continue (0.9792179567 -21.3562148784)
continue (0.9796263306 -21.3620759121)
continue (0.9801046776 -21.3677960525)
continue (0.9805824369 -21.3733598986)
continue (0.9810606622 -21.3787695422)
continue (0.9815393541 -21.3840266529)
continue (0.9820174552 -21.3891324853)
continue (0.9824949629 -21.3940890428)
continue (0.9829729353 -21.3988983274)
continue (0.9834513729 -21.4035626445)
continue (0.9838771600 -21.4080552357)
continue (0.9839755477 -21.4036902108)
continue (0.9842533484 -21.4066225564)
continue (0.9845776963 -21.4095144580)
continue (0.9849011935 -21.4123435095)
continue (0.9852259686 -21.4151097435)
continue (0.9855498921 -21.4178149712)
continue (0.9858740286 -21.4204588763)
continue (0.9861983784 -21.4230436780)
continue (0.9865229417 -21.4255682160)
continue (0.9868466500 -21.4280346306)
continue (0.9871812649 -21.4304676761)
continue (0.9872799830 -21.4268951101)
continue (0.9874069640 -21.4285911275)
continue (0.9876424000 -21.4302645151)
continue (0.9878790193 -21.4319090850)
continue (0.9881146805 -21.4335235872)
continue (0.9883504542 -21.4351100272)
continue (0.9885863405 -21.4366675826)
continue (0.9888223393 -21.4381964129)
continue (0.9890584509 -21.4396980895)
continue (0.9892936012 -21.4411716071)
continue (0.9895396087 -21.4425801037)
continue (0.9896385626 -21.4396726156)
continue (0.9991963000 -21.4786752147)
continue (1.0439535177 -21.5089131795)
continue (1.0951412398 -21.5431923365)
continue (1.1489938540 -21.5740671235)
continue (1.2053796635 -21.6055213787)
continue (1.2645948177 -21.6376998685)
continue (1.3266371024 -21.6686740303)
continue (1.3918848719 -21.6976235819)
continue (1.4601298279 -21.7284655298)
continue (1.5320561964 -21.7608710126)
continue (1.6071728847 -21.7955725431)
continue (1.6862824308 -21.8299966113)
continue (1.7691070192 -21.8652064545)
continue (1.8559409890 -21.8989679565)
continue (1.9471517641 -21.9240936439)
continue (2.0427415952 -21.9517004697)
continue (2.1431491665 -21.9806951822)
continue (2.2483765744 -22.0095632145)
continue (2.3583515155 -22.0342429077)
continue (2.4742520380 -22.0513917473)
continue (2.5962023522 -22.0604879975)
continue (2.7234519594 -22.0583574696)
continue (2.8575322220 -22.0497267850)
continue (2.9975889000 -22.0324597139)
continue (2.9978886589 -22.3073264338)
continue (3.1444686874 -22.3753373411)
continue (3.2993013237 -22.4715549753)
continue (3.3154826074 -22.4870802649)
continue (3.3316772167 -22.4986763439)
continue (3.3478832060 -22.5104863825)
continue (3.3640861692 -22.5224729501)
continue (3.3802962572 -22.5346700051)
continue (3.3964987387 -22.5478451126)
continue (3.4127039181 -22.5622528170)
continue (3.4289096388 -22.5773768488)
continue (3.4451137031 -22.5929695660)
continue (3.4609457866 -22.6089628833)
continue (3.4783175587 -22.6288062889)
continue (3.4953148337 -22.6463173257)
continue (3.5123165848 -22.6643559696)
continue (3.5293205071 -22.6828878595)
continue (3.5463242500 -22.7020588216)
continue (3.5540835632 -22.7107759178)
continue (3.5544389716 -22.5796437366)
continue (3.5633254174 -22.5868737985)
continue (3.5803215672 -22.6012483448)
continue (3.5973244128 -22.6165803065)
continue (3.6143174892 -22.6324437987)
continue (3.6319929279 -22.6487464581)
continue (3.6491551562 -22.6635848712)
continue (3.6669967430 -22.6811772490)
continue (3.6848199399 -22.6995759524)
continue (3.7026667870 -22.7187385833)
continue (3.7204898731 -22.7389991609)
continue (3.7383320094 -22.7602748451)
continue (3.7485274603 -22.7725038955)
continue (3.7489023131 -22.6974741441)
continue (3.7561602994 -22.7054505141)
continue (3.7740031459 -22.7241628620)
continue (3.7918427517 -22.7438898610)
continue (3.8096447559 -22.7645244503)
continue (3.8125296550 -22.7543154935)
continue (3.8153869771 -22.7575030597)
continue (3.8182325867 -22.7607148821)
continue (3.8210824441 -22.7639513300)
continue (3.8239365589 -22.7672125472)
continue (3.8267949406 -22.7704979867)
continue (3.8296415044 -22.7738089609)
continue (3.8324923062 -22.7771423058)
continue (3.8353473554 -22.7804993133)
continue (3.8385300152 -22.7837886827)
continue (3.8389138682 -22.7342461810)
continue (3.8430951071 -22.7393537508)
continue (3.8479635231 -22.7444372559)
continue (3.8528442893 -22.7495725493)
continue (3.8577374527 -22.7547555779)
continue (3.8626103154 -22.7599871060)
continue (3.8674955038 -22.7652658760)
continue (3.8723766094 -22.7705917008)
continue (3.8772535543 -22.7759638808)
continue (3.8821262604 -22.7813809635)
continue (3.8876579591 -22.7868101165)
continue (3.8880467249 -22.7513871984)
continue (3.8899647214 -22.7544294599)
continue (3.8929227052 -22.7574462733)
continue (3.8958851910 -22.7604780707)
continue (3.8988521891 -22.7635213566)
continue (3.9018070032 -22.7665776254)
continue (3.9047662995 -22.7696481624)
continue (3.9077133308 -22.7727302934)
continue (3.9106815965 -22.7758272153)
continue (3.9136375668 -22.7789347875)
continue (3.9160594139 -22.7821481617)
continue (3.9164510198 -22.7555518092)
continue (3.9185011099 -22.7573648052)
continue (3.9204229271 -22.7592453828)
continue (3.9223297476 -22.7611292121)
continue (3.9242384239 -22.7630185750)
continue (3.9261489587 -22.7649126222)
continue (3.9280613547 -22.7668099780)
continue (3.9299756146 -22.7687118046)
continue (3.9318917412 -22.7706195387)
continue (3.9338097371 -22.7725320569)
continue (3.9363586419 -22.7745359260)
continue (3.9367522778 -22.7537830473)
continue (3.9370218983 -22.7550521552)
continue (3.9383150403 -22.7562828573)
continue (3.9396090321 -22.7575148638)
continue (3.9409038745 -22.7587490382)
continue (3.9421995683 -22.7599853906)
continue (3.9434961144 -22.7612216728)
continue (3.9447935136 -22.7624626612)
continue (3.9460917668 -22.7637035850)
continue (3.9473908747 -22.7649467126)
continue (3.9482973380 -22.7661584418)
continue (3.9486921677 -22.7498140160)
continue (3.9496321357 -22.7506347473)
continue (3.9505738819 -22.7515032671)
continue (3.9515160773 -22.7523732853)
continue (3.9524587222 -22.7532426019)
continue (3.9534018169 -22.7541139445)
continue (3.9543453619 -22.7549854271)
continue (3.9552893573 -22.7558589452)
continue (3.9562338035 -22.7567328695)
continue (3.9571787009 -22.7576085773)
continue (3.9585882954 -22.7584458777)
continue (3.9589841543 -22.7452646422)
continue (3.9967852000 -22.7806070059)
continue (3.9971848786 -22.7806070059)
continue (4.1935896254 -23.0062599311)
continue (4.3980068803 -23.1007693606)
continue (4.6140102562 -23.1330811311)
continue (4.8420139512 -23.1461327031)
continue (5.0795263412 -23.1547413844)
continue (5.3290469334 -23.1629830654)
continue (5.5905952491 -23.1717855957)
continue (5.8640091738 -23.1813710870)
continue (6.1530521648 -23.1916885030)
continue (6.4537324760 -23.2028181335)
continue (6.7752195212 -23.2145692466)
continue (7.1026268559 -23.2268999859)
continue (7.4571769690 -23.2397054282)
continue (7.8220345546 -23.2528120592)
continue (8.2022234528 -23.2661251481)
continue (8.6049766346 -23.2794323653)
continue (9.0313877662 -23.2926723903)
continue (9.4736149871 -23.3057938288)
continue (9.9396490577 -23.3186728195)
continue (10.4275892620 -23.3314193112)
continue (10.9395801393 -23.3439559399)
continue (11.4769146802 -23.3564165560)
continue (12.0410547781 -23.3688742774)
continue (12.6319243916 -23.3814806099)
continue (13.2528654102 -23.3942977465)
continue (13.9039826916 -23.4074446715)
continue (14.5849395904 -23.4211052912)
continue (15.3025529069 -23.4352635789)
continue (16.0547397041 -23.4501462098)
continue (16.8410095289 -23.4657417964)
continue (17.6704872136 -23.4821676004)
continue (18.5367580473 -23.4993781830)
continue (19.4465861205 -23.5173257696)
continue (20.4045460279 -23.5361974807)
continue (21.4063196055 -23.5557920840)
continue (22.4560627306 -23.5764785129)
continue (23.5591268254 -23.5980801793)
continue (24.7156773965 -23.6207108718)
continue (25.9324708482 -23.6442594031)
continue (27.2020007644 -23.6684350860)
continue (28.5395247606 -23.6934848379)
continue (29.9463366943 -23.7191574203)
continue (31.4121691006 -23.7455440425)
continue (32.9572161160 -23.7726074132)
continue (34.5700692567 -23.8003309423)
continue (36.2765535672 -23.8284793785)
continue (38.0487275828 -23.8569671418)
continue (39.9153318269 -23.8861162524)
continue (41.8780802209 -23.9153653135)
continue (43.9376579367 -23.9451926996)
continue (46.0934256756 -23.9751019841)
continue (48.3687380896 -24.0054419405)
continue (50.7386985305 -24.0359852842)
continue (53.2282141126 -24.0667130452)
continue (55.8374402946 -24.0975833362)
continue (58.6023810680 -24.1286068722)
continue (61.4475404995 -24.1597332514)
continue (64.4916507861 -24.1909827281)
continue (67.6515980406 -24.2223077283)
continue (70.9709521501 -24.2536676254)
continue (74.4499203927 -24.2849851965)
continue (78.0862918258 -24.3163767799)
continue (81.9484735258 -24.3478709430)
continue (85.9685873214 -24.3792477028)
continue (90.2244579809 -24.4105842513)
continue (94.6279362001 -24.4417077114)
continue (99.2773750525 -24.4729596631)
continue (104.1567065501 -24.5041689375)
continue (109.2777342136 -24.5351689539)
continue (114.6392031208 -24.5660538179)
continue (120.2675235063 -24.5968934186)
continue (126.1793167554 -24.6274749514)
continue (132.3746405589 -24.6577666727)
continue (138.8703178310 -24.6876936792)
continue (145.6861751570 -24.7175635203)
continue (152.8458613900 -24.7468862187)
continue (160.3496437810 -24.7757745103)
continue (168.2235602007 -24.8041796062)
continue (176.4995207451 -24.8316153110)
continue (185.1792370671 -24.8580221475)
continue (194.2585857189 -24.8819867395)
continue (203.8172725581 -24.9007976610)
continue (213.8120660740 -24.9149481237)
continue (224.3394942411 -24.9260669024)
continue (235.3478888448 -24.9366707471)
continue (246.8889259299 -24.9472112563)
continue (259.0298537826 -24.9562131396)
continue (271.6955949932 -24.9654055676)
continue (285.0381687855 -24.9760289769)
continue (299.0702414201 -24.9868467815)
continue (313.7971851264 -24.9968107892)
continue (329.2149658986 -25.0068014503)
continue (345.3077020111 -25.0166972499)
continue (362.3328133627 -25.0272999598)
continue (380.1698062608 -25.0384053686)
continue (398.8039499375 -25.0500043983)
continue (418.3962468353 -25.0620647935)
continue (438.9532878647 -25.0745804593)
continue (460.4684313326 -25.0881059649)
continue (483.1744568437 -25.1033959059)
continue (506.8225948872 -25.1196772530)
continue (531.6610417778 -25.1347679188)
continue (557.6909581439 -25.1457904416)
continue (585.2710504863 -25.1538222599)
continue (614.0613380102 -25.1621224255)
continue (644.0049650934 -25.1698767526)
continue (675.5129915546 -25.1770152341)
continue (709.1572183714 -25.1847099474)
continue (743.8914494753 -25.1928821655)
continue (780.1943712390 -25.2009348824)
continue (818.7484506803 -25.2084264867)
continue (858.8756132019 -25.2151926615)
continue (901.3521519359 -25.2216312682)
continue (945.2977444058 -25.2278307465)
continue (991.6933568475 -25.2340454925)
continue (1040.3779262555 -25.2403071310)
continue (1091.4684700050 -25.2464742762)
continue (1145.0955335602 -25.2526524865)
continue (1201.4067575573 -25.2593145240)
continue (1260.3969925411 -25.2666421780)
continue (1322.2098456285 -25.2746329817)
continue (1387.2233606442 -25.2835722583)
continue (1455.2331932405 -25.2937729725)
continue (1526.6661511261 -25.3054596585)
continue (1601.8052831907 -25.3184638109)
continue (1680.3743787704 -25.3324297292)
continue (1762.9464608381 -25.3471496400)
continue (1849.5372957321 -25.3630018594)
continue (1940.5175161993 -25.3803929252)
continue (2035.8959463968 -25.3985095621)
continue (2135.6152463257 -25.4171877247)
continue (2240.6368960098 -25.4372998909)
continue (2350.4437080402 -25.4587637058)
continue (2466.2165780979 -25.4810243074)
continue (2587.3566882657 -25.5030810099)
continue (2714.5279285290 -25.5252135695)
continue (2847.7094550225 -25.5486230236)
continue (2987.7607396957 -25.5727160559)
continue (3133.6555213452 -25.5969214269)
continue (3288.5854406611 -25.6208145667)
continue (3449.1560393913 -25.6448361679)
continue (3619.0112216330 -25.6695681123)
continue (3796.9459400300 -25.6948084487)
continue (3982.8104266049 -25.7206918650)
continue (4178.2073617936 -25.7469652194)
continue (4383.1987763694 -25.7732704865)
continue (4600.0354649530 -25.7997421429)
continue (4826.6261949533 -25.8270561563)
continue (5062.5945867066 -25.8547788618)
continue (5310.4139021398 -25.8825888709)
continue (5573.4986275669 -25.9110349869)
continue (5845.2022168518 -25.9393638087)
continue (6132.3487591332 -25.9678205338)
continue (6435.5015932711 -25.9970950423)
continue (6750.1261156088 -26.0275184716)
continue (7080.5518695197 -26.0577095912)
continue (7426.7891247530 -26.0876575453)
continue (7795.2696801299 -26.1180443373)
continue (8180.1348797773 -26.1485271061)
continue (8580.6687910282 -26.1797593003)
continue (8995.7258204066 -26.2126622362)
continue (9442.2031458625 -26.2455552265)
continue (9905.0763652956 -26.2776121050)
continue (10391.9149915291 -26.3093162869)
continue (10902.9316296625 -26.3416053962)
continue (11438.0196511509 -26.3751757791)
continue (11999.8291494231 -26.4085269518)
continue (12588.2998426190 -26.4413302316)
continue (13206.7684870607 -26.4742531455)
continue (13855.3599757821 -26.5072146783)
continue (14536.0827182516 -26.5402047902)
continue (15251.3309725053 -26.5731344257)
continue (15998.3677248453 -26.6060004742)
continue (16785.1726949197 -26.6390904964)
continue (17609.0246494143 -26.6726553434)
continue (18476.6225792212 -26.7070035481)
continue (19380.4131349892 -26.7427206180)
continue (20336.2424817494 -26.7790194670)
continue (21331.1569664605 -26.8151678912)
continue (22378.8562280744 -26.8516787902)
continue (23480.2119455602 -26.8887935409)
continue (24635.4967722950 -26.9268007508)
continue (25844.2151334995 -26.9660375089)
continue (27112.9730915558 -27.0055916404)
continue (28441.5426219473 -27.0455470848)
continue (29838.4749707659 -27.0858452019)
continue (31304.2605842388 -27.1275362153)
continue (32838.4513732321 -27.1711829873)
continue (34452.4395314628 -27.2159580931)
continue (36147.0458392380 -27.2609084010)
continue (37922.0568292630 -27.3059493914)
continue (39793.3198955105 -27.3516623383)
continue (41743.7941185154 -27.3991163928)
continue (43789.8618744445 -27.4480910580)
continue (45953.9599398483 -27.4989278084)
continue (48189.6893499308 -27.5521299243)
continue (50569.7572479018 -27.6068035816)
continue (53042.3181377876 -27.6630877315)
continue (55666.8922179103 -27.7206918650)
continue (58377.1316852781 -27.7798041156)
continue (61241.0635488703 -27.8412569124)
continue (64264.2472219458 -27.9043067611)
continue (67401.4072194668 -27.9688603518)
continue (70750.5454663968 -28.0355656285)
continue (74207.4125087289 -28.1039087162)
continue (77819.5581218780 -28.1746694574)
continue (81654.7513984938 -28.2478021466)
continue (85725.9666610716 -28.3232743025)
continue (89868.5429592890 -28.4014266147)
continue (94314.5338032696 -28.4822294332)
continue (98943.2166783052 -28.5667212399)
continue (103800.7774925608 -28.6544266824)
continue (108899.0231366146 -28.7454081333)
continue (114251.1315956859 -28.8418604795)
continue (119856.2443255545 -28.9404439619)
continue (125744.0355467353 -29.0387760101)
continue (131933.8389470379 -29.1386276672)
continue (138406.2918601444 -29.2354409856)
continue (145198.6975154861 -29.3272801489)
continue (152334.8421275812 -29.4113218067)
continue (159815.3324460174 -29.4819633401)
continue (167666.4260546809 -29.5379291558)
continue (175886.3203256497 -29.5820135560)
continue (184541.7224801926 -29.6147382011)
continue (193598.2633539815 -29.6474214477)
continue (203090.4893263185 -29.6800212875)
continue (213112.0265685666 -29.7127940412)
continue (223568.9464198211 -29.7454348341)
continue (234560.3669516579 -29.7781148971)
continue (246022.4151207319 -29.8108744834)
continue (258149.2990388642 -29.8434436628)
continue (270807.4370303688 -29.8761719909)
continue (284149.3687580888 -29.9088915293)
continue (298091.9285597615 -29.9416112680)
continue (312720.3245048699 -29.9742963028)
continue (328029.8868276425 -30.0069480118)
continue (344134.0731144981 -30.0396898470)
continue (361040.8183863672 -30.0723795483)
continue (378747.7246912680 -30.1051050866)
continue (397412.5711326607 -30.1377614896)
continue (416865.0620343966 -30.1704832266)
continue (437478.1687984592 -30.2031774363)
continue (458845.4308193308 -30.2358223379)
continue (481387.7578484896 -30.2685213570)
continue (505136.9321547621 -30.3012042164)
continue (529806.4102367389 -30.3339551687)
continue (555989.6434455100 -30.3666255238)
continue (583397.5836153590 -30.3993146678)
continue (611999.3456059039 -30.4320052010)
continue (3672982.7714921040 -31.5076013427)
continue (3709712.5992070250 -50.0000000000)
continue (7354000.0000000000 -50.0000000000)
f(nu) = -20.3800201791 at 1.0000000000 Ryd
