# Haardt & Madau (2011)
# z = 2.981072
# E [Ryd] log (J_nu)
interpolate (0.0000000100 -50.0000000000)
continue (0.0090035365 -50.0000000000)
continue (0.0090944813 -19.4235735811)
continue (0.0095460614 -19.4316891860)
continue (0.0100150239 -19.4380065277)
continue (0.0105069414 -19.4420621996)
continue (0.0110229470 -19.4437130071)
continue (0.0115643024 -19.4431306158)
continue (0.0121324328 -19.4405636613)
continue (0.0127271931 -19.4357531770)
continue (0.0133518978 -19.4287879499)
continue (0.0140087168 -19.4199447312)
continue (0.0146954850 -19.4093575630)
continue (0.0154190698 -19.3970278886)
continue (0.0161744236 -19.3824774908)
continue (0.0169695908 -19.3645881658)
continue (0.0178051392 -19.3431831540)
continue (0.0186773319 -19.3191702198)
continue (0.0195971403 -19.2928733754)
continue (0.0205564409 -19.2658278578)
continue (0.0215684503 -19.2424809737)
continue (0.0226289304 -19.2204446297)
continue (0.0237370937 -19.1948476771)
continue (0.0249048108 -19.1699793871)
continue (0.0261257748 -19.1488538928)
continue (0.0274065271 -19.1270032178)
continue (0.0287556651 -19.1012717963)
continue (0.0301644166 -19.0731421563)
continue (0.0316522065 -19.0475589636)
continue (0.0332094397 -19.0277347159)
continue (0.0348343664 -19.0054058388)
continue (0.0365530295 -18.9746942303)
continue (0.0383368543 -18.9450284249)
continue (0.0402325398 -18.9234746636)
continue (0.0422078289 -18.9055037363)
continue (0.0442792529 -18.8905456596)
continue (0.0464458219 -18.8775107270)
continue (0.0487308570 -18.8668270189)
continue (0.0511373191 -18.8604778212)
continue (0.0536354930 -18.8602749460)
continue (0.0562510510 -18.8620218812)
continue (0.0590198851 -18.8637760759)
continue (0.0619488121 -18.8635153728)
continue (0.0649513204 -18.8616720341)
continue (0.0681575935 -18.8601513232)
continue (0.0715280240 -18.8577517947)
continue (0.0750014013 -18.8556771944)
continue (0.0786931801 -18.8548550589)
continue (0.0825423030 -18.8547119650)
continue (0.0866223408 -18.8554465176)
continue (0.0908541401 -18.8581149199)
continue (0.0953507404 -18.8595405903)
continue (0.1000293113 -18.8635019789)
continue (0.1049484079 -18.8691039584)
continue (0.1100962940 -18.8732131338)
continue (0.1155110946 -18.8773023547)
continue (0.1211791257 -18.8817613693)
continue (0.1271298864 -18.8866012635)
continue (0.1333821759 -18.8910959553)
continue (0.1399365826 -18.8965090260)
continue (0.1467891472 -18.9029049198)
continue (0.1540082856 -18.9105204518)
continue (0.1615721677 -18.9197804695)
continue (0.1695065152 -18.9310920823)
continue (0.1778429012 -18.9442321862)
continue (0.1865821101 -18.9565294365)
continue (0.1957188629 -18.9733260932)
continue (0.2053328133 -18.9997868133)
continue (0.2154295569 -19.0329035746)
continue (0.2260086869 -19.0761754993)
continue (0.2371238682 -19.1185592083)
continue (0.2487761468 -19.1357315442)
continue (0.2609584839 -19.1366705418)
continue (0.2738182168 -19.1370644088)
continue (0.2872846865 -19.1371386407)
continue (0.3013449159 -19.1371051119)
continue (0.3161925835 -19.1368708224)
continue (0.3317317166 -19.1344893485)
continue (0.3479446451 -19.1309340818)
continue (0.3650909558 -19.1260813495)
continue (0.3830462487 -19.1206155234)
continue (0.4017932212 -19.1185253557)
continue (0.4214926113 -19.1198767809)
continue (0.4421479988 -19.1206914960)
continue (0.4639852473 -19.1218667236)
continue (0.4867879410 -19.1262058609)
continue (0.5105137398 -19.1325208272)
continue (0.5357242949 -19.1402323206)
continue (0.5621634951 -19.1480809938)
continue (0.5898168451 -19.1539945925)
continue (0.6186469963 -19.1642415909)
continue (0.6490505880 -19.1793455369)
continue (0.6810665363 -19.1998099006)
continue (0.7141591110 -19.2342331539)
continue (0.7493972250 -19.2534818808)
continue (0.7494721647 -19.4565822529)
continue (0.7862528262 -19.5140773805)
continue (0.8246760413 -19.6364060565)
continue (0.8288691440 -19.6597549284)
continue (0.8329223494 -19.6774497238)
continue (0.8369692640 -19.6955117271)
continue (0.8410246471 -19.7139555788)
continue (0.8450724969 -19.7328173985)
continue (0.8491278496 -19.7518037179)
continue (0.8531743819 -19.7701736115)
continue (0.8572274097 -19.7878744239)
continue (0.8612784258 -19.8063803657)
continue (0.8654007841 -19.8258441854)
continue (0.8695793897 -19.8596819448)
continue (0.8738320602 -19.8909703362)
continue (0.8780757618 -19.9198791845)
continue (0.8823267095 -19.9501119841)
continue (0.8865758872 -19.9818542976)
continue (0.8881744889 -19.9962856795)
continue (0.8882633063 -19.9384390150)
continue (0.8908313543 -19.9556865746)
continue (0.8950839085 -19.9850110511)
continue (0.8993328783 -20.0123625013)
continue (0.9035775804 -20.0408336829)
continue (0.9076364797 -20.0705645429)
continue (0.9122887891 -20.1294511600)
continue (0.9167473412 -20.1844525955)
continue (0.9212068475 -20.2355195202)
continue (0.9256657564 -20.2923132887)
continue (0.9301243670 -20.3564863832)
continue (0.9345830023 -20.4304195480)
continue (0.9370355019 -20.4767780567)
continue (0.9371292055 -20.4472237583)
continue (0.9390420102 -20.4761166543)
continue (0.9435007865 -20.5476733314)
continue (0.9479597018 -20.6316867656)
continue (0.9524111890 -20.7338134638)
continue (0.9531314168 -20.7561842758)
continue (0.9538447474 -20.7799304621)
continue (0.9545581467 -20.8035337072)
continue (0.9552716124 -20.8269881084)
continue (0.9559851426 -20.8502825648)
continue (0.9566987351 -20.8734151834)
continue (0.9574113820 -20.8963716603)
continue (0.9581250913 -20.9191497024)
continue (0.9588388566 -20.9417376982)
continue (0.9595314579 -20.9642915998)
continue (0.9596274111 -20.9461703050)
continue (0.9607717508 -20.9823893587)
continue (0.9619918963 -21.0178288885)
continue (0.9632120904 -21.0524721373)
continue (0.9644323218 -21.0862721886)
continue (0.9656525788 -21.1191803268)
continue (0.9668728501 -21.1511486541)
continue (0.9680931239 -21.1821310662)
continue (0.9693133886 -21.2120817404)
continue (0.9705336324 -21.2409596220)
continue (0.9717072143 -21.2687102944)
continue (0.9718043851 -21.2566336992)
continue (0.9724932560 -21.2724501911)
continue (0.9732327551 -21.2878323371)
continue (0.9739723387 -21.3027787267)
continue (0.9747120047 -21.3172855871)
continue (0.9754507067 -21.3313498136)
continue (0.9761905291 -21.3449678730)
continue (0.9769304274 -21.3581390508)
continue (0.9776693502 -21.3708607533)
continue (0.9784093917 -21.3831347211)
continue (0.9791200447 -21.3949417636)
continue (0.9792179567 -21.3861906041)
continue (0.9796263306 -21.3934653792)
continue (0.9801046776 -21.4005371230)
continue (0.9805824369 -21.4074267118)
continue (0.9810606622 -21.4141336270)
continue (0.9815393541 -21.4206592130)
continue (0.9820174552 -21.4270068856)
continue (0.9824949629 -21.4331757359)
continue (0.9829729353 -21.4391682019)
continue (0.9834513729 -21.4449855595)
continue (0.9838771600 -21.4505730734)
continue (0.9839755477 -21.4439164998)
continue (0.9842533484 -21.4476147576)
continue (0.9845776963 -21.4512105194)
continue (0.9849011935 -21.4547295486)
continue (0.9852259686 -21.4581732354)
continue (0.9855498921 -21.4615422893)
continue (0.9858740286 -21.4648360124)
continue (0.9861983784 -21.4680573492)
continue (0.9865229417 -21.4712057755)
continue (0.9868466500 -21.4742821082)
continue (0.9871812649 -21.4773250648)
continue (0.9872799830 -21.4719772241)
continue (0.9874069640 -21.4740700966)
continue (0.9876424000 -21.4761497896)
continue (0.9878790193 -21.4781940114)
continue (0.9881146805 -21.4802011382)
continue (0.9883504542 -21.4821730049)
continue (0.9885863405 -21.4841104107)
continue (0.9888223393 -21.4860117642)
continue (0.9890584509 -21.4878800724)
continue (0.9892936012 -21.4897129206)
continue (0.9895396087 -21.4915051674)
continue (0.9896385626 -21.4871551365)
continue (0.9991963000 -21.5354282199)
continue (1.0439535177 -21.5623271985)
continue (1.0951412398 -21.5970365192)
continue (1.1489938540 -21.6262950965)
continue (1.2053796635 -21.6564133559)
continue (1.2645948177 -21.6876790652)
continue (1.3266371024 -21.7179131971)
continue (1.3918848719 -21.7441434727)
continue (1.4601298279 -21.7732537006)
continue (1.5320561964 -21.8049599440)
continue (1.6071728847 -21.8407476685)
continue (1.6862824308 -21.8781966906)
continue (1.7691070192 -21.9164381898)
continue (1.8559409890 -21.9532036589)
continue (1.9471517641 -21.9749051551)
continue (2.0427415952 -21.9998798019)
continue (2.1431491665 -22.0280735553)
continue (2.2483765744 -22.0589975225)
continue (2.3583515155 -22.0880355469)
continue (2.4742520380 -22.1087449227)
continue (2.5962023522 -22.1187485461)
continue (2.7234519594 -22.1064371560)
continue (2.8575322220 -22.0745927637)
continue (2.9975889000 -22.0174721596)
continue (2.9978886589 -22.3509876038)
continue (3.1444686874 -22.4221899005)
continue (3.2993013237 -22.5453737467)
continue (3.3154826074 -22.5659590359)
continue (3.3316772167 -22.5828034886)
continue (3.3478832060 -22.6002538953)
continue (3.3640861692 -22.6183125912)
continue (3.3802962572 -22.6369762471)
continue (3.3964987387 -22.6575907610)
continue (3.4127039181 -22.6805795773)
continue (3.4289096388 -22.7051875740)
continue (3.4451137031 -22.7313329744)
continue (3.4609457866 -22.7592600574)
continue (3.4783175587 -22.7944987258)
continue (3.4953148337 -22.8282865364)
continue (3.5123165848 -22.8645325579)
continue (3.5293205071 -22.9035677365)
continue (3.5463242500 -22.9458455277)
continue (3.5540835632 -22.9658659596)
continue (3.5544389716 -22.6765439155)
continue (3.5633254174 -22.6873990012)
continue (3.5803215672 -22.7091457427)
continue (3.5973244128 -22.7330767288)
continue (3.6143174892 -22.7584301974)
continue (3.6319929279 -22.7853346058)
continue (3.6491551562 -22.8172016430)
continue (3.6669967430 -22.8495291456)
continue (3.6848199399 -22.8847470135)
continue (3.7026667870 -22.9232766358)
continue (3.7204898731 -22.9661144595)
continue (3.7383320094 -23.0139909790)
continue (3.7485274603 -23.0431123242)
continue (3.7489023131 -22.8747749737)
continue (3.7561602994 -22.8902259105)
continue (3.7740031459 -22.9276107740)
continue (3.7918427517 -22.9691783126)
continue (3.8096447559 -23.0156239432)
continue (3.8125296550 -23.0136269488)
continue (3.8153869771 -23.0209093188)
continue (3.8182325867 -23.0283263462)
continue (3.8210824441 -23.0358810072)
continue (3.8239365589 -23.0435752906)
continue (3.8267949406 -23.0514123935)
continue (3.8296415044 -23.0593963817)
continue (3.8324923062 -23.0675301847)
continue (3.8353473554 -23.0758179301)
continue (3.8385300152 -23.0842873881)
continue (3.8389138682 -22.9718559584)
continue (3.8430951071 -22.9824774858)
continue (3.8479635231 -22.9934729994)
continue (3.8528442893 -23.0047505688)
continue (3.8577374527 -23.0163201385)
continue (3.8626103154 -23.0281909446)
continue (3.8674955038 -23.0403762846)
continue (3.8723766094 -23.0528885092)
continue (3.8772535543 -23.0657442428)
continue (3.8821262604 -23.0789598936)
continue (3.8876579591 -23.0925473413)
continue (3.8880467249 -23.0111560349)
continue (3.8899647214 -23.0178996120)
continue (3.8929227052 -23.0247038745)
continue (3.8958851910 -23.0316066951)
continue (3.8988521891 -23.0386118875)
continue (3.9018070032 -23.0457216334)
continue (3.9047662995 -23.0529396330)
continue (3.9077133308 -23.0602680446)
continue (3.9106815965 -23.0677116020)
continue (3.9136375668 -23.0752738030)
continue (3.9160594139 -23.0829871446)
continue (3.9164510198 -23.0211948481)
continue (3.9185011099 -23.0254865872)
continue (3.9204229271 -23.0297749723)
continue (3.9223297476 -23.0341027616)
continue (3.9242384239 -23.0384711474)
continue (3.9261489587 -23.0428801216)
continue (3.9280613547 -23.0473313399)
continue (3.9299756146 -23.0518263769)
continue (3.9318917412 -23.0563638747)
continue (3.9338097371 -23.0609462963)
continue (3.9363586419 -23.0655684654)
continue (3.9367522778 -23.0171519622)
continue (3.9370218983 -23.0199291239)
continue (3.9383150403 -23.0227294474)
continue (3.9396090321 -23.0255464896)
continue (3.9409038745 -23.0283815436)
continue (3.9421995683 -23.0312348493)
continue (3.9434961144 -23.0341058405)
continue (3.9447935136 -23.0369952911)
continue (3.9460917668 -23.0399026325)
continue (3.9473908747 -23.0428299018)
continue (3.9482973380 -23.0457404624)
continue (3.9486921677 -23.0068442724)
continue (3.9496321357 -23.0087828790)
continue (3.9505738819 -23.0107436289)
continue (3.9515160773 -23.0127141260)
continue (3.9524587222 -23.0146934169)
continue (3.9534018169 -23.0166809219)
continue (3.9543453619 -23.0186784346)
continue (3.9552893573 -23.0206847205)
continue (3.9562338035 -23.0227001370)
continue (3.9571787009 -23.0247251672)
continue (3.9585882954 -23.0267237714)
continue (3.9589841543 -22.9948979469)
continue (3.9967852000 -23.0804402854)
continue (3.9971848786 -23.0804402854)
continue (4.1935896254 -23.3527317112)
continue (4.3980068803 -23.4743751969)
continue (4.6140102562 -23.5123330369)
continue (4.8420139512 -23.5220131679)
continue (5.0795263412 -23.5244882803)
continue (5.3290469334 -23.5256301769)
continue (5.5905952491 -23.5269669093)
continue (5.8640091738 -23.5289467170)
continue (6.1530521648 -23.5313199899)
continue (6.4537324760 -23.5343338474)
continue (6.7752195212 -23.5378706309)
continue (7.1026268559 -23.5417907005)
continue (7.4571769690 -23.5462161964)
continue (7.8220345546 -23.5510059644)
continue (8.2022234528 -23.5559913954)
continue (8.6049766346 -23.5611782125)
continue (9.0313877662 -23.5664111965)
continue (9.4736149871 -23.5716910316)
continue (9.9396490577 -23.5771107050)
continue (10.4275892620 -23.5824372561)
continue (10.9395801393 -23.5877854881)
continue (11.4769146802 -23.5933515740)
continue (12.0410547781 -23.5990900424)
continue (12.6319243916 -23.6050857928)
continue (13.2528654102 -23.6113212042)
continue (13.9039826916 -23.6181952016)
continue (14.5849395904 -23.6256794817)
continue (15.3025529069 -23.6336740055)
continue (16.0547397041 -23.6425877017)
continue (16.8410095289 -23.6524127075)
continue (17.6704872136 -23.6631018305)
continue (18.5367580473 -23.6746820037)
continue (19.4465861205 -23.6873624316)
continue (20.4045460279 -23.7012668010)
continue (21.4063196055 -23.7160866320)
continue (22.4560627306 -23.7319025739)
continue (23.5591268254 -23.7488507549)
continue (24.7156773965 -23.7669556015)
continue (25.9324708482 -23.7854502665)
continue (27.2020007644 -23.8053263583)
continue (28.5395247606 -23.8267412497)
continue (29.9463366943 -23.8487051439)
continue (31.4121691006 -23.8717318209)
continue (32.9572161160 -23.8957071015)
continue (34.5700692567 -23.9205382014)
continue (36.2765535672 -23.9457232902)
continue (38.0487275828 -23.9719132176)
continue (39.9153318269 -23.9988783480)
continue (41.8780802209 -24.0263947380)
continue (43.9376579367 -24.0543477179)
continue (46.0934256756 -24.0828075278)
continue (48.3687380896 -24.1116287095)
continue (50.7386985305 -24.1408002026)
continue (53.2282141126 -24.1702543714)
continue (55.8374402946 -24.1999974706)
continue (58.6023810680 -24.2300627066)
continue (61.4475404995 -24.2601679286)
continue (64.4916507861 -24.2904162612)
continue (67.6515980406 -24.3207688985)
continue (70.9709521501 -24.3512805602)
continue (74.4499203927 -24.3818210297)
continue (78.0862918258 -24.4124342372)
continue (81.9484735258 -24.4428529345)
continue (85.9685873214 -24.4732702930)
continue (90.2244579809 -24.5038215356)
continue (94.6279362001 -24.5342471456)
continue (99.2773750525 -24.5644834138)
continue (104.1567065501 -24.5943834220)
continue (109.2777342136 -24.6242937976)
continue (114.6392031208 -24.6541180969)
continue (120.2675235063 -24.6839271411)
continue (126.1793167554 -24.7130851884)
continue (132.3746405589 -24.7420927183)
continue (138.8703178310 -24.7709843095)
continue (145.6861751570 -24.7991418408)
continue (152.8458613900 -24.8266722361)
continue (160.3496437810 -24.8537787362)
continue (168.2235602007 -24.8803164882)
continue (176.4995207451 -24.9057750466)
continue (185.1792370671 -24.9307645088)
continue (194.2585857189 -24.9541411819)
continue (203.8172725581 -24.9755502594)
continue (213.8120660740 -24.9953284294)
continue (224.3394942411 -25.0119411806)
continue (235.3478888448 -25.0238557306)
continue (246.8889259299 -25.0341397782)
continue (259.0298537826 -25.0432702932)
continue (271.6955949932 -25.0523429816)
continue (285.0381687855 -25.0629221376)
continue (299.0702414201 -25.0736624621)
continue (313.7971851264 -25.0837162595)
continue (329.2149658986 -25.0934691223)
continue (345.3077020111 -25.1034362012)
continue (362.3328133627 -25.1139863178)
continue (380.1698062608 -25.1250784564)
continue (398.8039499375 -25.1366504832)
continue (418.3962468353 -25.1487228691)
continue (438.9532878647 -25.1612146812)
continue (460.4684313326 -25.1747257232)
continue (483.1744568437 -25.1899713251)
continue (506.8225948872 -25.2063303137)
continue (531.6610417778 -25.2214186066)
continue (557.6909581439 -25.2324326746)
continue (585.2710504863 -25.2404301194)
continue (614.0613380102 -25.2487179083)
continue (644.0049650934 -25.2564465036)
continue (675.5129915546 -25.2635969862)
continue (709.1572183714 -25.2712872216)
continue (743.8914494753 -25.2794319627)
continue (780.1943712390 -25.2875638391)
continue (818.7484506803 -25.2949929930)
continue (858.8756132019 -25.3018232355)
continue (901.3521519359 -25.3082321465)
continue (945.2977444058 -25.3143944378)
continue (991.6933568475 -25.3206291928)
continue (1040.3779262555 -25.3268625192)
continue (1091.4684700050 -25.3329994892)
continue (1145.0955335602 -25.3392074781)
continue (1201.4067575573 -25.3458116242)
continue (1260.3969925411 -25.3532031926)
continue (1322.2098456285 -25.3611574111)
continue (1387.2233606442 -25.3700561137)
continue (1455.2331932405 -25.3802197547)
continue (1526.6661511261 -25.3919106586)
continue (1601.8052831907 -25.4049370906)
continue (1680.3743787704 -25.4188424003)
continue (1762.9464608381 -25.4335613059)
continue (1849.5372957321 -25.4495299862)
continue (1940.5175161993 -25.4668715388)
continue (2035.8959463968 -25.4849581515)
continue (2135.6152463257 -25.5035784336)
continue (2240.6368960098 -25.5237321059)
continue (2350.4437080402 -25.5451715588)
continue (2466.2165780979 -25.5674035328)
continue (2587.3566882657 -25.5894522404)
continue (2714.5279285290 -25.6116131311)
continue (2847.7094550225 -25.6349994119)
continue (2987.7607396957 -25.6592494318)
continue (3133.6555213452 -25.6834640464)
continue (3288.5854406611 -25.7073334044)
continue (3449.1560393913 -25.7311433390)
continue (3619.0112216330 -25.7560426216)
continue (3796.9459400300 -25.7811890571)
continue (3982.8104266049 -25.8069949802)
continue (4178.2073617936 -25.8332461885)
continue (4383.1987763694 -25.8595553054)
continue (4600.0354649530 -25.8862220009)
continue (4826.6261949533 -25.9135642058)
continue (5062.5945867066 -25.9412234303)
continue (5310.4139021398 -25.9690705628)
continue (5573.4986275669 -25.9973801165)
continue (5845.2022168518 -26.0258539361)
continue (6132.3487591332 -26.0541903292)
continue (6435.5015932711 -26.0834378386)
continue (6750.1261156088 -26.1138471259)
continue (7080.5518695197 -26.1440533175)
continue (7426.7891247530 -26.1740231825)
continue (7795.2696801299 -26.2043781131)
continue (8180.1348797773 -26.2348804448)
continue (8580.6687910282 -26.2661328867)
continue (8995.7258204066 -26.2990306550)
continue (9442.2031458625 -26.3319550663)
continue (9905.0763652956 -26.3639969748)
continue (10391.9149915291 -26.3956457256)
continue (10902.9316296625 -26.4279711426)
continue (11438.0196511509 -26.4615119892)
continue (11999.8291494231 -26.4949269388)
continue (12588.2998426190 -26.5277205938)
continue (13206.7684870607 -26.5606305645)
continue (13855.3599757821 -26.5935841976)
continue (14536.0827182516 -26.6265112574)
continue (15251.3309725053 -26.6594831804)
continue (15998.3677248453 -26.6922983325)
continue (16785.1726949197 -26.7254816170)
continue (17609.0246494143 -26.7588657875)
continue (18476.6225792212 -26.7933600264)
continue (19380.4131349892 -26.8290697956)
continue (20336.2424817494 -26.8653666409)
continue (21331.1569664605 -26.9014368054)
continue (22378.8562280744 -26.9380632319)
continue (23480.2119455602 -26.9748462014)
continue (24635.4967722950 -27.0132332458)
continue (25844.2151334995 -27.0523464793)
continue (27112.9730915558 -27.0919820872)
continue (28441.5426219473 -27.1318243900)
continue (29838.4749707659 -27.1721229831)
continue (31304.2605842388 -27.2138114805)
continue (32838.4513732321 -27.2574447833)
continue (34452.4395314628 -27.3022027499)
continue (36147.0458392380 -27.3471970571)
continue (37922.0568292630 -27.3922513245)
continue (39793.3198955105 -27.4379122488)
continue (41743.7941185154 -27.4852711347)
continue (43789.8618744445 -27.5343195478)
continue (45953.9599398483 -27.5852218657)
continue (48189.6893499308 -27.6382662217)
continue (50569.7572479018 -27.6931549731)
continue (53042.3181377876 -27.7493165903)
continue (55666.8922179103 -27.8067661966)
continue (58377.1316852781 -27.8660045032)
continue (61241.0635488703 -27.9275084154)
continue (64264.2472219458 -27.9905178941)
continue (67401.4072194668 -28.0550544217)
continue (70750.5454663968 -28.1217197372)
continue (74207.4125087289 -28.1900746877)
continue (77819.5581218780 -28.2608154457)
continue (81654.7513984938 -28.3339694163)
continue (85725.9666610716 -28.4093635561)
continue (89868.5429592890 -28.4875589124)
continue (94314.5338032696 -28.5682641038)
continue (98943.2166783052 -28.6528808330)
continue (103800.7774925608 -28.7405360582)
continue (108899.0231366146 -28.8314739525)
continue (114251.1315956859 -28.9278762950)
continue (119856.2443255545 -29.0269737316)
continue (125744.0355467353 -29.1280692778)
continue (131933.8389470379 -29.2335215495)
continue (138406.2918601444 -29.3372176542)
continue (145198.6975154861 -29.4350858740)
continue (152334.8421275812 -29.5242404727)
continue (159815.3324460174 -29.5955943687)
continue (167666.4260546809 -29.6444550779)
continue (175886.3203256497 -29.6781459193)
continue (184541.7224801926 -29.7106835061)
continue (193598.2633539815 -29.7435161106)
continue (203090.4893263185 -29.7762150259)
continue (213112.0265685666 -29.8087212100)
continue (223568.9464198211 -29.8416346794)
continue (234560.3669516579 -29.8742527131)
continue (246022.4151207319 -29.9069960974)
continue (258149.2990388642 -29.9397539254)
continue (270807.4370303688 -29.9722500761)
continue (284149.3687580888 -30.0049850661)
continue (298091.9285597615 -30.0377327045)
continue (312720.3245048699 -30.0703697336)
continue (328029.8868276425 -30.1030883316)
continue (344134.0731144981 -30.1357501894)
continue (361040.8183863672 -30.1684431701)
continue (378747.7246912680 -30.2011628094)
continue (397412.5711326607 -30.2338341474)
continue (416865.0620343966 -30.2665170789)
continue (437478.1687984592 -30.2991954099)
continue (458845.4308193308 -30.3319569963)
continue (481387.7578484896 -30.3646140653)
continue (505136.9321547621 -30.3972588412)
continue (529806.4102367389 -30.4300325671)
continue (555989.6434455100 -30.4626546305)
continue (583397.5836153590 -30.4954007818)
continue (611999.3456059039 -30.5279983061)
continue (3672982.7714921040 -31.6036910923)
continue (3709712.5992070250 -50.0000000000)
continue (7354000.0000000000 -50.0000000000)
f(nu) = -20.4367119182 at 1.0000000000 Ryd
