# Haardt & Madau (2011)
# z = 0.258925
# E [Ryd] log (J_nu)
interpolate (0.0000000100 -50.0000000000)
continue (0.0090035365 -50.0000000000)
continue (0.0090944813 -19.6396072488)
continue (0.0095460614 -19.6161216706)
continue (0.0100150239 -19.5915327143)
continue (0.0105069414 -19.5663708095)
continue (0.0110229470 -19.5404710491)
continue (0.0115643024 -19.5141283512)
continue (0.0121324328 -19.4874201671)
continue (0.0127271931 -19.4605266499)
continue (0.0133518978 -19.4334801904)
continue (0.0140087168 -19.4065131548)
continue (0.0146954850 -19.3796027175)
continue (0.0154190698 -19.3530293392)
continue (0.0161744236 -19.3267351880)
continue (0.0169695908 -19.3007620207)
continue (0.0178051392 -19.2752413566)
continue (0.0186773319 -19.2502582187)
continue (0.0195971403 -19.2260958040)
continue (0.0205564409 -19.2029299542)
continue (0.0215684503 -19.1814932402)
continue (0.0226289304 -19.1615196036)
continue (0.0237370937 -19.1423899841)
continue (0.0249048108 -19.1247290203)
continue (0.0261257748 -19.1088060051)
continue (0.0274065271 -19.0940627843)
continue (0.0287556651 -19.0803900708)
continue (0.0301644166 -19.0679364324)
continue (0.0316522065 -19.0572230534)
continue (0.0332094397 -19.0484231741)
continue (0.0348343664 -19.0403805476)
continue (0.0365530295 -19.0321606222)
continue (0.0383368543 -19.0259775290)
continue (0.0402325398 -19.0240238667)
continue (0.0422078289 -19.0251199064)
continue (0.0442792529 -19.0280756313)
continue (0.0464458219 -19.0329660006)
continue (0.0487308570 -19.0398093311)
continue (0.0511373191 -19.0491638451)
continue (0.0536354930 -19.0612431685)
continue (0.0562510510 -19.0748721876)
continue (0.0590198851 -19.0890613695)
continue (0.0619488121 -19.1029148759)
continue (0.0649513204 -19.1166366714)
continue (0.0681575935 -19.1314143746)
continue (0.0715280240 -19.1475671001)
continue (0.0750014013 -19.1650926067)
continue (0.0786931801 -19.1842262377)
continue (0.0825423030 -19.2048845104)
continue (0.0866223408 -19.2277410005)
continue (0.0908541401 -19.2529220901)
continue (0.0953507404 -19.2796999802)
continue (0.1000293113 -19.3083561632)
continue (0.1049484079 -19.3379426459)
continue (0.1100962940 -19.3688106689)
continue (0.1155110946 -19.4009702913)
continue (0.1211791257 -19.4346372179)
continue (0.1271298864 -19.4686386029)
continue (0.1333821759 -19.5021539990)
continue (0.1399365826 -19.5378730564)
continue (0.1467891472 -19.5745026170)
continue (0.1540082856 -19.6115550888)
continue (0.1615721677 -19.6493406554)
continue (0.1695065152 -19.6872118052)
continue (0.1778429012 -19.7240474952)
continue (0.1865821101 -19.7598848676)
continue (0.1957188629 -19.7965514384)
continue (0.2053328133 -19.8325069079)
continue (0.2154295569 -19.8653242517)
continue (0.2260086869 -19.8971108958)
continue (0.2371238682 -19.9246553430)
continue (0.2487761468 -19.9479184965)
continue (0.2609584839 -19.9713791355)
continue (0.2738182168 -19.9961725742)
continue (0.2872846865 -20.0229962224)
continue (0.3013449159 -20.0516269953)
continue (0.3161925835 -20.0819099064)
continue (0.3317317166 -20.1113326614)
continue (0.3479446451 -20.1421740714)
continue (0.3650909558 -20.1748310334)
continue (0.3830462487 -20.2091070170)
continue (0.4017932212 -20.2458614738)
continue (0.4214926113 -20.2856915288)
continue (0.4421479988 -20.3282253262)
continue (0.4639852473 -20.3739913854)
continue (0.4867879410 -20.4235950613)
continue (0.5105137398 -20.4770809982)
continue (0.5357242949 -20.5345659046)
continue (0.5621634951 -20.5956020860)
continue (0.5898168451 -20.6588569104)
continue (0.6186469963 -20.7277560356)
continue (0.6490505880 -20.8030470883)
continue (0.6810665363 -20.8861264042)
continue (0.7141591110 -20.9834416978)
continue (0.7493972250 -21.0767947893)
continue (0.7494721647 -21.1956238345)
continue (0.7862528262 -21.3113848915)
continue (0.8246760413 -21.4703335470)
continue (0.8288691440 -21.4989142533)
continue (0.8329223494 -21.5190509737)
continue (0.8369692640 -21.5393046815)
continue (0.8410246471 -21.5596754181)
continue (0.8450724969 -21.5801763833)
continue (0.8491278496 -21.6006959329)
continue (0.8531743819 -21.6204646459)
continue (0.8572274097 -21.6391594799)
continue (0.8612784258 -21.6583663904)
continue (0.8654007841 -21.6780713424)
continue (0.8695793897 -21.7119524220)
continue (0.8738320602 -21.7421536833)
continue (0.8780757618 -21.7687327909)
continue (0.8823267095 -21.7957819203)
continue (0.8865758872 -21.8233448813)
continue (0.8881744889 -21.8356858230)
continue (0.8882633063 -21.8312894725)
continue (0.8908313543 -21.8477300798)
continue (0.8950839085 -21.8755747096)
continue (0.8993328783 -21.9012528606)
continue (0.9035775804 -21.9272604612)
continue (0.9076364797 -21.9535627744)
continue (0.9122887891 -22.0033021422)
continue (0.9167473412 -22.0472605611)
continue (0.9212068475 -22.0861813425)
continue (0.9256657564 -22.1275734613)
continue (0.9301243670 -22.1718744557)
continue (0.9345830023 -22.2196319163)
continue (0.9370355019 -22.2477264026)
continue (0.9371292055 -22.2455657587)
continue (0.9390420102 -22.2639431778)
continue (0.9435007865 -22.3070506648)
continue (0.9479597018 -22.3533807916)
continue (0.9524111890 -22.4036150527)
continue (0.9531314168 -22.4121120248)
continue (0.9538447474 -22.4223361330)
continue (0.9545581467 -22.4321925575)
continue (0.9552716124 -22.4416863835)
continue (0.9559851426 -22.4508266320)
continue (0.9566987351 -22.4596191658)
continue (0.9574113820 -22.4680741309)
continue (0.9581250913 -22.4761973863)
continue (0.9588388566 -22.4839991969)
continue (0.9595314579 -22.4915111338)
continue (0.9596274111 -22.4901229991)
continue (0.9607717508 -22.5022075174)
continue (0.9619918963 -22.5134502746)
continue (0.9632120904 -22.5238967091)
continue (0.9644323218 -22.5335926514)
continue (0.9656525788 -22.5425836853)
continue (0.9668728501 -22.5509151654)
continue (0.9680931239 -22.5586318927)
continue (0.9693133886 -22.5657765452)
continue (0.9705336324 -22.5723913379)
continue (0.9717072143 -22.5785224129)
continue (0.9718043851 -22.5775715932)
continue (0.9724932560 -22.5810379899)
continue (0.9732327551 -22.5843623155)
continue (0.9739723387 -22.5875342095)
continue (0.9747120047 -22.5905645993)
continue (0.9754507067 -22.5934567734)
continue (0.9761905291 -22.5962203466)
continue (0.9769304274 -22.5988600654)
continue (0.9776693502 -22.6013840792)
continue (0.9784093917 -22.6037959374)
continue (0.9791200447 -22.6060508804)
continue (0.9792179567 -22.6053892903)
continue (0.9796263306 -22.6068162945)
continue (0.9801046776 -22.6082137567)
continue (0.9805824369 -22.6095712029)
continue (0.9810606622 -22.6108918851)
continue (0.9815393541 -22.6121767305)
continue (0.9820174552 -22.6134277086)
continue (0.9824949629 -22.6146435755)
continue (0.9829729353 -22.6158276255)
continue (0.9834513729 -22.6169805334)
continue (0.9838771600 -22.6181783983)
continue (0.9839755477 -22.6174980769)
continue (0.9842533484 -22.6182689844)
continue (0.9845776963 -22.6190003384)
continue (0.9849011935 -22.6197188281)
continue (0.9852259686 -22.6204248208)
continue (0.9855498921 -22.6211186876)
continue (0.9858740286 -22.6218008895)
continue (0.9861983784 -22.6224722403)
continue (0.9865229417 -22.6231312932)
continue (0.9868466500 -22.6237807842)
continue (0.9871812649 -22.6243934807)
continue (0.9872799830 -22.6238867045)
continue (0.9874069640 -22.6243939152)
continue (0.9876424000 -22.6248457118)
continue (0.9878790193 -22.6252924596)
continue (0.9881146805 -22.6257341425)
continue (0.9883504542 -22.6261702181)
continue (0.9885863405 -22.6266021627)
continue (0.9888223393 -22.6270284681)
continue (0.9890584509 -22.6274496457)
continue (0.9892936012 -22.6278675309)
continue (0.9895396087 -22.6282309499)
continue (0.9896385626 -22.6278606572)
continue (0.9991963000 -22.6415762343)
continue (1.0439535177 -22.6700789898)
continue (1.0951412398 -22.7032592015)
continue (1.1489938540 -22.7350715402)
continue (1.2053796635 -22.7660067624)
continue (1.2645948177 -22.7964995970)
continue (1.3266371024 -22.8270181020)
continue (1.3918848719 -22.8578640383)
continue (1.4601298279 -22.8892964000)
continue (1.5320561964 -22.9208237320)
continue (1.6071728847 -22.9514643699)
continue (1.6862824308 -22.9828226982)
continue (1.7691070192 -23.0149650460)
continue (1.8559409890 -23.0483254222)
continue (1.9471517641 -23.0828175151)
continue (2.0427415952 -23.1186489003)
continue (2.1431491665 -23.1549231725)
continue (2.2483765744 -23.1924086735)
continue (2.3583515155 -23.2311447970)
continue (2.4742520380 -23.2712663501)
continue (2.5962023522 -23.3125274174)
continue (2.7234519594 -23.3547981044)
continue (2.8575322220 -23.3977947182)
continue (2.9975889000 -23.4406714915)
continue (2.9978886589 -23.4970055804)
continue (3.1444686874 -23.5401998885)
continue (3.2993013237 -23.5834978311)
continue (3.3154826074 -23.5845631572)
continue (3.3316772167 -23.5886586802)
continue (3.3478832060 -23.5929981793)
continue (3.3640861692 -23.5975298771)
continue (3.3802962572 -23.6022138575)
continue (3.3964987387 -23.6070179522)
continue (3.4127039181 -23.6119089168)
continue (3.4289096388 -23.6168601486)
continue (3.4451137031 -23.6218530135)
continue (3.4609457866 -23.6268045853)
continue (3.4783175587 -23.6273311090)
continue (3.4953148337 -23.6314446618)
continue (3.5123165848 -23.6358101357)
continue (3.5293205071 -23.6403736575)
continue (3.5463242500 -23.6450957634)
continue (3.5540835632 -23.6472252353)
continue (3.5544389716 -23.6385310718)
continue (3.5633254174 -23.6411424825)
continue (3.5803215672 -23.6460811101)
continue (3.5973244128 -23.6510771104)
continue (3.6143174892 -23.6561075598)
continue (3.6319929279 -23.6611196347)
continue (3.6491551562 -23.6609576549)
continue (3.6669967430 -23.6650916307)
continue (3.6848199399 -23.6694833281)
continue (3.7026667870 -23.6740809255)
continue (3.7204898731 -23.6788404971)
continue (3.7383320094 -23.6837172617)
continue (3.7485274603 -23.6864385395)
continue (3.7489023131 -23.6814744741)
continue (3.7561602994 -23.6837572702)
continue (3.7740031459 -23.6887717100)
continue (3.7918427517 -23.6938162223)
continue (3.8096447559 -23.6988792006)
continue (3.8125296550 -23.6949639054)
continue (3.8153869771 -23.6955261613)
continue (3.8182325867 -23.6960972934)
continue (3.8210824441 -23.6966768227)
continue (3.8239365589 -23.6972658094)
continue (3.8267949406 -23.6978621172)
continue (3.8296415044 -23.6984669216)
continue (3.8324923062 -23.6990785932)
continue (3.8353473554 -23.6996993427)
continue (3.8385300152 -23.7003035830)
continue (3.8389138682 -23.6971909593)
continue (3.8430951071 -23.6982316359)
continue (3.8479635231 -23.6993370295)
continue (3.8528442893 -23.7004617028)
continue (3.8577374527 -23.7016019327)
continue (3.8626103154 -23.7027589919)
continue (3.8674955038 -23.7039301639)
continue (3.8723766094 -23.7051145084)
continue (3.8772535543 -23.7063126494)
continue (3.8821262604 -23.7075224698)
continue (3.8876579591 -23.7087146589)
continue (3.8880467249 -23.7065965683)
continue (3.8899647214 -23.7072517173)
continue (3.8929227052 -23.7080003132)
continue (3.8958851910 -23.7087519032)
continue (3.8988521891 -23.7095070291)
continue (3.9018070032 -23.7102651777)
continue (3.9047662995 -23.7110274233)
continue (3.9077133308 -23.7117904780)
continue (3.9106815965 -23.7125571245)
continue (3.9136375668 -23.7133251268)
continue (3.9160594139 -23.7140555272)
continue (3.9164510198 -23.7123605688)
continue (3.9185011099 -23.7129421586)
continue (3.9204229271 -23.7134429794)
continue (3.9223297476 -23.7139443786)
continue (3.9242384239 -23.7144463573)
continue (3.9261489587 -23.7149483820)
continue (3.9280613547 -23.7154515234)
continue (3.9299756146 -23.7159552484)
continue (3.9318917412 -23.7164612905)
continue (3.9338097371 -23.7169661889)
continue (3.9363586419 -23.7175192423)
continue (3.9367522778 -23.7162104026)
continue (3.9370218983 -23.7165460772)
continue (3.9383150403 -23.7168893106)
continue (3.9396090321 -23.7172328155)
continue (3.9409038745 -23.7175777905)
continue (3.9421995683 -23.7179218407)
continue (3.9434961144 -23.7182661637)
continue (3.9447935136 -23.7186119610)
continue (3.9460917668 -23.7189568319)
continue (3.9473908747 -23.7193014365)
continue (3.9482973380 -23.7196914158)
continue (3.9486921677 -23.7186039710)
continue (3.9496321357 -23.7188923318)
continue (3.9505738819 -23.7191441119)
continue (3.9515160773 -23.7193954976)
continue (3.9524587222 -23.7196470289)
continue (3.9534018169 -23.7198992471)
continue (3.9543453619 -23.7201510704)
continue (3.9552893573 -23.7204030399)
continue (3.9562338035 -23.7206551557)
continue (3.9571787009 -23.7209056681)
continue (3.9585882954 -23.7211858694)
continue (3.9589841543 -23.7203235283)
continue (3.9967852000 -23.7306628665)
continue (3.9971848786 -23.7304967531)
continue (4.1935896254 -23.7895566308)
continue (4.3980068803 -23.8138592576)
continue (4.6140102562 -23.8315115737)
continue (4.8420139512 -23.8483727771)
continue (5.0795263412 -23.8654258318)
continue (5.3290469334 -23.8824328106)
continue (5.5905952491 -23.8991769125)
continue (5.8640091738 -23.9159582430)
continue (6.1530521648 -23.9322946981)
continue (6.4537324760 -23.9485316881)
continue (6.7752195212 -23.9642974590)
continue (7.1026268559 -23.9798830419)
continue (7.4571769690 -23.9952567267)
continue (7.8220345546 -24.0107584517)
continue (8.2022234528 -24.0261901550)
continue (8.6049766346 -24.0419248683)
continue (9.0313877662 -24.0580368827)
continue (9.4736149871 -24.0746265842)
continue (9.9396490577 -24.0918464250)
continue (10.4275892620 -24.1097212635)
continue (10.9395801393 -24.1283321705)
continue (11.4769146802 -24.1477152947)
continue (12.0410547781 -24.1679251010)
continue (12.6319243916 -24.1889352283)
continue (13.2528654102 -24.2108013615)
continue (13.9039826916 -24.2334715149)
continue (14.5849395904 -24.2569181349)
continue (15.3025529069 -24.2811203564)
continue (16.0547397041 -24.3060192790)
continue (16.8410095289 -24.3316626686)
continue (17.6704872136 -24.3578685434)
continue (18.5367580473 -24.3847249274)
continue (19.4465861205 -24.4120791058)
continue (20.4045460279 -24.4399791438)
continue (21.4063196055 -24.4683159508)
continue (22.4560627306 -24.4971556140)
continue (23.5591268254 -24.5263561322)
continue (24.7156773965 -24.5558886098)
continue (25.9324708482 -24.5857661070)
continue (27.2020007644 -24.6159107357)
continue (28.5395247606 -24.6458180627)
continue (29.9463366943 -24.6735764179)
continue (31.4121691006 -24.6993760414)
continue (32.9572161160 -24.7217523635)
continue (34.5700692567 -24.7416903676)
continue (36.2765535672 -24.7605568174)
continue (38.0487275828 -24.7779266487)
continue (39.9153318269 -24.7930143958)
continue (41.8780802209 -24.8061336839)
continue (43.9376579367 -24.8171857144)
continue (46.0934256756 -24.8281380765)
continue (48.3687380896 -24.8391714048)
continue (50.7386985305 -24.8500145952)
continue (53.2282141126 -24.8606455708)
continue (55.8374402946 -24.8713982669)
continue (58.6023810680 -24.8818351764)
continue (61.4475404995 -24.8924531580)
continue (64.4916507861 -24.9024495393)
continue (67.6515980406 -24.9123258767)
continue (70.9709521501 -24.9223507905)
continue (74.4499203927 -24.9320345613)
continue (78.0862918258 -24.9418542186)
continue (81.9484735258 -24.9515987788)
continue (85.9685873214 -24.9619030044)
continue (90.2244579809 -24.9721134092)
continue (94.6279362001 -24.9825509989)
continue (99.2773750525 -24.9932169497)
continue (104.1567065501 -25.0037615555)
continue (109.2777342136 -25.0143935187)
continue (114.6392031208 -25.0249442409)
continue (120.2675235063 -25.0354483030)
continue (126.1793167554 -25.0459709343)
continue (132.3746405589 -25.0564576022)
continue (138.8703178310 -25.0667303060)
continue (145.6861751570 -25.0768883563)
continue (152.8458613900 -25.0870357789)
continue (160.3496437810 -25.0972083374)
continue (168.2235602007 -25.1073463987)
continue (176.4995207451 -25.1173088649)
continue (185.1792370671 -25.1270971359)
continue (194.2585857189 -25.1367336877)
continue (203.8172725581 -25.1464061195)
continue (213.8120660740 -25.1561258220)
continue (224.3394942411 -25.1657778132)
continue (235.3478888448 -25.1755043802)
continue (246.8889259299 -25.1853056544)
continue (259.0298537826 -25.1950227905)
continue (271.6955949932 -25.2049623304)
continue (285.0381687855 -25.2152456456)
continue (299.0702414201 -25.2255752894)
continue (313.7971851264 -25.2358570883)
continue (329.2149658986 -25.2461752723)
continue (345.3077020111 -25.2565875167)
continue (362.3328133627 -25.2671392502)
continue (380.1698062608 -25.2776423358)
continue (398.8039499375 -25.2881335952)
continue (418.3962468353 -25.2983848805)
continue (438.9532878647 -25.3083923228)
continue (460.4684313326 -25.3182335102)
continue (483.1744568437 -25.3278812385)
continue (506.8225948872 -25.3370127017)
continue (531.6610417778 -25.3453011533)
continue (557.6909581439 -25.3524651900)
continue (585.2710504863 -25.3589977176)
continue (614.0613380102 -25.3655291072)
continue (644.0049650934 -25.3718756914)
continue (675.5129915546 -25.3783394277)
continue (709.1572183714 -25.3849829445)
continue (743.8914494753 -25.3919440534)
continue (780.1943712390 -25.3989579254)
continue (818.7484506803 -25.4061731672)
continue (858.8756132019 -25.4136480484)
continue (901.3521519359 -25.4214833736)
continue (945.2977444058 -25.4299045611)
continue (991.6933568475 -25.4387576868)
continue (1040.3779262555 -25.4483781213)
continue (1091.4684700050 -25.4585915038)
continue (1145.0955335602 -25.4696632078)
continue (1201.4067575573 -25.4816245547)
continue (1260.3969925411 -25.4944979633)
continue (1322.2098456285 -25.5082625087)
continue (1387.2233606442 -25.5230574986)
continue (1455.2331932405 -25.5389421636)
continue (1526.6661511261 -25.5557076333)
continue (1601.8052831907 -25.5734355879)
continue (1680.3743787704 -25.5919563433)
continue (1762.9464608381 -25.6112623908)
continue (1849.5372957321 -25.6314668145)
continue (1940.5175161993 -25.6525693086)
continue (2035.8959463968 -25.6740664172)
continue (2135.6152463257 -25.6963696037)
continue (2240.6368960098 -25.7192476408)
continue (2350.4437080402 -25.7426759811)
continue (2466.2165780979 -25.7666772853)
continue (2587.3566882657 -25.7907980402)
continue (2714.5279285290 -25.8154834338)
continue (2847.7094550225 -25.8407514923)
continue (2987.7607396957 -25.8661246975)
continue (3133.6555213452 -25.8919770024)
continue (3288.5854406611 -25.9180228382)
continue (3449.1560393913 -25.9443707338)
continue (3619.0112216330 -25.9711609525)
continue (3796.9459400300 -25.9984400292)
continue (3982.8104266049 -26.0258692275)
continue (4178.2073617936 -26.0537942650)
continue (4383.1987763694 -26.0820137647)
continue (4600.0354649530 -26.1106025767)
continue (4826.6261949533 -26.1396844472)
continue (5062.5945867066 -26.1690465713)
continue (5310.4139021398 -26.1987251919)
continue (5573.4986275669 -26.2287289647)
continue (5845.2022168518 -26.2590348398)
continue (6132.3487591332 -26.2895491229)
continue (6435.5015932711 -26.3204964469)
continue (6750.1261156088 -26.3518493202)
continue (7080.5518695197 -26.3833705152)
continue (7426.7891247530 -26.4150544820)
continue (7795.2696801299 -26.4469962669)
continue (8180.1348797773 -26.4791677382)
continue (8580.6687910282 -26.5117433171)
continue (8995.7258204066 -26.5447028206)
continue (9442.2031458625 -26.5776769875)
continue (9905.0763652956 -26.6105936002)
continue (10391.9149915291 -26.6436089440)
continue (10902.9316296625 -26.6769007303)
continue (11438.0196511509 -26.7106457479)
continue (11999.8291494231 -26.7445688105)
continue (12588.2998426190 -26.7784010234)
continue (13206.7684870607 -26.8125421148)
continue (13855.3599757821 -26.8469757572)
continue (14536.0827182516 -26.8817923849)
continue (15251.3309725053 -26.9169252840)
continue (15998.3677248453 -26.9524581525)
continue (16785.1726949197 -26.9886566471)
continue (17609.0246494143 -27.0254453797)
continue (18476.6225792212 -27.0629189623)
continue (19380.4131349892 -27.1011138035)
continue (20336.2424817494 -27.1398824413)
continue (21331.1569664605 -27.1792087461)
continue (22378.8562280744 -27.2192962484)
continue (23480.2119455602 -27.2601349477)
continue (24635.4967722950 -27.3018544218)
continue (25844.2151334995 -27.3445255788)
continue (27112.9730915558 -27.3880204149)
continue (28441.5426219473 -27.4323548857)
continue (29838.4749707659 -27.4775513777)
continue (31304.2605842388 -27.5240120764)
continue (32838.4513732321 -27.5717887980)
continue (34452.4395314628 -27.6207118955)
continue (36147.0458392380 -27.6706616178)
continue (37922.0568292630 -27.7216083850)
continue (39793.3198955105 -27.7739291682)
continue (41743.7941185154 -27.8278045206)
continue (43789.8618744445 -27.8831883581)
continue (45953.9599398483 -27.9406508015)
continue (48189.6893499308 -27.9997381560)
continue (50569.7572479018 -28.0603488379)
continue (53042.3181377876 -28.1226596366)
continue (55666.8922179103 -28.1865009889)
continue (58377.1316852781 -28.2521824022)
continue (61241.0635488703 -28.3199556130)
continue (64264.2472219458 -28.3895368243)
continue (67401.4072194668 -28.4611408373)
continue (70750.5454663968 -28.5347906171)
continue (74207.4125087289 -28.6105129809)
continue (77819.5581218780 -28.6886328688)
continue (81654.7513984938 -28.7688839596)
continue (85725.9666610716 -28.8516751485)
continue (89868.5429592890 -28.9373067622)
continue (94314.5338032696 -29.0252383234)
continue (98943.2166783052 -29.1161338452)
continue (103800.7774925608 -29.2095685014)
continue (108899.0231366146 -29.3057412025)
continue (114251.1315956859 -29.4048493246)
continue (119856.2443255545 -29.5055870500)
continue (125744.0355467353 -29.6079087799)
continue (131933.8389470379 -29.7119644403)
continue (138406.2918601444 -29.8168104649)
continue (145198.6975154861 -29.9222980928)
continue (152334.8421275812 -30.0274786010)
continue (159815.3324460174 -30.1311505480)
continue (167666.4260546809 -30.2326291643)
continue (175886.3203256497 -30.3292449268)
continue (184541.7224801926 -30.4196150099)
continue (193598.2633539815 -30.5040605231)
continue (203090.4893263185 -30.5803372910)
continue (213112.0265685666 -30.6484287893)
continue (223568.9464198211 -30.7075097993)
continue (234560.3669516579 -30.7582672314)
continue (246022.4151207319 -30.8025874044)
continue (258149.2990388642 -30.8408994341)
continue (270807.4370303688 -30.8751616177)
continue (284149.3687580888 -30.9077337666)
continue (298091.9285597615 -30.9406622057)
continue (312720.3245048699 -30.9732170114)
continue (328029.8868276425 -31.0058371246)
continue (344134.0731144981 -31.0386438526)
continue (361040.8183863672 -31.0713022584)
continue (378747.7246912680 -31.1040012084)
continue (397412.5711326607 -31.1367223469)
continue (416865.0620343966 -31.1693919006)
continue (437478.1687984592 -31.2021203432)
continue (458845.4308193308 -31.2347716440)
continue (481387.7578484896 -31.2674610108)
continue (505136.9321547621 -31.3002107290)
continue (529806.4102367389 -31.3328494152)
continue (555989.6434455100 -31.3655768263)
continue (583397.5836153590 -31.3982838268)
continue (611999.3456059039 -31.4309374010)
continue (3672982.7714921040 -32.5065724258)
continue (3709712.5992070250 -50.0000000000)
continue (7354000.0000000000 -50.0000000000)
f(nu) = -21.5428893598 at 1.0000000000 Ryd
