# Haardt & Madau (2011)
# z = 2.162278
# E [Ryd] log (J_nu)
interpolate (0.0000000100 -50.0000000000)
continue (0.0090035365 -50.0000000000)
continue (0.0090944813 -19.2619649711)
continue (0.0095460614 -19.2687720748)
continue (0.0100150239 -19.2736452353)
continue (0.0105069414 -19.2761087549)
continue (0.0110229470 -19.2760393075)
continue (0.0115643024 -19.2736011664)
continue (0.0121324328 -19.2691553594)
continue (0.0127271931 -19.2623666578)
continue (0.0133518978 -19.2533425297)
continue (0.0140087168 -19.2425262208)
continue (0.0146954850 -19.2301255769)
continue (0.0154190698 -19.2163526749)
continue (0.0161744236 -19.2004483678)
continue (0.0169695908 -19.1814002450)
continue (0.0178051392 -19.1592526052)
continue (0.0186773319 -19.1350873740)
continue (0.0195971403 -19.1095603420)
continue (0.0205564409 -19.0841820171)
continue (0.0215684503 -19.0626064676)
continue (0.0226289304 -19.0415755311)
continue (0.0237370937 -19.0165742492)
continue (0.0249048108 -18.9926772513)
continue (0.0261257748 -18.9726696569)
continue (0.0274065271 -18.9512093502)
continue (0.0287556651 -18.9248886105)
continue (0.0301644166 -18.8962826658)
continue (0.0316522065 -18.8713786335)
continue (0.0332094397 -18.8536726845)
continue (0.0348343664 -18.8333929042)
continue (0.0365530295 -18.8050588598)
continue (0.0383368543 -18.7795009869)
continue (0.0402325398 -18.7615821921)
continue (0.0422078289 -18.7467910958)
continue (0.0442792529 -18.7348393253)
continue (0.0464458219 -18.7255028108)
continue (0.0487308570 -18.7183983234)
continue (0.0511373191 -18.7156713875)
continue (0.0536354930 -18.7192831463)
continue (0.0562510510 -18.7238475678)
continue (0.0590198851 -18.7277638129)
continue (0.0619488121 -18.7298464779)
continue (0.0649513204 -18.7310066604)
continue (0.0681575935 -18.7326318604)
continue (0.0715280240 -18.7335607412)
continue (0.0750014013 -18.7354316974)
continue (0.0786931801 -18.7382605807)
continue (0.0825423030 -18.7415904721)
continue (0.0866223408 -18.7456672532)
continue (0.0908541401 -18.7519851790)
continue (0.0953507404 -18.7578949590)
continue (0.1000293113 -18.7656588110)
continue (0.1049484079 -18.7745965966)
continue (0.1100962940 -18.7824045085)
continue (0.1155110946 -18.7903553944)
continue (0.1211791257 -18.7990010302)
continue (0.1271298864 -18.8080972553)
continue (0.1333821759 -18.8171030147)
continue (0.1399365826 -18.8274699285)
continue (0.1467891472 -18.8392842057)
continue (0.1540082856 -18.8526645853)
continue (0.1615721677 -18.8680747592)
continue (0.1695065152 -18.8857129632)
continue (0.1778429012 -18.9054932627)
continue (0.1865821101 -18.9251198315)
continue (0.1957188629 -18.9499173594)
continue (0.2053328133 -18.9828578538)
continue (0.2154295569 -19.0203304921)
continue (0.2260086869 -19.0642732256)
continue (0.2371238682 -19.1034259235)
continue (0.2487761468 -19.1206298828)
continue (0.2609584839 -19.1256940180)
continue (0.2738182168 -19.1300547163)
continue (0.2872846865 -19.1338698668)
continue (0.3013449159 -19.1373620341)
continue (0.3161925835 -19.1401639749)
continue (0.3317317166 -19.1409340515)
continue (0.3479446451 -19.1406818570)
continue (0.3650909558 -19.1397676848)
continue (0.3830462487 -19.1387358959)
continue (0.4017932212 -19.1406419157)
continue (0.4214926113 -19.1452845293)
continue (0.4421479988 -19.1497268389)
continue (0.4639852473 -19.1558138219)
continue (0.4867879410 -19.1652236494)
continue (0.5105137398 -19.1773210598)
continue (0.5357242949 -19.1920579803)
continue (0.5621634951 -19.2088486830)
continue (0.5898168451 -19.2257953243)
continue (0.6186469963 -19.2494030570)
continue (0.6490505880 -19.2807083513)
continue (0.6810665363 -19.3211428853)
continue (0.7141591110 -19.3787478076)
continue (0.7493972250 -19.4307482171)
continue (0.7494721647 -19.5919251552)
continue (0.7862528262 -19.6737095830)
continue (0.8246760413 -19.8130495643)
continue (0.8288691440 -19.8390218027)
continue (0.8329223494 -19.8580625101)
continue (0.8369692640 -19.8773992573)
continue (0.8410246471 -19.8970162980)
continue (0.8450724969 -19.9169543615)
continue (0.8491278496 -19.9369935130)
continue (0.8531743819 -19.9563506312)
continue (0.8572274097 -19.9748544359)
continue (0.8612784258 -19.9940452178)
continue (0.8654007841 -20.0139918023)
continue (0.8695793897 -20.0483892113)
continue (0.8738320602 -20.0797096517)
continue (0.8780757618 -20.1080512732)
continue (0.8823267095 -20.1373243674)
continue (0.8865758872 -20.1676600612)
continue (0.8881744889 -20.1813325225)
continue (0.8882633063 -20.1577916511)
continue (0.8908313543 -20.1752420450)
continue (0.8950839085 -20.2054410230)
continue (0.8993328783 -20.2337259122)
continue (0.9035775804 -20.2629245568)
continue (0.9076364797 -20.2931477929)
continue (0.9122887891 -20.3494241072)
continue (0.9167473412 -20.4017903131)
continue (0.9212068475 -20.4498842204)
continue (0.9256657564 -20.5023011639)
continue (0.9301243670 -20.5601476863)
continue (0.9345830023 -20.6248398867)
continue (0.9370355019 -20.6642716296)
continue (0.9371292055 -20.6521531539)
continue (0.9390420102 -20.6783979996)
continue (0.9435007865 -20.7420690122)
continue (0.9479597018 -20.8143913347)
continue (0.9524111890 -20.8985274601)
continue (0.9531314168 -20.9153778561)
continue (0.9538447474 -20.9335391039)
continue (0.9545581467 -20.9514672748)
continue (0.9552716124 -20.9691600448)
continue (0.9559851426 -20.9866105252)
continue (0.9566987351 -21.0038092777)
continue (0.9574113820 -21.0207507280)
continue (0.9581250913 -21.0374284068)
continue (0.9588388566 -21.0538353364)
continue (0.9595314579 -21.0699692497)
continue (0.9596274111 -21.0625520285)
continue (0.9607717508 -21.0889578883)
continue (0.9619918963 -21.1145240016)
continue (0.9632120904 -21.1392102296)
continue (0.9644323218 -21.1629941148)
continue (0.9656525788 -21.1858572920)
continue (0.9668728501 -21.2077841717)
continue (0.9680931239 -21.2287622802)
continue (0.9693133886 -21.2487851981)
continue (0.9705336324 -21.2678482848)
continue (0.9717072143 -21.2859095347)
continue (0.9718043851 -21.2808866316)
continue (0.9724932560 -21.2912408969)
continue (0.9732327551 -21.3012746940)
continue (0.9739723387 -21.3109662780)
continue (0.9747120047 -21.3203161560)
continue (0.9754507067 -21.3293295736)
continue (0.9761905291 -21.3380103163)
continue (0.9769304274 -21.3463613622)
continue (0.9776693502 -21.3543885108)
continue (0.9784093917 -21.3620965435)
continue (0.9791200447 -21.3694413202)
continue (0.9792179567 -21.3657832808)
continue (0.9796263306 -21.3703141250)
continue (0.9801046776 -21.3747643265)
continue (0.9805824369 -21.3790917264)
continue (0.9810606622 -21.3832953563)
continue (0.9815393541 -21.3873786025)
continue (0.9820174552 -21.3913440707)
continue (0.9824949629 -21.3951914225)
continue (0.9829729353 -21.3989247877)
continue (0.9834513729 -21.4025442321)
continue (0.9838771600 -21.4060864577)
continue (0.9839755477 -21.4031017596)
continue (0.9842533484 -21.4054289685)
continue (0.9845776963 -21.4076813259)
continue (0.9849011935 -21.4098861298)
continue (0.9852259686 -21.4120425928)
continue (0.9855498921 -21.4141510955)
continue (0.9858740286 -21.4162131325)
continue (0.9861983784 -21.4182291277)
continue (0.9865229417 -21.4201995512)
continue (0.9868466500 -21.4221248853)
continue (0.9871812649 -21.4239574226)
continue (0.9872799830 -21.4216513399)
continue (0.9874069640 -21.4229604722)
continue (0.9876424000 -21.4242724097)
continue (0.9878790193 -21.4255628004)
continue (0.9881146805 -21.4268302964)
continue (0.9883504542 -21.4280758323)
continue (0.9885863405 -21.4292992418)
continue (0.9888223393 -21.4305026170)
continue (0.9890584509 -21.4316834855)
continue (0.9892936012 -21.4328428307)
continue (0.9895396087 -21.4339998239)
continue (0.9896385626 -21.4319937778)
continue (0.9991963000 -21.4634452451)
continue (1.0439535177 -21.4956591353)
continue (1.0951412398 -21.5298772062)
continue (1.1489938540 -21.5619209976)
continue (1.2053796635 -21.5942947968)
continue (1.2645948177 -21.6268852410)
continue (1.3266371024 -21.6585424072)
continue (1.3918848719 -21.6888543397)
continue (1.4601298279 -21.7205279786)
continue (1.5320561964 -21.7529770681)
continue (1.6071728847 -21.7864551535)
continue (1.6862824308 -21.8195706477)
continue (1.7691070192 -21.8529332964)
continue (1.8559409890 -21.8847224086)
continue (1.9471517641 -21.9118587372)
continue (2.0427415952 -21.9396744551)
continue (2.1431491665 -21.9669903195)
continue (2.2483765744 -21.9931313054)
continue (2.3583515155 -22.0155930097)
continue (2.4742520380 -22.0336849104)
continue (2.5962023522 -22.0487292174)
continue (2.7234519594 -22.0608616722)
continue (2.8575322220 -22.0732687739)
continue (2.9975889000 -22.0842680264)
continue (2.9978886589 -22.2946482876)
continue (3.1444686874 -22.3565820047)
continue (3.2993013237 -22.4338231106)
continue (3.3154826074 -22.4449487595)
continue (3.3316772167 -22.4534324045)
continue (3.3478832060 -22.4619995466)
continue (3.3640861692 -22.4706056362)
continue (3.3802962572 -22.4793045340)
continue (3.3964987387 -22.4884091267)
continue (3.4127039181 -22.4980608803)
continue (3.4289096388 -22.5080057739)
continue (3.4451137031 -22.5180795673)
continue (3.4609457866 -22.5281917902)
continue (3.4783175587 -22.5395783820)
continue (3.4953148337 -22.5503579356)
continue (3.5123165848 -22.5612739162)
continue (3.5293205071 -22.5722780418)
continue (3.5463242500 -22.5834565859)
continue (3.5540835632 -22.5884212987)
continue (3.5544389716 -22.5193898358)
continue (3.5633254174 -22.5244033363)
continue (3.5803215672 -22.5342488000)
continue (3.5973244128 -22.5443777762)
continue (3.6143174892 -22.5546432911)
continue (3.6319929279 -22.5649998980)
continue (3.6491551562 -22.5725575027)
continue (3.6669967430 -22.5837627285)
continue (3.6848199399 -22.5953137824)
continue (3.7026667870 -22.6071395671)
continue (3.7204898731 -22.6193652355)
continue (3.7383320094 -22.6318707838)
continue (3.7485274603 -22.6388490039)
continue (3.7489023131 -22.5997006099)
continue (3.7561602994 -22.6048001348)
continue (3.7740031459 -22.6165068481)
continue (3.7918427517 -22.6284667385)
continue (3.8096447559 -22.6404907596)
continue (3.8125296550 -22.6324838386)
continue (3.8153869771 -22.6343212388)
continue (3.8182325867 -22.6361739681)
continue (3.8210824441 -22.6380440177)
continue (3.8239365589 -22.6399315478)
continue (3.8267949406 -22.6418330346)
continue (3.8296415044 -22.6437504776)
continue (3.8324923062 -22.6456840215)
continue (3.8353473554 -22.6476319758)
continue (3.8385300152 -22.6495319583)
continue (3.8389138682 -22.6238671816)
continue (3.8430951071 -22.6270371850)
continue (3.8479635231 -22.6302390514)
continue (3.8528442893 -22.6334739309)
continue (3.8577374527 -22.6367442103)
continue (3.8626103154 -22.6400430160)
continue (3.8674955038 -22.6433745136)
continue (3.8723766094 -22.6467317154)
continue (3.8772535543 -22.6501187800)
continue (3.8821262604 -22.6535284749)
continue (3.8876579591 -22.6569248284)
continue (3.8880467249 -22.6387234381)
continue (3.8899647214 -22.6406959545)
continue (3.8929227052 -22.6427041205)
continue (3.8958851910 -22.6447196716)
continue (3.8988521891 -22.6467426374)
continue (3.9018070032 -22.6487712043)
continue (3.9047662995 -22.6508092024)
continue (3.9077133308 -22.6528509536)
continue (3.9106815965 -22.6549003283)
continue (3.9136375668 -22.6569573890)
continue (3.9160594139 -22.6590578676)
continue (3.9164510198 -22.6453692683)
continue (3.9185011099 -22.6466835647)
continue (3.9204229271 -22.6479783774)
continue (3.9223297476 -22.6492750959)
continue (3.9242384239 -22.6505718440)
continue (3.9261489587 -22.6518724459)
continue (3.9280613547 -22.6531749707)
continue (3.9299756146 -22.6544794238)
continue (3.9318917412 -22.6557858724)
continue (3.9338097371 -22.6570942610)
continue (3.9363586419 -22.6584329073)
continue (3.9367522778 -22.6478476052)
continue (3.9370218983 -22.6487432682)
continue (3.9383150403 -22.6496113090)
continue (3.9396090321 -22.6504791767)
continue (3.9409038745 -22.6513487521)
continue (3.9421995683 -22.6522200421)
continue (3.9434961144 -22.6530911606)
continue (3.9447935136 -22.6539620724)
continue (3.9460917668 -22.6548347040)
continue (3.9473908747 -22.6557071271)
continue (3.9482973380 -22.6566255035)
continue (3.9486921677 -22.6482098256)
continue (3.9496321357 -22.6488485436)
continue (3.9505738819 -22.6494724005)
continue (3.9515160773 -22.6500970948)
continue (3.9524587222 -22.6507208062)
continue (3.9534018169 -22.6513473004)
continue (3.9543453619 -22.6519727812)
continue (3.9552893573 -22.6525972126)
continue (3.9562338035 -22.6532244674)
continue (3.9571787009 -22.6538507027)
continue (3.9585882954 -22.6544396887)
continue (3.9589841543 -22.6478026662)
continue (3.9967852000 -22.6732523299)
continue (3.9971848786 -22.6732523299)
continue (4.1935896254 -22.8481132893)
continue (4.3980068803 -22.9177003180)
continue (4.6140102562 -22.9447322039)
continue (4.8420139512 -22.9594751361)
continue (5.0795263412 -22.9722727386)
continue (5.3290469334 -22.9850412749)
continue (5.5905952491 -22.9986280438)
continue (5.8640091738 -23.0131451945)
continue (6.1530521648 -23.0283530221)
continue (6.4537324760 -23.0443068070)
continue (6.7752195212 -23.0608716267)
continue (7.1026268559 -23.0779409358)
continue (7.4571769690 -23.0953866665)
continue (7.8220345546 -23.1129471607)
continue (8.2022234528 -23.1305470653)
continue (8.6049766346 -23.1480385685)
continue (9.0313877662 -23.1653130266)
continue (9.4736149871 -23.1822488972)
continue (9.9396490577 -23.1988455187)
continue (10.4275892620 -23.2151763193)
continue (10.9395801393 -23.2311863086)
continue (11.4769146802 -23.2470426494)
continue (12.0410547781 -23.2627872665)
continue (12.6319243916 -23.2786302981)
continue (13.2528654102 -23.2946477687)
continue (13.9039826916 -23.3110119995)
continue (14.5849395904 -23.3278337196)
continue (15.3025529069 -23.3451440352)
continue (16.0547397041 -23.3630728862)
continue (16.8410095289 -23.3813637456)
continue (17.6704872136 -23.4005631419)
continue (18.5367580473 -23.4206507696)
continue (19.4465861205 -23.4415945862)
continue (20.4045460279 -23.4633531329)
continue (21.4063196055 -23.4859935561)
continue (22.4560627306 -23.5095986203)
continue (23.5591268254 -23.5336784872)
continue (24.7156773965 -23.5586980039)
continue (25.9324708482 -23.5844177382)
continue (27.2020007644 -23.6108697809)
continue (28.5395247606 -23.6377245238)
continue (29.9463366943 -23.6653408960)
continue (31.4121691006 -23.6933367774)
continue (32.9572161160 -23.7218868120)
continue (34.5700692567 -23.7507344424)
continue (36.2765535672 -23.7800622507)
continue (38.0487275828 -23.8098340856)
continue (39.9153318269 -23.8399915693)
continue (41.8780802209 -23.8701450930)
continue (43.9376579367 -23.9008178908)
continue (46.0934256756 -23.9315910195)
continue (48.3687380896 -23.9627146775)
continue (50.7386985305 -23.9936761002)
continue (53.2282141126 -24.0250284953)
continue (55.8374402946 -24.0564433818)
continue (58.6023810680 -24.0879644522)
continue (61.4475404995 -24.1196029660)
continue (64.4916507861 -24.1512635225)
continue (67.6515980406 -24.1829592543)
continue (70.9709521501 -24.2147238757)
continue (74.4499203927 -24.2465400248)
continue (78.0862918258 -24.2783933010)
continue (81.9484735258 -24.3101014536)
continue (85.9685873214 -24.3419144314)
continue (90.2244579809 -24.3736719089)
continue (94.6279362001 -24.4053899255)
continue (99.2773750525 -24.4371057958)
continue (104.1567065501 -24.4686301839)
continue (109.2777342136 -24.5002806820)
continue (114.6392031208 -24.5317570484)
continue (120.2675235063 -24.5629867088)
continue (126.1793167554 -24.5940688982)
continue (132.3746405589 -24.6249822888)
continue (138.8703178310 -24.6557031230)
continue (145.6861751570 -24.6841502599)
continue (152.8458613900 -24.7114622693)
continue (160.3496437810 -24.7354209532)
continue (168.2235602007 -24.7582531594)
continue (176.4995207451 -24.7784404976)
continue (185.1792370671 -24.7931127433)
continue (194.2585857189 -24.8048990946)
continue (203.8172725581 -24.8169647906)
continue (213.8120660740 -24.8290868275)
continue (224.3394942411 -24.8403524162)
continue (235.3478888448 -24.8509925214)
continue (246.8889259299 -24.8615839693)
continue (259.0298537826 -24.8708294186)
continue (271.6955949932 -24.8799464317)
continue (285.0381687855 -24.8906019418)
continue (299.0702414201 -24.9011848861)
continue (313.7971851264 -24.9113233891)
continue (329.2149658986 -24.9213359890)
continue (345.3077020111 -24.9312198974)
continue (362.3328133627 -24.9417136012)
continue (380.1698062608 -24.9528566169)
continue (398.8039499375 -24.9646869663)
continue (418.3962468353 -24.9768525351)
continue (438.9532878647 -24.9893694049)
continue (460.4684313326 -25.0027396450)
continue (483.1744568437 -25.0180217344)
continue (506.8225948872 -25.0343302933)
continue (531.6610417778 -25.0493763953)
continue (557.6909581439 -25.0603522707)
continue (585.2710504863 -25.0684011886)
continue (614.0613380102 -25.0767057321)
continue (644.0049650934 -25.0844338537)
continue (675.5129915546 -25.0916059335)
continue (709.1572183714 -25.0993332474)
continue (743.8914494753 -25.1074794719)
continue (780.1943712390 -25.1155537840)
continue (818.7484506803 -25.1230327232)
continue (858.8756132019 -25.1298229780)
continue (901.3521519359 -25.1362453377)
continue (945.2977444058 -25.1424634824)
continue (991.6933568475 -25.1486496182)
continue (1040.3779262555 -25.1549251448)
continue (1091.4684700050 -25.1611038300)
continue (1145.0955335602 -25.1672450133)
continue (1201.4067575573 -25.1739267866)
continue (1260.3969925411 -25.1813038870)
continue (1322.2098456285 -25.1893454645)
continue (1387.2233606442 -25.1982248361)
continue (1455.2331932405 -25.2084767295)
continue (1526.6661511261 -25.2201296996)
continue (1601.8052831907 -25.2331404919)
continue (1680.3743787704 -25.2470886154)
continue (1762.9464608381 -25.2618963249)
continue (1849.5372957321 -25.2777204578)
continue (1940.5175161993 -25.2951674998)
continue (2035.8959463968 -25.3132569514)
continue (2135.6152463257 -25.3319461613)
continue (2240.6368960098 -25.3520601637)
continue (2350.4437080402 -25.3735615759)
continue (2466.2165780979 -25.3957525611)
continue (2587.3566882657 -25.4177746014)
continue (2714.5279285290 -25.4400133088)
continue (2847.7094550225 -25.4634545317)
continue (2987.7607396957 -25.4875678235)
continue (3133.6555213452 -25.5118247664)
continue (3288.5854406611 -25.5357287245)
continue (3449.1560393913 -25.5596101474)
continue (3619.0112216330 -25.5843756365)
continue (3796.9459400300 -25.6097597649)
continue (3982.8104266049 -25.6355897217)
continue (4178.2073617936 -25.6616627305)
continue (4383.1987763694 -25.6879204924)
continue (4600.0354649530 -25.7145124636)
continue (4826.6261949533 -25.7418795857)
continue (5062.5945867066 -25.7695604150)
continue (5310.4139021398 -25.7974842618)
continue (5573.4986275669 -25.8258755438)
continue (5845.2022168518 -25.8543908376)
continue (6132.3487591332 -25.8825845887)
continue (6435.5015932711 -25.9120265591)
continue (6750.1261156088 -25.9424677852)
continue (7080.5518695197 -25.9723561586)
continue (7426.7891247530 -26.0025197852)
continue (7795.2696801299 -26.0328763454)
continue (8180.1348797773 -26.0634009310)
continue (8580.6687910282 -26.0946145454)
continue (8995.7258204066 -26.1274876457)
continue (9442.2031458625 -26.1604120685)
continue (9905.0763652956 -26.1924418735)
continue (10391.9149915291 -26.2241792774)
continue (10902.9316296625 -26.2564596707)
continue (11438.0196511509 -26.2900611518)
continue (11999.8291494231 -26.3233674734)
continue (12588.2998426190 -26.3561781167)
continue (13206.7684870607 -26.3891140311)
continue (13855.3599757821 -26.4221077611)
continue (14536.0827182516 -26.4550863500)
continue (15251.3309725053 -26.4879684089)
continue (15998.3677248453 -26.5207993447)
continue (16785.1726949197 -26.5539800187)
continue (17609.0246494143 -26.5875536897)
continue (18476.6225792212 -26.6219368101)
continue (19380.4131349892 -26.6577015140)
continue (20336.2424817494 -26.6938788015)
continue (21331.1569664605 -26.7300712778)
continue (22378.8562280744 -26.7665053605)
continue (23480.2119455602 -26.8035155819)
continue (24635.4967722950 -26.8418538351)
continue (25844.2151334995 -26.8809305982)
continue (27112.9730915558 -26.9206118707)
continue (28441.5426219473 -26.9603110360)
continue (29838.4749707659 -27.0007779840)
continue (31304.2605842388 -27.0424790762)
continue (32838.4513732321 -27.0861210195)
continue (34452.4395314628 -27.1308746907)
continue (36147.0458392380 -27.1758707070)
continue (37922.0568292630 -27.2209923335)
continue (39793.3198955105 -27.2666777137)
continue (41743.7941185154 -27.3140589551)
continue (43789.8618744445 -27.3630275583)
continue (45953.9599398483 -27.4139292768)
continue (48189.6893499308 -27.4671255030)
continue (50569.7572479018 -27.5219489492)
continue (53042.3181377876 -27.5780910601)
continue (55666.8922179103 -27.6357774324)
continue (58377.1316852781 -27.6947381596)
continue (61241.0635488703 -27.7562421726)
continue (64264.2472219458 -27.8192458713)
continue (67401.4072194668 -27.8839123319)
continue (70750.5454663968 -27.9505250526)
continue (74207.4125087289 -28.0190145492)
continue (77819.5581218780 -28.0898380339)
continue (81654.7513984938 -28.1629900706)
continue (85725.9666610716 -28.2384380491)
continue (89868.5429592890 -28.3166582181)
continue (94314.5338032696 -28.3973709469)
continue (98943.2166783052 -28.4818705055)
continue (103800.7774925608 -28.5696356126)
continue (108899.0231366146 -28.6602762786)
continue (114251.1315956859 -28.7552639694)
continue (119856.2443255545 -28.8516288812)
continue (125744.0355467353 -28.9478572751)
continue (131933.8389470379 -29.0457351516)
continue (138406.2918601444 -29.1408224039)
continue (145198.6975154861 -29.2325041437)
continue (152334.8421275812 -29.3201756682)
continue (159815.3324460174 -29.4019573745)
continue (167666.4260546809 -29.4715986843)
continue (175886.3203256497 -29.5291041568)
continue (184541.7224801926 -29.5728516591)
continue (193598.2633539815 -29.6090106550)
continue (203090.4893263185 -29.6416174883)
continue (213112.0265685666 -29.6744031505)
continue (223568.9464198211 -29.7069824038)
continue (234560.3669516579 -29.7398131134)
continue (246022.4151207319 -29.7724916379)
continue (258149.2990388642 -29.8050577025)
continue (270807.4370303688 -29.8378577699)
continue (284149.3687580888 -29.8704336042)
continue (298091.9285597615 -29.9032129156)
continue (312720.3245048699 -29.9360380826)
continue (328029.8868276425 -29.9687106166)
continue (344134.0731144981 -30.0012974456)
continue (361040.8183863672 -30.0339814754)
continue (378747.7246912680 -30.0666864742)
continue (397412.5711326607 -30.0993737538)
continue (416865.0620343966 -30.1320668331)
continue (437478.1687984592 -30.1647500201)
continue (458845.4308193308 -30.1974861311)
continue (481387.7578484896 -30.2301550728)
continue (505136.9321547621 -30.2628509282)
continue (529806.4102367389 -30.2955431623)
continue (555989.6434455100 -30.3282110149)
continue (583397.5836153590 -30.3609358815)
continue (611999.3456059039 -30.3936347386)
continue (3672982.7714921040 -31.4692827996)
continue (3709712.5992070250 -50.0000000000)
continue (7354000.0000000000 -50.0000000000)
f(nu) = -20.3648264653 at 1.0000000000 Ryd
