# Haardt & Madau (2011)
# z = 3.466836
# E [Ryd] log (J_nu)
interpolate (0.0000000100 -50.0000000000)
continue (0.0090035365 -50.0000000000)
continue (0.0090944813 -19.5745761405)
continue (0.0095460614 -19.5813885894)
continue (0.0100150239 -19.5863303791)
continue (0.0105069414 -19.5890387527)
continue (0.0110229470 -19.5893024672)
continue (0.0115643024 -19.5873256693)
continue (0.0121324328 -19.5832255406)
continue (0.0127271931 -19.5771009825)
continue (0.0133518978 -19.5689139259)
continue (0.0140087168 -19.5588627751)
continue (0.0146954850 -19.5472674358)
continue (0.0154190698 -19.5339214679)
continue (0.0161744236 -19.5182311910)
continue (0.0169695908 -19.4993555102)
continue (0.0178051392 -19.4768018040)
continue (0.0186773319 -19.4514656209)
continue (0.0195971403 -19.4234369892)
continue (0.0205564409 -19.3943715673)
continue (0.0215684503 -19.3691671373)
continue (0.0226289304 -19.3455611789)
continue (0.0237370937 -19.3188587119)
continue (0.0249048108 -19.2927636501)
continue (0.0261257748 -19.2699123179)
continue (0.0274065271 -19.2467786154)
continue (0.0287556651 -19.2207715168)
continue (0.0301644166 -19.1930049674)
continue (0.0316522065 -19.1673398971)
continue (0.0332094397 -19.1463827587)
continue (0.0348343664 -19.1230656933)
continue (0.0365530295 -19.0915952329)
continue (0.0383368543 -19.0603757501)
continue (0.0402325398 -19.0367916748)
continue (0.0422078289 -19.0173715361)
continue (0.0442792529 -19.0005170763)
continue (0.0464458219 -18.9857659370)
continue (0.0487308570 -18.9730746922)
continue (0.0511373191 -18.9645678356)
continue (0.0536354930 -18.9624128700)
continue (0.0562510510 -18.9627107875)
continue (0.0590198851 -18.9633257974)
continue (0.0619488121 -18.9617306755)
continue (0.0649513204 -18.9584673343)
continue (0.0681575935 -18.9552285573)
continue (0.0715280240 -18.9513251103)
continue (0.0750014013 -18.9477537313)
continue (0.0786931801 -18.9452725903)
continue (0.0825423030 -18.9432739680)
continue (0.0866223408 -18.9428059712)
continue (0.0908541401 -18.9437767448)
continue (0.0953507404 -18.9435167521)
continue (0.1000293113 -18.9456385016)
continue (0.1049484079 -18.9496142176)
continue (0.1100962940 -18.9517663911)
continue (0.1155110946 -18.9543204312)
continue (0.1211791257 -18.9572833835)
continue (0.1271298864 -18.9605741824)
continue (0.1333821759 -18.9631812103)
continue (0.1399365826 -18.9670106655)
continue (0.1467891472 -18.9712808182)
continue (0.1540082856 -18.9766613832)
continue (0.1615721677 -18.9833720257)
continue (0.1695065152 -18.9914646471)
continue (0.1778429012 -19.0018002542)
continue (0.1865821101 -19.0110891865)
continue (0.1957188629 -19.0251254914)
continue (0.2053328133 -19.0488176733)
continue (0.2154295569 -19.0795691226)
continue (0.2260086869 -19.1210665533)
continue (0.2371238682 -19.1629854372)
continue (0.2487761468 -19.1795924217)
continue (0.2609584839 -19.1787630804)
continue (0.2738182168 -19.1773534222)
continue (0.2872846865 -19.1755943498)
continue (0.3013449159 -19.1738931865)
continue (0.3161925835 -19.1720979705)
continue (0.3317317166 -19.1683637138)
continue (0.3479446451 -19.1634572896)
continue (0.3650909558 -19.1572311572)
continue (0.3830462487 -19.1501368631)
continue (0.4017932212 -19.1463508180)
continue (0.4214926113 -19.1458405862)
continue (0.4421479988 -19.1445296675)
continue (0.4639852473 -19.1434857630)
continue (0.4867879410 -19.1460166022)
continue (0.5105137398 -19.1511600233)
continue (0.5357242949 -19.1582604022)
continue (0.5621634951 -19.1654015434)
continue (0.5898168451 -19.1685324456)
continue (0.6186469963 -19.1741474470)
continue (0.6490505880 -19.1845384443)
continue (0.6810665363 -19.1995360867)
continue (0.7141591110 -19.2267678304)
continue (0.7493972250 -19.2345519977)
continue (0.7494721647 -19.4563543476)
continue (0.7862528262 -19.5073177771)
continue (0.8246760413 -19.6275365870)
continue (0.8288691440 -19.6499365041)
continue (0.8329223494 -19.6676655517)
continue (0.8369692640 -19.6858212386)
continue (0.8410246471 -19.7044351088)
continue (0.8450724969 -19.7235414391)
continue (0.8491278496 -19.7428181396)
continue (0.8531743819 -19.7616193130)
continue (0.8572274097 -19.7799689898)
continue (0.8612784258 -19.7992265045)
continue (0.8654007841 -19.8193712056)
continue (0.8695793897 -19.8538993035)
continue (0.8738320602 -19.8862432902)
continue (0.8780757618 -19.9167857692)
continue (0.8823267095 -19.9490040708)
continue (0.8865758872 -19.9831438601)
continue (0.8881744889 -19.9988762885)
continue (0.8882633063 -19.9080920496)
continue (0.8908313543 -19.9252199794)
continue (0.8950839085 -19.9544800701)
continue (0.8993328783 -19.9818876162)
continue (0.9035775804 -20.0105428420)
continue (0.9076364797 -20.0406139861)
continue (0.9122887891 -20.1004263219)
continue (0.9167473412 -20.1566994014)
continue (0.9212068475 -20.2095293676)
continue (0.9256657564 -20.2687605587)
continue (0.9301243670 -20.3363406658)
continue (0.9345830023 -20.4152063409)
continue (0.9370355019 -20.4652189618)
continue (0.9371292055 -20.4188645791)
continue (0.9390420102 -20.4487770078)
continue (0.9435007865 -20.5231440960)
continue (0.9479597018 -20.6113882640)
continue (0.9524111890 -20.7202767983)
continue (0.9531314168 -20.7449161005)
continue (0.9538447474 -20.7708913411)
continue (0.9545581467 -20.7967878846)
continue (0.9552716124 -20.8226004988)
continue (0.9559851426 -20.8483246370)
continue (0.9566987351 -20.8739555753)
continue (0.9574113820 -20.8994921292)
continue (0.9581250913 -20.9249227003)
continue (0.9588388566 -20.9502456743)
continue (0.9595314579 -20.9753602180)
continue (0.9596274111 -20.9476239633)
continue (0.9607717508 -20.9874950847)
continue (0.9619918963 -21.0268925142)
continue (0.9632120904 -21.0656249473)
continue (0.9644323218 -21.1036406197)
continue (0.9656525788 -21.1408869489)
continue (0.9668728501 -21.1773113316)
continue (0.9680931239 -21.2128577649)
continue (0.9693133886 -21.2474719220)
continue (0.9705336324 -21.2810989753)
continue (0.9717072143 -21.3137199466)
continue (0.9718043851 -21.2949545006)
continue (0.9724932560 -21.3133234745)
continue (0.9732327551 -21.3312809518)
continue (0.9739723387 -21.3488013484)
continue (0.9747120047 -21.3658756976)
continue (0.9754507067 -21.3824963314)
continue (0.9761905291 -21.3986560069)
continue (0.9769304274 -21.4143493156)
continue (0.9776693502 -21.4295697567)
continue (0.9784093917 -21.4443131469)
continue (0.9791200447 -21.4586151749)
continue (0.9792179567 -21.4451283155)
continue (0.9796263306 -21.4537893860)
continue (0.9801046776 -21.4622720684)
continue (0.9805824369 -21.4705541219)
continue (0.9810606622 -21.4786358889)
continue (0.9815393541 -21.4865163045)
continue (0.9820174552 -21.4941973963)
continue (0.9824949629 -21.5016796201)
continue (0.9829729353 -21.5089633922)
continue (0.9834513729 -21.5160503020)
continue (0.9838771600 -21.5229250770)
continue (0.9839755477 -21.5126798242)
continue (0.9842533484 -21.5171814482)
continue (0.9845776963 -21.5215470055)
continue (0.9849011935 -21.5258256772)
continue (0.9852259686 -21.5300173780)
continue (0.9855498921 -21.5341232797)
continue (0.9858740286 -21.5381442134)
continue (0.9861983784 -21.5420786084)
continue (0.9865229417 -21.5459298604)
continue (0.9868466500 -21.5496981533)
continue (0.9871812649 -21.5534055833)
continue (0.9872799830 -21.5452623027)
continue (0.9874069640 -21.5478924609)
continue (0.9876424000 -21.5504321385)
continue (0.9878790193 -21.5529277846)
continue (0.9881146805 -21.5553832326)
continue (0.9883504542 -21.5577961454)
continue (0.9885863405 -21.5601673105)
continue (0.9888223393 -21.5624979104)
continue (0.9890584509 -21.5647880955)
continue (0.9892936012 -21.5670391208)
continue (0.9895396087 -21.5692459315)
continue (0.9896385626 -21.5627036200)
continue (0.9991963000 -21.6226100364)
continue (1.0439535177 -21.6446266210)
continue (1.0951412398 -21.6804381717)
continue (1.1489938540 -21.7071899729)
continue (1.2053796635 -21.7357522479)
continue (1.2645948177 -21.7659335332)
continue (1.3266371024 -21.7951656312)
continue (1.3918848719 -21.8177239385)
continue (1.4601298279 -21.8440759830)
continue (1.5320561964 -21.8738257359)
continue (1.6071728847 -21.9104932158)
continue (1.6862824308 -21.9526217912)
continue (1.7691070192 -21.9958169709)
continue (1.8559409890 -22.0388335944)
continue (1.9471517641 -22.0552890353)
continue (2.0427415952 -22.0760268191)
continue (2.1431491665 -22.1009693970)
continue (2.2483765744 -22.1307555249)
continue (2.3583515155 -22.1624442911)
continue (2.4742520380 -22.1889046600)
continue (2.5962023522 -22.2086813405)
continue (2.7234519594 -22.1993165137)
continue (2.8575322220 -22.1541937709)
continue (2.9975889000 -22.0524616036)
continue (2.9978886589 -22.4147369820)
continue (3.1444686874 -22.4722009532)
continue (3.2993013237 -22.6107622610)
continue (3.3154826074 -22.6364029929)
continue (3.3316772167 -22.6589426871)
continue (3.3478832060 -22.6832081984)
continue (3.3640861692 -22.7094163932)
continue (3.3802962572 -22.7378164589)
continue (3.3964987387 -22.7694450287)
continue (3.4127039181 -22.8050537262)
continue (3.4289096388 -22.8448796122)
continue (3.4451137031 -22.8898180092)
continue (3.4609457866 -22.9410686104)
continue (3.4783175587 -23.0074864373)
continue (3.4953148337 -23.0832523762)
continue (3.5123165848 -23.1764755339)
continue (3.5293205071 -23.2974472881)
continue (3.5463242500 -23.4715207602)
continue (3.5540835632 -23.5856123994)
continue (3.5544389716 -22.7754883239)
continue (3.5633254174 -22.7908855289)
continue (3.5803215672 -22.8215221341)
continue (3.5973244128 -22.8560789492)
continue (3.6143174892 -22.8941237690)
continue (3.6319929279 -22.9362767456)
continue (3.6491551562 -22.9890802664)
continue (3.6669967430 -23.0465687192)
continue (3.6848199399 -23.1140908317)
continue (3.7026667870 -23.1958516254)
continue (3.7204898731 -23.2991982453)
continue (3.7383320094 -23.4394464683)
continue (3.7485274603 -23.5462566026)
continue (3.7489023131 -23.0602052059)
continue (3.7561602994 -23.0870090904)
continue (3.7740031459 -23.1548024600)
continue (3.7918427517 -23.2371392487)
continue (3.8096447559 -23.3414652800)
continue (3.8125296550 -23.3606766323)
continue (3.8153869771 -23.3814636363)
continue (3.8182325867 -23.4032964890)
continue (3.8210824441 -23.4262871618)
continue (3.8239365589 -23.4505701835)
continue (3.8267949406 -23.4763083087)
continue (3.8296415044 -23.5037016304)
continue (3.8324923062 -23.5329987656)
continue (3.8353473554 -23.5645179940)
continue (3.8385300152 -23.5986859726)
continue (3.8389138682 -23.2672405564)
continue (3.8430951071 -23.2932295010)
continue (3.8479635231 -23.3207611786)
continue (3.8528442893 -23.3500578761)
continue (3.8577374527 -23.3813788126)
continue (3.8626103154 -23.4150475370)
continue (3.8674955038 -23.4514758532)
continue (3.8723766094 -23.4912006897)
continue (3.8772535543 -23.5349436392)
continue (3.8821262604 -23.5837148613)
continue (3.8876579591 -23.6389512259)
continue (3.8880467249 -23.3951314891)
continue (3.8899647214 -23.4141726071)
continue (3.8929227052 -23.4341070072)
continue (3.8958851910 -23.4549799802)
continue (3.8988521891 -23.4768951581)
continue (3.9018070032 -23.4999719032)
continue (3.9047662995 -23.5243527001)
continue (3.9077133308 -23.5502117419)
continue (3.9106815965 -23.5777606647)
continue (3.9136375668 -23.6072668744)
continue (3.9160594139 -23.6390211754)
continue (3.9164510198 -23.4510348142)
continue (3.9185011099 -23.4640650982)
continue (3.9204229271 -23.4775389446)
continue (3.9223297476 -23.4914471261)
continue (3.9242384239 -23.5058194389)
continue (3.9261489587 -23.5206938952)
continue (3.9280613547 -23.5361080717)
continue (3.9299756146 -23.5521099131)
continue (3.9318917412 -23.5687492210)
continue (3.9338097371 -23.5860861319)
continue (3.9363586419 -23.6042045425)
continue (3.9367522778 -23.4542584934)
continue (3.9370218983 -23.4627480510)
continue (3.9383150403 -23.4713975105)
continue (3.9396090321 -23.4802249395)
continue (3.9409038745 -23.4892393087)
continue (3.9421995683 -23.4984497186)
continue (3.9434961144 -23.5078640950)
continue (3.9447935136 -23.5174938989)
continue (3.9460917668 -23.5273495540)
continue (3.9473908747 -23.5374433238)
continue (3.9482973380 -23.5477449257)
continue (3.9486921677 -23.4253500049)
continue (3.9496321357 -23.4309254052)
continue (3.9505738819 -23.4365737224)
continue (3.9515160773 -23.4422972393)
continue (3.9524587222 -23.4480993216)
continue (3.9534018169 -23.4539809831)
continue (3.9543453619 -23.4599458229)
continue (3.9552893573 -23.4659954197)
continue (3.9562338035 -23.4721323426)
continue (3.9571787009 -23.4783607425)
continue (3.9585882954 -23.4846707535)
continue (3.9589841543 -23.3830324554)
continue (3.9967852000 -23.6614380899)
continue (3.9971848786 -23.6614380899)
continue (4.1935896254 -23.9592014578)
continue (4.3980068803 -24.0964595989)
continue (4.6140102562 -24.1380285403)
continue (4.8420139512 -24.1457477818)
continue (5.0795263412 -24.1442153953)
continue (5.3290469334 -24.1402332029)
continue (5.5905952491 -24.1354024875)
continue (5.8640091738 -24.1300344529)
continue (6.1530521648 -24.1242705453)
continue (6.4537324760 -24.1181260033)
continue (6.7752195212 -24.1116388829)
continue (7.1026268559 -24.1048450127)
continue (7.4571769690 -24.0977433304)
continue (7.8220345546 -24.0904066096)
continue (8.2022234528 -24.0828322376)
continue (8.6049766346 -24.0751083442)
continue (9.0313877662 -24.0672649180)
continue (9.4736149871 -24.0594163754)
continue (9.9396490577 -24.0514314315)
continue (10.4275892620 -24.0437894243)
continue (10.9395801393 -24.0362294356)
continue (11.4769146802 -24.0291071317)
continue (12.0410547781 -24.0221278792)
continue (12.6319243916 -24.0159364749)
continue (13.2528654102 -24.0102173482)
continue (13.9039826916 -24.0050078626)
continue (14.5849395904 -24.0006261260)
continue (15.3025529069 -23.9973832739)
continue (16.0547397041 -23.9949871597)
continue (16.8410095289 -23.9937432457)
continue (17.6704872136 -23.9936931021)
continue (18.5367580473 -23.9948359335)
continue (19.4465861205 -23.9972183680)
continue (20.4045460279 -24.0008846922)
continue (21.4063196055 -24.0058535735)
continue (22.4560627306 -24.0125081313)
continue (23.5591268254 -24.0202725272)
continue (24.7156773965 -24.0298591858)
continue (25.9324708482 -24.0405245462)
continue (27.2020007644 -24.0527116100)
continue (28.5395247606 -24.0662916442)
continue (29.9463366943 -24.0812032408)
continue (31.4121691006 -24.0974756946)
continue (32.9572161160 -24.1142599429)
continue (34.5700692567 -24.1331516950)
continue (36.2765535672 -24.1527004030)
continue (38.0487275828 -24.1736377551)
continue (39.9153318269 -24.1955515571)
continue (41.8780802209 -24.2186842750)
continue (43.9376579367 -24.2425938134)
continue (46.0934256756 -24.2673937890)
continue (48.3687380896 -24.2929503932)
continue (50.7386985305 -24.3191512473)
continue (53.2282141126 -24.3458501403)
continue (55.8374402946 -24.3730109689)
continue (58.6023810680 -24.4005292334)
continue (61.4475404995 -24.4283874603)
continue (64.4916507861 -24.4566252234)
continue (67.6515980406 -24.4849241527)
continue (70.9709521501 -24.5133085657)
continue (74.4499203927 -24.5418148405)
continue (78.0862918258 -24.5704562324)
continue (81.9484735258 -24.5990361988)
continue (85.9685873214 -24.6275889684)
continue (90.2244579809 -24.6557746782)
continue (94.6279362001 -24.6839184506)
continue (99.2773750525 -24.7119834256)
continue (104.1567065501 -24.7399466101)
continue (109.2777342136 -24.7677197291)
continue (114.6392031208 -24.7945941312)
continue (120.2675235063 -24.8210814073)
continue (126.1793167554 -24.8478297721)
continue (132.3746405589 -24.8740349373)
continue (138.8703178310 -24.8994012463)
continue (145.6861751570 -24.9242519267)
continue (152.8458613900 -24.9488594004)
continue (160.3496437810 -24.9727589125)
continue (168.2235602007 -24.9948426327)
continue (176.4995207451 -25.0159632070)
continue (185.1792370671 -25.0366152898)
continue (194.2585857189 -25.0554679488)
continue (203.8172725581 -25.0731586783)
continue (213.8120660740 -25.0884748919)
continue (224.3394942411 -25.1012656167)
continue (235.3478888448 -25.1126083481)
continue (246.8889259299 -25.1226447767)
continue (259.0298537826 -25.1316488045)
continue (271.6955949932 -25.1405566263)
continue (285.0381687855 -25.1509746639)
continue (299.0702414201 -25.1615999587)
continue (313.7971851264 -25.1715376941)
continue (329.2149658986 -25.1812461867)
continue (345.3077020111 -25.1911244312)
continue (362.3328133627 -25.2016472109)
continue (380.1698062608 -25.2126439679)
continue (398.8039499375 -25.2242011828)
continue (418.3962468353 -25.2362240825)
continue (438.9532878647 -25.2486663540)
continue (460.4684313326 -25.2621723956)
continue (483.1744568437 -25.2774270031)
continue (506.8225948872 -25.2937302109)
continue (531.6610417778 -25.3088272503)
continue (557.6909581439 -25.3197561628)
continue (585.2710504863 -25.3277621137)
continue (614.0613380102 -25.3360855722)
continue (644.0049650934 -25.3437294810)
continue (675.5129915546 -25.3509469883)
continue (709.1572183714 -25.3585840512)
continue (743.8914494753 -25.3667392736)
continue (780.1943712390 -25.3748444983)
continue (818.7484506803 -25.3822884009)
continue (858.8756132019 -25.3890338733)
continue (901.3521519359 -25.3954534834)
continue (945.2977444058 -25.4016405832)
continue (991.6933568475 -25.4078310211)
continue (1040.3779262555 -25.4140855413)
continue (1091.4684700050 -25.4202026900)
continue (1145.0955335602 -25.4264072347)
continue (1201.4067575573 -25.4330814875)
continue (1260.3969925411 -25.4403117543)
continue (1322.2098456285 -25.4483684320)
continue (1387.2233606442 -25.4572276418)
continue (1455.2331932405 -25.4673596955)
continue (1526.6661511261 -25.4790412530)
continue (1601.8052831907 -25.4920631038)
continue (1680.3743787704 -25.5059680342)
continue (1762.9464608381 -25.5207001412)
continue (1849.5372957321 -25.5365471101)
continue (1940.5175161993 -25.5539268019)
continue (2035.8959463968 -25.5719945135)
continue (2135.6152463257 -25.5907154694)
continue (2240.6368960098 -25.6107716757)
continue (2350.4437080402 -25.6322135902)
continue (2466.2165780979 -25.6545289205)
continue (2587.3566882657 -25.6764930074)
continue (2714.5279285290 -25.6987088253)
continue (2847.7094550225 -25.7221226267)
continue (2987.7607396957 -25.7461984105)
continue (3133.6555213452 -25.7704051062)
continue (3288.5854406611 -25.7944139680)
continue (3449.1560393913 -25.8182385768)
continue (3619.0112216330 -25.8430069065)
continue (3796.9459400300 -25.8683823501)
continue (3982.8104266049 -25.8941227192)
continue (4178.2073617936 -25.9203170986)
continue (4383.1987763694 -25.9466533427)
continue (4600.0354649530 -25.9730812614)
continue (4826.6261949533 -26.0004005607)
continue (5062.5945867066 -26.0282689389)
continue (5310.4139021398 -26.0561064954)
continue (5573.4986275669 -26.0844358554)
continue (5845.2022168518 -26.1129173854)
continue (6132.3487591332 -26.1412218011)
continue (6435.5015932711 -26.1704695809)
continue (6750.1261156088 -26.2008941397)
continue (7080.5518695197 -26.2311223824)
continue (7426.7891247530 -26.2610433287)
continue (7795.2696801299 -26.2914288414)
continue (8180.1348797773 -26.3219277549)
continue (8580.6687910282 -26.3531289147)
continue (8995.7258204066 -26.3859820653)
continue (9442.2031458625 -26.4189466340)
continue (9905.0763652956 -26.4510057051)
continue (10391.9149915291 -26.4826338945)
continue (10902.9316296625 -26.5149270250)
continue (11438.0196511509 -26.5485844773)
continue (11999.8291494231 -26.5818531394)
continue (12588.2998426190 -26.6146504963)
continue (13206.7684870607 -26.6476551849)
continue (13855.3599757821 -26.6805451343)
continue (14536.0827182516 -26.7136522156)
continue (15251.3309725053 -26.7464407159)
continue (15998.3677248453 -26.7792862970)
continue (16785.1726949197 -26.8123384919)
continue (17609.0246494143 -26.8459760225)
continue (18476.6225792212 -26.8802737061)
continue (19380.4131349892 -26.9159981236)
continue (20336.2424817494 -26.9522811343)
continue (21331.1569664605 -26.9885421840)
continue (22378.8562280744 -27.0249127297)
continue (23480.2119455602 -27.0619568184)
continue (24635.4967722950 -27.1001478538)
continue (25844.2151334995 -27.1392682534)
continue (27112.9730915558 -27.1789500504)
continue (28441.5426219473 -27.2187900311)
continue (29838.4749707659 -27.2590228783)
continue (31304.2605842388 -27.3007730706)
continue (32838.4513732321 -27.3443579096)
continue (34452.4395314628 -27.3891163087)
continue (36147.0458392380 -27.4341163017)
continue (37922.0568292630 -27.4791426772)
continue (39793.3198955105 -27.5248015921)
continue (41743.7941185154 -27.5721567385)
continue (43789.8618744445 -27.6211581569)
continue (45953.9599398483 -27.6720236309)
continue (48189.6893499308 -27.7252388572)
continue (50569.7572479018 -27.7800121987)
continue (53042.3181377876 -27.8362338466)
continue (55666.8922179103 -27.8937055800)
continue (58377.1316852781 -27.9526706426)
continue (61241.0635488703 -28.0143227649)
continue (64264.2472219458 -28.0773295596)
continue (67401.4072194668 -28.1419170735)
continue (70750.5454663968 -28.2085348761)
continue (74207.4125087289 -28.2768777775)
continue (77819.5581218780 -28.3476446917)
continue (81654.7513984938 -28.4207490068)
continue (85725.9666610716 -28.4962047303)
continue (89868.5429592890 -28.5743607178)
continue (94314.5338032696 -28.6550734621)
continue (98943.2166783052 -28.7395757812)
continue (103800.7774925608 -28.8272889672)
continue (108899.0231366146 -28.9181522356)
continue (114251.1315956859 -29.0146169959)
continue (119856.2443255545 -29.1137381196)
continue (125744.0355467353 -29.2148455162)
continue (131933.8389470379 -29.3208553088)
continue (138406.2918601444 -29.4294714831)
continue (145198.6975154861 -29.5417425212)
continue (152334.8421275812 -29.6510246084)
continue (159815.3324460174 -29.7404406784)
continue (167666.4260546809 -29.8003557600)
continue (175886.3203256497 -29.8349948030)
continue (184541.7224801926 -29.8678971718)
continue (193598.2633539815 -29.9004546078)
continue (203090.4893263185 -29.9332128328)
continue (213112.0265685666 -29.9659353315)
continue (223568.9464198211 -29.9984367413)
continue (234560.3669516579 -30.0312333947)
continue (246022.4151207319 -30.0639345875)
continue (258149.2990388642 -30.0966229179)
continue (270807.4370303688 -30.1293223313)
continue (284149.3687580888 -30.1620177212)
continue (298091.9285597615 -30.1946884308)
continue (312720.3245048699 -30.2273972626)
continue (328029.8868276425 -30.2600852342)
continue (344134.0731144981 -30.2927522684)
continue (361040.8183863672 -30.3254175113)
continue (378747.7246912680 -30.3581473153)
continue (397412.5711326607 -30.3908569102)
continue (416865.0620343966 -30.4235051716)
continue (437478.1687984592 -30.4562464779)
continue (458845.4308193308 -30.4889614467)
continue (481387.7578484896 -30.5215802136)
continue (505136.9321547621 -30.5542643873)
continue (529806.4102367389 -30.5870324918)
continue (555989.6434455100 -30.6196968001)
continue (583397.5836153590 -30.6523675739)
continue (611999.3456059039 -30.6851017203)
continue (3672982.7714921040 -31.7606247449)
continue (3709712.5992070250 -50.0000000000)
continue (7354000.0000000000 -50.0000000000)
f(nu) = -20.5238041489 at 1.0000000000 Ryd
