# Haardt & Madau (2011)
# z = 0.412538
# E [Ryd] log (J_nu)
interpolate (0.0000000100 -50.0000000000)
continue (0.0090035365 -50.0000000000)
continue (0.0090944813 -19.5682221479)
continue (0.0095460614 -19.5474758019)
continue (0.0100150239 -19.5253395653)
continue (0.0105069414 -19.5020372048)
continue (0.0110229470 -19.4777787033)
continue (0.0115643024 -19.4527807856)
continue (0.0121324328 -19.4272808761)
continue (0.0127271931 -19.4012891234)
continue (0.0133518978 -19.3748683274)
continue (0.0140087168 -19.3482946462)
continue (0.0146954850 -19.3215933997)
continue (0.0154190698 -19.2948616968)
continue (0.0161744236 -19.2681815910)
continue (0.0169695908 -19.2414702415)
continue (0.0178051392 -19.2148524625)
continue (0.0186773319 -19.1885921188)
continue (0.0195971403 -19.1628952253)
continue (0.0205564409 -19.1380738397)
continue (0.0215684503 -19.1150366889)
continue (0.0226289304 -19.0933013224)
continue (0.0237370937 -19.0720915001)
continue (0.0249048108 -19.0523501477)
continue (0.0261257748 -19.0344069703)
continue (0.0274065271 -19.0173591762)
continue (0.0287556651 -19.0011192990)
continue (0.0301644166 -18.9860788486)
continue (0.0316522065 -18.9729189165)
continue (0.0332094397 -18.9621326711)
continue (0.0348343664 -18.9523128979)
continue (0.0365530295 -18.9414985660)
continue (0.0383368543 -18.9329441526)
continue (0.0402325398 -18.9286604391)
continue (0.0422078289 -18.9280855266)
continue (0.0442792529 -18.9294232235)
continue (0.0464458219 -18.9326911428)
continue (0.0487308570 -18.9379331358)
continue (0.0511373191 -18.9456045395)
continue (0.0536354930 -18.9565482510)
continue (0.0562510510 -18.9689872601)
continue (0.0590198851 -18.9814538305)
continue (0.0619488121 -18.9938507717)
continue (0.0649513204 -19.0058837707)
continue (0.0681575935 -19.0188243403)
continue (0.0715280240 -19.0328220409)
continue (0.0750014013 -19.0481339530)
continue (0.0786931801 -19.0648629119)
continue (0.0825423030 -19.0830083031)
continue (0.0866223408 -19.1030765629)
continue (0.0908541401 -19.1255034416)
continue (0.0953507404 -19.1494589038)
continue (0.1000293113 -19.1752515680)
continue (0.1049484079 -19.2020754785)
continue (0.1100962940 -19.2300885766)
continue (0.1155110946 -19.2594304752)
continue (0.1211791257 -19.2904753248)
continue (0.1271298864 -19.3220986887)
continue (0.1333821759 -19.3535664738)
continue (0.1399365826 -19.3876192355)
continue (0.1467891472 -19.4226515045)
continue (0.1540082856 -19.4586064208)
continue (0.1615721677 -19.4954886994)
continue (0.1695065152 -19.5327663855)
continue (0.1778429012 -19.5693022906)
continue (0.1865821101 -19.6048473665)
continue (0.1957188629 -19.6412379227)
continue (0.2053328133 -19.6773524621)
continue (0.2154295569 -19.7104709741)
continue (0.2260086869 -19.7419811163)
continue (0.2371238682 -19.7683830050)
continue (0.2487761468 -19.7886041580)
continue (0.2609584839 -19.8074243137)
continue (0.2738182168 -19.8267025140)
continue (0.2872846865 -19.8471839427)
continue (0.3013449159 -19.8693250520)
continue (0.3161925835 -19.8929986401)
continue (0.3317317166 -19.9184640850)
continue (0.3479446451 -19.9463550978)
continue (0.3650909558 -19.9747440142)
continue (0.3830462487 -20.0054362228)
continue (0.4017932212 -20.0393840134)
continue (0.4214926113 -20.0764071450)
continue (0.4421479988 -20.1150645837)
continue (0.4639852473 -20.1557200925)
continue (0.4867879410 -20.2000929057)
continue (0.5105137398 -20.2485439426)
continue (0.5357242949 -20.3012258032)
continue (0.5621634951 -20.3575880496)
continue (0.5898168451 -20.4160784833)
continue (0.6186469963 -20.4805614241)
continue (0.6490505880 -20.5514018601)
continue (0.6810665363 -20.6302243546)
continue (0.7141591110 -20.7234327941)
continue (0.7493972250 -20.8126354495)
continue (0.7494721647 -20.9354025595)
continue (0.7862528262 -21.0477575343)
continue (0.8246760413 -21.2046949836)
continue (0.8288691440 -21.2329031461)
continue (0.8329223494 -21.2529598262)
continue (0.8369692640 -21.2731517271)
continue (0.8410246471 -21.2934792684)
continue (0.8450724969 -21.3139556656)
continue (0.8491278496 -21.3344490675)
continue (0.8531743819 -21.3542077209)
continue (0.8572274097 -21.3729400534)
continue (0.8612784258 -21.3922054220)
continue (0.8654007841 -21.4120838498)
continue (0.8695793897 -21.4459879821)
continue (0.8738320602 -21.4762691879)
continue (0.8780757618 -21.5030526962)
continue (0.8823267095 -21.5303651031)
continue (0.8865758872 -21.5582578233)
continue (0.8881744889 -21.5706941927)
continue (0.8882633063 -21.5658829587)
continue (0.8908313543 -21.5823865074)
continue (0.8950839085 -21.6106274748)
continue (0.8993328783 -21.6367647800)
continue (0.9035775804 -21.6633193011)
continue (0.9076364797 -21.6904090901)
continue (0.9122887891 -21.7404977709)
continue (0.9167473412 -21.7855585142)
continue (0.9212068475 -21.8257130224)
continue (0.9256657564 -21.8685589038)
continue (0.9301243670 -21.9145969949)
continue (0.9345830023 -21.9644596621)
continue (0.9370355019 -21.9939284813)
continue (0.9371292055 -21.9914636548)
continue (0.9390420102 -22.0108407303)
continue (0.9435007865 -22.0565199555)
continue (0.9479597018 -22.1059354018)
continue (0.9524111890 -22.1599221803)
continue (0.9531314168 -22.1686036190)
continue (0.9538447474 -22.1796754913)
continue (0.9545581467 -22.1903813696)
continue (0.9552716124 -22.2007267965)
continue (0.9559851426 -22.2107162980)
continue (0.9566987351 -22.2203565186)
continue (0.9574113820 -22.2296527833)
continue (0.9581250913 -22.2386123765)
continue (0.9588388566 -22.2472421045)
continue (0.9595314579 -22.2555476806)
continue (0.9596274111 -22.2539800309)
continue (0.9607717508 -22.2674343497)
continue (0.9619918963 -22.2800017746)
continue (0.9632120904 -22.2917260612)
continue (0.9644323218 -22.3026505046)
continue (0.9656525788 -22.3128169764)
continue (0.9668728501 -22.3222682239)
continue (0.9680931239 -22.3310454600)
continue (0.9693133886 -22.3391922130)
continue (0.9705336324 -22.3467483322)
continue (0.9717072143 -22.3537685882)
continue (0.9718043851 -22.3526378699)
continue (0.9724932560 -22.3566439650)
continue (0.9732327551 -22.3604505503)
continue (0.9739723387 -22.3640842423)
continue (0.9747120047 -22.3675541077)
continue (0.9754507067 -22.3708658502)
continue (0.9761905291 -22.3740285097)
continue (0.9769304274 -22.3770472799)
continue (0.9776693502 -22.3799299611)
continue (0.9784093917 -22.3826835088)
continue (0.9791200447 -22.3853434266)
continue (0.9792179567 -22.3844620485)
continue (0.9796263306 -22.3861214153)
continue (0.9801046776 -22.3877084272)
continue (0.9805824369 -22.3892506863)
continue (0.9810606622 -22.3907473448)
continue (0.9815393541 -22.3922018488)
continue (0.9820174552 -22.3936143018)
continue (0.9824949629 -22.3949862579)
continue (0.9829729353 -22.3963194885)
continue (0.9834513729 -22.3976148947)
continue (0.9838771600 -22.3988570188)
continue (0.9839755477 -22.3982563502)
continue (0.9842533484 -22.3990450824)
continue (0.9845776963 -22.3998628521)
continue (0.9849011935 -22.4006640706)
continue (0.9852259686 -22.4014506542)
continue (0.9855498921 -22.4022227062)
continue (0.9858740286 -22.4029790446)
continue (0.9861983784 -22.4037227100)
continue (0.9865229417 -22.4044517969)
continue (0.9868466500 -22.4051680708)
continue (0.9871812649 -22.4058670867)
continue (0.9872799830 -22.4052940398)
continue (0.9874069640 -22.4058224392)
continue (0.9876424000 -22.4063188719)
continue (0.9878790193 -22.4068088266)
continue (0.9881146805 -22.4072924688)
continue (0.9883504542 -22.4077686624)
continue (0.9885863405 -22.4082396133)
continue (0.9888223393 -22.4087049267)
continue (0.9890584509 -22.4091629145)
continue (0.9892936012 -22.4096156021)
continue (0.9895396087 -22.4100873669)
continue (0.9896385626 -22.4096206151)
continue (0.9991963000 -22.4239260536)
continue (1.0439535177 -22.4547113406)
continue (1.0951412398 -22.4885146849)
continue (1.1489938540 -22.5208126962)
continue (1.2053796635 -22.5520641250)
continue (1.2645948177 -22.5824780355)
continue (1.3266371024 -22.6123460878)
continue (1.3918848719 -22.6421830560)
continue (1.4601298279 -22.6723047130)
continue (1.5320561964 -22.7030182072)
continue (1.6071728847 -22.7345689874)
continue (1.6862824308 -22.7668065573)
continue (1.7691070192 -22.7981088153)
continue (1.8559409890 -22.8292295894)
continue (1.9471517641 -22.8613779101)
continue (2.0427415952 -22.8950122511)
continue (2.1431491665 -22.9299862072)
continue (2.2483765744 -22.9666768969)
continue (2.3583515155 -23.0041485918)
continue (2.4742520380 -23.0425866101)
continue (2.5962023522 -23.0824696877)
continue (2.7234519594 -23.1237737015)
continue (2.8575322220 -23.1662793564)
continue (2.9975889000 -23.2090292040)
continue (2.9978886589 -23.2725804845)
continue (3.1444686874 -23.3172214244)
continue (3.2993013237 -23.3626071309)
continue (3.3154826074 -23.3646306774)
continue (3.3316772167 -23.3688585997)
continue (3.3478832060 -23.3733364026)
continue (3.3640861692 -23.3780131576)
continue (3.3802962572 -23.3828557251)
continue (3.3964987387 -23.3878284975)
continue (3.4127039181 -23.3929030449)
continue (3.4289096388 -23.3980526747)
continue (3.4451137031 -23.4032567556)
continue (3.4609457866 -23.4085235438)
continue (3.4783175587 -23.4100276760)
continue (3.4953148337 -23.4143054684)
continue (3.5123165848 -23.4188468610)
continue (3.5293205071 -23.4236034831)
continue (3.5463242500 -23.4285375142)
continue (3.5540835632 -23.4307885313)
continue (3.5544389716 -23.4205447888)
continue (3.5633254174 -23.4233307353)
continue (3.5803215672 -23.4285040361)
continue (3.5973244128 -23.4337525371)
continue (3.6143174892 -23.4390562763)
continue (3.6319929279 -23.4443791184)
continue (3.6491551562 -23.4452363935)
continue (3.6669967430 -23.4495462700)
continue (3.6848199399 -23.4541389103)
continue (3.7026667870 -23.4589626967)
continue (3.7204898731 -23.4639738985)
continue (3.7383320094 -23.4691315689)
continue (3.7485274603 -23.4719842202)
continue (3.7489023131 -23.4662902927)
continue (3.7561602994 -23.4686452174)
continue (3.7740031459 -23.4739778289)
continue (3.7918427517 -23.4793664523)
continue (3.8096447559 -23.4847717105)
continue (3.8125296550 -23.4818088692)
continue (3.8153869771 -23.4823940591)
continue (3.8182325867 -23.4829895362)
continue (3.8210824441 -23.4835942407)
continue (3.8239365589 -23.4842068815)
continue (3.8267949406 -23.4848299259)
continue (3.8296415044 -23.4854620850)
continue (3.8324923062 -23.4861009557)
continue (3.8353473554 -23.4867490117)
continue (3.8385300152 -23.4873770341)
continue (3.8389138682 -23.4837088876)
continue (3.8430951071 -23.4848186517)
continue (3.8479635231 -23.4859770619)
continue (3.8528442893 -23.4871557552)
continue (3.8577374527 -23.4883530920)
continue (3.8626103154 -23.4895689897)
continue (3.8674955038 -23.4908013559)
continue (3.8723766094 -23.4920498621)
continue (3.8772535543 -23.4933132811)
continue (3.8821262604 -23.4945917330)
continue (3.8876579591 -23.4959185288)
continue (3.8880467249 -23.4932181001)
continue (3.8899647214 -23.4940504357)
continue (3.8929227052 -23.4948428358)
continue (3.8958851910 -23.4956396437)
continue (3.8988521891 -23.4964395148)
continue (3.9018070032 -23.4972449685)
continue (3.9047662995 -23.4980521518)
continue (3.9077133308 -23.4988649604)
continue (3.9106815965 -23.4996797608)
continue (3.9136375668 -23.5004986169)
continue (3.9160594139 -23.5013468168)
continue (3.9164510198 -23.4993230314)
continue (3.9185011099 -23.4999116567)
continue (3.9204229271 -23.5004449570)
continue (3.9223297476 -23.5009789130)
continue (3.9242384239 -23.5015149088)
continue (3.9261489587 -23.5020515670)
continue (3.9280613547 -23.5025891246)
continue (3.9299756146 -23.5031285003)
continue (3.9318917412 -23.5036685469)
continue (3.9338097371 -23.5042081112)
continue (3.9363586419 -23.5047943091)
continue (3.9367522778 -23.5031941114)
continue (3.9370218983 -23.5036247693)
continue (3.9383150403 -23.5039928671)
continue (3.9396090321 -23.5043615135)
continue (3.9409038745 -23.5047302366)
continue (3.9421995683 -23.5050992731)
continue (3.9434961144 -23.5054688604)
continue (3.9447935136 -23.5058387625)
continue (3.9460917668 -23.5062075826)
continue (3.9473908747 -23.5065781148)
continue (3.9482973380 -23.5069600000)
continue (3.9486921677 -23.5057941346)
continue (3.9496321357 -23.5060361235)
continue (3.9505738819 -23.5063060175)
continue (3.9515160773 -23.5065770027)
continue (3.9524587222 -23.5068472332)
continue (3.9534018169 -23.5071173940)
continue (3.9543453619 -23.5073879610)
continue (3.9552893573 -23.5076584586)
continue (3.9562338035 -23.5079291248)
continue (3.9571787009 -23.5082001982)
continue (3.9585882954 -23.5084336787)
continue (3.9589841543 -23.5075202995)
continue (3.9967852000 -23.5186502876)
continue (3.9971848786 -23.5186502876)
continue (4.1935896254 -23.5827369950)
continue (4.3980068803 -23.6089515108)
continue (4.6140102562 -23.6277484218)
continue (4.8420139512 -23.6457856744)
continue (5.0795263412 -23.6640015355)
continue (5.3290469334 -23.6825955031)
continue (5.5905952491 -23.7011452219)
continue (5.8640091738 -23.7195301935)
continue (6.1530521648 -23.7377748137)
continue (6.4537324760 -23.7555352742)
continue (6.7752195212 -23.7729749621)
continue (7.1026268559 -23.7901986255)
continue (7.4571769690 -23.8067848358)
continue (7.8220345546 -23.8233493311)
continue (8.2022234528 -23.8396149255)
continue (8.6049766346 -23.8558341524)
continue (9.0313877662 -23.8723018217)
continue (9.4736149871 -23.8890812974)
continue (9.9396490577 -23.9061234397)
continue (10.4275892620 -23.9238617437)
continue (10.9395801393 -23.9419744872)
continue (11.4769146802 -23.9608756445)
continue (12.0410547781 -23.9805647088)
continue (12.6319243916 -24.0010447104)
continue (13.2528654102 -24.0222316975)
continue (13.9039826916 -24.0441828790)
continue (14.5849395904 -24.0670088897)
continue (15.3025529069 -24.0905813614)
continue (16.0547397041 -24.1148729554)
continue (16.8410095289 -24.1399219443)
continue (17.6704872136 -24.1656002212)
continue (18.5367580473 -24.1919760306)
continue (19.4465861205 -24.2188783118)
continue (20.4045460279 -24.2463779353)
continue (21.4063196055 -24.2743146760)
continue (22.4560627306 -24.3027987633)
continue (23.5591268254 -24.3316592115)
continue (24.7156773965 -24.3609207707)
continue (25.9324708482 -24.3906147090)
continue (27.2020007644 -24.4204956832)
continue (28.5395247606 -24.4507970670)
continue (29.9463366943 -24.4812117069)
continue (31.4121691006 -24.5120003142)
continue (32.9572161160 -24.5406701887)
continue (34.5700692567 -24.5691335823)
continue (36.2765535672 -24.5952887328)
continue (38.0487275828 -24.6185654551)
continue (39.9153318269 -24.6387320164)
continue (41.8780802209 -24.6563993101)
continue (43.9376579367 -24.6723558977)
continue (46.0934256756 -24.6870373266)
continue (48.3687380896 -24.6999092876)
continue (50.7386985305 -24.7120986480)
continue (53.2282141126 -24.7242848285)
continue (55.8374402946 -24.7359607587)
continue (58.6023810680 -24.7473410887)
continue (61.4475404995 -24.7587781832)
continue (64.4916507861 -24.7699659254)
continue (67.6515980406 -24.7806617041)
continue (70.9709521501 -24.7913586441)
continue (74.4499203927 -24.8019999991)
continue (78.0862918258 -24.8123438873)
continue (81.9484735258 -24.8226511363)
continue (85.9685873214 -24.8328591249)
continue (90.2244579809 -24.8432576309)
continue (94.6279362001 -24.8536573420)
continue (99.2773750525 -24.8645724051)
continue (104.1567065501 -24.8754424193)
continue (109.2777342136 -24.8862568019)
continue (114.6392031208 -24.8970042796)
continue (120.2675235063 -24.9077369846)
continue (126.1793167554 -24.9186759231)
continue (132.3746405589 -24.9295277654)
continue (138.8703178310 -24.9399000045)
continue (145.6861751570 -24.9504552025)
continue (152.8458613900 -24.9609484699)
continue (160.3496437810 -24.9716271586)
continue (168.2235602007 -24.9821576360)
continue (176.4995207451 -24.9923826528)
continue (185.1792370671 -25.0024526125)
continue (194.2585857189 -25.0122323966)
continue (203.8172725581 -25.0220506045)
continue (213.8120660740 -25.0317809585)
continue (224.3394942411 -25.0413388357)
continue (235.3478888448 -25.0508536489)
continue (246.8889259299 -25.0604633720)
continue (259.0298537826 -25.0700350956)
continue (271.6955949932 -25.0798939017)
continue (285.0381687855 -25.0902054715)
continue (299.0702414201 -25.1005586218)
continue (313.7971851264 -25.1109195440)
continue (329.2149658986 -25.1213717228)
continue (345.3077020111 -25.1319049419)
continue (362.3328133627 -25.1426999956)
continue (380.1698062608 -25.1536577058)
continue (398.8039499375 -25.1646449624)
continue (418.3962468353 -25.1755916624)
continue (438.9532878647 -25.1863538621)
continue (460.4684313326 -25.1969914448)
continue (483.1744568437 -25.2075899408)
continue (506.8225948872 -25.2177353923)
continue (531.6610417778 -25.2268355130)
continue (557.6909581439 -25.2343434018)
continue (585.2710504863 -25.2410319930)
continue (614.0613380102 -25.2477341688)
continue (644.0049650934 -25.2541510398)
continue (675.5129915546 -25.2605703709)
continue (709.1572183714 -25.2670860120)
continue (743.8914494753 -25.2737675160)
continue (780.1943712390 -25.2804705026)
continue (818.7484506803 -25.2871788709)
continue (858.8756132019 -25.2940465903)
continue (901.3521519359 -25.3011435806)
continue (945.2977444058 -25.3086075603)
continue (991.6933568475 -25.3165458142)
continue (1040.3779262555 -25.3250911405)
continue (1091.4684700050 -25.3342176306)
continue (1145.0955335602 -25.3440197459)
continue (1201.4067575573 -25.3547364385)
continue (1260.3969925411 -25.3664497907)
continue (1322.2098456285 -25.3790458519)
continue (1387.2233606442 -25.3926619931)
continue (1455.2331932405 -25.4074254163)
continue (1526.6661511261 -25.4233051839)
continue (1601.8052831907 -25.4400489867)
continue (1680.3743787704 -25.4577137388)
continue (1762.9464608381 -25.4762814511)
continue (1849.5372957321 -25.4957033719)
continue (1940.5175161993 -25.5160347033)
continue (2035.8959463968 -25.5370652325)
continue (2135.6152463257 -25.5586938222)
continue (2240.6368960098 -25.5811246994)
continue (2350.4437080402 -25.6040780568)
continue (2466.2165780979 -25.6277252264)
continue (2587.3566882657 -25.6514038775)
continue (2714.5279285290 -25.6757175453)
continue (2847.7094550225 -25.7004606760)
continue (2987.7607396957 -25.7256894328)
continue (3133.6555213452 -25.7510017209)
continue (3288.5854406611 -25.7765324183)
continue (3449.1560393913 -25.8025529819)
continue (3619.0112216330 -25.8287643201)
continue (3796.9459400300 -25.8556666585)
continue (3982.8104266049 -25.8829555159)
continue (4178.2073617936 -25.9103666324)
continue (4383.1987763694 -25.9382868706)
continue (4600.0354649530 -25.9662558791)
continue (4826.6261949533 -25.9951344148)
continue (5062.5945867066 -26.0241525394)
continue (5310.4139021398 -26.0535242989)
continue (5573.4986275669 -26.0832191920)
continue (5845.2022168518 -26.1131207391)
continue (6132.3487591332 -26.1432508845)
continue (6435.5015932711 -26.1739672524)
continue (6750.1261156088 -26.2050978253)
continue (7080.5518695197 -26.2363387707)
continue (7426.7891247530 -26.2677635541)
continue (7795.2696801299 -26.2995087145)
continue (8180.1348797773 -26.3314633103)
continue (8580.6687910282 -26.3638694767)
continue (8995.7258204066 -26.3967165130)
continue (9442.2031458625 -26.4295877236)
continue (9905.0763652956 -26.4622782082)
continue (10391.9149915291 -26.4951273338)
continue (10902.9316296625 -26.5282582299)
continue (11438.0196511509 -26.5617139208)
continue (11999.8291494231 -26.5952940668)
continue (12588.2998426190 -26.6288388226)
continue (13206.7684870607 -26.6625138372)
continue (13855.3599757821 -26.6965578564)
continue (14536.0827182516 -26.7308751747)
continue (15251.3309725053 -26.7655507521)
continue (15998.3677248453 -26.8004320200)
continue (16785.1726949197 -26.8361076946)
continue (17609.0246494143 -26.8721114861)
continue (18476.6225792212 -26.9088335641)
continue (19380.4131349892 -26.9464981296)
continue (20336.2424817494 -26.9847925121)
continue (21331.1569664605 -27.0232140152)
continue (22378.8562280744 -27.0624593096)
continue (23480.2119455602 -27.1024877831)
continue (24635.4967722950 -27.1434103544)
continue (25844.2151334995 -27.1851781139)
continue (27112.9730915558 -27.2277601853)
continue (28441.5426219473 -27.2710553452)
continue (29838.4749707659 -27.3153504438)
continue (31304.2605842388 -27.3607999200)
continue (32838.4513732321 -27.4075590046)
continue (34452.4395314628 -27.4553858388)
continue (36147.0458392380 -27.5042404107)
continue (37922.0568292630 -27.5538841657)
continue (39793.3198955105 -27.6048551589)
continue (41743.7941185154 -27.6575360990)
continue (43789.8618744445 -27.7117040848)
continue (45953.9599398483 -27.7676581735)
continue (48189.6893499308 -27.8254849315)
continue (50569.7572479018 -27.8850231435)
continue (53042.3181377876 -27.9460785146)
continue (55666.8922179103 -28.0086909442)
continue (58377.1316852781 -28.0730202991)
continue (61241.0635488703 -28.1394709822)
continue (64264.2472219458 -28.2077639199)
continue (67401.4072194668 -28.2779989239)
continue (70750.5454663968 -28.3502699813)
continue (74207.4125087289 -28.4246012270)
continue (77819.5581218780 -28.5012676397)
continue (81654.7513984938 -28.5802225375)
continue (85725.9666610716 -28.6615712262)
continue (89868.5429592890 -28.7457272608)
continue (94314.5338032696 -28.8325177310)
continue (98943.2166783052 -28.9223556681)
continue (103800.7774925608 -29.0147840294)
continue (108899.0231366146 -29.1099099042)
continue (114251.1315956859 -29.2083564168)
continue (119856.2443255545 -29.3085536824)
continue (125744.0355467353 -29.4101118708)
continue (131933.8389470379 -29.5138275468)
continue (138406.2918601444 -29.6183130947)
continue (145198.6975154861 -29.7236604350)
continue (152334.8421275812 -29.8290053463)
continue (159815.3324460174 -29.9333510287)
continue (167666.4260546809 -30.0355115013)
continue (175886.3203256497 -30.1325215853)
continue (184541.7224801926 -30.2241080784)
continue (193598.2633539815 -30.3099776681)
continue (203090.4893263185 -30.3864629386)
continue (213112.0265685666 -30.4542758247)
continue (223568.9464198211 -30.5132669398)
continue (234560.3669516579 -30.5640568488)
continue (246022.4151207319 -30.6076808937)
continue (258149.2990388642 -30.6445230446)
continue (270807.4370303688 -30.6778774457)
continue (284149.3687580888 -30.7106021206)
continue (298091.9285597615 -30.7432930199)
continue (312720.3245048699 -30.7759044787)
continue (328029.8868276425 -30.8088191795)
continue (344134.0731144981 -30.8413497865)
continue (361040.8183863672 -30.8741159724)
continue (378747.7246912680 -30.9067381364)
continue (397412.5711326607 -30.9395354269)
continue (416865.0620343966 -30.9720749643)
continue (437478.1687984592 -31.0048945214)
continue (458845.4308193308 -31.0375768300)
continue (481387.7578484896 -31.0702468864)
continue (505136.9321547621 -31.1029627490)
continue (529806.4102367389 -31.1356265430)
continue (555989.6434455100 -31.1683499079)
continue (583397.5836153590 -31.2010208845)
continue (611999.3456059039 -31.2337045450)
continue (3672982.7714921040 -32.3093759181)
continue (3709712.5992070250 -50.0000000000)
continue (7354000.0000000000 -50.0000000000)
f(nu) = -21.3252810608 at 1.0000000000 Ryd
