# Haardt & Madau (2011)
# z = 4.623413
# E [Ryd] log (J_nu)
interpolate (0.0000000100 -50.0000000000)
continue (0.0090035365 -50.0000000000)
continue (0.0090944813 -20.0099473698)
continue (0.0095460614 -20.0096852123)
continue (0.0100150239 -20.0071303981)
continue (0.0105069414 -20.0021483174)
continue (0.0110229470 -19.9946927231)
continue (0.0115643024 -19.9849323770)
continue (0.0121324328 -19.9733438087)
continue (0.0127271931 -19.9596854380)
continue (0.0133518978 -19.9445307071)
continue (0.0140087168 -19.9276869803)
continue (0.0146954850 -19.9097091057)
continue (0.0154190698 -19.8904166753)
continue (0.0161744236 -19.8693772239)
continue (0.0169695908 -19.8453483565)
continue (0.0178051392 -19.8182866147)
continue (0.0186773319 -19.7882637859)
continue (0.0195971403 -19.7552287493)
continue (0.0205564409 -19.7206398637)
continue (0.0215684503 -19.6900867988)
continue (0.0226289304 -19.6625287799)
continue (0.0237370937 -19.6327034839)
continue (0.0249048108 -19.6033988865)
continue (0.0261257748 -19.5767599855)
continue (0.0274065271 -19.5501224441)
continue (0.0287556651 -19.5219904986)
continue (0.0301644166 -19.4932727227)
continue (0.0316522065 -19.4665862539)
continue (0.0332094397 -19.4432426792)
continue (0.0348343664 -19.4181306763)
continue (0.0365530295 -19.3863093858)
continue (0.0383368543 -19.3533277552)
continue (0.0402325398 -19.3266944369)
continue (0.0422078289 -19.3046460707)
continue (0.0442792529 -19.2846597617)
continue (0.0464458219 -19.2667540027)
continue (0.0487308570 -19.2505559226)
continue (0.0511373191 -19.2377751249)
continue (0.0536354930 -19.2309257743)
continue (0.0562510510 -19.2273130591)
continue (0.0590198851 -19.2243850569)
continue (0.0619488121 -19.2198909276)
continue (0.0649513204 -19.2133842878)
continue (0.0681575935 -19.2062061586)
continue (0.0715280240 -19.1983896556)
continue (0.0750014013 -19.1907775394)
continue (0.0786931801 -19.1840222446)
continue (0.0825423030 -19.1782183989)
continue (0.0866223408 -19.1740423167)
continue (0.0908541401 -19.1711890721)
continue (0.0953507404 -19.1662509886)
continue (0.1000293113 -19.1642050094)
continue (0.1049484079 -19.1645706829)
continue (0.1100962940 -19.1627232805)
continue (0.1155110946 -19.1614502887)
continue (0.1211791257 -19.1606197948)
continue (0.1271298864 -19.1601675816)
continue (0.1333821759 -19.1595937543)
continue (0.1399365826 -19.1598940680)
continue (0.1467891472 -19.1604436884)
continue (0.1540082856 -19.1615596055)
continue (0.1615721677 -19.1633083351)
continue (0.1695065152 -19.1659509404)
continue (0.1778429012 -19.1702733952)
continue (0.1865821101 -19.1730225055)
continue (0.1957188629 -19.1798341184)
continue (0.2053328133 -19.1969396392)
continue (0.2154295569 -19.2218470501)
continue (0.2260086869 -19.2586132063)
continue (0.2371238682 -19.2981867271)
continue (0.2487761468 -19.3120924047)
continue (0.2609584839 -19.3046925534)
continue (0.2738182168 -19.2983089352)
continue (0.2872846865 -19.2919605302)
continue (0.3013449159 -19.2864503360)
continue (0.3161925835 -19.2820832638)
continue (0.3317317166 -19.2765432430)
continue (0.3479446451 -19.2696312266)
continue (0.3650909558 -19.2612354331)
continue (0.3830462487 -19.2519877634)
continue (0.4017932212 -19.2456705581)
continue (0.4214926113 -19.2420105009)
continue (0.4421479988 -19.2371796211)
continue (0.4639852473 -19.2322523460)
continue (0.4867879410 -19.2306143928)
continue (0.5105137398 -19.2313411789)
continue (0.5357242949 -19.2343676333)
continue (0.5621634951 -19.2382401632)
continue (0.5898168451 -19.2400328099)
continue (0.6186469963 -19.2456353221)
continue (0.6490505880 -19.2557465414)
continue (0.6810665363 -19.2681312265)
continue (0.7141591110 -19.2899202287)
continue (0.7493972250 -19.2839084845)
continue (0.7494721647 -19.5352256731)
continue (0.7862528262 -19.5771010792)
continue (0.8246760413 -19.7059890081)
continue (0.8288691440 -19.7276850457)
continue (0.8329223494 -19.7474321883)
continue (0.8369692640 -19.7678857688)
continue (0.8410246471 -19.7890858269)
continue (0.8450724969 -19.8111096442)
continue (0.8491278496 -19.8336200611)
continue (0.8531743819 -19.8563551585)
continue (0.8572274097 -19.8795737707)
continue (0.8612784258 -19.9042575135)
continue (0.8654007841 -19.9305862821)
continue (0.8695793897 -19.9695505095)
continue (0.8738320602 -20.0088724403)
continue (0.8780757618 -20.0488785411)
continue (0.8823267095 -20.0923312445)
continue (0.8865758872 -20.1399535212)
continue (0.8881744889 -20.1623727544)
continue (0.8882633063 -19.9383971935)
continue (0.8908313543 -19.9562269017)
continue (0.8950839085 -19.9868218503)
continue (0.8993328783 -20.0162824876)
continue (0.9035775804 -20.0473996407)
continue (0.9076364797 -20.0804163601)
continue (0.9122887891 -20.1413814802)
continue (0.9167473412 -20.2007967472)
continue (0.9212068475 -20.2590298977)
continue (0.9256657564 -20.3253887019)
continue (0.9301243670 -20.4027027724)
continue (0.9345830023 -20.4955868490)
continue (0.9370355019 -20.5563334584)
continue (0.9371292055 -20.4421673006)
continue (0.9390420102 -20.4736048594)
continue (0.9435007865 -20.5525029303)
continue (0.9479597018 -20.6473647846)
continue (0.9524111890 -20.7669726918)
continue (0.9531314168 -20.7947883359)
continue (0.9538447474 -20.8239875263)
continue (0.9545581467 -20.8533092716)
continue (0.9552716124 -20.8827654057)
continue (0.9559851426 -20.9123640041)
continue (0.9566987351 -20.9421252341)
continue (0.9574113820 -20.9720534893)
continue (0.9581250913 -21.0021666469)
continue (0.9588388566 -21.0324818652)
continue (0.9595314579 -21.0630289949)
continue (0.9596274111 -20.9945129655)
continue (0.9607717508 -21.0394077102)
continue (0.9619918963 -21.0840032884)
continue (0.9632120904 -21.1283744821)
continue (0.9644323218 -21.1725011078)
continue (0.9656525788 -21.2163622975)
continue (0.9668728501 -21.2599340386)
continue (0.9680931239 -21.3031900872)
continue (0.9693133886 -21.3461009411)
continue (0.9705336324 -21.3886351598)
continue (0.9717072143 -21.4307019133)
continue (0.9718043851 -21.3853702483)
continue (0.9724932560 -21.4081510266)
continue (0.9732327551 -21.4306337552)
continue (0.9739723387 -21.4528116147)
continue (0.9747120047 -21.4746753411)
continue (0.9754507067 -21.4962119891)
continue (0.9761905291 -21.5174092996)
continue (0.9769304274 -21.5382554452)
continue (0.9776693502 -21.5587387577)
continue (0.9784093917 -21.5788474573)
continue (0.9791200447 -21.5985847924)
continue (0.9792179567 -21.5662989624)
continue (0.9796263306 -21.5779965957)
continue (0.9801046776 -21.5894618251)
continue (0.9805824369 -21.6007440643)
continue (0.9810606622 -21.6118418624)
continue (0.9815393541 -21.6227513102)
continue (0.9820174552 -21.6334746448)
continue (0.9824949629 -21.6440062439)
continue (0.9829729353 -21.6543466777)
continue (0.9834513729 -21.6644937738)
continue (0.9838771600 -21.6744202431)
continue (0.9839755477 -21.6504088072)
continue (0.9842533484 -21.6566374408)
continue (0.9845776963 -21.6628304828)
continue (0.9849011935 -21.6689327048)
continue (0.9852259686 -21.6749471509)
continue (0.9855498921 -21.6808690246)
continue (0.9858740286 -21.6866995997)
continue (0.9861983784 -21.6924404697)
continue (0.9865229417 -21.6980912805)
continue (0.9868466500 -21.7036519359)
continue (0.9871812649 -21.7091954314)
continue (0.9872799830 -21.6904417551)
continue (0.9874069640 -21.6941213551)
continue (0.9876424000 -21.6978352542)
continue (0.9878790193 -21.7015046998)
continue (0.9881146805 -21.7051261200)
continue (0.9883504542 -21.7087002637)
continue (0.9885863405 -21.7122301072)
continue (0.9888223393 -21.7157121771)
continue (0.9890584509 -21.7191473208)
continue (0.9892936012 -21.7225387022)
continue (0.9895396087 -21.7259478075)
continue (0.9896385626 -21.7109216946)
continue (0.9991963000 -21.8081819044)
continue (1.0439535177 -21.8180231937)
continue (1.0951412398 -21.8596397387)
continue (1.1489938540 -21.8815270060)
continue (1.2053796635 -21.9070235091)
continue (1.2645948177 -21.9333523767)
continue (1.3266371024 -21.9610108465)
continue (1.3918848719 -21.9750918357)
continue (1.4601298279 -21.9930463975)
continue (1.5320561964 -22.0162685587)
continue (1.6071728847 -22.0481910465)
continue (1.6862824308 -22.1037664839)
continue (1.7691070192 -22.1605939437)
continue (1.8559409890 -22.2267972628)
continue (1.9471517641 -22.2326637474)
continue (2.0427415952 -22.2432977455)
continue (2.1431491665 -22.2589044268)
continue (2.2483765744 -22.2801932139)
continue (2.3583515155 -22.3068766865)
continue (2.4742520380 -22.3321076400)
continue (2.5962023522 -22.3686609790)
continue (2.7234519594 -22.3936963582)
continue (2.8575322220 -22.4004387243)
continue (2.9975889000 -22.2703796969)
continue (2.9978886589 -22.5482665661)
continue (3.1444686874 -22.5485008886)
continue (3.2993013237 -22.6550784654)
continue (3.3154826074 -22.6810840731)
continue (3.3316772167 -22.7019805139)
continue (3.3478832060 -22.7248360660)
continue (3.3640861692 -22.7500108291)
continue (3.3802962572 -22.7779555966)
continue (3.3964987387 -22.8093238944)
continue (3.4127039181 -22.8451847447)
continue (3.4289096388 -22.8866942624)
continue (3.4451137031 -22.9354716079)
continue (3.4609457866 -22.9938735803)
continue (3.4783175587 -23.0753231732)
continue (3.4953148337 -23.1758987879)
continue (3.5123165848 -23.3145047233)
continue (3.5293205071 -23.5325370946)
continue (3.5463242500 -24.0346951780)
continue (3.5540835632 -29.2194975031)
continue (3.5544389716 -22.8546434720)
continue (3.5633254174 -22.8712832791)
continue (3.5803215672 -22.9049716107)
continue (3.5973244128 -22.9435755702)
continue (3.6143174892 -22.9874397171)
continue (3.6319929279 -23.0380823306)
continue (3.6491551562 -23.1037021597)
continue (3.6669967430 -23.1797745077)
continue (3.6848199399 -23.2770469943)
continue (3.7026667870 -23.4099066716)
continue (3.7204898731 -23.6148693381)
continue (3.7383320094 -24.0522895006)
continue (3.7485274603 -27.6115680277)
continue (3.7489023131 -23.2253516167)
continue (3.7561602994 -23.2615423455)
continue (3.7740031459 -23.3585433278)
continue (3.7918427517 -23.4900911966)
continue (3.8096447559 -23.6908713685)
continue (3.8125296550 -23.7385729268)
continue (3.8153869771 -23.7916562353)
continue (3.8182325867 -23.8514944240)
continue (3.8210824441 -23.9201949475)
continue (3.8239365589 -24.0010278444)
continue (3.8267949406 -24.0994558849)
continue (3.8296415044 -24.2257172653)
continue (3.8324923062 -24.4027449381)
continue (3.8353473554 -24.7033796253)
continue (3.8385300152 -26.7866832870)
continue (3.8389138682 -23.5860075048)
continue (3.8430951071 -23.6357726918)
continue (3.8479635231 -23.6906899638)
continue (3.8528442893 -23.7522020628)
continue (3.8577374527 -23.8224089500)
continue (3.8626103154 -23.9045638552)
continue (3.8674955038 -24.0040989033)
continue (3.8723766094 -24.1311811793)
continue (3.8772535543 -24.3085282191)
continue (3.8821262604 -24.6079149321)
continue (3.8876579591 -26.3582912690)
continue (3.8880467249 -23.9030871565)
continue (3.8899647214 -23.9505929535)
continue (3.8929227052 -24.0031752144)
continue (3.8958851910 -24.0624006725)
continue (3.8988521891 -24.1303277257)
continue (3.9018070032 -24.2101330616)
continue (3.9047662995 -24.3071044340)
continue (3.9077133308 -24.4310652453)
continue (3.9106815965 -24.6037186463)
continue (3.9136375668 -24.8919461658)
continue (3.9160594139 -26.1005903352)
continue (3.9164510198 -24.1506615302)
continue (3.9185011099 -24.1966287046)
continue (3.9204229271 -24.2477636714)
continue (3.9223297476 -24.3054176714)
continue (3.9242384239 -24.3715664831)
continue (3.9261489587 -24.4492344303)
continue (3.9280613547 -24.5434197204)
continue (3.9299756146 -24.6632730927)
continue (3.9318917412 -24.8285691611)
continue (3.9338097371 -25.0973552620)
continue (3.9363586419 -25.9418977702)
continue (3.9367522778 -24.3508773265)
continue (3.9370218983 -24.3953121268)
continue (3.9383150403 -24.4446836930)
continue (3.9396090321 -24.5002161256)
continue (3.9409038745 -24.5637044043)
continue (3.9421995683 -24.6378612047)
continue (3.9434961144 -24.7270715421)
continue (3.9447935136 -24.8391431421)
continue (3.9460917668 -24.9901436776)
continue (3.9473908747 -25.2229133863)
continue (3.9482973380 -25.7639161940)
continue (3.9486921677 -24.4388464028)
continue (3.9496321357 -24.4746180317)
continue (3.9505738819 -24.5134651145)
continue (3.9515160773 -24.5560331124)
continue (3.9524587222 -24.6031240703)
continue (3.9534018169 -24.6558401153)
continue (3.9543453619 -24.7157341364)
continue (3.9552893573 -24.7851189704)
continue (3.9562338035 -24.8676650727)
continue (3.9571787009 -24.9698007391)
continue (3.9585882954 -25.1054504414)
continue (3.9589841543 -23.9860955663)
continue (3.9967852000 -25.0990896917)
continue (3.9971848786 -25.0990896917)
continue (4.1935896254 -25.4219110475)
continue (4.3980068803 -25.5685256396)
continue (4.6140102562 -25.6101895788)
continue (4.8420139512 -25.6159842322)
continue (5.0795263412 -25.6119023976)
continue (5.3290469334 -25.6047415983)
continue (5.5905952491 -25.5961660924)
continue (5.8640091738 -25.5862658802)
continue (6.1530521648 -25.5751280062)
continue (6.4537324760 -25.5628510592)
continue (6.7752195212 -25.5493922360)
continue (7.1026268559 -25.5348637837)
continue (7.4571769690 -25.5193785183)
continue (7.8220345546 -25.5027830488)
continue (8.2022234528 -25.4852245793)
continue (8.6049766346 -25.4667079994)
continue (9.0313877662 -25.4473797670)
continue (9.4736149871 -25.4273770168)
continue (9.9396490577 -25.4066071686)
continue (10.4275892620 -25.3851142489)
continue (10.9395801393 -25.3631442796)
continue (11.4769146802 -25.3405356575)
continue (12.0410547781 -25.3175250794)
continue (12.6319243916 -25.2941426476)
continue (13.2528654102 -25.2705114133)
continue (13.9039826916 -25.2465769342)
continue (14.5849395904 -25.2225274331)
continue (15.3025529069 -25.1984441323)
continue (16.0547397041 -25.1744635951)
continue (16.8410095289 -25.1505777159)
continue (17.6704872136 -25.1270670484)
continue (18.5367580473 -25.1039372912)
continue (19.4465861205 -25.0815004972)
continue (20.4045460279 -25.0598613774)
continue (21.4063196055 -25.0392368723)
continue (22.4560627306 -25.0197195619)
continue (23.5591268254 -25.0012915791)
continue (24.7156773965 -24.9847171722)
continue (25.9324708482 -24.9695459265)
continue (27.2020007644 -24.9560438313)
continue (28.5395247606 -24.9440779022)
continue (29.9463366943 -24.9342675110)
continue (31.4121691006 -24.9261228586)
continue (32.9572161160 -24.9199115407)
continue (34.5700692567 -24.9159063645)
continue (36.2765535672 -24.9137027446)
continue (38.0487275828 -24.9139701077)
continue (39.9153318269 -24.9160147904)
continue (41.8780802209 -24.9198619192)
continue (43.9376579367 -24.9259180998)
continue (46.0934256756 -24.9339104472)
continue (48.3687380896 -24.9435687717)
continue (50.7386985305 -24.9546159718)
continue (53.2282141126 -24.9667457811)
continue (55.8374402946 -24.9796470173)
continue (58.6023810680 -24.9937855451)
continue (61.4475404995 -25.0086672043)
continue (64.4916507861 -25.0240835638)
continue (67.6515980406 -25.0368184510)
continue (70.9709521501 -25.0511727640)
continue (74.4499203927 -25.0645347574)
continue (78.0862918258 -25.0786462646)
continue (81.9484735258 -25.0933626225)
continue (85.9685873214 -25.1065966972)
continue (90.2244579809 -25.1182466849)
continue (94.6279362001 -25.1302413329)
continue (99.2773750525 -25.1423606036)
continue (104.1567065501 -25.1541680381)
continue (109.2777342136 -25.1655562755)
continue (114.6392031208 -25.1732378521)
continue (120.2675235063 -25.1814762540)
continue (126.1793167554 -25.1904201195)
continue (132.3746405589 -25.1994335493)
continue (138.8703178310 -25.2073284182)
continue (145.6861751570 -25.2133490499)
continue (152.8458613900 -25.2203192239)
continue (160.3496437810 -25.2284322590)
continue (168.2235602007 -25.2373022086)
continue (176.4995207451 -25.2465897514)
continue (185.1792370671 -25.2556916538)
continue (194.2585857189 -25.2643507530)
continue (203.8172725581 -25.2735965174)
continue (213.8120660740 -25.2832964959)
continue (224.3394942411 -25.2921970081)
continue (235.3478888448 -25.3007656575)
continue (246.8889259299 -25.3093296807)
continue (259.0298537826 -25.3168979184)
continue (271.6955949932 -25.3245119227)
continue (285.0381687855 -25.3339419402)
continue (299.0702414201 -25.3435846365)
continue (313.7971851264 -25.3527607964)
continue (329.2149658986 -25.3617387631)
continue (345.3077020111 -25.3710082961)
continue (362.3328133627 -25.3810036495)
continue (380.1698062608 -25.3915553483)
continue (398.8039499375 -25.4028049789)
continue (418.3962468353 -25.4144724565)
continue (438.9532878647 -25.4266899792)
continue (460.4684313326 -25.4399803662)
continue (483.1744568437 -25.4550482956)
continue (506.8225948872 -25.4711716480)
continue (531.6610417778 -25.4861860379)
continue (557.6909581439 -25.4969455655)
continue (585.2710504863 -25.5049141196)
continue (614.0613380102 -25.5130340834)
continue (644.0049650934 -25.5205906116)
continue (675.5129915546 -25.5276924578)
continue (709.1572183714 -25.5352127466)
continue (743.8914494753 -25.5433179294)
continue (780.1943712390 -25.5512707315)
continue (818.7484506803 -25.5585852778)
continue (858.8756132019 -25.5653860220)
continue (901.3521519359 -25.5716493782)
continue (945.2977444058 -25.5778371943)
continue (991.6933568475 -25.5839506841)
continue (1040.3779262555 -25.5901514627)
continue (1091.4684700050 -25.5962705975)
continue (1145.0955335602 -25.6023033234)
continue (1201.4067575573 -25.6089502269)
continue (1260.3969925411 -25.6162385916)
continue (1322.2098456285 -25.6241962781)
continue (1387.2233606442 -25.6330481685)
continue (1455.2331932405 -25.6432254246)
continue (1526.6661511261 -25.6548257453)
continue (1601.8052831907 -25.6677467358)
continue (1680.3743787704 -25.6816932099)
continue (1762.9464608381 -25.6965266176)
continue (1849.5372957321 -25.7123400775)
continue (1940.5175161993 -25.7296784063)
continue (2035.8959463968 -25.7477335978)
continue (2135.6152463257 -25.7663272444)
continue (2240.6368960098 -25.7865397677)
continue (2350.4437080402 -25.8080181730)
continue (2466.2165780979 -25.8300368313)
continue (2587.3566882657 -25.8522926664)
continue (2714.5279285290 -25.8744535009)
continue (2847.7094550225 -25.8978121966)
continue (2987.7607396957 -25.9217729580)
continue (3133.6555213452 -25.9459745049)
continue (3288.5854406611 -25.9699874773)
continue (3449.1560393913 -25.9936973723)
continue (3619.0112216330 -26.0185883580)
continue (3796.9459400300 -26.0438915822)
continue (3982.8104266049 -26.0696903781)
continue (4178.2073617936 -26.0959257414)
continue (4383.1987763694 -26.1221805009)
continue (4600.0354649530 -26.1487181444)
continue (4826.6261949533 -26.1760716668)
continue (5062.5945867066 -26.2038050159)
continue (5310.4139021398 -26.2316529094)
continue (5573.4986275669 -26.2599874267)
continue (5845.2022168518 -26.2884429436)
continue (6132.3487591332 -26.3167307129)
continue (6435.5015932711 -26.3459309829)
continue (6750.1261156088 -26.3764077883)
continue (7080.5518695197 -26.4065274423)
continue (7426.7891247530 -26.4365128859)
continue (7795.2696801299 -26.4669421009)
continue (8180.1348797773 -26.4973430307)
continue (8580.6687910282 -26.5285640172)
continue (8995.7258204066 -26.5614127566)
continue (9442.2031458625 -26.5943889781)
continue (9905.0763652956 -26.6263892002)
continue (10391.9149915291 -26.6581632188)
continue (10902.9316296625 -26.6903201324)
continue (11438.0196511509 -26.7238983712)
continue (11999.8291494231 -26.7573011698)
continue (12588.2998426190 -26.7900026837)
continue (13206.7684870607 -26.8230505636)
continue (13855.3599757821 -26.8560124060)
continue (14536.0827182516 -26.8889896222)
continue (15251.3309725053 -26.9217666535)
continue (15998.3677248453 -26.9544881083)
continue (16785.1726949197 -26.9877506091)
continue (17609.0246494143 -27.0213112377)
continue (18476.6225792212 -27.0556603806)
continue (19380.4131349892 -27.0914049681)
continue (20336.2424817494 -27.1276143646)
continue (21331.1569664605 -27.1637559612)
continue (22378.8562280744 -27.2002126154)
continue (23480.2119455602 -27.2372338440)
continue (24635.4967722950 -27.2754100134)
continue (25844.2151334995 -27.3145745936)
continue (27112.9730915558 -27.3541831503)
continue (28441.5426219473 -27.3939895259)
continue (29838.4749707659 -27.4342661364)
continue (31304.2605842388 -27.4759306326)
continue (32838.4513732321 -27.5195736988)
continue (34452.4395314628 -27.5642643026)
continue (36147.0458392380 -27.6092972429)
continue (37922.0568292630 -27.6542342248)
continue (39793.3198955105 -27.6999879341)
continue (41743.7941185154 -27.7472479403)
continue (43789.8618744445 -27.7961967604)
continue (45953.9599398483 -27.8470747721)
continue (48189.6893499308 -27.9002156816)
continue (50569.7572479018 -27.9548725888)
continue (53042.3181377876 -28.0112692617)
continue (55666.8922179103 -28.0687717272)
continue (58377.1316852781 -28.1279037723)
continue (61241.0635488703 -28.1893450927)
continue (64264.2472219458 -28.2523200952)
continue (67401.4072194668 -28.3169962852)
continue (70750.5454663968 -28.3835838001)
continue (74207.4125087289 -28.4519483293)
continue (77819.5581218780 -28.5225963887)
continue (81654.7513984938 -28.5957506688)
continue (85725.9666610716 -28.6711889373)
continue (89868.5429592890 -28.7494334509)
continue (94314.5338032696 -28.8300317270)
continue (98943.2166783052 -28.9145783015)
continue (103800.7774925608 -29.0022385914)
continue (108899.0231366146 -29.0931738418)
continue (114251.1315956859 -29.1895454724)
continue (119856.2443255545 -29.2886932310)
continue (125744.0355467353 -29.3897123978)
continue (131933.8389470379 -29.4957080374)
continue (138406.2918601444 -29.6043851458)
continue (145198.6975154861 -29.7168305224)
continue (152334.8421275812 -29.8347455326)
continue (159815.3324460174 -29.9568342887)
continue (167666.4260546809 -30.0851861729)
continue (175886.3203256497 -30.2169711150)
continue (184541.7224801926 -30.3499322905)
continue (193598.2633539815 -30.3991771525)
continue (203090.4893263185 -30.4319939617)
continue (213112.0265685666 -30.4647450455)
continue (223568.9464198211 -30.4973086204)
continue (234560.3669516579 -30.5300149040)
continue (246022.4151207319 -30.5626956783)
continue (258149.2990388642 -30.5954758725)
continue (270807.4370303688 -30.6281714568)
continue (284149.3687580888 -30.6607524658)
continue (298091.9285597615 -30.6936189565)
continue (312720.3245048699 -30.7261846928)
continue (328029.8868276425 -30.7589005769)
continue (344134.0731144981 -30.7916024951)
continue (361040.8183863672 -30.8243629022)
continue (378747.7246912680 -30.8569877736)
continue (397412.5711326607 -30.8895825274)
continue (416865.0620343966 -30.9222830637)
continue (437478.1687984592 -30.9549135927)
continue (458845.4308193308 -30.9876669589)
continue (481387.7578484896 -31.0204576861)
continue (505136.9321547621 -31.0531381331)
continue (529806.4102367389 -31.0858368672)
continue (555989.6434455100 -31.1185246600)
continue (583397.5836153590 -31.1512335429)
continue (611999.3456059039 -31.1838952162)
continue (3672982.7714921040 -32.2595391759)
continue (3709712.5992070250 -50.0000000000)
continue (7354000.0000000000 -50.0000000000)
f(nu) = -20.7091526156 at 1.0000000000 Ryd
