# Haardt & Madau (2011)
# z = 4.011872
# E [Ryd] log (J_nu)
interpolate (0.0000000100 -50.0000000000)
continue (0.0090035365 -50.0000000000)
continue (0.0090944813 -19.7713915357)
continue (0.0095460614 -19.7756455564)
continue (0.0100150239 -19.7775758557)
continue (0.0105069414 -19.7773302439)
continue (0.0110229470 -19.7745636721)
continue (0.0115643024 -19.7696689087)
continue (0.0121324328 -19.7624650942)
continue (0.0127271931 -19.7533889075)
continue (0.0133518978 -19.7423997182)
continue (0.0140087168 -19.7295727082)
continue (0.0146954850 -19.7155165296)
continue (0.0154190698 -19.6997134630)
continue (0.0161744236 -19.6819342533)
continue (0.0169695908 -19.6610346916)
continue (0.0178051392 -19.6365894191)
continue (0.0186773319 -19.6090506266)
continue (0.0195971403 -19.5786064777)
continue (0.0205564409 -19.5468692456)
continue (0.0215684503 -19.5190268674)
continue (0.0226289304 -19.4934928741)
continue (0.0237370937 -19.4654012746)
continue (0.0249048108 -19.4377797878)
continue (0.0261257748 -19.4129107735)
continue (0.0274065271 -19.3880656480)
continue (0.0287556651 -19.3610741159)
continue (0.0301644166 -19.3331380926)
continue (0.0316522065 -19.3071304085)
continue (0.0332094397 -19.2852046417)
continue (0.0348343664 -19.2611276908)
continue (0.0365530295 -19.2292559207)
continue (0.0383368543 -19.1967033808)
continue (0.0402325398 -19.1713481179)
continue (0.0422078289 -19.1505686210)
continue (0.0442792529 -19.1319458570)
continue (0.0464458219 -19.1155106343)
continue (0.0487308570 -19.1009287580)
continue (0.0511373191 -19.0900724048)
continue (0.0536354930 -19.0855382812)
continue (0.0562510510 -19.0840593232)
continue (0.0590198851 -19.0831080427)
continue (0.0619488121 -19.0803668244)
continue (0.0649513204 -19.0756145494)
continue (0.0681575935 -19.0704902315)
continue (0.0715280240 -19.0648012803)
continue (0.0750014013 -19.0594536337)
continue (0.0786931801 -19.0549827871)
continue (0.0825423030 -19.0514383496)
continue (0.0866223408 -19.0492229136)
continue (0.0908541401 -19.0484843160)
continue (0.0953507404 -19.0460164617)
continue (0.1000293113 -19.0462374048)
continue (0.1049484079 -19.0485008078)
continue (0.1100962940 -19.0488696981)
continue (0.1155110946 -19.0496956481)
continue (0.1211791257 -19.0508655693)
continue (0.1271298864 -19.0522661088)
continue (0.1333821759 -19.0534075015)
continue (0.1399365826 -19.0556067170)
continue (0.1467891472 -19.0580029840)
continue (0.1540082856 -19.0612867596)
continue (0.1615721677 -19.0654784206)
continue (0.1695065152 -19.0709114322)
continue (0.1778429012 -19.0781526949)
continue (0.1865821101 -19.0841770690)
continue (0.1957188629 -19.0946274259)
continue (0.2053328133 -19.1155201422)
continue (0.2154295569 -19.1441100369)
continue (0.2260086869 -19.1838190351)
continue (0.2371238682 -19.2243739354)
continue (0.2487761468 -19.2393324680)
continue (0.2609584839 -19.2358222853)
continue (0.2738182168 -19.2322948039)
continue (0.2872846865 -19.2290719119)
continue (0.3013449159 -19.2259726780)
continue (0.3161925835 -19.2227324603)
continue (0.3317317166 -19.2177196198)
continue (0.3479446451 -19.2116484426)
continue (0.3650909558 -19.2041986869)
continue (0.3830462487 -19.1959353987)
continue (0.4017932212 -19.1907074688)
continue (0.4214926113 -19.1885998255)
continue (0.4421479988 -19.1854198800)
continue (0.4639852473 -19.1822223322)
continue (0.4867879410 -19.1825989184)
continue (0.5105137398 -19.1855244747)
continue (0.5357242949 -19.1909578925)
continue (0.5621634951 -19.1971277170)
continue (0.5898168451 -19.2004916725)
continue (0.6186469963 -19.2067924306)
continue (0.6490505880 -19.2157786512)
continue (0.6810665363 -19.2262102327)
continue (0.7141591110 -19.2470513191)
continue (0.7493972250 -19.2469243022)
continue (0.7494721647 -19.4834708787)
continue (0.7862528262 -19.5320692775)
continue (0.8246760413 -19.6551922805)
continue (0.8288691440 -19.6771020465)
continue (0.8329223494 -19.6955256525)
continue (0.8369692640 -19.7144703339)
continue (0.8410246471 -19.7339793266)
continue (0.8450724969 -19.7540968822)
continue (0.8491278496 -19.7744822275)
continue (0.8531743819 -19.7946542367)
continue (0.8572274097 -19.8147403348)
continue (0.8612784258 -19.8359281385)
continue (0.8654007841 -19.8583165646)
continue (0.8695793897 -19.8942120428)
continue (0.8738320602 -19.9289448648)
continue (0.8780757618 -19.9628085823)
continue (0.8823267095 -19.9989448161)
continue (0.8865758872 -20.0377381695)
continue (0.8881744889 -20.0556391867)
continue (0.8882633063 -19.9130161336)
continue (0.8908313543 -19.9303259824)
continue (0.8950839085 -19.9599522091)
continue (0.8993328783 -19.9880036403)
continue (0.9035775804 -20.0174644239)
continue (0.9076364797 -20.0485234222)
continue (0.9122887891 -20.1090032365)
continue (0.9167473412 -20.1666559144)
continue (0.9212068475 -20.2217279324)
continue (0.9256657564 -20.2839653056)
continue (0.9301243670 -20.3556814154)
continue (0.9345830023 -20.4405102418)
continue (0.9370355019 -20.4950934202)
continue (0.9371292055 -20.4222764346)
continue (0.9390420102 -20.4529383360)
continue (0.9435007865 -20.5296716384)
continue (0.9479597018 -20.6214404870)
continue (0.9524111890 -20.7361226162)
continue (0.9531314168 -20.7625433629)
continue (0.9538447474 -20.7903488151)
continue (0.9545581467 -20.8181604173)
continue (0.9552716124 -20.8459799244)
continue (0.9559851426 -20.8738079467)
continue (0.9566987351 -20.9016424622)
continue (0.9574113820 -20.9294909594)
continue (0.9581250913 -20.9573517527)
continue (0.9588388566 -20.9852234874)
continue (0.9595314579 -21.0131206336)
continue (0.9596274111 -20.9692221272)
continue (0.9607717508 -21.0122839731)
continue (0.9619918963 -21.0547959629)
continue (0.9632120904 -21.0968271708)
continue (0.9644323218 -21.1383361848)
continue (0.9656525788 -21.1792789044)
continue (0.9668728501 -21.2196086098)
continue (0.9680931239 -21.2592749294)
continue (0.9693133886 -21.2982256200)
continue (0.9705336324 -21.3364062014)
continue (0.9717072143 -21.3737574111)
continue (0.9718043851 -21.3445914497)
continue (0.9724932560 -21.3653202483)
continue (0.9732327551 -21.3856733604)
continue (0.9739723387 -21.4056285089)
continue (0.9747120047 -21.4251754325)
continue (0.9754507067 -21.4443014506)
continue (0.9761905291 -21.4629966109)
continue (0.9769304274 -21.4812514322)
continue (0.9776693502 -21.4990551714)
continue (0.9784093917 -21.5163983222)
continue (0.9791200447 -21.5333275801)
continue (0.9792179567 -21.5124691630)
continue (0.9796263306 -21.5225960147)
continue (0.9801046776 -21.5325453783)
continue (0.9805824369 -21.5422922079)
continue (0.9810606622 -21.5518343450)
continue (0.9815393541 -21.5611710671)
continue (0.9820174552 -21.5703019954)
continue (0.9824949629 -21.5792264688)
continue (0.9829729353 -21.5879444897)
continue (0.9834513729 -21.5964572105)
continue (0.9838771600 -21.6048362401)
continue (0.9839755477 -21.5890916816)
continue (0.9842533484 -21.5944044432)
continue (0.9845776963 -21.5996295846)
continue (0.9849011935 -21.6047609907)
continue (0.9852259686 -21.6097987440)
continue (0.9855498921 -21.6147457850)
continue (0.9858740286 -21.6195989786)
continue (0.9861983784 -21.6243625061)
continue (0.9865229417 -21.6290339444)
continue (0.9868466500 -21.6336141540)
continue (0.9871812649 -21.6381595235)
continue (0.9872799830 -21.6257943023)
continue (0.9874069640 -21.6289340310)
continue (0.9876424000 -21.6320092189)
continue (0.9878790193 -21.6350376688)
continue (0.9881146805 -21.6380206147)
continue (0.9883504542 -21.6409588680)
continue (0.9885863405 -21.6438508835)
continue (0.9888223393 -21.6466973040)
continue (0.9890584509 -21.6494992600)
continue (0.9892936012 -21.6522569901)
continue (0.9895396087 -21.6549585380)
continue (0.9896385626 -21.6450305715)
continue (0.9991963000 -21.7206127323)
continue (1.0439535177 -21.7364331912)
continue (1.0951412398 -21.7743684675)
continue (1.1489938540 -21.7985740890)
continue (1.2053796635 -21.8253707089)
continue (1.2645948177 -21.8539304515)
continue (1.3266371024 -21.8821393146)
continue (1.3918848719 -21.9003084570)
continue (1.4601298279 -21.9228969013)
continue (1.5320561964 -21.9500558486)
continue (1.6071728847 -21.9855473493)
continue (1.6862824308 -22.0339634080)
continue (1.7691070192 -22.0838362059)
continue (1.8559409890 -22.1367456677)
continue (1.9471517641 -22.1475780558)
continue (2.0427415952 -22.1628913870)
continue (2.1431491665 -22.1830597195)
continue (2.2483765744 -22.2087757644)
continue (2.3583515155 -22.2391286893)
continue (2.4742520380 -22.2669284326)
continue (2.5962023522 -22.2984186542)
continue (2.7234519594 -22.3070537304)
continue (2.8575322220 -22.2756065451)
continue (2.9975889000 -22.1418688995)
continue (2.9978886589 -22.4850723976)
continue (3.1444686874 -22.5158205144)
continue (3.2993013237 -22.6424083698)
continue (3.3154826074 -22.6689115611)
continue (3.3316772167 -22.6915489309)
continue (3.3478832060 -22.7162491934)
continue (3.3640861692 -22.7433705337)
continue (3.3802962572 -22.7733569319)
continue (3.3964987387 -22.8069920041)
continue (3.4127039181 -22.8452575526)
continue (3.4289096388 -22.8891726842)
continue (3.4451137031 -22.9403206908)
continue (3.4609457866 -23.0010797051)
continue (3.4783175587 -23.0833543788)
continue (3.4953148337 -23.1850148169)
continue (3.5123165848 -23.3236352367)
continue (3.5293205071 -23.5381132061)
continue (3.5463242500 -24.0102836886)
continue (3.5540835632 -25.2212766922)
continue (3.5544389716 -22.8320090348)
continue (3.5633254174 -22.8491765857)
continue (3.5803215672 -22.8838929793)
continue (3.5973244128 -22.9235241710)
continue (3.6143174892 -22.9683454292)
continue (3.6319929279 -23.0197564598)
continue (3.6491551562 -23.0851535752)
continue (3.6669967430 -23.1609730854)
continue (3.6848199399 -23.2566287907)
continue (3.7026667870 -23.3847891315)
continue (3.7204898731 -23.5760291305)
continue (3.7383320094 -23.9488309675)
continue (3.7485274603 -24.6857596987)
continue (3.7489023131 -23.1801512658)
continue (3.7561602994 -23.2153171254)
continue (3.7740031459 -23.3084312969)
continue (3.7918427517 -23.4318084761)
continue (3.8096447559 -23.6123827820)
continue (3.8125296550 -23.6522548581)
continue (3.8153869771 -23.6960579781)
continue (3.8182325867 -23.7446180215)
continue (3.8210824441 -23.7991501077)
continue (3.8239365589 -23.8614104438)
continue (3.8267949406 -23.9340717809)
continue (3.8296415044 -24.0215449971)
continue (3.8324923062 -24.1319318327)
continue (3.8353473554 -24.2831617050)
continue (3.8385300152 -24.5331842011)
continue (3.8389138682 -23.4795291352)
continue (3.8430951071 -23.5217583575)
continue (3.8479635231 -23.5681103671)
continue (3.8528442893 -23.6195867276)
continue (3.8577374527 -23.6775629258)
continue (3.8626103154 -23.7440467304)
continue (3.8674955038 -23.8221465526)
continue (3.8723766094 -23.9170667899)
continue (3.8772535543 -24.0386088314)
continue (3.8821262604 -24.2092616365)
continue (3.8876579591 -24.5080132967)
continue (3.8880467249 -23.7186813160)
continue (3.8899647214 -23.7566094873)
continue (3.8929227052 -23.7980461330)
continue (3.8958851910 -23.8437258396)
continue (3.8988521891 -23.8946616673)
continue (3.9018070032 -23.9522890670)
continue (3.9047662995 -24.0187210692)
continue (3.9077133308 -24.0972924954)
continue (3.9106815965 -24.1937567883)
continue (3.9136375668 -24.3195133412)
continue (3.9160594139 -24.5035578737)
continue (3.9164510198 -23.8860696790)
continue (3.9185011099 -23.9186947294)
continue (3.9204229271 -23.9539917227)
continue (3.9223297476 -23.9924094607)
continue (3.9242384239 -24.0345827661)
continue (3.9261489587 -24.0813662061)
continue (3.9280613547 -24.1339522556)
continue (3.9299756146 -24.1940899401)
continue (3.9318917412 -24.2644886862)
continue (3.9338097371 -24.3497433911)
continue (3.9363586419 -24.4586796814)
continue (3.9367522778 -23.9602097393)
continue (3.9370218983 -23.9844973349)
continue (3.9383150403 -24.0101659321)
continue (3.9396090321 -24.0374833059)
continue (3.9409038745 -24.0666878985)
continue (3.9421995683 -24.0980785223)
continue (3.9434961144 -24.1320307534)
continue (3.9447935136 -24.1690349614)
continue (3.9460917668 -24.2097359190)
continue (3.9473908747 -24.2550259759)
continue (3.9482973380 -24.3062112126)
continue (3.9486921677 -23.8943828201)
continue (3.9496321357 -23.9081832864)
continue (3.9505738819 -23.9224143817)
continue (3.9515160773 -23.9371294799)
continue (3.9524587222 -23.9523649174)
continue (3.9534018169 -23.9681610036)
continue (3.9543453619 -23.9845627121)
continue (3.9552893573 -24.0016238562)
continue (3.9562338035 -24.0193987187)
continue (3.9571787009 -24.0379576557)
continue (3.9585882954 -24.0574125872)
continue (3.9589841543 -23.7117762265)
continue (3.9967852000 -24.3660244638)
continue (3.9971848786 -24.3660244638)
continue (4.1935896254 -24.6753749105)
continue (4.3980068803 -24.8171765396)
continue (4.6140102562 -24.8593373470)
continue (4.8420139512 -24.8668902676)
continue (5.0795263412 -24.8646269137)
continue (5.3290469334 -24.8597361811)
continue (5.5905952491 -24.8533522559)
continue (5.8640091738 -24.8456958433)
continue (6.1530521648 -24.8373133015)
continue (6.4537324760 -24.8277061460)
continue (6.7752195212 -24.8171857377)
continue (7.1026268559 -24.8058930385)
continue (7.4571769690 -24.7933246750)
continue (7.8220345546 -24.7800140306)
continue (8.2022234528 -24.7659016294)
continue (8.6049766346 -24.7508193479)
continue (9.0313877662 -24.7350682513)
continue (9.4736149871 -24.7186779478)
continue (9.9396490577 -24.7016800792)
continue (10.4275892620 -24.6841131178)
continue (10.9395801393 -24.6660701391)
continue (11.4769146802 -24.6478900631)
continue (12.0410547781 -24.6293799196)
continue (12.6319243916 -24.6109817061)
continue (13.2528654102 -24.5926307603)
continue (13.9039826916 -24.5747791793)
continue (14.5849395904 -24.5572001733)
continue (15.3025529069 -24.5403645643)
continue (16.0547397041 -24.5243686441)
continue (16.8410095289 -24.5093319527)
continue (17.6704872136 -24.4953582695)
continue (18.5367580473 -24.4826763368)
continue (19.4465861205 -24.4712871894)
continue (20.4045460279 -24.4612673978)
continue (21.4063196055 -24.4526947696)
continue (22.4560627306 -24.4457949076)
continue (23.5591268254 -24.4405264295)
continue (24.7156773965 -24.4369192969)
continue (25.9324708482 -24.4349329183)
continue (27.2020007644 -24.4347870500)
continue (28.5395247606 -24.4363722157)
continue (29.9463366943 -24.4397418252)
continue (31.4121691006 -24.4448997929)
continue (32.9572161160 -24.4518330399)
continue (34.5700692567 -24.4604970182)
continue (36.2765535672 -24.4709529213)
continue (38.0487275828 -24.4829752138)
continue (39.9153318269 -24.4966353540)
continue (41.8780802209 -24.5118551758)
continue (43.9376579367 -24.5280564807)
continue (46.0934256756 -24.5460535273)
continue (48.3687380896 -24.5649080469)
continue (50.7386985305 -24.5844906422)
continue (53.2282141126 -24.6056241723)
continue (55.8374402946 -24.6274664376)
continue (58.6023810680 -24.6502259070)
continue (61.4475404995 -24.6729364615)
continue (64.4916507861 -24.6964767956)
continue (67.6515980406 -24.7201436929)
continue (70.9709521501 -24.7442894433)
continue (74.4499203927 -24.7684062695)
continue (78.0862918258 -24.7924056112)
continue (81.9484735258 -24.8162826746)
continue (85.9685873214 -24.8399383787)
continue (90.2244579809 -24.8637836374)
continue (94.6279362001 -24.8873306309)
continue (99.2773750525 -24.9104374602)
continue (104.1567065501 -24.9323614917)
continue (109.2777342136 -24.9541461273)
continue (114.6392031208 -24.9761599487)
continue (120.2675235063 -24.9977215357)
continue (126.1793167554 -25.0176799272)
continue (132.3746405589 -25.0363078653)
continue (138.8703178310 -25.0549906061)
continue (145.6861751570 -25.0736684694)
continue (152.8458613900 -25.0910718666)
continue (160.3496437810 -25.1066317103)
continue (168.2235602007 -25.1222992655)
continue (176.4995207451 -25.1371365794)
continue (185.1792370671 -25.1498746462)
continue (194.2585857189 -25.1612402897)
continue (203.8172725581 -25.1728906729)
continue (213.8120660740 -25.1840186710)
continue (224.3394942411 -25.1941888767)
continue (235.3478888448 -25.2039255846)
continue (246.8889259299 -25.2135488010)
continue (259.0298537826 -25.2220299023)
continue (271.6955949932 -25.2305787556)
continue (285.0381687855 -25.2407147952)
continue (299.0702414201 -25.2510156080)
continue (313.7971851264 -25.2607650466)
continue (329.2149658986 -25.2702521929)
continue (345.3077020111 -25.2799512328)
continue (362.3328133627 -25.2902643649)
continue (380.1698062608 -25.3011533905)
continue (398.8039499375 -25.3126135286)
continue (418.3962468353 -25.3245099477)
continue (438.9532878647 -25.3369302506)
continue (460.4684313326 -25.3503361076)
continue (483.1744568437 -25.3655787946)
continue (506.8225948872 -25.3818332882)
continue (531.6610417778 -25.3968330997)
continue (557.6909581439 -25.4078048533)
continue (585.2710504863 -25.4157233206)
continue (614.0613380102 -25.4239769124)
continue (644.0049650934 -25.4316417393)
continue (675.5129915546 -25.4387716222)
continue (709.1572183714 -25.4463848318)
continue (743.8914494753 -25.4545050736)
continue (780.1943712390 -25.4626072613)
continue (818.7484506803 -25.4699646836)
continue (858.8756132019 -25.4767487293)
continue (901.3521519359 -25.4831601600)
continue (945.2977444058 -25.4893497085)
continue (991.6933568475 -25.4954926935)
continue (1040.3779262555 -25.5017238179)
continue (1091.4684700050 -25.5078538903)
continue (1145.0955335602 -25.5139822603)
continue (1201.4067575573 -25.5206305490)
continue (1260.3969925411 -25.5279681791)
continue (1322.2098456285 -25.5359347604)
continue (1387.2233606442 -25.5448115051)
continue (1455.2331932405 -25.5550217700)
continue (1526.6661511261 -25.5665980418)
continue (1601.8052831907 -25.5795416001)
continue (1680.3743787704 -25.5935642527)
continue (1762.9464608381 -25.6082311406)
continue (1849.5372957321 -25.6240265658)
continue (1940.5175161993 -25.6413688613)
continue (2035.8959463968 -25.6594325791)
continue (2135.6152463257 -25.6782037308)
continue (2240.6368960098 -25.6982002443)
continue (2350.4437080402 -25.7197613307)
continue (2466.2165780979 -25.7419688590)
continue (2587.3566882657 -25.7640157593)
continue (2714.5279285290 -25.7862763069)
continue (2847.7094550225 -25.8096360905)
continue (2987.7607396957 -25.8337309245)
continue (3133.6555213452 -25.8579859605)
continue (3288.5854406611 -25.8818942382)
continue (3449.1560393913 -25.9057938990)
continue (3619.0112216330 -25.9303446369)
continue (3796.9459400300 -25.9555813219)
continue (3982.8104266049 -25.9815415483)
continue (4178.2073617936 -26.0077987939)
continue (4383.1987763694 -26.0340731393)
continue (4600.0354649530 -26.0606198492)
continue (4826.6261949533 -26.0879641829)
continue (5062.5945867066 -26.1157048124)
continue (5310.4139021398 -26.1435363286)
continue (5573.4986275669 -26.1718683258)
continue (5845.2022168518 -26.2003489646)
continue (6132.3487591332 -26.2286625603)
continue (6435.5015932711 -26.2578979259)
continue (6750.1261156088 -26.2882834143)
continue (7080.5518695197 -26.3184955002)
continue (7426.7891247530 -26.3484644799)
continue (7795.2696801299 -26.3788457415)
continue (8180.1348797773 -26.4093057972)
continue (8580.6687910282 -26.4405790907)
continue (8995.7258204066 -26.4733744376)
continue (9442.2031458625 -26.5063170546)
continue (9905.0763652956 -26.5383467244)
continue (10391.9149915291 -26.5700954489)
continue (10902.9316296625 -26.6023214914)
continue (11438.0196511509 -26.6359328868)
continue (11999.8291494231 -26.6693628227)
continue (12588.2998426190 -26.7020659221)
continue (13206.7684870607 -26.7348908876)
continue (13855.3599757821 -26.7680074105)
continue (14536.0827182516 -26.8008261343)
continue (15251.3309725053 -26.8338405619)
continue (15998.3677248453 -26.8665669847)
continue (16785.1726949197 -26.8997583533)
continue (17609.0246494143 -26.9334546563)
continue (18476.6225792212 -26.9675599960)
continue (19380.4131349892 -27.0035062934)
continue (20336.2424817494 -27.0396296872)
continue (21331.1569664605 -27.0758061263)
continue (22378.8562280744 -27.1122515224)
continue (23480.2119455602 -27.1492800845)
continue (24635.4967722950 -27.1874735501)
continue (25844.2151334995 -27.2266260204)
continue (27112.9730915558 -27.2662687916)
continue (28441.5426219473 -27.3060888960)
continue (29838.4749707659 -27.3463972959)
continue (31304.2605842388 -27.3880233757)
continue (32838.4513732321 -27.4316545776)
continue (34452.4395314628 -27.4764543326)
continue (36147.0458392380 -27.5214052336)
continue (37922.0568292630 -27.5664970823)
continue (39793.3198955105 -27.6121477908)
continue (41743.7941185154 -27.6595059798)
continue (43789.8618744445 -27.7084025695)
continue (45953.9599398483 -27.7594029969)
continue (48189.6893499308 -27.8123757690)
continue (50569.7572479018 -27.8672068106)
continue (53042.3181377876 -27.9235959565)
continue (55666.8922179103 -27.9809712710)
continue (58377.1316852781 -28.0400460618)
continue (61241.0635488703 -28.1015611316)
continue (64264.2472219458 -28.1645484209)
continue (67401.4072194668 -28.2291588089)
continue (70750.5454663968 -28.2957728539)
continue (74207.4125087289 -28.3641166460)
continue (77819.5581218780 -28.4348499482)
continue (81654.7513984938 -28.5079574236)
continue (85725.9666610716 -28.5833733303)
continue (89868.5429592890 -28.6615687802)
continue (94314.5338032696 -28.7422976821)
continue (98943.2166783052 -28.8268587617)
continue (103800.7774925608 -28.9145377010)
continue (108899.0231366146 -29.0054808070)
continue (114251.1315956859 -29.1017665590)
continue (119856.2443255545 -29.2009084320)
continue (125744.0355467353 -29.3019652523)
continue (131933.8389470379 -29.4080104483)
continue (138406.2918601444 -29.5167033261)
continue (145198.6975154861 -29.6291979991)
continue (152334.8421275812 -29.7469740272)
continue (159815.3324460174 -29.8688942970)
continue (167666.4260546809 -29.9848879347)
continue (175886.3203256497 -30.0531894810)
continue (184541.7224801926 -30.0859299332)
continue (193598.2633539815 -30.1186314794)
continue (203090.4893263185 -30.1513041963)
continue (213112.0265685666 -30.1840007064)
continue (223568.9464198211 -30.2167116635)
continue (234560.3669516579 -30.2494136638)
continue (246022.4151207319 -30.2820926190)
continue (258149.2990388642 -30.3148056177)
continue (270807.4370303688 -30.3474837921)
continue (284149.3687580888 -30.3801554313)
continue (298091.9285597615 -30.4128758375)
continue (312720.3245048699 -30.4455310331)
continue (328029.8868276425 -30.4782039496)
continue (344134.0731144981 -30.5108811564)
continue (361040.8183863672 -30.5436117570)
continue (378747.7246912680 -30.5762553124)
continue (397412.5711326607 -30.6089980177)
continue (416865.0620343966 -30.6417206941)
continue (437478.1687984592 -30.6744858996)
continue (458845.4308193308 -30.7071689038)
continue (481387.7578484896 -30.7397025090)
continue (505136.9321547621 -30.7725341782)
continue (529806.4102367389 -30.8050645787)
continue (555989.6434455100 -30.8378147890)
continue (583397.5836153590 -30.8705249073)
continue (611999.3456059039 -30.9032094354)
continue (3672982.7714921040 -31.9788073363)
continue (3709712.5992070250 -50.0000000000)
continue (7354000.0000000000 -50.0000000000)
f(nu) = -20.6216931538 at 1.0000000000 Ryd
