# Haardt & Madau (2011)
# z = 0.584893
# E [Ryd] log (J_nu)
interpolate (0.0000000100 -50.0000000000)
continue (0.0090035365 -50.0000000000)
continue (0.0090944813 -19.4975091504)
continue (0.0095460614 -19.4801455803)
continue (0.0100150239 -19.4611621927)
continue (0.0105069414 -19.4406713410)
continue (0.0110229470 -19.4187525867)
continue (0.0115643024 -19.3957658950)
continue (0.0121324328 -19.3719094378)
continue (0.0127271931 -19.3473581130)
continue (0.0133518978 -19.3221851199)
continue (0.0140087168 -19.2965820912)
continue (0.0146954850 -19.2706382607)
continue (0.0154190698 -19.2445075111)
continue (0.0161744236 -19.2180199966)
continue (0.0169695908 -19.1911386608)
continue (0.0178051392 -19.1639867500)
continue (0.0186773319 -19.1369313100)
continue (0.0195971403 -19.1102096929)
continue (0.0205564409 -19.0842053228)
continue (0.0215684503 -19.0600781738)
continue (0.0226289304 -19.0369875924)
continue (0.0237370937 -19.0140064372)
continue (0.0249048108 -18.9924293844)
continue (0.0261257748 -18.9727398489)
continue (0.0274065271 -18.9538399756)
continue (0.0287556651 -18.9351349294)
continue (0.0301644166 -18.9173518503)
continue (0.0316522065 -18.9022018119)
continue (0.0332094397 -18.8894397023)
continue (0.0348343664 -18.8771784977)
continue (0.0365530295 -18.8637441880)
continue (0.0383368543 -18.8527980279)
continue (0.0402325398 -18.8465492340)
continue (0.0422078289 -18.8437123375)
continue (0.0442792529 -18.8431843841)
continue (0.0464458219 -18.8448290657)
continue (0.0487308570 -18.8486218309)
continue (0.0511373191 -18.8552421699)
continue (0.0536354930 -18.8650563404)
continue (0.0562510510 -18.8762141715)
continue (0.0590198851 -18.8875250876)
continue (0.0619488121 -18.8982509047)
continue (0.0649513204 -18.9086922872)
continue (0.0681575935 -18.9199613565)
continue (0.0715280240 -18.9319023632)
continue (0.0750014013 -18.9453297376)
continue (0.0786931801 -18.9599782399)
continue (0.0825423030 -18.9754971921)
continue (0.0866223408 -18.9931192552)
continue (0.0908541401 -19.0126094583)
continue (0.0953507404 -19.0337228472)
continue (0.1000293113 -19.0564532743)
continue (0.1049484079 -19.0803210180)
continue (0.1100962940 -19.1053089015)
continue (0.1155110946 -19.1317479864)
continue (0.1211791257 -19.1598215737)
continue (0.1271298864 -19.1885591307)
continue (0.1333821759 -19.2174333841)
continue (0.1399365826 -19.2489934929)
continue (0.1467891472 -19.2820033995)
continue (0.1540082856 -19.3162591648)
continue (0.1615721677 -19.3518264239)
continue (0.1695065152 -19.3880690989)
continue (0.1778429012 -19.4242330857)
continue (0.1865821101 -19.4594932940)
continue (0.1957188629 -19.4960351711)
continue (0.2053328133 -19.5328081221)
continue (0.2154295569 -19.5666171915)
continue (0.2260086869 -19.5991642493)
continue (0.2371238682 -19.6257891343)
continue (0.2487761468 -19.6443205647)
continue (0.2609584839 -19.6602278808)
continue (0.2738182168 -19.6760039245)
continue (0.2872846865 -19.6919191435)
continue (0.3013449159 -19.7083160097)
continue (0.3161925835 -19.7261547732)
continue (0.3317317166 -19.7446552804)
continue (0.3479446451 -19.7653615616)
continue (0.3650909558 -19.7888957730)
continue (0.3830462487 -19.8159350683)
continue (0.4017932212 -19.8465397402)
continue (0.4214926113 -19.8796864749)
continue (0.4421479988 -19.9154157178)
continue (0.4639852473 -19.9537141038)
continue (0.4867879410 -19.9949413912)
continue (0.5105137398 -20.0387944306)
continue (0.5357242949 -20.0862214157)
continue (0.5621634951 -20.1373063946)
continue (0.5898168451 -20.1906785961)
continue (0.6186469963 -20.2502442251)
continue (0.6490505880 -20.3164537433)
continue (0.6810665363 -20.3907236198)
continue (0.7141591110 -20.4798073343)
continue (0.7493972250 -20.5640723663)
continue (0.7494721647 -20.6917755904)
continue (0.7862528262 -20.8001070228)
continue (0.8246760413 -20.9545142269)
continue (0.8288691440 -20.9821300925)
continue (0.8329223494 -21.0020046735)
continue (0.8369692640 -21.0220360832)
continue (0.8410246471 -21.0422181401)
continue (0.8450724969 -21.0625702617)
continue (0.8491278496 -21.0829373080)
continue (0.8531743819 -21.1025918097)
continue (0.8572274097 -21.1212801129)
continue (0.8612784258 -21.1405232494)
continue (0.8654007841 -21.1603392882)
continue (0.8695793897 -21.1941239614)
continue (0.8738320602 -21.2243590432)
continue (0.8780757618 -21.2512418261)
continue (0.8823267095 -21.2787034061)
continue (0.8865758872 -21.3068037036)
continue (0.8881744889 -21.3193555034)
continue (0.8882633063 -21.3138494486)
continue (0.8908313543 -21.3304501748)
continue (0.8950839085 -21.3589273972)
continue (0.8993328783 -21.3853830763)
continue (0.9035775804 -21.4123239544)
continue (0.9076364797 -21.4397963004)
continue (0.9122887891 -21.4903316521)
continue (0.9167473412 -21.5362040538)
continue (0.9212068475 -21.5773394204)
continue (0.9256657564 -21.6213523764)
continue (0.9301243670 -21.6688003271)
continue (0.9345830023 -21.7203883634)
continue (0.9370355019 -21.7509612812)
continue (0.9371292055 -21.7481060300)
continue (0.9390420102 -21.7683946397)
continue (0.9435007865 -21.8162536984)
continue (0.9479597018 -21.8683048080)
continue (0.9524111890 -21.9255074311)
continue (0.9531314168 -21.9362870182)
continue (0.9538447474 -21.9480667499)
continue (0.9545581467 -21.9594894212)
continue (0.9552716124 -21.9705553648)
continue (0.9559851426 -21.9812675890)
continue (0.9566987351 -21.9916303542)
continue (0.9574113820 -22.0016502965)
continue (0.9581250913 -22.0113309632)
continue (0.9588388566 -22.0206772463)
continue (0.9595314579 -22.0296980430)
continue (0.9596274111 -22.0279792967)
continue (0.9607717508 -22.0425474174)
continue (0.9619918963 -22.0562785689)
continue (0.9632120904 -22.0691347040)
continue (0.9644323218 -22.0811537466)
continue (0.9656525788 -22.0923738105)
continue (0.9668728501 -22.1028341426)
continue (0.9680931239 -22.1125751656)
continue (0.9693133886 -22.1216368837)
continue (0.9705336324 -22.1300584432)
continue (0.9717072143 -22.1378785791)
continue (0.9718043851 -22.1366364007)
continue (0.9724932560 -22.1410828300)
continue (0.9732327551 -22.1453396300)
continue (0.9739723387 -22.1494063408)
continue (0.9747120047 -22.1532907556)
continue (0.9754507067 -22.1570008820)
continue (0.9761905291 -22.1605443945)
continue (0.9769304274 -22.1639279369)
continue (0.9776693502 -22.1671591253)
continue (0.9784093917 -22.1702448019)
continue (0.9791200447 -22.1732032219)
continue (0.9792179567 -22.1722515556)
continue (0.9796263306 -22.1740775257)
continue (0.9801046776 -22.1758552702)
continue (0.9805824369 -22.1775814951)
continue (0.9810606622 -22.1792565102)
continue (0.9815393541 -22.1808833680)
continue (0.9820174552 -22.1824628964)
continue (0.9824949629 -22.1839965550)
continue (0.9829729353 -22.1854862105)
continue (0.9834513729 -22.1869327322)
continue (0.9838771600 -22.1883436638)
continue (0.9839755477 -22.1875598416)
continue (0.9842533484 -22.1885109528)
continue (0.9845776963 -22.1894219317)
continue (0.9849011935 -22.1903149374)
continue (0.9852259686 -22.1911906013)
continue (0.9855498921 -22.1920497986)
continue (0.9858740286 -22.1928924279)
continue (0.9861983784 -22.1937187647)
continue (0.9865229417 -22.1945293956)
continue (0.9868466500 -22.1953249138)
continue (0.9871812649 -22.1961166621)
continue (0.9872799830 -22.1954555377)
continue (0.9874069640 -22.1960332174)
continue (0.9876424000 -22.1965837021)
continue (0.9878790193 -22.1971266418)
continue (0.9881146805 -22.1976621755)
continue (0.9883504542 -22.1981907249)
continue (0.9885863405 -22.1987118837)
continue (0.9888223393 -22.1992256243)
continue (0.9890584509 -22.1997329918)
continue (0.9892936012 -22.2002332711)
continue (0.9895396087 -22.2007206329)
continue (0.9896385626 -22.2001908071)
continue (0.9991963000 -22.2158432778)
continue (1.0439535177 -22.2479931235)
continue (1.0951412398 -22.2825300766)
continue (1.1489938540 -22.3156116229)
continue (1.2053796635 -22.3475337761)
continue (1.2645948177 -22.3784908243)
continue (1.3266371024 -22.4086485219)
continue (1.3918848719 -22.4383122394)
continue (1.4601298279 -22.4678127499)
continue (1.5320561964 -22.4975107649)
continue (1.6071728847 -22.5275254408)
continue (1.6862824308 -22.5583307371)
continue (1.7691070192 -22.5898479975)
continue (1.8559409890 -22.6220840057)
continue (1.9471517641 -22.6543725115)
continue (2.0427415952 -22.6858709379)
continue (2.1431491665 -22.7184629323)
continue (2.2483765744 -22.7525510143)
continue (2.3583515155 -22.7882033354)
continue (2.4742520380 -22.8257158618)
continue (2.5962023522 -22.8647743237)
continue (2.7234519594 -22.9042695207)
continue (2.8575322220 -22.9453657924)
continue (2.9975889000 -22.9869705866)
continue (2.9978886589 -23.0584564203)
continue (3.1444686874 -23.1039932678)
continue (3.2993013237 -23.1509294677)
continue (3.3154826074 -23.1540026735)
continue (3.3316772167 -23.1583578921)
continue (3.3478832060 -23.1629599505)
continue (3.3640861692 -23.1677589791)
continue (3.3802962572 -23.1727266257)
continue (3.3964987387 -23.1778290752)
continue (3.4127039181 -23.1830401786)
continue (3.4289096388 -23.1883333255)
continue (3.4451137031 -23.1936904899)
continue (3.4609457866 -23.1990852628)
continue (3.4783175587 -23.2017377892)
continue (3.4953148337 -23.2061834150)
continue (3.5123165848 -23.2108965764)
continue (3.5293205071 -23.2158330871)
continue (3.5463242500 -23.2209594337)
continue (3.5540835632 -23.2233111402)
continue (3.5544389716 -23.2113535402)
continue (3.5633254174 -23.2142517731)
continue (3.5803215672 -23.2196181351)
continue (3.5973244128 -23.2250717212)
continue (3.6143174892 -23.2305955596)
continue (3.6319929279 -23.2361539771)
continue (3.6491551562 -23.2380921531)
continue (3.6669967430 -23.2425850328)
continue (3.6848199399 -23.2473777263)
continue (3.7026667870 -23.2524203039)
continue (3.7204898731 -23.2576731436)
continue (3.7383320094 -23.2630922788)
continue (3.7485274603 -23.2661314818)
continue (3.7489023131 -23.2594526601)
continue (3.7561602994 -23.2619345044)
continue (3.7740031459 -23.2675534577)
continue (3.7918427517 -23.2732484146)
continue (3.8096447559 -23.2790065248)
continue (3.8125296550 -23.2769701973)
continue (3.8153869771 -23.2775819673)
continue (3.8182325867 -23.2782041634)
continue (3.8210824441 -23.2788360868)
continue (3.8239365589 -23.2794781505)
continue (3.8267949406 -23.2801295667)
continue (3.8296415044 -23.2807903760)
continue (3.8324923062 -23.2814606200)
continue (3.8353473554 -23.2821391315)
continue (3.8385300152 -23.2828620763)
continue (3.8389138682 -23.2784720823)
continue (3.8430951071 -23.2796740584)
continue (3.8479635231 -23.2808862380)
continue (3.8528442893 -23.2821208231)
continue (3.8577374527 -23.2833763202)
continue (3.8626103154 -23.2846520606)
continue (3.8674955038 -23.2859464391)
continue (3.8723766094 -23.2872592330)
continue (3.8772535543 -23.2885889025)
continue (3.8821262604 -23.2899351210)
continue (3.8876579591 -23.2913060618)
continue (3.8880467249 -23.2882479864)
continue (3.8899647214 -23.2890677187)
continue (3.8929227052 -23.2899026734)
continue (3.8958851910 -23.2907422633)
continue (3.8988521891 -23.2915873660)
continue (3.9018070032 -23.2924367722)
continue (3.9047662995 -23.2932904143)
continue (3.9077133308 -23.2941487884)
continue (3.9106815965 -23.2950110588)
continue (3.9136375668 -23.2958771552)
continue (3.9160594139 -23.2967300553)
continue (3.9164510198 -23.2945012577)
continue (3.9185011099 -23.2950431777)
continue (3.9204229271 -23.2956078561)
continue (3.9223297476 -23.2961741325)
continue (3.9242384239 -23.2967415352)
continue (3.9261489587 -23.2973106357)
continue (3.9280613547 -23.2978808708)
continue (3.9299756146 -23.2984523347)
continue (3.9318917412 -23.2990254201)
continue (3.9338097371 -23.2995997432)
continue (3.9363586419 -23.3001877465)
continue (3.9367522778 -23.2984224445)
continue (3.9370218983 -23.2988189523)
continue (3.9383150403 -23.2992101563)
continue (3.9396090321 -23.2996008436)
continue (3.9409038745 -23.2999923633)
continue (3.9421995683 -23.3003851075)
continue (3.9434961144 -23.3007773353)
continue (3.9447935136 -23.3011707905)
continue (3.9460917668 -23.3015641201)
continue (3.9473908747 -23.3019582891)
continue (3.9482973380 -23.3023493201)
continue (3.9486921677 -23.3009721683)
continue (3.9496321357 -23.3012548048)
continue (3.9505738819 -23.3015422799)
continue (3.9515160773 -23.3018298541)
continue (3.9524587222 -23.3021172272)
continue (3.9534018169 -23.3024052740)
continue (3.9543453619 -23.3026930283)
continue (3.9552893573 -23.3029818499)
continue (3.9562338035 -23.3032699866)
continue (3.9571787009 -23.3035587994)
continue (3.9585882954 -23.3038487862)
continue (3.9589841543 -23.3027387303)
continue (3.9967852000 -23.3146390729)
continue (3.9971848786 -23.3146390729)
continue (4.1935896254 -23.3837871074)
continue (4.3980068803 -23.4125330506)
continue (4.6140102562 -23.4323007374)
continue (4.8420139512 -23.4509406399)
continue (5.0795263412 -23.4699589832)
continue (5.3290469334 -23.4894445874)
continue (5.5905952491 -23.5092037796)
continue (5.8640091738 -23.5291671849)
continue (6.1530521648 -23.5490111461)
continue (6.4537324760 -23.5686558569)
continue (6.7752195212 -23.5878604665)
continue (7.1026268559 -23.6066205332)
continue (7.4571769690 -23.6249186885)
continue (7.8220345546 -23.6428494735)
continue (8.2022234528 -23.6603318157)
continue (8.6049766346 -23.6775094848)
continue (9.0313877662 -23.6947218086)
continue (9.4736149871 -23.7120697031)
continue (9.9396490577 -23.7293072791)
continue (10.4275892620 -23.7470140074)
continue (10.9395801393 -23.7650778179)
continue (11.4769146802 -23.7837776485)
continue (12.0410547781 -23.8030420954)
continue (12.6319243916 -23.8229109895)
continue (13.2528654102 -23.8437326583)
continue (13.9039826916 -23.8651050413)
continue (14.5849395904 -23.8874353818)
continue (15.3025529069 -23.9102669851)
continue (16.0547397041 -23.9341567389)
continue (16.8410095289 -23.9586093962)
continue (17.6704872136 -23.9837739529)
continue (18.5367580473 -24.0096145334)
continue (19.4465861205 -24.0360838657)
continue (20.4045460279 -24.0631556442)
continue (21.4063196055 -24.0907544334)
continue (22.4560627306 -24.1188362254)
continue (23.5591268254 -24.1474360972)
continue (24.7156773965 -24.1764067534)
continue (25.9324708482 -24.2057806646)
continue (27.2020007644 -24.2354664606)
continue (28.5395247606 -24.2655063370)
continue (29.9463366943 -24.2958604768)
continue (31.4121691006 -24.3263963921)
continue (32.9572161160 -24.3571872355)
continue (34.5700692567 -24.3882155256)
continue (36.2765535672 -24.4187799176)
continue (38.0487275828 -24.4496727618)
continue (39.9153318269 -24.4793124879)
continue (41.8780802209 -24.5041930848)
continue (43.9376579367 -24.5259100011)
continue (46.0934256756 -24.5459589775)
continue (48.3687380896 -24.5647605581)
continue (50.7386985305 -24.5819933216)
continue (53.2282141126 -24.5974735537)
continue (55.8374402946 -24.6110627421)
continue (58.6023810680 -24.6241753673)
continue (61.4475404995 -24.6370764432)
continue (64.4916507861 -24.6493738567)
continue (67.6515980406 -24.6612880126)
continue (70.9709521501 -24.6731581992)
continue (74.4499203927 -24.6849101478)
continue (78.0862918258 -24.6964641997)
continue (81.9484735258 -24.7076355502)
continue (85.9685873214 -24.7188742697)
continue (90.2244579809 -24.7298450958)
continue (94.6279362001 -24.7406876930)
continue (99.2773750525 -24.7517035296)
continue (104.1567065501 -24.7627165614)
continue (109.2777342136 -24.7737578078)
continue (114.6392031208 -24.7847094362)
continue (120.2675235063 -24.7959444213)
continue (126.1793167554 -24.8070384310)
continue (132.3746405589 -24.8183016600)
continue (138.8703178310 -24.8291087133)
continue (145.6861751570 -24.8398907357)
continue (152.8458613900 -24.8509472789)
continue (160.3496437810 -24.8617941382)
continue (168.2235602007 -24.8727810772)
continue (176.4995207451 -24.8835792928)
continue (185.1792370671 -24.8939196402)
continue (194.2585857189 -24.9041633777)
continue (203.8172725581 -24.9142975223)
continue (213.8120660740 -24.9243084205)
continue (224.3394942411 -24.9338082824)
continue (235.3478888448 -24.9433007783)
continue (246.8889259299 -24.9528399951)
continue (259.0298537826 -24.9619652459)
continue (271.6955949932 -24.9716935073)
continue (285.0381687855 -24.9820086063)
continue (299.0702414201 -24.9922742672)
continue (313.7971851264 -25.0026585785)
continue (329.2149658986 -25.0132402398)
continue (345.3077020111 -25.0239149068)
continue (362.3328133627 -25.0349328259)
continue (380.1698062608 -25.0461686995)
continue (398.8039499375 -25.0575826691)
continue (418.3962468353 -25.0690420690)
continue (438.9532878647 -25.0804536312)
continue (460.4684313326 -25.0919045130)
continue (483.1744568437 -25.1034766674)
continue (506.8225948872 -25.1146531961)
continue (531.6610417778 -25.1245986508)
continue (557.6909581439 -25.1326206705)
continue (585.2710504863 -25.1395744396)
continue (614.0613380102 -25.1465195226)
continue (644.0049650934 -25.1531704432)
continue (675.5129915546 -25.1596373244)
continue (709.1572183714 -25.1662387753)
continue (743.8914494753 -25.1729694716)
continue (780.1943712390 -25.1795709018)
continue (818.7484506803 -25.1860354753)
continue (858.8756132019 -25.1924517869)
continue (901.3521519359 -25.1990330723)
continue (945.2977444058 -25.2058848113)
continue (991.6933568475 -25.2131003610)
continue (1040.3779262555 -25.2207574032)
continue (1091.4684700050 -25.2289624944)
continue (1145.0955335602 -25.2377764079)
continue (1201.4067575573 -25.2474642006)
continue (1260.3969925411 -25.2580146998)
continue (1322.2098456285 -25.2695552664)
continue (1387.2233606442 -25.2821723067)
continue (1455.2331932405 -25.2959892686)
continue (1526.6661511261 -25.3108960273)
continue (1601.8052831907 -25.3267938985)
continue (1680.3743787704 -25.3436939442)
continue (1762.9464608381 -25.3614782615)
continue (1849.5372957321 -25.3802907573)
continue (1940.5175161993 -25.4000644773)
continue (2035.8959463968 -25.4204380749)
continue (2135.6152463257 -25.4415230615)
continue (2240.6368960098 -25.4634313175)
continue (2350.4437080402 -25.4861040120)
continue (2466.2165780979 -25.5093228070)
continue (2587.3566882657 -25.5327289156)
continue (2714.5279285290 -25.5565946616)
continue (2847.7094550225 -25.5810191669)
continue (2987.7607396957 -25.6059203057)
continue (3133.6555213452 -25.6310329050)
continue (3288.5854406611 -25.6561923484)
continue (3449.1560393913 -25.6816439995)
continue (3619.0112216330 -25.7076648670)
continue (3796.9459400300 -25.7341641084)
continue (3982.8104266049 -25.7610928883)
continue (4178.2073617936 -25.7883502742)
continue (4383.1987763694 -25.8157231369)
continue (4600.0354649530 -25.8436781773)
continue (4826.6261949533 -25.8719350079)
continue (5062.5945867066 -25.9007725445)
continue (5310.4139021398 -25.9298079494)
continue (5573.4986275669 -25.9591107163)
continue (5845.2022168518 -25.9888357241)
continue (6132.3487591332 -26.0186452689)
continue (6435.5015932711 -26.0489172990)
continue (6750.1261156088 -26.0798726649)
continue (7080.5518695197 -26.1108484580)
continue (7426.7891247530 -26.1420703883)
continue (7795.2696801299 -26.1735845914)
continue (8180.1348797773 -26.2053466981)
continue (8580.6687910282 -26.2376034253)
continue (8995.7258204066 -26.2704528199)
continue (9442.2031458625 -26.3032473742)
continue (9905.0763652956 -26.3357636564)
continue (10391.9149915291 -26.3683367596)
continue (10902.9316296625 -26.4012453974)
continue (11438.0196511509 -26.4347517733)
continue (11999.8291494231 -26.4680930112)
continue (12588.2998426190 -26.5013407416)
continue (13206.7684870607 -26.5347841570)
continue (13855.3599757821 -26.5684122848)
continue (14536.0827182516 -26.6023202723)
continue (15251.3309725053 -26.6365376298)
continue (15998.3677248453 -26.6709948634)
continue (16785.1726949197 -26.7059536998)
continue (17609.0246494143 -26.7415691727)
continue (18476.6225792212 -26.7778648552)
continue (19380.4131349892 -26.8150307043)
continue (20336.2424817494 -26.8523915431)
continue (21331.1569664605 -26.8903652507)
continue (22378.8562280744 -26.9291734176)
continue (23480.2119455602 -26.9683129102)
continue (24635.4967722950 -27.0086804206)
continue (25844.2151334995 -27.0497186510)
continue (27112.9730915558 -27.0915153855)
continue (28441.5426219473 -27.1340201151)
continue (29838.4749707659 -27.1774035284)
continue (31304.2605842388 -27.2219758739)
continue (32838.4513732321 -27.2679389746)
continue (34452.4395314628 -27.3148864333)
continue (36147.0458392380 -27.3627626360)
continue (37922.0568292630 -27.4113882719)
continue (39793.3198955105 -27.4612541340)
continue (41743.7941185154 -27.5127944340)
continue (43789.8618744445 -27.5659235588)
continue (45953.9599398483 -27.6208532737)
continue (48189.6893499308 -27.6776440473)
continue (50569.7572479018 -27.7360346196)
continue (53042.3181377876 -27.7960297722)
continue (55666.8922179103 -27.8573934250)
continue (58377.1316852781 -27.9207267930)
continue (61241.0635488703 -27.9861412741)
continue (64264.2472219458 -28.0532205230)
continue (67401.4072194668 -28.1223031969)
continue (70750.5454663968 -28.1933911154)
continue (74207.4125087289 -28.2664859919)
continue (77819.5581218780 -28.3419427069)
continue (81654.7513984938 -28.4197363496)
continue (85725.9666610716 -28.4998892655)
continue (89868.5429592890 -28.5827943809)
continue (94314.5338032696 -28.6683452448)
continue (98943.2166783052 -28.7571849220)
continue (103800.7774925608 -28.8485710123)
continue (108899.0231366146 -28.9426902633)
continue (114251.1315956859 -29.0407197393)
continue (119856.2443255545 -29.1402675799)
continue (125744.0355467353 -29.2412179121)
continue (131933.8389470379 -29.3445777511)
continue (138406.2918601444 -29.4484577748)
continue (145198.6975154861 -29.5530292114)
continue (152334.8421275812 -29.6582160423)
continue (159815.3324460174 -29.7622084310)
continue (167666.4260546809 -29.8637158183)
continue (175886.3203256497 -29.9604232565)
continue (184541.7224801926 -30.0514129558)
continue (193598.2633539815 -30.1356811878)
continue (203090.4893263185 -30.2110081833)
continue (213112.0265685666 -30.2778115896)
continue (223568.9464198211 -30.3347337827)
continue (234560.3669516579 -30.3819883107)
continue (246022.4151207319 -30.4227219116)
continue (258149.2990388642 -30.4582816644)
continue (270807.4370303688 -30.4910329258)
continue (284149.3687580888 -30.5237303864)
continue (298091.9285597615 -30.5563971024)
continue (312720.3245048699 -30.5891375289)
continue (328029.8868276425 -30.6217825464)
continue (344134.0731144981 -30.6544948069)
continue (361040.8183863672 -30.6871774672)
continue (378747.7246912680 -30.7198702523)
continue (397412.5711326607 -30.7524775174)
continue (416865.0620343966 -30.7853033209)
continue (437478.1687984592 -30.8179063219)
continue (458845.4308193308 -30.8506773414)
continue (481387.7578484896 -30.8833743648)
continue (505136.9321547621 -30.9160524153)
continue (529806.4102367389 -30.9486273247)
continue (555989.6434455100 -30.9814806656)
continue (583397.5836153590 -31.0141219083)
continue (611999.3456059039 -31.0468087854)
continue (3672982.7714921040 -32.1224285949)
continue (3709712.5992070250 -50.0000000000)
continue (7354000.0000000000 -50.0000000000)
f(nu) = -21.1172233229 at 1.0000000000 Ryd
