# Haardt & Madau (2011)
# z = 5.309573
# E [Ryd] log (J_nu)
interpolate (0.0000000100 -50.0000000000)
continue (0.0090035365 -50.0000000000)
continue (0.0090944813 -20.2785776295)
continue (0.0095460614 -20.2713905276)
continue (0.0100150239 -20.2619499253)
continue (0.0105069414 -20.2500461712)
continue (0.0110229470 -20.2358857453)
continue (0.0115643024 -20.2196500626)
continue (0.0121324328 -20.2017598040)
continue (0.0127271931 -20.1822713739)
continue (0.0133518978 -20.1613841446)
continue (0.0140087168 -20.1395428409)
continue (0.0146954850 -20.1168216767)
continue (0.0154190698 -20.0929689250)
continue (0.0161744236 -20.0675786097)
continue (0.0169695908 -20.0400333296)
continue (0.0178051392 -20.0094312693)
continue (0.0186773319 -19.9766821031)
continue (0.0195971403 -19.9407537628)
continue (0.0205564409 -19.9038886850)
continue (0.0215684503 -19.8710565417)
continue (0.0226289304 -19.8411376834)
continue (0.0237370937 -19.8094534087)
continue (0.0249048108 -19.7787327780)
continue (0.0261257748 -19.7501763240)
continue (0.0274065271 -19.7220018495)
continue (0.0287556651 -19.6924890234)
continue (0.0301644166 -19.6628455101)
continue (0.0316522065 -19.6349940513)
continue (0.0332094397 -19.6102568456)
continue (0.0348343664 -19.5838189645)
continue (0.0365530295 -19.5520075534)
continue (0.0383368543 -19.5191749863)
continue (0.0402325398 -19.4917747558)
continue (0.0422078289 -19.4685932726)
continue (0.0442792529 -19.4473852142)
continue (0.0464458219 -19.4283425728)
continue (0.0487308570 -19.4107834485)
continue (0.0511373191 -19.3964762588)
continue (0.0536354930 -19.3877425906)
continue (0.0562510510 -19.3821423561)
continue (0.0590198851 -19.3771895047)
continue (0.0619488121 -19.3705873660)
continue (0.0649513204 -19.3621202764)
continue (0.0681575935 -19.3528231879)
continue (0.0715280240 -19.3428576427)
continue (0.0750014013 -19.3329805013)
continue (0.0786931801 -19.3238737120)
continue (0.0825423030 -19.3156838088)
continue (0.0866223408 -19.3091606969)
continue (0.0908541401 -19.3039399617)
continue (0.0953507404 -19.2964695206)
continue (0.1000293113 -19.2920809650)
continue (0.1049484079 -19.2903706608)
continue (0.1100962940 -19.2862962218)
continue (0.1155110946 -19.2829272490)
continue (0.1211791257 -19.2800451303)
continue (0.1271298864 -19.2777592371)
continue (0.1333821759 -19.2755579463)
continue (0.1399365826 -19.2740769168)
continue (0.1467891472 -19.2725197648)
continue (0.1540082856 -19.2713941918)
continue (0.1615721677 -19.2706774539)
continue (0.1695065152 -19.2707473420)
continue (0.1778429012 -19.2722449970)
continue (0.1865821101 -19.2720724514)
continue (0.1957188629 -19.2754784909)
continue (0.2053328133 -19.2890194105)
continue (0.2154295569 -19.3103308259)
continue (0.2260086869 -19.3432306383)
continue (0.2371238682 -19.3795761174)
continue (0.2487761468 -19.3908289385)
continue (0.2609584839 -19.3825396542)
continue (0.2738182168 -19.3742287214)
continue (0.2872846865 -19.3647435840)
continue (0.3013449159 -19.3557155014)
continue (0.3161925835 -19.3480525731)
continue (0.3317317166 -19.3398158526)
continue (0.3479446451 -19.3319868843)
continue (0.3650909558 -19.3238515882)
continue (0.3830462487 -19.3147744255)
continue (0.4017932212 -19.3075817668)
continue (0.4214926113 -19.3027691380)
continue (0.4421479988 -19.2964588505)
continue (0.4639852473 -19.2900696138)
continue (0.4867879410 -19.2869222282)
continue (0.5105137398 -19.2859150146)
continue (0.5357242949 -19.2869850687)
continue (0.5621634951 -19.2887692561)
continue (0.5898168451 -19.2887224367)
continue (0.6186469963 -19.2921412978)
continue (0.6490505880 -19.2997281170)
continue (0.6810665363 -19.3110567811)
continue (0.7141591110 -19.3331768518)
continue (0.7493972250 -19.3307979154)
continue (0.7494721647 -19.5955320082)
continue (0.7862528262 -19.6550011467)
continue (0.8246760413 -19.8012426685)
continue (0.8288691440 -19.8226142770)
continue (0.8329223494 -19.8439348812)
continue (0.8369692640 -19.8657326980)
continue (0.8410246471 -19.8879760688)
continue (0.8450724969 -19.9106254796)
continue (0.8491278496 -19.9354080150)
continue (0.8531743819 -19.9627513527)
continue (0.8572274097 -19.9916312222)
continue (0.8612784258 -20.0225193691)
continue (0.8654007841 -20.0556652673)
continue (0.8695793897 -20.0995879799)
continue (0.8738320602 -20.1461726864)
continue (0.8780757618 -20.1958638474)
continue (0.8823267095 -20.2506997207)
continue (0.8865758872 -20.3119514757)
continue (0.8881744889 -20.3413152280)
continue (0.8882633063 -19.9873908805)
continue (0.8908313543 -20.0049462828)
continue (0.8950839085 -20.0363223035)
continue (0.8993328783 -20.0680480302)
continue (0.9035775804 -20.1017541961)
continue (0.9076364797 -20.1377350281)
continue (0.9122887891 -20.1985148140)
continue (0.9167473412 -20.2599511312)
continue (0.9212068475 -20.3225594952)
continue (0.9256657564 -20.3944949983)
continue (0.9301243670 -20.4793944649)
continue (0.9345830023 -20.5832604244)
continue (0.9370355019 -20.6526029819)
continue (0.9371292055 -20.4722208639)
continue (0.9390420102 -20.5044815952)
continue (0.9435007865 -20.5856741215)
continue (0.9479597018 -20.6837356223)
continue (0.9524111890 -20.8081755959)
continue (0.9531314168 -20.8372600201)
continue (0.9538447474 -20.8675512760)
continue (0.9545581467 -20.8981362970)
continue (0.9552716124 -20.9290345481)
continue (0.9559851426 -20.9602772118)
continue (0.9566987351 -20.9918924033)
continue (0.9574113820 -21.0239131622)
continue (0.9581250913 -21.0563766540)
continue (0.9588388566 -21.0893245609)
continue (0.9595314579 -21.1228082167)
continue (0.9596274111 -21.0150322763)
continue (0.9607717508 -21.0607104877)
continue (0.9619918963 -21.1064926113)
continue (0.9632120904 -21.1524046679)
continue (0.9644323218 -21.1984622441)
continue (0.9656525788 -21.2446835261)
continue (0.9668728501 -21.2910873976)
continue (0.9680931239 -21.3376944450)
continue (0.9693133886 -21.3845272473)
continue (0.9705336324 -21.4316105099)
continue (0.9717072143 -21.4790104188)
continue (0.9718043851 -21.4077211456)
continue (0.9724932560 -21.4323699215)
continue (0.9732327551 -21.4568333487)
continue (0.9739723387 -21.4811541343)
continue (0.9747120047 -21.5053227774)
continue (0.9754507067 -21.5293336300)
continue (0.9761905291 -21.5531756642)
continue (0.9769304274 -21.5768411869)
continue (0.9776693502 -21.6003198027)
continue (0.9784093917 -21.6236030948)
continue (0.9791200447 -21.6467573561)
continue (0.9792179567 -21.5963676375)
continue (0.9796263306 -21.6096440045)
continue (0.9801046776 -21.6227832687)
continue (0.9805824369 -21.6357934584)
continue (0.9810606622 -21.6486703843)
continue (0.9815393541 -21.6614105772)
continue (0.9820174552 -21.6740132357)
continue (0.9824949629 -21.6864734221)
continue (0.9829729353 -21.6987893418)
continue (0.9834513729 -21.7109592479)
continue (0.9838771600 -21.7230223760)
continue (0.9839755477 -21.6855944829)
continue (0.9842533484 -21.6930240212)
continue (0.9845776963 -21.7003984823)
continue (0.9849011935 -21.7077000779)
continue (0.9852259686 -21.7149261180)
continue (0.9855498921 -21.7220743126)
continue (0.9858740286 -21.7291480502)
continue (0.9861983784 -21.7361426714)
continue (0.9865229417 -21.7430610136)
continue (0.9868466500 -21.7498999889)
continue (0.9871812649 -21.7566465835)
continue (0.9872799830 -21.7276439719)
continue (0.9874069640 -21.7323029029)
continue (0.9876424000 -21.7368504863)
continue (0.9878790193 -21.7413576911)
continue (0.9881146805 -21.7458217400)
continue (0.9883504542 -21.7502432465)
continue (0.9885863405 -21.7546239258)
continue (0.9888223393 -21.7589620732)
continue (0.9890584509 -21.7632574222)
continue (0.9892936012 -21.7675118646)
continue (0.9895396087 -21.7717633813)
continue (0.9896385626 -21.7486950634)
continue (0.9991963000 -21.8790244342)
continue (1.0439535177 -21.9046824301)
continue (1.0951412398 -21.9488104055)
continue (1.1489938540 -21.9688321459)
continue (1.2053796635 -21.9919774523)
continue (1.2645948177 -22.0142217418)
continue (1.3266371024 -22.0411232858)
continue (1.3918848719 -22.0508638341)
continue (1.4601298279 -22.0629814633)
continue (1.5320561964 -22.0811935206)
continue (1.6071728847 -22.1070876666)
continue (1.6862824308 -22.1693711863)
continue (1.7691070192 -22.2267613947)
continue (1.8559409890 -22.3132884445)
continue (1.9471517641 -22.3152050040)
continue (2.0427415952 -22.3219380414)
continue (2.1431491665 -22.3348925739)
continue (2.2483765744 -22.3530431695)
continue (2.3583515155 -22.3786975387)
continue (2.4742520380 -22.3982164790)
continue (2.5962023522 -22.4350340107)
continue (2.7234519594 -22.4657067452)
continue (2.8575322220 -22.5141496862)
continue (2.9975889000 -22.4219213734)
continue (2.9978886589 -22.6077599348)
continue (3.1444686874 -22.5745028091)
continue (3.2993013237 -22.6589499440)
continue (3.3154826074 -22.6881399849)
continue (3.3316772167 -22.7063679488)
continue (3.3478832060 -22.7264985741)
continue (3.3640861692 -22.7488989042)
continue (3.3802962572 -22.7740221899)
continue (3.3964987387 -22.8017195565)
continue (3.4127039181 -22.8333721013)
continue (3.4289096388 -22.8708340702)
continue (3.4451137031 -22.9157280834)
continue (3.4609457866 -22.9705490990)
continue (3.4783175587 -23.0498051498)
continue (3.4953148337 -23.1479027068)
continue (3.5123165848 -23.2841521539)
continue (3.5293205071 -23.4999555849)
continue (3.5463242500 -24.0000210450)
continue (3.5540835632 -37.4067069210)
continue (3.5544389716 -22.8707283265)
continue (3.5633254174 -22.8882659995)
continue (3.5803215672 -22.9201969331)
continue (3.5973244128 -22.9564599691)
continue (3.6143174892 -22.9980452975)
continue (3.6319929279 -23.0464773311)
continue (3.6491551562 -23.1110267461)
continue (3.6669967430 -23.1854818855)
continue (3.6848199399 -23.2812009256)
continue (3.7026667870 -23.4125788390)
continue (3.7204898731 -23.6161470067)
continue (3.7383320094 -24.0523149630)
continue (3.7485274603 -35.0164265782)
continue (3.7489023131 -23.2627229131)
continue (3.7561602994 -23.2986477590)
continue (3.7740031459 -23.3950630622)
continue (3.7918427517 -23.5260747516)
continue (3.8096447559 -23.7263121426)
continue (3.8125296550 -23.7765497696)
continue (3.8153869771 -23.8320059249)
continue (3.8182325867 -23.8941639246)
continue (3.8210824441 -23.9651371938)
continue (3.8239365589 -24.0482033366)
continue (3.8267949406 -24.1488598964)
continue (3.8296415044 -24.2774061988)
continue (3.8324923062 -24.4569656405)
continue (3.8353473554 -24.7613231626)
continue (3.8385300152 -33.1624524714)
continue (3.8389138682 -23.6798298021)
continue (3.8430951071 -23.7344768418)
continue (3.8479635231 -23.7940784768)
continue (3.8528442893 -23.8601026089)
continue (3.8577374527 -23.9346599008)
continue (3.8626103154 -24.0210275369)
continue (3.8674955038 -24.1246969999)
continue (3.8723766094 -24.2559665871)
continue (3.8772535543 -24.4379601531)
continue (3.8821262604 -24.7444631738)
continue (3.8876579591 -31.7806699576)
continue (3.8880467249 -24.0622458466)
continue (3.8899647214 -24.1123080822)
continue (3.8929227052 -24.1675836847)
continue (3.8958851910 -24.2295375709)
continue (3.8988521891 -24.3002842626)
continue (3.9018070032 -24.3831033821)
continue (3.9047662995 -24.4834892085)
continue (3.9077133308 -24.6117409299)
continue (3.9106815965 -24.7909817545)
continue (3.9136375668 -25.0949967617)
continue (3.9160594139 -30.7096526396)
continue (3.9164510198 -24.3509126465)
continue (3.9185011099 -24.3990367680)
continue (3.9204229271 -24.4524755020)
continue (3.9223297476 -24.5126845594)
continue (3.9242384239 -24.5817787478)
continue (3.9261489587 -24.6630366042)
continue (3.9280613547 -24.7619537754)
continue (3.9299756146 -24.8888265540)
continue (3.9318917412 -25.0667743060)
continue (3.9338097371 -25.3695564128)
continue (3.9363586419 -29.8935708946)
continue (3.9367522778 -24.5840051820)
continue (3.9370218983 -24.6312235737)
continue (3.9383150403 -24.6837610691)
continue (3.9396090321 -24.7431052427)
continue (3.9409038745 -24.8113666165)
continue (3.9421995683 -24.8918282202)
continue (3.9434961144 -24.9899752883)
continue (3.9447935136 -25.1161008203)
continue (3.9460917668 -25.2933021600)
continue (3.9473908747 -25.5952280835)
continue (3.9482973380 -29.2545407247)
continue (3.9486921677 -24.7665594004)
continue (3.9496321357 -24.8132317245)
continue (3.9505738819 -24.8652114029)
continue (3.9515160773 -24.9239779646)
continue (3.9524587222 -24.9916316876)
continue (3.9534018169 -25.0714218672)
continue (3.9543453619 -25.1687801508)
continue (3.9552893573 -25.2938645212)
continue (3.9562338035 -25.4693747552)
continue (3.9571787009 -25.7670049655)
continue (3.9585882954 -28.1063866816)
continue (3.9589841543 -24.2790135157)
continue (3.9967852000 -25.9323561436)
continue (3.9971848786 -25.9323561436)
continue (4.1935896254 -26.2607802360)
continue (4.3980068803 -26.4064113469)
continue (4.6140102562 -26.4438106377)
continue (4.8420139512 -26.4452061749)
continue (5.0795263412 -26.4369352541)
continue (5.3290469334 -26.4258078978)
continue (5.5905952491 -26.4132018919)
continue (5.8640091738 -26.3993365893)
continue (6.1530521648 -26.3844166156)
continue (6.4537324760 -26.3685212636)
continue (6.7752195212 -26.3515536976)
continue (7.1026268559 -26.3336568774)
continue (7.4571769690 -26.3148600405)
continue (7.8220345546 -26.2951486867)
continue (8.2022234528 -26.2746117888)
continue (8.6049766346 -26.2533145665)
continue (9.0313877662 -26.2313195368)
continue (9.4736149871 -26.2086492767)
continue (9.9396490577 -26.1853785400)
continue (10.4275892620 -26.1614675180)
continue (10.9395801393 -26.1370862035)
continue (11.4769146802 -26.1121516234)
continue (12.0410547781 -26.0869282341)
continue (12.6319243916 -26.0613387873)
continue (13.2528654102 -26.0352673220)
continue (13.9039826916 -26.0088477882)
continue (14.5849395904 -25.9823377319)
continue (15.3025529069 -25.9554703598)
continue (16.0547397041 -25.9285233993)
continue (16.8410095289 -25.9014164614)
continue (17.6704872136 -25.8742505362)
continue (18.5367580473 -25.8470902741)
continue (19.4465861205 -25.8199920470)
continue (20.4045460279 -25.7930233262)
continue (21.4063196055 -25.7662225957)
continue (22.4560627306 -25.7397039624)
continue (23.5591268254 -25.7137895947)
continue (24.7156773965 -25.6883208007)
continue (25.9324708482 -25.6634201440)
continue (27.2020007644 -25.6396209045)
continue (28.5395247606 -25.6169285048)
continue (29.9463366943 -25.5954331691)
continue (31.4121691006 -25.5754085839)
continue (32.9572161160 -25.5571177314)
continue (34.5700692567 -25.5403925840)
continue (36.2765535672 -25.5256871085)
continue (38.0487275828 -25.5129182448)
continue (39.9153318269 -25.5021441577)
continue (41.8780802209 -25.4932324860)
continue (43.9376579367 -25.4862216494)
continue (46.0934256756 -25.4808092066)
continue (48.3687380896 -25.4771038891)
continue (50.7386985305 -25.4746966600)
continue (53.2282141126 -25.4727575255)
continue (55.8374402946 -25.4697609260)
continue (58.6023810680 -25.4648584873)
continue (61.4475404995 -25.4600064858)
continue (64.4916507861 -25.4544253120)
continue (67.6515980406 -25.4491001915)
continue (70.9709521501 -25.4439875571)
continue (74.4499203927 -25.4352941616)
continue (78.0862918258 -25.4243807420)
continue (81.9484735258 -25.4132531776)
continue (85.9685873214 -25.4025387514)
continue (90.2244579809 -25.3941820548)
continue (94.6279362001 -25.3864063779)
continue (99.2773750525 -25.3788740803)
continue (104.1567065501 -25.3728096665)
continue (109.2777342136 -25.3678429986)
continue (114.6392031208 -25.3634945213)
continue (120.2675235063 -25.3605749623)
continue (126.1793167554 -25.3592177156)
continue (132.3746405589 -25.3588059239)
continue (138.8703178310 -25.3586178751)
continue (145.6861751570 -25.3588174028)
continue (152.8458613900 -25.3605289499)
continue (160.3496437810 -25.3637954198)
continue (168.2235602007 -25.3683093646)
continue (176.4995207451 -25.3736863913)
continue (185.1792370671 -25.3790185785)
continue (194.2585857189 -25.3842559023)
continue (203.8172725581 -25.3903427937)
continue (213.8120660740 -25.3971085695)
continue (224.3394942411 -25.4033090681)
continue (235.3478888448 -25.4093150774)
continue (246.8889259299 -25.4155063545)
continue (259.0298537826 -25.4209710342)
continue (271.6955949932 -25.4266223855)
continue (285.0381687855 -25.4343542811)
continue (299.0702414201 -25.4424528008)
continue (313.7971851264 -25.4502685510)
continue (329.2149658986 -25.4580327436)
continue (345.3077020111 -25.4663756278)
continue (362.3328133627 -25.4754014787)
continue (380.1698062608 -25.4852830834)
continue (398.8039499375 -25.4957263557)
continue (418.3962468353 -25.5069855005)
continue (438.9532878647 -25.5186878985)
continue (460.4684313326 -25.5315170951)
continue (483.1744568437 -25.5463498142)
continue (506.8225948872 -25.5621827434)
continue (531.6610417778 -25.5770418244)
continue (557.6909581439 -25.5875742880)
continue (585.2710504863 -25.5952762052)
continue (614.0613380102 -25.6032687035)
continue (644.0049650934 -25.6107009747)
continue (675.5129915546 -25.6175413011)
continue (709.1572183714 -25.6248574449)
continue (743.8914494753 -25.6328585644)
continue (780.1943712390 -25.6407371755)
continue (818.7484506803 -25.6479621528)
continue (858.8756132019 -25.6546090477)
continue (901.3521519359 -25.6607879139)
continue (945.2977444058 -25.6669417202)
continue (991.6933568475 -25.6729792169)
continue (1040.3779262555 -25.6791018359)
continue (1091.4684700050 -25.6851928163)
continue (1145.0955335602 -25.6911569246)
continue (1201.4067575573 -25.6977598608)
continue (1260.3969925411 -25.7049051838)
continue (1322.2098456285 -25.7128427051)
continue (1387.2233606442 -25.7217440090)
continue (1455.2331932405 -25.7317681350)
continue (1526.6661511261 -25.7434714602)
continue (1601.8052831907 -25.7563826217)
continue (1680.3743787704 -25.7703123830)
continue (1762.9464608381 -25.7848536975)
continue (1849.5372957321 -25.8007221928)
continue (1940.5175161993 -25.8180494254)
continue (2035.8959463968 -25.8360968043)
continue (2135.6152463257 -25.8547917612)
continue (2240.6368960098 -25.8747947421)
continue (2350.4437080402 -25.8962995393)
continue (2466.2165780979 -25.9185167653)
continue (2587.3566882657 -25.9404637368)
continue (2714.5279285290 -25.9625546338)
continue (2847.7094550225 -25.9862323759)
continue (2987.7607396957 -26.0101518615)
continue (3133.6555213452 -26.0344073509)
continue (3288.5854406611 -26.0582849714)
continue (3449.1560393913 -26.0822002403)
continue (3619.0112216330 -26.1068975725)
continue (3796.9459400300 -26.1321918122)
continue (3982.8104266049 -26.1580135086)
continue (4178.2073617936 -26.1842328655)
continue (4383.1987763694 -26.2104617668)
continue (4600.0354649530 -26.2370246318)
continue (4826.6261949533 -26.2643482392)
continue (5062.5945867066 -26.2920456459)
continue (5310.4139021398 -26.3198899487)
continue (5573.4986275669 -26.3481864619)
continue (5845.2022168518 -26.3766794925)
continue (6132.3487591332 -26.4050074400)
continue (6435.5015932711 -26.4342326428)
continue (6750.1261156088 -26.4646244003)
continue (7080.5518695197 -26.4948161394)
continue (7426.7891247530 -26.5247204387)
continue (7795.2696801299 -26.5550964622)
continue (8180.1348797773 -26.5856489600)
continue (8580.6687910282 -26.6167904907)
continue (8995.7258204066 -26.6497561915)
continue (9442.2031458625 -26.6825826725)
continue (9905.0763652956 -26.7146713618)
continue (10391.9149915291 -26.7462654451)
continue (10902.9316296625 -26.7785085229)
continue (11438.0196511509 -26.8122089685)
continue (11999.8291494231 -26.8455160964)
continue (12588.2998426190 -26.8782509984)
continue (13206.7684870607 -26.9111689136)
continue (13855.3599757821 -26.9441044601)
continue (14536.0827182516 -26.9770286305)
continue (15251.3309725053 -27.0100360486)
continue (15998.3677248453 -27.0427983734)
continue (16785.1726949197 -27.0759151197)
continue (17609.0246494143 -27.1093972879)
continue (18476.6225792212 -27.1437633082)
continue (19380.4131349892 -27.1795239896)
continue (20336.2424817494 -27.2156820847)
continue (21331.1569664605 -27.2517993470)
continue (22378.8562280744 -27.2882559084)
continue (23480.2119455602 -27.3252767207)
continue (24635.4967722950 -27.3634219567)
continue (25844.2151334995 -27.4025220874)
continue (27112.9730915558 -27.4422166650)
continue (28441.5426219473 -27.4819736075)
continue (29838.4749707659 -27.5222538352)
continue (31304.2605842388 -27.5638974350)
continue (32838.4513732321 -27.6074899760)
continue (34452.4395314628 -27.6522015811)
continue (36147.0458392380 -27.6971387548)
continue (37922.0568292630 -27.7421650237)
continue (39793.3198955105 -27.7878122971)
continue (41743.7941185154 -27.8352430202)
continue (43789.8618744445 -27.8841026811)
continue (45953.9599398483 -27.9349780592)
continue (48189.6893499308 -27.9881778994)
continue (50569.7572479018 -28.0429070381)
continue (53042.3181377876 -28.0990754889)
continue (55666.8922179103 -28.1565586129)
continue (58377.1316852781 -28.2156915482)
continue (61241.0635488703 -28.2771634572)
continue (64264.2472219458 -28.3400965004)
continue (67401.4072194668 -28.4046908388)
continue (70750.5454663968 -28.4713146154)
continue (74207.4125087289 -28.5396202481)
continue (77819.5581218780 -28.6104399220)
continue (81654.7513984938 -28.6835393922)
continue (85725.9666610716 -28.7589033312)
continue (89868.5429592890 -28.8370313508)
continue (94314.5338032696 -28.9178443301)
continue (98943.2166783052 -29.0022914209)
continue (103800.7774925608 -29.0899779352)
continue (108899.0231366146 -29.1808951595)
continue (114251.1315956859 -29.2772457508)
continue (119856.2443255545 -29.3763380239)
continue (125744.0355467353 -29.4774392038)
continue (131933.8389470379 -29.5834779070)
continue (138406.2918601444 -29.6920682124)
continue (145198.6975154861 -29.8046220766)
continue (152334.8421275812 -29.9223888077)
continue (159815.3324460174 -30.0446505741)
continue (167666.4260546809 -30.1730403733)
continue (175886.3203256497 -30.3050538017)
continue (184541.7224801926 -30.4407591922)
continue (193598.2633539815 -30.5854594431)
continue (203090.4893263185 -30.7310833088)
continue (213112.0265685666 -30.8129958485)
continue (223568.9464198211 -30.8476068690)
continue (234560.3669516579 -30.8803177171)
continue (246022.4151207319 -30.9129435043)
continue (258149.2990388642 -30.9455871468)
continue (270807.4370303688 -30.9782969065)
continue (284149.3687580888 -31.0110190130)
continue (298091.9285597615 -31.0438395873)
continue (312720.3245048699 -31.0764193458)
continue (328029.8868276425 -31.1091119848)
continue (344134.0731144981 -31.1418003937)
continue (361040.8183863672 -31.1745074497)
continue (378747.7246912680 -31.2072068980)
continue (397412.5711326607 -31.2398806096)
continue (416865.0620343966 -31.2725639854)
continue (437478.1687984592 -31.3052728208)
continue (458845.4308193308 -31.3379990981)
continue (481387.7578484896 -31.3706416837)
continue (505136.9321547621 -31.4033647539)
continue (529806.4102367389 -31.4360389663)
continue (555989.6434455100 -31.4687047381)
continue (583397.5836153590 -31.5013638472)
continue (611999.3456059039 -31.5341083199)
continue (3672982.7714921040 -32.6097898702)
continue (3709712.5992070250 -50.0000000000)
continue (7354000.0000000000 -50.0000000000)
f(nu) = -20.7802853620 at 1.0000000000 Ryd
