# Haardt & Madau (2011)
# z = 6.079458
# E [Ryd] log (J_nu)
interpolate (0.0000000100 -50.0000000000)
continue (0.0090035365 -50.0000000000)
continue (0.0090944813 -20.5566962090)
continue (0.0095460614 -20.5403627488)
continue (0.0100150239 -20.5220647579)
continue (0.0105069414 -20.5016288763)
continue (0.0110229470 -20.4792661609)
continue (0.0115643024 -20.4554309703)
continue (0.0121324328 -20.4303942392)
continue (0.0127271931 -20.4043288406)
continue (0.0133518978 -20.3774896340)
continue (0.0140087168 -20.3501829500)
continue (0.0146954850 -20.3225097879)
continue (0.0154190698 -20.2941212838)
continue (0.0161744236 -20.2646431056)
continue (0.0169695908 -20.2335654821)
continue (0.0178051392 -20.1999827619)
continue (0.0186773319 -20.1643260910)
continue (0.0195971403 -20.1263663719)
continue (0.0205564409 -20.0873213487)
continue (0.0215684503 -20.0524290278)
continue (0.0226289304 -20.0204794208)
continue (0.0237370937 -19.9871192700)
continue (0.0249048108 -19.9547339256)
continue (0.0261257748 -19.9244741751)
continue (0.0274065271 -19.8947630382)
continue (0.0287556651 -19.8639793562)
continue (0.0301644166 -19.8331547452)
continue (0.0316522065 -19.8040965939)
continue (0.0332094397 -19.7779038735)
continue (0.0348343664 -19.7504590004)
continue (0.0365530295 -19.7184289753)
continue (0.0383368543 -19.6859560116)
continue (0.0402325398 -19.6580426935)
continue (0.0422078289 -19.6338044118)
continue (0.0442792529 -19.6113808512)
continue (0.0464458219 -19.5913000667)
continue (0.0487308570 -19.5724582695)
continue (0.0511373191 -19.5568217325)
continue (0.0536354930 -19.5464202888)
continue (0.0562510510 -19.5389342865)
continue (0.0590198851 -19.5318954364)
continue (0.0619488121 -19.5233220615)
continue (0.0649513204 -19.5130218907)
continue (0.0681575935 -19.5015553422)
continue (0.0715280240 -19.4894433344)
continue (0.0750014013 -19.4772685052)
continue (0.0786931801 -19.4659761064)
continue (0.0825423030 -19.4556942387)
continue (0.0866223408 -19.4471691655)
continue (0.0908541401 -19.4397650126)
continue (0.0953507404 -19.4297863061)
continue (0.1000293113 -19.4227661891)
continue (0.1049484079 -19.4189653759)
continue (0.1100962940 -19.4129605453)
continue (0.1155110946 -19.4076116234)
continue (0.1211791257 -19.4028040630)
continue (0.1271298864 -19.3986839160)
continue (0.1333821759 -19.3948545503)
continue (0.1399365826 -19.3915760825)
continue (0.1467891472 -19.3882339019)
continue (0.1540082856 -19.3850406668)
continue (0.1615721677 -19.3819933665)
continue (0.1695065152 -19.3793149124)
continue (0.1778429012 -19.3780530463)
continue (0.1865821101 -19.3752107442)
continue (0.1957188629 -19.3757305945)
continue (0.2053328133 -19.3860637631)
continue (0.2154295569 -19.4038795449)
continue (0.2260086869 -19.4329723499)
continue (0.2371238682 -19.4657601288)
continue (0.2487761468 -19.4745577448)
continue (0.2609584839 -19.4639551322)
continue (0.2738182168 -19.4533372844)
continue (0.2872846865 -19.4430935612)
continue (0.3013449159 -19.4335417924)
continue (0.3161925835 -19.4244152481)
continue (0.3317317166 -19.4111550008)
continue (0.3479446451 -19.4003896132)
continue (0.3650909558 -19.3890054209)
continue (0.3830462487 -19.3784187998)
continue (0.4017932212 -19.3719442362)
continue (0.4214926113 -19.3678916023)
continue (0.4421479988 -19.3608672250)
continue (0.4639852473 -19.3532387913)
continue (0.4867879410 -19.3489028108)
continue (0.5105137398 -19.3466485275)
continue (0.5357242949 -19.3462508709)
continue (0.5621634951 -19.3466249561)
continue (0.5898168451 -19.3455192848)
continue (0.6186469963 -19.3474709730)
continue (0.6490505880 -19.3528959214)
continue (0.6810665363 -19.3611980891)
continue (0.7141591110 -19.3791018953)
continue (0.7493972250 -19.3744131164)
continue (0.7494721647 -19.6424142878)
continue (0.7862528262 -19.7083474596)
continue (0.8246760413 -19.8876803370)
continue (0.8288691440 -19.9151558286)
continue (0.8329223494 -19.9441562014)
continue (0.8369692640 -19.9750229315)
continue (0.8410246471 -20.0079842182)
continue (0.8450724969 -20.0432997672)
continue (0.8491278496 -20.0811743741)
continue (0.8531743819 -20.1226840422)
continue (0.8572274097 -20.1688658476)
continue (0.8612784258 -20.2208216114)
continue (0.8654007841 -20.2800733238)
continue (0.8695793897 -20.3557507702)
continue (0.8738320602 -20.4460863689)
continue (0.8780757618 -20.5584234588)
continue (0.8823267095 -20.7080119856)
continue (0.8865758872 -20.9361147912)
continue (0.8881744889 -21.0964682629)
continue (0.8882633063 -20.0735969687)
continue (0.8908313543 -20.0944576030)
continue (0.8950839085 -20.1328270749)
continue (0.8993328783 -20.1737833402)
continue (0.9035775804 -20.2184028754)
continue (0.9076364797 -20.2674333652)
continue (0.9122887891 -20.3341659914)
continue (0.9167473412 -20.4087051386)
continue (0.9212068475 -20.4934781636)
continue (0.9256657564 -20.5964348783)
continue (0.9301243670 -20.7284343923)
continue (0.9345830023 -20.9145271022)
continue (0.9370355019 -21.0647992247)
continue (0.9371292055 -20.5449401382)
continue (0.9390420102 -20.5809872607)
continue (0.9435007865 -20.6727387700)
continue (0.9479597018 -20.7865323453)
continue (0.9524111890 -20.9374392480)
continue (0.9531314168 -20.9746237104)
continue (0.9538447474 -21.0131002795)
continue (0.9545581467 -21.0529036421)
continue (0.9552716124 -21.0942123135)
continue (0.9559851426 -21.1372461582)
continue (0.9566987351 -21.1822694441)
continue (0.9574113820 -21.2296126579)
continue (0.9581250913 -21.2796909593)
continue (0.9588388566 -21.3330394720)
continue (0.9595314579 -21.3903422706)
continue (0.9596274111 -21.0823463409)
continue (0.9607717508 -21.1340449882)
continue (0.9619918963 -21.1870791917)
continue (0.9632120904 -21.2416465874)
continue (0.9644323218 -21.2980020430)
continue (0.9656525788 -21.3564617501)
continue (0.9668728501 -21.4174229143)
continue (0.9680931239 -21.4813911507)
continue (0.9693133886 -21.5490336824)
continue (0.9705336324 -21.6212456100)
continue (0.9717072143 -21.6993276853)
continue (0.9718043851 -21.4978994327)
continue (0.9724932560 -21.5297191376)
continue (0.9732327551 -21.5620207358)
continue (0.9739723387 -21.5948857718)
continue (0.9747120047 -21.6283706839)
continue (0.9754507067 -21.6625362689)
continue (0.9761905291 -21.6974518717)
continue (0.9769304274 -21.7332027033)
continue (0.9776693502 -21.7698771270)
continue (0.9784093917 -21.8075889501)
continue (0.9791200447 -21.8465564115)
continue (0.9792179567 -21.7061949361)
continue (0.9796263306 -21.7249346701)
continue (0.9801046776 -21.7438764226)
continue (0.9805824369 -21.7629423554)
continue (0.9810606622 -21.7821420107)
continue (0.9815393541 -21.8014796131)
continue (0.9820174552 -21.8209623950)
continue (0.9824949629 -21.8406001178)
continue (0.9829729353 -21.8603982249)
continue (0.9834513729 -21.8803684044)
continue (0.9838771600 -21.9005969526)
continue (0.9839755477 -21.7977534484)
continue (0.9842533484 -21.8088147764)
continue (0.9845776963 -21.8198544015)
continue (0.9849011935 -21.8308991648)
continue (0.9852259686 -21.8419506454)
continue (0.9855498921 -21.8530081562)
continue (0.9858740286 -21.8640716071)
continue (0.9861983784 -21.8751432956)
continue (0.9865229417 -21.8862179817)
continue (0.9868466500 -21.8973000129)
continue (0.9871812649 -21.9084668237)
continue (0.9872799830 -21.8303007198)
continue (0.9874069640 -21.8371678655)
continue (0.9876424000 -21.8440419253)
continue (0.9878790193 -21.8509011514)
continue (0.9881146805 -21.8577467184)
continue (0.9883504542 -21.8645783662)
continue (0.9885863405 -21.8713952716)
continue (0.9888223393 -21.8781972164)
continue (0.9890584509 -21.8849856495)
continue (0.9892936012 -21.8917605173)
continue (0.9895396087 -21.8985914048)
continue (0.9896385626 -21.8375184461)
continue (0.9991963000 -22.0642073269)
continue (1.0439535177 -22.1278591858)
continue (1.0951412398 -22.1783369811)
continue (1.1489938540 -22.1992499708)
continue (1.2053796635 -22.2214907138)
continue (1.2645948177 -22.2358851033)
continue (1.3266371024 -22.2592908244)
continue (1.3918848719 -22.2618165482)
continue (1.4601298279 -22.2614474698)
continue (1.5320561964 -22.2701686925)
continue (1.6071728847 -22.2751484522)
continue (1.6862824308 -22.3602449906)
continue (1.7691070192 -22.4004719572)
continue (1.8559409890 -22.5097128161)
continue (1.9471517641 -22.5024978311)
continue (2.0427415952 -22.4979550700)
continue (2.1431491665 -22.5038160685)
continue (2.2483765744 -22.5096360736)
continue (2.3583515155 -22.5325932272)
continue (2.4742520380 -22.5365054065)
continue (2.5962023522 -22.5689533939)
continue (2.7234519594 -22.5863222986)
continue (2.8575322220 -22.6462322631)
continue (2.9975889000 -22.5987617324)
continue (2.9978886589 -22.7323756926)
continue (3.1444686874 -22.6565263273)
continue (3.2993013237 -22.7070647277)
continue (3.3154826074 -22.7300507807)
continue (3.3316772167 -22.7427374565)
continue (3.3478832060 -22.7570288073)
continue (3.3640861692 -22.7733244293)
continue (3.3802962572 -22.7921201707)
continue (3.3964987387 -22.8116943321)
continue (3.4127039181 -22.8339780541)
continue (3.4289096388 -22.8621957200)
continue (3.4451137031 -22.8980216135)
continue (3.4609457866 -22.9439155946)
continue (3.4783175587 -23.0149382587)
continue (3.4953148337 -23.1054379640)
continue (3.5123165848 -23.2343307253)
continue (3.5293205071 -23.4430620558)
continue (3.5463242500 -23.9363804746)
continue (3.5540835632 -50.0000000000)
continue (3.5544389716 -22.9018409400)
continue (3.5633254174 -22.9171003942)
continue (3.5803215672 -22.9436260489)
continue (3.5973244128 -22.9729905123)
continue (3.6143174892 -23.0077219235)
continue (3.6319929279 -23.0493709076)
continue (3.6491551562 -23.1074776706)
continue (3.6669967430 -23.1761050212)
continue (3.6848199399 -23.2661194894)
continue (3.7026667870 -23.3919570175)
continue (3.7204898731 -23.5901890788)
continue (3.7383320094 -24.0212621276)
continue (3.7485274603 -50.0000000000)
continue (3.7489023131 -23.2876590084)
continue (3.7561602994 -23.3219105715)
continue (3.7740031459 -23.4147061098)
continue (3.7918427517 -23.5422124261)
continue (3.8096447559 -23.7391208104)
continue (3.8125296550 -23.7926597727)
continue (3.8153869771 -23.8513264037)
continue (3.8182325867 -23.9165587664)
continue (3.8210824441 -23.9904689089)
continue (3.8239365589 -24.0763338053)
continue (3.8267949406 -24.1796503026)
continue (3.8296415044 -24.3107169958)
continue (3.8324923062 -24.4926565338)
continue (3.8353473554 -24.7992576175)
continue (3.8385300152 -49.5143356091)
continue (3.8389138682 -23.7706055810)
continue (3.8430951071 -23.8323676995)
continue (3.8479635231 -23.8987324971)
continue (3.8528442893 -23.9711510128)
continue (3.8577374527 -24.0517196823)
continue (3.8626103154 -24.1436997054)
continue (3.8674955038 -24.2525737685)
continue (3.8723766094 -24.3886310495)
continue (3.8772535543 -24.5749903233)
continue (3.8821262604 -24.8854337641)
continue (3.8876579591 -49.0015738353)
continue (3.8880467249 -24.2420721307)
continue (3.8899647214 -24.2955607460)
continue (3.8929227052 -24.3541205468)
continue (3.8958851910 -24.4192049880)
continue (3.8988521891 -24.4929265310)
continue (3.9018070032 -24.5785646143)
continue (3.9047662995 -24.6816088733)
continue (3.9077133308 -24.8123615547)
continue (3.9106815965 -24.9939443270)
continue (3.9136375668 -25.3001441168)
continue (3.9160594139 -48.5290032399)
continue (3.9164510198 -24.5826248258)
continue (3.9185011099 -24.6326604831)
continue (3.9204229271 -24.6879034976)
continue (3.9223297476 -24.7498504190)
continue (3.9242384239 -24.8206155269)
continue (3.9261489587 -24.9034768951)
continue (3.9280613547 -25.0039335564)
continue (3.9299756146 -25.1322803833)
continue (3.9318917412 -25.3116432693)
continue (3.9338097371 -25.6158087009)
continue (3.9363586419 -48.1179803029)
continue (3.9367522778 -24.8487783662)
continue (3.9370218983 -24.8972005805)
continue (3.9383150403 -24.9508349173)
continue (3.9396090321 -25.0112446584)
continue (3.9409038745 -25.0805456346)
continue (3.9421995683 -25.1620178119)
continue (3.9434961144 -25.2611548177)
continue (3.9447935136 -25.3882575772)
continue (3.9460917668 -25.5664490208)
continue (3.9473908747 -25.8695173718)
continue (3.9482973380 -47.7674186650)
continue (3.9486921677 -25.0548129667)
continue (3.9496321357 -25.1022909259)
continue (3.9505738819 -25.1551204311)
continue (3.9515160773 -25.2147554543)
continue (3.9524587222 -25.2833118025)
continue (3.9534018169 -25.3640689887)
continue (3.9543453619 -25.4625202644)
continue (3.9552893573 -25.5889670227)
continue (3.9562338035 -25.7665327296)
continue (3.9571787009 -26.0690035664)
continue (3.9585882954 -45.1782715630)
continue (3.9589841543 -24.6226116761)
continue (3.9967852000 -26.9558067426)
continue (3.9971848786 -26.9558067426)
continue (4.1935896254 -27.3187596389)
continue (4.3980068803 -27.4776273089)
continue (4.6140102562 -27.5135344939)
continue (4.8420139512 -27.5103604792)
continue (5.0795263412 -27.4974754020)
continue (5.3290469334 -27.4820679692)
continue (5.5905952491 -27.4654967799)
continue (5.8640091738 -27.4478106234)
continue (6.1530521648 -27.4292700937)
continue (6.4537324760 -27.4098817564)
continue (6.7752195212 -27.3897703448)
continue (7.1026268559 -27.3687464182)
continue (7.4571769690 -27.3470814917)
continue (7.8220345546 -27.3247264038)
continue (8.2022234528 -27.3017289302)
continue (8.6049766346 -27.2781624594)
continue (9.0313877662 -27.2539711383)
continue (9.4736149871 -27.2293089989)
continue (9.9396490577 -27.2041191776)
continue (10.4275892620 -27.1785187294)
continue (10.9395801393 -27.1524144768)
continue (11.4769146802 -27.1259673197)
continue (12.0410547781 -27.0990811403)
continue (12.6319243916 -27.0719095561)
continue (13.2528654102 -27.0444241285)
continue (13.9039826916 -27.0166031249)
continue (14.5849395904 -26.9885735964)
continue (15.3025529069 -26.9602518063)
continue (16.0547397041 -26.9316903585)
continue (16.8410095289 -26.9027781104)
continue (17.6704872136 -26.8739249804)
continue (18.5367580473 -26.8447575672)
continue (19.4465861205 -26.8156812916)
continue (20.4045460279 -26.7862799290)
continue (21.4063196055 -26.7566934156)
continue (22.4560627306 -26.7270800583)
continue (23.5591268254 -26.6975510057)
continue (24.7156773965 -26.6678035723)
continue (25.9324708482 -26.6381721451)
continue (27.2020007644 -26.6085884578)
continue (28.5395247606 -26.5790078842)
continue (29.9463366943 -26.5497037655)
continue (31.4121691006 -26.5204669443)
continue (32.9572161160 -26.4901379939)
continue (34.5700692567 -26.4600527674)
continue (36.2765535672 -26.4303299135)
continue (38.0487275828 -26.4022398040)
continue (39.9153318269 -26.3735791520)
continue (41.8780802209 -26.3434387178)
continue (43.9376579367 -26.3128547473)
continue (46.0934256756 -26.2740550345)
continue (48.3687380896 -26.2235762846)
continue (50.7386985305 -26.1747418359)
continue (53.2282141126 -26.1318072617)
continue (55.8374402946 -26.0897253831)
continue (58.6023810680 -26.0450816110)
continue (61.4475404995 -26.0040548236)
continue (64.4916507861 -25.9656643625)
continue (67.6515980406 -25.9257019695)
continue (70.9709521501 -25.8876064394)
continue (74.4499203927 -25.8527638546)
continue (78.0862918258 -25.8206032327)
continue (81.9484735258 -25.7891233552)
continue (85.9685873214 -25.7578743660)
continue (90.2244579809 -25.7291347563)
continue (94.6279362001 -25.7035138714)
continue (99.2773750525 -25.6809504040)
continue (104.1567065501 -25.6606013643)
continue (109.2777342136 -25.6416421348)
continue (114.6392031208 -25.6237528030)
continue (120.2675235063 -25.6081021055)
continue (126.1793167554 -25.5946692925)
continue (132.3746405589 -25.5831070699)
continue (138.8703178310 -25.5719277284)
continue (145.6861751570 -25.5613313737)
continue (152.8458613900 -25.5527404467)
continue (160.3496437810 -25.5469599970)
continue (168.2235602007 -25.5428979727)
continue (176.4995207451 -25.5407456918)
continue (185.1792370671 -25.5388070820)
continue (194.2585857189 -25.5374091270)
continue (203.8172725581 -25.5373667824)
continue (213.8120660740 -25.5386545067)
continue (224.3394942411 -25.5397239753)
continue (235.3478888448 -25.5408230521)
continue (246.8889259299 -25.5424833457)
continue (259.0298537826 -25.5436449680)
continue (271.6955949932 -25.5454213787)
continue (285.0381687855 -25.5496656589)
continue (299.0702414201 -25.5547057537)
continue (313.7971851264 -25.5596216874)
continue (329.2149658986 -25.5648869053)
continue (345.3077020111 -25.5708368040)
continue (362.3328133627 -25.5780197617)
continue (380.1698062608 -25.5861327009)
continue (398.8039499375 -25.5952261585)
continue (418.3962468353 -25.6050390719)
continue (438.9532878647 -25.6157655512)
continue (460.4684313326 -25.6277162234)
continue (483.1744568437 -25.6418738563)
continue (506.8225948872 -25.6571338769)
continue (531.6610417778 -25.6712460050)
continue (557.6909581439 -25.6813563152)
continue (585.2710504863 -25.6886538611)
continue (614.0613380102 -25.6962920255)
continue (644.0049650934 -25.7032260012)
continue (675.5129915546 -25.7097886210)
continue (709.1572183714 -25.7170535019)
continue (743.8914494753 -25.7245603427)
continue (780.1943712390 -25.7323534790)
continue (818.7484506803 -25.7393342281)
continue (858.8756132019 -25.7457025458)
continue (901.3521519359 -25.7516747564)
continue (945.2977444058 -25.7576876077)
continue (991.6933568475 -25.7635759299)
continue (1040.3779262555 -25.7695013665)
continue (1091.4684700050 -25.7752941231)
continue (1145.0955335602 -25.7813827566)
continue (1201.4067575573 -25.7878244788)
continue (1260.3969925411 -25.7949512907)
continue (1322.2098456285 -25.8027484932)
continue (1387.2233606442 -25.8115320815)
continue (1455.2331932405 -25.8216482049)
continue (1526.6661511261 -25.8329426854)
continue (1601.8052831907 -25.8460080094)
continue (1680.3743787704 -25.8598471474)
continue (1762.9464608381 -25.8745230327)
continue (1849.5372957321 -25.8903289936)
continue (1940.5175161993 -25.9074939610)
continue (2035.8959463968 -25.9256685703)
continue (2135.6152463257 -25.9442547597)
continue (2240.6368960098 -25.9641405882)
continue (2350.4437080402 -25.9857489962)
continue (2466.2165780979 -26.0079388606)
continue (2587.3566882657 -26.0299222055)
continue (2714.5279285290 -26.0520059509)
continue (2847.7094550225 -26.0754119591)
continue (2987.7607396957 -26.0995313322)
continue (3133.6555213452 -26.1237087162)
continue (3288.5854406611 -26.1475382764)
continue (3449.1560393913 -26.1714801665)
continue (3619.0112216330 -26.1961362126)
continue (3796.9459400300 -26.2213952782)
continue (3982.8104266049 -26.2472022134)
continue (4178.2073617936 -26.2733870768)
continue (4383.1987763694 -26.2996605229)
continue (4600.0354649530 -26.3261505589)
continue (4826.6261949533 -26.3534616435)
continue (5062.5945867066 -26.3812091612)
continue (5310.4139021398 -26.4090260667)
continue (5573.4986275669 -26.4373176758)
continue (5845.2022168518 -26.4657780119)
continue (6132.3487591332 -26.4941266155)
continue (6435.5015932711 -26.5233191924)
continue (6750.1261156088 -26.5536557227)
continue (7080.5518695197 -26.5839027420)
continue (7426.7891247530 -26.6138458792)
continue (7795.2696801299 -26.6442470443)
continue (8180.1348797773 -26.6746718209)
continue (8580.6687910282 -26.7058039076)
continue (8995.7258204066 -26.7388237033)
continue (9442.2031458625 -26.7717271201)
continue (9905.0763652956 -26.8036719489)
continue (10391.9149915291 -26.8353664294)
continue (10902.9316296625 -26.8676308537)
continue (11438.0196511509 -26.9011590857)
continue (11999.8291494231 -26.9343657355)
continue (12588.2998426190 -26.9670886516)
continue (13206.7684870607 -27.0001505634)
continue (13855.3599757821 -27.0330619444)
continue (14536.0827182516 -27.0660419388)
continue (15251.3309725053 -27.0989041972)
continue (15998.3677248453 -27.1316919451)
continue (16785.1726949197 -27.1647698296)
continue (17609.0246494143 -27.1982594766)
continue (18476.6225792212 -27.2325889922)
continue (19380.4131349892 -27.2683188577)
continue (20336.2424817494 -27.3044843796)
continue (21331.1569664605 -27.3405436947)
continue (22378.8562280744 -27.3770125245)
continue (23480.2119455602 -27.4139607947)
continue (24635.4967722950 -27.4521052462)
continue (25844.2151334995 -27.4911775222)
continue (27112.9730915558 -27.5307818547)
continue (28441.5426219473 -27.5706011989)
continue (29838.4749707659 -27.6108203686)
continue (31304.2605842388 -27.6525349076)
continue (32838.4513732321 -27.6960884257)
continue (34452.4395314628 -27.7408152293)
continue (36147.0458392380 -27.7855683302)
continue (37922.0568292630 -27.8306334332)
continue (39793.3198955105 -27.8762658013)
continue (41743.7941185154 -27.9235396470)
continue (43789.8618744445 -27.9724271225)
continue (45953.9599398483 -28.0234533406)
continue (48189.6893499308 -28.0764931391)
continue (50569.7572479018 -28.1312030574)
continue (53042.3181377876 -28.1873845275)
continue (55666.8922179103 -28.2448811611)
continue (58377.1316852781 -28.3039167109)
continue (61241.0635488703 -28.3654489832)
continue (64264.2472219458 -28.4283308582)
continue (67401.4072194668 -28.4929779187)
continue (70750.5454663968 -28.5596093447)
continue (74207.4125087289 -28.6279206589)
continue (77819.5581218780 -28.6985436147)
continue (81654.7513984938 -28.7718153961)
continue (85725.9666610716 -28.8470807816)
continue (89868.5429592890 -28.9253653848)
continue (94314.5338032696 -29.0059168406)
continue (98943.2166783052 -29.0904099231)
continue (103800.7774925608 -29.1781145828)
continue (108899.0231366146 -29.2690334893)
continue (114251.1315956859 -29.3653655170)
continue (119856.2443255545 -29.4644485394)
continue (125744.0355467353 -29.5655908151)
continue (131933.8389470379 -29.6716361317)
continue (138406.2918601444 -29.7802513194)
continue (145198.6975154861 -29.8925338817)
continue (152334.8421275812 -30.0105312578)
continue (159815.3324460174 -30.1327256941)
continue (167666.4260546809 -30.2611631930)
continue (175886.3203256497 -30.3932462428)
continue (184541.7224801926 -30.5291876106)
continue (193598.2633539815 -30.6745017022)
continue (203090.4893263185 -30.8254607592)
continue (213112.0265685666 -30.9842019714)
continue (223568.9464198211 -31.1486205889)
continue (234560.3669516579 -31.2909944597)
continue (246022.4151207319 -31.3366358640)
continue (258149.2990388642 -31.3692972320)
continue (270807.4370303688 -31.4019816873)
continue (284149.3687580888 -31.4346531987)
continue (298091.9285597615 -31.4673429656)
continue (312720.3245048699 -31.5001263926)
continue (328029.8868276425 -31.5327444749)
continue (344134.0731144981 -31.5655343087)
continue (361040.8183863672 -31.5982223590)
continue (378747.7246912680 -31.6307874441)
continue (397412.5711326607 -31.6635497647)
continue (416865.0620343966 -31.6961876083)
continue (437478.1687984592 -31.7289342657)
continue (458845.4308193308 -31.7616411497)
continue (481387.7578484896 -31.7943643392)
continue (505136.9321547621 -31.8269375373)
continue (529806.4102367389 -31.8597137926)
continue (555989.6434455100 -31.8922796779)
continue (583397.5836153590 -31.9250226478)
continue (611999.3456059039 -31.9578809687)
continue (3672982.7714921040 -33.0334057230)
continue (3709712.5992070250 -50.0000000000)
continue (7354000.0000000000 -50.0000000000)
f(nu) = -20.9661653941 at 1.0000000000 Ryd
