# Haardt & Madau (2011)
# z = 6.943282
# E [Ryd] log (J_nu)
interpolate (0.0000000100 -50.0000000000)
continue (0.0090035365 -50.0000000000)
continue (0.0090944813 -20.8200395651)
continue (0.0095460614 -20.7943836267)
continue (0.0100150239 -20.7672223133)
continue (0.0105069414 -20.7384924275)
continue (0.0110229470 -20.7085318338)
continue (0.0115643024 -20.6776987083)
continue (0.0121324328 -20.6462998351)
continue (0.0127271931 -20.6144132564)
continue (0.0133518978 -20.5824977383)
continue (0.0140087168 -20.5506353741)
continue (0.0146954850 -20.5190417045)
continue (0.0154190698 -20.4870445074)
continue (0.0161744236 -20.4544759308)
continue (0.0169695908 -20.4206669642)
continue (0.0178051392 -20.3848939828)
continue (0.0186773319 -20.3474847507)
continue (0.0195971403 -20.3081020295)
continue (0.0205564409 -20.2679609867)
continue (0.0215684503 -20.2318307891)
continue (0.0226289304 -20.1984257174)
continue (0.0237370937 -20.1638044842)
continue (0.0249048108 -20.1300188870)
continue (0.0261257748 -20.0983182603)
continue (0.0274065271 -20.0670187263)
continue (0.0287556651 -20.0349117511)
continue (0.0301644166 -20.0029830810)
continue (0.0316522065 -19.9727202736)
continue (0.0332094397 -19.9451207141)
continue (0.0348343664 -19.9167992028)
continue (0.0365530295 -19.8850835434)
continue (0.0383368543 -19.8528037880)
continue (0.0402325398 -19.8242076448)
continue (0.0422078289 -19.7988173636)
continue (0.0442792529 -19.7753485604)
continue (0.0464458219 -19.7542567732)
continue (0.0487308570 -19.7343202085)
continue (0.0511373191 -19.7174683259)
continue (0.0536354930 -19.7054265270)
continue (0.0562510510 -19.6962441533)
continue (0.0590198851 -19.6873603031)
continue (0.0619488121 -19.6769416274)
continue (0.0649513204 -19.6647517371)
continue (0.0681575935 -19.6515275182)
continue (0.0715280240 -19.6372740199)
continue (0.0750014013 -19.6230638451)
continue (0.0786931801 -19.6094811897)
continue (0.0825423030 -19.5971285021)
continue (0.0866223408 -19.5867537296)
continue (0.0908541401 -19.5775275005)
continue (0.0953507404 -19.5655986717)
continue (0.1000293113 -19.5568449169)
continue (0.1049484079 -19.5508479131)
continue (0.1100962940 -19.5423839372)
continue (0.1155110946 -19.5347965988)
continue (0.1211791257 -19.5282548777)
continue (0.1271298864 -19.5224239516)
continue (0.1333821759 -19.5169563442)
continue (0.1399365826 -19.5118057109)
continue (0.1467891472 -19.5065760622)
continue (0.1540082856 -19.5015140252)
continue (0.1615721677 -19.4963742503)
continue (0.1695065152 -19.4914296616)
continue (0.1778429012 -19.4877105524)
continue (0.1865821101 -19.4820714432)
continue (0.1957188629 -19.4797492688)
continue (0.2053328133 -19.4869546457)
continue (0.2154295569 -19.5017839452)
continue (0.2260086869 -19.5273849230)
continue (0.2371238682 -19.5565849396)
continue (0.2487761468 -19.5628768440)
continue (0.2609584839 -19.5501157174)
continue (0.2738182168 -19.5375344216)
continue (0.2872846865 -19.5254871848)
continue (0.3013449159 -19.5140490910)
continue (0.3161925835 -19.5035648130)
continue (0.3317317166 -19.4923091636)
continue (0.3479446451 -19.4814896401)
continue (0.3650909558 -19.4648172902)
continue (0.3830462487 -19.4502124100)
continue (0.4017932212 -19.4389283549)
continue (0.4214926113 -19.4311312571)
continue (0.4421479988 -19.4243277856)
continue (0.4639852473 -19.4187452886)
continue (0.4867879410 -19.4150556009)
continue (0.5105137398 -19.4119969565)
continue (0.5357242949 -19.4106015800)
continue (0.5621634951 -19.4100522565)
continue (0.5898168451 -19.4085169620)
continue (0.6186469963 -19.4098289482)
continue (0.6490505880 -19.4140753758)
continue (0.6810665363 -19.4207086881)
continue (0.7141591110 -19.4353245188)
continue (0.7493972250 -19.4266362488)
continue (0.7494721647 -19.6937652156)
continue (0.7862528262 -19.7585342059)
continue (0.8246760413 -19.9375803093)
continue (0.8288691440 -19.9651376505)
continue (0.8329223494 -19.9945242879)
continue (0.8369692640 -20.0260958762)
continue (0.8410246471 -20.0602009019)
continue (0.8450724969 -20.0972864627)
continue (0.8491278496 -20.1374253192)
continue (0.8531743819 -20.1817367867)
continue (0.8572274097 -20.2318109316)
continue (0.8612784258 -20.2892521844)
continue (0.8654007841 -20.3563966695)
continue (0.8695793897 -20.4442605026)
continue (0.8738320602 -20.5545884626)
continue (0.8780757618 -20.7030682751)
continue (0.8823267095 -20.9308328557)
continue (0.8865758872 -21.4400051646)
continue (0.8881744889 -23.7189763457)
continue (0.8882633063 -20.1313773590)
continue (0.8908313543 -20.1540380275)
continue (0.8950839085 -20.1963798170)
continue (0.8993328783 -20.2425536405)
continue (0.9035775804 -20.2941691349)
continue (0.9076364797 -20.3526941980)
continue (0.9122887891 -20.4270576390)
continue (0.9167473412 -20.5153280224)
continue (0.9212068475 -20.6242799640)
continue (0.9256657564 -20.7675137057)
continue (0.9301243670 -20.9785655794)
continue (0.9345830023 -21.3948201299)
continue (0.9370355019 -22.4382631158)
continue (0.9371292055 -20.6184141798)
continue (0.9390420102 -20.6594805545)
continue (0.9435007865 -20.7664907087)
continue (0.9479597018 -20.9055184499)
continue (0.9524111890 -21.1061521542)
continue (0.9531314168 -21.1582665735)
continue (0.9538447474 -21.2144813077)
continue (0.9545581467 -21.2757538580)
continue (0.9552716124 -21.3434337704)
continue (0.9559851426 -21.4194872264)
continue (0.9566987351 -21.5069468207)
continue (0.9574113820 -21.6108717844)
continue (0.9581250913 -21.7407626588)
continue (0.9588388566 -21.9185988211)
continue (0.9595314579 -22.2348173330)
continue (0.9596274111 -21.1612672701)
continue (0.9607717508 -21.2225257891)
continue (0.9619918963 -21.2876183157)
continue (0.9632120904 -21.3574959768)
continue (0.9644323218 -21.4334604697)
continue (0.9656525788 -21.5173946131)
continue (0.9668728501 -21.6121771754)
continue (0.9680931239 -21.7225536060)
continue (0.9693133886 -21.8572403338)
continue (0.9705336324 -22.0355028812)
continue (0.9717072143 -22.3226445435)
continue (0.9718043851 -21.6252264184)
continue (0.9724932560 -21.6719650821)
continue (0.9732327551 -21.7214937542)
continue (0.9739723387 -21.7744642683)
continue (0.9747120047 -21.8316265717)
continue (0.9754507067 -21.8940037871)
continue (0.9761905291 -21.9630462299)
continue (0.9769304274 -22.0409180432)
continue (0.9776693502 -22.1311022603)
continue (0.9784093917 -22.2398583967)
continue (0.9791200447 -22.3809686698)
continue (0.9792179567 -21.8986538593)
continue (0.9796263306 -21.9325844808)
continue (0.9801046776 -21.9680830210)
continue (0.9805824369 -22.0054689965)
continue (0.9810606622 -22.0450426641)
continue (0.9815393541 -22.0871844016)
continue (0.9820174552 -22.1323898307)
continue (0.9824949629 -22.1813207943)
continue (0.9829729353 -22.2349046797)
continue (0.9834513729 -22.2945083676)
continue (0.9838771600 -22.3622933205)
continue (0.9839755477 -22.0126002651)
continue (0.9842533484 -22.0339171289)
continue (0.9845776963 -22.0558517753)
continue (0.9849011935 -22.0784542044)
continue (0.9852259686 -22.1017879637)
continue (0.9855498921 -22.1259263758)
continue (0.9858740286 -22.1509557466)
continue (0.9861983784 -22.1769781908)
continue (0.9865229417 -22.2041149959)
continue (0.9868466500 -22.2325148241)
continue (0.9871812649 -22.2623885779)
continue (0.9872799830 -21.9993555165)
continue (0.9874069640 -22.0114322881)
continue (0.9876424000 -22.0236334309)
continue (0.9878790193 -22.0359868737)
continue (0.9881146805 -22.0484998933)
continue (0.9883504542 -22.0611801122)
continue (0.9885863405 -22.0740351204)
continue (0.9888223393 -22.0870735047)
continue (0.9890584509 -22.1003047184)
continue (0.9892936012 -22.1137380564)
continue (0.9895396087 -22.1273705221)
continue (0.9896385626 -21.9244430596)
continue (0.9991963000 -22.3465496632)
continue (1.0439535177 -22.4351369539)
continue (1.0951412398 -22.4940329710)
continue (1.1489938540 -22.5225281649)
continue (1.2053796635 -22.5478624582)
continue (1.2645948177 -22.5592044126)
continue (1.3266371024 -22.5790642737)
continue (1.3918848719 -22.5759366868)
continue (1.4601298279 -22.5642611146)
continue (1.5320561964 -22.5647389066)
continue (1.6071728847 -22.5495170700)
continue (1.6862824308 -22.6517750133)
continue (1.7691070192 -22.6700921601)
continue (1.8559409890 -22.7939347752)
continue (1.9471517641 -22.7781961499)
continue (2.0427415952 -22.7607790978)
continue (2.1431491665 -22.7602984607)
continue (2.2483765744 -22.7492464421)
continue (2.3583515155 -22.7710306977)
continue (2.4742520380 -22.7543435990)
continue (2.5962023522 -22.7818101565)
continue (2.7234519594 -22.7829381654)
continue (2.8575322220 -22.8224157715)
continue (2.9975889000 -22.8176548984)
continue (2.9978886589 -22.9347212149)
continue (3.1444686874 -22.8115366632)
continue (3.2993013237 -22.8386710046)
continue (3.3154826074 -22.8475006699)
continue (3.3316772167 -22.8549120867)
continue (3.3478832060 -22.8629309451)
continue (3.3640861692 -22.8718544879)
continue (3.3802962572 -22.8820834920)
continue (3.3964987387 -22.8908763857)
continue (3.4127039181 -22.9002968510)
continue (3.4289096388 -22.9143538235)
continue (3.4451137031 -22.9347649673)
continue (3.4609457866 -22.9641457324)
continue (3.4783175587 -23.0153071074)
continue (3.4953148337 -23.0876540816)
continue (3.5123165848 -23.1973028073)
continue (3.5293205071 -23.3858770690)
continue (3.5463242500 -23.8583138828)
continue (3.5540835632 -50.0000000000)
continue (3.5544389716 -22.9917198452)
continue (3.5633254174 -23.0028021663)
continue (3.5803215672 -23.0213830926)
continue (3.5973244128 -23.0406051469)
continue (3.6143174892 -23.0640287796)
continue (3.6319929279 -23.0932293875)
continue (3.6491551562 -23.1357357578)
continue (3.6669967430 -23.1905597054)
continue (3.6848199399 -23.2656161089)
continue (3.7026667870 -23.3754693424)
continue (3.7204898731 -23.5568373081)
continue (3.7383320094 -23.9703279660)
continue (3.7485274603 -50.0000000000)
continue (3.7489023131 -23.3310040652)
continue (3.7561602994 -23.3607252727)
continue (3.7740031459 -23.4427673644)
continue (3.7918427517 -23.5587102683)
continue (3.8096447559 -23.7432139655)
continue (3.8125296550 -23.8006414346)
continue (3.8153869771 -23.8628214210)
continue (3.8182325867 -23.9312827405)
continue (3.8210824441 -24.0081301446)
continue (3.8239365589 -24.0966355441)
continue (3.8267949406 -24.2022870816)
continue (3.8296415044 -24.3353819363)
continue (3.8324923062 -24.5190394107)
continue (3.8353473554 -24.8270470752)
continue (3.8385300152 -50.0000000000)
continue (3.8389138682 -23.8756141528)
continue (3.8430951071 -23.9464475867)
continue (3.8479635231 -24.0214264332)
continue (3.8528442893 -24.1017905696)
continue (3.8577374527 -24.1895767256)
continue (3.8626103154 -24.2879940831)
continue (3.8674955038 -24.4024750591)
continue (3.8723766094 -24.5432688981)
continue (3.8772535543 -24.7334649099)
continue (3.8821262604 -25.0468246116)
continue (3.8876579591 -50.0000000000)
continue (3.8880467249 -24.4603259987)
continue (3.8899647214 -24.5178547203)
continue (3.8929227052 -24.5801415014)
continue (3.8958851910 -24.6486434315)
continue (3.8988521891 -24.7254644395)
continue (3.9018070032 -24.8138715160)
continue (3.9047662995 -24.9193529332)
continue (3.9077133308 -25.0522036971)
continue (3.9106815965 -25.2355421202)
continue (3.9136375668 -25.5431533659)
continue (3.9160594139 -50.0000000000)
continue (3.9164510198 -24.8658284216)
continue (3.9185011099 -24.9176386913)
continue (3.9204229271 -24.9746683763)
continue (3.9223297476 -25.0382604286)
continue (3.9242384239 -25.1105294617)
continue (3.9261489587 -25.1947538670)
continue (3.9280613547 -25.2964262202)
continue (3.9299756146 -25.4258467917)
continue (3.9318917412 -25.6061367132)
continue (3.9338097371 -25.9110852214)
continue (3.9363586419 -50.0000000000)
continue (3.9367522778 -25.1726796114)
continue (3.9370218983 -25.2220150295)
continue (3.9383150403 -25.2765941894)
continue (3.9396090321 -25.3378829122)
continue (3.9409038745 -25.4079968356)
continue (3.9421995683 -25.4902152101)
continue (3.9434961144 -25.5900316696)
continue (3.9447935136 -25.7177466552)
continue (3.9460917668 -25.8964828192)
continue (3.9473908747 -26.2000276337)
continue (3.9482973380 -50.0000000000)
continue (3.9486921677 -25.4066697524)
continue (3.9496321357 -25.4547319091)
continue (3.9505738819 -25.5081363969)
continue (3.9515160773 -25.5683108089)
continue (3.9524587222 -25.6373700918)
continue (3.9534018169 -25.7185949076)
continue (3.9543453619 -25.8174770358)
continue (3.9552893573 -25.9443207504)
continue (3.9562338035 -26.1222474197)
continue (3.9571787009 -26.4250430169)
continue (3.9585882954 -50.0000000000)
continue (3.9589841543 -25.0439192890)
continue (3.9967852000 -27.8814007718)
continue (3.9971848786 -27.8814007718)
continue (4.1935896254 -28.3027211002)
continue (4.3980068803 -28.4869157066)
continue (4.6140102562 -28.5238199513)
continue (4.8420139512 -28.5175399202)
continue (5.0795263412 -28.5019697116)
continue (5.3290469334 -28.4841098155)
continue (5.5905952491 -28.4651753636)
continue (5.8640091738 -28.4454088722)
continue (6.1530521648 -28.4248597532)
continue (6.4537324760 -28.4036944754)
continue (6.7752195212 -28.3817958402)
continue (7.1026268559 -28.3592548993)
continue (7.4571769690 -28.3361176231)
continue (7.8220345546 -28.3124354448)
continue (8.2022234528 -28.2882319041)
continue (8.6049766346 -28.2634826026)
continue (9.0313877662 -28.2383131191)
continue (9.4736149871 -28.2126868317)
continue (9.9396490577 -28.1866440562)
continue (10.4275892620 -28.1602422003)
continue (10.9395801393 -28.1334414479)
continue (11.4769146802 -28.1063168196)
continue (12.0410547781 -28.0790200000)
continue (12.6319243916 -28.0510190885)
continue (13.2528654102 -28.0231286776)
continue (13.9039826916 -27.9948462385)
continue (14.5849395904 -27.9662959080)
continue (15.3025529069 -27.9373969543)
continue (16.0547397041 -27.9085057674)
continue (16.8410095289 -27.8792715634)
continue (17.6704872136 -27.8496664563)
continue (18.5367580473 -27.8200151995)
continue (19.4465861205 -27.7902437298)
continue (20.4045460279 -27.7601470867)
continue (21.4063196055 -27.7300344283)
continue (22.4560627306 -27.6969073906)
continue (23.5591268254 -27.6541194013)
continue (24.7156773965 -27.6131370218)
continue (25.9324708482 -27.5723974427)
continue (27.2020007644 -27.5118872933)
continue (28.5395247606 -27.4421290052)
continue (29.9463366943 -27.3805648600)
continue (31.4121691006 -27.3147076813)
continue (32.9572161160 -27.2473542875)
continue (34.5700692567 -27.1781335635)
continue (36.2765535672 -27.1181703190)
continue (38.0487275828 -27.0657054814)
continue (39.9153318269 -27.0365912612)
continue (41.8780802209 -26.9930833974)
continue (43.9376579367 -26.9304002680)
continue (46.0934256756 -26.8703918185)
continue (48.3687380896 -26.8107823762)
continue (50.7386985305 -26.7505140972)
continue (53.2282141126 -26.6967141168)
continue (55.8374402946 -26.6453292250)
continue (58.6023810680 -26.5878000043)
continue (61.4475404995 -26.5351198644)
continue (64.4916507861 -26.4862192430)
continue (67.6515980406 -26.4336531503)
continue (70.9709521501 -26.3817965336)
continue (74.4499203927 -26.3323168026)
continue (78.0862918258 -26.2859010207)
continue (81.9484735258 -26.2404226073)
continue (85.9685873214 -26.1936907945)
continue (90.2244579809 -26.1489056659)
continue (94.6279362001 -26.1069285279)
continue (99.2773750525 -26.0686046722)
continue (104.1567065501 -26.0329475474)
continue (109.2777342136 -25.9989876725)
continue (114.6392031208 -25.9654785780)
continue (120.2675235063 -25.9344262495)
continue (126.1793167554 -25.9063501446)
continue (132.3746405589 -25.8810718931)
continue (138.8703178310 -25.8562932831)
continue (145.6861751570 -25.8319408697)
continue (152.8458613900 -25.8101530320)
continue (160.3496437810 -25.7915576750)
continue (168.2235602007 -25.7759411986)
continue (176.4995207451 -25.7625764588)
continue (185.1792370671 -25.7504087529)
continue (194.2585857189 -25.7387593077)
continue (203.8172725581 -25.7289420740)
continue (213.8120660740 -25.7218629404)
continue (224.3394942411 -25.7145091040)
continue (235.3478888448 -25.7077821543)
continue (246.8889259299 -25.7020410859)
continue (259.0298537826 -25.6962718665)
continue (271.6955949932 -25.6913320459)
continue (285.0381687855 -25.6896356806)
continue (299.0702414201 -25.6891721830)
continue (313.7971851264 -25.6889769054)
continue (329.2149658986 -25.6896353631)
continue (345.3077020111 -25.6914160837)
continue (362.3328133627 -25.6947107863)
continue (380.1698062608 -25.6995537291)
continue (398.8039499375 -25.7058283640)
continue (418.3962468353 -25.7132646249)
continue (438.9532878647 -25.7218555219)
continue (460.4684313326 -25.7320254143)
continue (483.1744568437 -25.7446071775)
continue (506.8225948872 -25.7586195940)
continue (531.6610417778 -25.7718123153)
continue (557.6909581439 -25.7807944671)
continue (585.2710504863 -25.7870911835)
continue (614.0613380102 -25.7938144690)
continue (644.0049650934 -25.8001589788)
continue (675.5129915546 -25.8060410517)
continue (709.1572183714 -25.8127843039)
continue (743.8914494753 -25.8199882756)
continue (780.1943712390 -25.8270902119)
continue (818.7484506803 -25.8338746568)
continue (858.8756132019 -25.8397042855)
continue (901.3521519359 -25.8455419861)
continue (945.2977444058 -25.8509143666)
continue (991.6933568475 -25.8566663731)
continue (1040.3779262555 -25.8621790467)
continue (1091.4684700050 -25.8677626041)
continue (1145.0955335602 -25.8734188921)
continue (1201.4067575573 -25.8798083962)
continue (1260.3969925411 -25.8866279326)
continue (1322.2098456285 -25.8942370590)
continue (1387.2233606442 -25.9029423621)
continue (1455.2331932405 -25.9128912868)
continue (1526.6661511261 -25.9241669991)
continue (1601.8052831907 -25.9372451652)
continue (1680.3743787704 -25.9507294226)
continue (1762.9464608381 -25.9654477712)
continue (1849.5372957321 -25.9810595344)
continue (1940.5175161993 -25.9984802645)
continue (2035.8959463968 -26.0164214103)
continue (2135.6152463257 -26.0350305629)
continue (2240.6368960098 -26.0550267094)
continue (2350.4437080402 -26.0764301561)
continue (2466.2165780979 -26.0985741990)
continue (2587.3566882657 -26.1205428432)
continue (2714.5279285290 -26.1426368213)
continue (2847.7094550225 -26.1660278459)
continue (2987.7607396957 -26.1901084419)
continue (3133.6555213452 -26.2142486107)
continue (3288.5854406611 -26.2380546004)
continue (3449.1560393913 -26.2619871928)
continue (3619.0112216330 -26.2865782691)
continue (3796.9459400300 -26.3118638439)
continue (3982.8104266049 -26.3376716121)
continue (4178.2073617936 -26.3637726356)
continue (4383.1987763694 -26.3900469751)
continue (4600.0354649530 -26.4165635620)
continue (4826.6261949533 -26.4438660704)
continue (5062.5945867066 -26.4714838444)
continue (5310.4139021398 -26.4993281817)
continue (5573.4986275669 -26.5275697578)
continue (5845.2022168518 -26.5560165553)
continue (6132.3487591332 -26.5842332469)
continue (6435.5015932711 -26.6134764735)
continue (6750.1261156088 -26.6439184191)
continue (7080.5518695197 -26.6740288834)
continue (7426.7891247530 -26.7040101773)
continue (7795.2696801299 -26.7343258409)
continue (8180.1348797773 -26.7647545476)
continue (8580.6687910282 -26.7960526844)
continue (8995.7258204066 -26.8289709644)
continue (9442.2031458625 -26.8618100165)
continue (9905.0763652956 -26.8936583860)
continue (10391.9149915291 -26.9254585810)
continue (10902.9316296625 -26.9574940310)
continue (11438.0196511509 -26.9912294752)
continue (11999.8291494231 -27.0245489785)
continue (12588.2998426190 -27.0572622476)
continue (13206.7684870607 -27.0901708379)
continue (13855.3599757821 -27.1230549992)
continue (14536.0827182516 -27.1560082995)
continue (15251.3309725053 -27.1888356731)
continue (15998.3677248453 -27.2215675541)
continue (16785.1726949197 -27.2546557784)
continue (17609.0246494143 -27.2880802619)
continue (18476.6225792212 -27.3223931460)
continue (19380.4131349892 -27.3581088761)
continue (20336.2424817494 -27.3941849966)
continue (21331.1569664605 -27.4302695215)
continue (22378.8562280744 -27.4666504941)
continue (23480.2119455602 -27.5035799314)
continue (24635.4967722950 -27.5416234329)
continue (25844.2151334995 -27.5807050790)
continue (27112.9730915558 -27.6202816370)
continue (28441.5426219473 -27.6600386965)
continue (29838.4749707659 -27.7002383547)
continue (31304.2605842388 -27.7417116478)
continue (32838.4513732321 -27.7854412120)
continue (34452.4395314628 -27.8300081407)
continue (36147.0458392380 -27.8749154239)
continue (37922.0568292630 -27.9197252421)
continue (39793.3198955105 -27.9654750997)
continue (41743.7941185154 -28.0126693155)
continue (43789.8618744445 -28.0615261299)
continue (45953.9599398483 -28.1123512636)
continue (48189.6893499308 -28.1653747619)
continue (50569.7572479018 -28.2200768617)
continue (53042.3181377876 -28.2761945404)
continue (55666.8922179103 -28.3336087497)
continue (58377.1316852781 -28.3926620667)
continue (61241.0635488703 -28.4540694732)
continue (64264.2472219458 -28.5169764021)
continue (67401.4072194668 -28.5815447362)
continue (70750.5454663968 -28.6480284166)
continue (74207.4125087289 -28.7164238677)
continue (77819.5581218780 -28.7871154220)
continue (81654.7513984938 -28.8600855478)
continue (85725.9666610716 -28.9354814120)
continue (89868.5429592890 -29.0136296910)
continue (94314.5338032696 -29.0943185676)
continue (98943.2166783052 -29.1787350825)
continue (103800.7774925608 -29.2664061631)
continue (108899.0231366146 -29.3573302604)
continue (114251.1315956859 -29.4536412765)
continue (119856.2443255545 -29.5527202419)
continue (125744.0355467353 -29.6537278356)
continue (131933.8389470379 -29.7598026373)
continue (138406.2918601444 -29.8684474899)
continue (145198.6975154861 -29.9810201941)
continue (152334.8421275812 -30.0987640021)
continue (159815.3324460174 -30.2209701746)
continue (167666.4260546809 -30.3493302048)
continue (175886.3203256497 -30.4815133970)
continue (184541.7224801926 -30.6174451855)
continue (193598.2633539815 -30.7630056677)
continue (203090.4893263185 -30.9146140946)
continue (213112.0265685666 -31.0749079674)
continue (223568.9464198211 -31.2460141086)
continue (234560.3669516579 -31.4257222591)
continue (246022.4151207319 -31.6212204190)
continue (258149.2990388642 -31.8104800332)
continue (270807.4370303688 -31.9028711326)
continue (284149.3687580888 -31.9421247938)
continue (298091.9285597615 -31.9747622471)
continue (312720.3245048699 -32.0076294908)
continue (328029.8868276425 -32.0402741317)
continue (344134.0731144981 -32.0728944389)
continue (361040.8183863672 -32.1055661212)
continue (378747.7246912680 -32.1382791090)
continue (397412.5711326607 -32.1709682444)
continue (416865.0620343966 -32.2036361618)
continue (437478.1687984592 -32.2363259804)
continue (458845.4308193308 -32.2690602218)
continue (481387.7578484896 -32.3017600963)
continue (505136.9321547621 -32.3344360865)
continue (529806.4102367389 -32.3670827772)
continue (555989.6434455100 -32.3998256319)
continue (583397.5836153590 -32.4324768272)
continue (611999.3456059039 -32.4652050821)
continue (3672982.7714921040 -33.5408493641)
continue (3709712.5992070250 -50.0000000000)
continue (7354000.0000000000 -50.0000000000)
f(nu) = -21.2489652642 at 1.0000000000 Ryd
