# Haardt & Madau (2011)
# z = 7.912509
# E [Ryd] log (J_nu)
interpolate (0.0000000100 -50.0000000000)
continue (0.0090035365 -50.0000000000)
continue (0.0090944813 -21.0534866425)
continue (0.0095460614 -21.0206253892)
continue (0.0100150239 -20.9871876659)
continue (0.0105069414 -20.9527881873)
continue (0.0110229470 -20.9178209055)
continue (0.0115643024 -20.8821237988)
continue (0.0121324328 -20.8464749628)
continue (0.0127271931 -20.8107939358)
continue (0.0133518978 -20.7751293114)
continue (0.0140087168 -20.7401696534)
continue (0.0146954850 -20.7056678691)
continue (0.0154190698 -20.6714457193)
continue (0.0161744236 -20.6368174226)
continue (0.0169695908 -20.6016519515)
continue (0.0178051392 -20.5648267624)
continue (0.0186773319 -20.5266033937)
continue (0.0195971403 -20.4868501342)
continue (0.0205564409 -20.4463873575)
continue (0.0215684503 -20.4097141154)
continue (0.0226289304 -20.3755519779)
continue (0.0237370937 -20.3401413780)
continue (0.0249048108 -20.3055760214)
continue (0.0261257748 -20.2729597813)
continue (0.0274065271 -20.2403909915)
continue (0.0287556651 -20.2068297844)
continue (0.0301644166 -20.1734406951)
continue (0.0316522065 -20.1418510581)
continue (0.0332094397 -20.1130645463)
continue (0.0348343664 -20.0837321070)
continue (0.0365530295 -20.0516738217)
continue (0.0383368543 -20.0199098942)
continue (0.0402325398 -19.9911263404)
continue (0.0422078289 -19.9648301351)
continue (0.0442792529 -19.9398122406)
continue (0.0464458219 -19.9175962384)
continue (0.0487308570 -19.8963559666)
continue (0.0511373191 -19.8784046208)
continue (0.0536354930 -19.8648809309)
continue (0.0562510510 -19.8539508798)
continue (0.0590198851 -19.8433822252)
continue (0.0619488121 -19.8310970547)
continue (0.0649513204 -19.8175178961)
continue (0.0681575935 -19.8025926915)
continue (0.0715280240 -19.7865626834)
continue (0.0750014013 -19.7703333107)
continue (0.0786931801 -19.7551841022)
continue (0.0825423030 -19.7408692331)
continue (0.0866223408 -19.7287211998)
continue (0.0908541401 -19.7175849223)
continue (0.0953507404 -19.7039997305)
continue (0.1000293113 -19.6935481727)
continue (0.1049484079 -19.6865767954)
continue (0.1100962940 -19.6767998180)
continue (0.1155110946 -19.6673093557)
continue (0.1211791257 -19.6582897994)
continue (0.1271298864 -19.6498652633)
continue (0.1333821759 -19.6426122629)
continue (0.1399365826 -19.6357217579)
continue (0.1467891472 -19.6287540077)
continue (0.1540082856 -19.6215969828)
continue (0.1615721677 -19.6141983653)
continue (0.1695065152 -19.6071626777)
continue (0.1778429012 -19.6013422376)
continue (0.1865821101 -19.5938766721)
continue (0.1957188629 -19.5890746044)
continue (0.2053328133 -19.5933529698)
continue (0.2154295569 -19.6049307279)
continue (0.2260086869 -19.6269981015)
continue (0.2371238682 -19.6531028283)
continue (0.2487761468 -19.6572615949)
continue (0.2609584839 -19.6426831473)
continue (0.2738182168 -19.6281423058)
continue (0.2872846865 -19.6142020163)
continue (0.3013449159 -19.6012159856)
continue (0.3161925835 -19.5892209205)
continue (0.3317317166 -19.5767275717)
continue (0.3479446451 -19.5640477539)
continue (0.3650909558 -19.5506452835)
continue (0.3830462487 -19.5375352554)
continue (0.4017932212 -19.5236437210)
continue (0.4214926113 -19.5068126854)
continue (0.4421479988 -19.4937855329)
continue (0.4639852473 -19.4815036868)
continue (0.4867879410 -19.4762864177)
continue (0.5105137398 -19.4766227829)
continue (0.5357242949 -19.4784771455)
continue (0.5621634951 -19.4782110858)
continue (0.5898168451 -19.4765154849)
continue (0.6186469963 -19.4777365007)
continue (0.6490505880 -19.4817671264)
continue (0.6810665363 -19.4878840845)
continue (0.7141591110 -19.5010341409)
continue (0.7493972250 -19.4901528701)
continue (0.7494721647 -19.7489782129)
continue (0.7862528262 -19.8131626666)
continue (0.8246760413 -19.9908417507)
continue (0.8288691440 -20.0180182436)
continue (0.8329223494 -20.0470987041)
continue (0.8369692640 -20.0783744431)
continue (0.8410246471 -20.1122016312)
continue (0.8450724969 -20.1490290053)
continue (0.8491278496 -20.1889803444)
continue (0.8531743819 -20.2331475271)
continue (0.8572274097 -20.2830798450)
continue (0.8612784258 -20.3403823647)
continue (0.8654007841 -20.4074602967)
continue (0.8695793897 -20.4948566570)
continue (0.8738320602 -20.6048235110)
continue (0.8780757618 -20.7530416300)
continue (0.8823267095 -20.9808942204)
continue (0.8865758872 -21.4930698838)
continue (0.8881744889 -32.7812996210)
continue (0.8882633063 -20.1803236710)
continue (0.8908313543 -20.2029076110)
continue (0.8950839085 -20.2450047307)
continue (0.8993328783 -20.2909110186)
continue (0.9035775804 -20.3423390916)
continue (0.9076364797 -20.4008182296)
continue (0.9122887891 -20.4756127825)
continue (0.9167473412 -20.5646566754)
continue (0.9212068475 -20.6750895076)
continue (0.9256657564 -20.8212900798)
continue (0.9301243670 -21.0397659916)
continue (0.9345830023 -21.4908972227)
continue (0.9370355019 -27.0460113443)
continue (0.9371292055 -20.6599044279)
continue (0.9390420102 -20.7019507054)
continue (0.9435007865 -20.8121287712)
continue (0.9479597018 -20.9570846685)
continue (0.9524111890 -21.1714293704)
continue (0.9531314168 -21.2267692179)
continue (0.9538447474 -21.2874218643)
continue (0.9545581467 -21.3548140018)
continue (0.9552716124 -21.4310533236)
continue (0.9559851426 -21.5194024006)
continue (0.9566987351 -21.6253239499)
continue (0.9574113820 -21.7590429714)
continue (0.9581250913 -21.9434569715)
continue (0.9588388566 -22.2512389580)
continue (0.9595314579 -24.9474023807)
continue (0.9596274111 -21.1875433533)
continue (0.9607717508 -21.2505329395)
continue (0.9619918963 -21.3186392445)
continue (0.9632120904 -21.3932932464)
continue (0.9644323218 -21.4765751004)
continue (0.9656525788 -21.5717050098)
continue (0.9668728501 -21.6840527948)
continue (0.9680931239 -21.8236375526)
continue (0.9693133886 -22.0127420398)
continue (0.9705336324 -22.3210915111)
continue (0.9717072143 -24.0957873440)
continue (0.9718043851 -21.6602231834)
continue (0.9724932560 -21.7152241572)
continue (0.9732327551 -21.7752858578)
continue (0.9739723387 -21.8417980784)
continue (0.9747120047 -21.9167282895)
continue (0.9754507067 -22.0030863125)
continue (0.9761905291 -22.1058415088)
continue (0.9769304274 -22.2341007516)
continue (0.9776693502 -22.4075747698)
continue (0.9784093917 -22.6846427200)
continue (0.9791200447 -23.6740826972)
continue (0.9792179567 -21.9955540396)
continue (0.9796263306 -22.0451498667)
continue (0.9801046776 -22.0994819998)
continue (0.9805824369 -22.1597618639)
continue (0.9810606622 -22.2277005659)
continue (0.9815393541 -22.3058737829)
continue (0.9820174552 -22.3984248875)
continue (0.9824949629 -22.5126885526)
continue (0.9829729353 -22.6637135311)
continue (0.9834513729 -22.8918937741)
continue (0.9838771600 -23.4393970502)
continue (0.9839755477 -22.2272151923)
continue (0.9842533484 -22.2701275718)
continue (0.9845776963 -22.3168638427)
continue (0.9849011935 -22.3682595099)
continue (0.9852259686 -22.4254948995)
continue (0.9855498921 -22.4902766325)
continue (0.9858740286 -22.5652065841)
continue (0.9861983784 -22.6545778973)
continue (0.9865229417 -22.7663140738)
continue (0.9868466500 -22.9180659316)
continue (0.9871812649 -23.1676819025)
continue (0.9872799830 -22.2606702480)
continue (0.9874069640 -22.2879353976)
continue (0.9876424000 -22.3166608897)
continue (0.9878790193 -22.3470508436)
continue (0.9881146805 -22.3793518910)
continue (0.9883504542 -22.4138698683)
continue (0.9885863405 -22.4509941992)
continue (0.9888223393 -22.4912318231)
continue (0.9890584509 -22.5352584663)
continue (0.9892936012 -22.5840085423)
continue (0.9895396087 -22.6388972945)
continue (0.9896385626 -21.9427691112)
continue (0.9991963000 -22.6824958080)
continue (1.0439535177 -22.7952761585)
continue (1.0951412398 -22.8634490389)
continue (1.1489938540 -22.9013247992)
continue (1.2053796635 -22.9305437903)
continue (1.2645948177 -22.9422006251)
continue (1.3266371024 -22.9587852602)
continue (1.3918848719 -22.9516319791)
continue (1.4601298279 -22.9332077698)
continue (1.5320561964 -22.9263027419)
continue (1.6071728847 -22.9008624255)
continue (1.6862824308 -23.0068756666)
continue (1.7691070192 -23.0125775425)
continue (1.8559409890 -23.1413722018)
continue (1.9471517641 -23.1198557199)
continue (2.0427415952 -23.0944443979)
continue (2.1431491665 -23.0894028544)
continue (2.2483765744 -23.0669355761)
continue (2.3583515155 -23.0872144122)
continue (2.4742520380 -23.0549850082)
continue (2.5962023522 -23.0775564784)
continue (2.7234519594 -23.0681561940)
continue (2.8575322220 -23.0779578735)
continue (2.9975889000 -23.0970205873)
continue (2.9978886589 -23.2200489473)
continue (3.1444686874 -23.0553748074)
continue (3.2993013237 -23.0744517845)
continue (3.3154826074 -23.0708175868)
continue (3.3316772167 -23.0758672656)
continue (3.3478832060 -23.0809118842)
continue (3.3640861692 -23.0859828778)
continue (3.3802962572 -23.0911428631)
continue (3.3964987387 -23.0925007636)
continue (3.4127039181 -23.0914639991)
continue (3.4289096388 -23.0918695199)
continue (3.4451137031 -23.0947196750)
continue (3.4609457866 -23.1018115269)
continue (3.4783175587 -23.1188138497)
continue (3.4953148337 -23.1577425026)
continue (3.5123165848 -23.2270100554)
continue (3.5293205071 -23.3682847503)
continue (3.5463242500 -23.7870001354)
continue (3.5540835632 -50.0000000000)
continue (3.5544389716 -23.1893930010)
continue (3.5633254174 -23.1979445562)
continue (3.5803215672 -23.2106126584)
continue (3.5973244128 -23.2206560770)
continue (3.6143174892 -23.2321010698)
continue (3.6319929279 -23.2459141653)
continue (3.6491551562 -23.2625118036)
continue (3.6669967430 -23.2937673785)
continue (3.6848199399 -23.3396154933)
continue (3.7026667870 -23.4143628365)
continue (3.7204898731 -23.5548008167)
continue (3.7383320094 -23.9219584792)
continue (3.7485274603 -50.0000000000)
continue (3.7489023131 -23.4453145898)
continue (3.7561602994 -23.4662758693)
continue (3.7740031459 -23.5259113602)
continue (3.7918427517 -23.6153698142)
continue (3.8096447559 -23.7692585263)
continue (3.8125296550 -23.8297499258)
continue (3.8153869771 -23.8945455740)
continue (3.8182325867 -23.9650300036)
continue (3.8210824441 -24.0432770782)
continue (3.8239365589 -24.1325283760)
continue (3.8267949406 -24.2382479838)
continue (3.8296415044 -24.3707110265)
continue (3.8324923062 -24.5530246678)
continue (3.8353473554 -24.8589663562)
continue (3.8385300152 -50.0000000000)
continue (3.8389138682 -24.0289256234)
continue (3.8430951071 -24.1100529523)
continue (3.8479635231 -24.1942746746)
continue (3.8528442893 -24.2828133587)
continue (3.8577374527 -24.3775095796)
continue (3.8626103154 -24.4813734059)
continue (3.8674955038 -24.5996469015)
continue (3.8723766094 -24.7424075689)
continue (3.8772535543 -24.9326019719)
continue (3.8821262604 -25.2439005162)
continue (3.8876579591 -50.0000000000)
continue (3.8880467249 -24.7457113741)
continue (3.8899647214 -24.8067545891)
continue (3.8929227052 -24.8720517836)
continue (3.8958851910 -24.9429490774)
continue (3.8988521891 -25.0215098440)
continue (3.9018070032 -25.1109696188)
continue (3.9047662995 -25.2167834849)
continue (3.9077133308 -25.3492204993)
continue (3.9106815965 -25.5313830578)
continue (3.9136375668 -25.8370456368)
continue (3.9160594139 -50.0000000000)
continue (3.9164510198 -25.2239618735)
continue (3.9185011099 -25.2768581042)
continue (3.9204229271 -25.3345854334)
continue (3.9223297476 -25.3985777313)
continue (3.9242384239 -25.4709408282)
continue (3.9261489587 -25.5549474162)
continue (3.9280613547 -25.6560848035)
continue (3.9299756146 -25.7846500056)
continue (3.9318917412 -25.9637600550)
continue (3.9338097371 -26.2672043226)
continue (3.9363586419 -50.0000000000)
continue (3.9367522778 -25.5756229401)
continue (3.9370218983 -25.6249702508)
continue (3.9383150403 -25.6794672140)
continue (3.9396090321 -25.7405303879)
continue (3.9409038745 -25.8102721914)
continue (3.9421995683 -25.8919686917)
continue (3.9434961144 -25.9911171034)
continue (3.9447935136 -26.1180134521)
continue (3.9460917668 -26.2957831510)
continue (3.9473908747 -26.5982110881)
continue (3.9482973380 -50.0000000000)
continue (3.9486921677 -25.8403678517)
continue (3.9496321357 -25.8881211920)
continue (3.9505738819 -25.9412245575)
continue (3.9515160773 -26.0010208800)
continue (3.9524587222 -26.0696243746)
continue (3.9534018169 -26.1503131378)
continue (3.9543453619 -26.2485821379)
continue (3.9552893573 -26.3747321475)
continue (3.9562338035 -26.5518855101)
continue (3.9571787009 -26.8538288610)
continue (3.9585882954 -50.0000000000)
continue (3.9589841543 -25.5766788843)
continue (3.9967852000 -28.7398656369)
continue (3.9971848786 -28.7398656369)
continue (4.1935896254 -29.2485080244)
continue (4.3980068803 -29.4799613404)
continue (4.6140102562 -29.5230856015)
continue (4.8420139512 -29.5149735655)
continue (5.0795263412 -29.4974481464)
continue (5.3290469334 -29.4778900862)
continue (5.5905952491 -29.4574295965)
continue (5.8640091738 -29.4363091238)
continue (6.1530521648 -29.4145398685)
continue (6.4537324760 -29.3922179821)
continue (6.7752195212 -29.3692523215)
continue (7.1026268559 -29.3457560521)
continue (7.4571769690 -29.3216707958)
continue (7.8220345546 -29.2971774519)
continue (8.2022234528 -29.2722315259)
continue (8.6049766346 -29.2469278018)
continue (9.0313877662 -29.2210939841)
continue (9.4736149871 -29.1949795534)
continue (9.9396490577 -29.1683899277)
continue (10.4275892620 -29.1415688825)
continue (10.9395801393 -29.1144286386)
continue (11.4769146802 -29.0869135625)
continue (12.0410547781 -29.0592051779)
continue (12.6319243916 -29.0310608426)
continue (13.2528654102 -29.0028103226)
continue (13.9039826916 -28.9742254191)
continue (14.5849395904 -28.9454782320)
continue (15.3025529069 -28.9164008743)
continue (16.0547397041 -28.8672875510)
continue (16.8410095289 -28.7957045752)
continue (17.6704872136 -28.7244959829)
continue (18.5367580473 -28.6491004629)
continue (19.4465861205 -28.5612928502)
continue (20.4045460279 -28.4777427151)
continue (21.4063196055 -28.4101578202)
continue (22.4560627306 -28.3387327622)
continue (23.5591268254 -28.2532665100)
continue (24.7156773965 -28.1757137582)
continue (25.9324708482 -28.1012535874)
continue (27.2020007644 -28.0236618585)
continue (28.5395247606 -27.9536450022)
continue (29.9463366943 -27.8918800542)
continue (31.4121691006 -27.8258105821)
continue (32.9572161160 -27.7580741362)
continue (34.5700692567 -27.6884316398)
continue (36.2765535672 -27.6279977691)
continue (38.0487275828 -27.5745742705)
continue (39.9153318269 -27.5453308550)
continue (41.8780802209 -27.5014933841)
continue (43.9376579367 -27.4380675988)
continue (46.0934256756 -27.3773967871)
continue (48.3687380896 -27.3167076924)
continue (50.7386985305 -27.2550164017)
continue (53.2282141126 -27.1996896639)
continue (55.8374402946 -27.1472278659)
continue (58.6023810680 -27.0875236683)
continue (61.4475404995 -27.0318124627)
continue (64.4916507861 -26.9805284191)
continue (67.6515980406 -26.9242642993)
continue (70.9709521501 -26.8680010706)
continue (74.4499203927 -26.8129322278)
continue (78.0862918258 -26.7601064060)
continue (81.9484735258 -26.7081632950)
continue (85.9685873214 -26.6534453118)
continue (90.2244579809 -26.5996064277)
continue (94.6279362001 -26.5474008035)
continue (99.2773750525 -26.4983851476)
continue (104.1567065501 -26.4518344528)
continue (109.2777342136 -26.4067680266)
continue (114.6392031208 -26.3615050634)
continue (120.2675235063 -26.3175768122)
continue (126.1793167554 -26.2766315926)
continue (132.3746405589 -26.2392340208)
continue (138.8703178310 -26.2024306335)
continue (145.6861751570 -26.1645011828)
continue (152.8458613900 -26.1290749768)
continue (160.3496437810 -26.0970552424)
continue (168.2235602007 -26.0685288161)
continue (176.4995207451 -26.0429062275)
continue (185.1792370671 -26.0186186057)
continue (194.2585857189 -25.9945875591)
continue (203.8172725581 -25.9737116511)
continue (213.8120660740 -25.9561134476)
continue (224.3394942411 -25.9385506202)
continue (235.3478888448 -25.9216819137)
continue (246.8889259299 -25.9066259208)
continue (259.0298537826 -25.8907237219)
continue (271.6955949932 -25.8765967796)
continue (285.0381687855 -25.8664371598)
continue (299.0702414201 -25.8577776555)
continue (313.7971851264 -25.8497093430)
continue (329.2149658986 -25.8429042867)
continue (345.3077020111 -25.8378102405)
continue (362.3328133627 -25.8349637233)
continue (380.1698062608 -25.8342167370)
continue (398.8039499375 -25.8352590768)
continue (418.3962468353 -25.8382968215)
continue (438.9532878647 -25.8428710265)
continue (460.4684313326 -25.8498438193)
continue (483.1744568437 -25.8595539609)
continue (506.8225948872 -25.8716327912)
continue (531.6610417778 -25.8826095983)
continue (557.6909581439 -25.8896829386)
continue (585.2710504863 -25.8942364327)
continue (614.0613380102 -25.8995281224)
continue (644.0049650934 -25.9045362407)
continue (675.5129915546 -25.9092501952)
continue (709.1572183714 -25.9149595000)
continue (743.8914494753 -25.9213399652)
continue (780.1943712390 -25.9277116874)
continue (818.7484506803 -25.9339101798)
continue (858.8756132019 -25.9391991552)
continue (901.3521519359 -25.9442783930)
continue (945.2977444058 -25.9491699402)
continue (991.6933568475 -25.9541172532)
continue (1040.3779262555 -25.9592640853)
continue (1091.4684700050 -25.9643285690)
continue (1145.0955335602 -25.9697121646)
continue (1201.4067575573 -25.9753112654)
continue (1260.3969925411 -25.9818165701)
continue (1322.2098456285 -25.9891868964)
continue (1387.2233606442 -25.9974929460)
continue (1455.2331932405 -26.0070410322)
continue (1526.6661511261 -26.0182960780)
continue (1601.8052831907 -26.0309864778)
continue (1680.3743787704 -26.0446500613)
continue (1762.9464608381 -26.0591558716)
continue (1849.5372957321 -26.0748195105)
continue (1940.5175161993 -26.0919473631)
continue (2035.8959463968 -26.1098905067)
continue (2135.6152463257 -26.1283732982)
continue (2240.6368960098 -26.1482889951)
continue (2350.4437080402 -26.1696757639)
continue (2466.2165780979 -26.1917891152)
continue (2587.3566882657 -26.2136845441)
continue (2714.5279285290 -26.2357150578)
continue (2847.7094550225 -26.2590809628)
continue (2987.7607396957 -26.2831079027)
continue (3133.6555213452 -26.3072419802)
continue (3288.5854406611 -26.3310487591)
continue (3449.1560393913 -26.3548210945)
continue (3619.0112216330 -26.3794493599)
continue (3796.9459400300 -26.4046348973)
continue (3982.8104266049 -26.4303911135)
continue (4178.2073617936 -26.4564812245)
continue (4383.1987763694 -26.4826881832)
continue (4600.0354649530 -26.5091724123)
continue (4826.6261949533 -26.5364251884)
continue (5062.5945867066 -26.5640670667)
continue (5310.4139021398 -26.5918253413)
continue (5573.4986275669 -26.6200777202)
continue (5845.2022168518 -26.6484278235)
continue (6132.3487591332 -26.6766715412)
continue (6435.5015932711 -26.7058550444)
continue (6750.1261156088 -26.7361079835)
continue (7080.5518695197 -26.7663367572)
continue (7426.7891247530 -26.7961765859)
continue (7795.2696801299 -26.8266525385)
continue (8180.1348797773 -26.8570338123)
continue (8580.6687910282 -26.8882331824)
continue (8995.7258204066 -26.9209919660)
continue (9442.2031458625 -26.9540719741)
continue (9905.0763652956 -26.9859502235)
continue (10391.9149915291 -27.0176302646)
continue (10902.9316296625 -27.0498238443)
continue (11438.0196511509 -27.0833641527)
continue (11999.8291494231 -27.1166790062)
continue (12588.2998426190 -27.1493505285)
continue (13206.7684870607 -27.1822402173)
continue (13855.3599757821 -27.2150812845)
continue (14536.0827182516 -27.2480012445)
continue (15251.3309725053 -27.2808151517)
continue (15998.3677248453 -27.3134898778)
continue (16785.1726949197 -27.3464664223)
continue (17609.0246494143 -27.3798459860)
continue (18476.6225792212 -27.4140438224)
continue (19380.4131349892 -27.4496505708)
continue (20336.2424817494 -27.4858074748)
continue (21331.1569664605 -27.5217553758)
continue (22378.8562280744 -27.5580548517)
continue (23480.2119455602 -27.5949693434)
continue (24635.4967722950 -27.6330686823)
continue (25844.2151334995 -27.6720222596)
continue (27112.9730915558 -27.7113679454)
continue (28441.5426219473 -27.7510140489)
continue (29838.4749707659 -27.7911386683)
continue (31304.2605842388 -27.8326565998)
continue (32838.4513732321 -27.8760640085)
continue (34452.4395314628 -27.9205294654)
continue (36147.0458392380 -27.9654866848)
continue (37922.0568292630 -28.0102761883)
continue (39793.3198955105 -28.0557559741)
continue (41743.7941185154 -28.1029407035)
continue (43789.8618744445 -28.1517009523)
continue (45953.9599398483 -28.2024474167)
continue (48189.6893499308 -28.2553699054)
continue (50569.7572479018 -28.3099484493)
continue (53042.3181377876 -28.3660249317)
continue (55666.8922179103 -28.4232935245)
continue (58377.1316852781 -28.4822527162)
continue (61241.0635488703 -28.5436281417)
continue (64264.2472219458 -28.6063565570)
continue (67401.4072194668 -28.6709632893)
continue (70750.5454663968 -28.7374196720)
continue (74207.4125087289 -28.8055909819)
continue (77819.5581218780 -28.8762104186)
continue (81654.7513984938 -28.9491906611)
continue (85725.9666610716 -29.0244824768)
continue (89868.5429592890 -29.1025039866)
continue (94314.5338032696 -29.1830912121)
continue (98943.2166783052 -29.2674868723)
continue (103800.7774925608 -29.3550851225)
continue (108899.0231366146 -29.4459914024)
continue (114251.1315956859 -29.5422207200)
continue (119856.2443255545 -29.6412391162)
continue (125744.0355467353 -29.7423027308)
continue (131933.8389470379 -29.8481944400)
continue (138406.2918601444 -29.9568855058)
continue (145198.6975154861 -30.0691433130)
continue (152334.8421275812 -30.1870173133)
continue (159815.3324460174 -30.3091492053)
continue (167666.4260546809 -30.4375665107)
continue (175886.3203256497 -30.5696590334)
continue (184541.7224801926 -30.7056302250)
continue (193598.2633539815 -30.8511848528)
continue (203090.4893263185 -31.0028217816)
continue (213112.0265685666 -31.1637200327)
continue (223568.9464198211 -31.3363776906)
continue (234560.3669516579 -31.5214264466)
continue (246022.4151207319 -31.7353021920)
continue (258149.2990388642 -31.9866616483)
continue (270807.4370303688 -32.2972177740)
continue (284149.3687580888 -32.5422398251)
continue (298091.9285597615 -32.5749077169)
continue (312720.3245048699 -32.6075642160)
continue (328029.8868276425 -32.6403459008)
continue (344134.0731144981 -32.6730219753)
continue (361040.8183863672 -32.7056461047)
continue (378747.7246912680 -32.7383709306)
continue (397412.5711326607 -32.7709470562)
continue (416865.0620343966 -32.8036360242)
continue (437478.1687984592 -32.8363366809)
continue (458845.4308193308 -32.8691794480)
continue (481387.7578484896 -32.9017731202)
continue (505136.9321547621 -32.9345504319)
continue (529806.4102367389 -32.9672015540)
continue (555989.6434455100 -32.9999296294)
continue (583397.5836153590 -33.0326068678)
continue (611999.3456059039 -33.0653555993)
continue (3672982.7714921040 -34.1409408440)
continue (3709712.5992070250 -50.0000000000)
continue (7354000.0000000000 -50.0000000000)
f(nu) = -21.5853553211 at 1.0000000000 Ryd
