# Haardt & Madau (2011)
# z = 0.778279
# E [Ryd] log (J_nu)
interpolate (0.0000000100 -50.0000000000)
continue (0.0090035365 -50.0000000000)
continue (0.0090944813 -19.4276717261)
continue (0.0095460614 -19.4146212258)
continue (0.0100150239 -19.3995468132)
continue (0.0105069414 -19.3823515807)
continue (0.0110229470 -19.3634962888)
continue (0.0115643024 -19.3432180151)
continue (0.0121324328 -19.3217436052)
continue (0.0127271931 -19.2991994571)
continue (0.0133518978 -19.2756323228)
continue (0.0140087168 -19.2514916246)
continue (0.0146954850 -19.2268611445)
continue (0.0154190698 -19.2018214426)
continue (0.0161744236 -19.1761868561)
continue (0.0169695908 -19.1497678538)
continue (0.0178051392 -19.1227261122)
continue (0.0186773319 -19.0953718634)
continue (0.0195971403 -19.0681110395)
continue (0.0205564409 -19.0414082271)
continue (0.0215684503 -19.0167039117)
continue (0.0226289304 -18.9926028887)
continue (0.0237370937 -18.9685108305)
continue (0.0249048108 -18.9453063026)
continue (0.0261257748 -18.9243683806)
continue (0.0274065271 -18.9036972472)
continue (0.0287556651 -18.8826376174)
continue (0.0301644166 -18.8625488088)
continue (0.0316522065 -18.8451688296)
continue (0.0332094397 -18.8308093145)
continue (0.0348343664 -18.8166201332)
continue (0.0365530295 -18.8004029388)
continue (0.0383368543 -18.7866270034)
continue (0.0402325398 -18.7781981665)
continue (0.0422078289 -18.7732679467)
continue (0.0442792529 -18.7706949164)
continue (0.0464458219 -18.7706896047)
continue (0.0487308570 -18.7727409136)
continue (0.0511373191 -18.7779173749)
continue (0.0536354930 -18.7868638231)
continue (0.0562510510 -18.7968137530)
continue (0.0590198851 -18.8069984351)
continue (0.0619488121 -18.8162882272)
continue (0.0649513204 -18.8254874143)
continue (0.0681575935 -18.8351842611)
continue (0.0715280240 -18.8454066969)
continue (0.0750014013 -18.8568115227)
continue (0.0786931801 -18.8691677819)
continue (0.0825423030 -18.8828780210)
continue (0.0866223408 -18.8977210443)
continue (0.0908541401 -18.9148725127)
continue (0.0953507404 -18.9331014444)
continue (0.1000293113 -18.9529078277)
continue (0.1049484079 -18.9736629190)
continue (0.1100962940 -18.9954577660)
continue (0.1155110946 -19.0185420041)
continue (0.1211791257 -19.0434518551)
continue (0.1271298864 -19.0691640531)
continue (0.1333821759 -19.0951962313)
continue (0.1399365826 -19.1238715079)
continue (0.1467891472 -19.1540797664)
continue (0.1540082856 -19.1858818592)
continue (0.1615721677 -19.2194782542)
continue (0.1695065152 -19.2543314019)
continue (0.1778429012 -19.2895131067)
continue (0.1865821101 -19.3241174478)
continue (0.1957188629 -19.3607233415)
continue (0.2053328133 -19.3983053351)
continue (0.2154295569 -19.4336331524)
continue (0.2260086869 -19.4681150354)
continue (0.2371238682 -19.4959355664)
continue (0.2487761468 -19.5134372627)
continue (0.2609584839 -19.5272573419)
continue (0.2738182168 -19.5404743943)
continue (0.2872846865 -19.5533299933)
continue (0.3013449159 -19.5662553741)
continue (0.3161925835 -19.5794123595)
continue (0.3317317166 -19.5924678909)
continue (0.3479446451 -19.6066281300)
continue (0.3650909558 -19.6230853664)
continue (0.3830462487 -19.6424748178)
continue (0.4017932212 -19.6667869288)
continue (0.4214926113 -19.6964150401)
continue (0.4421479988 -19.7298458664)
continue (0.4639852473 -19.7638147539)
continue (0.4867879410 -19.8017542395)
continue (0.5105137398 -19.8436324488)
continue (0.5357242949 -19.8886438634)
continue (0.5621634951 -19.9358576449)
continue (0.5898168451 -19.9833651417)
continue (0.6186469963 -20.0375114048)
continue (0.6490505880 -20.0985138253)
continue (0.6810665363 -20.1677811447)
continue (0.7141591110 -20.2520219751)
continue (0.7493972250 -20.3310184734)
continue (0.7494721647 -20.4643437064)
continue (0.7862528262 -20.5681374981)
continue (0.8246760413 -20.7198270696)
continue (0.8288691440 -20.7468970704)
continue (0.8329223494 -20.7665647506)
continue (0.8369692640 -20.7864018699)
continue (0.8410246471 -20.8064084474)
continue (0.8450724969 -20.8265990667)
continue (0.8491278496 -20.8468015794)
continue (0.8531743819 -20.8663088842)
continue (0.8572274097 -20.8849120891)
continue (0.8612784258 -20.9040864866)
continue (0.8654007841 -20.9239425986)
continue (0.8695793897 -20.9574371099)
continue (0.8738320602 -20.9875584939)
continue (0.8780757618 -21.0144777968)
continue (0.8823267095 -21.0420179356)
continue (0.8865758872 -21.0702447926)
continue (0.8881744889 -21.0828759946)
continue (0.8882633063 -21.0765525833)
continue (0.8908313543 -21.0932103038)
continue (0.8950839085 -21.1218079854)
continue (0.8993328783 -21.1484650288)
continue (0.9035775804 -21.1756635092)
continue (0.9076364797 -21.2034693818)
continue (0.9122887891 -21.2545579992)
continue (0.9167473412 -21.3009061902)
continue (0.9212068475 -21.3427099802)
continue (0.9256657564 -21.3875576024)
continue (0.9301243670 -21.4360573330)
continue (0.9345830023 -21.4889872458)
continue (0.9370355019 -21.5205013610)
continue (0.9371292055 -21.5171983170)
continue (0.9390420102 -21.5382054263)
continue (0.9435007865 -21.5879362093)
continue (0.9479597018 -21.6423305454)
continue (0.9524111890 -21.7026322356)
continue (0.9531314168 -21.7140900256)
continue (0.9538447474 -21.7265329966)
continue (0.9545581467 -21.7386278738)
continue (0.9552716124 -21.7503810321)
continue (0.9559851426 -21.7617898162)
continue (0.9566987351 -21.7728590414)
continue (0.9574113820 -21.7835886108)
continue (0.9581250913 -21.7939861780)
continue (0.9588388566 -21.8040513466)
continue (0.9595314579 -21.8137125049)
continue (0.9596274111 -21.8117345843)
continue (0.9607717508 -21.8276054911)
continue (0.9619918963 -21.8425480901)
continue (0.9632120904 -21.8565956834)
continue (0.9644323218 -21.8697834846)
continue (0.9656525788 -21.8821461109)
continue (0.9668728501 -21.8937119942)
continue (0.9680931239 -21.9045215503)
continue (0.9693133886 -21.9146092502)
continue (0.9705336324 -21.9240123246)
continue (0.9717072143 -21.9328618560)
continue (0.9718043851 -21.9313742220)
continue (0.9724932560 -21.9363300947)
continue (0.9732327551 -21.9411068462)
continue (0.9739723387 -21.9456757263)
continue (0.9747120047 -21.9500488967)
continue (0.9754507067 -21.9542238868)
continue (0.9761905291 -21.9582141958)
continue (0.9769304274 -21.9620302772)
continue (0.9776693502 -21.9656752243)
continue (0.9784093917 -21.9691525426)
continue (0.9791200447 -21.9726287822)
continue (0.9792179567 -21.9714052294)
continue (0.9796263306 -21.9734628842)
continue (0.9801046776 -21.9754677788)
continue (0.9805824369 -21.9774117964)
continue (0.9810606622 -21.9793023382)
continue (0.9815393541 -21.9811345255)
continue (0.9820174552 -21.9829159338)
continue (0.9824949629 -21.9846417311)
continue (0.9829729353 -21.9863154316)
continue (0.9834513729 -21.9879447951)
continue (0.9838771600 -21.9896984941)
continue (0.9839755477 -21.9888490774)
continue (0.9842533484 -21.9897033792)
continue (0.9845776963 -21.9907236966)
continue (0.9849011935 -21.9917250704)
continue (0.9852259686 -21.9927073638)
continue (0.9855498921 -21.9936704614)
continue (0.9858740286 -21.9946099605)
continue (0.9861983784 -21.9955342611)
continue (0.9865229417 -21.9964432615)
continue (0.9868466500 -21.9973282678)
continue (0.9871812649 -21.9982753636)
continue (0.9872799830 -21.9974110075)
continue (0.9874069640 -21.9981023945)
continue (0.9876424000 -21.9987175460)
continue (0.9878790193 -21.9993205804)
continue (0.9881146805 -21.9999157283)
continue (0.9883504542 -22.0005029961)
continue (0.9885863405 -22.0010818974)
continue (0.9888223393 -22.0016524175)
continue (0.9890584509 -22.0022145024)
continue (0.9892936012 -22.0027689885)
continue (0.9895396087 -22.0033276736)
continue (0.9896385626 -22.0027161718)
continue (0.9991963000 -22.0196668768)
continue (1.0439535177 -22.0524402468)
continue (1.0951412398 -22.0873582479)
continue (1.1489938540 -22.1210020775)
continue (1.2053796635 -22.1537404481)
continue (1.2645948177 -22.1855365594)
continue (1.3266371024 -22.2164693522)
continue (1.3918848719 -22.2466950202)
continue (1.4601298279 -22.2763809560)
continue (1.5320561964 -22.3057762848)
continue (1.6071728847 -22.3352310073)
continue (1.6862824308 -22.3647094832)
continue (1.7691070192 -22.3944978206)
continue (1.8559409890 -22.4248572232)
continue (1.9471517641 -22.4561305375)
continue (2.0427415952 -22.4887591626)
continue (2.1431491665 -22.5230241614)
continue (2.2483765744 -22.5549144330)
continue (2.3583515155 -22.5881268140)
continue (2.4742520380 -22.6226304361)
continue (2.5962023522 -22.6591210595)
continue (2.7234519594 -22.6976593387)
continue (2.8575322220 -22.7382860260)
continue (2.9975889000 -22.7778773281)
continue (2.9978886589 -22.8584374277)
continue (3.1444686874 -22.9044070235)
continue (3.2993013237 -22.9523028169)
continue (3.3154826074 -22.9562295796)
continue (3.3316772167 -22.9607180015)
continue (3.3478832060 -22.9654378755)
continue (3.3640861692 -22.9703475501)
continue (3.3802962572 -22.9754160146)
continue (3.3964987387 -22.9806149564)
continue (3.4127039181 -22.9859189542)
continue (3.4289096388 -22.9913055595)
continue (3.4451137031 -22.9967597756)
continue (3.4609457866 -23.0022399041)
continue (3.4783175587 -23.0060217520)
continue (3.4953148337 -23.0106467522)
continue (3.5123165848 -23.0155331776)
continue (3.5293205071 -23.0206406112)
continue (3.5463242500 -23.0259407839)
continue (3.5540835632 -23.0283572292)
continue (3.5544389716 -23.0145134943)
continue (3.5633254174 -23.0174361117)
continue (3.5803215672 -23.0229503681)
continue (3.5973244128 -23.0285555005)
continue (3.6143174892 -23.0342390671)
continue (3.6319929279 -23.0399699434)
continue (3.6491551562 -23.0430426356)
continue (3.6669967430 -23.0477266784)
continue (3.6848199399 -23.0527198712)
continue (3.7026667870 -23.0579732768)
continue (3.7204898731 -23.0634519912)
continue (3.7383320094 -23.0691128194)
continue (3.7485274603 -23.0723210129)
continue (3.7489023131 -23.0645308656)
continue (3.7561602994 -23.0671074713)
continue (3.7740031459 -23.0729706930)
continue (3.7918427517 -23.0789261653)
continue (3.8096447559 -23.0849264194)
continue (3.8125296550 -23.0839662904)
continue (3.8153869771 -23.0846076607)
continue (3.8182325867 -23.0852595031)
continue (3.8210824441 -23.0859223901)
continue (3.8239365589 -23.0865953130)
continue (3.8267949406 -23.0872783170)
continue (3.8296415044 -23.0879714431)
continue (3.8324923062 -23.0886742103)
continue (3.8353473554 -23.0893861277)
continue (3.8385300152 -23.0900874362)
continue (3.8389138682 -23.0850335245)
continue (3.8430951071 -23.0862943130)
continue (3.8479635231 -23.0875620267)
continue (3.8528442893 -23.0888537200)
continue (3.8577374527 -23.0901674605)
continue (3.8626103154 -23.0915034347)
continue (3.8674955038 -23.0928596820)
continue (3.8723766094 -23.0942358429)
continue (3.8772535543 -23.0956310061)
continue (3.8821262604 -23.0970437144)
continue (3.8876579591 -23.0984584551)
continue (3.8880467249 -23.0949267989)
continue (3.8899647214 -23.0957780307)
continue (3.8929227052 -23.0966537376)
continue (3.8958851910 -23.0975350246)
continue (3.8988521891 -23.0984219197)
continue (3.9018070032 -23.0993133669)
continue (3.9047662995 -23.1002104770)
continue (3.9077133308 -23.1011121901)
continue (3.9106815965 -23.1020190753)
continue (3.9136375668 -23.1029300652)
continue (3.9160594139 -23.1038354079)
continue (3.9164510198 -23.1011922943)
continue (3.9185011099 -23.1017918967)
continue (3.9204229271 -23.1023853028)
continue (3.9223297476 -23.1029811673)
continue (3.9242384239 -23.1035778581)
continue (3.9261489587 -23.1041764740)
continue (3.9280613547 -23.1047770192)
continue (3.9299756146 -23.1053789523)
continue (3.9318917412 -23.1059822751)
continue (3.9338097371 -23.1065869949)
continue (3.9363586419 -23.1072158094)
continue (3.9367522778 -23.1051611019)
continue (3.9370218983 -23.1055646433)
continue (3.9383150403 -23.1059756335)
continue (3.9396090321 -23.1063875678)
continue (3.9409038745 -23.1068004461)
continue (3.9421995683 -23.1072137173)
continue (3.9434961144 -23.1076273847)
continue (3.9447935136 -23.1080414464)
continue (3.9460917668 -23.1084564609)
continue (3.9473908747 -23.1088718724)
continue (3.9482973380 -23.1092792509)
continue (3.9486921677 -23.1076605376)
continue (3.9496321357 -23.1079713293)
continue (3.9505738819 -23.1082741334)
continue (3.9515160773 -23.1085771514)
continue (3.9524587222 -23.1088803783)
continue (3.9534018169 -23.1091843756)
continue (3.9543453619 -23.1094880295)
continue (3.9552893573 -23.1097918959)
continue (3.9562338035 -23.1100965321)
continue (3.9571787009 -23.1104008247)
continue (3.9585882954 -23.1106790249)
continue (3.9589841543 -23.1093904674)
continue (3.9967852000 -23.1220447922)
continue (3.9971848786 -23.1220447922)
continue (4.1935896254 -23.1964861757)
continue (4.3980068803 -23.2277265094)
continue (4.6140102562 -23.2485621262)
continue (4.8420139512 -23.2677807441)
continue (5.0795263412 -23.2872990543)
continue (5.3290469334 -23.3073832934)
continue (5.5905952491 -23.3279787622)
continue (5.8640091738 -23.3488228561)
continue (6.1530521648 -23.3699024465)
continue (6.4537324760 -23.3907740771)
continue (6.7752195212 -23.4116871767)
continue (7.1026268559 -23.4321286536)
continue (7.4571769690 -23.4521008882)
continue (7.8220345546 -23.4716167261)
continue (8.2022234528 -23.4905682223)
continue (8.6049766346 -23.5089788729)
continue (9.0313877662 -23.5271778951)
continue (9.4736149871 -23.5451043682)
continue (9.9396490577 -23.5631646702)
continue (10.4275892620 -23.5811792889)
continue (10.9395801393 -23.5994544226)
continue (11.4769146802 -23.6179914923)
continue (12.0410547781 -23.6371650166)
continue (12.6319243916 -23.6568299456)
continue (13.2528654102 -23.6772201316)
continue (13.9039826916 -23.6981812560)
continue (14.5849395904 -23.7199776153)
continue (15.3025529069 -23.7424456462)
continue (16.0547397041 -23.7656319014)
continue (16.8410095289 -23.7895907705)
continue (17.6704872136 -23.8143807220)
continue (18.5367580473 -23.8397713605)
continue (19.4465861205 -23.8657799996)
continue (20.4045460279 -23.8924261198)
continue (21.4063196055 -23.9193709847)
continue (22.4560627306 -23.9473268877)
continue (23.5591268254 -23.9755596302)
continue (24.7156773965 -24.0041737755)
continue (25.9324708482 -24.0333042644)
continue (27.2020007644 -24.0627664677)
continue (28.5395247606 -24.0925975342)
continue (29.9463366943 -24.1227215965)
continue (31.4121691006 -24.1531089641)
continue (32.9572161160 -24.1837877162)
continue (34.5700692567 -24.2146569179)
continue (36.2765535672 -24.2456649938)
continue (38.0487275828 -24.2769143224)
continue (39.9153318269 -24.3083713677)
continue (41.8780802209 -24.3399037303)
continue (43.9376579367 -24.3715476135)
continue (46.0934256756 -24.4004175646)
continue (48.3687380896 -24.4264493161)
continue (50.7386985305 -24.4501980228)
continue (53.2282141126 -24.4727218510)
continue (55.8374402946 -24.4926816470)
continue (58.6023810680 -24.5109108310)
continue (61.4475404995 -24.5265692646)
continue (64.4916507861 -24.5408341107)
continue (67.6515980406 -24.5549525572)
continue (70.9709521501 -24.5682610657)
continue (74.4499203927 -24.5814888415)
continue (78.0862918258 -24.5947878182)
continue (81.9484735258 -24.6074529715)
continue (85.9685873214 -24.6199524387)
continue (90.2244579809 -24.6320789841)
continue (94.6279362001 -24.6443584733)
continue (99.2773750525 -24.6566011782)
continue (104.1567065501 -24.6679862191)
continue (109.2777342136 -24.6792583218)
continue (114.6392031208 -24.6906155692)
continue (120.2675235063 -24.7018426408)
continue (126.1793167554 -24.7133653784)
continue (132.3746405589 -24.7249715804)
continue (138.8703178310 -24.7361873741)
continue (145.6861751570 -24.7472136784)
continue (152.8458613900 -24.7585272386)
continue (160.3496437810 -24.7698889846)
continue (168.2235602007 -24.7812920815)
continue (176.4995207451 -24.7927317383)
continue (185.1792370671 -24.8036525000)
continue (194.2585857189 -24.8140051267)
continue (203.8172725581 -24.8246090932)
continue (213.8120660740 -24.8348841717)
continue (224.3394942411 -24.8448002252)
continue (235.3478888448 -24.8543264658)
continue (246.8889259299 -24.8637472677)
continue (259.0298537826 -24.8730526242)
continue (271.6955949932 -24.8825617344)
continue (285.0381687855 -24.8926227554)
continue (299.0702414201 -24.9029223925)
continue (313.7971851264 -24.9131165391)
continue (329.2149658986 -24.9235557353)
continue (345.3077020111 -24.9342520531)
continue (362.3328133627 -24.9456014802)
continue (380.1698062608 -24.9568640797)
continue (398.8039499375 -24.9688285116)
continue (418.3962468353 -24.9807184052)
continue (438.9532878647 -24.9925159108)
continue (460.4684313326 -25.0048153327)
continue (483.1744568437 -25.0172956894)
continue (506.8225948872 -25.0295403474)
continue (531.6610417778 -25.0403722541)
continue (557.6909581439 -25.0489440883)
continue (585.2710504863 -25.0562020600)
continue (614.0613380102 -25.0634325865)
continue (644.0049650934 -25.0703251894)
continue (675.5129915546 -25.0770174297)
continue (709.1572183714 -25.0838676310)
continue (743.8914494753 -25.0907735350)
continue (780.1943712390 -25.0975191267)
continue (818.7484506803 -25.1039292636)
continue (858.8756132019 -25.1101552108)
continue (901.3521519359 -25.1164143411)
continue (945.2977444058 -25.1228220272)
continue (991.6933568475 -25.1294429780)
continue (1040.3779262555 -25.1364630371)
continue (1091.4684700050 -25.1439010989)
continue (1145.0955335602 -25.1518382572)
continue (1201.4067575573 -25.1606141372)
continue (1260.3969925411 -25.1702778394)
continue (1322.2098456285 -25.1808854235)
continue (1387.2233606442 -25.1925028471)
continue (1455.2331932405 -25.2054145997)
continue (1526.6661511261 -25.2195136132)
continue (1601.8052831907 -25.2346825305)
continue (1680.3743787704 -25.2508649550)
continue (1762.9464608381 -25.2679155701)
continue (1849.5372957321 -25.2860824587)
continue (1940.5175161993 -25.3053061130)
continue (2035.8959463968 -25.3251451767)
continue (2135.6152463257 -25.3458372722)
continue (2240.6368960098 -25.3673633851)
continue (2350.4437080402 -25.3896926359)
continue (2466.2165780979 -25.4125576208)
continue (2587.3566882657 -25.4356259686)
continue (2714.5279285290 -25.4591128396)
continue (2847.7094550225 -25.4832822891)
continue (2987.7607396957 -25.5078949677)
continue (3133.6555213452 -25.5326521553)
continue (3288.5854406611 -25.5574931141)
continue (3449.1560393913 -25.5826753871)
continue (3619.0112216330 -25.6085256789)
continue (3796.9459400300 -25.6346996319)
continue (3982.8104266049 -25.6611572257)
continue (4178.2073617936 -25.6880593622)
continue (4383.1987763694 -25.7153799899)
continue (4600.0354649530 -25.7428528803)
continue (4826.6261949533 -25.7708972137)
continue (5062.5945867066 -25.7995061514)
continue (5310.4139021398 -25.8280837615)
continue (5573.4986275669 -25.8571064611)
continue (5845.2022168518 -25.8865329976)
continue (6132.3487591332 -25.9159466391)
continue (6435.5015932711 -25.9463430942)
continue (6750.1261156088 -25.9769660566)
continue (7080.5518695197 -26.0076950012)
continue (7426.7891247530 -26.0386218051)
continue (7795.2696801299 -26.0699772271)
continue (8180.1348797773 -26.1015181915)
continue (8580.6687910282 -26.1336346683)
continue (8995.7258204066 -26.1664654690)
continue (9442.2031458625 -26.1992244344)
continue (9905.0763652956 -26.2316838017)
continue (10391.9149915291 -26.2640451106)
continue (10902.9316296625 -26.2968559743)
continue (11438.0196511509 -26.3302074013)
continue (11999.8291494231 -26.3634158030)
continue (12588.2998426190 -26.3965500007)
continue (13206.7684870607 -26.4297266929)
continue (13855.3599757821 -26.4631172438)
continue (14536.0827182516 -26.4966916734)
continue (15251.3309725053 -26.5304204539)
continue (15998.3677248453 -26.5644329886)
continue (16785.1726949197 -26.5990876991)
continue (17609.0246494143 -26.6341220570)
continue (18476.6225792212 -26.6699923361)
continue (19380.4131349892 -26.7066538349)
continue (20336.2424817494 -26.7437990724)
continue (21331.1569664605 -26.7812574587)
continue (22378.8562280744 -26.8193794569)
continue (23480.2119455602 -26.8580276761)
continue (24635.4967722950 -26.8977002301)
continue (25844.2151334995 -26.9383356950)
continue (27112.9730915558 -26.9794276001)
continue (28441.5426219473 -27.0211952758)
continue (29838.4749707659 -27.0637742376)
continue (31304.2605842388 -27.1076333050)
continue (32838.4513732321 -27.1528269460)
continue (34452.4395314628 -27.1991322060)
continue (36147.0458392380 -27.2461192071)
continue (37922.0568292630 -27.2938278099)
continue (39793.3198955105 -27.3427192272)
continue (41743.7941185154 -27.3932838943)
continue (43789.8618744445 -27.4454031177)
continue (45953.9599398483 -27.4993952120)
continue (48189.6893499308 -27.5552542707)
continue (50569.7572479018 -27.6129089023)
continue (53042.3181377876 -27.6717917124)
continue (55666.8922179103 -27.7323547043)
continue (58377.1316852781 -27.7945553860)
continue (61241.0635488703 -27.8589353526)
continue (64264.2472219458 -27.9249395191)
continue (67401.4072194668 -27.9932864419)
continue (70750.5454663968 -28.0631864836)
continue (74207.4125087289 -28.1351778588)
continue (77819.5581218780 -28.2096016901)
continue (81654.7513984938 -28.2862533858)
continue (85725.9666610716 -28.3654653995)
continue (89868.5429592890 -28.4473139372)
continue (94314.5338032696 -28.5316855926)
continue (98943.2166783052 -28.6193429919)
continue (103800.7774925608 -28.7099199338)
continue (108899.0231366146 -28.8030020245)
continue (114251.1315956859 -28.9003924761)
continue (119856.2443255545 -28.9988603819)
continue (125744.0355467353 -29.0996297670)
continue (131933.8389470379 -29.2025247593)
continue (138406.2918601444 -29.3056453540)
continue (145198.6975154861 -29.4097707199)
continue (152334.8421275812 -29.5144209703)
continue (159815.3324460174 -29.6166221647)
continue (167666.4260546809 -29.7168635938)
continue (175886.3203256497 -29.8124617801)
continue (184541.7224801926 -29.9007092866)
continue (193598.2633539815 -29.9822382637)
continue (203090.4893263185 -30.0549924443)
continue (213112.0265685666 -30.1173695763)
continue (223568.9464198211 -30.1695799755)
continue (234560.3669516579 -30.2134535899)
continue (246022.4151207319 -30.2507439456)
continue (258149.2990388642 -30.2836249577)
continue (270807.4370303688 -30.3163112160)
continue (284149.3687580888 -30.3490291242)
continue (298091.9285597615 -30.3816847410)
continue (312720.3245048699 -30.4143932273)
continue (328029.8868276425 -30.4470817108)
continue (344134.0731144981 -30.4798004581)
continue (361040.8183863672 -30.5124897711)
continue (378747.7246912680 -30.5452402303)
continue (397412.5711326607 -30.5778602206)
continue (416865.0620343966 -30.6106387107)
continue (437478.1687984592 -30.6432201373)
continue (458845.4308193308 -30.6759631397)
continue (481387.7578484896 -30.7087032716)
continue (505136.9321547621 -30.7412313634)
continue (529806.4102367389 -30.7740599896)
continue (555989.6434455100 -30.8067820962)
continue (583397.5836153590 -30.8394598298)
continue (611999.3456059039 -30.8721982528)
continue (3672982.7714921040 -31.9477045172)
continue (3709712.5992070250 -50.0000000000)
continue (7354000.0000000000 -50.0000000000)
f(nu) = -20.9210583628 at 1.0000000000 Ryd
