# Haardt & Madau (2011)
# z = 9.000000
# E [Ryd] log (J_nu)
interpolate (0.0000000100 -50.0000000000)
continue (0.0090035365 -50.0000000000)
continue (0.0090944813 -21.2630239721)
continue (0.0095460614 -21.2263977915)
continue (0.0100150239 -21.1895349644)
continue (0.0105069414 -21.1522272323)
continue (0.0110229470 -21.1144828918)
continue (0.0115643024 -21.0766482824)
continue (0.0121324328 -21.0388576789)
continue (0.0127271931 -21.0009214997)
continue (0.0133518978 -20.9635527573)
continue (0.0140087168 -20.9265812627)
continue (0.0146954850 -20.8901564189)
continue (0.0154190698 -20.8540665799)
continue (0.0161744236 -20.8178888271)
continue (0.0169695908 -20.7818713932)
continue (0.0178051392 -20.7445189034)
continue (0.0186773319 -20.7065805357)
continue (0.0195971403 -20.6670678851)
continue (0.0205564409 -20.6269799523)
continue (0.0215684503 -20.5902771752)
continue (0.0226289304 -20.5556543824)
continue (0.0237370937 -20.5198531921)
continue (0.0249048108 -20.4847889637)
continue (0.0261257748 -20.4517303838)
continue (0.0274065271 -20.4185168497)
continue (0.0287556651 -20.3841831614)
continue (0.0301644166 -20.3494576486)
continue (0.0316522065 -20.3160408732)
continue (0.0332094397 -20.2852528418)
continue (0.0348343664 -20.2546298217)
continue (0.0365530295 -20.2220433930)
continue (0.0383368543 -20.1901955466)
continue (0.0402325398 -20.1608935356)
continue (0.0422078289 -20.1334970459)
continue (0.0442792529 -20.1077296776)
continue (0.0464458219 -20.0842461829)
continue (0.0487308570 -20.0618160271)
continue (0.0511373191 -20.0418627463)
continue (0.0536354930 -20.0264897914)
continue (0.0562510510 -20.0140825205)
continue (0.0590198851 -20.0015090637)
continue (0.0619488121 -19.9873918750)
continue (0.0649513204 -19.9720845465)
continue (0.0681575935 -19.9557396639)
continue (0.0715280240 -19.9381137920)
continue (0.0750014013 -19.9208011144)
continue (0.0786931801 -19.9041576506)
continue (0.0825423030 -19.8884731225)
continue (0.0866223408 -19.8749440895)
continue (0.0908541401 -19.8621399547)
continue (0.0953507404 -19.8472588167)
continue (0.1000293113 -19.8349451260)
continue (0.1049484079 -19.8267139152)
continue (0.1100962940 -19.8160831786)
continue (0.1155110946 -19.8059913967)
continue (0.1211791257 -19.7961288057)
continue (0.1271298864 -19.7864852262)
continue (0.1333821759 -19.7765381653)
continue (0.1399365826 -19.7660462601)
continue (0.1467891472 -19.7564944920)
continue (0.1540082856 -19.7476465117)
continue (0.1615721677 -19.7385234140)
continue (0.1695065152 -19.7293550610)
continue (0.1778429012 -19.7212840974)
continue (0.1865821101 -19.7117974043)
continue (0.1957188629 -19.7053582985)
continue (0.2053328133 -19.7079832875)
continue (0.2154295569 -19.7175899209)
continue (0.2260086869 -19.7365288925)
continue (0.2371238682 -19.7590477090)
continue (0.2487761468 -19.7605216384)
continue (0.2609584839 -19.7443178641)
continue (0.2738182168 -19.7284819158)
continue (0.2872846865 -19.7129899605)
continue (0.3013449159 -19.6984598862)
continue (0.3161925835 -19.6850202997)
continue (0.3317317166 -19.6711786848)
continue (0.3479446451 -19.6573600231)
continue (0.3650909558 -19.6428351900)
continue (0.3830462487 -19.6282219690)
continue (0.4017932212 -19.6155113466)
continue (0.4214926113 -19.6042128129)
continue (0.4421479988 -19.5932957909)
continue (0.4639852473 -19.5639899856)
continue (0.4867879410 -19.5515261115)
continue (0.5105137398 -19.5406862283)
continue (0.5357242949 -19.5363493869)
continue (0.5621634951 -19.5408164380)
continue (0.5898168451 -19.5477765016)
continue (0.6186469963 -19.5518103119)
continue (0.6490505880 -19.5559240095)
continue (0.6810665363 -19.5622105380)
continue (0.7141591110 -19.5752226984)
continue (0.7493972250 -19.5636355191)
continue (0.7494721647 -19.8057194717)
continue (0.7862528262 -19.8705075513)
continue (0.8246760413 -20.0473007839)
continue (0.8288691440 -20.0742328342)
continue (0.8329223494 -20.1030864325)
continue (0.8369692640 -20.1341432643)
continue (0.8410246471 -20.1677611765)
continue (0.8450724969 -20.2043910509)
continue (0.8491278496 -20.2441968690)
continue (0.8531743819 -20.2882521296)
continue (0.8572274097 -20.3380725780)
continue (0.8612784258 -20.3952643997)
continue (0.8654007841 -20.4622024415)
continue (0.8695793897 -20.5492915270)
continue (0.8738320602 -20.6589273726)
continue (0.8780757618 -20.8068150653)
continue (0.8823267095 -21.0343442516)
continue (0.8865758872 -21.5461974146)
continue (0.8881744889 -50.0000000000)
continue (0.8882633063 -20.2330461371)
continue (0.8908313543 -20.2554667286)
continue (0.8950839085 -20.2972881092)
continue (0.8993328783 -20.3428741723)
continue (0.9035775804 -20.3939859746)
continue (0.9076364797 -20.4521026838)
continue (0.9122887891 -20.5269475865)
continue (0.9167473412 -20.6159895651)
continue (0.9212068475 -20.7264217021)
continue (0.9256657564 -20.8726191905)
continue (0.9301243670 -21.0910937649)
continue (0.9345830023 -21.5422387682)
continue (0.9370355019 -42.3472115262)
continue (0.9371292055 -20.6995701722)
continue (0.9390420102 -20.7415568925)
continue (0.9435007865 -20.8516729452)
continue (0.9479597018 -20.9965878928)
continue (0.9524111890 -21.2109396572)
continue (0.9531314168 -21.2648235654)
continue (0.9538447474 -21.3240279812)
continue (0.9545581467 -21.3900105478)
continue (0.9552716124 -21.4648866135)
continue (0.9559851426 -21.5519348449)
continue (0.9566987351 -21.6566499362)
continue (0.9574113820 -21.7893335902)
continue (0.9581250913 -21.9731070719)
continue (0.9588388566 -22.2817571836)
continue (0.9595314579 -34.0179795818)
continue (0.9596274111 -21.1933370149)
continue (0.9607717508 -21.2537011236)
continue (0.9619918963 -21.3192703815)
continue (0.9632120904 -21.3915068908)
continue (0.9644323218 -21.4725268587)
continue (0.9656525788 -21.5656080672)
continue (0.9668728501 -21.6762478075)
continue (0.9680931239 -21.8147437487)
continue (0.9693133886 -22.0042224010)
continue (0.9705336324 -22.3184686638)
continue (0.9717072143 -29.9296942148)
continue (0.9718043851 -21.6323514287)
continue (0.9724932560 -21.6865025297)
continue (0.9732327551 -21.7460567074)
continue (0.9739723387 -21.8123886211)
continue (0.9747120047 -21.8876147391)
continue (0.9754507067 -21.9750143434)
continue (0.9761905291 -22.0800796176)
continue (0.9769304274 -22.2131144210)
continue (0.9776693502 -22.3972406129)
continue (0.9784093917 -22.7062447379)
continue (0.9791200447 -27.6672151210)
continue (0.9792179567 -21.9573183232)
continue (0.9796263306 -22.0085299966)
continue (0.9801046776 -22.0649989610)
continue (0.9805824369 -22.1282819504)
continue (0.9810606622 -22.2004932530)
continue (0.9815393541 -22.2849118158)
continue (0.9820174552 -22.3870312349)
continue (0.9824949629 -22.5171466585)
continue (0.9829729353 -22.6983705869)
continue (0.9834513729 -23.0044290262)
continue (0.9838771600 -26.3301010785)
continue (0.9839755477 -22.2147459898)
continue (0.9842533484 -22.2640148988)
continue (0.9845776963 -22.3186960718)
continue (0.9849011935 -22.3801937936)
continue (0.9852259686 -22.4506185785)
continue (0.9855498921 -22.5332402904)
continue (0.9858740286 -22.6335341646)
continue (0.9861983784 -22.7617540494)
continue (0.9865229417 -22.9408826939)
continue (0.9868466500 -23.2440214402)
continue (0.9871812649 -25.4816623848)
continue (0.9872799830 -22.4089926919)
continue (0.9874069640 -22.4565738941)
continue (0.9876424000 -22.5093481526)
continue (0.9878790193 -22.5686807059)
continue (0.9881146805 -22.6365517450)
continue (0.9883504542 -22.7159993955)
continue (0.9885863405 -22.8120373496)
continue (0.9888223393 -22.9338648096)
continue (0.9890584509 -23.1013791025)
continue (0.9892936012 -23.3732052233)
continue (0.9895396087 -24.2512750282)
continue (0.9896385626 -21.8993083397)
continue (0.9991963000 -23.0535365829)
continue (1.0439535177 -23.1881595282)
continue (1.0951412398 -23.2667176655)
continue (1.1489938540 -23.3136186226)
continue (1.2053796635 -23.3468705140)
continue (1.2645948177 -23.3586954810)
continue (1.3266371024 -23.3719362245)
continue (1.3918848719 -23.3610941260)
continue (1.4601298279 -23.3380550603)
continue (1.5320561964 -23.3255363866)
continue (1.6071728847 -23.2948277658)
continue (1.6862824308 -23.3990476977)
continue (1.7691070192 -23.3993499304)
continue (1.8559409890 -23.5288435668)
continue (1.9471517641 -23.5039422234)
continue (2.0427415952 -23.4743132246)
continue (2.1431491665 -23.4662853362)
continue (2.2483765744 -23.4380862620)
continue (2.3583515155 -23.4564034862)
continue (2.4742520380 -23.4159297374)
continue (2.5962023522 -23.4347089802)
continue (2.7234519594 -23.4190198689)
continue (2.8575322220 -23.4122058439)
continue (2.9975889000 -23.4229252517)
continue (2.9978886589 -23.5651227677)
continue (3.1444686874 -23.3773627883)
continue (3.2993013237 -23.3929336528)
continue (3.3154826074 -23.3816075968)
continue (3.3316772167 -23.3858964987)
continue (3.3478832060 -23.3901605588)
continue (3.3640861692 -23.3943986174)
continue (3.3802962572 -23.3986126910)
continue (3.3964987387 -23.3986143897)
continue (3.4127039181 -23.3954258618)
continue (3.4289096388 -23.3924539198)
continue (3.4451137031 -23.3897707540)
continue (3.4609457866 -23.3875492428)
continue (3.4783175587 -23.3810087115)
continue (3.4953148337 -23.3914994963)
continue (3.5123165848 -23.4103801685)
continue (3.5293205071 -23.4676223257)
continue (3.5463242500 -23.7581944206)
continue (3.5540835632 -50.0000000000)
continue (3.5544389716 -23.4874018269)
continue (3.5633254174 -23.4957874396)
continue (3.5803215672 -23.5076604365)
continue (3.5973244128 -23.5157020224)
continue (3.6143174892 -23.5239000511)
continue (3.6319929279 -23.5322677642)
continue (3.6491551562 -23.5327941638)
continue (3.6669967430 -23.5487053504)
continue (3.6848199399 -23.5669720060)
continue (3.7026667870 -23.5945815858)
continue (3.7204898731 -23.6595306121)
continue (3.7383320094 -23.9155080635)
continue (3.7485274603 -50.0000000000)
continue (3.7489023131 -23.6839177862)
continue (3.7561602994 -23.6961621584)
continue (3.7740031459 -23.7292489119)
continue (3.7918427517 -23.7789577792)
continue (3.8096447559 -23.8741950414)
continue (3.8125296550 -23.9357302530)
continue (3.8153869771 -24.0001474254)
continue (3.8182325867 -24.0687989741)
continue (3.8210824441 -24.1435861793)
continue (3.8239365589 -24.2275804890)
continue (3.8267949406 -24.3260866103)
continue (3.8296415044 -24.4492440074)
continue (3.8324923062 -24.6200522229)
continue (3.8353473554 -24.9122170579)
continue (3.8385300152 -50.0000000000)
continue (3.8389138682 -24.2948256683)
continue (3.8430951071 -24.3857565985)
continue (3.8479635231 -24.4785484088)
continue (3.8528442893 -24.5739097719)
continue (3.8577374527 -24.6730996900)
continue (3.8626103154 -24.7784153231)
continue (3.8674955038 -24.8942880640)
continue (3.8723766094 -25.0299438375)
continue (3.8772535543 -25.2075279908)
continue (3.8821262604 -25.5000724092)
continue (3.8876579591 -50.0000000000)
continue (3.8880467249 -25.1556397034)
continue (3.8899647214 -25.2181933630)
continue (3.8929227052 -25.2836887859)
continue (3.8958851910 -25.3533483783)
continue (3.8988521891 -25.4290470492)
continue (3.9018070032 -25.5138336681)
continue (3.9047662995 -25.6129879640)
continue (3.9077133308 -25.7366264738)
continue (3.9106815965 -25.9077294352)
continue (3.9136375668 -26.1999877058)
continue (3.9160594139 -50.0000000000)
continue (3.9164510198 -25.7067488783)
continue (3.9185011099 -25.7575191678)
continue (3.9204229271 -25.8122791790)
continue (3.9223297476 -25.8724949864)
continue (3.9242384239 -25.9402281096)
continue (3.9261489587 -26.0187126559)
continue (3.9280613547 -26.1134017965)
continue (3.9299756146 -26.2345633463)
continue (3.9318917412 -26.4053010730)
continue (3.9338097371 -26.6993857885)
continue (3.9363586419 -50.0000000000)
continue (3.9367522778 -26.0985490882)
continue (3.9370218983 -26.1447709157)
continue (3.9383150403 -26.1957236840)
continue (3.9396090321 -26.2528237832)
continue (3.9409038745 -26.3181764309)
continue (3.9421995683 -26.3950503849)
continue (3.9434961144 -26.4889321995)
continue (3.9447935136 -26.6101167719)
continue (3.9460917668 -26.7817253721)
continue (3.9473908747 -27.0775416404)
continue (3.9482973380 -50.0000000000)
continue (3.9486921677 -26.3900249364)
continue (3.9496321357 -26.4348492935)
continue (3.9505738819 -26.4846844851)
continue (3.9515160773 -26.5409810259)
continue (3.9524587222 -26.6058509431)
continue (3.9534018169 -26.6825719849)
continue (3.9543453619 -26.7766383649)
continue (3.9552893573 -26.8983461182)
continue (3.9562338035 -27.0708217272)
continue (3.9571787009 -27.3678492369)
continue (3.9585882954 -50.0000000000)
continue (3.9589841543 -26.2827013433)
continue (3.9967852000 -29.4369638323)
continue (3.9971848786 -29.4369638323)
continue (4.1935896254 -30.1064489994)
continue (4.3980068803 -30.4926624210)
continue (4.6140102562 -30.5808268681)
continue (4.8420139512 -30.5769499065)
continue (5.0795263412 -30.5584690213)
continue (5.3290469334 -30.5376552082)
continue (5.5905952491 -30.5161077264)
continue (5.8640091738 -30.4938698279)
continue (6.1530521648 -30.4710770939)
continue (6.4537324760 -30.4478683050)
continue (6.7752195212 -30.4240434875)
continue (7.1026268559 -30.3998520362)
continue (7.4571769690 -30.3752227055)
continue (7.8220345546 -30.3501110651)
continue (8.2022234528 -30.3245774268)
continue (8.6049766346 -30.2987707887)
continue (9.0313877662 -30.2725808929)
continue (9.4736149871 -30.2460120653)
continue (9.9396490577 -30.2185145946)
continue (10.4275892620 -30.1898392362)
continue (10.9395801393 -30.1607916182)
continue (11.4769146802 -30.1311655809)
continue (12.0410547781 -30.0379195141)
continue (12.6319243916 -29.9270189157)
continue (13.2528654102 -29.8208319310)
continue (13.9039826916 -29.7186070455)
continue (14.5849395904 -29.6145110791)
continue (15.3025529069 -29.5130238271)
continue (16.0547397041 -29.4157744181)
continue (16.8410095289 -29.3180127369)
continue (17.6704872136 -29.2209073224)
continue (18.5367580473 -29.1283367133)
continue (19.4465861205 -29.0403574351)
continue (20.4045460279 -28.9567188609)
continue (21.4063196055 -28.8891034227)
continue (22.4560627306 -28.8177057805)
continue (23.5591268254 -28.7320784754)
continue (24.7156773965 -28.6545204293)
continue (25.9324708482 -28.5799852268)
continue (27.2020007644 -28.5023591972)
continue (28.5395247606 -28.4320865937)
continue (29.9463366943 -28.3703048118)
continue (31.4121691006 -28.3041909463)
continue (32.9572161160 -28.2364054708)
continue (34.5700692567 -28.1665979343)
continue (36.2765535672 -28.1059244233)
continue (38.0487275828 -28.0521132460)
continue (39.9153318269 -28.0227343817)
continue (41.8780802209 -27.9786606924)
continue (43.9376579367 -27.9151728121)
continue (46.0934256756 -27.8542263808)
continue (48.3687380896 -27.7932458974)
continue (50.7386985305 -27.7309053110)
continue (53.2282141126 -27.6751692186)
continue (55.8374402946 -27.6223428726)
continue (58.6023810680 -27.5617224556)
continue (61.4475404995 -27.5052132950)
continue (64.4916507861 -27.4532649699)
continue (67.6515980406 -27.3959273578)
continue (70.9709521501 -27.3383843872)
continue (74.4499203927 -27.2816171414)
continue (78.0862918258 -27.2268978263)
continue (81.9484735258 -27.1731530327)
continue (85.9685873214 -27.1157894930)
continue (90.2244579809 -27.0587771713)
continue (94.6279362001 -27.0025396708)
continue (99.2773750525 -26.9484969938)
continue (104.1567065501 -26.8960124906)
continue (109.2777342136 -26.8452429687)
continue (114.6392031208 -26.7927897911)
continue (120.2675235063 -26.7407361767)
continue (126.1793167554 -26.6906436567)
continue (132.3746405589 -26.6440005940)
continue (138.8703178310 -26.5986258970)
continue (145.6861751570 -26.5502759673)
continue (152.8458613900 -26.5037191885)
continue (160.3496437810 -26.4599141656)
continue (168.2235602007 -26.4194213378)
continue (176.4995207451 -26.3823679782)
continue (185.1792370671 -26.3468770928)
continue (194.2585857189 -26.3103291806)
continue (203.8172725581 -26.2768365223)
continue (213.8120660740 -26.2479466246)
continue (224.3394942411 -26.2190562783)
continue (235.3478888448 -26.1910152784)
continue (246.8889259299 -26.1647959218)
continue (259.0298537826 -26.1375484375)
continue (271.6955949932 -26.1116086884)
continue (285.0381687855 -26.0910551227)
continue (299.0702414201 -26.0728052210)
continue (313.7971851264 -26.0549865159)
continue (329.2149658986 -26.0383322917)
continue (345.3077020111 -26.0236521422)
continue (362.3328133627 -26.0111437757)
continue (380.1698062608 -26.0014452837)
continue (398.8039499375 -25.9948742390)
continue (418.3962468353 -25.9905382488)
continue (438.9532878647 -25.9887639665)
continue (460.4684313326 -25.9899589020)
continue (483.1744568437 -25.9954262291)
continue (506.8225948872 -26.0034187904)
continue (531.6610417778 -26.0111681643)
continue (557.6909581439 -26.0150515522)
continue (585.2710504863 -26.0163114781)
continue (614.0613380102 -26.0188016802)
continue (644.0049650934 -26.0214912055)
continue (675.5129915546 -26.0242022426)
continue (709.1572183714 -26.0281811671)
continue (743.8914494753 -26.0331358880)
continue (780.1943712390 -26.0384348500)
continue (818.7484506803 -26.0434187183)
continue (858.8756132019 -26.0478817450)
continue (901.3521519359 -26.0521474002)
continue (945.2977444058 -26.0562130769)
continue (991.6933568475 -26.0604145086)
continue (1040.3779262555 -26.0647086644)
continue (1091.4684700050 -26.0689438835)
continue (1145.0955335602 -26.0732709523)
continue (1201.4067575573 -26.0782639827)
continue (1260.3969925411 -26.0841024977)
continue (1322.2098456285 -26.0907171828)
continue (1387.2233606442 -26.0983579180)
continue (1455.2331932405 -26.1074115512)
continue (1526.6661511261 -26.1181891249)
continue (1601.8052831907 -26.1307071411)
continue (1680.3743787704 -26.1441426484)
continue (1762.9464608381 -26.1583806865)
continue (1849.5372957321 -26.1738105012)
continue (1940.5175161993 -26.1908185826)
continue (2035.8959463968 -26.2085901974)
continue (2135.6152463257 -26.2269754713)
continue (2240.6368960098 -26.2468593974)
continue (2350.4437080402 -26.2681019974)
continue (2466.2165780979 -26.2901830588)
continue (2587.3566882657 -26.3120215627)
continue (2714.5279285290 -26.3339891584)
continue (2847.7094550225 -26.3572262593)
continue (2987.7607396957 -26.3812519386)
continue (3133.6555213452 -26.4052552362)
continue (3288.5854406611 -26.4289133729)
continue (3449.1560393913 -26.4527013778)
continue (3619.0112216330 -26.4772225362)
continue (3796.9459400300 -26.5023820660)
continue (3982.8104266049 -26.5280660300)
continue (4178.2073617936 -26.5541185186)
continue (4383.1987763694 -26.5801830747)
continue (4600.0354649530 -26.6065145666)
continue (4826.6261949533 -26.6337932816)
continue (5062.5945867066 -26.6613148110)
continue (5310.4139021398 -26.6889978487)
continue (5573.4986275669 -26.7172053056)
continue (5845.2022168518 -26.7454469589)
continue (6132.3487591332 -26.7735857029)
continue (6435.5015932711 -26.8028531656)
continue (6750.1261156088 -26.8330519283)
continue (7080.5518695197 -26.8632835710)
continue (7426.7891247530 -26.8930701399)
continue (7795.2696801299 -26.9232274344)
continue (8180.1348797773 -26.9536797466)
continue (8580.6687910282 -26.9847591466)
continue (8995.7258204066 -27.0177339693)
continue (9442.2031458625 -27.0506861652)
continue (9905.0763652956 -27.0826611002)
continue (10391.9149915291 -27.1142940376)
continue (10902.9316296625 -27.1464661098)
continue (11438.0196511509 -27.1799659938)
continue (11999.8291494231 -27.2132815675)
continue (12588.2998426190 -27.2459174835)
continue (13206.7684870607 -27.2787300753)
continue (13855.3599757821 -27.3115543114)
continue (14536.0827182516 -27.3443749625)
continue (15251.3309725053 -27.3770820010)
continue (15998.3677248453 -27.4096619677)
continue (16785.1726949197 -27.4425990611)
continue (17609.0246494143 -27.4759018939)
continue (18476.6225792212 -27.5100034558)
continue (19380.4131349892 -27.5454923501)
continue (20336.2424817494 -27.5814821488)
continue (21331.1569664605 -27.6173070681)
continue (22378.8562280744 -27.6536075372)
continue (23480.2119455602 -27.6902468825)
continue (24635.4967722950 -27.7281690060)
continue (25844.2151334995 -27.7671798319)
continue (27112.9730915558 -27.8064198667)
continue (28441.5426219473 -27.8459051853)
continue (29838.4749707659 -27.8859810674)
continue (31304.2605842388 -27.9272133417)
continue (32838.4513732321 -27.9703300468)
continue (34452.4395314628 -28.0148696115)
continue (36147.0458392380 -28.0595093760)
continue (37922.0568292630 -28.1041721024)
continue (39793.3198955105 -28.1494129677)
continue (41743.7941185154 -28.1964329897)
continue (43789.8618744445 -28.2450352298)
continue (45953.9599398483 -28.2955570723)
continue (48189.6893499308 -28.3482734029)
continue (50569.7572479018 -28.4027675796)
continue (53042.3181377876 -28.4585744711)
continue (55666.8922179103 -28.5157449770)
continue (58377.1316852781 -28.5745460093)
continue (61241.0635488703 -28.6355923859)
continue (64264.2472219458 -28.6983420988)
continue (67401.4072194668 -28.7625866406)
continue (70750.5454663968 -28.8288665550)
continue (74207.4125087289 -28.8967369936)
continue (77819.5581218780 -28.9670562948)
continue (81654.7513984938 -29.0400233841)
continue (85725.9666610716 -29.1151707938)
continue (89868.5429592890 -29.1930621172)
continue (94314.5338032696 -29.2734860306)
continue (98943.2166783052 -29.3577053637)
continue (103800.7774925608 -29.4451624954)
continue (108899.0231366146 -29.5359188764)
continue (114251.1315956859 -29.6320091165)
continue (119856.2443255545 -29.7308733992)
continue (125744.0355467353 -29.8317619571)
continue (131933.8389470379 -29.9375203195)
continue (138406.2918601444 -30.0460730629)
continue (145198.6975154861 -30.1583595602)
continue (152334.8421275812 -30.2759927158)
continue (159815.3324460174 -30.3979126441)
continue (167666.4260546809 -30.5260364356)
continue (175886.3203256497 -30.6582069530)
continue (184541.7224801926 -30.7942653163)
continue (193598.2633539815 -30.9397460768)
continue (203090.4893263185 -31.0913240734)
continue (213112.0265685666 -31.2523274399)
continue (223568.9464198211 -31.4252926862)
continue (234560.3669516579 -31.6116641590)
continue (246022.4151207319 -31.8308711558)
continue (258149.2990388642 -32.1047204499)
continue (270807.4370303688 -32.5345480350)
continue (284149.3687580888 -33.2450217349)
continue (298091.9285597615 -33.2777510212)
continue (312720.3245048699 -33.3104420876)
continue (328029.8868276425 -33.3431492174)
continue (344134.0731144981 -33.3757774914)
continue (361040.8183863672 -33.4085335341)
continue (378747.7246912680 -33.4412409579)
continue (397412.5711326607 -33.4739342855)
continue (416865.0620343966 -33.5065364266)
continue (437478.1687984592 -33.5392730538)
continue (458845.4308193308 -33.5719546789)
continue (481387.7578484896 -33.6047123352)
continue (505136.9321547621 -33.6373653055)
continue (529806.4102367389 -33.6700613459)
continue (555989.6434455100 -33.7028306991)
continue (583397.5836153590 -33.7354807142)
continue (611999.3456059039 -33.7680251918)
continue (3672982.7714921040 -34.8438615922)
continue (3709712.5992070250 -50.0000000000)
continue (7354000.0000000000 -50.0000000000)
f(nu) = -21.9567968800 at 1.0000000000 Ryd
