# Haardt & Madau (2011)
# z = 0.995262
# E [Ryd] log (J_nu)
interpolate (0.0000000100 -50.0000000000)
continue (0.0090035365 -50.0000000000)
continue (0.0090944813 -19.3624228522)
continue (0.0095460614 -19.3540163618)
continue (0.0100150239 -19.3434290827)
continue (0.0105069414 -19.3304689402)
continue (0.0110229470 -19.3153644053)
continue (0.0115643024 -19.2983636529)
continue (0.0121324328 -19.2799487261)
continue (0.0127271931 -19.2600337464)
continue (0.0133518978 -19.2388500937)
continue (0.0140087168 -19.2167165914)
continue (0.0146954850 -19.1938764036)
continue (0.0154190698 -19.1704128216)
continue (0.0161744236 -19.1460803543)
continue (0.0169695908 -19.1205911913)
continue (0.0178051392 -19.0940714901)
continue (0.0186773319 -19.0670770610)
continue (0.0195971403 -19.0397935259)
continue (0.0205564409 -19.0130476984)
continue (0.0215684503 -18.9884455614)
continue (0.0226289304 -18.9644259568)
continue (0.0237370937 -18.9390155042)
continue (0.0249048108 -18.9150844787)
continue (0.0261257748 -18.8932165197)
continue (0.0274065271 -18.8714269602)
continue (0.0287556651 -18.8482862207)
continue (0.0301644166 -18.8259108147)
continue (0.0316522065 -18.8065756097)
continue (0.0332094397 -18.7912191485)
continue (0.0348343664 -18.7752484679)
continue (0.0365530295 -18.7560685708)
continue (0.0383368543 -18.7398428868)
continue (0.0402325398 -18.7292453857)
continue (0.0422078289 -18.7220957773)
continue (0.0442792529 -18.7175487592)
continue (0.0464458219 -18.7157003649)
continue (0.0487308570 -18.7160254893)
continue (0.0511373191 -18.7197940501)
continue (0.0536354930 -18.7276115766)
continue (0.0562510510 -18.7365187293)
continue (0.0590198851 -18.7455184658)
continue (0.0619488121 -18.7534758739)
continue (0.0649513204 -18.7611778184)
continue (0.0681575935 -18.7694305628)
continue (0.0715280240 -18.7780030407)
continue (0.0750014013 -18.7874868530)
continue (0.0786931801 -18.7981677962)
continue (0.0825423030 -18.8096787901)
continue (0.0866223408 -18.8221914949)
continue (0.0908541401 -18.8371612963)
continue (0.0953507404 -18.8526661140)
continue (0.1000293113 -18.8697103302)
continue (0.1049484079 -18.8877871870)
continue (0.1100962940 -18.9062998850)
continue (0.1155110946 -18.9261444918)
continue (0.1211791257 -18.9473251403)
continue (0.1271298864 -18.9694389486)
continue (0.1333821759 -18.9923437609)
continue (0.1399365826 -19.0177978119)
continue (0.1467891472 -19.0449414446)
continue (0.1540082856 -19.0739045438)
continue (0.1615721677 -19.1047456726)
continue (0.1695065152 -19.1371332634)
continue (0.1778429012 -19.1705283090)
continue (0.1865821101 -19.2037339887)
continue (0.1957188629 -19.2396622131)
continue (0.2053328133 -19.2778937613)
continue (0.2154295569 -19.3146947474)
continue (0.2260086869 -19.3513386473)
continue (0.2371238682 -19.3811884821)
continue (0.2487761468 -19.3986921728)
continue (0.2609584839 -19.4107982372)
continue (0.2738182168 -19.4220144128)
continue (0.2872846865 -19.4326881851)
continue (0.3013449159 -19.4431033170)
continue (0.3161925835 -19.4534041632)
continue (0.3317317166 -19.4626766524)
continue (0.3479446451 -19.4723143950)
continue (0.3650909558 -19.4832300873)
continue (0.3830462487 -19.4960978410)
continue (0.4017932212 -19.5132802706)
continue (0.4214926113 -19.5352175555)
continue (0.4421479988 -19.5606377662)
continue (0.4639852473 -19.5903824924)
continue (0.4867879410 -19.6257709342)
continue (0.5105137398 -19.6641848424)
continue (0.5357242949 -19.7057124982)
continue (0.5621634951 -19.7505181911)
continue (0.5898168451 -19.7964735000)
continue (0.6186469963 -19.8470877095)
continue (0.6490505880 -19.9031884301)
continue (0.6810665363 -19.9666745114)
continue (0.7141591110 -20.0454120967)
continue (0.7493972250 -20.1180156787)
continue (0.7494721647 -20.2576908528)
continue (0.7862528262 -20.3567220600)
continue (0.8246760413 -20.5050449912)
continue (0.8288691440 -20.5316140425)
continue (0.8329223494 -20.5510364817)
continue (0.8369692640 -20.5706443296)
continue (0.8410246471 -20.5904375780)
continue (0.8450724969 -20.6104367055)
continue (0.8491278496 -20.6304381507)
continue (0.8531743819 -20.6497647483)
continue (0.8572274097 -20.6682434766)
continue (0.8612784258 -20.6873126886)
continue (0.8654007841 -20.7070093092)
continue (0.8695793897 -20.7402977040)
continue (0.8738320602 -20.7702454816)
continue (0.8780757618 -20.7971482447)
continue (0.8823267095 -20.8247121645)
continue (0.8865758872 -20.8530140324)
continue (0.8881744889 -20.8657102864)
continue (0.8882633063 -20.8583671163)
continue (0.8908313543 -20.8751290341)
continue (0.8950839085 -20.9037885044)
continue (0.8993328783 -20.9305980141)
continue (0.9035775804 -20.9580094309)
continue (0.9076364797 -20.9860702607)
continue (0.9122887891 -21.0372866336)
continue (0.9167473412 -21.0840698401)
continue (0.9212068475 -21.1265093319)
continue (0.9256657564 -21.1721428406)
continue (0.9301243670 -21.2216301974)
continue (0.9345830023 -21.2758132809)
continue (0.9370355019 -21.3081860274)
continue (0.9371292055 -21.3044284449)
continue (0.9390420102 -21.3260845466)
continue (0.9435007865 -21.3775877549)
continue (0.9479597018 -21.4342069763)
continue (0.9524111890 -21.4973049978)
continue (0.9531314168 -21.5100693133)
continue (0.9538447474 -21.5231670485)
continue (0.9545581467 -21.5359365243)
continue (0.9552716124 -21.5483777876)
continue (0.9559851426 -21.5604904812)
continue (0.9566987351 -21.5722743923)
continue (0.9574113820 -21.5837322699)
continue (0.9581250913 -21.5948641458)
continue (0.9588388566 -21.6056721766)
continue (0.9595314579 -21.6161878285)
continue (0.9596274111 -21.6138388538)
continue (0.9607717508 -21.6309502563)
continue (0.9619918963 -21.6471593455)
continue (0.9632120904 -21.6624692554)
continue (0.9644323218 -21.6769042072)
continue (0.9656525788 -21.6904881962)
continue (0.9668728501 -21.7032505841)
continue (0.9680931239 -21.7152201074)
continue (0.9693133886 -21.7264280019)
continue (0.9705336324 -21.7369072045)
continue (0.9717072143 -21.7466976384)
continue (0.9718043851 -21.7451535154)
continue (0.9724932560 -21.7506456368)
continue (0.9732327551 -21.7559993471)
continue (0.9739723387 -21.7611265321)
continue (0.9747120047 -21.7660326348)
continue (0.9754507067 -21.7707257431)
continue (0.9761905291 -21.7752157351)
continue (0.9769304274 -21.7795081074)
continue (0.9776693502 -21.7836097221)
continue (0.9784093917 -21.7875273400)
continue (0.9791200447 -21.7912377636)
continue (0.9792179567 -21.7900642713)
continue (0.9796263306 -21.7923565054)
continue (0.9801046776 -21.7946111130)
continue (0.9805824369 -21.7967996277)
continue (0.9810606622 -21.7989219782)
continue (0.9815393541 -21.8009798909)
continue (0.9820174552 -21.8029761657)
continue (0.9824949629 -21.8049134516)
continue (0.9829729353 -21.8067929358)
continue (0.9834513729 -21.8086138271)
continue (0.9838771600 -21.8103565609)
continue (0.9839755477 -21.8094111077)
continue (0.9842533484 -21.8105583360)
continue (0.9845776963 -21.8116983288)
continue (0.9849011935 -21.8128155979)
continue (0.9852259686 -21.8139109877)
continue (0.9855498921 -21.8149814796)
continue (0.9858740286 -21.8160297343)
continue (0.9861983784 -21.8170555839)
continue (0.9865229417 -21.8180617287)
continue (0.9868466500 -21.8190461945)
continue (0.9871812649 -21.8200055848)
continue (0.9872799830 -21.8193261525)
continue (0.9874069640 -21.8198751925)
continue (0.9876424000 -21.8205532997)
continue (0.9878790193 -21.8212198765)
continue (0.9881146805 -21.8218748680)
continue (0.9883504542 -21.8225240101)
continue (0.9885863405 -21.8231585772)
continue (0.9888223393 -21.8237872141)
continue (0.9890584509 -21.8244040785)
continue (0.9892936012 -21.8250112299)
continue (0.9895396087 -21.8256401190)
continue (0.9896385626 -21.8249518000)
continue (0.9991963000 -21.8429962650)
continue (1.0439535177 -21.8758157965)
continue (1.0951412398 -21.9108359647)
continue (1.1489938540 -21.9445512857)
continue (1.2053796635 -21.9776848266)
continue (1.2645948177 -22.0102317275)
continue (1.3266371024 -22.0419970292)
continue (1.3918848719 -22.0730634737)
continue (1.4601298279 -22.1036448464)
continue (1.5320561964 -22.1336957409)
continue (1.6071728847 -22.1633955555)
continue (1.6862824308 -22.1926030315)
continue (1.7691070192 -22.2215960586)
continue (1.8559409890 -22.2504379558)
continue (1.9471517641 -22.2794597994)
continue (2.0427415952 -22.3096960177)
continue (2.1431491665 -22.3412660368)
continue (2.2483765744 -22.3745899193)
continue (2.3583515155 -22.4096774949)
continue (2.4742520380 -22.4438168199)
continue (2.5962023522 -22.4773122038)
continue (2.7234519594 -22.5124223208)
continue (2.8575322220 -22.5493741242)
continue (2.9975889000 -22.5874616311)
continue (2.9978886589 -22.6771688396)
continue (3.1444686874 -22.7260214425)
continue (3.2993013237 -22.7763604395)
continue (3.3154826074 -22.7803417461)
continue (3.3316772167 -22.7851525140)
continue (3.3478832060 -22.7901534863)
continue (3.3640861692 -22.7952980124)
continue (3.3802962572 -22.8005750273)
continue (3.3964987387 -22.8059572398)
continue (3.4127039181 -22.8114336792)
continue (3.4289096388 -22.8169756513)
continue (3.4451137031 -22.8225653141)
continue (3.4609457866 -22.8281911940)
continue (3.4783175587 -22.8326164686)
continue (3.4953148337 -22.8375051431)
continue (3.5123165848 -22.8426335356)
continue (3.5293205071 -22.8479593406)
continue (3.5463242500 -22.8534693580)
continue (3.5540835632 -22.8559875918)
continue (3.5544389716 -22.8399175757)
continue (3.5633254174 -22.8428183654)
continue (3.5803215672 -22.8484688802)
continue (3.5973244128 -22.8542009594)
continue (3.6143174892 -22.8600071209)
continue (3.6319929279 -22.8658173738)
continue (3.6491551562 -22.8698660505)
continue (3.6669967430 -22.8747807029)
continue (3.6848199399 -22.8800014428)
continue (3.7026667870 -22.8854791159)
continue (3.7204898731 -22.8911891616)
continue (3.7383320094 -22.8970855526)
continue (3.7485274603 -22.9003865851)
continue (3.7489023131 -22.8912895412)
continue (3.7561602994 -22.8940131100)
continue (3.7740031459 -22.9000796642)
continue (3.7918427517 -22.9062449253)
continue (3.8096447559 -22.9124838726)
continue (3.8125296550 -22.9125125824)
continue (3.8153869771 -22.9131909797)
continue (3.8182325867 -22.9138788837)
continue (3.8210824441 -22.9145763382)
continue (3.8239365589 -22.9152856638)
continue (3.8267949406 -22.9160069168)
continue (3.8296415044 -22.9167365598)
continue (3.8324923062 -22.9174772599)
continue (3.8353473554 -22.9182274162)
continue (3.8385300152 -22.9191054099)
continue (3.8389138682 -22.9131964767)
continue (3.8430951071 -22.9143884489)
continue (3.8479635231 -22.9157159841)
continue (3.8528442893 -22.9170682023)
continue (3.8577374527 -22.9184426902)
continue (3.8626103154 -22.9198409666)
continue (3.8674955038 -22.9212596151)
continue (3.8723766094 -22.9227011369)
continue (3.8772535543 -22.9241597643)
continue (3.8821262604 -22.9256393235)
continue (3.8876579591 -22.9271660922)
continue (3.8880467249 -22.9228681844)
continue (3.8899647214 -22.9238813378)
continue (3.8929227052 -22.9247947999)
continue (3.8958851910 -22.9257151957)
continue (3.8988521891 -22.9266412244)
continue (3.9018070032 -22.9275715741)
continue (3.9047662995 -22.9285089618)
continue (3.9077133308 -22.9294497271)
continue (3.9106815965 -22.9303986021)
continue (3.9136375668 -22.9313495549)
continue (3.9160594139 -22.9322514804)
continue (3.9164510198 -22.9293812134)
continue (3.9185011099 -22.9298307659)
continue (3.9204229271 -22.9304507383)
continue (3.9223297476 -22.9310705905)
continue (3.9242384239 -22.9316936932)
continue (3.9261489587 -22.9323200593)
continue (3.9280613547 -22.9329449587)
continue (3.9299756146 -22.9335744958)
continue (3.9318917412 -22.9342025687)
continue (3.9338097371 -22.9348339330)
continue (3.9363586419 -22.9353792297)
continue (3.9367522778 -22.9329972849)
continue (3.9370218983 -22.9335105063)
continue (3.9383150403 -22.9339377857)
continue (3.9396090321 -22.9343678653)
continue (3.9409038745 -22.9347959896)
continue (3.9421995683 -22.9352282879)
continue (3.9434961144 -22.9356596481)
continue (3.9447935136 -22.9360928074)
continue (3.9460917668 -22.9365250276)
continue (3.9473908747 -22.9369590513)
continue (3.9482973380 -22.9373971235)
continue (3.9486921677 -22.9356177876)
continue (3.9496321357 -22.9358125515)
continue (3.9505738819 -22.9361262166)
continue (3.9515160773 -22.9364424992)
continue (3.9524587222 -22.9367590123)
continue (3.9534018169 -22.9370733619)
continue (3.9543453619 -22.9373903354)
continue (3.9552893573 -22.9377089155)
continue (3.9562338035 -22.9380263533)
continue (3.9571787009 -22.9383440234)
continue (3.9585882954 -22.9385296746)
continue (3.9589841543 -22.9372597007)
continue (3.9967852000 -22.9503402004)
continue (3.9971848786 -22.9503402004)
continue (4.1935896254 -23.0303906939)
continue (4.3980068803 -23.0643837569)
continue (4.6140102562 -23.0861946025)
continue (4.8420139512 -23.1057856696)
continue (5.0795263412 -23.1255615976)
continue (5.3290469334 -23.1459926744)
continue (5.5905952491 -23.1670081759)
continue (5.8640091738 -23.1884627806)
continue (6.1530521648 -23.2102289189)
continue (6.4537324760 -23.2321222799)
continue (6.7752195212 -23.2539473396)
continue (7.1026268559 -23.2755514593)
continue (7.4571769690 -23.2967870352)
continue (7.8220345546 -23.3176462655)
continue (8.2022234528 -23.3380388142)
continue (8.6049766346 -23.3579087738)
continue (9.0313877662 -23.3771893548)
continue (9.4736149871 -23.3961323529)
continue (9.9396490577 -23.4147948510)
continue (10.4275892620 -23.4333374367)
continue (10.9395801393 -23.4519217885)
continue (11.4769146802 -23.4707745687)
continue (12.0410547781 -23.4898454833)
continue (12.6319243916 -23.5094590822)
continue (13.2528654102 -23.5294655152)
continue (13.9039826916 -23.5501695864)
continue (14.5849395904 -23.5715257303)
continue (15.3025529069 -23.5935373441)
continue (16.0547397041 -23.6162980780)
continue (16.8410095289 -23.6397480272)
continue (17.6704872136 -23.6639341806)
continue (18.5367580473 -23.6888303993)
continue (19.4465861205 -23.7143383556)
continue (20.4045460279 -23.7404796892)
continue (21.4063196055 -23.7674368421)
continue (22.4560627306 -23.7947197963)
continue (23.5591268254 -23.8224906072)
continue (24.7156773965 -23.8510037695)
continue (25.9324708482 -23.8796592375)
continue (27.2020007644 -23.9090190187)
continue (28.5395247606 -23.9386148872)
continue (29.9463366943 -23.9683479656)
continue (31.4121691006 -23.9986158020)
continue (32.9572161160 -24.0291090626)
continue (34.5700692567 -24.0598558199)
continue (36.2765535672 -24.0907839633)
continue (38.0487275828 -24.1219348879)
continue (39.9153318269 -24.1531898110)
continue (41.8780802209 -24.1846527731)
continue (43.9376579367 -24.2162426705)
continue (46.0934256756 -24.2479579632)
continue (48.3687380896 -24.2797233825)
continue (50.7386985305 -24.3113470609)
continue (53.2282141126 -24.3419782423)
continue (55.8374402946 -24.3705821015)
continue (58.6023810680 -24.3970906095)
continue (61.4475404995 -24.4214978772)
continue (64.4916507861 -24.4431998288)
continue (67.6515980406 -24.4618160361)
continue (70.9709521501 -24.4783215077)
continue (74.4499203927 -24.4943676094)
continue (78.0862918258 -24.5097509587)
continue (81.9484735258 -24.5244368550)
continue (85.9685873214 -24.5389551964)
continue (90.2244579809 -24.5532820610)
continue (94.6279362001 -24.5675918874)
continue (99.2773750525 -24.5812925690)
continue (104.1567065501 -24.5946633217)
continue (109.2777342136 -24.6075781629)
continue (114.6392031208 -24.6196907089)
continue (120.2675235063 -24.6314908639)
continue (126.1793167554 -24.6432814690)
continue (132.3746405589 -24.6550083322)
continue (138.8703178310 -24.6665790696)
continue (145.6861751570 -24.6779255196)
continue (152.8458613900 -24.6894940389)
continue (160.3496437810 -24.7014638153)
continue (168.2235602007 -24.7133236206)
continue (176.4995207451 -24.7251961131)
continue (185.1792370671 -24.7365459171)
continue (194.2585857189 -24.7473768867)
continue (203.8172725581 -24.7582358603)
continue (213.8120660740 -24.7691179747)
continue (224.3394942411 -24.7792333160)
continue (235.3478888448 -24.7890550313)
continue (246.8889259299 -24.7987244135)
continue (259.0298537826 -24.8079467100)
continue (271.6955949932 -24.8171946578)
continue (285.0381687855 -24.8275190513)
continue (299.0702414201 -24.8374968222)
continue (313.7971851264 -24.8475904043)
continue (329.2149658986 -24.8577326622)
continue (345.3077020111 -24.8683136056)
continue (362.3328133627 -24.8794878539)
continue (380.1698062608 -24.8912953619)
continue (398.8039499375 -24.9033550781)
continue (418.3962468353 -24.9156203994)
continue (438.9532878647 -24.9282422133)
continue (460.4684313326 -24.9410098951)
continue (483.1744568437 -24.9541644641)
continue (506.8225948872 -24.9675732246)
continue (531.6610417778 -24.9790802182)
continue (557.6909581439 -24.9884492359)
continue (585.2710504863 -24.9958417497)
continue (614.0613380102 -25.0033890186)
continue (644.0049650934 -25.0105972069)
continue (675.5129915546 -25.0175198223)
continue (709.1572183714 -25.0246566780)
continue (743.8914494753 -25.0318842510)
continue (780.1943712390 -25.0389014554)
continue (818.7484506803 -25.0454653654)
continue (858.8756132019 -25.0517192709)
continue (901.3521519359 -25.0578769119)
continue (945.2977444058 -25.0640224261)
continue (991.6933568475 -25.0702873125)
continue (1040.3779262555 -25.0768108303)
continue (1091.4684700050 -25.0836766179)
continue (1145.0955335602 -25.0909412912)
continue (1201.4067575573 -25.0989838202)
continue (1260.3969925411 -25.1078458588)
continue (1322.2098456285 -25.1175754006)
continue (1387.2233606442 -25.1284483061)
continue (1455.2331932405 -25.1405234202)
continue (1526.6661511261 -25.1538957141)
continue (1601.8052831907 -25.1683574132)
continue (1680.3743787704 -25.1838071670)
continue (1762.9464608381 -25.2003089673)
continue (1849.5372957321 -25.2178329750)
continue (1940.5175161993 -25.2365140514)
continue (2035.8959463968 -25.2559087029)
continue (2135.6152463257 -25.2760460593)
continue (2240.6368960098 -25.2972822682)
continue (2350.4437080402 -25.3193736665)
continue (2466.2165780979 -25.3420389146)
continue (2587.3566882657 -25.3647433675)
continue (2714.5279285290 -25.3879158252)
continue (2847.7094550225 -25.4118336486)
continue (2987.7607396957 -25.4363145403)
continue (3133.6555213452 -25.4608264166)
continue (3288.5854406611 -25.4853413933)
continue (3449.1560393913 -25.5101967396)
continue (3619.0112216330 -25.5356078990)
continue (3796.9459400300 -25.5616477226)
continue (3982.8104266049 -25.5879358607)
continue (4178.2073617936 -25.6147334227)
continue (4383.1987763694 -25.6415037997)
continue (4600.0354649530 -25.6687373344)
continue (4826.6261949533 -25.6967116856)
continue (5062.5945867066 -25.7248537445)
continue (5310.4139021398 -25.7532759885)
continue (5573.4986275669 -25.7822097913)
continue (5845.2022168518 -25.8112999010)
continue (6132.3487591332 -25.8404845967)
continue (6435.5015932711 -25.8703565055)
continue (6750.1261156088 -25.9008375467)
continue (7080.5518695197 -25.9314732867)
continue (7426.7891247530 -25.9621937191)
continue (7795.2696801299 -25.9932677993)
continue (8180.1348797773 -26.0246101596)
continue (8580.6687910282 -26.0565374573)
continue (8995.7258204066 -26.0893539409)
continue (9442.2031458625 -26.1221183459)
continue (9905.0763652956 -26.1544507898)
continue (10391.9149915291 -26.1867619323)
continue (10902.9316296625 -26.2195054845)
continue (11438.0196511509 -26.2528634850)
continue (11999.8291494231 -26.2860369602)
continue (12588.2998426190 -26.3189773838)
continue (13206.7684870607 -26.3519611426)
continue (13855.3599757821 -26.3851188691)
continue (14536.0827182516 -26.4184182487)
continue (15251.3309725053 -26.4519220418)
continue (15998.3677248453 -26.4855619116)
continue (16785.1726949197 -26.5197541880)
continue (17609.0246494143 -26.5543715162)
continue (18476.6225792212 -26.5898257521)
continue (19380.4131349892 -26.6261102518)
continue (20336.2424817494 -26.6629426369)
continue (21331.1569664605 -26.6999124811)
continue (22378.8562280744 -26.7373752519)
continue (23480.2119455602 -26.7756768942)
continue (24635.4967722950 -26.8151236806)
continue (25844.2151334995 -26.8550775171)
continue (27112.9730915558 -26.8957310033)
continue (28441.5426219473 -26.9369580918)
continue (29838.4749707659 -26.9788685805)
continue (31304.2605842388 -27.0221217960)
continue (32838.4513732321 -27.0667752138)
continue (34452.4395314628 -27.1124055448)
continue (36147.0458392380 -27.1587062435)
continue (37922.0568292630 -27.2056329195)
continue (39793.3198955105 -27.2536176461)
continue (41743.7941185154 -27.3032553979)
continue (43789.8618744445 -27.3545479693)
continue (45953.9599398483 -27.4077597414)
continue (48189.6893499308 -27.4628085724)
continue (50569.7572479018 -27.5196136694)
continue (53042.3181377876 -27.5777923109)
continue (55666.8922179103 -27.6373959314)
continue (58377.1316852781 -27.6987476912)
continue (61241.0635488703 -27.7624088355)
continue (64264.2472219458 -27.8275366299)
continue (67401.4072194668 -27.8947430427)
continue (70750.5454663968 -27.9638608005)
continue (74207.4125087289 -28.0347735856)
continue (77819.5581218780 -28.1082345554)
continue (81654.7513984938 -28.1840148194)
continue (85725.9666610716 -28.2621610134)
continue (89868.5429592890 -28.3430210702)
continue (94314.5338032696 -28.4264556765)
continue (98943.2166783052 -28.5132975958)
continue (103800.7774925608 -28.6027908045)
continue (108899.0231366146 -28.6952565592)
continue (114251.1315956859 -28.7915854941)
continue (119856.2443255545 -28.8895473682)
continue (125744.0355467353 -28.9889846835)
continue (131933.8389470379 -29.0910139356)
continue (138406.2918601444 -29.1936418647)
continue (145198.6975154861 -29.2972096898)
continue (152334.8421275812 -29.4004738145)
continue (159815.3324460174 -29.5016354939)
continue (167666.4260546809 -29.6003836742)
continue (175886.3203256497 -29.6922336406)
continue (184541.7224801926 -29.7761368604)
continue (193598.2633539815 -29.8536680182)
continue (203090.4893263185 -29.9207279045)
continue (213112.0265685666 -29.9767848679)
continue (223568.9464198211 -30.0237528772)
continue (234560.3669516579 -30.0614437630)
continue (246022.4151207319 -30.0949546646)
continue (258149.2990388642 -30.1276540470)
continue (270807.4370303688 -30.1603515687)
continue (284149.3687580888 -30.1930427946)
continue (298091.9285597615 -30.2257382120)
continue (312720.3245048699 -30.2584471297)
continue (328029.8868276425 -30.2911353015)
continue (344134.0731144981 -30.3237735149)
continue (361040.8183863672 -30.3565019286)
continue (378747.7246912680 -30.3892135361)
continue (397412.5711326607 -30.4218534128)
continue (416865.0620343966 -30.4545561091)
continue (437478.1687984592 -30.4872771368)
continue (458845.4308193308 -30.5199571709)
continue (481387.7578484896 -30.5526322162)
continue (505136.9321547621 -30.5853228913)
continue (529806.4102367389 -30.6180062792)
continue (555989.6434455100 -30.6507911173)
continue (583397.5836153590 -30.6834381214)
continue (611999.3456059039 -30.7161585510)
continue (3672982.7714921040 -31.7918601075)
continue (3709712.5992070250 -50.0000000000)
continue (7354000.0000000000 -50.0000000000)
f(nu) = -20.7443885980 at 1.0000000000 Ryd
