# Puchwein et al 2019
# z = 0.000000
# E [Ryd] log (J_nu)
interpolate (0.0000000100) (-50.0000000000)
continue (0.0007810860 dimensionless) (-50.0000000000)
continue (0.0007889757 dimensionless) (-19.0041893683)
continue (0.0008276721 dimensionless) (-19.0304443158)
continue (0.0008678733 dimensionless) (-19.0570499299)
continue (0.0009112670 dimensionless) (-19.0839673898)
continue (0.0009556071 dimensionless) (-19.1110907407)
continue (0.0010026042 dimensionless) (-19.1382864124)
continue (0.0010517855 dimensionless) (-19.1655157147)
continue (0.0011034960 dimensionless) (-19.1928033393)
continue (0.0011577525 dimensionless) (-19.2200429488)
continue (0.0012145368 dimensionless) (-19.2471068451)
continue (0.0012741429 dimensionless) (-19.2740067411)
continue (0.0013367566 dimensionless) (-19.3005959182)
continue (0.0014023807 dimensionless) (-19.3269790929)
continue (0.0014712092 dimensionless) (-19.3530084625)
continue (0.0015434739 dimensionless) (-19.3786159715)
continue (0.0016194544 dimensionless) (-19.4038429191)
continue (0.0016988571 dimensionless) (-19.4285240963)
continue (0.0017822550 dimensionless) (-19.4527176920)
continue (0.0018700328 dimensionless) (-19.4763835809)
continue (0.0019618234 dimensionless) (-19.4996262856)
continue (0.0020579652 dimensionless) (-19.5223000717)
continue (0.0021594004 dimensionless) (-19.5445460312)
continue (0.0022651429 dimensionless) (-19.5662301661)
continue (0.0023768048 dimensionless) (-19.5875394526)
continue (0.0024932065 dimensionless) (-19.6083592965)
continue (0.0026155768 dimensionless) (-19.6287473709)
continue (0.0027439535 dimensionless) (-19.6485902481)
continue (0.0028792005 dimensionless) (-19.6681679556)
continue (0.0030204407 dimensionless) (-19.6869768897)
continue (0.0031685222 dimensionless) (-19.7055337738)
continue (0.0033245785 dimensionless) (-19.7233084712)
continue (0.0034874358 dimensionless) (-19.7404061211)
continue (0.0036582375 dimensionless) (-19.7569619513)
continue (0.0038385298 dimensionless) (-19.7723703504)
continue (0.0040268094 dimensionless) (-19.7872798456)
continue (0.0042246962 dimensionless) (-19.8007935208)
continue (0.0044322323 dimensionless) (-19.8133261325)
continue (0.0046493213 dimensionless) (-19.8244881866)
continue (0.0048783028 dimensionless) (-19.8344589233)
continue (0.0051194774 dimensionless) (-19.8425432319)
continue (0.0053698702 dimensionless) (-19.8492435601)
continue (0.0056320579 dimensionless) (-19.8541822855)
continue (0.0059096431 dimensionless) (-19.8569851997)
continue (0.0061990950 dimensionless) (-19.8579235389)
continue (0.0065044038 dimensionless) (-19.8566728700)
continue (0.0068259698 dimensionless) (-19.8535618647)
continue (0.0071584208 dimensionless) (-19.8486301498)
continue (0.0075125059 dimensionless) (-19.8416375079)
continue (0.0078829323 dimensionless) (-19.8335698862)
continue (0.0082692103 dimensionless) (-19.8236193078)
continue (0.0086704755 dimensionless) (-19.8127613802)
continue (0.0090944807 dimensionless) (-19.8007935208)
continue (0.0095460609 dimensionless) (-19.7875460390)
continue (0.0100150233 dimensionless) (-19.7736579128)
continue (0.0105069407 dimensionless) (-19.7589518493)
continue (0.0110229463 dimensionless) (-19.7435227938)
continue (0.0115643017 dimensionless) (-19.7276941556)
continue (0.0121324320 dimensionless) (-19.7115271994)
continue (0.0127271923 dimensionless) (-19.6950788381)
continue (0.0133518970 dimensionless) (-19.6786087217)
continue (0.0140087159 dimensionless) (-19.6623411090)
continue (0.0146954841 dimensionless) (-19.6466609047)
continue (0.0154190689 dimensionless) (-19.6317131151)
continue (0.0161744226 dimensionless) (-19.6178027896)
continue (0.0169695898 dimensionless) (-19.6050232804)
continue (0.0178051382 dimensionless) (-19.5932895414)
continue (0.0186773308 dimensionless) (-19.5828605903)
continue (0.0195971392 dimensionless) (-19.5738141748)
continue (0.0205564397 dimensionless) (-19.5660702344)
continue (0.0215684490 dimensionless) (-19.5600360641)
continue (0.0226289290 dimensionless) (-19.5554867937)
continue (0.0237370922 dimensionless) (-19.5523769022)
continue (0.0249048093 dimensionless) (-19.5506759069)
continue (0.0261257732 dimensionless) (-19.5503673495)
continue (0.0274065254 dimensionless) (-19.5514482608)
continue (0.0287556633 dimensionless) (-19.5537735982)
continue (0.0301644148 dimensionless) (-19.5573634742)
continue (0.0316522046 dimensionless) (-19.5622494372)
continue (0.0332094377 dimensionless) (-19.5681539543)
continue (0.0348343643 dimensionless) (-19.5752816627)
continue (0.0365530273 dimensionless) (-19.5833594927)
continue (0.0383368519 dimensionless) (-19.5926090955)
continue (0.0402325373 dimensionless) (-19.6039751034)
continue (0.0422078263 dimensionless) (-19.6169030701)
continue (0.0442792503 dimensionless) (-19.6305985863)
continue (0.0464458191 dimensionless) (-19.6453154460)
continue (0.0487308541 dimensionless) (-19.6607473660)
continue (0.0511373160 dimensionless) (-19.6773672883)
continue (0.0536354897 dimensionless) (-19.6952941018)
continue (0.0562510476 dimensionless) (-19.7139928779)
continue (0.0590198815 dimensionless) (-19.7328282716)
continue (0.0619488083 dimensionless) (-19.7520267336)
continue (0.0649513165 dimensionless) (-19.7713430419)
continue (0.0681575894 dimensionless) (-19.7912899801)
continue (0.0715280197 dimensionless) (-19.8124792792)
continue (0.0750013968 dimensionless) (-19.8341623753)
continue (0.0786931754 dimensionless) (-19.8566728700)
continue (0.0825422981 dimensionless) (-19.8794260688)
continue (0.0866223356 dimensionless) (-19.9034375616)
continue (0.0908541347 dimensionless) (-19.9277501024)
continue (0.0953507346 dimensionless) (-19.9519468269)
continue (0.1000293052 dimensionless) (-19.9767475404)
continue (0.1049484016 dimensionless) (-20.0010000278)
continue (0.1100962874 dimensionless) (-20.0247980377)
continue (0.1155110877 dimensionless) (-20.0489540519)
continue (0.1211791185 dimensionless) (-20.0735546522)
continue (0.1271298787 dimensionless) (-20.0977794717)
continue (0.1333821679 dimensionless) (-20.1221681085)
continue (0.1399365741 dimensionless) (-20.1472151313)
continue (0.1467891383 dimensionless) (-20.1728246517)
continue (0.1540082763 dimensionless) (-20.1991455085)
continue (0.1615721579 dimensionless) (-20.2260673525)
continue (0.1695065050 dimensionless) (-20.2536772349)
continue (0.1778428905 dimensionless) (-20.2819137052)
continue (0.1865820989 dimensionless) (-20.3104247842)
continue (0.1957188511 dimensionless) (-20.3403689884)
continue (0.2053328010 dimensionless) (-20.3722246248)
continue (0.2154295439 dimensionless) (-20.4048345852)
continue (0.2260086733 dimensionless) (-20.4388986164)
continue (0.2371238540 dimensionless) (-20.4719836588)
continue (0.2487761318 dimensionless) (-20.5012760293)
continue (0.2609584682 dimensionless) (-20.5295895090)
continue (0.2738182004 dimensionless) (-20.5594057382)
continue (0.2872846692 dimensionless) (-20.5904049806)
continue (0.3013448978 dimensionless) (-20.6221475810)
continue (0.3161925645 dimensionless) (-20.6546262694)
continue (0.3317316967 dimensionless) (-20.6869768897)
continue (0.3479446242 dimensionless) (-20.7198771037)
continue (0.3650909338 dimensionless) (-20.7530093008)
continue (0.3830462256 dimensionless) (-20.7867479478)
continue (0.4017931970 dimensionless) (-20.8221750281)
continue (0.4214925859 dimensionless) (-20.8598063214)
continue (0.4421479723 dimensionless) (-20.8982529261)
continue (0.4639852194 dimensionless) (-20.9381706927)
continue (0.4867879118 dimensionless) (-20.9796387174)
continue (0.5105137091 dimensionless) (-21.0231000490)
continue (0.5357242627 dimensionless) (-21.0687964745)
continue (0.5621634613 dimensionless) (-21.1161115421)
continue (0.5898168096 dimensionless) (-21.1619068616)
continue (0.6186469591 dimensionless) (-21.2123270353)
continue (0.6490505490 dimensionless) (-21.2728655762)
continue (0.6810664954 dimensionless) (-21.3408447191)
continue (0.7141590680 dimensionless) (-21.4205594029)
continue (0.7493971799 dimensionless) (-21.5005878743)
continue (0.7493971799 dimensionless) (-21.6304131093)
continue (0.7862527790 dimensionless) (-21.7297871451)
continue (0.8246759917 dimensionless) (-21.8613815661)
continue (0.8288690942 dimensionless) (-21.8835915194)
continue (0.8329222993 dimensionless) (-21.9007891204)
continue (0.8369692137 dimensionless) (-21.9179690187)
continue (0.8410245965 dimensionless) (-21.9351154137)
continue (0.8450724461 dimensionless) (-21.9522424188)
continue (0.8491277985 dimensionless) (-21.9692222255)
continue (0.8531743306 dimensionless) (-21.9858996785)
continue (0.8572273582 dimensionless) (-22.0021721180)
continue (0.8612783740 dimensionless) (-22.0188471569)
continue (0.8654007320 dimensionless) (-22.0359290294)
continue (0.8695793374 dimensionless) (-22.0618311544)
continue (0.8738320076 dimensionless) (-22.0850410153)
continue (0.8780757090 dimensionless) (-22.1059975846)
continue (0.8823266565 dimensionless) (-22.1270429158)
continue (0.8865758338 dimensionless) (-22.1481982058)
continue (0.8881744355 dimensionless) (-22.1575155756)
continue (0.8881744355 dimensionless) (-22.1544678825)
continue (0.8908313008 dimensionless) (-22.1668420468)
continue (0.8950838547 dimensionless) (-22.1883921552)
continue (0.8993328242 dimensionless) (-22.2086469549)
continue (0.9035775261 dimensionless) (-22.2289191240)
continue (0.9076364251 dimensionless) (-22.2491831574)
continue (0.9122887342 dimensionless) (-22.2818206224)
continue (0.9167472861 dimensionless) (-22.3107346613)
continue (0.9212067921 dimensionless) (-22.3365827304)
continue (0.9256657008 dimensionless) (-22.3632594238)
continue (0.9301243111 dimensionless) (-22.3908742841)
continue (0.9345829462 dimensionless) (-22.4195061130)
continue (0.9370354456 dimensionless) (-22.4358075394)
continue (0.9370354456 dimensionless) (-22.4341521813)
continue (0.9390419537 dimensionless) (-22.4452928389)
continue (0.9435007297 dimensionless) (-22.4706081486)
continue (0.9479596448 dimensionless) (-22.4966806255)
continue (0.9524111317 dimensionless) (-22.5236031733)
continue (0.9531313595 dimensionless) (-22.5295748074)
continue (0.9538446901 dimensionless) (-22.5346156612)
continue (0.9545580893 dimensionless) (-22.5394870315)
continue (0.9552715550 dimensionless) (-22.5441916187)
continue (0.9559850851 dimensionless) (-22.5487356454)
continue (0.9566986776 dimensionless) (-22.5531227998)
continue (0.9574113244 dimensionless) (-22.5573587724)
continue (0.9581250337 dimensionless) (-22.5614481585)
continue (0.9588387990 dimensionless) (-22.5653943741)
continue (0.9595314002 dimensionless) (-22.5692801121)
continue (0.9595314002 dimensionless) (-22.5681539543)
continue (0.9607716931 dimensionless) (-22.5743891652)
continue (0.9619918385 dimensionless) (-22.5802259336)
continue (0.9632120325 dimensionless) (-22.5857137146)
continue (0.9644322638 dimensionless) (-22.5908736897)
continue (0.9656525208 dimensionless) (-22.5957240430)
continue (0.9668727920 dimensionless) (-22.6002847543)
continue (0.9680930657 dimensionless) (-22.6045740015)
continue (0.9693133303 dimensionless) (-22.6086096520)
continue (0.9705335740 dimensionless) (-22.6124073130)
continue (0.9717071559 dimensionless) (-22.6160052106)
continue (0.9717071559 dimensionless) (-22.6152882571)
continue (0.9724931975 dimensionless) (-22.6173257061)
continue (0.9732326966 dimensionless) (-22.6193149121)
continue (0.9739722802 dimensionless) (-22.6212370091)
continue (0.9747119461 dimensionless) (-22.6230892389)
continue (0.9754506480 dimensionless) (-22.6248798226)
continue (0.9761904704 dimensionless) (-22.6266061240)
continue (0.9769303686 dimensionless) (-22.6282747256)
continue (0.9776692914 dimensionless) (-22.6298867860)
continue (0.9784093329 dimensionless) (-22.6314453672)
continue (0.9791199858 dimensionless) (-22.6330170240)
continue (0.9791199858 dimensionless) (-22.6324577265)
continue (0.9796262717 dimensionless) (-22.6333548156)
continue (0.9801046187 dimensionless) (-22.6342799542)
continue (0.9805823779 dimensionless) (-22.6351883186)
continue (0.9810606032 dimensionless) (-22.6360760418)
continue (0.9815392951 dimensionless) (-22.6369448755)
continue (0.9820173961 dimensionless) (-22.6377965888)
continue (0.9824949039 dimensionless) (-22.6386310773)
continue (0.9829728762 dimensionless) (-22.6394482383)
continue (0.9834513138 dimensionless) (-22.6402498678)
continue (0.9838771009 dimensionless) (-22.6411137956)
continue (0.9838771009 dimensionless) (-22.6405439799)
continue (0.9842532892 dimensionless) (-22.6411290009)
continue (0.9845776371 dimensionless) (-22.6416462990)
continue (0.9849011343 dimensionless) (-22.6421546878)
continue (0.9852259094 dimensionless) (-22.6426579503)
continue (0.9855498328 dimensionless) (-22.6431541582)
continue (0.9858739693 dimensionless) (-22.6436451985)
continue (0.9861983191 dimensionless) (-22.6441272251)
continue (0.9865228824 dimensionless) (-22.6446059554)
continue (0.9868465907 dimensionless) (-22.6450775416)
continue (0.9871812055 dimensionless) (-22.6455073994)
continue (0.9871812055 dimensionless) (-22.6451235775)
continue (0.9874069046 dimensionless) (-22.6455246794)
continue (0.9876423407 dimensionless) (-22.6458569724)
continue (0.9878789599 dimensionless) (-22.6461856739)
continue (0.9881146211 dimensionless) (-22.6465127000)
continue (0.9883503948 dimensionless) (-22.6468341950)
continue (0.9885862810 dimensionless) (-22.6471559282)
continue (0.9888222799 dimensionless) (-22.6474721139)
continue (0.9890583914 dimensionless) (-22.6477865998)
continue (0.9892935417 dimensionless) (-22.6480993822)
continue (0.9895395492 dimensionless) (-22.6483969276)
continue (0.9895395492 dimensionless) (-22.6482036931)
continue (0.9991962399 dimensionless) (-22.6589613683)
continue (1.0439534549 dimensionless) (-22.6857113391)
continue (1.0951411739 dimensionless) (-22.7207894874)
continue (1.1489937849 dimensionless) (-22.7554754884)
continue (1.2053795910 dimensionless) (-22.7899491501)
continue (1.2645947416 dimensionless) (-22.8227521637)
continue (1.3266370226 dimensionless) (-22.8560488836)
continue (1.3918847882 dimensionless) (-22.8894102897)
continue (1.4601297401 dimensionless) (-22.9237237446)
continue (1.5320561043 dimensionless) (-22.9586073148)
continue (1.6071727880 dimensionless) (-22.9948194875)
continue (1.6862823294 dimensionless) (-23.0317973319)
continue (1.7691069129 dimensionless) (-23.0694075116)
continue (1.8559408774 dimensionless) (-23.1080724658)
continue (1.9471516470 dimensionless) (-23.1480082520)
continue (2.0427414724 dimensionless) (-23.1892299888)
continue (2.1431490377 dimensionless) (-23.2317319835)
continue (2.2483764392 dimensionless) (-23.2753964846)
continue (2.3583513737 dimensionless) (-23.3201180579)
continue (2.4742518893 dimensionless) (-23.3659259745)
continue (2.5962021961 dimensionless) (-23.4125135346)
continue (2.7234517956 dimensionless) (-23.4597957002)
continue (2.8575320502 dimensionless) (-23.5073792780)
continue (2.9975887198 dimensionless) (-23.5543957967)
continue (2.9975887198 dimensionless) (-23.6011922698)
continue (3.1444684983 dimensionless) (-23.6476245050)
continue (3.2993011253 dimensionless) (-23.6933605590)
continue (3.3154824080 dimensionless) (-23.6912307587)
continue (3.3316770164 dimensionless) (-23.6959470030)
continue (3.3478830047 dimensionless) (-23.7008916597)
continue (3.3640859670 dimensionless) (-23.7060124228)
continue (3.3802960540 dimensionless) (-23.7112724642)
continue (3.3964985345 dimensionless) (-23.7166377029)
continue (3.4127037129 dimensionless) (-23.7220769237)
continue (3.4289094326 dimensionless) (-23.7275642579)
continue (3.4451134960 dimensionless) (-23.7330795308)
continue (3.4609455785 dimensionless) (-23.7384992268)
continue (3.4783173495 dimensionless) (-23.7354088245)
continue (3.4953146235 dimensionless) (-23.7401171654)
continue (3.5123163736 dimensionless) (-23.7450605817)
continue (3.5293202949 dimensionless) (-23.7501855040)
continue (3.5463240368 dimensionless) (-23.7554507571)
continue (3.5540833495 dimensionless) (-23.7577070950)
continue (3.5540833495 dimensionless) (-23.7500682434)
continue (3.5633252031 dimensionless) (-23.7531298182)
continue (3.5803213519 dimensionless) (-23.7585830302)
continue (3.5973241965 dimensionless) (-23.7640803593)
continue (3.6143172719 dimensionless) (-23.7696021751)
continue (3.6319927095 dimensionless) (-23.7752080435)
continue (3.6491549368 dimensionless) (-23.7708610451)
continue (3.6669965225 dimensionless) (-23.7755601770)
continue (3.6848197184 dimensionless) (-23.7804993023)
continue (3.7026665643 dimensionless) (-23.7856251253)
continue (3.7204896494 dimensionless) (-23.7908926629)
continue (3.7383317846 dimensionless) (-23.7962601914)
continue (3.7485272350 dimensionless) (-23.7991495019)
continue (3.7485272350 dimensionless) (-23.7950664776)
continue (3.7561600736 dimensionless) (-23.7975689024)
continue (3.7740029190 dimensionless) (-23.8030504590)
continue (3.7918425237 dimensionless) (-23.8085517802)
continue (3.8096445268 dimensionless) (-23.8141746404)
continue (3.8125294258 dimensionless) (-23.8050030686)
continue (3.8153867477 dimensionless) (-23.8056549688)
continue (3.8182323571 dimensionless) (-23.8063161901)
continue (3.8210822144 dimensionless) (-23.8069839888)
continue (3.8239363290 dimensionless) (-23.8076611829)
continue (3.8267947105 dimensionless) (-23.8083450212)
continue (3.8296412741 dimensionless) (-23.8090355337)
continue (3.8324920757 dimensionless) (-23.8097327503)
continue (3.8353471248 dimensionless) (-23.8104395086)
continue (3.8385297844 dimensionless) (-23.8110715162)
continue (3.8385297844 dimensionless) (-23.8085489855)
continue (3.8430948760 dimensionless) (-23.8097523670)
continue (3.8479632917 dimensionless) (-23.8110012477)
continue (3.8528440576 dimensionless) (-23.8122650049)
continue (3.8577372208 dimensionless) (-23.8135465851)
continue (3.8626100831 dimensionless) (-23.8148404648)
continue (3.8674952713 dimensionless) (-23.8161467427)
continue (3.8723763766 dimensionless) (-23.8174683720)
continue (3.8772533211 dimensionless) (-23.8187997585)
continue (3.8821260270 dimensionless) (-23.8201409795)
continue (3.8876577253 dimensionless) (-23.8215986585)
continue (3.8876577253 dimensionless) (-23.8195873672)
continue (3.8899644875 dimensionless) (-23.8204711880)
continue (3.8929224712 dimensionless) (-23.8212992483)
continue (3.8958849568 dimensionless) (-23.8221288904)
continue (3.8988519547 dimensionless) (-23.8229601205)
continue (3.9018067686 dimensionless) (-23.8237958391)
continue (3.9047660647 dimensionless) (-23.8246331689)
continue (3.9077130959 dimensionless) (-23.8254750221)
continue (3.9106813613 dimensionless) (-23.8263185103)
continue (3.9136373315 dimensionless) (-23.8271607228)
continue (3.9160591784 dimensionless) (-23.8279811906)
continue (3.9160591784 dimensionless) (-23.8265223565)
continue (3.9185008743 dimensionless) (-23.8271869771)
continue (3.9204226914 dimensionless) (-23.8277357637)
continue (3.9223295118 dimensionless) (-23.8282852447)
continue (3.9242381880 dimensionless) (-23.8288354217)
continue (3.9261487226 dimensionless) (-23.8293862966)
continue (3.9280611185 dimensionless) (-23.8299378712)
continue (3.9299753783 dimensionless) (-23.8304901471)
continue (3.9318915048 dimensionless) (-23.8310431263)
continue (3.9338095006 dimensionless) (-23.8315968105)
continue (3.9363584053 dimensionless) (-23.8320921900)
continue (3.9363584053 dimensionless) (-23.8312079797)
continue (3.9370216616 dimensionless) (-23.8314642154)
continue (3.9383148035 dimensionless) (-23.8318385323)
continue (3.9396087952 dimensionless) (-23.8322161232)
continue (3.9409036375 dimensionless) (-23.8325910890)
continue (3.9421993313 dimensionless) (-23.8329693351)
continue (3.9434958773 dimensionless) (-23.8333449520)
continue (3.9447932764 dimensionless) (-23.8337208941)
continue (3.9460915295 dimensionless) (-23.8341001260)
continue (3.9473906374 dimensionless) (-23.8344767226)
continue (3.9482971006 dimensionless) (-23.8347556739)
continue (3.9482971006 dimensionless) (-23.8338660297)
continue (3.9496318982 dimensionless) (-23.8342780049)
continue (3.9505736443 dimensionless) (-23.8345538614)
continue (3.9515158397 dimensionless) (-23.8348269242)
continue (3.9524584845 dimensionless) (-23.8351031297)
continue (3.9534015792 dimensionless) (-23.8353765381)
continue (3.9543451241 dimensionless) (-23.8356501188)
continue (3.9552891195 dimensionless) (-23.8359268485)
continue (3.9562335657 dimensionless) (-23.8362007762)
continue (3.9571784630 dimensionless) (-23.8364748768)
continue (3.9585880574 dimensionless) (-23.8368386250)
continue (3.9585880574 dimensionless) (-23.8359447081)
continue (3.9967849597 dimensionless) (-23.8474059221)
continue (3.9967849597 dimensionless) (-23.8467950999)
continue (4.1935893733 dimensionless) (-23.9013562742)
continue (4.3980066159 dimensionless) (-23.9222688203)
continue (4.6140099788 dimensionless) (-23.9374180158)
continue (4.8420136600 dimensionless) (-23.9527251326)
continue (5.0795260358 dimensionless) (-23.9681877287)
continue (5.3290466130 dimensionless) (-23.9842212436)
continue (5.5905949130 dimensionless) (-24.0013484040)
continue (5.8640088212 dimensionless) (-24.0189973101)
continue (6.1530517948 dimensionless) (-24.0373465951)
continue (6.4537320879 dimensionless) (-24.0564065672)
continue (6.7752191139 dimensionless) (-24.0762380392)
continue (7.1026264288 dimensionless) (-24.0968014530)
continue (7.4571765206 dimensionless) (-24.1181020264)
continue (7.8220340843 dimensionless) (-24.1401414795)
continue (8.2022229596 dimensionless) (-24.1629800515)
continue (8.6049761172 dimensionless) (-24.1865524557)
continue (9.0313872232 dimensionless) (-24.2109130849)
continue (9.4736144175 dimensionless) (-24.2359733923)
continue (9.9396484600 dimensionless) (-24.2618539113)
continue (10.4275886350 dimensionless) (-24.2883614618)
continue (10.9395794816 dimensionless) (-24.3155137078)
continue (11.4769139901 dimensionless) (-24.3434227086)
continue (12.0410540541 dimensionless) (-24.3718154919)
continue (12.6319236321 dimensionless) (-24.4008814349)
continue (13.2528646134 dimensionless) (-24.4305090457)
continue (13.9039818556 dimensionless) (-24.4605475085)
continue (14.5849387135 dimensionless) (-24.4912010346)
continue (15.3025519868 dimensionless) (-24.5221555237)
continue (16.0547387388 dimensionless) (-24.5536181878)
continue (16.8410085163 dimensionless) (-24.5853608533)
continue (17.6704861512 dimensionless) (-24.6176226965)
continue (18.5367569328 dimensionless) (-24.6501399178)
continue (19.4465849513 dimensionless) (-24.6827726508)
continue (20.4045448011 dimensionless) (-24.7160207158)
continue (21.4063183185 dimensionless) (-24.7490923003)
continue (22.4560613804 dimensionless) (-24.7827793444)
continue (23.5591254089 dimensionless) (-24.8161609629)
continue (24.7156759104 dimensionless) (-24.8498578382)
continue (25.9324692890 dimensionless) (-24.8830603534)
continue (27.2019991288 dimensionless) (-24.9161391991)
continue (28.5395230447 dimensionless) (-24.9488474776)
continue (29.9463348937 dimensionless) (-24.9800533183)
continue (31.4121672119 dimensionless) (-25.0093060393)
continue (32.9572141344 dimensionless) (-25.0371100126)
continue (34.5700671782 dimensionless) (-25.0630843191)
continue (36.2765513860 dimensionless) (-25.0870343793)
continue (38.0487252951 dimensionless) (-25.1091879010)
continue (39.9153294269 dimensionless) (-25.1295960947)
continue (41.8780777030 dimensionless) (-25.1483136846)
continue (43.9376552949 dimensionless) (-25.1655157147)
continue (46.0934229042 dimensionless) (-25.1813123366)
continue (48.3687351813 dimensionless) (-25.1957242329)
continue (50.7386954798 dimensionless) (-25.2090115249)
continue (53.2282109122 dimensionless) (-25.2211977960)
continue (55.8374369373 dimensionless) (-25.2323247760)
continue (58.6023775445 dimensionless) (-25.2426039712)
continue (61.4475368049 dimensionless) (-25.2521222942)
continue (64.4916469085 dimensionless) (-25.2609817541)
continue (67.6515939730 dimensionless) (-25.2692984557)
continue (70.9709478829 dimensionless) (-25.2771193893)
continue (74.4499159164 dimensionless) (-25.2845816774)
continue (78.0862871308 dimensionless) (-25.2919191895)
continue (81.9484685986 dimensionless) (-25.2992962829)
continue (85.9685821525 dimensionless) (-25.3066248490)
continue (90.2244525561 dimensionless) (-25.3139002280)
continue (94.6279305105 dimensionless) (-25.3212085656)
continue (99.2773690834 dimensionless) (-25.3283644034)
continue (104.1567002876 dimensionless) (-25.3354520378)
continue (109.2777276432 dimensionless) (-25.3424661124)
continue (114.6391962280 dimensionless) (-25.3494011018)
continue (120.2675162751 dimensionless) (-25.3563499618)
continue (126.1793091687 dimensionless) (-25.3633115520)
continue (132.3746325997 dimensionless) (-25.3702846674)
continue (138.8703094813 dimensionless) (-25.3771645205)
continue (145.6861663975 dimensionless) (-25.3841551171)
continue (152.8458522000 dimensionless) (-25.3910463007)
continue (160.3496341398 dimensionless) (-25.3980485959)
continue (168.2235500861 dimensionless) (-25.4052760536)
continue (176.4995101330 dimensionless) (-25.4125135346)
continue (185.1792259330 dimensionless) (-25.4199878875)
continue (194.2585740389 dimensionless) (-25.4274769022)
continue (203.8172603034 dimensionless) (-25.4350973275)
continue (213.8120532183 dimensionless) (-25.4427334711)
continue (224.3394807525 dimensionless) (-25.4505062868)
continue (235.3478746943 dimensionless) (-25.4582959767)
continue (246.8889110855 dimensionless) (-25.4659738939)
continue (259.0298382082 dimensionless) (-25.4737899962)
continue (271.6955786573 dimensionless) (-25.4814860601)
continue (285.0381516473 dimensionless) (-25.4890530513)
continue (299.0702234383 dimensionless) (-25.4964816873)
continue (313.7971662591 dimensionless) (-25.5037624548)
continue (329.2149461042 dimensionless) (-25.5108856306)
continue (345.3076812491 dimensionless) (-25.5178413046)
continue (362.3327915771 dimensionless) (-25.5246194069)
continue (380.1697834028 dimensionless) (-25.5312097379)
continue (398.8039259591 dimensionless) (-25.5376020021)
continue (418.3962216788 dimensionless) (-25.5440897596)
continue (438.9532614723 dimensionless) (-25.5502131530)
continue (460.4684036465 dimensionless) (-25.5564241202)
continue (483.1744277924 dimensionless) (-25.5624079677)
continue (506.8225644140 dimensionless) (-25.5684754158)
continue (531.6610098112 dimensionless) (-25.5741398549)
continue (557.6909246123 dimensionless) (-25.5797141151)
continue (585.2710152964 dimensionless) (-25.5855280504)
continue (614.0613010893 dimensionless) (-25.5917600347)
continue (644.0049263721 dimensionless) (-25.5982549178)
continue (675.5129509388 dimensionless) (-25.6053732357)
continue (709.1571757327 dimensionless) (-25.6129662987)
continue (743.8914047481 dimensionless) (-25.6210573014)
continue (780.1943243292 dimensionless) (-25.6298571529)
continue (818.7484014523 dimensionless) (-25.6394065864)
continue (858.8755615612 dimensionless) (-25.6495581435)
continue (901.3520977413 dimensionless) (-25.6605485587)
continue (945.2976875689 dimensionless) (-25.6722325101)
continue (991.6932972211 dimensionless) (-25.6846595234)
continue (1040.3778637019 dimensionless) (-25.6978856230)
continue (1091.4684043795 dimensionless) (-25.7119744646)
continue (1145.0954647103 dimensionless) (-25.7267671660)
continue (1201.4066853216 dimensionless) (-25.7425614331)
continue (1260.3969167586 dimensionless) (-25.7589518493)
continue (1322.2097661295 dimensionless) (-25.7765040590)
continue (1387.2232772362 dimensionless) (-25.7947956361)
continue (1455.2331057433 dimensionless) (-25.8138916202)
continue (1526.6660593340 dimensionless) (-25.8335698862)
continue (1601.8051868807 dimensionless) (-25.8541822855)
continue (1680.3742777364 dimensionless) (-25.8754957752)
continue (1762.9463548393 dimensionless) (-25.8975662943)
continue (1849.5371845270 dimensionless) (-25.9204569926)
continue (1940.5173995240 dimensionless) (-25.9438577379)
continue (2035.8958239867 dimensionless) (-25.9677842967)
continue (2135.6151179200 dimensionless) (-25.9922522220)
continue (2240.6367612895 dimensionless) (-26.0171862379)
continue (2350.4435667177 dimensionless) (-26.0426801031)
continue (2466.2164298145 dimensionless) (-26.0686438495)
continue (2587.3565326986 dimensionless) (-26.0950681726)
continue (2714.5277653156 dimensionless) (-26.1218805153)
continue (2847.7092838014 dimensionless) (-26.1491088159)
continue (2987.7605600540 dimensionless) (-26.1767866867)
continue (3133.6553329314 dimensionless) (-26.2048850144)
continue (3288.5852429320 dimensionless) (-26.2333641137)
continue (3449.1558320078 dimensionless) (-26.2622509261)
continue (3619.0110040368 dimensionless) (-26.2915790999)
continue (3796.9457117352 dimensionless) (-26.3212085656)
continue (3982.8101871349 dimensionless) (-26.3511522916)
continue (4178.2071105752 dimensionless) (-26.3815335078)
continue (4383.1985128257 dimensionless) (-26.4121768287)
continue (4600.0351883718 dimensionless) (-26.4432152177)
continue (4826.6259047482 dimensionless) (-26.4746959900)
continue (5062.5942823136 dimensionless) (-26.5064025510)
continue (5310.4135828465 dimensionless) (-26.5383514319)
continue (5573.4982924554 dimensionless) (-26.5707323336)
continue (5845.2018654038 dimensionless) (-26.6032777215)
continue (6132.3483904203 dimensionless) (-26.6363880201)
continue (6435.5012063309 dimensionless) (-26.6695862267)
continue (6750.1257097515 dimensionless) (-26.7031155245)
continue (7080.5514437953 dimensionless) (-26.7370745307)
continue (7426.7886782107 dimensionless) (-26.7713430419)
continue (7795.2692114325 dimensionless) (-26.8057632513)
continue (8180.1343879395 dimensionless) (-26.8404328068)
continue (8580.6682751079 dimensionless) (-26.8758219445)
continue (8995.7252795307 dimensionless) (-26.9111554373)
continue (9442.2025781417 dimensionless) (-26.9469215565)
continue (9905.0757697441 dimensionless) (-26.9833844524)
continue (10391.9143667061 dimensionless) (-27.0199511549)
continue (10902.9309741141 dimensionless) (-27.0570004066)
continue (11438.0189634299 dimensionless) (-27.0944739516)
continue (11999.8284279228 dimensionless) (-27.1324735888)
continue (12588.2990857364 dimensionless) (-27.1710180460)
continue (13206.7676929921 dimensionless) (-27.2102078323)
continue (13855.3591427164 dimensionless) (-27.2499546880)
continue (14536.0818442568 dimensionless) (-27.2903061303)
continue (15251.3300555055 dimensionless) (-27.3314277308)
continue (15998.3667629294 dimensionless) (-27.3731465853)
continue (16785.1716856964 dimensionless) (-27.4157818879)
continue (17609.0235906562 dimensionless) (-27.4590451911)
continue (18476.6214682980 dimensionless) (-27.5032086843)
continue (19380.4119697247 dimensionless) (-27.5485205949)
continue (20336.2412590149 dimensionless) (-27.5948244538)
continue (21331.1556839058 dimensionless) (-27.6418747147)
continue (22378.8548825259 dimensionless) (-27.6901569953)
continue (23480.2105337917 dimensionless) (-27.7394516274)
continue (24635.4952910640 dimensionless) (-27.7902169852)
continue (25844.2135795932 dimensionless) (-27.8419392061)
continue (27112.9714613644 dimensionless) (-27.8948305720)
continue (28441.5409118744 dimensionless) (-27.9492336888)
continue (29838.4731767013 dimensionless) (-28.0046719909)
continue (31304.2587020425 dimensionless) (-28.0616804567)
continue (32838.4493987912 dimensionless) (-28.1201589440)
continue (34452.4374599794 dimensionless) (-28.1801271780)
continue (36147.0436658650 dimensionless) (-28.2417695915)
continue (37922.0545491659 dimensionless) (-28.3049563412)
continue (39793.3175029020 dimensionless) (-28.3698773571)
continue (41743.7916086329 dimensionless) (-28.4367562989)
continue (43789.8592415404 dimensionless) (-28.5052889748)
continue (45953.9571768258 dimensionless) (-28.5759354746)
continue (48189.6864524831 dimensionless) (-28.6483969276)
continue (50569.7542073505 dimensionless) (-28.7228493860)
continue (53042.3149485714 dimensionless) (-28.7994230732)
continue (55666.8888708892 dimensionless) (-28.8784401558)
continue (58377.1281753015 dimensionless) (-28.9593976599)
continue (61241.0598666973 dimensionless) (-29.0433514208)
continue (64264.2433580011 dimensionless) (-29.1295960947)
continue (67401.4031668977 dimensionless) (-29.2184600314)
continue (70750.5412124578 dimensionless) (-29.3099812192)
continue (74207.4080469427 dimensionless) (-29.4040630937)
continue (77819.5534429083 dimensionless) (-29.5010006364)
continue (81654.7464889298 dimensionless) (-29.6004993387)
continue (85725.9615067221 dimensionless) (-29.7028963499)
continue (89868.5375558636 dimensionless) (-29.8082696066)
continue (94314.5281325250 dimensionless) (-29.9164973802)
continue (98943.2107292569 dimensionless) (-30.0272419161)
continue (103800.7712514473 dimensionless) (-30.1405614645)
continue (108899.0165889647 dimensionless) (-30.2559418341)
continue (114251.1247262358 dimensionless) (-30.3733517315)
continue (119856.2371190920 dimensionless) (-30.4916049669)
continue (125744.0279862641 dimensionless) (-30.6101254416)
continue (131933.8310143994 dimensionless) (-30.7281583935)
continue (138406.2835383439 dimensionless) (-30.8431480989)
continue (145198.6887852862 dimensionless) (-30.9542859411)
continue (152334.8329683143 dimensionless) (-31.0592345644)
continue (159815.3228369794 dimensionless) (-31.1558957693)
continue (167666.4159735890 dimensionless) (-31.2434399570)
continue (175886.3097503294 dimensionless) (-31.3197551630)
continue (184541.7113844586 dimensionless) (-31.3854191330)
continue (193598.2517137149 dimensionless) (-31.4415314375)
continue (203090.4771153235 dimensionless) (-31.4886514845)
continue (213112.0137550178 dimensionless) (-31.5290018303)
continue (223568.9329775408 dimensionless) (-31.5655907924)
continue (234560.3528485087 dimensionless) (-31.6010189333)
continue (246022.4003284170 dimensionless) (-31.6363880201)
continue (258149.2835174097 dimensionless) (-31.6718243386)
continue (270807.4207478325 dimensionless) (-31.7070797004)
continue (284149.3516733571 dimensionless) (-31.7425614331)
continue (298091.9106367211 dimensionless) (-31.7780644002)
continue (312720.3057022843 dimensionless) (-31.8133261325)
continue (328029.8671045559 dimensionless) (-31.8486301498)
continue (344134.0524231330 dimensionless) (-31.8840568231)
continue (361040.7966784692 dimensionless) (-31.9193735131)
continue (378747.7019187267 dimensionless) (-31.9550684539)
continue (397412.5472378789 dimensionless) (-31.9905491042)
continue (416865.0369700166 dimensionless) (-32.0257186411)
continue (437478.1424946981 dimensionless) (-32.0611301785)
continue (458845.4032308441 dimensionless) (-32.0965301715)
continue (481387.7289046257 dimensionless) (-32.1319436382)
continue (505136.9017829581 dimensionless) (-32.1673633724)
continue (529806.3783816607 dimensionless) (-32.2027324592)
continue (555989.6100161417 dimensionless) (-32.2381473055)
continue (583397.5485380642 dimensionless) (-32.2735173032)
continue (611999.3088089029 dimensionless) (-32.3089185079)
continue (3672982.5506507708 dimensionless) (-33.3845760471)
continue (3709712.3761572787 dimensionless) (-50.0000000000)
continue (7354000.0000000000) (-50.0000000000)
f(nu) = -21.5602318863 at 1.0000000000 Ryd
