# Puchwein et al 2019
# z = 1.370000
# E [Ryd] log (J_nu)
interpolate (0.0000000100) (-50.0000000000)
continue (0.0007810860) (-50.0000000000)
continue (0.0007889757) (-17.8979094745)
continue (0.0008276721) (-17.9204569926)
continue (0.0008678733) (-17.9438577379)
continue (0.0009112670) (-17.9685915357)
continue (0.0009556071) (-17.9943905546)
continue (0.0010026042) (-18.0206793026)
continue (0.0010517855) (-18.0474497061)
continue (0.0011034960) (-18.0748426728)
continue (0.0011577525) (-18.1028679566)
continue (0.0012145368) (-18.1311792938)
continue (0.0012741429) (-18.1596429408)
continue (0.0013367566) (-18.1882239784)
continue (0.0014023807) (-18.2170260051)
continue (0.0014712092) (-18.2460341341)
continue (0.0015434739) (-18.2751509124)
continue (0.0016194544) (-18.3042557248)
continue (0.0016988571) (-18.3331077889)
continue (0.0017822550) (-18.3618103598)
continue (0.0018700328) (-18.3902988976)
continue (0.0019618234) (-18.4185054577)
continue (0.0020579652) (-18.4464810599)
continue (0.0021594004) (-18.4743074755)
continue (0.0022651429) (-18.5018273394)
continue (0.0023768048) (-18.5290018303)
continue (0.0024932065) (-18.5556428743)
continue (0.0026155768) (-18.5818645016)
continue (0.0027439535) (-18.6074789101)
continue (0.0028792005) (-18.6326440790)
continue (0.0030204407) (-18.6569855028)
continue (0.0031685222) (-18.6808939407)
continue (0.0033245785) (-18.7037737127)
continue (0.0034874358) (-18.7263044121)
continue (0.0036582375) (-18.7476324855)
continue (0.0038385298) (-18.7685304096)
continue (0.0040268094) (-18.7883455994)
continue (0.0042246962) (-18.8077113874)
continue (0.0044322323) (-18.8259401923)
continue (0.0046493213) (-18.8437538096)
continue (0.0048783028) (-18.8613815661)
continue (0.0051194774) (-18.8790971824)
continue (0.0053698702) (-18.8972233851)
continue (0.0056320579) (-18.9150664251)
continue (0.0059096431) (-18.9333014496)
continue (0.0061990950) (-18.9515581964)
continue (0.0065044038) (-18.9702105292)
continue (0.0068259698) (-18.9884295564)
continue (0.0071584208) (-19.0069166393)
continue (0.0075125059) (-19.0249360039)
continue (0.0078829323) (-19.0418185024)
continue (0.0082692103) (-19.0565549510)
continue (0.0086704755) (-19.0687455936)
continue (0.0090944807) (-19.0782095143)
continue (0.0095460609) (-19.0851810196)
continue (0.0100150233) (-19.0900163051)
continue (0.0105069407) (-19.0926423919)
continue (0.0110229463) (-19.0931264653)
continue (0.0115643017) (-19.0913005676)
continue (0.0121324320) (-19.0871936073)
continue (0.0127271923) (-19.0808172710)
continue (0.0133518970) (-19.0722191507)
continue (0.0140087159) (-19.0614802748)
continue (0.0146954841) (-19.0487110627)
continue (0.0154190689) (-19.0339521789)
continue (0.0161744226) (-19.0173670056)
continue (0.0169695898) (-18.9995659225)
continue (0.0178051382) (-18.9804683155)
continue (0.0186773308) (-18.9605858808)
continue (0.0195971392) (-18.9404365821)
continue (0.0205564397) (-18.9204569926)
continue (0.0215684490) (-18.9020489290)
continue (0.0226289290) (-18.8853890158)
continue (0.0237370922) (-18.8687022034)
continue (0.0249048093) (-18.8523236758)
continue (0.0261257732) (-18.8362424760)
continue (0.0274065254) (-18.8198741248)
continue (0.0287556633) (-18.8032712774)
continue (0.0301644148) (-18.7862167007)
continue (0.0316522046) (-18.7682756167)
continue (0.0332094377) (-18.7505570386)
continue (0.0348343643) (-18.7328282716)
continue (0.0365530273) (-18.7155692662)
continue (0.0383368519) (-18.7015836199)
continue (0.0402325373) (-18.6950788381)
continue (0.0422078263) (-18.6940041172)
continue (0.0442792503) (-18.6946486306)
continue (0.0464458191) (-18.6970200633)
continue (0.0487308541) (-18.7015836199)
continue (0.0511373160) (-18.7097427306)
continue (0.0536354897) (-18.7223907857)
continue (0.0562510476) (-18.7368375350)
continue (0.0590198815) (-18.7510463845)
continue (0.0619488083) (-18.7634627385)
continue (0.0649513165) (-18.7744322866)
continue (0.0681575894) (-18.7867479478)
continue (0.0715280197) (-18.8010681301)
continue (0.0750013968) (-18.8170150330)
continue (0.0786931754) (-18.8344589233)
continue (0.0825422981) (-18.8532519864)
continue (0.0866223356) (-18.8735438866)
continue (0.0908541347) (-18.8944898152)
continue (0.0953507346) (-18.9143527117)
continue (0.1000293052) (-18.9347938719)
continue (0.1049484016) (-18.9538952128)
continue (0.1100962874) (-18.9714287473)
continue (0.1155110877) (-18.9892761346)
continue (0.1211791185) (-19.0077558560)
continue (0.1271298787) (-19.0265488560)
continue (0.1333821679) (-19.0449860970)
continue (0.1399365741) (-19.0651481970)
continue (0.1467891383) (-19.0866100564)
continue (0.1540082763) (-19.1097466948)
continue (0.1615721579) (-19.1344222926)
continue (0.1695065050) (-19.1604591070)
continue (0.1778428905) (-19.1878891588)
continue (0.1865820989) (-19.2150975501)
continue (0.1957188511) (-19.2451931446)
continue (0.2053328010) (-19.2792620230)
continue (0.2154295439) (-19.3146165902)
continue (0.2260086733) (-19.3521282347)
continue (0.2371238540) (-19.3857357126)
continue (0.2487761318) (-19.4070464285)
continue (0.2609584682) (-19.4221636587)
continue (0.2738182004) (-19.4392566989)
continue (0.2872846692) (-19.4568014144)
continue (0.3013448978) (-19.4731440129)
continue (0.3161925645) (-19.4903942954)
continue (0.3317316967) (-19.5072396110)
continue (0.3479446242) (-19.5249101966)
continue (0.3650909338) (-19.5433303706)
continue (0.3830462256) (-19.5628839070)
continue (0.4017931970) (-19.5856953119)
continue (0.4214925859) (-19.6122543404)
continue (0.4421479723) (-19.6411137956)
continue (0.4639852194) (-19.6726410656)
continue (0.4867879118) (-19.7075224063)
continue (0.5105137091) (-19.7466619947)
continue (0.5357242627) (-19.7896814802)
continue (0.5621634613) (-19.8359447081)
continue (0.5898168096) (-19.8820661650)
continue (0.6186469591) (-19.9340470197)
continue (0.6490505490) (-19.9978339382)
continue (0.6810664954) (-20.0702746216)
continue (0.7141590680) (-20.1542819820)
continue (0.7493222477) (-20.2340335752)
continue (0.7494721272) (-20.3938336854)
continue (0.7862527790) (-20.5018273394)
continue (0.8246759917) (-20.6437828658)
continue (0.8288690942) (-20.6643956875)
continue (0.8329222993) (-20.6824380634)
continue (0.8369692137) (-20.7004229757)
continue (0.8410245965) (-20.7183372483)
continue (0.8450724461) (-20.7361911947)
continue (0.8491277985) (-20.7538684103)
continue (0.8531743306) (-20.7715277782)
continue (0.8572273582) (-20.7891920709)
continue (0.8612783740) (-20.8072374646)
continue (0.8654007320) (-20.8256494025)
continue (0.8695793374) (-20.8492558372)
continue (0.8738320076) (-20.8716233514)
continue (0.8780757090) (-20.8927289620)
continue (0.8823266565) (-20.9138324406)
continue (0.8865758338) (-20.9349508742)
continue (0.8880856269) (-20.9442395353)
continue (0.8882632618) (-20.9359165640)
continue (0.8908313008) (-20.9479681981)
continue (0.8950838547) (-20.9693355232)
continue (0.8993328242) (-20.9901965424)
continue (0.9035775261) (-21.0110595310)
continue (0.9076364251) (-21.0319375399)
continue (0.9122887342) (-21.0587624481)
continue (0.9167472861) (-21.0840680448)
continue (0.9212067921) (-21.1078742183)
continue (0.9256657008) (-21.1321826247)
continue (0.9301243111) (-21.1570601735)
continue (0.9345829462) (-21.1825390852)
continue (0.9369417514) (-21.1968844451)
continue (0.9371291585) (-21.1925326243)
continue (0.9390419537) (-21.2030865500)
continue (0.9435007297) (-21.2270588386)
continue (0.9479596448) (-21.2515561248)
continue (0.9524111317) (-21.2766264330)
continue (0.9531313595) (-21.2824834409)
continue (0.9538446901) (-21.2868422355)
continue (0.9545580893) (-21.2911305889)
continue (0.9552715550) (-21.2953476738)
continue (0.9559850851) (-21.2994935769)
continue (0.9566986776) (-21.3035710893)
continue (0.9574113244) (-21.3075778928)
continue (0.9581250337) (-21.3115161065)
continue (0.9588387990) (-21.3153853064)
continue (0.9594354567) (-21.3192113885)
continue (0.9596273630) (-21.3164126824)
continue (0.9607716931) (-21.3227088467)
continue (0.9619918385) (-21.3288151194)
continue (0.9632120325) (-21.3347286597)
continue (0.9644322638) (-21.3404526792)
continue (0.9656525208) (-21.3459910453)
continue (0.9668727920) (-21.3513453543)
continue (0.9680930657) (-21.3565187005)
continue (0.9693133303) (-21.3615157350)
continue (0.9705335740) (-21.3663376702)
continue (0.9716099949) (-21.3709983807)
continue (0.9718043363) (-21.3690638809)
continue (0.9724931975) (-21.3717510886)
continue (0.9732326966) (-21.3744149142)
continue (0.9739722802) (-21.3770186071)
continue (0.9747119461) (-21.3795630634)
continue (0.9754506480) (-21.3820502847)
continue (0.9761904704) (-21.3844791971)
continue (0.9769303686) (-21.3868519124)
continue (0.9776692914) (-21.3891684947)
continue (0.9784093329) (-21.3914311809)
continue (0.9790220836) (-21.3936186349)
continue (0.9792179076) (-21.3921162556)
continue (0.9796262717) (-21.3935530657)
continue (0.9801046187) (-21.3949245548)
continue (0.9805823779) (-21.3962733485)
continue (0.9810606032) (-21.3976013910)
continue (0.9815392951) (-21.3989073905)
continue (0.9820173961) (-21.4001933181)
continue (0.9824949039) (-21.4014578888)
continue (0.9829728762) (-21.4027009045)
continue (0.9834513138) (-21.4039232699)
continue (0.9837787230) (-21.4051656444)
continue (0.9839754984) (-21.4039529925)
continue (0.9842532892) (-21.4047595802)
continue (0.9845776371) (-21.4055521994)
continue (0.9849011343) (-21.4063351984)
continue (0.9852259094) (-21.4071096314)
continue (0.9855498328) (-21.4078754499)
continue (0.9858739693) (-21.4086314932)
continue (0.9861983191) (-21.4093788224)
continue (0.9865228824) (-21.4101185067)
continue (0.9868465907) (-21.4108482680)
continue (0.9870824973) (-21.4116162316)
continue (0.9872799335) (-21.4106089769)
continue (0.9874069046) (-21.4111291001)
continue (0.9876423407) (-21.4116431238)
continue (0.9878789599) (-21.4121532690)
continue (0.9881146211) (-21.4126583984)
continue (0.9883503948) (-21.4131584937)
continue (0.9885862810) (-21.4136546625)
continue (0.9888222799) (-21.4141468907)
continue (0.9890583914) (-21.4146340360)
continue (0.9892935417) (-21.4151172101)
continue (0.9894406051) (-21.4155556928)
continue (0.9896385130) (-21.4147649366)
continue (0.9991962399) (-21.4309774140)
continue (1.0439534549) (-21.4673729988)
continue (1.0951411739) (-21.5043169324)
continue (1.1489937849) (-21.5398541825)
continue (1.2053795910) (-21.5754450234)
continue (1.2645947416) (-21.6117211365)
continue (1.3266370226) (-21.6472388083)
continue (1.3918847882) (-21.6819366650)
continue (1.4601297401) (-21.7166987713)
continue (1.5320561043) (-21.7522721671)
continue (1.6071727880) (-21.7883455994)
continue (1.6862823294) (-21.8221750281)
continue (1.7691069129) (-21.8541822855)
continue (1.8559408774) (-21.8853890158)
continue (1.9471516470) (-21.9143527117)
continue (2.0427414724) (-21.9438577379)
continue (2.1431490377) (-21.9742846161)
continue (2.2483764392) (-22.0053309782)
continue (2.3583513737) (-22.0379149195)
continue (2.4742518893) (-22.0722191507)
continue (2.5962021961) (-22.1093554637)
continue (2.7234517956) (-22.1492925146)
continue (2.8575320502) (-22.1925326243)
continue (2.9972889909) (-22.2265061077)
continue (2.9978885086) (-22.3415116187)
continue (3.1444684983) (-22.3973974796)
continue (3.2993011253) (-22.4581712332)
continue (3.3154824080) (-22.4634238830)
continue (3.3316770164) (-22.4697567464)
continue (3.3478830047) (-22.4762431310)
continue (3.3640859670) (-22.4828146625)
continue (3.3802960540) (-22.4894844799)
continue (3.3964985345) (-22.4964598914)
continue (3.4127037129) (-22.5037486020)
continue (3.4289094326) (-22.5111405929)
continue (3.4451134960) (-22.5185616715)
continue (3.4609455785) (-22.5259294968)
continue (3.4783173495) (-22.5306508126)
continue (3.4953146235) (-22.5378087156)
continue (3.5123163736) (-22.5452130498)
continue (3.5293202949) (-22.5527892361)
continue (3.5463240368) (-22.5605536149)
continue (3.5537279767) (-22.5639964643)
continue (3.5544387934) (-22.5386515664)
continue (3.5633252031) (-22.5426995693)
continue (3.5803213519) (-22.5504213312)
continue (3.5973241965) (-22.5583614127)
continue (3.6143172719) (-22.5663885565)
continue (3.6319927095) (-22.5744657795)
continue (3.6491549368) (-22.5760074540)
continue (3.6669965225) (-22.5836691002)
continue (3.6848197184) (-22.5917362849)
continue (3.7026665643) (-22.6000806515)
continue (3.7204896494) (-22.6087631101)
continue (3.7383317846) (-22.6176947248)
continue (3.7481524197) (-22.6226937489)
continue (3.7489021252) (-22.6090648929)
continue (3.7561600736) (-22.6130001458)
continue (3.7740029190) (-22.6221093749)
continue (3.7918425237) (-22.6314119103)
continue (3.8096445268) (-22.6407338354)
continue (3.8125294258) (-22.6372216875)
continue (3.8153867477) (-22.6383722521)
continue (3.8182323571) (-22.6395315540)
continue (3.8210822144) (-22.6407034529)
continue (3.8239363290) (-22.6418842347)
continue (3.8267947105) (-22.6430758724)
continue (3.8296412741) (-22.6442784468)
continue (3.8324920757) (-22.6454882003)
continue (3.8353471248) (-22.6467109592)
continue (3.8381459698) (-22.6480105446)
continue (3.8389136758) (-22.6392173101)
continue (3.8430948760) (-22.6412202440)
continue (3.8479632917) (-22.6433145928)
continue (3.8528440576) (-22.6454363668)
continue (3.8577372208) (-22.6475801324)
continue (3.8626100831) (-22.6497461653)
continue (3.8674952713) (-22.6519327981)
continue (3.8723763766) (-22.6541402885)
continue (3.8772533211) (-22.6563688996)
continue (3.8821260270) (-22.6586169211)
continue (3.8872689984) (-22.6609462643)
continue (3.8880465300) (-22.6546262694)
continue (3.8899644875) (-22.6560422381)
continue (3.8929224712) (-22.6574056094)
continue (3.8958849568) (-22.6587752537)
continue (3.8988519547) (-22.6601512170)
continue (3.9018067686) (-22.6615315535)
continue (3.9047660647) (-22.6629162912)
continue (3.9077130959) (-22.6643094680)
continue (3.9106813613) (-22.6657051171)
continue (3.9136373315) (-22.6671052657)
continue (3.9156676117) (-22.6685727035)
continue (3.9164508235) (-22.6639407221)
continue (3.9185008743) (-22.6647848906)
continue (3.9204226914) (-22.6656870152)
continue (3.9223295118) (-22.6665910177)
continue (3.9242381880) (-22.6674948860)
continue (3.9261487226) (-22.6684026634)
continue (3.9280611185) (-22.6693103141)
continue (3.9299753783) (-22.6702198657)
continue (3.9318915048) (-22.6711333628)
continue (3.9338095006) (-22.6720467445)
continue (3.9359648088) (-22.6730500058)
continue (3.9367520805) (-22.6693833327)
continue (3.9370216616) (-22.6699719865)
continue (3.9383148035) (-22.6705878817)
continue (3.9396087952) (-22.6712046516)
continue (3.9409036375) (-22.6718222987)
continue (3.9421993313) (-22.6724387826)
continue (3.9434958773) (-22.6730561429)
continue (3.9447932764) (-22.6736764306)
continue (3.9460915295) (-22.6742955540)
continue (3.9473906374) (-22.6749155612)
continue (3.9479023104) (-22.6755117667)
continue (3.9486919698) (-22.6726410656)
continue (3.9496318982) (-22.6730827377)
continue (3.9505736443) (-22.6735330511)
continue (3.9515158397) (-22.6739817818)
continue (3.9524584845) (-22.6744309767)
continue (3.9534015792) (-22.6748806367)
continue (3.9543451241) (-22.6753287062)
continue (3.9552891195) (-22.6757792971)
continue (3.9562335657) (-22.6762303560)
continue (3.9571784630) (-22.6766798210)
continue (3.9581922382) (-22.6771607273)
continue (3.9589839558) (-22.6746896283)
continue (3.9963853212) (-22.6933605590)
continue (3.9971846782) (-22.6933605590)
continue (4.1935893733) (-22.7961515363)
continue (4.3980066159) (-22.8407336689)
continue (4.6140099788) (-22.8655041442)
continue (4.8420136600) (-22.8853890158)
continue (5.0795260358) (-22.9041335465)
continue (5.3290466130) (-22.9229956732)
continue (5.5905949130) (-22.9427143556)
continue (5.8640088212) (-22.9625735021)
continue (6.1530517948) (-22.9825492705)
continue (6.4537320879) (-23.0032257291)
continue (6.7752191139) (-23.0239711599)
continue (7.1026264288) (-23.0448897690)
continue (7.4571765206) (-23.0659057316)
continue (7.8220340843) (-23.0870874488)
continue (8.2022229596) (-23.1083510561)
continue (8.6049761172) (-23.1297131710)
continue (9.0313872232) (-23.1512568181)
continue (9.4736144175) (-23.1729539830)
continue (9.9396484600) (-23.1949751556)
continue (10.4275886350) (-23.2173124318)
continue (10.9395794816) (-23.2400301424)
continue (11.4769139901) (-23.2632848664)
continue (12.0410540541) (-23.2870137664)
continue (12.6319236321) (-23.3112243447)
continue (13.2528646134) (-23.3361107014)
continue (13.9039818556) (-23.3615107430)
continue (14.5849387135) (-23.3875340360)
continue (15.3025519868) (-23.4140882897)
continue (16.0547387388) (-23.4412914295)
continue (16.8410085163) (-23.4690323184)
continue (17.6704861512) (-23.4972998247)
continue (18.5367569328) (-23.5260753066)
continue (19.4465849513) (-23.5553307691)
continue (20.4045448011) (-23.5851937205)
continue (21.4063183185) (-23.6154673845)
continue (22.4560613804) (-23.6460837691)
continue (23.5591254089) (-23.6773672883)
continue (24.7156759104) (-23.7088532383)
continue (25.9324692890) (-23.7406450727)
continue (27.2019991288) (-23.7728849174)
continue (28.5395230447) (-23.8054856581)
continue (29.9463348937) (-23.8383325876)
continue (31.4121672119) (-23.8716007313)
continue (32.9572141344) (-23.9051796196)
continue (34.5700671782) (-23.9385475209)
continue (36.2765513860) (-23.9726503922)
continue (38.0487252951) (-24.0066519601)
continue (39.9153294269) (-24.0408631688)
continue (41.8780777030) (-24.0752040042)
continue (43.9376552949) (-24.1096907831)
continue (46.0934229042) (-24.1442991692)
continue (48.3687351813) (-24.1790108236)
continue (50.7386954798) (-24.2137456042)
continue (53.2282109122) (-24.2485669182)
continue (55.8374369373) (-24.2829955930)
continue (58.6023775445) (-24.3165026823)
continue (61.4475368049) (-24.3484312611)
continue (64.4916469085) (-24.3789276289)
continue (67.6515939730) (-24.4080454450)
continue (70.9709478829) (-24.4303920325)
continue (74.4499159164) (-24.4452686233)
continue (78.0862871308) (-24.4555598627)
continue (81.9484685986) (-24.4625587166)
continue (85.9685821525) (-24.4696722102)
continue (90.2244525561) (-24.4771646863)
continue (94.6279305105) (-24.4849213249)
continue (99.2773690834) (-24.4928190227)
continue (104.1567002876) (-24.5008630055)
continue (109.2777276432) (-24.5090587946)
continue (114.6391962280) (-24.5172692999)
continue (120.2675162751) (-24.5254923609)
continue (126.1793091687) (-24.5340226317)
continue (132.3746325997) (-24.5427238139)
continue (138.8703094813) (-24.5511391544)
continue (145.6861663975) (-24.5594057382)
continue (152.8458522000) (-24.5675117442)
continue (160.3496341398) (-24.5756084456)
continue (168.2235500861) (-24.5835259209)
continue (176.4995101330) (-24.5912513938)
continue (185.1792259330) (-24.5985994592)
continue (194.2585740389) (-24.6057234732)
continue (203.8172603034) (-24.6126101737)
continue (213.8120532183) (-24.6194269969)
continue (224.3394807525) (-24.6261688549)
continue (235.3478746943) (-24.6326440790)
continue (246.8889110855) (-24.6388390048)
continue (259.0298382082) (-24.6453154460)
continue (271.6955786573) (-24.6516951370)
continue (285.0381516473) (-24.6583676642)
continue (299.0702234383) (-24.6651443104)
continue (313.7971662591) (-24.6722325101)
continue (329.2149461042) (-24.6796459672)
continue (345.3076812491) (-24.6873995607)
continue (362.3327915771) (-24.6957249495)
continue (380.1697834028) (-24.7044329000)
continue (398.8039259591) (-24.7142177262)
continue (418.3962216788) (-24.7246886455)
continue (438.9532614723) (-24.7361273231)
continue (460.4684036465) (-24.7481185454)
continue (483.1744277924) (-24.7607005209)
continue (506.8225644140) (-24.7726275577)
continue (531.6610098112) (-24.7822529267)
continue (557.6909246123) (-24.7888794587)
continue (585.2710152964) (-24.7939841232)
continue (614.0613010893) (-24.7988761028)
continue (644.0049263721) (-24.8035474583)
continue (675.5129509388) (-24.8079904073)
continue (709.1571757327) (-24.8124792792)
continue (743.8914047481) (-24.8173000967)
continue (780.1943243292) (-24.8215986585)
continue (818.7484014523) (-24.8262311769)
continue (858.8755615612) (-24.8309136425)
continue (901.3520977413) (-24.8353497841)
continue (945.2976875689) (-24.8398317070)
continue (991.6932972211) (-24.8443603662)
continue (1040.3778637019) (-24.8489367466)
continue (1091.4684043795) (-24.8538719643)
continue (1145.0954647103) (-24.8594919570)
continue (1201.4066853216) (-24.8658228924)
continue (1260.3969167586) (-24.8728952016)
continue (1322.2097661295) (-24.8810742472)
continue (1387.2232772362) (-24.8904214531)
continue (1455.2331057433) (-24.9006647223)
continue (1526.6660593340) (-24.9125735430)
continue (1601.8051868807) (-24.9259153110)
continue (1680.3742777364) (-24.9404365821)
continue (1762.9463548393) (-24.9562448730)
continue (1849.5371845270) (-24.9730583720)
continue (1940.5173995240) (-24.9909742579)
continue (2035.8958239867) (-25.0101054363)
continue (2135.6151179200) (-25.0299787342)
continue (2240.6367612895) (-25.0507075986)
continue (2350.4435667177) (-25.0721678671)
continue (2466.2164298145) (-25.0943659987)
continue (2587.3565326986) (-25.1170772094)
continue (2714.5277653156) (-25.1402614338)
continue (2847.7092838014) (-25.1639925409)
continue (2987.7605600540) (-25.1882239784)
continue (3133.6553329314) (-25.2129648180)
continue (3288.5852429320) (-25.2381473055)
continue (3449.1558320078) (-25.2639223630)
continue (3619.0110040368) (-25.2902213982)
continue (3796.9457117352) (-25.3168628685)
continue (3982.8101871349) (-25.3439017980)
continue (4178.2071105752) (-25.3714067441)
continue (4383.1985128257) (-25.3991359637)
continue (4600.0351883718) (-25.4274769022)
continue (4826.6259047482) (-25.4561801949)
continue (5062.5942823136) (-25.4851867050)
continue (5310.4135828465) (-25.5145625189)
continue (5573.4982924554) (-25.5443938874)
continue (5845.2018654038) (-25.5744657795)
continue (6132.3483904203) (-25.6051982228)
continue (6435.5012063309) (-25.6362000545)
continue (6750.1257097515) (-25.6675615401)
continue (7080.5514437953) (-25.6994045161)
continue (7426.7886782107) (-25.7316560860)
continue (7795.2692114325) (-25.7639668529)
continue (8180.1343879395) (-25.7966950839)
continue (8580.6682751079) (-25.8297382846)
continue (8995.7252795307) (-25.8632794328)
continue (9442.2025781417) (-25.8968807465)
continue (9905.0757697441) (-25.9307019879)
continue (10391.9143667061) (-25.9645702618)
continue (10902.9309741141) (-25.9986990670)
continue (11438.0189634299) (-26.0331545763)
continue (11999.8284279228) (-26.0677292241)
continue (12588.2990857364) (-26.1026478657)
continue (13206.7676929921) (-26.1379879487)
continue (13855.3591427164) (-26.1735364509)
continue (14536.0818442568) (-26.2093630381)
continue (15251.3300555055) (-26.2456516643)
continue (15998.3667629294) (-26.2822463068)
continue (16785.1716856964) (-26.3193019703)
continue (17609.0235906562) (-26.3568435344)
continue (18476.6214682980) (-26.3951262294)
continue (19380.4119697247) (-26.4340341826)
continue (20336.2412590149) (-26.4736607226)
continue (21331.1556839058) (-26.5139948136)
continue (22378.8548825259) (-26.5551748005)
continue (23480.2105337917) (-26.5972229304)
continue (24635.4952910640) (-26.6401645177)
continue (25844.2135795932) (-26.6842395093)
continue (27112.9714613644) (-26.7293211639)
continue (28441.5409118744) (-26.7754669374)
continue (29838.4731767013) (-26.8227521637)
continue (31304.2587020425) (-26.8712777157)
continue (32838.4493987912) (-26.9208187540)
continue (34452.4374599794) (-26.9718355806)
continue (36147.0436658650) (-27.0242006903)
continue (37922.0545491659) (-27.0778976332)
continue (39793.3175029020) (-27.1332402165)
continue (41743.7916086329) (-27.1898347155)
continue (43789.8592415404) (-27.2479515522)
continue (45953.9571768258) (-27.3095381068)
continue (48189.6864524831) (-27.3723269682)
continue (50569.7542073505) (-27.4365189146)
continue (53042.3149485714) (-27.5027938193)
continue (55666.8888708892) (-27.5710557100)
continue (58377.1281753015) (-27.6416843599)
continue (61241.0598666973) (-27.7151182853)
continue (64264.2433580011) (-27.7910214827)
continue (67401.4031668977) (-27.8696662315)
continue (70750.5412124578) (-27.9511699135)
continue (74207.4080469427) (-28.0352219780)
continue (77819.5534429083) (-28.1225134719)
continue (81654.7464889298) (-28.2125395255)
continue (85725.9615067221) (-28.3058337041)
continue (89868.5375558636) (-28.4030731857)
continue (94314.5281325250) (-28.5034854813)
continue (98943.2107292569) (-28.6076548446)
continue (103800.7712514473) (-28.7157949323)
continue (108899.0165889647) (-28.8273970688)
continue (114251.1247262358) (-28.9434762759)
continue (119856.2371190920) (-29.0632350024)
continue (125744.0279862641) (-29.1867526991)
continue (131933.8310143994) (-29.3152443779)
continue (138406.2835383439) (-29.4458744185)
continue (145198.6887852862) (-29.5792193805)
continue (152334.8329683143) (-29.7137681460)
continue (159815.3228369794) (-29.8464900107)
continue (167666.4159735890) (-29.9746941347)
continue (175886.3097503294) (-30.0916758607)
continue (184541.7113844586) (-30.1915864486)
continue (193598.2517137149) (-30.2727841791)
continue (203090.4771153235) (-30.3294758422)
continue (213112.0137550178) (-30.3697755892)
continue (223568.9329775408) (-30.4051656444)
continue (234560.3528485087) (-30.4405722002)
continue (246022.4003284170) (-30.4759935544)
continue (258149.2835174097) (-30.5114492835)
continue (270807.4207478325) (-30.5468346075)
continue (284149.3516733571) (-30.5821962774)
continue (298091.9106367211) (-30.6176226965)
continue (312720.3057022843) (-30.6530605373)
continue (328029.8671045559) (-30.6884580416)
continue (344134.0524231330) (-30.7237680421)
continue (361040.7966784692) (-30.7592012289)
continue (378747.7019187267) (-30.7945249633)
continue (397412.5472378789) (-30.8300318260)
continue (416865.0369700166) (-30.8655041442)
continue (437478.1424946981) (-30.9006647223)
continue (458845.4032308441) (-30.9362914406)
continue (481387.7289046257) (-30.9714287473)
continue (505136.9017829581) (-31.0070049016)
continue (529806.3783816607) (-31.0423927129)
continue (555989.6100161417) (-31.0777937226)
continue (583397.5485380642) (-31.1132273569)
continue (611999.3088089029) (-31.1486193320)
continue (3672982.5506507708) (-32.2242439622)
continue (3709712.3761572787) (-50.0000000000)
continue (7354000.0000000000) (-50.0000000000)
f(nu) = -20.3324211500 at 1.0000000000 Ryd
