# Puchwein et al 2019
# z = 15.930000
# E [Ryd] log (J_nu)
interpolate (0.0000000100) (-50.0000000000)
continue (0.0007810860) (-50.0000000000)
continue (0.0007889757) (-inf)
continue (0.0008276721) (-inf)
continue (0.0008678733) (-inf)
continue (0.0009112670) (-inf)
continue (0.0009556071) (-inf)
continue (0.0010026042) (-inf)
continue (0.0010517855) (-inf)
continue (0.0011034960) (-inf)
continue (0.0011577525) (-inf)
continue (0.0012145368) (-inf)
continue (0.0012741429) (-inf)
continue (0.0013367566) (-inf)
continue (0.0014023807) (-inf)
continue (0.0014712092) (-inf)
continue (0.0015434739) (-inf)
continue (0.0016194544) (-inf)
continue (0.0016988571) (-inf)
continue (0.0017822550) (-inf)
continue (0.0018700328) (-inf)
continue (0.0019618234) (-inf)
continue (0.0020579652) (-inf)
continue (0.0021594004) (-inf)
continue (0.0022651429) (-inf)
continue (0.0023768048) (-inf)
continue (0.0024932065) (-inf)
continue (0.0026155768) (-inf)
continue (0.0027439535) (-inf)
continue (0.0028792005) (-inf)
continue (0.0030204407) (-inf)
continue (0.0031685222) (-inf)
continue (0.0033245785) (-inf)
continue (0.0034874358) (-inf)
continue (0.0036582375) (-inf)
continue (0.0038385298) (-inf)
continue (0.0040268094) (-inf)
continue (0.0042246962) (-inf)
continue (0.0044322323) (-inf)
continue (0.0046493213) (-inf)
continue (0.0048783028) (-inf)
continue (0.0051194774) (-inf)
continue (0.0053698702) (-inf)
continue (0.0056320579) (-inf)
continue (0.0059096431) (-inf)
continue (0.0061990950) (-inf)
continue (0.0065044038) (-inf)
continue (0.0068259698) (-inf)
continue (0.0071584208) (-inf)
continue (0.0075125059) (-inf)
continue (0.0078829323) (-inf)
continue (0.0082692103) (-inf)
continue (0.0086704755) (-inf)
continue (0.0090944807) (-inf)
continue (0.0095460609) (-inf)
continue (0.0100150233) (-inf)
continue (0.0105069407) (-inf)
continue (0.0110229463) (-inf)
continue (0.0115643017) (-inf)
continue (0.0121324320) (-inf)
continue (0.0127271923) (-inf)
continue (0.0133518970) (-inf)
continue (0.0140087159) (-inf)
continue (0.0146954841) (-inf)
continue (0.0154190689) (-inf)
continue (0.0161744226) (-inf)
continue (0.0169695898) (-inf)
continue (0.0178051382) (-inf)
continue (0.0186773308) (-inf)
continue (0.0195971392) (-inf)
continue (0.0205564397) (-inf)
continue (0.0215684490) (-inf)
continue (0.0226289290) (-inf)
continue (0.0237370922) (-inf)
continue (0.0249048093) (-inf)
continue (0.0261257732) (-inf)
continue (0.0274065254) (-inf)
continue (0.0287556633) (-inf)
continue (0.0301644148) (-inf)
continue (0.0316522046) (-inf)
continue (0.0332094377) (-inf)
continue (0.0348343643) (-inf)
continue (0.0365530273) (-inf)
continue (0.0383368519) (-inf)
continue (0.0402325373) (-inf)
continue (0.0422078263) (-inf)
continue (0.0442792503) (-inf)
continue (0.0464458191) (-inf)
continue (0.0487308541) (-inf)
continue (0.0511373160) (-inf)
continue (0.0536354897) (-inf)
continue (0.0562510476) (-inf)
continue (0.0590198815) (-inf)
continue (0.0619488083) (-inf)
continue (0.0649513165) (-inf)
continue (0.0681575894) (-inf)
continue (0.0715280197) (-inf)
continue (0.0750013968) (-inf)
continue (0.0786931754) (-inf)
continue (0.0825422981) (-inf)
continue (0.0866223356) (-inf)
continue (0.0908541347) (-inf)
continue (0.0953507346) (-inf)
continue (0.1000293052) (-inf)
continue (0.1049484016) (-inf)
continue (0.1100962874) (-inf)
continue (0.1155110877) (-inf)
continue (0.1211791185) (-inf)
continue (0.1271298787) (-inf)
continue (0.1333821679) (-inf)
continue (0.1399365741) (-inf)
continue (0.1467891383) (-inf)
continue (0.1540082763) (-inf)
continue (0.1615721579) (-inf)
continue (0.1695065050) (-inf)
continue (0.1778428905) (-inf)
continue (0.1865820989) (-inf)
continue (0.1957188511) (-inf)
continue (0.2053328010) (-inf)
continue (0.2154295439) (-inf)
continue (0.2260086733) (-inf)
continue (0.2371238540) (-inf)
continue (0.2487761318) (-inf)
continue (0.2609584682) (-inf)
continue (0.2738182004) (-inf)
continue (0.2872846692) (-inf)
continue (0.3013448978) (-inf)
continue (0.3161925645) (-inf)
continue (0.3317316967) (-inf)
continue (0.3479446242) (-inf)
continue (0.3650909338) (-inf)
continue (0.3830462256) (-inf)
continue (0.4017931970) (-inf)
continue (0.4214925859) (-inf)
continue (0.4421479723) (-inf)
continue (0.4639852194) (-inf)
continue (0.4867879118) (-inf)
continue (0.5105137091) (-inf)
continue (0.5357242627) (-inf)
continue (0.5621634613) (-inf)
continue (0.5898168096) (-inf)
continue (0.6186469591) (-inf)
continue (0.6490505490) (-inf)
continue (0.6810664954) (-inf)
continue (0.7141590680) (-inf)
continue (0.7493222477) (-inf)
continue (0.7494721272) (-inf)
continue (0.7862527790) (-inf)
continue (0.8246759917) (-inf)
continue (0.8288690942) (-inf)
continue (0.8329222993) (-inf)
continue (0.8369692137) (-inf)
continue (0.8410245965) (-inf)
continue (0.8450724461) (-inf)
continue (0.8491277985) (-inf)
continue (0.8531743306) (-inf)
continue (0.8572273582) (-inf)
continue (0.8612783740) (-inf)
continue (0.8654007320) (-inf)
continue (0.8695793374) (-inf)
continue (0.8738320076) (-inf)
continue (0.8780757090) (-inf)
continue (0.8823266565) (-inf)
continue (0.8865758338) (-inf)
continue (0.8880856269) (-inf)
continue (0.8882632618) (-inf)
continue (0.8908313008) (-inf)
continue (0.8950838547) (-inf)
continue (0.8993328242) (-inf)
continue (0.9035775261) (-inf)
continue (0.9076364251) (-inf)
continue (0.9122887342) (-inf)
continue (0.9167472861) (-inf)
continue (0.9212067921) (-inf)
continue (0.9256657008) (-inf)
continue (0.9301243111) (-inf)
continue (0.9345829462) (-inf)
continue (0.9369417514) (-inf)
continue (0.9371291585) (-inf)
continue (0.9390419537) (-inf)
continue (0.9435007297) (-inf)
continue (0.9479596448) (-inf)
continue (0.9524111317) (-inf)
continue (0.9531313595) (-inf)
continue (0.9538446901) (-inf)
continue (0.9545580893) (-inf)
continue (0.9552715550) (-inf)
continue (0.9559850851) (-inf)
continue (0.9566986776) (-inf)
continue (0.9574113244) (-inf)
continue (0.9581250337) (-inf)
continue (0.9588387990) (-inf)
continue (0.9594354567) (-inf)
continue (0.9596273630) (-inf)
continue (0.9607716931) (-inf)
continue (0.9619918385) (-inf)
continue (0.9632120325) (-inf)
continue (0.9644322638) (-inf)
continue (0.9656525208) (-inf)
continue (0.9668727920) (-inf)
continue (0.9680930657) (-inf)
continue (0.9693133303) (-inf)
continue (0.9705335740) (-inf)
continue (0.9716099949) (-inf)
continue (0.9718043363) (-inf)
continue (0.9724931975) (-inf)
continue (0.9732326966) (-inf)
continue (0.9739722802) (-inf)
continue (0.9747119461) (-inf)
continue (0.9754506480) (-inf)
continue (0.9761904704) (-inf)
continue (0.9769303686) (-inf)
continue (0.9776692914) (-inf)
continue (0.9784093329) (-inf)
continue (0.9790220836) (-inf)
continue (0.9792179076) (-inf)
continue (0.9796262717) (-inf)
continue (0.9801046187) (-inf)
continue (0.9805823779) (-inf)
continue (0.9810606032) (-inf)
continue (0.9815392951) (-inf)
continue (0.9820173961) (-inf)
continue (0.9824949039) (-inf)
continue (0.9829728762) (-inf)
continue (0.9834513138) (-inf)
continue (0.9837787230) (-inf)
continue (0.9839754984) (-inf)
continue (0.9842532892) (-inf)
continue (0.9845776371) (-inf)
continue (0.9849011343) (-inf)
continue (0.9852259094) (-inf)
continue (0.9855498328) (-inf)
continue (0.9858739693) (-inf)
continue (0.9861983191) (-inf)
continue (0.9865228824) (-inf)
continue (0.9868465907) (-inf)
continue (0.9870824973) (-inf)
continue (0.9872799335) (-inf)
continue (0.9874069046) (-inf)
continue (0.9876423407) (-inf)
continue (0.9878789599) (-inf)
continue (0.9881146211) (-inf)
continue (0.9883503948) (-inf)
continue (0.9885862810) (-inf)
continue (0.9888222799) (-inf)
continue (0.9890583914) (-inf)
continue (0.9892935417) (-inf)
continue (0.9894406051) (-inf)
continue (0.9896385130) (-inf)
continue (0.9991962399) (-inf)
continue (1.0439534549) (-inf)
continue (1.0951411739) (-inf)
continue (1.1489937849) (-inf)
continue (1.2053795910) (-inf)
continue (1.2645947416) (-inf)
continue (1.3266370226) (-inf)
continue (1.3918847882) (-inf)
continue (1.4601297401) (-inf)
continue (1.5320561043) (-inf)
continue (1.6071727880) (-inf)
continue (1.6862823294) (-inf)
continue (1.7691069129) (-inf)
continue (1.8559408774) (-inf)
continue (1.9471516470) (-inf)
continue (2.0427414724) (-inf)
continue (2.1431490377) (-inf)
continue (2.2483764392) (-inf)
continue (2.3583513737) (-inf)
continue (2.4742518893) (-inf)
continue (2.5962021961) (-inf)
continue (2.7234517956) (-inf)
continue (2.8575320502) (-inf)
continue (2.9972889909) (-inf)
continue (2.9978885086) (-inf)
continue (3.1444684983) (-inf)
continue (3.2993011253) (-inf)
continue (3.3154824080) (-inf)
continue (3.3316770164) (-inf)
continue (3.3478830047) (-inf)
continue (3.3640859670) (-inf)
continue (3.3802960540) (-inf)
continue (3.3964985345) (-inf)
continue (3.4127037129) (-inf)
continue (3.4289094326) (-inf)
continue (3.4451134960) (-inf)
continue (3.4609455785) (-inf)
continue (3.4783173495) (-inf)
continue (3.4953146235) (-inf)
continue (3.5123163736) (-inf)
continue (3.5293202949) (-inf)
continue (3.5463240368) (-inf)
continue (3.5537279767) (-inf)
continue (3.5544387934) (-inf)
continue (3.5633252031) (-inf)
continue (3.5803213519) (-inf)
continue (3.5973241965) (-inf)
continue (3.6143172719) (-inf)
continue (3.6319927095) (-inf)
continue (3.6491549368) (-inf)
continue (3.6669965225) (-inf)
continue (3.6848197184) (-inf)
continue (3.7026665643) (-inf)
continue (3.7204896494) (-inf)
continue (3.7383317846) (-inf)
continue (3.7481524197) (-inf)
continue (3.7489021252) (-inf)
continue (3.7561600736) (-inf)
continue (3.7740029190) (-inf)
continue (3.7918425237) (-inf)
continue (3.8096445268) (-inf)
continue (3.8125294258) (-inf)
continue (3.8153867477) (-inf)
continue (3.8182323571) (-inf)
continue (3.8210822144) (-inf)
continue (3.8239363290) (-inf)
continue (3.8267947105) (-inf)
continue (3.8296412741) (-inf)
continue (3.8324920757) (-inf)
continue (3.8353471248) (-inf)
continue (3.8381459698) (-inf)
continue (3.8389136758) (-inf)
continue (3.8430948760) (-inf)
continue (3.8479632917) (-inf)
continue (3.8528440576) (-inf)
continue (3.8577372208) (-inf)
continue (3.8626100831) (-inf)
continue (3.8674952713) (-inf)
continue (3.8723763766) (-inf)
continue (3.8772533211) (-inf)
continue (3.8821260270) (-inf)
continue (3.8872689984) (-inf)
continue (3.8880465300) (-inf)
continue (3.8899644875) (-inf)
continue (3.8929224712) (-inf)
continue (3.8958849568) (-inf)
continue (3.8988519547) (-inf)
continue (3.9018067686) (-inf)
continue (3.9047660647) (-inf)
continue (3.9077130959) (-inf)
continue (3.9106813613) (-inf)
continue (3.9136373315) (-inf)
continue (3.9156676117) (-inf)
continue (3.9164508235) (-inf)
continue (3.9185008743) (-inf)
continue (3.9204226914) (-inf)
continue (3.9223295118) (-inf)
continue (3.9242381880) (-inf)
continue (3.9261487226) (-inf)
continue (3.9280611185) (-inf)
continue (3.9299753783) (-inf)
continue (3.9318915048) (-inf)
continue (3.9338095006) (-inf)
continue (3.9359648088) (-inf)
continue (3.9367520805) (-inf)
continue (3.9370216616) (-inf)
continue (3.9383148035) (-inf)
continue (3.9396087952) (-inf)
continue (3.9409036375) (-inf)
continue (3.9421993313) (-inf)
continue (3.9434958773) (-inf)
continue (3.9447932764) (-inf)
continue (3.9460915295) (-inf)
continue (3.9473906374) (-inf)
continue (3.9479023104) (-inf)
continue (3.9486919698) (-inf)
continue (3.9496318982) (-inf)
continue (3.9505736443) (-inf)
continue (3.9515158397) (-inf)
continue (3.9524584845) (-inf)
continue (3.9534015792) (-inf)
continue (3.9543451241) (-inf)
continue (3.9552891195) (-inf)
continue (3.9562335657) (-inf)
continue (3.9571784630) (-inf)
continue (3.9581922382) (-inf)
continue (3.9589839558) (-inf)
continue (3.9963853212) (-inf)
continue (3.9971846782) (-inf)
continue (4.1935893733) (-inf)
continue (4.3980066159) (-inf)
continue (4.6140099788) (-inf)
continue (4.8420136600) (-inf)
continue (5.0795260358) (-inf)
continue (5.3290466130) (-inf)
continue (5.5905949130) (-inf)
continue (5.8640088212) (-inf)
continue (6.1530517948) (-inf)
continue (6.4537320879) (-inf)
continue (6.7752191139) (-inf)
continue (7.1026264288) (-inf)
continue (7.4571765206) (-inf)
continue (7.8220340843) (-inf)
continue (8.2022229596) (-inf)
continue (8.6049761172) (-inf)
continue (9.0313872232) (-inf)
continue (9.4736144175) (-inf)
continue (9.9396484600) (-inf)
continue (10.4275886350) (-inf)
continue (10.9395794816) (-inf)
continue (11.4769139901) (-inf)
continue (12.0410540541) (-inf)
continue (12.6319236321) (-inf)
continue (13.2528646134) (-inf)
continue (13.9039818556) (-inf)
continue (14.5849387135) (-inf)
continue (15.3025519868) (-inf)
continue (16.0547387388) (-inf)
continue (16.8410085163) (-inf)
continue (17.6704861512) (-inf)
continue (18.5367569328) (-inf)
continue (19.4465849513) (-inf)
continue (20.4045448011) (-inf)
continue (21.4063183185) (-inf)
continue (22.4560613804) (-inf)
continue (23.5591254089) (-inf)
continue (24.7156759104) (-inf)
continue (25.9324692890) (-inf)
continue (27.2019991288) (-inf)
continue (28.5395230447) (-inf)
continue (29.9463348937) (-inf)
continue (31.4121672119) (-inf)
continue (32.9572141344) (-inf)
continue (34.5700671782) (-inf)
continue (36.2765513860) (-inf)
continue (38.0487252951) (-inf)
continue (39.9153294269) (-inf)
continue (41.8780777030) (-inf)
continue (43.9376552949) (-inf)
continue (46.0934229042) (-inf)
continue (48.3687351813) (-inf)
continue (50.7386954798) (-inf)
continue (53.2282109122) (-inf)
continue (55.8374369373) (-inf)
continue (58.6023775445) (-inf)
continue (61.4475368049) (-inf)
continue (64.4916469085) (-inf)
continue (67.6515939730) (-inf)
continue (70.9709478829) (-inf)
continue (74.4499159164) (-inf)
continue (78.0862871308) (-inf)
continue (81.9484685986) (-inf)
continue (85.9685821525) (-inf)
continue (90.2244525561) (-inf)
continue (94.6279305105) (-inf)
continue (99.2773690834) (-inf)
continue (104.1567002876) (-inf)
continue (109.2777276432) (-inf)
continue (114.6391962280) (-inf)
continue (120.2675162751) (-inf)
continue (126.1793091687) (-inf)
continue (132.3746325997) (-inf)
continue (138.8703094813) (-inf)
continue (145.6861663975) (-inf)
continue (152.8458522000) (-inf)
continue (160.3496341398) (-inf)
continue (168.2235500861) (-inf)
continue (176.4995101330) (-inf)
continue (185.1792259330) (-inf)
continue (194.2585740389) (-inf)
continue (203.8172603034) (-inf)
continue (213.8120532183) (-inf)
continue (224.3394807525) (-inf)
continue (235.3478746943) (-inf)
continue (246.8889110855) (-inf)
continue (259.0298382082) (-inf)
continue (271.6955786573) (-inf)
continue (285.0381516473) (-inf)
continue (299.0702234383) (-inf)
continue (313.7971662591) (-inf)
continue (329.2149461042) (-inf)
continue (345.3076812491) (-inf)
continue (362.3327915771) (-inf)
continue (380.1697834028) (-inf)
continue (398.8039259591) (-inf)
continue (418.3962216788) (-inf)
continue (438.9532614723) (-inf)
continue (460.4684036465) (-inf)
continue (483.1744277924) (-inf)
continue (506.8225644140) (-inf)
continue (531.6610098112) (-inf)
continue (557.6909246123) (-inf)
continue (585.2710152964) (-inf)
continue (614.0613010893) (-inf)
continue (644.0049263721) (-inf)
continue (675.5129509388) (-inf)
continue (709.1571757327) (-inf)
continue (743.8914047481) (-inf)
continue (780.1943243292) (-inf)
continue (818.7484014523) (-inf)
continue (858.8755615612) (-inf)
continue (901.3520977413) (-inf)
continue (945.2976875689) (-inf)
continue (991.6932972211) (-inf)
continue (1040.3778637019) (-inf)
continue (1091.4684043795) (-inf)
continue (1145.0954647103) (-inf)
continue (1201.4066853216) (-inf)
continue (1260.3969167586) (-inf)
continue (1322.2097661295) (-inf)
continue (1387.2232772362) (-inf)
continue (1455.2331057433) (-inf)
continue (1526.6660593340) (-inf)
continue (1601.8051868807) (-inf)
continue (1680.3742777364) (-inf)
continue (1762.9463548393) (-inf)
continue (1849.5371845270) (-inf)
continue (1940.5173995240) (-inf)
continue (2035.8958239867) (-inf)
continue (2135.6151179200) (-inf)
continue (2240.6367612895) (-inf)
continue (2350.4435667177) (-inf)
continue (2466.2164298145) (-inf)
continue (2587.3565326986) (-inf)
continue (2714.5277653156) (-inf)
continue (2847.7092838014) (-inf)
continue (2987.7605600540) (-inf)
continue (3133.6553329314) (-inf)
continue (3288.5852429320) (-inf)
continue (3449.1558320078) (-inf)
continue (3619.0110040368) (-inf)
continue (3796.9457117352) (-inf)
continue (3982.8101871349) (-inf)
continue (4178.2071105752) (-inf)
continue (4383.1985128257) (-inf)
continue (4600.0351883718) (-inf)
continue (4826.6259047482) (-inf)
continue (5062.5942823136) (-inf)
continue (5310.4135828465) (-inf)
continue (5573.4982924554) (-inf)
continue (5845.2018654038) (-inf)
continue (6132.3483904203) (-inf)
continue (6435.5012063309) (-inf)
continue (6750.1257097515) (-inf)
continue (7080.5514437953) (-inf)
continue (7426.7886782107) (-inf)
continue (7795.2692114325) (-inf)
continue (8180.1343879395) (-inf)
continue (8580.6682751079) (-inf)
continue (8995.7252795307) (-inf)
continue (9442.2025781417) (-inf)
continue (9905.0757697441) (-inf)
continue (10391.9143667061) (-inf)
continue (10902.9309741141) (-inf)
continue (11438.0189634299) (-inf)
continue (11999.8284279228) (-inf)
continue (12588.2990857364) (-inf)
continue (13206.7676929921) (-inf)
continue (13855.3591427164) (-inf)
continue (14536.0818442568) (-inf)
continue (15251.3300555055) (-inf)
continue (15998.3667629294) (-inf)
continue (16785.1716856964) (-inf)
continue (17609.0235906562) (-inf)
continue (18476.6214682980) (-inf)
continue (19380.4119697247) (-inf)
continue (20336.2412590149) (-inf)
continue (21331.1556839058) (-inf)
continue (22378.8548825259) (-inf)
continue (23480.2105337917) (-inf)
continue (24635.4952910640) (-inf)
continue (25844.2135795932) (-inf)
continue (27112.9714613644) (-inf)
continue (28441.5409118744) (-inf)
continue (29838.4731767013) (-inf)
continue (31304.2587020425) (-inf)
continue (32838.4493987912) (-inf)
continue (34452.4374599794) (-inf)
continue (36147.0436658650) (-inf)
continue (37922.0545491659) (-inf)
continue (39793.3175029020) (-inf)
continue (41743.7916086329) (-inf)
continue (43789.8592415404) (-inf)
continue (45953.9571768258) (-inf)
continue (48189.6864524831) (-inf)
continue (50569.7542073505) (-inf)
continue (53042.3149485714) (-inf)
continue (55666.8888708892) (-inf)
continue (58377.1281753015) (-inf)
continue (61241.0598666973) (-inf)
continue (64264.2433580011) (-inf)
continue (67401.4031668977) (-inf)
continue (70750.5412124578) (-inf)
continue (74207.4080469427) (-inf)
continue (77819.5534429083) (-inf)
continue (81654.7464889298) (-inf)
continue (85725.9615067221) (-inf)
continue (89868.5375558636) (-inf)
continue (94314.5281325250) (-inf)
continue (98943.2107292569) (-inf)
continue (103800.7712514473) (-inf)
continue (108899.0165889647) (-inf)
continue (114251.1247262358) (-inf)
continue (119856.2371190920) (-inf)
continue (125744.0279862641) (-inf)
continue (131933.8310143994) (-inf)
continue (138406.2835383439) (-inf)
continue (145198.6887852862) (-inf)
continue (152334.8329683143) (-inf)
continue (159815.3228369794) (-inf)
continue (167666.4159735890) (-inf)
continue (175886.3097503294) (-inf)
continue (184541.7113844586) (-inf)
continue (193598.2517137149) (-inf)
continue (203090.4771153235) (-inf)
continue (213112.0137550178) (-inf)
continue (223568.9329775408) (-inf)
continue (234560.3528485087) (-inf)
continue (246022.4003284170) (-inf)
continue (258149.2835174097) (-inf)
continue (270807.4207478325) (-inf)
continue (284149.3516733571) (-inf)
continue (298091.9106367211) (-inf)
continue (312720.3057022843) (-inf)
continue (328029.8671045559) (-inf)
continue (344134.0524231330) (-inf)
continue (361040.7966784692) (-inf)
continue (378747.7019187267) (-inf)
continue (397412.5472378789) (-inf)
continue (416865.0369700166) (-inf)
continue (437478.1424946981) (-inf)
continue (458845.4032308441) (-inf)
continue (481387.7289046257) (-inf)
continue (505136.9017829581) (-inf)
continue (529806.3783816607) (-inf)
continue (555989.6100161417) (-inf)
continue (583397.5485380642) (-inf)
continue (611999.3088089029) (-inf)
continue (3672982.5506507708) (-inf)
continue (3709712.3761572787) (-50.0000000000)
continue (7354000.0000000000) (-50.0000000000)
f(nu) = -inf at 1.0000000000 Ryd
