# Puchwein et al 2019
# z = 1.154000
# E [Ryd] log (J_nu)
interpolate (0.0000000100) (-50.0000000000)
continue (0.0007810860) (-50.0000000000)
continue (0.0007889757) (-17.9746941347)
continue (0.0008276721) (-17.9978339382)
continue (0.0008678733) (-18.0217738183)
continue (0.0009112670) (-18.0468687748)
continue (0.0009556071) (-18.0727836694)
continue (0.0010026042) (-18.0991414953)
continue (0.0010517855) (-18.1260984021)
continue (0.0011034960) (-18.1535391749)
continue (0.0011577525) (-18.1815101778)
continue (0.0012145368) (-18.2097852298)
continue (0.0012741429) (-18.2381473055)
continue (0.0013367566) (-18.2666422121)
continue (0.0014023807) (-18.2953348145)
continue (0.0014712092) (-18.3241300447)
continue (0.0015434739) (-18.3530084625)
continue (0.0016194544) (-18.3817426552)
continue (0.0016988571) (-18.4103854594)
continue (0.0017822550) (-18.4386600585)
continue (0.0018700328) (-18.4667364832)
continue (0.0019618234) (-18.4945786724)
continue (0.0020579652) (-18.5221555237)
continue (0.0021594004) (-18.5494429906)
continue (0.0022651429) (-18.5764264803)
continue (0.0023768048) (-18.6031035509)
continue (0.0024932065) (-18.6291169832)
continue (0.0026155768) (-18.6546262694)
continue (0.0027439535) (-18.6796459672)
continue (0.0028792005) (-18.7039933307)
continue (0.0030204407) (-18.7276941556)
continue (0.0031685222) (-18.7508016426)
continue (0.0033245785) (-18.7728849174)
continue (0.0034874358) (-18.7945249633)
continue (0.0036582375) (-18.8153085692)
continue (0.0038385298) (-18.8353497841)
continue (0.0040268094) (-18.8548035939)
continue (0.0042246962) (-18.8735438866)
continue (0.0044322323) (-18.8914349763)
continue (0.0046493213) (-18.9093892922)
continue (0.0048783028) (-18.9266482976)
continue (0.0051194774) (-18.9442395353)
continue (0.0053698702) (-18.9621752494)
continue (0.0056320579) (-18.9800533183)
continue (0.0059096431) (-18.9978339382)
continue (0.0061990950) (-19.0156527424)
continue (0.0065044038) (-19.0333421158)
continue (0.0068259698) (-19.0507564094)
continue (0.0071584208) (-19.0677292241)
continue (0.0075125059) (-19.0839673898)
continue (0.0078829323) (-19.0988687486)
continue (0.0082692103) (-19.1115958323)
continue (0.0086704755) (-19.1218230195)
continue (0.0090944807) (-19.1294205394)
continue (0.0095460609) (-19.1345406773)
continue (0.0100150233) (-19.1374512305)
continue (0.0105069407) (-19.1381073096)
continue (0.0110229463) (-19.1364392355)
continue (0.0115643017) (-19.1324735888)
continue (0.0121324320) (-19.1262145392)
continue (0.0127271923) (-19.1178171124)
continue (0.0133518970) (-19.1072933622)
continue (0.0140087159) (-19.0947979713)
continue (0.0146954841) (-19.0806080732)
continue (0.0154190689) (-19.0649464108)
continue (0.0161744226) (-19.0481284429)
continue (0.0169695898) (-19.0303977352)
continue (0.0178051382) (-19.0120210841)
continue (0.0186773308) (-18.9931062921)
continue (0.0195971392) (-18.9742846161)
continue (0.0205564397) (-18.9550684539)
continue (0.0215684490) (-18.9370421659)
continue (0.0226289290) (-18.9200955323)
continue (0.0237370922) (-18.9037854147)
continue (0.0249048093) (-18.8870600239)
continue (0.0261257732) (-18.8709549401)
continue (0.0274065254) (-18.8544928286)
continue (0.0287556633) (-18.8383325876)
continue (0.0301644148) (-18.8221750281)
continue (0.0316522046) (-18.8060410220)
continue (0.0332094377) (-18.7910214827)
continue (0.0348343643) (-18.7765040590)
continue (0.0365530273) (-18.7629592086)
continue (0.0383368519) (-18.7525177393)
continue (0.0402325373) (-18.7483617796)
continue (0.0422078263) (-18.7490923003)
continue (0.0442792503) (-18.7515362824)
continue (0.0464458191) (-18.7557228792)
continue (0.0487308541) (-18.7619538969)
continue (0.0511373160) (-18.7710865940)
continue (0.0536354897) (-18.7843624366)
continue (0.0562510476) (-18.7991495019)
continue (0.0590198815) (-18.8136087843)
continue (0.0619488083) (-18.8268137316)
continue (0.0649513165) (-18.8395314689)
continue (0.0681575894) (-18.8532519864)
continue (0.0715280197) (-18.8690233084)
continue (0.0750013968) (-18.8863908489)
continue (0.0786931754) (-18.9048306486)
continue (0.0825422981) (-18.9240882385)
continue (0.0866223356) (-18.9450041385)
continue (0.0908541347) (-18.9665762445)
continue (0.0953507346) (-18.9863203027)
continue (0.1000293052) (-19.0072256357)
continue (0.1049484016) (-19.0271032156)
continue (0.1100962874) (-19.0454198373)
continue (0.1155110877) (-19.0641905462)
continue (0.1211791185) (-19.0840200859)
continue (0.1271298787) (-19.1041908498)
continue (0.1333821679) (-19.1242444207)
continue (0.1399365741) (-19.1459369881)
continue (0.1467891383) (-19.1690266027)
continue (0.1540082763) (-19.1938200260)
continue (0.1615721579) (-19.2199708727)
continue (0.1695065050) (-19.2474905992)
continue (0.1778428905) (-19.2760520236)
continue (0.1865820989) (-19.3045183235)
continue (0.1957188511) (-19.3355460714)
continue (0.2053328010) (-19.3698773571)
continue (0.2154295439) (-19.4050552633)
continue (0.2260086733) (-19.4417715782)
continue (0.2371238540) (-19.4739193082)
continue (0.2487761318) (-19.4956650882)
continue (0.2609584682) (-19.5128616245)
continue (0.2738182004) (-19.5301779840)
continue (0.2872846692) (-19.5483670525)
continue (0.3013448978) (-19.5671909950)
continue (0.3161925645) (-19.5865325870)
continue (0.3317316967) (-19.6057234732)
continue (0.3479446242) (-19.6256183019)
continue (0.3650909338) (-19.6464684409)
continue (0.3830462256) (-19.6687752190)
continue (0.4017931970) (-19.6944336865)
continue (0.4214925859) (-19.7239980100)
continue (0.4421479723) (-19.7559704110)
continue (0.4639852194) (-19.7907531512)
continue (0.4867879118) (-19.8294449415)
continue (0.5105137091) (-19.8719239873)
continue (0.5357242627) (-19.9190129531)
continue (0.5621634613) (-19.9694002780)
continue (0.5898168096) (-20.0194512606)
continue (0.6186469591) (-20.0757724187)
continue (0.6490505490) (-20.1432711096)
continue (0.6810664954) (-20.2176707310)
continue (0.7141590680) (-20.3025962768)
continue (0.7493222477) (-20.3826850667)
continue (0.7494721272) (-20.5371529642)
continue (0.7862527790) (-20.6441655041)
continue (0.8246759917) (-20.7822529267)
continue (0.8288690942) (-20.8021352608)
continue (0.8329222993) (-20.8195185735)
continue (0.8369692137) (-20.8368177460)
continue (0.8410245965) (-20.8540239940)
continue (0.8450724461) (-20.8711485767)
continue (0.8491277985) (-20.8880288068)
continue (0.8531743306) (-20.9048515789)
continue (0.8572273582) (-20.9216700812)
continue (0.8612783740) (-20.9388265844)
continue (0.8654007320) (-20.9562448730)
continue (0.8695793374) (-20.9790010050)
continue (0.8738320076) (-21.0000460377)
continue (0.8780757090) (-21.0198861361)
continue (0.8823266565) (-21.0396695703)
continue (0.8865758338) (-21.0594008476)
continue (0.8880856269) (-21.0679830936)
continue (0.8882632618) (-21.0605306692)
continue (0.8908313008) (-21.0718710545)
continue (0.8950838547) (-21.0917616876)
continue (0.8993328242) (-21.1111260780)
continue (0.9035775261) (-21.1304239157)
continue (0.9076364251) (-21.1496601454)
continue (0.9122887342) (-21.1755500312)
continue (0.9167472861) (-21.1986772561)
continue (0.9212067921) (-21.2203818667)
continue (0.9256657008) (-21.2424604955)
continue (0.9301243111) (-21.2649451073)
continue (0.9345829462) (-21.2878640122)
continue (0.9369417514) (-21.3007694971)
continue (0.9371291585) (-21.2967946293)
continue (0.9390419537) (-21.3062765676)
continue (0.9435007297) (-21.3276656546)
continue (0.9479596448) (-21.3494040146)
continue (0.9524111317) (-21.3715088950)
continue (0.9531313595) (-21.3783616172)
continue (0.9538446901) (-21.3822094168)
continue (0.9545580893) (-21.3859912552)
continue (0.9552715550) (-21.3897072266)
continue (0.9559850851) (-21.3933596404)
continue (0.9566986776) (-21.3969476946)
continue (0.9574113244) (-21.4004728023)
continue (0.9581250337) (-21.4039342780)
continue (0.9588387990) (-21.4073336878)
continue (0.9594354567) (-21.4107207788)
continue (0.9596273630) (-21.4081565888)
continue (0.9607716931) (-21.4137233382)
continue (0.9619918385) (-21.4190852834)
continue (0.9632120325) (-21.4242730868)
continue (0.9644322638) (-21.4292924797)
continue (0.9656525208) (-21.4341439204)
continue (0.9668727920) (-21.4388329999)
continue (0.9680930657) (-21.4433622568)
continue (0.9693133303) (-21.4477346359)
continue (0.9705335740) (-21.4519534843)
continue (0.9716099949) (-21.4560560575)
continue (0.9718043363) (-21.4543218502)
continue (0.9724931975) (-21.4566534835)
continue (0.9732326966) (-21.4589864559)
continue (0.9739722802) (-21.4612679585)
continue (0.9747119461) (-21.4634971103)
continue (0.9754506480) (-21.4656768467)
continue (0.9761904704) (-21.4678063628)
continue (0.9769303686) (-21.4698861443)
continue (0.9776692914) (-21.4719192855)
continue (0.9784093329) (-21.4739037887)
continue (0.9790220836) (-21.4758636234)
continue (0.9792179076) (-21.4745664466)
continue (0.9796262717) (-21.4757428224)
continue (0.9801046187) (-21.4769484399)
continue (0.9805823779) (-21.4781352122)
continue (0.9810606032) (-21.4793042847)
continue (0.9815392951) (-21.4804541925)
continue (0.9820173961) (-21.4815860910)
continue (0.9824949039) (-21.4826998311)
continue (0.9829728762) (-21.4837965883)
continue (0.9834513138) (-21.4848749001)
continue (0.9837787230) (-21.4859838196)
continue (0.9839754984) (-21.4849213249)
continue (0.9842532892) (-21.4855996934)
continue (0.9845776371) (-21.4863004141)
continue (0.9849011343) (-21.4869929372)
continue (0.9852259094) (-21.4876772218)
continue (0.9855498328) (-21.4883545639)
continue (0.9858739693) (-21.4890249296)
continue (0.9861983191) (-21.4896869435)
continue (0.9865228824) (-21.4903419092)
continue (0.9868465907) (-21.4909897930)
continue (0.9870824973) (-21.4916049669)
continue (0.9872799335) (-21.4907974777)
continue (0.9874069046) (-21.4912319894)
continue (0.9876423407) (-21.4916884931)
continue (0.9878789599) (-21.4921414308)
continue (0.9881146211) (-21.4925907911)
continue (0.9883503948) (-21.4930365622)
continue (0.9885862810) (-21.4934787326)
continue (0.9888222799) (-21.4939159366)
continue (0.9890583914) (-21.4943495144)
continue (0.9892935417) (-21.4947808115)
continue (0.9894406051) (-21.4952573637)
continue (0.9896385130) (-21.4944430613)
continue (0.9991962399) (-21.5090587946)
continue (1.0439534549) (-21.5450027827)
continue (1.0951411739) (-21.5818645016)
continue (1.1489937849) (-21.6176226965)
continue (1.2053795910) (-21.6530605373)
continue (1.2645947416) (-21.6888821573)
continue (1.3266370226) (-21.7242280998)
continue (1.3918847882) (-21.7587026129)
continue (1.4601297401) (-21.7929044596)
continue (1.5320561043) (-21.8273970688)
continue (1.6071727880) (-21.8613815661)
continue (1.6862823294) (-21.8931294555)
continue (1.7691069129) (-21.9233595563)
continue (1.8559408774) (-21.9542859411)
continue (1.9471516470) (-21.9858996785)
continue (2.0427414724) (-22.0175478486)
continue (2.1431490377) (-22.0498299402)
continue (2.2483764392) (-22.0837566695)
continue (2.3583513737) (-22.1197010086)
continue (2.4742518893) (-22.1575779966)
continue (2.5962021961) (-22.1979792482)
continue (2.7234517956) (-22.2336615247)
continue (2.8575320502) (-22.2709972907)
continue (2.9972889909) (-22.3085648479)
continue (2.9978885086) (-22.4129628823)
continue (3.1444684983) (-22.4672456210)
continue (3.2993011253) (-22.5263670731)
continue (3.3154824080) (-22.5297630262)
continue (3.3316770164) (-22.5359682380)
continue (3.3478830047) (-22.5423996537)
continue (3.3640859670) (-22.5489661749)
continue (3.3802960540) (-22.5557006384)
continue (3.3964985345) (-22.5626030397)
continue (3.4127037129) (-22.5696894697)
continue (3.4289094326) (-22.5769016474)
continue (3.4451134960) (-22.5841906052)
continue (3.4609455785) (-22.5915904215)
continue (3.4783173495) (-22.5957343152)
continue (3.4953146235) (-22.6023484586)
continue (3.5123163736) (-22.6091496416)
continue (3.5293202949) (-22.6160895304)
continue (3.5463240368) (-22.6231621797)
continue (3.5537279767) (-22.6263525278)
continue (3.5544387934) (-22.6044988757)
continue (3.5633252031) (-22.6082553180)
continue (3.5803213519) (-22.6152309519)
continue (3.5973241965) (-22.6222694989)
continue (3.6143172719) (-22.6293407515)
continue (3.6319927095) (-22.6363880201)
continue (3.6491549368) (-22.6405477762)
continue (3.6669965225) (-22.6471867655)
continue (3.6848197184) (-22.6541363715)
continue (3.7026665643) (-22.6613264134)
continue (3.7204896494) (-22.6687468611)
continue (3.7383317846) (-22.6763437093)
continue (3.7481524197) (-22.6806856959)
continue (3.7489021252) (-22.6687752190)
continue (3.7561600736) (-22.6722325101)
continue (3.7740029190) (-22.6798786502)
continue (3.7918425237) (-22.6876110506)
continue (3.8096445268) (-22.6952941018)
continue (3.8125294258) (-22.6935213592)
continue (3.8153867477) (-22.6945067555)
continue (3.8182323571) (-22.6955030096)
continue (3.8210822144) (-22.6965101910)
continue (3.8239363290) (-22.6975305349)
continue (3.8267947105) (-22.6985641287)
continue (3.8296412741) (-22.6996067123)
continue (3.8324920757) (-22.7006605244)
continue (3.8353471248) (-22.7017278262)
continue (3.8381459698) (-22.7028963499)
continue (3.8389136758) (-22.6952941018)
continue (3.8430948760) (-22.6971108660)
continue (3.8479632917) (-22.6989678329)
continue (3.8528440576) (-22.7008502207)
continue (3.8577372208) (-22.7027605171)
continue (3.8626100831) (-22.7046968554)
continue (3.8674952713) (-22.7066573371)
continue (3.8723763766) (-22.7086422513)
continue (3.8772533211) (-22.7106496628)
continue (3.8821260270) (-22.7126776016)
continue (3.8872689984) (-22.7146677724)
continue (3.8880465300) (-22.7095201867)
continue (3.8899644875) (-22.7106652778)
continue (3.8929224712) (-22.7119073455)
continue (3.8958849568) (-22.7131574628)
continue (3.8988519547) (-22.7144134390)
continue (3.9018067686) (-22.7156753146)
continue (3.9047660647) (-22.7169453939)
continue (3.9077130959) (-22.7182191984)
continue (3.9106813613) (-22.7194990265)
continue (3.9136373315) (-22.7207872040)
continue (3.9156676117) (-22.7221616670)
continue (3.9164508235) (-22.7180580666)
continue (3.9185008743) (-22.7189552639)
continue (3.9204226914) (-22.7197882488)
continue (3.9223295118) (-22.7206228343)
continue (3.9242381880) (-22.7214590268)
continue (3.9261487226) (-22.7222968324)
continue (3.9280611185) (-22.7231385531)
continue (3.9299753783) (-22.7239819083)
continue (3.9318915048) (-22.7248245998)
continue (3.9338095006) (-22.7256712387)
continue (3.9359648088) (-22.7265357274)
continue (3.9367520805) (-22.7235381958)
continue (3.9370216616) (-22.7240141124)
continue (3.9383148035) (-22.7245872835)
continue (3.9396087952) (-22.7251612121)
continue (3.9409036375) (-22.7257359002)
continue (3.9421993313) (-22.7263113497)
continue (3.9434958773) (-22.7268852471)
continue (3.9447932764) (-22.7274622226)
continue (3.9460915295) (-22.7280399657)
continue (3.9473906374) (-22.7286184783)
continue (3.9479023104) (-22.7290883606)
continue (3.9486919698) (-22.7267671660)
continue (3.9496318982) (-22.7271400414)
continue (3.9505736443) (-22.7275596194)
continue (3.9515158397) (-22.7279796031)
continue (3.9524584845) (-22.7283999934)
continue (3.9534015792) (-22.7288207910)
continue (3.9543451241) (-22.7292419967)
continue (3.9552891195) (-22.7296636114)
continue (3.9562335657) (-22.7300833030)
continue (3.9571784630) (-22.7305057355)
continue (3.9581922382) (-22.7309542903)
continue (3.9589839558) (-22.7288556821)
continue (3.9963853212) (-22.7464197104)
continue (3.9971846782) (-22.7464197104)
continue (4.1935893733) (-22.8416375079)
continue (4.3980066159) (-22.8827287043)
continue (4.6140099788) (-22.9065783148)
continue (4.8420136600) (-22.9262816497)
continue (5.0795260358) (-22.9453869454)
continue (5.3290466130) (-22.9649707178)
continue (5.5905949130) (-22.9846402446)
continue (5.8640088212) (-23.0050672633)
continue (6.1530517948) (-23.0258108089)
continue (6.4537320879) (-23.0468203989)
continue (6.7752191139) (-23.0680338853)
continue (7.1026264288) (-23.0894823145)
continue (7.4571765206) (-23.1110907407)
continue (7.8220340843) (-23.1328272488)
continue (8.2022229596) (-23.1545918604)
continue (8.6049761172) (-23.1766562092)
continue (9.0313872232) (-23.1988708124)
continue (9.4736144175) (-23.2214146721)
continue (9.9396484600) (-23.2442775551)
continue (10.4275886350) (-23.2675258227)
continue (10.9395794816) (-23.2912392763)
continue (11.4769139901) (-23.3154239126)
continue (12.0410540541) (-23.3401788419)
continue (12.6319236321) (-23.3655227298)
continue (13.2528646134) (-23.3913670105)
continue (13.9039818556) (-23.4177093173)
continue (14.5849387135) (-23.4447845949)
continue (15.3025519868) (-23.4723700991)
continue (16.0547387388) (-23.5004503741)
continue (16.8410085163) (-23.5291486755)
continue (17.6704861512) (-23.5583048644)
continue (18.5367569328) (-23.5878755938)
continue (19.4465849513) (-23.6181632000)
continue (20.4045448011) (-23.6487836547)
continue (21.4063183185) (-23.6798537139)
continue (22.4560613804) (-23.7113037394)
continue (23.5591254089) (-23.7430418474)
continue (24.7156759104) (-23.7752080435)
continue (25.9324692890) (-23.8077113874)
continue (27.2019991288) (-23.8407336689)
continue (28.5395230447) (-23.8735438866)
continue (29.9463348937) (-23.9069286936)
continue (31.4121672119) (-23.9408153824)
continue (32.9572141344) (-23.9742846161)
continue (34.5700671782) (-24.0084638247)
continue (36.2765513860) (-24.0426321916)
continue (38.0487252951) (-24.0769633313)
continue (39.9153294269) (-24.1114274031)
continue (41.8780777030) (-24.1459369881)
continue (43.9376552949) (-24.1805876888)
continue (46.0934229042) (-24.2153827074)
continue (48.3687351813) (-24.2501864147)
continue (50.7386954798) (-24.2846653162)
continue (53.2282109122) (-24.3185778443)
continue (55.8374369373) (-24.3512497873)
continue (58.6023775445) (-24.3828947695)
continue (61.4475368049) (-24.4134126953)
continue (64.4916469085) (-24.4387793211)
continue (67.6515939730) (-24.4584207561)
continue (70.9709478829) (-24.4741780478)
continue (74.4499159164) (-24.4855850794)
continue (78.0862871308) (-24.4930892744)
continue (81.9484685986) (-24.5000381344)
continue (85.9685821525) (-24.5072396110)
continue (90.2244525561) (-24.5149887854)
continue (94.6279305105) (-24.5227340046)
continue (99.2773690834) (-24.5307672575)
continue (104.1567002876) (-24.5389519083)
continue (109.2777276432) (-24.5471406642)
continue (114.6391962280) (-24.5553307691)
continue (120.2675162751) (-24.5636782999)
continue (126.1793091687) (-24.5721894273)
continue (132.3746325997) (-24.5807052782)
continue (138.8703094813) (-24.5890541413)
continue (145.6861663975) (-24.5972229304)
continue (152.8458522000) (-24.6051982228)
continue (160.3496341398) (-24.6131444708)
continue (168.2235500861) (-24.6208758539)
continue (176.4995101330) (-24.6285626826)
continue (185.1792259330) (-24.6358243672)
continue (194.2585740389) (-24.6428277423)
continue (203.8172603034) (-24.6497519817)
continue (213.8120532183) (-24.6563944919)
continue (224.3394807525) (-24.6631401791)
continue (235.3478746943) (-24.6695862267)
continue (246.8889110855) (-24.6761293935)
continue (259.0298382082) (-24.6827726508)
continue (271.6955786573) (-24.6895191085)
continue (285.0381516473) (-24.6965879294)
continue (299.0702234383) (-24.7037737127)
continue (313.7971662591) (-24.7110803943)
continue (329.2149461042) (-24.7187393129)
continue (345.3076812491) (-24.7267671660)
continue (362.3327915771) (-24.7354182708)
continue (380.1697834028) (-24.7447274949)
continue (398.8039259591) (-24.7544873322)
continue (418.3962216788) (-24.7649768405)
continue (438.9532614723) (-24.7759851886)
continue (460.4684036465) (-24.7872798456)
continue (483.1744277924) (-24.7991495019)
continue (506.8225644140) (-24.8099485822)
continue (531.6610098112) (-24.8187282284)
continue (557.6909246123) (-24.8250684065)
continue (585.2710152964) (-24.8300318260)
continue (614.0613010893) (-24.8350526274)
continue (644.0049263721) (-24.8395314689)
continue (675.5129509388) (-24.8440569820)
continue (709.1571757327) (-24.8486301498)
continue (743.8914047481) (-24.8532519864)
continue (780.1943243292) (-24.8576105339)
continue (818.7484014523) (-24.8623294628)
continue (858.8755615612) (-24.8671002301)
continue (901.3520977413) (-24.8716007313)
continue (945.2976875689) (-24.8764750191)
continue (991.6932972211) (-24.8814046348)
continue (1040.3778637019) (-24.8863908489)
continue (1091.4684043795) (-24.8921119748)
continue (1145.0954647103) (-24.8982529261)
continue (1201.4066853216) (-24.9051796196)
continue (1260.3969167586) (-24.9132843361)
continue (1322.2097661295) (-24.9222688203)
continue (1387.2232772362) (-24.9325571572)
continue (1455.2331057433) (-24.9438577379)
continue (1526.6660593340) (-24.9562448730)
continue (1601.8051868807) (-24.9702105292)
continue (1680.3742777364) (-24.9854794612)
continue (1762.9463548393) (-25.0017842676)
continue (1849.5371845270) (-25.0192696235)
continue (1940.5173995240) (-25.0378201471)
continue (2035.8958239867) (-25.0572976311)
continue (2135.6151179200) (-25.0775859759)
continue (2240.6367612895) (-25.0986506746)
continue (2350.4435667177) (-25.1204453991)
continue (2466.2164298145) (-25.1429692017)
continue (2587.3565326986) (-25.1659609818)
continue (2714.5277653156) (-25.1894314708)
continue (2847.7092838014) (-25.2134615195)
continue (2987.7605600540) (-25.2379219127)
continue (3133.6553329314) (-25.2628869057)
continue (3288.5852429320) (-25.2884458317)
continue (3449.1558320078) (-25.3144373888)
continue (3619.0110040368) (-25.3409399278)
continue (3796.9457117352) (-25.3678465165)
continue (3982.8101871349) (-25.3950183704)
continue (4178.2071105752) (-25.4227380464)
continue (4383.1985128257) (-25.4507514431)
continue (4600.0351883718) (-25.4792545285)
continue (4826.6259047482) (-25.5082182244)
continue (5062.5942823136) (-25.5374522712)
continue (5310.4135828465) (-25.5670307091)
continue (5573.4982924554) (-25.5970511707)
continue (5845.2018654038) (-25.6274561992)
continue (6132.3483904203) (-25.6583676642)
continue (6435.5012063309) (-25.6895191085)
continue (6750.1257097515) (-25.7210178831)
continue (7080.5514437953) (-25.7530093008)
continue (7426.7886782107) (-25.7854210464)
continue (7795.2692114325) (-25.8178707859)
continue (8180.1343879395) (-25.8507808873)
continue (8580.6682751079) (-25.8840568231)
continue (8995.7252795307) (-25.9175736991)
continue (9442.2025781417) (-25.9511699135)
continue (9905.0757697441) (-25.9850596502)
continue (10391.9143667061) (-26.0192696235)
continue (10902.9309741141) (-26.0535477350)
continue (11438.0189634299) (-26.0880970040)
continue (11999.8284279228) (-26.1228014847)
continue (12588.2990857364) (-26.1578902366)
continue (13206.7676929921) (-26.1934130657)
continue (13855.3591427164) (-26.2292216038)
continue (14536.0818442568) (-26.2652801583)
continue (15251.3300555055) (-26.3018124301)
continue (15998.3667629294) (-26.3387553910)
continue (16785.1716856964) (-26.3761307316)
continue (17609.0235906562) (-26.4140882897)
continue (18476.6214682980) (-26.4525945403)
continue (19380.4119697247) (-26.4920092752)
continue (20336.2412590149) (-26.5319482085)
continue (21331.1556839058) (-26.5726762136)
continue (22378.8548825259) (-26.6143937264)
continue (23480.2105337917) (-26.6569855028)
continue (24635.4952910640) (-26.7004927013)
continue (25844.2135795932) (-26.7449688367)
continue (27112.9714613644) (-26.7904849855)
continue (28441.5409118744) (-26.8374355935)
continue (29838.4731767013) (-26.8853890158)
continue (31304.2587020425) (-26.9344202853)
continue (32838.4493987912) (-26.9846402446)
continue (34452.4374599794) (-27.0361649693)
continue (36147.0436658650) (-27.0892155652)
continue (37922.0545491659) (-27.1431503213)
continue (39793.3175029020) (-27.1986649043)
continue (41743.7916086329) (-27.2574319656)
continue (43789.8592415404) (-27.3174037085)
continue (45953.9571768258) (-27.3786159715)
continue (48189.6864524831) (-27.4417715782)
continue (50569.7542073505) (-27.5066813918)
continue (53042.3149485714) (-27.5738141748)
continue (55666.8888708892) (-27.6430185990)
continue (58377.1281753015) (-27.7144426910)
continue (61241.0598666973) (-27.7888794587)
continue (64264.2433580011) (-27.8655041442)
continue (67401.4031668977) (-27.9453869454)
continue (70750.5412124578) (-28.0276120009)
continue (74207.4080469427) (-28.1125514998)
continue (77819.5534429083) (-28.2007973437)
continue (81654.7464889298) (-28.2917491114)
continue (85725.9615067221) (-28.3859468940)
continue (89868.5375558636) (-28.4841261563)
continue (94314.5281325250) (-28.5855280504)
continue (98943.2107292569) (-28.6905827742)
continue (103800.7712514473) (-28.7994230732)
continue (108899.0165889647) (-28.9118639113)
continue (114251.1247262358) (-29.0288169591)
continue (119856.2371190920) (-29.1490476002)
continue (125744.0279862641) (-29.2727841791)
continue (131933.8310143994) (-29.4012094932)
continue (138406.2835383439) (-29.5316526696)
continue (145198.6887852862) (-29.6645420993)
continue (152334.8329683143) (-29.7977842242)
continue (159815.3228369794) (-29.9281179927)
continue (167666.4159735890) (-30.0534003750)
continue (175886.3097503294) (-30.1662156253)
continue (184541.7113844586) (-30.2628073573)
continue (193598.2517137149) (-30.3422750458)
continue (203090.4771153235) (-30.4001169279)
continue (213112.0137550178) (-30.4418916984)
continue (223568.9329775408) (-30.4772950073)
continue (234560.3528485087) (-30.5127201836)
continue (246022.4003284170) (-30.5480601306)
continue (258149.2835174097) (-30.5835259209)
continue (270807.4207478325) (-30.6188849193)
continue (284149.3516733571) (-30.6542343069)
continue (298091.9106367211) (-30.6897316334)
continue (312720.3057022843) (-30.7251496800)
continue (328029.8671045559) (-30.7604502792)
continue (344134.0524231330) (-30.7958800173)
continue (361040.7966784692) (-30.8312079797)
continue (378747.7019187267) (-30.8667805433)
continue (397412.5472378789) (-30.9020489290)
continue (416865.0369700166) (-30.9374180158)
continue (437478.1424946981) (-30.9730583720)
continue (458845.4032308441) (-31.0082867243)
continue (481387.7289046257) (-31.0436874692)
continue (505136.9017829581) (-31.0790943958)
continue (529806.3783816607) (-31.1145256972)
continue (555989.6100161417) (-31.1499054056)
continue (583397.5485380642) (-31.1852863873)
continue (611999.3088089029) (-31.2206921724)
continue (3672982.5506507708) (-32.2963647624)
continue (3709712.3761572787) (-50.0000000000)
continue (7354000.0000000000) (-50.0000000000)
f(nu) = -20.4104944208 at 1.0000000000 Ryd
