# Puchwein et al 2019
# z = 1.609000
# E [Ryd] log (J_nu)
interpolate (0.0000000100) (-50.0000000000)
continue (0.0007810860) (-50.0000000000)
continue (0.0007889757) (-17.8389316145)
continue (0.0008276721) (-17.8607507824)
continue (0.0008678733) (-17.8840568231)
continue (0.0009112670) (-17.9086848403)
continue (0.0009556071) (-17.9340470197)
continue (0.0010026042) (-17.9601894459)
continue (0.0010517855) (-17.9867413347)
continue (0.0011034960) (-18.0142592589)
continue (0.0011577525) (-18.0422969585)
continue (0.0012145368) (-18.0706832732)
continue (0.0012741429) (-18.0991960652)
continue (0.0013367566) (-18.1279020257)
continue (0.0014023807) (-18.1568918580)
continue (0.0014712092) (-18.1860855800)
continue (0.0015434739) (-18.2155253562)
continue (0.0016194544) (-18.2449640662)
continue (0.0016988571) (-18.2741700097)
continue (0.0017822550) (-18.3032069149)
continue (0.0018700328) (-18.3319870284)
continue (0.0019618234) (-18.3606131310)
continue (0.0020579652) (-18.3891269996)
continue (0.0021594004) (-18.4173685605)
continue (0.0022651429) (-18.4453897148)
continue (0.0023768048) (-18.4731440129)
continue (0.0024932065) (-18.5004503741)
continue (0.0026155768) (-18.5272435507)
continue (0.0027439535) (-18.5536181878)
continue (0.0028792005) (-18.5793842294)
continue (0.0030204407) (-18.6044988757)
continue (0.0031685222) (-18.6291169832)
continue (0.0033245785) (-18.6528652171)
continue (0.0034874358) (-18.6761293935)
continue (0.0036582375) (-18.6983190507)
continue (0.0038385298) (-18.7198771037)
continue (0.0040268094) (-18.7406450727)
continue (0.0042246962) (-18.7602001816)
continue (0.0044322323) (-18.7791077508)
continue (0.0046493213) (-18.7972393126)
continue (0.0048783028) (-18.8150248093)
continue (0.0051194774) (-18.8329782042)
continue (0.0053698702) (-18.8510890069)
continue (0.0056320579) (-18.8693446510)
continue (0.0059096431) (-18.8877302316)
continue (0.0061990950) (-18.9065783148)
continue (0.0065044038) (-18.9255492810)
continue (0.0068259698) (-18.9446216686)
continue (0.0071584208) (-18.9641701747)
continue (0.0075125059) (-18.9833844524)
continue (0.0078829323) (-19.0020896327)
continue (0.0082692103) (-19.0187705126)
continue (0.0086704755) (-19.0328734189)
continue (0.0090944807) (-19.0440718431)
continue (0.0095460609) (-19.0526643241)
continue (0.0100150233) (-19.0590852624)
continue (0.0105069407) (-19.0633354870)
continue (0.0110229463) (-19.0654005618)
continue (0.0115643017) (-19.0653500771)
continue (0.0121324320) (-19.0630843191)
continue (0.0127271923) (-19.0586376643)
continue (0.0133518970) (-19.0519295185)
continue (0.0140087159) (-19.0429676837)
continue (0.0146954841) (-19.0317973319)
continue (0.0154190689) (-19.0183625753)
continue (0.0161744226) (-19.0027010076)
continue (0.0169695898) (-18.9850596502)
continue (0.0178051382) (-18.9653715434)
continue (0.0186773308) (-18.9446216686)
continue (0.0195971392) (-18.9229956732)
continue (0.0205564397) (-18.9017024635)
continue (0.0215684490) (-18.8823973083)
continue (0.0226289290) (-18.8651856297)
continue (0.0237370922) (-18.8486301498)
continue (0.0249048093) (-18.8323873273)
continue (0.0261257732) (-18.8164454664)
continue (0.0274065254) (-18.8005190851)
continue (0.0287556633) (-18.7840981868)
continue (0.0301644148) (-18.7664962397)
continue (0.0316522046) (-18.7481185454)
continue (0.0332094377) (-18.7286231281)
continue (0.0348343643) (-18.7084091743)
continue (0.0365530273) (-18.6873995607)
continue (0.0383368519) (-18.6697892154)
continue (0.0402325373) (-18.6605485587)
continue (0.0422078263) (-18.6575773192)
continue (0.0442792503) (-18.6565914062)
continue (0.0464458191) (-18.6571826854)
continue (0.0487308541) (-18.6601512170)
continue (0.0511373160) (-18.6667543010)
continue (0.0536354897) (-18.6788159727)
continue (0.0562510476) (-18.6933605590)
continue (0.0590198815) (-18.7070797004)
continue (0.0619488083) (-18.7187393129)
continue (0.0649513165) (-18.7283906986)
continue (0.0681575894) (-18.7389751660)
continue (0.0715280197) (-18.7517814388)
continue (0.0750013968) (-18.7664962397)
continue (0.0786931754) (-18.7825160558)
continue (0.0825422981) (-18.7999707334)
continue (0.0866223356) (-18.8193007987)
continue (0.0908541347) (-18.8398317070)
continue (0.0953507346) (-18.8591778199)
continue (0.1000293052) (-18.8790971824)
continue (0.1049484016) (-18.8979094745)
continue (0.1100962874) (-18.9147094218)
continue (0.1155110877) (-18.9310723883)
continue (0.1211791185) (-18.9488474776)
continue (0.1271298787) (-18.9661743060)
continue (0.1333821679) (-18.9829666607)
continue (0.1399365741) (-19.0013919707)
continue (0.1467891383) (-19.0210438348)
continue (0.1540082763) (-19.0424884885)
continue (0.1615721579) (-19.0653500771)
continue (0.1695065050) (-19.0896958319)
continue (0.1778428905) (-19.1153745367)
continue (0.1865820989) (-19.1409217753)
continue (0.1957188511) (-19.1696680065)
continue (0.2053328010) (-19.2031482510)
continue (0.2154295439) (-19.2381473055)
continue (0.2260086733) (-19.2759700271)
continue (0.2371238540) (-19.3099812192)
continue (0.2487761318) (-19.3302183848)
continue (0.2609584682) (-19.3444774037)
continue (0.2738182004) (-19.3605135107)
continue (0.2872846692) (-19.3757179042)
continue (0.3013448978) (-19.3916879573)
continue (0.3161925645) (-19.4080454450)
continue (0.3317316967) (-19.4219341162)
continue (0.3479446242) (-19.4369938129)
continue (0.3650909338) (-19.4527176920)
continue (0.3830462256) (-19.4696722102)
continue (0.4017931970) (-19.4898573006)
continue (0.4214925859) (-19.5135695211)
continue (0.4421479723) (-19.5395532161)
continue (0.4639852194) (-19.5678327306)
continue (0.4867879118) (-19.5994620106)
continue (0.5105137091) (-19.6348865684)
continue (0.5357242627) (-19.6740740442)
continue (0.5621634613) (-19.7162466167)
continue (0.5898168096) (-19.7574585717)
continue (0.6186469591) (-19.8049310035)
continue (0.6490505490) (-19.8642314854)
continue (0.6810664954) (-19.9318141383)
continue (0.7141590680) (-20.0113964567)
continue (0.7493222477) (-20.0885227829)
continue (0.7494721272) (-20.2570393298)
continue (0.7862527790) (-20.3641143147)
continue (0.8246759917) (-20.5083582065)
continue (0.8288690942) (-20.5298336294)
continue (0.8329222993) (-20.5485175235)
continue (0.8369692137) (-20.5671845824)
continue (0.8410245965) (-20.5858224737)
continue (0.8450724461) (-20.6044429765)
continue (0.8491277985) (-20.6228887151)
continue (0.8531743306) (-20.6413115064)
continue (0.8572273582) (-20.6597522545)
continue (0.8612783740) (-20.6786398030)
continue (0.8654007320) (-20.6981022828)
continue (0.8695793374) (-20.7229549326)
continue (0.8738320076) (-20.7467734908)
continue (0.8780757090) (-20.7692522846)
continue (0.8823266565) (-20.7918086498)
continue (0.8865758338) (-20.8144663441)
continue (0.8880856269) (-20.8244881866)
continue (0.8882632618) (-20.8138916202)
continue (0.8908313008) (-20.8269274209)
continue (0.8950838547) (-20.8500422911)
continue (0.8993328242) (-20.8726295206)
continue (0.9035775261) (-20.8953183192)
continue (0.9076364251) (-20.9179330657)
continue (0.9122887342) (-20.9476947505)
continue (0.9167472861) (-20.9759167953)
continue (0.9212067921) (-21.0025258044)
continue (0.9256657008) (-21.0298763732)
continue (0.9301243111) (-21.0580664038)
continue (0.9345829462) (-21.0871617571)
continue (0.9369417514) (-21.1036391545)
continue (0.9371291585) (-21.0981059680)
continue (0.9390419537) (-21.1102586218)
continue (0.9435007297) (-21.1379360370)
continue (0.9479596448) (-21.1664672324)
continue (0.9524111317) (-21.1959287511)
continue (0.9531313595) (-21.2012865279)
continue (0.9538446901) (-21.2064477745)
continue (0.9545580893) (-21.2115290014)
continue (0.9552715550) (-21.2165316475)
continue (0.9559850851) (-21.2214551677)
continue (0.9566986776) (-21.2262991063)
continue (0.9574113244) (-21.2310645791)
continue (0.9581250337) (-21.2357521140)
continue (0.9588387990) (-21.2403608575)
continue (0.9594354567) (-21.2448877336)
continue (0.9596273630) (-21.2413908573)
continue (0.9607716931) (-21.2488980380)
continue (0.9619918385) (-21.2561861788)
continue (0.9632120325) (-21.2632530161)
continue (0.9644322638) (-21.2701017427)
continue (0.9656525208) (-21.2767348354)
continue (0.9668727920) (-21.2831531074)
continue (0.9680930657) (-21.2893606102)
continue (0.9693133303) (-21.2953596762)
continue (0.9705335740) (-21.3011524840)
continue (0.9716099949) (-21.3067128430)
continue (0.9718043363) (-21.3042557248)
continue (0.9724931975) (-21.3075487949)
continue (0.9732326966) (-21.3107515378)
continue (0.9739722802) (-21.3138841234)
continue (0.9747119461) (-21.3169457536)
continue (0.9754506480) (-21.3199383870)
continue (0.9761904704) (-21.3228622657)
continue (0.9769303686) (-21.3257176920)
continue (0.9776692914) (-21.3285068791)
continue (0.9784093329) (-21.3312293533)
continue (0.9790220836) (-21.3338565727)
continue (0.9792179076) (-21.3319870284)
continue (0.9796262717) (-21.3337076491)
continue (0.9801046187) (-21.3353580244)
continue (0.9805823779) (-21.3369826133)
continue (0.9810606032) (-21.3385811019)
continue (0.9815392951) (-21.3401531786)
continue (0.9820173961) (-21.3416994881)
continue (0.9824949039) (-21.3432206914)
continue (0.9829728762) (-21.3447174648)
continue (0.9834513138) (-21.3461885730)
continue (0.9837787230) (-21.3476569449)
continue (0.9839754984) (-21.3462088126)
continue (0.9842532892) (-21.3471369926)
continue (0.9845776371) (-21.3480903919)
continue (0.9849011343) (-21.3490323072)
continue (0.9852259094) (-21.3499636312)
continue (0.9855498328) (-21.3508833171)
continue (0.9858739693) (-21.3517922628)
continue (0.9861983191) (-21.3526913749)
continue (0.9865228824) (-21.3535796082)
continue (0.9868465907) (-21.3544568918)
continue (0.9870824973) (-21.3553644962)
continue (0.9872799335) (-21.3540867250)
continue (0.9874069046) (-21.3547497139)
continue (0.9876423407) (-21.3553674493)
continue (0.9878789599) (-21.3559791644)
continue (0.9881146211) (-21.3565858195)
continue (0.9883503948) (-21.3571873923)
continue (0.9885862810) (-21.3577828705)
continue (0.9888222799) (-21.3583732192)
continue (0.9890583914) (-21.3589584162)
continue (0.9892935417) (-21.3595384397)
continue (0.9894406051) (-21.3601152581)
continue (0.9896385130) (-21.3591212213)
continue (0.9991962399) (-21.3784083241)
continue (1.0439534549) (-21.4157818879)
continue (1.0951411739) (-21.4527176920)
continue (1.1489937849) (-21.4874490071)
continue (1.2053795910) (-21.5228787453)
continue (1.2645947416) (-21.5600360641)
continue (1.3266370226) (-21.5961933895)
continue (1.3918847882) (-21.6309697782)
continue (1.4601297401) (-21.6655462488)
continue (1.5320561043) (-21.7022394889)
continue (1.6071727880) (-21.7401673009)
continue (1.6862823294) (-21.7744322866)
continue (1.7691069129) (-21.8077113874)
continue (1.8559408774) (-21.8422411140)
continue (1.9471516470) (-21.8738685927)
continue (2.0427414724) (-21.9027426903)
continue (2.1431490377) (-21.9273825235)
continue (2.2483764392) (-21.9550684539)
continue (2.3583513737) (-21.9850596502)
continue (2.4742518893) (-22.0145286167)
continue (2.5962021961) (-22.0463369363)
continue (2.7234517956) (-22.0808695861)
continue (2.8575320502) (-22.1196438006)
continue (2.9972889909) (-22.1597684050)
continue (2.9978885086) (-22.2988639339)
continue (3.1444684983) (-22.3579313727)
continue (3.2993011253) (-22.4241196843)
continue (3.3154824080) (-22.4306448205)
continue (3.3316770164) (-22.4377832925)
continue (3.3478830047) (-22.4450434830)
continue (3.3640859670) (-22.4523421885)
continue (3.3802960540) (-22.4597093256)
continue (3.3964985345) (-22.4672991151)
continue (3.4127037129) (-22.4751613697)
continue (3.4289094326) (-22.4831382017)
continue (3.4451134960) (-22.4911162565)
continue (3.4609455785) (-22.4990777608)
continue (3.4783173495) (-22.5048124022)
continue (3.4953146235) (-22.5129295326)
continue (3.5123163736) (-22.5212517448)
continue (3.5293202949) (-22.5296836115)
continue (3.5463240368) (-22.5382554327)
continue (3.5537279767) (-22.5421181033)
continue (3.5544387934) (-22.5070999889)
continue (3.5633252031) (-22.5116904685)
continue (3.5803213519) (-22.5202563020)
continue (3.5973241965) (-22.5289827441)
continue (3.6143172719) (-22.5377712602)
continue (3.6319927095) (-22.5465287663)
continue (3.6491549368) (-22.5502794508)
continue (3.6669965225) (-22.5590547282)
continue (3.6848197184) (-22.5682117998)
continue (3.7026665643) (-22.5776350798)
continue (3.7204896494) (-22.5873563651)
continue (3.7383317846) (-22.5972933715)
continue (3.7481524197) (-22.6029294500)
continue (3.7489021252) (-22.5840255886)
continue (3.7561600736) (-22.5884341634)
continue (3.7740029190) (-22.5985046831)
continue (3.7918425237) (-22.6087348839)
continue (3.8096445268) (-22.6190655367)
continue (3.8125294258) (-22.6120178726)
continue (3.8153867477) (-22.6133886853)
continue (3.8182323571) (-22.6147763600)
continue (3.8210822144) (-22.6161792502)
continue (3.8239363290) (-22.6175992899)
continue (3.8267947105) (-22.6190330200)
continue (3.8296412741) (-22.6204823735)
continue (3.8324920757) (-22.6219474914)
continue (3.8353471248) (-22.6234248677)
continue (3.8381459698) (-22.6248853153)
continue (3.8389136758) (-22.6127881997)
continue (3.8430948760) (-22.6153634816)
continue (3.8479632917) (-22.6179379085)
continue (3.8528440576) (-22.6205494394)
continue (3.8577372208) (-22.6231968308)
continue (3.8626100831) (-22.6258788100)
continue (3.8674952713) (-22.6285959207)
continue (3.8723763766) (-22.6313468627)
continue (3.8772533211) (-22.6341284330)
continue (3.8821260270) (-22.6369411106)
continue (3.8872689984) (-22.6397853867)
continue (3.8880465300) (-22.6313412876)
continue (3.8899644875) (-22.6329797151)
continue (3.8929224712) (-22.6347048697)
continue (3.8958849568) (-22.6364406651)
continue (3.8988519547) (-22.6381853138)
continue (3.9018067686) (-22.6399407904)
continue (3.9047660647) (-22.6417071981)
continue (3.9077130959) (-22.6434808197)
continue (3.9106813613) (-22.6452655521)
continue (3.9136373315) (-22.6470576491)
continue (3.9156676117) (-22.6487836547)
continue (3.9164508235) (-22.6424462803)
continue (3.9185008743) (-22.6436566691)
continue (3.9204226914) (-22.6448205978)
continue (3.9223295118) (-22.6459857323)
continue (3.9242381880) (-22.6471540009)
continue (3.9261487226) (-22.6483273533)
continue (3.9280611185) (-22.6495038843)
continue (3.9299753783) (-22.6506836112)
continue (3.9318915048) (-22.6518665516)
continue (3.9338095006) (-22.6530527228)
continue (3.9359648088) (-22.6542343069)
continue (3.9367520805) (-22.6493643917)
continue (3.9370216616) (-22.6500914068)
continue (3.9383148035) (-22.6508954475)
continue (3.9396087952) (-22.6517009795)
continue (3.9409036375) (-22.6525080084)
continue (3.9421993313) (-22.6533165398)
continue (3.9434958773) (-22.6541265792)
continue (3.9447932764) (-22.6549381323)
continue (3.9460915295) (-22.6557512048)
continue (3.9473906374) (-22.6565658023)
continue (3.9479023104) (-22.6573799574)
continue (3.9486919698) (-22.6534514415)
continue (3.9496318982) (-22.6539855942)
continue (3.9505736443) (-22.6545772548)
continue (3.9515158397) (-22.6551697225)
continue (3.9524584845) (-22.6557629996)
continue (3.9534015792) (-22.6563551197)
continue (3.9543451241) (-22.6569500195)
continue (3.9552891195) (-22.6575457353)
continue (3.9562335657) (-22.6581422693)
continue (3.9571784630) (-22.6587376445)
continue (3.9581922382) (-22.6593576224)
continue (3.9589839558) (-22.6560009309)
continue (3.9963853212) (-22.6808939407)
continue (3.9971846782) (-22.6808939407)
continue (4.1935893733) (-22.8043770564)
continue (4.3980066159) (-22.8563607647)
continue (4.6140099788) (-22.8823973083)
continue (4.8420136600) (-22.9010103606)
continue (5.0795260358) (-22.9182927299)
continue (5.3290466130) (-22.9351677803)
continue (5.5905949130) (-22.9527251326)
continue (5.8640088212) (-22.9706162223)
continue (6.1530517948) (-22.9892761346)
continue (6.4537320879) (-23.0078000702)
continue (6.7752191139) (-23.0268259473)
continue (7.1026264288) (-23.0459505532)
continue (7.4571765206) (-23.0652491253)
continue (7.8220340843) (-23.0846529377)
continue (8.2022229596) (-23.1041908498)
continue (8.6049761172) (-23.1238399152)
continue (9.0313872232) (-23.1436941336)
continue (9.4736144175) (-23.1637391971)
continue (9.9396484600) (-23.1840239990)
continue (10.4275886350) (-23.2046762357)
continue (10.9395794816) (-23.2255560311)
continue (11.4769139901) (-23.2469534384)
continue (12.0410540541) (-23.2688142924)
continue (12.6319236321) (-23.2912392763)
continue (13.2528646134) (-23.3143478159)
continue (13.9039818556) (-23.3379981206)
continue (14.5849387135) (-23.3623101809)
continue (15.3025519868) (-23.3873220817)
continue (16.0547387388) (-23.4129628823)
continue (16.8410085163) (-23.4391373053)
continue (17.6704861512) (-23.4659738939)
continue (18.5367569328) (-23.4933596944)
continue (19.4465849513) (-23.5212892445)
continue (20.4045448011) (-23.5497508917)
continue (21.4063183185) (-23.5787252088)
continue (22.4560613804) (-23.6083592965)
continue (23.5591254089) (-23.6382721640)
continue (24.7156759104) (-23.6687752190)
continue (25.9324692890) (-23.6996219351)
continue (27.2019991288) (-23.7309542903)
continue (28.5395230447) (-23.7627076624)
continue (29.9463348937) (-23.7947956361)
continue (31.4121672119) (-23.8273970688)
continue (32.9572141344) (-23.8601209136)
continue (34.5700671782) (-23.8931294555)
continue (36.2765513860) (-23.9266482976)
continue (38.0487252951) (-23.9601894459)
continue (39.9153294269) (-23.9939620450)
continue (41.8780777030) (-24.0278434641)
continue (43.9376552949) (-24.0620309970)
continue (46.0934229042) (-24.0963674839)
continue (48.3687351813) (-24.1307682803)
continue (50.7386954798) (-24.1653250255)
continue (53.2282109122) (-24.1999706408)
continue (55.8374369373) (-24.2347040703)
continue (58.6023775445) (-24.2695407400)
continue (61.4475368049) (-24.3037310033)
continue (64.4916469085) (-24.3365817877)
continue (67.6515939730) (-24.3672391115)
continue (70.9709478829) (-24.3959900676)
continue (74.4499159164) (-24.4227380464)
continue (78.0862871308) (-24.4402130318)
continue (81.9484685986) (-24.4484280263)
continue (85.9685821525) (-24.4553119777)
continue (90.2244525561) (-24.4625587166)
continue (94.6279305105) (-24.4700565983)
continue (99.2773690834) (-24.4778166824)
continue (104.1567002876) (-24.4858508655)
continue (109.2777276432) (-24.4937656404)
continue (114.6391962280) (-24.5018273394)
continue (120.2675162751) (-24.5100415206)
continue (126.1793091687) (-24.5185573715)
continue (132.3746325997) (-24.5272435507)
continue (138.8703094813) (-24.5358086294)
continue (145.6861663975) (-24.5439377755)
continue (152.8458522000) (-24.5520671344)
continue (160.3496341398) (-24.5601937886)
continue (168.2235500861) (-24.5681539543)
continue (176.4995101330) (-24.5760990815)
continue (185.1792259330) (-24.5835259209)
continue (194.2585740389) (-24.5905741313)
continue (203.8172603034) (-24.5973947581)
continue (213.8120532183) (-24.6043242147)
continue (224.3394807525) (-24.6110112149)
continue (235.3478746943) (-24.6174426781)
continue (246.8889110855) (-24.6236055580)
continue (259.0298382082) (-24.6296719922)
continue (271.6955786573) (-24.6358243672)
continue (285.0381516473) (-24.6420651530)
continue (299.0702234383) (-24.6485902481)
continue (313.7971662591) (-24.6550185861)
continue (329.2149461042) (-24.6619421246)
continue (345.3076812491) (-24.6693833327)
continue (362.3327915771) (-24.6773672883)
continue (380.1697834028) (-24.6859220082)
continue (398.8039259591) (-24.6952941018)
continue (418.3962216788) (-24.7057542839)
continue (438.9532614723) (-24.7171513972)
continue (460.4684036465) (-24.7295540920)
continue (483.1744277924) (-24.7432822540)
continue (506.8225644140) (-24.7559704110)
continue (531.6610098112) (-24.7664962397)
continue (557.6909246123) (-24.7734000948)
continue (585.2710152964) (-24.7785857622)
continue (614.0613010893) (-24.7835701691)
continue (644.0049263721) (-24.7883455994)
continue (675.5129509388) (-24.7929044596)
continue (709.1571757327) (-24.7972393126)
continue (743.8914047481) (-24.8018930011)
continue (780.1943243292) (-24.8063189705)
continue (818.7484014523) (-24.8107905104)
continue (858.8755615612) (-24.8153085692)
continue (901.3520977413) (-24.8198741248)
continue (945.2976875689) (-24.8241983672)
continue (991.6932972211) (-24.8282735463)
continue (1040.3778637019) (-24.8323873273)
continue (1091.4684043795) (-24.8368386250)
continue (1145.0954647103) (-24.8419392061)
continue (1201.4066853216) (-24.8474059221)
continue (1260.3969167586) (-24.8538719643)
continue (1322.2097661295) (-24.8610660597)
continue (1387.2232772362) (-24.8696662315)
continue (1455.2331057433) (-24.8794260688)
continue (1526.6660593340) (-24.8904214531)
continue (1601.8051868807) (-24.9030899870)
continue (1680.3742777364) (-24.9168558569)
continue (1762.9463548393) (-24.9321854888)
continue (1849.5371845270) (-24.9484616095)
continue (1940.5173995240) (-24.9661743060)
continue (2035.8958239867) (-24.9846402446)
continue (2135.6151179200) (-25.0042332210)
continue (2240.6367612895) (-25.0245681915)
continue (2350.4435667177) (-25.0457092383)
continue (2466.2164298145) (-25.0676277179)
continue (2587.3565326986) (-25.0900697402)
continue (2714.5277653156) (-25.1130019543)
continue (2847.7092838014) (-25.1364986994)
continue (2987.7605600540) (-25.1604591070)
continue (3133.6553329314) (-25.1848873418)
continue (3288.5852429320) (-25.2099260516)
continue (3449.1558320078) (-25.2354502809)
continue (3619.0110040368) (-25.2615365605)
continue (3796.9457117352) (-25.2880241456)
continue (3982.8101871349) (-25.3147958655)
continue (4178.2071105752) (-25.3420840632)
continue (4383.1985128257) (-25.3696738452)
continue (4600.0351883718) (-25.3977229157)
continue (4826.6259047482) (-25.4263163069)
continue (5062.5942823136) (-25.4551880882)
continue (5310.4135828465) (-25.4843910508)
continue (5573.4982924554) (-25.5139948136)
continue (5845.2018654038) (-25.5439377755)
continue (6132.3483904203) (-25.5744657795)
continue (6435.5012063309) (-25.6051982228)
continue (6750.1257097515) (-25.6363880201)
continue (7080.5514437953) (-25.6681679556)
continue (7426.7886782107) (-25.7002748460)
continue (7795.2692114325) (-25.7325935812)
continue (8180.1343879395) (-25.7649768405)
continue (8580.6682751079) (-25.7980569366)
continue (8995.7252795307) (-25.8312079797)
continue (9442.2025781417) (-25.8648673486)
continue (9905.0757697441) (-25.8985966494)
continue (10391.9143667061) (-25.9325571572)
continue (10902.9309741141) (-25.9665762445)
continue (11438.0189634299) (-26.0006519308)
continue (11999.8284279228) (-26.0350807057)
continue (12588.2990857364) (-26.0698153477)
continue (13206.7676929921) (-26.1050197091)
continue (13855.3591427164) (-26.1403814212)
continue (14536.0818442568) (-26.1760695449)
continue (15251.3300555055) (-26.2121146491)
continue (15998.3667629294) (-26.2484129949)
continue (16785.1716856964) (-26.2852512393)
continue (17609.0235906562) (-26.3224842952)
continue (18476.6214682980) (-26.3603143388)
continue (19380.4119697247) (-26.3989182722)
continue (20336.2412590149) (-26.4381833357)
continue (21331.1556839058) (-26.4780777551)
continue (22378.8548825259) (-26.5188441292)
continue (23480.2105337917) (-26.5605094096)
continue (24635.4952910640) (-26.6031035509)
continue (25844.2135795932) (-26.6466609047)
continue (27112.9714613644) (-26.6910089710)
continue (28441.5409118744) (-26.7368375350)
continue (29838.4731767013) (-26.7835701691)
continue (31304.2587020425) (-26.8315025165)
continue (32838.4493987912) (-26.8807441107)
continue (34452.4374599794) (-26.9310723883)
continue (36147.0436658650) (-26.9825492705)
continue (37922.0545491659) (-27.0357875270)
continue (39793.3175029020) (-27.0904974586)
continue (41743.7916086329) (-27.1471541820)
continue (43789.8592415404) (-27.2054422487)
continue (45953.9571768258) (-27.2646406670)
continue (48189.6864524831) (-27.3255981872)
continue (50569.7542073505) (-27.3898723869)
continue (53042.3149485714) (-27.4558078892)
continue (55666.8888708892) (-27.5231683715)
continue (58377.1281753015) (-27.5929491852)
continue (61241.0598666973) (-27.6655462488)
continue (64264.2433580011) (-27.7406450727)
continue (67401.4031668977) (-27.8184422261)
continue (70750.5412124578) (-27.8992849134)
continue (74207.4080469427) (-27.9821322810)
continue (77819.5534429083) (-28.0686947186)
continue (81654.7464889298) (-28.1578277706)
continue (85725.9615067221) (-28.2501091587)
continue (89868.5375558636) (-28.3464980530)
continue (94314.5281325250) (-28.4459956790)
continue (98943.2107292569) (-28.5492891219)
continue (103800.7712514473) (-28.6563944919)
continue (108899.0165889647) (-28.7670038896)
continue (114251.1247262358) (-28.8823973083)
continue (119856.2371190920) (-29.0013919707)
continue (125744.0279862641) (-29.1242444207)
continue (131933.8310143994) (-29.2527436026)
continue (138406.2835383439) (-29.3837345947)
continue (145198.6887852862) (-29.5176982328)
continue (152334.8329683143) (-29.6532559454)
continue (159815.3228369794) (-29.7870138153)
continue (167666.4159735890) (-29.9175736991)
continue (175886.3097503294) (-30.0376306643)
continue (184541.7113844586) (-30.1400215584)
continue (193598.2517137149) (-30.2244623652)
continue (203090.4771153235) (-30.2810833140)
continue (213112.0137550178) (-30.3200273057)
continue (223568.9329775408) (-30.3554629422)
continue (234560.3528485087) (-30.3908326257)
continue (246022.4003284170) (-30.4262004178)
continue (258149.2835174097) (-30.4616776668)
continue (270807.4207478325) (-30.4970269409)
continue (284149.3516733571) (-30.5323918944)
continue (298091.9106367211) (-30.5678327306)
continue (312720.3057022843) (-30.6032777215)
continue (328029.8671045559) (-30.6386499756)
continue (344134.0524231330) (-30.6740740442)
continue (361040.7966784692) (-30.7095201867)
continue (378747.7019187267) (-30.7447274949)
continue (397412.5472378789) (-30.7801536140)
continue (416865.0369700166) (-30.8155925146)
continue (437478.1424946981) (-30.8510890069)
continue (458845.4032308441) (-30.8863908489)
continue (481387.7289046257) (-30.9219058496)
continue (505136.9017829581) (-30.9570309266)
continue (529806.3783816607) (-30.9926790471)
continue (555989.6100161417) (-31.0280287236)
continue (583397.5485380642) (-31.0634359949)
continue (611999.3088089029) (-31.0988142199)
continue (3672982.5506507708) (-32.1744440677)
continue (3709712.3761572787) (-50.0000000000)
continue (7354000.0000000000) (-50.0000000000)
f(nu) = -20.2798696229 at 1.0000000000 Ryd
