# Puchwein et al 2019
# z = 0.100600
# E [Ryd] log (J_nu)
interpolate (0.0000000100) (-50.0000000000)
continue (0.0007810860) (-50.0000000000)
continue (0.0007889757) (-18.8504729862)
continue (0.0008276721) (-18.8764750191)
continue (0.0008678733) (-18.9027426903)
continue (0.0009112670) (-18.9295926783)
continue (0.0009556071) (-18.9570309266)
continue (0.0010026042) (-18.9842212436)
continue (0.0010517855) (-19.0114856342)
continue (0.0011034960) (-19.0389587830)
continue (0.0011577525) (-19.0664620980)
continue (0.0012145368) (-19.0938805425)
continue (0.0012741429) (-19.1211336630)
continue (0.0013367566) (-19.1481914858)
continue (0.0014023807) (-19.1750285389)
continue (0.0014712092) (-19.2016256233)
continue (0.0015434739) (-19.2278250392)
continue (0.0016194544) (-19.2537551283)
continue (0.0016988571) (-19.2790968292)
continue (0.0017822550) (-19.3039932848)
continue (0.0018700328) (-19.3284569147)
continue (0.0019618234) (-19.3523236868)
continue (0.0020579652) (-19.3757179042)
continue (0.0021594004) (-19.3985919395)
continue (0.0022651429) (-19.4209026734)
continue (0.0023768048) (-19.4427334711)
continue (0.0024932065) (-19.4640732586)
continue (0.0026155768) (-19.4849213249)
continue (0.0027439535) (-19.5054280158)
continue (0.0028792005) (-19.5253467466)
continue (0.0030204407) (-19.5448504788)
continue (0.0031685222) (-19.5638373530)
continue (0.0033245785) (-19.5823622603)
continue (0.0034874358) (-19.6003262785)
continue (0.0036582375) (-19.6178027896)
continue (0.0038385298) (-19.6345120151)
continue (0.0040268094) (-19.6505282008)
continue (0.0042246962) (-19.6657473577)
continue (0.0044322323) (-19.6800615600)
continue (0.0046493213) (-19.6931462513)
continue (0.0048783028) (-19.7053133757)
continue (0.0051194774) (-19.7162466167)
continue (0.0053698702) (-19.7258421507)
continue (0.0056320579) (-19.7337683033)
continue (0.0059096431) (-19.7401673009)
continue (0.0061990950) (-19.7444862872)
continue (0.0065044038) (-19.7469044142)
continue (0.0068259698) (-19.7473896594)
continue (0.0071584208) (-19.7456936677)
continue (0.0075125059) (-19.7418418067)
continue (0.0078829323) (-19.7361273231)
continue (0.0082692103) (-19.7286231281)
continue (0.0086704755) (-19.7194216296)
continue (0.0090944807) (-19.7088532383)
continue (0.0095460609) (-19.6972362915)
continue (0.0100150233) (-19.6844494656)
continue (0.0105069407) (-19.6708055849)
continue (0.0110229463) (-19.6563944919)
continue (0.0115643017) (-19.6411137956)
continue (0.0121324320) (-19.6254349393)
continue (0.0127271923) (-19.6094181214)
continue (0.0133518970) (-19.5927791071)
continue (0.0140087159) (-19.5760990815)
continue (0.0146954841) (-19.5594057382)
continue (0.0154190689) (-19.5431786520)
continue (0.0161744226) (-19.5272435507)
continue (0.0169695898) (-19.5122961368)
continue (0.0178051382) (-19.4982562704)
continue (0.0186773308) (-19.4853194559)
continue (0.0195971392) (-19.4736607226)
continue (0.0205564397) (-19.4631891340)
continue (0.0215684490) (-19.4544454928)
continue (0.0226289290) (-19.4472101498)
continue (0.0237370922) (-19.4415314375)
continue (0.0249048093) (-19.4373503278)
continue (0.0261257732) (-19.4345063701)
continue (0.0274065254) (-19.4332090876)
continue (0.0287556633) (-19.4330913448)
continue (0.0301644148) (-19.4343882751)
continue (0.0316522046) (-19.4369938129)
continue (0.0332094377) (-19.4408118110)
continue (0.0348343643) (-19.4457531918)
continue (0.0365530273) (-19.4518563626)
continue (0.0383368519) (-19.4595453863)
continue (0.0402325373) (-19.4694161404)
continue (0.0422078263) (-19.4812229311)
continue (0.0442792503) (-19.4941719661)
continue (0.0464458191) (-19.5079383955)
continue (0.0487308541) (-19.5227340046)
continue (0.0511373160) (-19.5386515664)
continue (0.0536354897) (-19.5561114532)
continue (0.0562510476) (-19.5743027866)
continue (0.0590198815) (-19.5926090955)
continue (0.0619488083) (-19.6111885865)
continue (0.0649513165) (-19.6296719922)
continue (0.0681575894) (-19.6489771474)
continue (0.0715280197) (-19.6693833327)
continue (0.0750013968) (-19.6903698326)
continue (0.0786931754) (-19.7121982701)
continue (0.0825422981) (-19.7347103741)
continue (0.0866223356) (-19.7582045687)
continue (0.0908541347) (-19.7822529267)
continue (0.0953507346) (-19.8060410220)
continue (0.1000293052) (-19.8306195047)
continue (0.1049484016) (-19.8551145817)
continue (0.1100962874) (-19.8790971824)
continue (0.1155110877) (-19.9034375616)
continue (0.1211791185) (-19.9281179927)
continue (0.1271298787) (-19.9527251326)
continue (0.1333821679) (-19.9775716288)
continue (0.1399365741) (-20.0025262412)
continue (0.1467891383) (-20.0282140621)
continue (0.1540082763) (-20.0544821779)
continue (0.1615721579) (-20.0813930849)
continue (0.1695065050) (-20.1088529696)
continue (0.1778428905) (-20.1368556537)
continue (0.1865820989) (-20.1649438983)
continue (0.1957188511) (-20.1944311825)
continue (0.2053328010) (-20.2257750951)
continue (0.2154295439) (-20.2579822529)
continue (0.2260086733) (-20.2915790999)
continue (0.2371238540) (-20.3241300447)
continue (0.2487761318) (-20.3522259497)
continue (0.2609584682) (-20.3790315644)
continue (0.2738182004) (-20.4076011539)
continue (0.2872846692) (-20.4373503278)
continue (0.3013448978) (-20.4682656907)
continue (0.3161925645) (-20.5004503741)
continue (0.3317316967) (-20.5329841816)
continue (0.3479446242) (-20.5662301661)
continue (0.3650909338) (-20.5999803649)
continue (0.3830462256) (-20.6343248595)
continue (0.4017931970) (-20.6710091446)
continue (0.4214925859) (-20.7097427306)
continue (0.4421479723) (-20.7495799977)
continue (0.4639852194) (-20.7904849855)
continue (0.4867879118) (-20.8329782042)
continue (0.5105137091) (-20.8774564759)
continue (0.5357242627) (-20.9240882385)
continue (0.5621634613) (-20.9718355806)
continue (0.5898168096) (-21.0168249280)
continue (0.6186469591) (-21.0658551882)
continue (0.6490505490) (-21.1245914399)
continue (0.6810664954) (-21.1898347155)
continue (0.7141590680) (-21.2659205927)
continue (0.7493222477) (-21.3394190876)
continue (0.7494721272) (-21.4787311244)
continue (0.7862527790) (-21.5743027866)
continue (0.8246759917) (-21.7015836199)
continue (0.8288690942) (-21.7227025812)
continue (0.8329222993) (-21.7394468602)
continue (0.8369692137) (-21.7561586295)
continue (0.8410245965) (-21.7728334333)
continue (0.8450724461) (-21.7894781613)
continue (0.8491277985) (-21.8059326703)
continue (0.8531743306) (-21.8221490751)
continue (0.8572273582) (-21.8380842338)
continue (0.8612783740) (-21.8544338083)
continue (0.8654007320) (-21.8712777157)
continue (0.8695793374) (-21.8959535523)
continue (0.8738320076) (-21.9183215159)
continue (0.8780757090) (-21.9387096576)
continue (0.8823266565) (-21.9591801716)
continue (0.8865758338) (-21.9797464755)
continue (0.8880856269) (-21.9888526392)
continue (0.8882632618) (-21.9854794612)
continue (0.8908313008) (-21.9974365570)
continue (0.8950838547) (-22.0184196635)
continue (0.8993328242) (-22.0382899471)
continue (0.9035775261) (-22.0581850648)
continue (0.9076364251) (-22.0781055291)
continue (0.9122887342) (-22.1091923685)
continue (0.9167472861) (-22.1370074482)
continue (0.9212067921) (-22.1621193950)
continue (0.9256657008) (-22.1880806440)
continue (0.9301243111) (-22.2149942268)
continue (0.9345829462) (-22.2429495702)
continue (0.9369417514) (-22.2588484011)
continue (0.9371291585) (-22.2571178286)
continue (0.9390419537) (-22.2680391418)
continue (0.9435007297) (-22.2930536120)
continue (0.9479596448) (-22.3188700648)
continue (0.9524111317) (-22.3455346665)
continue (0.9531313595) (-22.3514409423)
continue (0.9538446901) (-22.3564229752)
continue (0.9545580893) (-22.3612462534)
continue (0.9552715550) (-22.3659168974)
continue (0.9559850851) (-22.3704375072)
continue (0.9566986776) (-22.3748131215)
continue (0.9574113244) (-22.3790471568)
continue (0.9581250337) (-22.3831444478)
continue (0.9588387990) (-22.3871070537)
continue (0.9594354567) (-22.3909394501)
continue (0.9596273630) (-22.3897658247)
continue (0.9607716931) (-22.3960689784)
continue (0.9619918385) (-22.4019868865)
continue (0.9632120325) (-22.4075689604)
continue (0.9644322638) (-22.4128358944)
continue (0.9656525208) (-22.4178036406)
continue (0.9668727920) (-22.4224898177)
continue (0.9680930657) (-22.4269089836)
continue (0.9693133303) (-22.4310793510)
continue (0.9705335740) (-22.4350145450)
continue (0.9716099949) (-22.4387793211)
continue (0.9718043363) (-22.4379451703)
continue (0.9724931975) (-22.4400706439)
continue (0.9732326966) (-22.4421464631)
continue (0.9739722802) (-22.4441501251)
continue (0.9747119461) (-22.4460866466)
continue (0.9754506480) (-22.4479575212)
continue (0.9761904704) (-22.4497655302)
continue (0.9769303686) (-22.4515135368)
continue (0.9776692914) (-22.4532032499)
continue (0.9784093329) (-22.4548376725)
continue (0.9790220836) (-22.4564285760)
continue (0.9792179076) (-22.4558078892)
continue (0.9796262717) (-22.4568051444)
continue (0.9801046187) (-22.4577772791)
continue (0.9805823779) (-22.4587303636)
continue (0.9810606032) (-22.4596630159)
continue (0.9815392951) (-22.4605776079)
continue (0.9820173961) (-22.4614727643)
continue (0.9824949039) (-22.4623483609)
continue (0.9829728762) (-22.4632080607)
continue (0.9834513138) (-22.4640492372)
continue (0.9837787230) (-22.4648325149)
continue (0.9839754984) (-22.4644527208)
continue (0.9842532892) (-22.4649439842)
continue (0.9845776371) (-22.4654865386)
continue (0.9849011343) (-22.4660221516)
continue (0.9852259094) (-22.4665495250)
continue (0.9855498328) (-22.4670711741)
continue (0.9858739693) (-22.4675845284)
continue (0.9861983191) (-22.4680921098)
continue (0.9865228824) (-22.4685926197)
continue (0.9868465907) (-22.4690873121)
continue (0.9870824973) (-22.4695441564)
continue (0.9872799335) (-22.4691602214)
continue (0.9874069046) (-22.4695326334)
continue (0.9876423407) (-22.4698797376)
continue (0.9878789599) (-22.4702245546)
continue (0.9881146211) (-22.4705657955)
continue (0.9883503948) (-22.4709047360)
continue (0.9885862810) (-22.4712400852)
continue (0.9888222799) (-22.4715718345)
continue (0.9890583914) (-22.4719012627)
continue (0.9892935417) (-22.4722270761)
continue (0.9894406051) (-22.4724989890)
continue (0.9896385130) (-22.4722412475)
continue (0.9991962399) (-22.4833324409)
continue (1.0439534549) (-22.5121548799)
continue (1.0951411739) (-22.5469876089)
continue (1.1489937849) (-22.5812017094)
continue (1.2053795910) (-22.6149302237)
continue (1.2645947416) (-22.6487836547)
continue (1.3266370226) (-22.6827726508)
continue (1.3918847882) (-22.7155692662)
continue (1.4601297401) (-22.7488486568)
continue (1.5320561043) (-22.7825160558)
continue (1.6071727880) (-22.8173000967)
continue (1.6862823294) (-22.8529423290)
continue (1.7691069129) (-22.8897470826)
continue (1.8559408774) (-22.9266482976)
continue (1.9471516470) (-22.9649707178)
continue (2.0427414724) (-23.0045842015)
continue (2.1431490377) (-23.0456609914)
continue (2.2483764392) (-23.0881502035)
continue (2.3583513737) (-23.1320024897)
continue (2.4742518893) (-23.1771783547)
continue (2.5962021961) (-23.2235167442)
continue (2.7234517956) (-23.2709972907)
continue (2.8575320502) (-23.3191208256)
continue (2.9972889909) (-23.3671379599)
continue (2.9978885086) (-23.4193030603)
continue (3.1444684983) (-23.4677553564)
continue (3.2993011253) (-23.5162701010)
continue (3.3154824080) (-23.5151139030)
continue (3.3316770164) (-23.5200016855)
continue (3.3478830047) (-23.5251255064)
continue (3.3640859670) (-23.5304356928)
continue (3.3802960540) (-23.5358981223)
continue (3.3964985345) (-23.5414754600)
continue (3.4127037129) (-23.5471391334)
continue (3.4289094326) (-23.5528636839)
continue (3.4451134960) (-23.5586269743)
continue (3.4609455785) (-23.5644741485)
continue (3.4783173495) (-23.5623715006)
continue (3.4953146235) (-23.5672807809)
continue (3.5123163736) (-23.5724392428)
continue (3.5293202949) (-23.5777944000)
continue (3.5463240368) (-23.5833095766)
continue (3.5537279767) (-23.5858626378)
continue (3.5544387934) (-23.5770820192)
continue (3.5633252031) (-23.5801334314)
continue (3.5803213519) (-23.5858576171)
continue (3.5973241965) (-23.5916396025)
continue (3.6143172719) (-23.5974600704)
continue (3.6319927095) (-23.6032777215)
continue (3.6491549368) (-23.6001602056)
continue (3.6669965225) (-23.6050792543)
continue (3.6848197184) (-23.6102581925)
continue (3.7026665643) (-23.6156447935)
continue (3.7204896494) (-23.6211952522)
continue (3.7383317846) (-23.6268690648)
continue (3.7481524197) (-23.6300423927)
continue (3.7489021252) (-23.6252516540)
continue (3.7561600736) (-23.6279002980)
continue (3.7740029190) (-23.6337208975)
continue (3.7918425237) (-23.6395751118)
continue (3.8096445268) (-23.6455073994)
continue (3.8125294258) (-23.6373139974)
continue (3.8153867477) (-23.6379946818)
continue (3.8182323571) (-23.6386858849)
continue (3.8210822144) (-23.6393857620)
continue (3.8239363290) (-23.6400943535)
continue (3.8267947105) (-23.6408117002)
continue (3.8296412741) (-23.6415359411)
continue (3.8324920757) (-23.6422690145)
continue (3.8353471248) (-23.6430090542)
continue (3.8381459698) (-23.6437828658)
continue (3.8389136758) (-23.6407338354)
continue (3.8430948760) (-23.6420346773)
continue (3.8479632917) (-23.6433470689)
continue (3.8528440576) (-23.6446768523)
continue (3.8577372208) (-23.6460260977)
continue (3.8626100831) (-23.6473891893)
continue (3.8674952713) (-23.6487681790)
continue (3.8723763766) (-23.6501612644)
continue (3.8772533211) (-23.6515685673)
continue (3.8821260270) (-23.6529882586)
continue (3.8872689984) (-23.6544302439)
continue (3.8880465300) (-23.6522797830)
continue (3.8899644875) (-23.6531738633)
continue (3.8929224712) (-23.6540502066)
continue (3.8958849568) (-23.6549302839)
continue (3.8988519547) (-23.6558141144)
continue (3.9018067686) (-23.6566997471)
continue (3.9047660647) (-23.6575891637)
continue (3.9077130959) (-23.6584823837)
continue (3.9106813613) (-23.6593774446)
continue (3.9136373315) (-23.6602763404)
continue (3.9156676117) (-23.6611452537)
continue (3.9164508235) (-23.6595558852)
continue (3.9185008743) (-23.6601869628)
continue (3.9204226914) (-23.6607712290)
continue (3.9223295118) (-23.6613562822)
continue (3.9242381880) (-23.6619421246)
continue (3.9261487226) (-23.6625307550)
continue (3.9280611185) (-23.6631181850)
continue (3.9299753783) (-23.6637064106)
continue (3.9318915048) (-23.6642954339)
continue (3.9338095006) (-23.6648872648)
continue (3.9359648088) (-23.6655462488)
continue (3.9367520805) (-23.6643415477)
continue (3.9370216616) (-23.6646584617)
continue (3.9383148035) (-23.6650599505)
continue (3.9396087952) (-23.6654618109)
continue (3.9409036375) (-23.6658640435)
continue (3.9421993313) (-23.6662666489)
continue (3.9434958773) (-23.6666676121)
continue (3.9447932764) (-23.6670709635)
continue (3.9460915295) (-23.6674746899)
continue (3.9473906374) (-23.6678767705)
continue (3.9479023104) (-23.6683702824)
continue (3.9486919698) (-23.6673595896)
continue (3.9496318982) (-23.6675979011)
continue (3.9505736443) (-23.6678909208)
continue (3.9515158397) (-23.6681841382)
continue (3.9524584845) (-23.6684775538)
continue (3.9534015792) (-23.6687731934)
continue (3.9543451241) (-23.6690670073)
continue (3.9552891195) (-23.6693610202)
continue (3.9562335657) (-23.6696552322)
continue (3.9571784630) (-23.6699496437)
continue (3.9581922382) (-23.6701954778)
continue (3.9589839558) (-23.6693833327)
continue (3.9963853212) (-23.6815192748)
continue (3.9971846782) (-23.6817279198)
continue (4.1935893733) (-23.7401673009)
continue (4.3980066159) (-23.7632109006)
continue (4.6140099788) (-23.7793689806)
continue (4.8420136600) (-23.7947956361)
continue (5.0795260358) (-23.8105096863)
continue (5.3290466130) (-23.8271053022)
continue (5.5905949130) (-23.8443603662)
continue (5.8640088212) (-23.8620132673)
continue (6.1530517948) (-23.8804142250)
continue (6.4537320879) (-23.8992849134)
continue (6.7752191139) (-23.9190129531)
continue (7.1026264288) (-23.9393021596)
continue (7.4571765206) (-23.9601894459)
continue (7.8220340843) (-23.9821322810)
continue (8.2022229596) (-24.0043209395)
continue (8.6049761172) (-24.0274269191)
continue (9.0313872232) (-24.0512448198)
continue (9.4736144175) (-24.0757724187)
continue (9.9396484600) (-24.1010555331)
continue (10.4275886350) (-24.1270283693)
continue (10.9395794816) (-24.1537247576)
continue (11.4769139901) (-24.1810486884)
continue (12.0410540541) (-24.2090115249)
continue (12.6319236321) (-24.2375465176)
continue (13.2528646134) (-24.2667224661)
continue (13.9039818556) (-24.2963647624)
continue (14.5849387135) (-24.3266104218)
continue (15.3025519868) (-24.3572387967)
continue (16.0547387388) (-24.3883828894)
continue (16.8410085163) (-24.4198736746)
continue (17.6704861512) (-24.4518563626)
continue (18.5367569328) (-24.4841261563)
continue (19.4465849513) (-24.5166980476)
continue (20.4045448011) (-24.5494429906)
continue (21.4063183185) (-24.5825283068)
continue (22.4560613804) (-24.6160052106)
continue (23.5591254089) (-24.6495581435)
continue (24.7156759104) (-24.6834006979)
continue (25.9324692890) (-24.7171513972)
continue (27.2019991288) (-24.7508016426)
continue (28.5395230447) (-24.7843624366)
continue (29.9463348937) (-24.8175853476)
continue (31.4121672119) (-24.8504729862)
continue (32.9572141344) (-24.8814046348)
continue (34.5700671782) (-24.9104481171)
continue (36.2765513860) (-24.9377941912)
continue (38.0487252951) (-24.9633711046)
continue (39.9153294269) (-24.9867413347)
continue (41.8780777030) (-25.0081982012)
continue (43.9376552949) (-25.0278897716)
continue (46.0934229042) (-25.0457574906)
continue (48.3687351813) (-25.0620309970)
continue (50.7386954798) (-25.0769114846)
continue (53.2282109122) (-25.0903904895)
continue (55.8374369373) (-25.1027028779)
continue (58.6023775445) (-25.1139042676)
continue (61.4475368049) (-25.1241288093)
continue (64.4916469085) (-25.1334763745)
continue (67.6515939730) (-25.1420647353)
continue (70.9709478829) (-25.1500280877)
continue (74.4499159164) (-25.1575779966)
continue (78.0862871308) (-25.1650073963)
continue (81.9484685986) (-25.1724368887)
continue (85.9685821525) (-25.1799299657)
continue (90.2244525561) (-25.1873539838)
continue (94.6279305105) (-25.1948390984)
continue (99.2773690834) (-25.2021786886)
continue (104.1567002876) (-25.2095037230)
continue (109.2777276432) (-25.2166682371)
continue (114.6391962280) (-25.2238074853)
continue (120.2675162751) (-25.2308443093)
continue (126.1793091687) (-25.2378468077)
continue (132.3746325997) (-25.2448114144)
continue (138.8703094813) (-25.2518119730)
continue (145.6861663975) (-25.2586907911)
continue (152.8458522000) (-25.2656002575)
continue (160.3496341398) (-25.2725400791)
continue (168.2235500861) (-25.2795099315)
continue (176.4995101330) (-25.2865934678)
continue (185.1792259330) (-25.2937090427)
continue (194.2585740389) (-25.3009431455)
continue (203.8172603034) (-25.3083881258)
continue (213.8120532183) (-25.3159629625)
continue (224.3394807525) (-25.3236722661)
continue (235.3478746943) (-25.3313345845)
continue (246.8889110855) (-25.3391345220)
continue (259.0298382082) (-25.3469805489)
continue (271.6955786573) (-25.3548726007)
continue (285.0381516473) (-25.3627104523)
continue (299.0702234383) (-25.3704884658)
continue (313.7971662591) (-25.3780970391)
continue (329.2149461042) (-25.3856301605)
continue (345.3076812491) (-25.3930814741)
continue (362.3327915771) (-25.4003352212)
continue (380.1697834028) (-25.4073791787)
continue (398.8039259591) (-25.4143137215)
continue (418.3962216788) (-25.4210171573)
continue (438.9532614723) (-25.4277093938)
continue (460.4684036465) (-25.4341521813)
continue (483.1744277924) (-25.4404524444)
continue (506.8225644140) (-25.4464810599)
continue (531.6610098112) (-25.4521022824)
continue (557.6909246123) (-25.4572990306)
continue (585.2710152964) (-25.4625587166)
continue (614.0613010893) (-25.4680104486)
continue (644.0049263721) (-25.4737899962)
continue (675.5129509388) (-25.4800408192)
continue (709.1571757327) (-25.4866492012)
continue (743.8914047481) (-25.4939010401)
continue (780.1943243292) (-25.5015515968)
continue (818.7484014523) (-25.5099009949)
continue (858.8755615612) (-25.5188441292)
continue (901.3520977413) (-25.5285615926)
continue (945.2976875689) (-25.5389519083)
continue (991.6932972211) (-25.5500590112)
continue (1040.3778637019) (-25.5619325495)
continue (1091.4684043795) (-25.5747919489)
continue (1145.0954647103) (-25.5883802940)
continue (1201.4066853216) (-25.6027554190)
continue (1260.3969167586) (-25.6181632000)
continue (1322.2097661295) (-25.6345120151)
continue (1387.2232772362) (-25.6515004297)
continue (1455.2331057433) (-25.6695862267)
continue (1526.6660593340) (-25.6884580416)
continue (1601.8051868807) (-25.7081873125)
continue (1680.3742777364) (-25.7286231281)
continue (1762.9463548393) (-25.7500682434)
continue (1849.5371845270) (-25.7721132954)
continue (1940.5173995240) (-25.7945249633)
continue (2035.8958239867) (-25.8178707859)
continue (2135.6151179200) (-25.8416375079)
continue (2240.6367612895) (-25.8661418748)
continue (2350.4435667177) (-25.8910968723)
continue (2466.2164298145) (-25.9164973802)
continue (2587.3565326986) (-25.9423338961)
continue (2714.5277653156) (-25.9685915357)
continue (2847.7092838014) (-25.9952488444)
continue (2987.7605600540) (-26.0225965191)
continue (3133.6553329314) (-26.0502197916)
continue (3288.5852429320) (-26.0782095143)
continue (3449.1558320078) (-26.1066266698)
continue (3619.0110040368) (-26.1354295931)
continue (3796.9457117352) (-26.1646899991)
continue (3982.8101871349) (-26.1942273681)
continue (4178.2071105752) (-26.2241711855)
continue (4383.1985128257) (-26.2544567980)
continue (4600.0351883718) (-26.2850837520)
continue (4826.6259047482) (-26.3160528692)
continue (5062.5942823136) (-26.3474635814)
continue (5310.4135828465) (-26.3790315644)
continue (5573.4982924554) (-26.4110563573)
continue (5845.2018654038) (-26.4433357379)
continue (6132.3483904203) (-26.4759935544)
continue (6435.5012063309) (-26.5089185866)
continue (6750.1257097515) (-26.5421181033)
continue (7080.5514437953) (-26.5757719293)
continue (7426.7886782107) (-26.6095948435)
continue (7795.2692114325) (-26.6435916730)
continue (8180.1343879395) (-26.6779875614)
continue (8580.6682751079) (-26.7128703793)
continue (8995.7252795307) (-26.7478754475)
continue (9442.2025781417) (-26.7833064008)
continue (9905.0757697441) (-26.8190144192)
continue (10391.9143667061) (-26.8551145817)
continue (10902.9309741141) (-26.8914349763)
continue (11438.0189634299) (-26.9284861949)
continue (11999.8284279228) (-26.9657727392)
continue (12588.2990857364) (-27.0035758960)
continue (13206.7676929921) (-27.0420098216)
continue (13855.3591427164) (-27.0809219076)
continue (14536.0818442568) (-27.1205027128)
continue (15251.3300555055) (-27.1606476711)
continue (15998.3667629294) (-27.2014874670)
continue (16785.1716856964) (-27.2431357759)
continue (17609.0235906562) (-27.2855025914)
continue (18476.6214682980) (-27.3287345671)
continue (19380.4119697247) (-27.3727365834)
continue (20336.2412590149) (-27.4177093173)
continue (21331.1556839058) (-27.4638204679)
continue (22378.8548825259) (-27.5110264753)
continue (23480.2105337917) (-27.5590909179)
continue (24635.4952910640) (-27.6083592965)
continue (25844.2135795932) (-27.6587633768)
continue (27112.9714613644) (-27.7104110475)
continue (28441.5409118744) (-27.7634627385)
continue (29838.4731767013) (-27.8175853476)
continue (31304.2587020425) (-27.8732194230)
continue (32838.4493987912) (-27.9303319031)
continue (34452.4374599794) (-27.9888526392)
continue (36147.0436658650) (-28.0490999106)
continue (37922.0545491659) (-28.1108103880)
continue (39793.3175029020) (-28.1742494187)
continue (41743.7916086329) (-28.2396529215)
continue (43789.8592415404) (-28.3068008548)
continue (45953.9571768258) (-28.3757179042)
continue (48189.6864524831) (-28.4467239539)
continue (50569.7542073505) (-28.5197055400)
continue (53042.3149485714) (-28.5948244538)
continue (55666.8888708892) (-28.6722325101)
continue (58377.1281753015) (-28.7517814388)
continue (61241.0598666973) (-28.8341623753)
continue (64264.2433580011) (-28.9190129531)
continue (67401.4031668977) (-29.0065196809)
continue (70750.5412124578) (-29.0966386637)
continue (74207.4080469427) (-29.1894314708)
continue (77819.5534429083) (-29.2850837520)
continue (81654.7464889298) (-29.3835244861)
continue (85725.9615067221) (-29.4849213249)
continue (89868.5375558636) (-29.5895602138)
continue (94314.5281325250) (-29.6970200633)
continue (98943.2107292569) (-29.8074325467)
continue (103800.7712514473) (-29.9204569926)
continue (108899.0165889647) (-30.0361177711)
continue (114251.1247262358) (-30.1542819820)
continue (119856.2371190920) (-30.2737619532)
continue (125744.0279862641) (-30.3943717780)
continue (131933.8310143994) (-30.5154154707)
continue (138406.2835383439) (-30.6343248595)
continue (145198.6887852862) (-30.7500682434)
continue (152334.8329683143) (-30.8604357338)
continue (159815.3228369794) (-30.9629721202)
continue (167666.4159735890) (-31.0568023699)
continue (175886.3097503294) (-31.1388241645)
continue (184541.7113844586) (-31.2093630381)
continue (193598.2517137149) (-31.2695407400)
continue (203090.4771153235) (-31.3193019703)
continue (213112.0137550178) (-31.3608124401)
continue (223568.9329775408) (-31.3976144099)
continue (234560.3528485087) (-31.4329736338)
continue (246022.4003284170) (-31.4683933681)
continue (258149.2835174097) (-31.5037624548)
continue (270807.4207478325) (-31.5392524582)
continue (284149.3516733571) (-31.5746288336)
continue (298091.9106367211) (-31.6099485035)
continue (312720.3057022843) (-31.6453154460)
continue (328029.8671045559) (-31.6808939407)
continue (344134.0524231330) (-31.7162466167)
continue (361040.7966784692) (-31.7515362824)
continue (378747.7019187267) (-31.7870138153)
continue (397412.5472378789) (-31.8224635001)
continue (416865.0369700166) (-31.8579235389)
continue (437478.1424946981) (-31.8931294555)
continue (458845.4032308441) (-31.9284861949)
continue (481387.7289046257) (-31.9641701747)
continue (505136.9017829581) (-31.9995659225)
continue (529806.3783816607) (-32.0347982990)
continue (555989.6100161417) (-32.0701725188)
continue (583397.5485380642) (-32.1055731620)
continue (611999.3088089029) (-32.1409818561)
continue (3672982.5506507708) (-33.2165967189)
continue (3709712.3761572787) (-50.0000000000)
continue (7354000.0000000000) (-50.0000000000)
f(nu) = -21.3846401767 at 1.0000000000 Ryd
