# Puchwein et al 2019
# z = 1.737000
# E [Ryd] log (J_nu)
interpolate (0.0000000100) (-50.0000000000)
continue (0.0007810860 dimensionless) (-50.0000000000)
continue (0.0007889757 dimensionless) (-17.8161609629)
continue (0.0008276721 dimensionless) (-17.8380333836)
continue (0.0008678733 dimensionless) (-17.8610660597)
continue (0.0009112670 dimensionless) (-17.8857227034)
continue (0.0009556071 dimensionless) (-17.9111554373)
continue (0.0010026042 dimensionless) (-17.9370421659)
continue (0.0010517855 dimensionless) (-17.9637704559)
continue (0.0011034960 dimensionless) (-17.9909742579)
continue (0.0011577525 dimensionless) (-18.0191788334)
continue (0.0012145368 dimensionless) (-18.0476435227)
continue (0.0012741429 dimensionless) (-18.0761862789)
continue (0.0013367566 dimensionless) (-18.1050197091)
continue (0.0014023807 dimensionless) (-18.1340673318)
continue (0.0014712092 dimensionless) (-18.1633594584)
continue (0.0015434739 dimensionless) (-18.1929387601)
continue (0.0016194544 dimensionless) (-18.2225731776)
continue (0.0016988571 dimensionless) (-18.2518895325)
continue (0.0017822550 dimensionless) (-18.2811662817)
continue (0.0018700328 dimensionless) (-18.3101585909)
continue (0.0019618234 dimensionless) (-18.3390397082)
continue (0.0020579652 dimensionless) (-18.3677452233)
continue (0.0021594004 dimensionless) (-18.3962062959)
continue (0.0022651429 dimensionless) (-18.4245812088)
continue (0.0023768048 dimensionless) (-18.4525945403)
continue (0.0024932065 dimensionless) (-18.4801720062)
continue (0.0026155768 dimensionless) (-18.5072396110)
continue (0.0027439535 dimensionless) (-18.5338741296)
continue (0.0028792005 dimensionless) (-18.5600360641)
continue (0.0030204407 dimensionless) (-18.5855280504)
continue (0.0031685222 dimensionless) (-18.6104795342)
continue (0.0033245785 dimensionless) (-18.6348865684)
continue (0.0034874358 dimensionless) (-18.6583676642)
continue (0.0036582375 dimensionless) (-18.6811022854)
continue (0.0038385298 dimensionless) (-18.7031155245)
continue (0.0040268094 dimensionless) (-18.7239980100)
continue (0.0042246962 dimensionless) (-18.7442452134)
continue (0.0044322323 dimensionless) (-18.7632109006)
continue (0.0046493213 dimensionless) (-18.7817271464)
continue (0.0048783028 dimensionless) (-18.7996968170)
continue (0.0051194774 dimensionless) (-18.8178707859)
continue (0.0053698702 dimensionless) (-18.8359447081)
continue (0.0056320579 dimensionless) (-18.8544928286)
continue (0.0059096431 dimensionless) (-18.8728952016)
continue (0.0061990950 dimensionless) (-18.8917733436)
continue (0.0065044038 dimensionless) (-18.9108016332)
continue (0.0068259698 dimensionless) (-18.9303319031)
continue (0.0071584208 dimensionless) (-18.9500071431)
continue (0.0075125059 dimensionless) (-18.9702105292)
continue (0.0078829323 dimensionless) (-18.9897000434)
continue (0.0082692103 dimensionless) (-19.0071814799)
continue (0.0086704755 dimensionless) (-19.0221392707)
continue (0.0090944807 dimensionless) (-19.0342340358)
continue (0.0095460609 dimensionless) (-19.0436394463)
continue (0.0100150233 dimensionless) (-19.0508052258)
continue (0.0105069407 dimensionless) (-19.0557641562)
continue (0.0110229463 dimensionless) (-19.0585382607)
continue (0.0115643017 dimensionless) (-19.0591847913)
continue (0.0121324320 dimensionless) (-19.0576942471)
continue (0.0127271923 dimensionless) (-19.0540392964)
continue (0.0133518970 dimensionless) (-19.0482254919)
continue (0.0140087159 dimensionless) (-19.0401480452)
continue (0.0146954841 dimensionless) (-19.0297926412)
continue (0.0154190689 dimensionless) (-19.0170507114)
continue (0.0161744226 dimensionless) (-19.0019587356)
continue (0.0169695898 dimensionless) (-18.9846402446)
continue (0.0178051382 dimensionless) (-18.9649707178)
continue (0.0186773308 dimensionless) (-18.9438577379)
continue (0.0195971392 dimensionless) (-18.9215431819)
continue (0.0205564397 dimensionless) (-18.8992849134)
continue (0.0215684490 dimensionless) (-18.8794260688)
continue (0.0226289290 dimensionless) (-18.8620132673)
continue (0.0237370922 dimensionless) (-18.8449677712)
continue (0.0249048093 dimensionless) (-18.8288588490)
continue (0.0261257732 dimensionless) (-18.8130436645)
continue (0.0274065254 dimensionless) (-18.7972393126)
continue (0.0287556633 dimensionless) (-18.7809396676)
continue (0.0301644148 dimensionless) (-18.7634627385)
continue (0.0316522046 dimensionless) (-18.7447274949)
continue (0.0332094377 dimensionless) (-18.7249191015)
continue (0.0348343643 dimensionless) (-18.7037737127)
continue (0.0365530273 dimensionless) (-18.6813107301)
continue (0.0383368519 dimensionless) (-18.6621415710)
continue (0.0402325373 dimensionless) (-18.6513058097)
continue (0.0422078263 dimensionless) (-18.6474316138)
continue (0.0442792503 dimensionless) (-18.6455073994)
continue (0.0464458191 dimensionless) (-18.6453154460)
continue (0.0487308541 dimensionless) (-18.6474316138)
continue (0.0511373160 dimensionless) (-18.6534514415)
continue (0.0536354897 dimensionless) (-18.6649434806)
continue (0.0562510476 dimensionless) (-18.6794383198)
continue (0.0590198815 dimensionless) (-18.6931462513)
continue (0.0619488083 dimensionless) (-18.7044329000)
continue (0.0649513165 dimensionless) (-18.7135435303)
continue (0.0681575894 dimensionless) (-18.7233084712)
continue (0.0715280197 dimensionless) (-18.7354182708)
continue (0.0750013968 dimensionless) (-18.7490923003)
continue (0.0786931754 dimensionless) (-18.7644715531)
continue (0.0825422981 dimensionless) (-18.7809396676)
continue (0.0866223356 dimensionless) (-18.7999707334)
continue (0.0908541347 dimensionless) (-18.8201610720)
continue (0.0953507346 dimensionless) (-18.8389316145)
continue (0.1000293052 dimensionless) (-18.8585502266)
continue (0.1049484016 dimensionless) (-18.8771290771)
continue (0.1100962874 dimensionless) (-18.8931294555)
continue (0.1155110877 dimensionless) (-18.9093892922)
continue (0.1211791185 dimensionless) (-18.9262816497)
continue (0.1271298787 dimensionless) (-18.9430951487)
continue (0.1333821679 dimensionless) (-18.9590023076)
continue (0.1399365741 dimensionless) (-18.9767475404)
continue (0.1467891383 dimensionless) (-18.9952488444)
continue (0.1540082763 dimensionless) (-19.0157427983)
continue (0.1615721579 dimensionless) (-19.0377253954)
continue (0.1695065050 dimensionless) (-19.0610302028)
continue (0.1778428905 dimensionless) (-19.0857626522)
continue (0.1865820989 dimensionless) (-19.1102502247)
continue (0.1957188511 dimensionless) (-19.1381670023)
continue (0.2053328010 dimensionless) (-19.1711468403)
continue (0.2154295439 dimensionless) (-19.2060001990)
continue (0.2260086733 dimensionless) (-19.2438204832)
continue (0.2371238540 dimensionless) (-19.2776952131)
continue (0.2487761318 dimensionless) (-19.2973110318)
continue (0.2609584682 dimensionless) (-19.3105135516)
continue (0.2738182004 dimensionless) (-19.3256901111)
continue (0.2872846692 dimensionless) (-19.3410351573)
continue (0.3013448978 dimensionless) (-19.3554629422)
continue (0.3161925645 dimensionless) (-19.3707943429)
continue (0.3317316967 dimensionless) (-19.3854191330)
continue (0.3479446242 dimensionless) (-19.3984832163)
continue (0.3650909338 dimensionless) (-19.4128505017)
continue (0.3830462256 dimensionless) (-19.4281747510)
continue (0.4017931970 dimensionless) (-19.4470885498)
continue (0.4214925859 dimensionless) (-19.4695441564)
continue (0.4421479723 dimensionless) (-19.4941719661)
continue (0.4639852194 dimensionless) (-19.5208567520)
continue (0.4867879118 dimensionless) (-19.5509846837)
continue (0.5105137091 dimensionless) (-19.5845258319)
continue (0.5357242627 dimensionless) (-19.6219656775)
continue (0.5621634613 dimensionless) (-19.6621415710)
continue (0.5898168096 dimensionless) (-19.7011469236)
continue (0.6186469591 dimensionless) (-19.7459355471)
continue (0.6490505490 dimensionless) (-19.8029952720)
continue (0.6810664954 dimensionless) (-19.8680607048)
continue (0.7141590680 dimensionless) (-19.9453869454)
continue (0.7493222477 dimensionless) (-20.0188612174)
continue (0.7494721272 dimensionless) (-20.1928033393)
continue (0.7862527790 dimensionless) (-20.2988639339)
continue (0.8246759917 dimensionless) (-20.4435768786)
continue (0.8288690942 dimensionless) (-20.4654104387)
continue (0.8329222993 dimensionless) (-20.4843407084)
continue (0.8369692137 dimensionless) (-20.5032750995)
continue (0.8410245965 dimensionless) (-20.5222032192)
continue (0.8450724461 dimensionless) (-20.5411371314)
continue (0.8491277985 dimensionless) (-20.5599209613)
continue (0.8531743306 dimensionless) (-20.5786955764)
continue (0.8572273582 dimensionless) (-20.5974961683)
continue (0.8612783740 dimensionless) (-20.6167772579)
continue (0.8654007320 dimensionless) (-20.6365760671)
continue (0.8695793374 dimensionless) (-20.6622712602)
continue (0.8738320076 dimensionless) (-20.6868459451)
continue (0.8780757090 dimensionless) (-20.7100455735)
continue (0.8823266565 dimensionless) (-20.7333779431)
continue (0.8865758338 dimensionless) (-20.7568701388)
continue (0.8880856269 dimensionless) (-20.7672579373)
continue (0.8882632618 dimensionless) (-20.7544873322)
continue (0.8908313008 dimensionless) (-20.7681049890)
continue (0.8950838547 dimensionless) (-20.7920830158)
continue (0.8993328242 dimensionless) (-20.8155413907)
continue (0.9035775261 dimensionless) (-20.8391684580)
continue (0.9076364251 dimensionless) (-20.8629625452)
continue (0.9122887342 dimensionless) (-20.8941016784)
continue (0.9167472861 dimensionless) (-20.9239533401)
continue (0.9212067921 dimensionless) (-20.9521412726)
continue (0.9256657008 dimensionless) (-20.9812412665)
continue (0.9301243111 dimensionless) (-21.0113755026)
continue (0.9345829462 dimensionless) (-21.0426417735)
continue (0.9369417514 dimensionless) (-21.0604308313)
continue (0.9371291585 dimensionless) (-21.0538426051)
continue (0.9390419537 dimensionless) (-21.0668849071)
continue (0.9435007297 dimensionless) (-21.0967884276)
continue (0.9479596448 dimensionless) (-21.1277959283)
continue (0.9524111317 dimensionless) (-21.1600194423)
continue (0.9531313595 dimensionless) (-21.1656816823)
continue (0.9538446901 dimensionless) (-21.1713658784)
continue (0.9545580893 dimensionless) (-21.1769661574)
continue (0.9552715550 dimensionless) (-21.1824822270)
continue (0.9559850851 dimensionless) (-21.1879145960)
continue (0.9566986776 dimensionless) (-21.1932625869)
continue (0.9574113244 dimensionless) (-21.1985270005)
continue (0.9581250337 dimensionless) (-21.2037067310)
continue (0.9588387990 dimensionless) (-21.2088035631)
continue (0.9594354567 dimensionless) (-21.2138166544)
continue (0.9596273630 dimensionless) (-21.2096444536)
continue (0.9607716931 dimensionless) (-21.2179303243)
continue (0.9619918385 dimensionless) (-21.2259906159)
continue (0.9632120325 dimensionless) (-21.2338117948)
continue (0.9644322638 dimensionless) (-21.2413969145)
continue (0.9656525208 dimensionless) (-21.2487470777)
continue (0.9668727920 dimensionless) (-21.2558643304)
continue (0.9680930657 dimensionless) (-21.2627516821)
continue (0.9693133303 dimensionless) (-21.2694106973)
continue (0.9705335740 dimensionless) (-21.2758437827)
continue (0.9716099949 dimensionless) (-21.2820799742)
continue (0.9718043363 dimensionless) (-21.2790968292)
continue (0.9724931975 dimensionless) (-21.2827473528)
continue (0.9732326966 dimensionless) (-21.2863036988)
continue (0.9739722802 dimensionless) (-21.2897810574)
continue (0.9747119461 dimensionless) (-21.2931815481)
continue (0.9754506480 dimensionless) (-21.2965048523)
continue (0.9761904704 dimensionless) (-21.2997515790)
continue (0.9769303686 dimensionless) (-21.3029241700)
continue (0.9776692914 dimensionless) (-21.3060216902)
continue (0.9784093329 dimensionless) (-21.3090458960)
continue (0.9790220836 dimensionless) (-21.3120253800)
continue (0.9792179076 dimensionless) (-21.3098039200)
continue (0.9796262717 dimensionless) (-21.3116540499)
continue (0.9801046187 dimensionless) (-21.3134861726)
continue (0.9805823779 dimensionless) (-21.3152883570)
continue (0.9810606032 dimensionless) (-21.3170619996)
continue (0.9815392951 dimensionless) (-21.3188067186)
continue (0.9820173961 dimensionless) (-21.3205230436)
continue (0.9824949039 dimensionless) (-21.3222106089)
continue (0.9829728762 dimensionless) (-21.3238708828)
continue (0.9834513138 dimensionless) (-21.3255026069)
continue (0.9837787230 dimensionless) (-21.3270713096)
continue (0.9839754984 dimensionless) (-21.3254143977)
continue (0.9842532892 dimensionless) (-21.3264427800)
continue (0.9845776371 dimensionless) (-21.3274994514)
continue (0.9849011343 dimensionless) (-21.3285438934)
continue (0.9852259094 dimensionless) (-21.3295750838)
continue (0.9855498328 dimensionless) (-21.3305947816)
continue (0.9858739693 dimensionless) (-21.3316019680)
continue (0.9861983191 dimensionless) (-21.3325974842)
continue (0.9865228824 dimensionless) (-21.3335803084)
continue (0.9868465907 dimensionless) (-21.3345522256)
continue (0.9870824973 dimensionless) (-21.3355460714)
continue (0.9872799335 dimensionless) (-21.3341376998)
continue (0.9874069046 dimensionless) (-21.3347887387)
continue (0.9876423407 dimensionless) (-21.3354717831)
continue (0.9878789599 dimensionless) (-21.3361493112)
continue (0.9881146211 dimensionless) (-21.3368194091)
continue (0.9883503948 dimensionless) (-21.3374848746)
continue (0.9885862810 dimensionless) (-21.3381437926)
continue (0.9888222799 dimensionless) (-21.3387961317)
continue (0.9890583914 dimensionless) (-21.3394437587)
continue (0.9892935417 dimensionless) (-21.3400847502)
continue (0.9894406051 dimensionless) (-21.3407495312)
continue (0.9896385130 dimensionless) (-21.3395139842)
continue (0.9991962399 dimensionless) (-21.3608124401)
continue (1.0439534549 dimensionless) (-21.3990271043)
continue (1.0951411739 dimensionless) (-21.4359260210)
continue (1.1489937849 dimensionless) (-21.4700565983)
continue (1.2053795910 dimensionless) (-21.5050110263)
continue (1.2645947416 dimensionless) (-21.5425723071)
continue (1.3266370226 dimensionless) (-21.5792193805)
continue (1.3918847882 dimensionless) (-21.6140364294)
continue (1.4601297401 dimensionless) (-21.6487836547)
continue (1.5320561043 dimensionless) (-21.6857113391)
continue (1.6071727880 dimensionless) (-21.7251496800)
continue (1.6862823294 dimensionless) (-21.7594507517)
continue (1.7691069129 dimensionless) (-21.7929044596)
continue (1.8559408774 dimensionless) (-21.8282735463)
continue (1.9471516470 dimensionless) (-21.8616973018)
continue (2.0427414724 dimensionless) (-21.8921119748)
continue (2.1431490377 dimensionless) (-21.9186526922)
continue (2.2483764392 dimensionless) (-21.9419537696)
continue (2.3583513737 dimensionless) (-21.9677842967)
continue (2.4742518893 dimensionless) (-21.9965394679)
continue (2.5962021961 dimensionless) (-22.0250740139)
continue (2.7234517956 dimensionless) (-22.0562088011)
continue (2.8575320502 dimensionless) (-22.0909255986)
continue (2.9972889909 dimensionless) (-22.1276106116)
continue (2.9978885086 dimensionless) (-22.2881927710)
continue (3.1444684983 dimensionless) (-22.3498868356)
continue (3.2993011253 dimensionless) (-22.4197594917)
continue (3.3154824080 dimensionless) (-22.4270088091)
continue (3.3316770164 dimensionless) (-22.4346516711)
continue (3.3478830047 dimensionless) (-22.4424085940)
continue (3.3640859670 dimensionless) (-22.4501853412)
continue (3.3802960540 dimensionless) (-22.4580278225)
continue (3.3964985345 dimensionless) (-22.4661517117)
continue (3.4127037129 dimensionless) (-22.4746325089)
continue (3.4289094326 dimensionless) (-22.4832703278)
continue (3.4451134960 dimensionless) (-22.4919202951)
continue (3.4609455785 dimensionless) (-22.5005878743)
continue (3.4783173495 dimensionless) (-22.5073108355)
continue (3.4953146235 dimensionless) (-22.5162629721)
continue (3.5123163736 dimensionless) (-22.5254064426)
continue (3.5293202949 dimensionless) (-22.5346364840)
continue (3.5463240368 dimensionless) (-22.5439985628)
continue (3.5537279767 dimensionless) (-22.5482135645)
continue (3.5544387934 dimensionless) (-22.5040396051)
continue (3.5633252031 dimensionless) (-22.5088905504)
continue (3.5803213519 dimensionless) (-22.5180187791)
continue (3.5973241965 dimensionless) (-22.5273532349)
continue (3.6143172719 dimensionless) (-22.5367596891)
continue (3.6319927095 dimensionless) (-22.5462231403)
continue (3.6491549368 dimensionless) (-22.5507114051)
continue (3.6669965225 dimensionless) (-22.5604588948)
continue (3.6848197184 dimensionless) (-22.5705982030)
continue (3.7026665643 dimensionless) (-22.5809914843)
continue (3.7204896494 dimensionless) (-22.5916938777)
continue (3.7383317846 dimensionless) (-22.6026127655)
continue (3.7481524197 dimensionless) (-22.6087119514)
continue (3.7489021252 dimensionless) (-22.5848596478)
continue (3.7561600736 dimensionless) (-22.5896969545)
continue (3.7740029190 dimensionless) (-22.6005997452)
continue (3.7918425237 dimensionless) (-22.6116731803)
continue (3.8096445268 dimensionless) (-22.6228759577)
continue (3.8125294258 dimensionless) (-22.6152631851)
continue (3.8153867477 dimensionless) (-22.6168293757)
continue (3.8182323571 dimensionless) (-22.6184138615)
continue (3.8210822144 dimensionless) (-22.6200168228)
continue (3.8239363290 dimensionless) (-22.6216348087)
continue (3.8267947105 dimensionless) (-22.6232697896)
continue (3.8296412741 dimensionless) (-22.6249219353)
continue (3.8324920757 dimensionless) (-22.6265895806)
continue (3.8353471248 dimensionless) (-22.6282728804)
continue (3.8381459698 dimensionless) (-22.6300423927)
continue (3.8389136758 dimensionless) (-22.6147513176)
continue (3.8430948760 dimensionless) (-22.6175560810)
continue (3.8479632917 dimensionless) (-22.6204551876)
continue (3.8528440576 dimensionless) (-22.6233956723)
continue (3.8577372208 dimensionless) (-22.6263727365)
continue (3.8626100831 dimensionless) (-22.6293888490)
continue (3.8674952713 dimensionless) (-22.6324409587)
continue (3.8723763766 dimensionless) (-22.6355296802)
continue (3.8772533211 dimensionless) (-22.6386518655)
continue (3.8821260270 dimensionless) (-22.6418061774)
continue (3.8872689984 dimensionless) (-22.6449317937)
continue (3.8880465300 dimensionless) (-22.6341377846)
continue (3.8899644875 dimensionless) (-22.6361380437)
continue (3.8929224712 dimensionless) (-22.6380588456)
continue (3.8958849568 dimensionless) (-22.6399919720)
continue (3.8988519547 dimensionless) (-22.6419337417)
continue (3.9018067686 dimensionless) (-22.6438880577)
continue (3.9047660647 dimensionless) (-22.6458512079)
continue (3.9077130959 dimensionless) (-22.6478232725)
continue (3.9106813613 dimensionless) (-22.6498082109)
continue (3.9136373315 dimensionless) (-22.6518003152)
continue (3.9156676117 dimensionless) (-22.6538426978)
continue (3.9164508235 dimensionless) (-22.6456994377)
continue (3.9185008743 dimensionless) (-22.6470499419)
continue (3.9204226914 dimensionless) (-22.6483350832)
continue (3.9223295118 dimensionless) (-22.6496240387)
continue (3.9242381880 dimensionless) (-22.6509168312)
continue (3.9261487226 dimensionless) (-22.6522134835)
continue (3.9280611185 dimensionless) (-22.6535140188)
continue (3.9299753783 dimensionless) (-22.6548184603)
continue (3.9318915048 dimensionless) (-22.6561268316)
continue (3.9338095006 dimensionless) (-22.6574371831)
continue (3.9359648088 dimensionless) (-22.6587633768)
continue (3.9367520805 dimensionless) (-22.6524748400)
continue (3.9370216616 dimensionless) (-22.6533790977)
continue (3.9383148035 dimensionless) (-22.6542656509)
continue (3.9396087952 dimensionless) (-22.6551520545)
continue (3.9409036375 dimensionless) (-22.6560402710)
continue (3.9421993313 dimensionless) (-22.6569303078)
continue (3.9434958773 dimensionless) (-22.6578221724)
continue (3.9447932764 dimensionless) (-22.6587158722)
continue (3.9460915295 dimensionless) (-22.6596094316)
continue (3.9473906374 dimensionless) (-22.6605068207)
continue (3.9479023104 dimensionless) (-22.6613443344)
continue (3.9486919698 dimensionless) (-22.6563944919)
continue (3.9496318982 dimensionless) (-22.6570190176)
continue (3.9505736443 dimensionless) (-22.6576681357)
continue (3.9515158397 dimensionless) (-22.6583182255)
continue (3.9524584845 dimensionless) (-22.6589692899)
continue (3.9534015792 dimensionless) (-22.6596213317)
continue (3.9543451241 dimensionless) (-22.6602743540)
continue (3.9552891195 dimensionless) (-22.6609263704)
continue (3.9562335657 dimensionless) (-22.6615813594)
continue (3.9571784630 dimensionless) (-22.6622353424)
continue (3.9581922382 dimensionless) (-22.6629402737)
continue (3.9589839558 dimensionless) (-22.6587633768)
continue (3.9963853212 dimensionless) (-22.6859220082)
continue (3.9971846782 dimensionless) (-22.6859220082)
continue (4.1935893733 dimensionless) (-22.8244881866)
continue (4.3980066159 dimensionless) (-22.8827287043)
continue (4.6140099788 dimensionless) (-22.9097419471)
continue (4.8420136600 dimensionless) (-22.9277501024)
continue (5.0795260358 dimensionless) (-22.9438577379)
continue (5.3290466130 dimensionless) (-22.9597933724)
continue (5.5905949130 dimensionless) (-22.9759250127)
continue (5.8640088212 dimensionless) (-22.9926790471)
continue (6.1530517948 dimensionless) (-23.0100165417)
continue (6.4537320879 dimensionless) (-23.0275194501)
continue (6.7752191139 dimensionless) (-23.0453716225)
continue (7.1026264288 dimensionless) (-23.0633857380)
continue (7.4571765206 dimensionless) (-23.0815502576)
continue (7.8220340843 dimensionless) (-23.0997967870)
continue (8.2022229596 dimensionless) (-23.1182160444)
continue (8.6049761172 dimensionless) (-23.1367961410)
continue (9.0313872232 dimensionless) (-23.1555228243)
continue (9.4736144175 dimensionless) (-23.1744440677)
continue (9.9396484600 dimensionless) (-23.1936164982)
continue (10.4275886350 dimensionless) (-23.2131776205)
continue (10.9395794816 dimensionless) (-23.2330669062)
continue (11.4769139901 dimensionless) (-23.2534436386)
continue (12.0410540541 dimensionless) (-23.2741700097)
continue (12.6319236321 dimensionless) (-23.2955063030)
continue (13.2528646134 dimensionless) (-23.3174939141)
continue (13.9039818556 dimensionless) (-23.3400837999)
continue (14.5849387135 dimensionless) (-23.3633115520)
continue (15.3025519868 dimensionless) (-23.3872161433)
continue (16.0547387388 dimensionless) (-23.4118403836)
continue (16.8410085163 dimensionless) (-23.4372314570)
continue (17.6704861512 dimensionless) (-23.4630629773)
continue (18.5367569328 dimensionless) (-23.4894549898)
continue (19.4465849513 dimensionless) (-23.5165553519)
continue (20.4045448011 dimensionless) (-23.5442417969)
continue (21.4063183185 dimensionless) (-23.5723516288)
continue (22.4560613804 dimensionless) (-23.6011922698)
continue (23.5591254089 dimensionless) (-23.6304131093)
continue (24.7156759104 dimensionless) (-23.6601512170)
continue (25.9324692890 dimensionless) (-23.6903698326)
continue (27.2019991288 dimensionless) (-23.7210178831)
continue (28.5395230447 dimensionless) (-23.7522721671)
continue (29.9463348937 dimensionless) (-23.7838340977)
continue (31.4121672119 dimensionless) (-23.8155925146)
continue (32.9572141344 dimensionless) (-23.8480176045)
continue (34.5700671782 dimensionless) (-23.8804142250)
continue (36.2765513860 dimensionless) (-23.9136401693)
continue (38.0487252951 dimensionless) (-23.9469215565)
continue (39.9153294269 dimensionless) (-23.9804683155)
continue (41.8780777030 dimensionless) (-24.0139900681)
continue (43.9376552949 dimensionless) (-24.0479344098)
continue (46.0934229042 dimensionless) (-24.0820221174)
continue (48.3687351813 dimensionless) (-24.1162817980)
continue (50.7386954798 dimensionless) (-24.1507034592)
continue (53.2282109122 dimensionless) (-24.1852198543)
continue (55.8374369373 dimensionless) (-24.2198267564)
continue (58.6023775445 dimensionless) (-24.2545348313)
continue (61.4475368049 dimensionless) (-24.2892904343)
continue (64.4916469085 dimensionless) (-24.3233063904)
continue (67.6515939730 dimensionless) (-24.3557584142)
continue (70.9709478829 dimensionless) (-24.3854191330)
continue (74.4499159164 dimensionless) (-24.4129628823)
continue (78.0862871308 dimensionless) (-24.4379451703)
continue (81.9484685986 dimensionless) (-24.4522252946)
continue (85.9685821525 dimensionless) (-24.4587953093)
continue (90.2244525561 dimensionless) (-24.4659738939)
continue (94.6279305105 dimensionless) (-24.4734022909)
continue (99.2773690834 dimensionless) (-24.4809599614)
continue (104.1567002876 dimensionless) (-24.4887852989)
continue (109.2777276432 dimensionless) (-24.4967542285)
continue (114.6391962280 dimensionless) (-24.5047332556)
continue (120.2675162751 dimensionless) (-24.5128616245)
continue (126.1793091687 dimensionless) (-24.5212892445)
continue (132.3746325997 dimensionless) (-24.5298836468)
continue (138.8703094813 dimensionless) (-24.5383514319)
continue (145.6861663975 dimensionless) (-24.5465287663)
continue (152.8458522000 dimensionless) (-24.5547072306)
continue (160.3496341398 dimensionless) (-24.5627252026)
continue (168.2235500861 dimensionless) (-24.5707323336)
continue (176.4995101330 dimensionless) (-24.5785606098)
continue (185.1792259330 dimensionless) (-24.5860300283)
continue (194.2585740389 dimensionless) (-24.5931193300)
continue (203.8172603034 dimensionless) (-24.5999803649)
continue (213.8120532183 dimensionless) (-24.6067758836)
continue (224.3394807525 dimensionless) (-24.6133227160)
continue (235.3478746943 dimensionless) (-24.6197887583)
continue (246.8889110855 dimensionless) (-24.6259852597)
continue (259.0298382082 dimensionless) (-24.6318991483)
continue (271.6955786573 dimensionless) (-24.6380833813)
continue (285.0381516473 dimensionless) (-24.6441655041)
continue (299.0702234383 dimensionless) (-24.6501399178)
continue (313.7971662591 dimensionless) (-24.6563944919)
continue (329.2149461042 dimensionless) (-24.6631401791)
continue (345.3076812491 dimensionless) (-24.6701954778)
continue (362.3327915771 dimensionless) (-24.6779875614)
continue (380.1697834028 dimensionless) (-24.6865546296)
continue (398.8039259591 dimensionless) (-24.6957249495)
continue (418.3962216788 dimensionless) (-24.7059749059)
continue (438.9532614723 dimensionless) (-24.7173778871)
continue (460.4684036465 dimensionless) (-24.7300203234)
continue (483.1744277924 dimensionless) (-24.7440042733)
continue (506.8225644140 dimensionless) (-24.7572101905)
continue (531.6610098112 dimensionless) (-24.7680209732)
continue (557.6909246123 dimensionless) (-24.7754669374)
continue (585.2710152964 dimensionless) (-24.7804154738)
continue (614.0613010893 dimensionless) (-24.7854210464)
continue (644.0049263721 dimensionless) (-24.7902169852)
continue (675.5129509388 dimensionless) (-24.7945249633)
continue (709.1571757327 dimensionless) (-24.7991495019)
continue (743.8914047481 dimensionless) (-24.8038238150)
continue (780.1943243292 dimensionless) (-24.8082696066)
continue (818.7484014523 dimensionless) (-24.8127613802)
continue (858.8755615612 dimensionless) (-24.8173000967)
continue (901.3520977413 dimensionless) (-24.8215986585)
continue (945.2976875689 dimensionless) (-24.8256494025)
continue (991.6932972211 dimensionless) (-24.8297382846)
continue (1040.3778637019 dimensionless) (-24.8338660297)
continue (1091.4684043795 dimensionless) (-24.8380333836)
continue (1145.0954647103 dimensionless) (-24.8425432319)
continue (1201.4066853216 dimensionless) (-24.8480176045)
continue (1260.3969167586 dimensionless) (-24.8538719643)
continue (1322.2097661295 dimensionless) (-24.8610660597)
continue (1387.2232772362 dimensionless) (-24.8693446510)
continue (1455.2331057433 dimensionless) (-24.8784401558)
continue (1526.6660593340 dimensionless) (-24.8894102897)
continue (1601.8051868807 dimensionless) (-24.9013562742)
continue (1680.3742777364 dimensionless) (-24.9150664251)
continue (1762.9463548393 dimensionless) (-24.9299621334)
continue (1849.5371845270 dimensionless) (-24.9461535731)
continue (1940.5173995240 dimensionless) (-24.9633711046)
continue (2035.8958239867 dimensionless) (-24.9821322810)
continue (2135.6151179200 dimensionless) (-25.0012612837)
continue (2240.6367612895 dimensionless) (-25.0214086732)
continue (2350.4435667177 dimensionless) (-25.0424405981)
continue (2466.2164298145 dimensionless) (-25.0642408963)
continue (2587.3565326986 dimensionless) (-25.0865570451)
continue (2714.5277653156 dimensionless) (-25.1093554637)
continue (2847.7092838014 dimensionless) (-25.1327682855)
continue (2987.7605600540 dimensionless) (-25.1565803348)
continue (3133.6553329314 dimensionless) (-25.1809169243)
continue (3288.5852429320 dimensionless) (-25.2057908837)
continue (3449.1558320078 dimensionless) (-25.2312139531)
continue (3619.0110040368 dimensionless) (-25.2571963415)
continue (3796.9457117352 dimensionless) (-25.2836627121)
continue (3982.8101871349 dimensionless) (-25.3103360350)
continue (4178.2071105752 dimensionless) (-25.3375254962)
continue (4383.1985128257 dimensionless) (-25.3650191999)
continue (4600.0351883718 dimensionless) (-25.3930814741)
continue (4826.6259047482 dimensionless) (-25.4214753947)
continue (5062.5942823136 dimensionless) (-25.4502612687)
continue (5310.4135828465 dimensionless) (-25.4793854781)
continue (5573.4982924554 dimensionless) (-25.5089185866)
continue (5845.2018654038 dimensionless) (-25.5388017114)
continue (6132.3483904203 dimensionless) (-25.5691190535)
continue (6435.5012063309 dimensionless) (-25.5998075114)
continue (6750.1257097515 dimensionless) (-25.6309697782)
continue (7080.5514437953 dimensionless) (-25.6627404602)
continue (7426.7886782107 dimensionless) (-25.6946486306)
continue (7795.2692114325 dimensionless) (-25.7269987279)
continue (8180.1343879395 dimensionless) (-25.7594507517)
continue (8580.6682751079 dimensionless) (-25.7923656326)
continue (8995.7252795307 dimensionless) (-25.8256494025)
continue (9442.2025781417 dimensionless) (-25.8588639099)
continue (9905.0757697441 dimensionless) (-25.8927900304)
continue (10391.9143667061 dimensionless) (-25.9266482976)
continue (10902.9309741141 dimensionless) (-25.9605858808)
continue (11438.0189634299 dimensionless) (-25.9948194875)
continue (11999.8284279228 dimensionless) (-26.0290490657)
continue (12588.2990857364 dimensionless) (-26.0636873663)
continue (13206.7676929921 dimensionless) (-26.0988142199)
continue (13855.3591427164 dimensionless) (-26.1341264718)
continue (14536.0818442568 dimensionless) (-26.1697321991)
continue (15251.3300555055 dimensionless) (-26.2056513961)
continue (15998.3667629294 dimensionless) (-26.2419211778)
continue (16785.1716856964 dimensionless) (-26.2785191452)
continue (17609.0235906562 dimensionless) (-26.3156933539)
continue (18476.6214682980 dimensionless) (-26.3534002483)
continue (19380.4119697247 dimensionless) (-26.3919020537)
continue (20336.2412590149 dimensionless) (-26.4308602745)
continue (21331.1556839058 dimensionless) (-26.4705696456)
continue (22378.8548825259 dimensionless) (-26.5111673656)
continue (23480.2105337917 dimensionless) (-26.5526868912)
continue (24635.4952910640 dimensionless) (-26.5949953349)
continue (25844.2135795932 dimensionless) (-26.6382721640)
continue (27112.9714613644 dimensionless) (-26.6825635035)
continue (28441.5409118744 dimensionless) (-26.7281583935)
continue (29838.4731767013 dimensionless) (-26.7746907183)
continue (31304.2587020425 dimensionless) (-26.8224635001)
continue (32838.4493987912 dimensionless) (-26.8712777157)
continue (34452.4374599794 dimensionless) (-26.9215431819)
continue (36147.0436658650 dimensionless) (-26.9730583720)
continue (37922.0545491659 dimensionless) (-27.0256264929)
continue (39793.3175029020 dimensionless) (-27.0799810840)
continue (41743.7916086329 dimensionless) (-27.1364392355)
continue (43789.8592415404 dimensionless) (-27.1943632337)
continue (45953.9571768258 dimensionless) (-27.2539109569)
continue (48189.6864524831 dimensionless) (-27.3152443779)
continue (50569.7542073505 dimensionless) (-27.3782007760)
continue (53042.3149485714 dimensionless) (-27.4434562915)
continue (55666.8888708892 dimensionless) (-27.5104633705)
continue (58377.1281753015 dimensionless) (-27.5797141151)
continue (61241.0598666973 dimensionless) (-27.6518899315)
continue (64264.2433580011 dimensionless) (-27.7267671660)
continue (67401.4031668977 dimensionless) (-27.8041003476)
continue (70750.5412124578 dimensionless) (-27.8843894883)
continue (74207.4080469427 dimensionless) (-27.9673812391)
continue (77819.5534429083 dimensionless) (-28.0532530650)
continue (81654.7464889298 dimensionless) (-28.1419442819)
continue (85725.9615067221 dimensionless) (-28.2338103067)
continue (89868.5375558636 dimensionless) (-28.3298469548)
continue (94314.5281325250 dimensionless) (-28.4288737229)
continue (98943.2107292569 dimensionless) (-28.5318004139)
continue (103800.7712514473 dimensionless) (-28.6386499756)
continue (108899.0165889647 dimensionless) (-28.7488486568)
continue (114251.1247262358 dimensionless) (-28.8639139026)
continue (119856.2371190920 dimensionless) (-28.9821322810)
continue (125744.0279862641 dimensionless) (-29.1047432469)
continue (131933.8310143994 dimensionless) (-29.2329183786)
continue (138406.2835383439 dimensionless) (-29.3640138882)
continue (145198.6887852862 dimensionless) (-29.4985299279)
continue (152334.8329683143 dimensionless) (-29.6346992514)
continue (159815.3228369794 dimensionless) (-29.7690404443)
continue (167666.4159735890 dimensionless) (-29.9003193589)
continue (175886.3097503294 dimensionless) (-30.0204971512)
continue (184541.7113844586 dimensionless) (-30.1249966464)
continue (193598.2517137149 dimensionless) (-30.2085900843)
continue (203090.4771153235 dimensionless) (-30.2657603956)
continue (213112.0137550178 dimensionless) (-30.3043432401)
continue (223568.9329775408 dimensionless) (-30.3397038397)
continue (234560.3528485087 dimensionless) (-30.3750993978)
continue (246022.4003284170 dimensionless) (-30.4104972037)
continue (258149.2835174097 dimensionless) (-30.4458744185)
continue (270807.4207478325 dimensionless) (-30.4813544757)
continue (284149.3516733571 dimensionless) (-30.5166980476)
continue (298091.9106367211 dimensionless) (-30.5520671344)
continue (312720.3057022843 dimensionless) (-30.5875394526)
continue (328029.8671045559 dimensionless) (-30.6228759577)
continue (344134.0524231330 dimensionless) (-30.6583676642)
continue (361040.7966784692 dimensionless) (-30.6937894918)
continue (378747.7019187267 dimensionless) (-30.7290883606)
continue (397412.5472378789 dimensionless) (-30.7644715531)
continue (416865.0369700166 dimensionless) (-30.7999707334)
continue (437478.1424946981 dimensionless) (-30.8353497841)
continue (458845.4032308441 dimensionless) (-30.8706324043)
continue (481387.7289046257 dimensionless) (-30.9062282185)
continue (505136.9017829581 dimensionless) (-30.9415739755)
continue (529806.3783816607 dimensionless) (-30.9767475404)
continue (555989.6100161417 dimensionless) (-31.0123337351)
continue (583397.5485380642 dimensionless) (-31.0477404634)
continue (611999.3088089029 dimensionless) (-31.0831251215)
continue (3672982.5506507708 dimensionless) (-32.1587657045)
continue (3709712.3761572787 dimensionless) (-50.0000000000)
continue (7354000.0000000000) (-50.0000000000)
f(nu) = -20.2622888435 at 1.0000000000 Ryd
