# Puchwein et al 2019
# z = 11.100000
# E [Ryd] log (J_nu)
interpolate (0.0000000100) (-50.0000000000)
continue (0.0007810860) (-50.0000000000)
continue (0.0007889757) (-18.2781069838)
continue (0.0008276721) (-18.2980005251)
continue (0.0008678733) (-18.3197551630)
continue (0.0009112670) (-18.3439017980)
continue (0.0009556071) (-18.3697755892)
continue (0.0010026042) (-18.3963144504)
continue (0.0010517855) (-18.4238891059)
continue (0.0011034960) (-18.4525945403)
continue (0.0011577525) (-18.4826721177)
continue (0.0012145368) (-18.5137112390)
continue (0.0012741429) (-18.5450027827)
continue (0.0013367566) (-18.5769180417)
continue (0.0014023807) (-18.6095948435)
continue (0.0014712092) (-18.6430185990)
continue (0.0015434739) (-18.6773672883)
continue (0.0016194544) (-18.7119744646)
continue (0.0016988571) (-18.7469044142)
continue (0.0017822550) (-18.7819899570)
continue (0.0018700328) (-18.8173000967)
continue (0.0019618234) (-18.8529423290)
continue (0.0020579652) (-18.8890737577)
continue (0.0021594004) (-18.9255492810)
continue (0.0022651429) (-18.9629721202)
continue (0.0023768048) (-19.0009565004)
continue (0.0024932065) (-19.0389587830)
continue (0.0026155768) (-19.0769633313)
continue (0.0027439535) (-19.1149782051)
continue (0.0028792005) (-19.1529829021)
continue (0.0030204407) (-19.1909792795)
continue (0.0031685222) (-19.2290007948)
continue (0.0033245785) (-19.2669633171)
continue (0.0034874358) (-19.3050439978)
continue (0.0036582375) (-19.3431355085)
continue (0.0038385298) (-19.3813244611)
continue (0.0040268094) (-19.4196453389)
continue (0.0042246962) (-19.4580465255)
continue (0.0044322323) (-19.4964816873)
continue (0.0046493213) (-19.5349147124)
continue (0.0048783028) (-19.5734887386)
continue (0.0051194774) (-19.6120765330)
continue (0.0053698702) (-19.6505282008)
continue (0.0056320579) (-19.6890943706)
continue (0.0059096431) (-19.7276941556)
continue (0.0061990950) (-19.7662426370)
continue (0.0065044038) (-19.8049310035)
continue (0.0068259698) (-19.8434508487)
continue (0.0071584208) (-19.8817352739)
continue (0.0075125059) (-19.9200955323)
continue (0.0078829323) (-19.9578184055)
continue (0.0082692103) (-19.9952488444)
continue (0.0086704755) (-20.0318907989)
continue (0.0090944807) (-20.0673233414)
continue (0.0095460609) (-20.1014393551)
continue (0.0100150233) (-20.1344814809)
continue (0.0105069407) (-20.1662793096)
continue (0.0110229463) (-20.1966794764)
continue (0.0115643017) (-20.2255560311)
continue (0.0121324320) (-20.2525881921)
continue (0.0127271923) (-20.2777775360)
continue (0.0133518970) (-20.3011168632)
continue (0.0140087159) (-20.3223930473)
continue (0.0146954841) (-20.3408447191)
continue (0.0154190689) (-20.3547742885)
continue (0.0161744226) (-20.3632113110)
continue (0.0169695898) (-20.3659259745)
continue (0.0178051382) (-20.3619102780)
continue (0.0186773308) (-20.3508599359)
continue (0.0195971392) (-20.3320803147)
continue (0.0205564397) (-20.3078583906)
continue (0.0215684490) (-20.2852512393)
continue (0.0226289290) (-20.2660007135)
continue (0.0237370922) (-20.2464169411)
continue (0.0249048093) (-20.2266524580)
continue (0.0261257732) (-20.2066986464)
continue (0.0274065254) (-20.1860855800)
continue (0.0287556633) (-20.1656428873)
continue (0.0301644148) (-20.1457547029)
continue (0.0316522046) (-20.1249966464)
continue (0.0332094377) (-20.1029229968)
continue (0.0348343643) (-20.0775859759)
continue (0.0365530273) (-20.0471591433)
continue (0.0383368519) (-20.0141246427)
continue (0.0402325373) (-19.9871627753)
continue (0.0422078263) (-19.9681877287)
continue (0.0442792503) (-19.9511699135)
continue (0.0464458191) (-19.9347938719)
continue (0.0487308541) (-19.9193735131)
continue (0.0511373160) (-19.9062282185)
continue (0.0536354897) (-19.8979094745)
continue (0.0562510476) (-19.8934691462)
continue (0.0590198815) (-19.8890737577)
continue (0.0619488083) (-19.8800845897)
continue (0.0649513165) (-19.8709549401)
continue (0.0681575894) (-19.8645493007)
continue (0.0715280197) (-19.8576105339)
continue (0.0750013968) (-19.8507808873)
continue (0.0786931754) (-19.8452717926)
continue (0.0825422981) (-19.8389316145)
continue (0.0866223356) (-19.8320921900)
continue (0.0908541347) (-19.8244881866)
continue (0.0953507346) (-19.8133261325)
continue (0.1000293052) (-19.8027194419)
continue (0.1049484016) (-19.7920964696)
continue (0.1100962874) (-19.7767637269)
continue (0.1155110877) (-19.7649768405)
continue (0.1211791185) (-19.7577070950)
continue (0.1271298787) (-19.7488486568)
continue (0.1333821679) (-19.7389751660)
continue (0.1399365741) (-19.7281583935)
continue (0.1467891383) (-19.7155692662)
continue (0.1540082763) (-19.7022394889)
continue (0.1615721579) (-19.6882461389)
continue (0.1695065050) (-19.6757175447)
continue (0.1778428905) (-19.6683702824)
continue (0.1865820989) (-19.6607473660)
continue (0.1957188511) (-19.6522797830)
continue (0.2053328010) (-19.6511112769)
continue (0.2154295439) (-19.6552148774)
continue (0.2260086733) (-19.6659485597)
continue (0.2371238540) (-19.6775739476)
continue (0.2487761318) (-19.6687752190)
continue (0.2609584682) (-19.6544302439)
continue (0.2738182004) (-19.6518899315)
continue (0.2872846692) (-19.6476245050)
continue (0.3013448978) (-19.6414940885)
continue (0.3161925645) (-19.6339507902)
continue (0.3317316967) (-19.6250684460)
continue (0.3479446242) (-19.6145724852)
continue (0.3650909338) (-19.6025814576)
continue (0.3830462256) (-19.5897290357)
continue (0.4017931970) (-19.5779028369)
continue (0.4214925859) (-19.5689580547)
continue (0.4421479723) (-19.5587763258)
continue (0.4639852194) (-19.5471406642)
continue (0.4867879118) (-19.5373025919)
continue (0.5105137091) (-19.5284149458)
continue (0.5357242627) (-19.4537041649)
continue (0.5621634613) (-19.4356890900)
continue (0.5898168096) (-19.4116162316)
continue (0.6186469591) (-19.3864752971)
continue (0.6490505490) (-19.3730440486)
continue (0.6810664954) (-19.3715088950)
continue (0.7141590680) (-19.3832095137)
continue (0.7493222477) (-19.3700809645)
continue (0.7494721272) (-19.6850799440)
continue (0.7862527790) (-19.7559704110)
continue (0.8246759917) (-19.9288547095)
continue (0.8288690942) (-19.9557503888)
continue (0.8329222993) (-19.9845312654)
continue (0.8369692137) (-20.0154996903)
continue (0.8410245965) (-20.0490128757)
continue (0.8450724461) (-20.0855188004)
continue (0.8491277985) (-20.1250730992)
continue (0.8531743306) (-20.1687908043)
continue (0.8572273582) (-20.2182754937)
continue (0.8612783740) (-20.2751312726)
continue (0.8654007320) (-20.3417023497)
continue (0.8695793374) (-20.4287711366)
continue (0.8738320076) (-20.5383499318)
continue (0.8780757090) (-20.6861791631)
continue (0.8823266565) (-20.9136437291)
continue (0.8865758338) (-21.4254293840)
continue (0.8880856269) (-inf)
continue (0.8882632618) (-20.1037494375)
continue (0.8908313008) (-20.1256080656)
continue (0.8950838547) (-20.1668988071)
continue (0.8993328242) (-20.2123964373)
continue (0.9035775261) (-20.2634170700)
continue (0.9076364251) (-20.3214816210)
continue (0.9122887342) (-20.3939046754)
continue (0.9167472861) (-20.4806038912)
continue (0.9212067921) (-20.5887288795)
continue (0.9256657008) (-20.7326522419)
continue (0.9301243111) (-20.9488899440)
continue (0.9345829462) (-21.3978347050)
continue (0.9369417514) (-inf)
continue (0.9371291585) (-20.5586191151)
continue (0.9390419537) (-20.5993238872)
continue (0.9435007297) (-20.7067059653)
continue (0.9479596448) (-20.8489152778)
continue (0.9524111317) (-21.0605805967)
continue (0.9531313595) (-21.1153088339)
continue (0.9538446901) (-21.1753327750)
continue (0.9545580893) (-21.2421205942)
continue (0.9552715550) (-21.3177881142)
continue (0.9559850851) (-21.4056151852)
continue (0.9566986776) (-21.5110955058)
continue (0.9574113244) (-21.6445293231)
continue (0.9581250337) (-21.8290433828)
continue (0.9588387990) (-22.1384183988)
continue (0.9594354567) (-inf)
continue (0.9596273630) (-21.0668671763)
continue (0.9607716931) (-21.1285543361)
continue (0.9619918385) (-21.1954407935)
continue (0.9632120325) (-21.2689506104)
continue (0.9644322638) (-21.3512010367)
continue (0.9656525208) (-21.4454696536)
continue (0.9668727920) (-21.5572537782)
continue (0.9680930657) (-21.6968514799)
continue (0.9693133303) (-21.8873849455)
continue (0.9705335740) (-22.2026472710)
continue (0.9716099949) (-inf)
continue (0.9718043363) (-21.5284149458)
continue (0.9724931975) (-21.5832846208)
continue (0.9732326966) (-21.6434636208)
continue (0.9739722802) (-21.7104043592)
continue (0.9747119461) (-21.7862220099)
continue (0.9754506480) (-21.8742000433)
continue (0.9761904704) (-21.9798252388)
continue (0.9769303686) (-22.1134032522)
continue (0.9776692914) (-22.2980565946)
continue (0.9784093329) (-22.6075721465)
continue (0.9790220836) (-inf)
continue (0.9792179076) (-21.8667805433)
continue (0.9796262717) (-21.9182927299)
continue (0.9801046187) (-21.9751040399)
continue (0.9805823779) (-22.0387179974)
continue (0.9810606032) (-22.1112567949)
continue (0.9815392951) (-22.1959976273)
continue (0.9820173961) (-22.2984363320)
continue (0.9824949039) (-22.4288702253)
continue (0.9829728762) (-22.6104264019)
continue (0.9834513138) (-22.9168881343)
continue (0.9837787230) (-inf)
continue (0.9839754984) (-22.1327682855)
continue (0.9842532892) (-22.1823150011)
continue (0.9845776371) (-22.2372314364)
continue (0.9849011343) (-22.2989719808)
continue (0.9852259094) (-22.3696524820)
continue (0.9855498328) (-22.4525539079)
continue (0.9858739693) (-22.5531678117)
continue (0.9861983191) (-22.6817967946)
continue (0.9865228824) (-22.8615646649)
continue (0.9868465907) (-23.1662557453)
continue (0.9870824973) (-inf)
continue (0.9872799335) (-22.3383765908)
continue (0.9874069046) (-22.3868064050)
continue (0.9876423407) (-22.4406668307)
continue (0.9878789599) (-22.5013586812)
continue (0.9881146211) (-22.5709991017)
continue (0.9883503948) (-22.6528652171)
continue (0.9885862810) (-22.7524514211)
continue (0.9888222799) (-22.8800582297)
continue (0.9890583914) (-23.0588126700)
continue (0.9892935417) (-23.3624972619)
continue (0.9894406051) (-inf)
continue (0.9896385130) (-21.8722474842)
continue (0.9991962399) (-25.9846402446)
continue (1.0439534549) (-26.1334763745)
continue (1.0951411739) (-26.1582027011)
continue (1.1489937849) (-26.0795114353)
continue (1.2053795910) (-26.1432711096)
continue (1.2645947416) (-25.9863203027)
continue (1.3266370226) (-25.9685915357)
continue (1.3918847882) (-25.9307019879)
continue (1.4601297401) (-25.7926349625)
continue (1.5320561043) (-25.8857227034)
continue (1.6071727880) (-25.8303255659)
continue (1.6862823294) (-25.9901243663)
continue (1.7691069129) (-25.9751040399)
continue (1.8559408774) (-26.0593341275)
continue (1.9471516470) (-25.9657727392)
continue (2.0427414724) (-26.0142143822)
continue (2.1431490377) (-25.9808837096)
continue (2.2483764392) (-26.0204061042)
continue (2.3583513737) (-25.9677842967)
continue (2.4742518893) (-26.0473044004)
continue (2.5962021961) (-26.0500248222)
continue (2.7234517956) (-26.0233291194)
continue (2.8575320502) (-26.0144388122)
continue (2.9972889909) (-25.9415739755)
continue (2.9978885086) (-25.9669785553)
continue (3.1444684983) (-26.2697023379)
continue (3.2993011253) (-26.0041016764)
continue (3.3154824080) (-25.9975963297)
continue (3.3316770164) (-26.0137578009)
continue (3.3478830047) (-26.0298400873)
continue (3.3640859670) (-26.0458443581)
continue (3.3802960540) (-26.0617715699)
continue (3.3964985345) (-26.0776238822)
continue (3.4127037129) (-26.0934010132)
continue (3.4289094326) (-26.1091013523)
continue (3.4451134960) (-26.1247256950)
continue (3.4609455785) (-26.1402614338)
continue (3.4783173495) (-26.1073801074)
continue (3.4953146235) (-26.0974347405)
continue (3.5123163736) (-26.0875372080)
continue (3.5293202949) (-26.0776872400)
continue (3.5463240368) (-26.0678850824)
continue (3.5537279767) (-178.7022394889)
continue (3.5544387934) (-26.0636873663)
continue (3.5633252031) (-26.0582650179)
continue (3.5803213519) (-26.0485667915)
continue (3.5973241965) (-26.0389241055)
continue (3.6143172719) (-26.0293319390)
continue (3.6319927095) (-26.0198147631)
continue (3.6491549368) (-26.1570664087)
continue (3.6669965225) (-26.3165945014)
continue (3.6848197184) (-26.4753598587)
continue (3.7026665643) (-26.6333753528)
continue (3.7204896494) (-26.7906512287)
continue (3.7383317846) (-26.9472022091)
continue (3.7481524197) (-80.0924811539)
continue (3.7489021252) (-27.0329202659)
continue (3.7561600736) (-27.1025153147)
continue (3.7740029190) (-27.2574830344)
continue (3.7918425237) (-27.4116857064)
continue (3.8096445268) (-27.5649523587)
continue (3.8125294258) (-27.5685719007)
continue (3.8153867477) (-27.5721164564)
continue (3.8182323571) (-27.5756591190)
continue (3.8210822144) (-27.5791979547)
continue (3.8239363290) (-27.5827342926)
continue (3.8267947105) (-27.5862678336)
continue (3.8296412741) (-27.5897982717)
continue (3.8324920757) (-27.5933269969)
continue (3.8353471248) (-27.5968537309)
continue (3.8381459698) (-52.4359260210)
continue (3.8389136758) (-27.6003262785)
continue (3.8430948760) (-27.6063791763)
continue (3.8479632917) (-27.6123913017)
continue (3.8528440576) (-27.6183958235)
continue (3.8577372208) (-27.6243949054)
continue (3.8626100831) (-27.6303834403)
continue (3.8674952713) (-27.6363673399)
continue (3.8723763766) (-27.6423414369)
continue (3.8772533211) (-27.6483080290)
continue (3.8821260270) (-27.6542695690)
continue (3.8872689984) (-41.4217046949)
continue (3.8880465300) (-27.6601512170)
continue (3.8899644875) (-27.6638145387)
continue (3.8929224712) (-27.6674141070)
continue (3.8958849568) (-27.6710132167)
continue (3.8988519547) (-27.6746095530)
continue (3.9018067686) (-27.6782027964)
continue (3.9047660647) (-27.6817926201)
continue (3.9077130959) (-27.6853807945)
continue (3.9106813613) (-27.6889649082)
continue (3.9136373315) (-27.6925488914)
continue (3.9156676117) (-36.1182730646)
continue (3.9164508235) (-27.6961562251)
continue (3.9185008743) (-27.6984318128)
continue (3.9204226914) (-27.7007433700)
continue (3.9223295118) (-27.7030541444)
continue (3.9242381880) (-27.7053640574)
continue (3.9261487226) (-27.7076708138)
continue (3.9280611185) (-27.7099787518)
continue (3.9299753783) (-27.7122833464)
continue (3.9318915048) (-27.7145889806)
continue (3.9338095006) (-27.7168910797)
continue (3.9359648088) (-33.2601904010)
continue (3.9367520805) (-27.7191940716)
continue (3.9370216616) (-27.7207506721)
continue (3.9383148035) (-27.7223105804)
continue (3.9396087952) (-27.7238692130)
continue (3.9409036375) (-27.7254288437)
continue (3.9421993313) (-27.7269871469)
continue (3.9434958773) (-27.7285440881)
continue (3.9447932764) (-27.7301019653)
continue (3.9460915295) (-27.7316584273)
continue (3.9473906374) (-27.7332157882)
continue (3.9479023104) (-31.5904049806)
continue (3.9486919698) (-27.7347103741)
continue (3.9496318982) (-27.7359003004)
continue (3.9505736443) (-27.7370318619)
continue (3.9515158397) (-27.7381640029)
continue (3.9524584845) (-27.7392943373)
continue (3.9534015792) (-27.7404252324)
continue (3.9543451241) (-27.7415566848)
continue (3.9552891195) (-27.7426862897)
continue (3.9562335657) (-27.7438164328)
continue (3.9571784630) (-27.7449615944)
continue (3.9581922382) (-30.5355104526)
continue (3.9589839558) (-27.7461775613)
continue (3.9963853212) (-27.7964232250)
continue (3.9971846782) (-27.7964232250)
continue (4.1935893733) (-28.4007721372)
continue (4.3980066159) (-28.5892227666)
continue (4.6140099788) (-28.8335698862)
continue (4.8420136600) (-28.8032712774)
continue (5.0795260358) (-29.2900519835)
continue (5.3290466130) (-29.2776952131)
continue (5.5905949130) (-29.4399737511)
continue (5.8640088212) (-29.3224842952)
continue (6.1530517948) (-29.4307431667)
continue (6.4537320879) (-29.4320330932)
continue (6.7752191139) (-29.4343882751)
continue (7.1026264288) (-29.4369938129)
continue (7.4571765206) (-29.4294570601)
continue (7.8220340843) (-29.4222784755)
continue (8.2022229596) (-29.4142009910)
continue (8.6049761172) (-29.3920091415)
continue (9.0313872232) (-29.3789276289)
continue (9.4736144175) (-29.3629107265)
continue (9.9396484600) (-29.3401788419)
continue (10.4275886350) (-29.3193019703)
continue (10.9395794816) (-29.2952490957)
continue (11.4769139901) (-29.2708352103)
continue (12.0410540541) (-29.2462637778)
continue (12.6319236321) (-29.2212700760)
continue (13.2528646134) (-29.1959287511)
continue (13.9039818556) (-29.1702460811)
continue (14.5849387135) (-29.1442386277)
continue (15.3025519868) (-29.1178171124)
continue (16.0547387388) (-29.0908720580)
continue (16.8410085163) (-29.0157427983)
continue (17.6704861512) (-28.9336740746)
continue (18.5367569328) (-28.8507808873)
continue (19.4465849513) (-28.7708302975)
continue (20.4045448011) (-28.6942188487)
continue (21.4063183185) (-28.6296719922)
continue (22.4560613804) (-28.5611413406)
continue (23.5591254089) (-28.4800408192)
continue (24.7156759104) (-28.4018663542)
continue (25.9324692890) (-28.3251388593)
continue (27.2019991288) (-28.2495687513)
continue (28.5395230447) (-28.1782900027)
continue (29.9463348937) (-28.1110346557)
continue (31.4121672119) (-28.0421533663)
continue (32.9572141344) (-27.9730583720)
continue (34.5700671782) (-27.9051796196)
continue (36.2765513860) (-27.8431480989)
continue (38.0487252951) (-27.7961515363)
continue (39.9153294269) (-27.7812020019)
continue (41.8780777030) (-27.7408841558)
continue (43.9376552949) (-27.6790233227)
continue (46.0934229042) (-27.6206944822)
continue (48.3687351813) (-27.5651118791)
continue (50.7386954798) (-27.5139948136)
continue (53.2282109122) (-27.4675004139)
continue (55.8374369373) (-27.4223933226)
continue (58.6023775445) (-27.3790315644)
continue (61.4475368049) (-27.3417023497)
continue (64.4916469085) (-27.3068008548)
continue (67.6515939730) (-27.2714027566)
continue (70.9709478829) (-27.2382224625)
continue (74.4499159164) (-27.2083093510)
continue (78.0862871308) (-27.1823024452)
continue (81.9484685986) (-27.1592667654)
continue (85.9685821525) (-27.1394224488)
continue (90.2244525561) (-27.1232050238)
continue (94.6279305105) (-27.1099704138)
continue (99.2773690834) (-27.0989232843)
continue (104.1567002876) (-27.0899628764)
continue (109.2777276432) (-27.0823369757)
continue (114.6391962280) (-27.0763933570)
continue (120.2675162751) (-27.0730918983)
continue (126.1793091687) (-27.0716553647)
continue (132.3746325997) (-27.0721678671)
continue (138.8703094813) (-27.0735546522)
continue (145.6861663975) (-27.0750491111)
continue (152.8458522000) (-27.0769114846)
continue (160.3496341398) (-27.0795114353)
continue (168.2235500861) (-27.0831777154)
continue (176.4995101330) (-27.0874591172)
continue (185.1792259330) (-27.0915686010)
continue (194.2585740389) (-27.0950681726)
continue (203.8172603034) (-27.0985961732)
continue (213.8120532183) (-27.1027028779)
continue (224.3394807525) (-27.1067932469)
continue (235.3478746943) (-27.1106982975)
continue (246.8889110855) (-27.1143561282)
continue (259.0298382082) (-27.1179880384)
continue (271.6955786573) (-27.1217655313)
continue (285.0381516473) (-27.1254602029)
continue (299.0702234383) (-27.1288358672)
continue (313.7971662591) (-27.1320024897)
continue (329.2149461042) (-27.1350145393)
continue (345.3076812491) (-27.1378089689)
continue (362.3327915771) (-27.1408016385)
continue (380.1697834028) (-27.1445414196)
continue (398.8039259591) (-27.1498440776)
continue (418.3962216788) (-27.1570788792)
continue (438.9532614723) (-27.1664704182)
continue (460.4684036465) (-27.1791420106)
continue (483.1744277924) (-27.1962015920)
continue (506.8225644140) (-27.2152401053)
continue (531.6610098112) (-27.2315839118)
continue (557.6909246123) (-27.2413151501)
continue (585.2710152964) (-27.2456516643)
continue (614.0613010893) (-27.2500319165)
continue (644.0049263721) (-27.2537551283)
continue (675.5129509388) (-27.2570393298)
continue (709.1571757327) (-27.2606650398)
continue (743.8914047481) (-27.2644011003)
continue (780.1943243292) (-27.2681695797)
continue (818.7484014523) (-27.2722148258)
continue (858.8755615612) (-27.2764622385)
continue (901.3520977413) (-27.2805029834)
continue (945.2976875689) (-27.2841637248)
continue (991.6932972211) (-27.2872661409)
continue (1040.3778637019) (-27.2899673009)
continue (1091.4684043795) (-27.2923446765)
continue (1145.0954647103) (-27.2943928366)
continue (1201.4066853216) (-27.2967946293)
continue (1260.3969167586) (-27.2996424722)
continue (1322.2097661295) (-27.3032942191)
continue (1387.2232772362) (-27.3079466350)
continue (1455.2331057433) (-27.3136318965)
continue (1526.6660593340) (-27.3207538546)
continue (1601.8051868807) (-27.3293831136)
continue (1680.3742777364) (-27.3397038397)
continue (1762.9463548393) (-27.3516399890)
continue (1849.5371845270) (-27.3653212478)
continue (1940.5173995240) (-27.3803849943)
continue (2035.8958239867) (-27.3967473380)
continue (2135.6151179200) (-27.4142009910)
continue (2240.6367612895) (-27.4326206923)
continue (2350.4435667177) (-27.4522252946)
continue (2466.2164298145) (-27.4728858884)
continue (2587.3565326986) (-27.4940364820)
continue (2714.5277653156) (-27.5157001607)
continue (2847.7092838014) (-27.5379016189)
continue (2987.7605600540) (-27.5606673062)
continue (3133.6553329314) (-27.5838589688)
continue (3288.5852429320) (-27.6078308505)
continue (3449.1558320078) (-27.6320852612)
continue (3619.0110040368) (-27.6573799574)
continue (3796.9457117352) (-27.6829818990)
continue (3982.8101871349) (-27.7088532383)
continue (4178.2071105752) (-27.7351821770)
continue (4383.1985128257) (-27.7619538969)
continue (4600.0351883718) (-27.7888794587)
continue (4826.6259047482) (-27.8167301563)
continue (5062.5942823136) (-27.8449677712)
continue (5310.4135828465) (-27.8732194230)
continue (5573.4982924554) (-27.9020489290)
continue (5845.2018654038) (-27.9307019879)
continue (6132.3483904203) (-27.9605858808)
continue (6435.5012063309) (-27.9905491042)
continue (6750.1257097515) (-28.0207704070)
continue (7080.5514437953) (-28.0518805756)
continue (7426.7886782107) (-28.0833881549)
continue (7795.2692114325) (-28.1149782051)
continue (8180.1343879395) (-28.1469713853)
continue (8580.6682751079) (-28.1793388654)
continue (8995.7252795307) (-28.2121146491)
continue (9442.2025781417) (-28.2451167717)
continue (9905.0757697441) (-28.2785191452)
continue (10391.9143667061) (-28.3122035886)
continue (10902.9309741141) (-28.3457271729)
continue (11438.0189634299) (-28.3793435202)
continue (11999.8284279228) (-28.4130752919)
continue (12588.2990857364) (-28.4469669838)
continue (13206.7676929921) (-28.4816176845)
continue (13855.3591427164) (-28.5164127030)
continue (14536.0818442568) (-28.5512936801)
continue (15251.3300555055) (-28.5865325870)
continue (15998.3667629294) (-28.6219656775)
continue (16785.1716856964) (-28.6575773192)
continue (17609.0235906562) (-28.6935749724)
continue (18476.6214682980) (-28.7300203234)
continue (19380.4119697247) (-28.7672579373)
continue (20336.2412590149) (-28.8049310035)
continue (21331.1556839058) (-28.8431480989)
continue (22378.8548825259) (-28.8820661650)
continue (23480.2105337917) (-28.9215431819)
continue (24635.4952910640) (-28.9625735021)
continue (25844.2135795932) (-29.0038825239)
continue (27112.9714613644) (-29.0461437018)
continue (28441.5409118744) (-29.0898560389)
continue (29838.4731767013) (-29.1344222926)
continue (31304.2587020425) (-29.1799956932)
continue (32838.4493987912) (-29.2267988576)
continue (34452.4374599794) (-29.2744967311)
continue (36147.0436658650) (-29.3235807683)
continue (37922.0545491659) (-29.3736596326)
continue (39793.3175029020) (-29.4251588049)
continue (41743.7916086329) (-29.4791236183)
continue (43789.8592415404) (-29.5344684430)
continue (45953.9571768258) (-29.5912513938)
continue (48189.6864524831) (-29.6497519817)
continue (50569.7542073505) (-29.7097427306)
continue (53042.3149485714) (-29.7718563924)
continue (55666.8888708892) (-29.8353497841)
continue (58377.1281753015) (-29.9010103606)
continue (61241.0598666973) (-29.9698052146)
continue (64264.2433580011) (-30.0407200499)
continue (67401.4031668977) (-30.1147518922)
continue (70750.5412124578) (-30.1916539643)
continue (74207.4080469427) (-30.2705922030)
continue (77819.5534429083) (-30.3529105713)
continue (81654.7464889298) (-30.4378261366)
continue (85725.9615067221) (-30.5253467466)
continue (89868.5375558636) (-30.6176226965)
continue (94314.5281325250) (-30.7126462273)
continue (98943.2107292569) (-30.8113527040)
continue (103800.7712514473) (-30.9143527117)
continue (108899.0165889647) (-31.0203150762)
continue (114251.1247262358) (-31.1315906967)
continue (119856.2371190920) (-31.2466467874)
continue (125744.0279862641) (-31.3649185640)
continue (131933.8310143994) (-31.4909319550)
continue (138406.2835383439) (-31.6203319660)
continue (145198.6887852862) (-31.7552282385)
continue (152334.8329683143) (-31.8968807465)
continue (159815.3228369794) (-32.0424884885)
continue (167666.4159735890) (-32.1971578873)
continue (175886.3097503294) (-32.3563499618)
continue (184541.7113844586) (-32.5178413046)
continue (193598.2517137149) (-32.6933605590)
continue (203090.4771153235) (-32.8725712221)
continue (213112.0137550178) (-33.0578430715)
continue (223568.9329775408) (-33.2498774732)
continue (234560.3528485087) (-33.4334446691)
continue (246022.4003284170) (-33.6081830764)
continue (258149.2835174097) (-33.7358908437)
continue (270807.4207478325) (-33.7809396676)
continue (284149.3516733571) (-33.7809396676)
continue (298091.9106367211) (-33.7809396676)
continue (312720.3057022843) (-33.7809396676)
continue (328029.8671045559) (-33.7809396676)
continue (344134.0524231330) (-33.7872798456)
continue (361040.7966784692) (-33.8065970969)
continue (378747.7019187267) (-33.8359447081)
continue (397412.5472378789) (-33.8823973083)
continue (416865.0369700166) (-33.9582126810)
continue (437478.1424946981) (-34.0962590594)
continue (458845.4032308441) (-34.4168012260)
continue (481387.7289046257) (-35.0490512856)
continue (505136.9017829581) (-35.0844418846)
continue (529806.3783816607) (-35.1198154472)
continue (555989.6100161417) (-35.1552122812)
continue (583397.5485380642) (-35.1906423298)
continue (611999.3088089029) (-35.2259942697)
continue (3672982.5506507708) (-36.3016384339)
continue (3709712.3761572787) (-50.0000000000)
continue (7354000.0000000000) (-50.0000000000)
f(nu) = -24.8881032131 at 1.0000000000 Ryd
