# Puchwein et al 2019
# z = 13.660000
# E [Ryd] log (J_nu)
interpolate (0.0000000100) (-50.0000000000)
continue (0.0007810860) (-50.0000000000)
continue (0.0007889757) (-18.5720272864)
continue (0.0008276721) (-18.5892227666)
continue (0.0008678733) (-18.6088883863)
continue (0.0009112670) (-18.6317131151)
continue (0.0009556071) (-18.6563944919)
continue (0.0010026042) (-18.6811022854)
continue (0.0010517855) (-18.7070797004)
continue (0.0011034960) (-18.7347103741)
continue (0.0011577525) (-18.7644715531)
continue (0.0012145368) (-18.7947956361)
continue (0.0012741429) (-18.8253588073)
continue (0.0013367566) (-18.8560488836)
continue (0.0014023807) (-18.8873949985)
continue (0.0014712092) (-18.9200955323)
continue (0.0015434739) (-18.9542859411)
continue (0.0016194544) (-18.9892761346)
continue (0.0016988571) (-19.0239252684)
continue (0.0017822550) (-19.0587370907)
continue (0.0018700328) (-19.0935033402)
continue (0.0019618234) (-19.1282519810)
continue (0.0020579652) (-19.1633594584)
continue (0.0021594004) (-19.1993516446)
continue (0.0022651429) (-19.2364971345)
continue (0.0023768048) (-19.2744967311)
continue (0.0024932065) (-19.3124710388)
continue (0.0026155768) (-19.3505677768)
continue (0.0027439535) (-19.3885953623)
continue (0.0028792005) (-19.4265481780)
continue (0.0030204407) (-19.4645792819)
continue (0.0031685222) (-19.5026556190)
continue (0.0033245785) (-19.5407583351)
continue (0.0034874358) (-19.5787252088)
continue (0.0036582375) (-19.6167233496)
continue (0.0038385298) (-19.6548223835)
continue (0.0040268094) (-19.6929320493)
continue (0.0042246962) (-19.7311880963)
continue (0.0044322323) (-19.7698066211)
continue (0.0046493213) (-19.8085489855)
continue (0.0048783028) (-19.8474059221)
continue (0.0051194774) (-19.8863908489)
continue (0.0053698702) (-19.9251835594)
continue (0.0056320579) (-19.9641701747)
continue (0.0059096431) (-20.0031382315)
continue (0.0061990950) (-20.0420576646)
continue (0.0065044038) (-20.0809742354)
continue (0.0068259698) (-20.1198726778)
continue (0.0071584208) (-20.1588283055)
continue (0.0075125059) (-20.1977052886)
continue (0.0078829323) (-20.2366468913)
continue (0.0082692103) (-20.2753964846)
continue (0.0086704755) (-20.3136318965)
continue (0.0090944807) (-20.3510548178)
continue (0.0095460609) (-20.3875340360)
continue (0.0100150233) (-20.4233131948)
continue (0.0105069407) (-20.4582959767)
continue (0.0110229463) (-20.4924139602)
continue (0.0115643017) (-20.5253467466)
continue (0.0121324320) (-20.5568935433)
continue (0.0127271923) (-20.5870357280)
continue (0.0133518970) (-20.6158258612)
continue (0.0140087159) (-20.6430185990)
continue (0.0146954841) (-20.6685727035)
continue (0.0154190689) (-20.6920762964)
continue (0.0161744226) (-20.7135435303)
continue (0.0169695898) (-20.7328282716)
continue (0.0178051382) (-20.7459355471)
continue (0.0186773308) (-20.7461775613)
continue (0.0195971392) (-20.7314220281)
continue (0.0205564397) (-20.7092977567)
continue (0.0215684490) (-20.6905827742)
continue (0.0226289290) (-20.6767478998)
continue (0.0237370922) (-20.6633401765)
continue (0.0249048093) (-20.6468534538)
continue (0.0261257732) (-20.6254349393)
continue (0.0274065254) (-20.6017126946)
continue (0.0287556633) (-20.5816987087)
continue (0.0301644148) (-20.5676722077)
continue (0.0316522046) (-20.5559552041)
continue (0.0332094377) (-20.5442417969)
continue (0.0348343643) (-20.5230235342)
continue (0.0365530273) (-20.4885177114)
continue (0.0383368519) (-20.4498940007)
continue (0.0402325373) (-20.4202164034)
continue (0.0422078263) (-20.4013189011)
continue (0.0442792503) (-20.3827899054)
continue (0.0464458191) (-20.3638131048)
continue (0.0487308541) (-20.3443814165)
continue (0.0511373160) (-20.3288271573)
continue (0.0536354897) (-20.3215726776)
continue (0.0562510476) (-20.3171332043)
continue (0.0590198815) (-20.3075937652)
continue (0.0619488083) (-20.2918341421)
continue (0.0649513165) (-20.2778598745)
continue (0.0681575894) (-20.2691370080)
continue (0.0715280197) (-20.2601113449)
continue (0.0750013968) (-20.2508823376)
continue (0.0786931754) (-20.2426039712)
continue (0.0825422981) (-20.2381473055)
continue (0.0866223356) (-20.2344059447)
continue (0.0908541347) (-20.2292952318)
continue (0.0953507346) (-20.2212700760)
continue (0.1000293052) (-20.2088007535)
continue (0.1049484016) (-20.1902383349)
continue (0.1100962874) (-20.1643094285)
continue (0.1155110877) (-20.1470323090)
continue (0.1211791185) (-20.1394823225)
continue (0.1271298787) (-20.1307682803)
continue (0.1333821679) (-20.1205027128)
continue (0.1399365741) (-20.1093554637)
continue (0.1467891383) (-20.0966386637)
continue (0.1540082763) (-20.0823369757)
continue (0.1615721579) (-20.0694075116)
continue (0.1695065050) (-20.0566044235)
continue (0.1778428905) (-20.0414838966)
continue (0.1865820989) (-20.0214086732)
continue (0.1957188511) (-20.0011741810)
continue (0.2053328010) (-19.9913998282)
continue (0.2154295439) (-20.0027447102)
continue (0.2260086733) (-20.0253041281)
continue (0.2371238540) (-20.0366372339)
continue (0.2487761318) (-20.0180908299)
continue (0.2609584682) (-19.9952488444)
continue (0.2738182004) (-19.9943905546)
continue (0.2872846692) (-19.9931062921)
continue (0.3013448978) (-19.9892761346)
continue (0.3161925645) (-19.9842212436)
continue (0.3317316967) (-19.9767475404)
continue (0.3479446242) (-19.9665762445)
continue (0.3650909338) (-19.9535048357)
continue (0.3830462256) (-19.9404365821)
continue (0.4017931970) (-19.9299621334)
continue (0.4214925859) (-19.9200955323)
continue (0.4421479723) (-19.9069286936)
continue (0.4639852194) (-19.8917733436)
continue (0.4867879118) (-19.8790971824)
continue (0.5105137091) (-19.8741935419)
continue (0.5357242627) (-19.8706324043)
continue (0.5621634613) (-19.8635965519)
continue (0.5898168096) (-19.8483237692)
continue (0.6186469591) (-19.8329782042)
continue (0.6490505490) (-19.6214204239)
continue (0.6810664954) (-19.5848596478)
continue (0.7141590680) (-19.5466816600)
continue (0.7493222477) (-19.4863829262)
continue (0.7494721272) (-19.8510890069)
continue (0.7862527790) (-19.8683813357)
continue (0.8246759917) (-20.0405769781)
continue (0.8288690942) (-20.0673299339)
continue (0.8329222993) (-20.0960022013)
continue (0.8369692137) (-20.1268666445)
continue (0.8410245965) (-20.1602775344)
continue (0.8450724461) (-20.1966835748)
continue (0.8491277985) (-20.2361484016)
continue (0.8531743306) (-20.2797819674)
continue (0.8572273582) (-20.3291819606)
continue (0.8612783740) (-20.3859542872)
continue (0.8654007320) (-20.4524714235)
continue (0.8695793374) (-20.5393952922)
continue (0.8738320076) (-20.6488591066)
continue (0.8780757090) (-20.7965727263)
continue (0.8823266565) (-21.0239243506)
continue (0.8865758338) (-21.5355983934)
continue (0.8880856269) (-inf)
continue (0.8882632618) (-20.2122562284)
continue (0.8908313008) (-20.2339449983)
continue (0.8950838547) (-20.2750723586)
continue (0.8993328242) (-20.3204549142)
continue (0.9035775261) (-20.3713597628)
continue (0.9076364251) (-20.4293403300)
continue (0.9122887342) (-20.5013834798)
continue (0.9167472861) (-20.5877377444)
continue (0.9212067921) (-20.6955223978)
continue (0.9256657008) (-20.8391144823)
continue (0.9301243111) (-21.0550216268)
continue (0.9345829462) (-21.5036391798)
continue (0.9369417514) (-inf)
continue (0.9371291585) (-20.6629402737)
continue (0.9390419537) (-20.7036266308)
continue (0.9435007297) (-20.8106669254)
continue (0.9479596448) (-20.9525382120)
continue (0.9524111317) (-21.1638658505)
continue (0.9531313595) (-21.2185462237)
continue (0.9538446901) (-21.2785166711)
continue (0.9545580893) (-21.3452527986)
continue (0.9552715550) (-21.4208683342)
continue (0.9559850851) (-21.5086439100)
continue (0.9566986776) (-21.6140739318)
continue (0.9574113244) (-21.7474576371)
continue (0.9581250337) (-21.9319217972)
continue (0.9588387990) (-22.2412485387)
continue (0.9594354567) (-inf)
continue (0.9596273630) (-21.1690266027)
continue (0.9607716931) (-21.2306396620)
continue (0.9619918385) (-21.2974307527)
continue (0.9632120325) (-21.3708484036)
continue (0.9644322638) (-21.4530072361)
continue (0.9656525208) (-21.5471881223)
continue (0.9668727920) (-21.6588841409)
continue (0.9680930657) (-21.7983953380)
continue (0.9693133303) (-21.9888484064)
continue (0.9705335740) (-22.3040256438)
continue (0.9716099949) (-inf)
continue (0.9718043363) (-21.6293019074)
continue (0.9724931975) (-21.6841429635)
continue (0.9732326966) (-21.7442717249)
continue (0.9739722802) (-21.8111586650)
continue (0.9747119461) (-21.8869261064)
continue (0.9754506480) (-21.9748498531)
continue (0.9761904704) (-22.0804271984)
continue (0.9769303686) (-22.2139559466)
continue (0.9776692914) (-22.3985604070)
continue (0.9784093329) (-22.7080276422)
continue (0.9790220836) (-inf)
continue (0.9792179076) (-21.9669785553)
continue (0.9796262717) (-22.0184124138)
continue (0.9801046187) (-22.0751885124)
continue (0.9805823779) (-22.1387721527)
continue (0.9810606032) (-22.2112788566)
continue (0.9815392951) (-22.2959885483)
continue (0.9820173961) (-22.3983951706)
continue (0.9824949039) (-22.5287977980)
continue (0.9829728762) (-22.7103218791)
continue (0.9834513138) (-23.0167545075)
continue (0.9837787230) (-inf)
continue (0.9839754984) (-22.2324731006)
continue (0.9842532892) (-22.2819527727)
continue (0.9845776371) (-22.3368477060)
continue (0.9849011343) (-22.3985669307)
continue (0.9852259094) (-22.4692267458)
continue (0.9855498328) (-22.5521058433)
continue (0.9858739693) (-22.6526992639)
continue (0.9861983191) (-22.7813096048)
continue (0.9865228824) (-22.9610541400)
continue (0.9868465907) (-23.2657251601)
continue (0.9870824973) (-inf)
continue (0.9872799335) (-22.4377071355)
continue (0.9874069046) (-22.4861114938)
continue (0.9876423407) (-22.5399565586)
continue (0.9878789599) (-22.6006326420)
continue (0.9881146211) (-22.6702564500)
continue (0.9883503948) (-22.7521077113)
continue (0.9885862810) (-22.8516812099)
continue (0.9888222799) (-22.9792741956)
continue (0.9890583914) (-23.1580114461)
continue (0.9892935417) (-23.4616814389)
continue (0.9894406051) (-inf)
continue (0.9896385130) (-21.9710222948)
continue (0.9991962399) (-26.2417695915)
continue (1.0439534549) (-26.3904055908)
continue (1.0951411739) (-26.4149907201)
continue (1.1489937849) (-26.3362048778)
continue (1.2053795910) (-26.4002260609)
continue (1.2645947416) (-26.2429837653)
continue (1.3266370226) (-26.2249723999)
continue (1.3918847882) (-26.1872871332)
continue (1.4601297401) (-26.0490026660)
continue (1.5320561043) (-26.1421249745)
continue (1.6071727880) (-26.0868752096)
continue (1.6862823294) (-26.2456516643)
continue (1.7691069129) (-26.2312879196)
continue (1.8559408774) (-26.3152443779)
continue (1.9471516470) (-26.2218487496)
continue (2.0427414724) (-26.2701874928)
continue (2.1431490377) (-26.2370215091)
continue (2.2483764392) (-26.2765443280)
continue (2.3583513737) (-26.2237347817)
continue (2.4742518893) (-26.3033815408)
continue (2.5962021961) (-26.3057458880)
continue (2.7234517956) (-26.2791794182)
continue (2.8575320502) (-26.2705922030)
continue (2.9972889909) (-26.1975683736)
continue (2.9978885086) (-26.2225731776)
continue (3.1444684983) (-26.5259294968)
continue (3.2993011253) (-26.2598742630)
continue (3.3154824080) (-26.2533751408)
continue (3.3316770164) (-26.2695706310)
continue (3.3478830047) (-26.2856870087)
continue (3.3640859670) (-26.3017254233)
continue (3.3802960540) (-26.3176861143)
continue (3.3964985345) (-26.3335718828)
continue (3.4127037129) (-26.3493826547)
continue (3.4289094326) (-26.3651168391)
continue (3.4451134960) (-26.3807751482)
continue (3.4609455785) (-26.3963144504)
continue (3.4783173495) (-26.3634208412)
continue (3.4953146235) (-26.3534335664)
continue (3.5123163736) (-26.3434945383)
continue (3.5293202949) (-26.3336037138)
continue (3.5463240368) (-26.3237601222)
continue (3.5537279767) (-97.4718549217)
continue (3.5544387934) (-26.3194831906)
continue (3.5633252031) (-26.3140577263)
continue (3.5803213519) (-26.3043152333)
continue (3.5973241965) (-26.2946255720)
continue (3.6143172719) (-26.2849858019)
continue (3.6319927095) (-26.2753964846)
continue (3.6491549368) (-26.4129550147)
continue (3.6669965225) (-26.5727703886)
continue (3.6848197184) (-26.7318176596)
continue (3.7026665643) (-26.8901077406)
continue (3.7204896494) (-27.0476522465)
continue (3.7383317846) (-27.2044612985)
continue (3.7481524197) (-52.0241547745)
continue (3.7489021252) (-27.2904756441)
continue (3.7561600736) (-27.3601829353)
continue (3.7740029190) (-27.5154382390)
continue (3.7918425237) (-27.6699354261)
continue (3.8096445268) (-27.8236193078)
continue (3.8125294258) (-27.8271840599)
continue (3.8153867477) (-27.8307518421)
continue (3.8182323571) (-27.8343165550)
continue (3.8210822144) (-27.8378778790)
continue (3.8239363290) (-27.8414354873)
continue (3.8267947105) (-27.8449951244)
continue (3.8296412741) (-27.8485474057)
continue (3.8324920757) (-27.8520980867)
continue (3.8353471248) (-27.8556468874)
continue (3.8381459698) (-39.4362816600)
continue (3.8389136758) (-27.8591778199)
continue (3.8430948760) (-27.8652397607)
continue (3.8479632917) (-27.8712938607)
continue (3.8528440576) (-27.8773353096)
continue (3.8577372208) (-27.8833723347)
continue (3.8626100831) (-27.8894001899)
continue (3.8674952713) (-27.8954241269)
continue (3.8723763766) (-27.9014358733)
continue (3.8772533211) (-27.9074442642)
continue (3.8821260270) (-27.9134408668)
continue (3.8872689984) (-34.3343252190)
continue (3.8880465300) (-27.9193735131)
continue (3.8899644875) (-27.9230502362)
continue (3.8929224712) (-27.9266776428)
continue (3.8958849568) (-27.9302986109)
continue (3.8988519547) (-27.9339164525)
continue (3.9018067686) (-27.9375345953)
continue (3.9047660647) (-27.9411490001)
continue (3.9077130959) (-27.9447593190)
continue (3.9106813613) (-27.9483651960)
continue (3.9136373315) (-27.9519740440)
continue (3.9156676117) (-31.8814046348)
continue (3.9164508235) (-27.9554602396)
continue (3.9185008743) (-27.9578972320)
continue (3.9204226914) (-27.9602251102)
continue (3.9223295118) (-27.9625495966)
continue (3.9242381880) (-27.9648745747)
continue (3.9261487226) (-27.9671959582)
continue (3.9280611185) (-27.9695176708)
continue (3.9299753783) (-27.9718396508)
continue (3.9318915048) (-27.9741577437)
continue (3.9338095006) (-27.9764759340)
continue (3.9359648088) (-30.5617741924)
continue (3.9367520805) (-27.9788107009)
continue (3.9370216616) (-27.9803603781)
continue (3.9383148035) (-27.9819322682)
continue (3.9396087952) (-27.9835015062)
continue (3.9409036375) (-27.9850680425)
continue (3.9421993313) (-27.9866360384)
continue (3.9434958773) (-27.9882054895)
continue (3.9447932764) (-27.9897721490)
continue (3.9460915295) (-27.9913402233)
continue (3.9473906374) (-27.9929054346)
continue (3.9479023104) (-29.7918274733)
continue (3.9486919698) (-27.9943905546)
continue (3.9496318982) (-27.9956098325)
continue (3.9505736443) (-27.9967506346)
continue (3.9515158397) (-27.9978857974)
continue (3.9524584845) (-27.9990282683)
continue (3.9534015792) (-28.0001646288)
continue (3.9543451241) (-28.0013026637)
continue (3.9552891195) (-28.0024406313)
continue (3.9562335657) (-28.0035780855)
continue (3.9571784630) (-28.0047154533)
continue (3.9581922382) (-29.3061851461)
continue (3.9589839558) (-28.0058588889)
continue (3.9963853212) (-28.0378201471)
continue (3.9971846782) (-28.0378201471)
continue (4.1935893733) (-28.6567884098)
continue (4.3980066159) (-28.8572977543)
continue (4.6140099788) (-29.1293035420)
continue (4.8420136600) (-29.0971272146)
continue (5.0795260358) (-29.7428015739)
continue (5.3290466130) (-29.7344746648)
continue (5.5905949130) (-30.0760827769)
continue (5.8640088212) (-29.8425432319)
continue (6.1530517948) (-30.1119328866)
continue (6.4537320879) (-30.1508878338)
continue (6.7752191139) (-30.1993516446)
continue (7.1026264288) (-30.2568823748)
continue (7.4571765206) (-30.2832456426)
continue (7.8220340843) (-30.3148855310)
continue (8.2022229596) (-30.3482375526)
continue (8.6049761172) (-30.3132743789)
continue (9.0313872232) (-30.3225755623)
continue (9.4736144175) (-30.3177646431)
continue (9.9396484600) (-30.2754783729)
continue (10.4275886350) (-30.2411637753)
continue (10.9395794816) (-30.1882909733)
continue (11.4769139901) (-30.1309443813)
continue (12.0410540541) (-30.0707854963)
continue (12.6319236321) (-30.0052430554)
continue (13.2528646134) (-29.9366666410)
continue (13.9039818556) (-29.8645493007)
continue (14.5849387135) (-29.7878123956)
continue (15.3025519868) (-29.7092977567)
continue (16.0547387388) (-29.6289321377)
continue (16.8410085163) (-29.5474469368)
continue (17.6704861512) (-29.4653394242)
continue (18.5367569328) (-29.3820565652)
continue (19.4465849513) (-29.3018124301)
continue (20.4045448011) (-29.2250453109)
continue (21.4063183185) (-29.1602078156)
continue (22.4560613804) (-29.0913541611)
continue (23.5591254089) (-29.0097943848)
continue (24.7156759104) (-28.9310723883)
continue (25.9324692890) (-28.8538719643)
continue (27.2019991288) (-28.7775436633)
continue (28.5395230447) (-28.7053133757)
continue (29.9463348937) (-28.6371406970)
continue (31.4121672119) (-28.5673513400)
continue (32.9572141344) (-28.4971633614)
continue (34.5700671782) (-28.4277093938)
continue (36.2765513860) (-28.3636124142)
continue (38.0487252951) (-28.3122927204)
continue (39.9153294269) (-28.2971388294)
continue (41.8780777030) (-28.2570393298)
continue (43.9376552949) (-28.1929387601)
continue (46.0934229042) (-28.1321202165)
continue (48.3687351813) (-28.0738119509)
continue (50.7386954798) (-28.0198147631)
continue (53.2282109122) (-27.9714287473)
continue (55.8374369373) (-27.9244530386)
continue (58.6023775445) (-27.8787685449)
continue (61.4475368049) (-27.8410347396)
continue (64.4916469085) (-27.8065970969)
continue (67.6515939730) (-27.7718563924)
continue (70.9709478829) (-27.7396900542)
continue (74.4499159164) (-27.7108571641)
continue (78.0862871308) (-27.6863436534)
continue (81.9484685986) (-27.6647427436)
continue (85.9685821525) (-27.6462760624)
continue (90.2244525561) (-27.6318991483)
continue (94.6279305105) (-27.6203319660)
continue (99.2773690834) (-27.6111885865)
continue (104.1567002876) (-27.6043242147)
continue (109.2777276432) (-27.5987718325)
continue (114.6391962280) (-27.5944828930)
continue (120.2675162751) (-27.5904049806)
continue (126.1793091687) (-27.5887170870)
continue (132.3746325997) (-27.5907433480)
continue (138.8703094813) (-27.5932895414)
continue (145.6861663975) (-27.5953372991)
continue (152.8458522000) (-27.5975666538)
continue (160.3496341398) (-27.6008456660)
continue (168.2235500861) (-27.6053732357)
continue (176.4995101330) (-27.6106566887)
continue (185.1792259330) (-27.6154673845)
continue (194.2585740389) (-27.6194269969)
continue (203.8172603034) (-27.6232406046)
continue (213.8120532183) (-27.6280090885)
continue (224.3394807525) (-27.6326440790)
continue (235.3478746943) (-27.6367641955)
continue (246.8889110855) (-27.6407338354)
continue (259.0298382082) (-27.6445484799)
continue (271.6955786573) (-27.6487836547)
continue (285.0381516473) (-27.6528652171)
continue (299.0702234383) (-27.6565914062)
continue (313.7971662591) (-27.6601512170)
continue (329.2149461042) (-27.6635402662)
continue (345.3076812491) (-27.6663512435)
continue (362.3327915771) (-27.6689778290)
continue (380.1697834028) (-27.6714165503)
continue (398.8039259591) (-27.6740740442)
continue (418.3962216788) (-27.6771607273)
continue (438.9532614723) (-27.6825635035)
continue (460.4684036465) (-27.6933605590)
continue (483.1744277924) (-27.7121982701)
continue (506.8225644140) (-27.7363639314)
continue (531.6610098112) (-27.7569619513)
continue (557.6909246123) (-27.7687853520)
continue (585.2710152964) (-27.7736579128)
continue (614.0613010893) (-27.7783250029)
continue (644.0049263721) (-27.7822529267)
continue (675.5129509388) (-27.7854210464)
continue (709.1571757327) (-27.7886124471)
continue (743.8914047481) (-27.7920964696)
continue (780.1943243292) (-27.7956086681)
continue (818.7484014523) (-27.7996968170)
continue (858.8755615612) (-27.8043770564)
continue (901.3520977413) (-27.8088285443)
continue (945.2976875689) (-27.8130436645)
continue (991.6932972211) (-27.8167301563)
continue (1040.3778637019) (-27.8195873672)
continue (1091.4684043795) (-27.8218867477)
continue (1145.0954647103) (-27.8236193078)
continue (1201.4066853216) (-27.8256494025)
continue (1260.3969167586) (-27.8276890315)
continue (1322.2097661295) (-27.8303255659)
continue (1387.2232772362) (-27.8338660297)
continue (1455.2331057433) (-27.8383325876)
continue (1526.6660593340) (-27.8440569820)
continue (1601.8051868807) (-27.8510890069)
continue (1680.3742777364) (-27.8601209136)
continue (1762.9463548393) (-27.8706324043)
continue (1849.5371845270) (-27.8833922560)
continue (1940.5173995240) (-27.8975662943)
continue (2035.8958239867) (-27.9129287941)
continue (2135.6151179200) (-27.9292235372)
continue (2240.6367612895) (-27.9469215565)
continue (2350.4435667177) (-27.9657727392)
continue (2466.2164298145) (-27.9858996785)
continue (2587.3565326986) (-28.0068725149)
continue (2714.5277653156) (-28.0280287236)
continue (2847.7092838014) (-28.0498786525)
continue (2987.7605600540) (-28.0722191507)
continue (3133.6553329314) (-28.0949600719)
continue (3288.5852429320) (-28.1182730646)
continue (3449.1558320078) (-28.1422454779)
continue (3619.0110040368) (-28.1671080552)
continue (3796.9457117352) (-28.1924649719)
continue (3982.8101871349) (-28.2181010806)
continue (4178.2071105752) (-28.2440489590)
continue (4383.1985128257) (-28.2702684047)
continue (4600.0351883718) (-28.2971388294)
continue (4826.6259047482) (-28.3246800167)
continue (5062.5942823136) (-28.3526170299)
continue (5310.4135828465) (-28.3806979241)
continue (5573.4982924554) (-28.4089353930)
continue (5845.2018654038) (-28.4375881671)
continue (6132.3483904203) (-28.4668637117)
continue (6435.5012063309) (-28.4963454808)
continue (6750.1257097515) (-28.5263670731)
continue (7080.5514437953) (-28.5573634742)
continue (7426.7886782107) (-28.5885486579)
continue (7795.2692114325) (-28.6197887583)
continue (8180.1343879395) (-28.6515004297)
continue (8580.6682751079) (-28.6836102489)
continue (8995.7252795307) (-28.7160207158)
continue (9442.2025781417) (-28.7490923003)
continue (9905.0757697441) (-28.7822529267)
continue (10391.9143667061) (-28.8161609629)
continue (10902.9309741141) (-28.8495505905)
continue (11438.0189634299) (-28.8830603534)
continue (11999.8284279228) (-28.9161391991)
continue (12588.2990857364) (-28.9500071431)
continue (13206.7676929921) (-28.9846402446)
continue (13855.3591427164) (-29.0191334454)
continue (14536.0818442568) (-29.0538426051)
continue (15251.3300555055) (-29.0890022837)
continue (15998.3667629294) (-29.1240710151)
continue (16785.1716856964) (-29.1593921210)
continue (17609.0235906562) (-29.1949751556)
continue (18476.6214682980) (-29.2309921291)
continue (19380.4119697247) (-29.2679280590)
continue (20336.2412590149) (-29.3050439978)
continue (21331.1556839058) (-29.3426572632)
continue (22378.8548825259) (-29.3810110796)
continue (23480.2105337917) (-29.4201021304)
continue (24635.4952910640) (-29.4601714416)
continue (25844.2135795932) (-29.5008630055)
continue (27112.9714613644) (-29.5424208530)
continue (28441.5409118744) (-29.5853608533)
continue (29838.4731767013) (-29.6293019074)
continue (31304.2587020425) (-29.6740740442)
continue (32838.4493987912) (-29.7201050200)
continue (34452.4374599794) (-29.7670038896)
continue (36147.0436658650) (-29.8150248093)
continue (37922.0545491659) (-29.8639139026)
continue (39793.3175029020) (-29.9143527117)
continue (41743.7916086329) (-29.9673812391)
continue (43789.8592415404) (-30.0217281584)
continue (45953.9571768258) (-30.0774302310)
continue (48189.6864524831) (-30.1349552783)
continue (50569.7542073505) (-30.1937521728)
continue (53042.3149485714) (-30.2544567980)
continue (55666.8888708892) (-30.3166827381)
continue (58377.1281753015) (-30.3804892792)
continue (61241.0598666973) (-30.4474534520)
continue (64264.2433580011) (-30.5171264164)
continue (67401.4031668977) (-30.5895602138)
continue (70750.5412124578) (-30.6649434806)
continue (74207.4080469427) (-30.7423214251)
continue (77819.5534429083) (-30.8230410194)
continue (81654.7464889298) (-30.9062282185)
continue (85725.9615067221) (-30.9918258160)
continue (89868.5375558636) (-31.0820745779)
continue (94314.5281325250) (-31.1754186238)
continue (98943.2107292569) (-31.2722148258)
continue (103800.7712514473) (-31.3734543410)
continue (108899.0165889647) (-31.4774253673)
continue (114251.1247262358) (-31.5865325870)
continue (119856.2371190920) (-31.6996219351)
continue (125744.0279862641) (-31.8155925146)
continue (131933.8310143994) (-31.9393021596)
continue (138406.2835383439) (-32.0669178376)
continue (145198.6887852862) (-32.1991455085)
continue (152334.8329683143) (-32.3390397082)
continue (159815.3228369794) (-32.4826721177)
continue (167666.4159735890) (-32.6350739662)
continue (175886.3097503294) (-32.7920964696)
continue (184541.7113844586) (-32.9511699135)
continue (193598.2517137149) (-33.1243022380)
continue (203090.4771153235) (-33.3020735552)
continue (213112.0137550178) (-33.4866492012)
continue (223568.9329775408) (-33.6829818990)
continue (234560.3528485087) (-33.8823973083)
continue (246022.4003284170) (-34.0885760346)
continue (258149.2835174097) (-34.2515018734)
continue (270807.4207478325) (-34.3123818704)
continue (284149.3516733571) (-34.3123818704)
continue (298091.9106367211) (-34.3123818704)
continue (312720.3057022843) (-34.3123818704)
continue (328029.8671045559) (-34.3123818704)
continue (344134.0524231330) (-34.3123818704)
continue (361040.7966784692) (-34.3123818704)
continue (378747.7019187267) (-34.3123818704)
continue (397412.5472378789) (-34.3123818704)
continue (416865.0369700166) (-34.3521282347)
continue (437478.1424946981) (-34.4970269409)
continue (458845.4032308441) (-34.8651856297)
continue (481387.7289046257) (-36.6482036931)
continue (505136.9017829581) (-36.6836102489)
continue (529806.3783816607) (-36.7191940716)
continue (555989.6100161417) (-36.7544873322)
continue (583397.5485380642) (-36.7899491501)
continue (611999.3088089029) (-36.8253588073)
continue (3672982.5506507708) (-37.9010103606)
continue (3709712.3761572787) (-50.0000000000)
continue (7354000.0000000000) (-50.0000000000)
f(nu) = -25.1452289660 at 1.0000000000 Ryd
