# Puchwein et al 2019
# z = 12.970000
# E [Ryd] log (J_nu)
interpolate (0.0000000100) (-50.0000000000)
continue (0.0007810860) (-50.0000000000)
continue (0.0007889757) (-18.4678828838)
continue (0.0008276721) (-18.4862498499)
continue (0.0008678733) (-18.5068208793)
continue (0.0009112670) (-18.5298836468)
continue (0.0009556071) (-18.5545514857)
continue (0.0010026042) (-18.5800442515)
continue (0.0010517855) (-18.6066003047)
continue (0.0011034960) (-18.6348865684)
continue (0.0011577525) (-18.6645420993)
continue (0.0012145368) (-18.6950788381)
continue (0.0012741429) (-18.7256112044)
continue (0.0013367566) (-18.7567138539)
continue (0.0014023807) (-18.7886124471)
continue (0.0014712092) (-18.8218867477)
continue (0.0015434739) (-18.8560488836)
continue (0.0016194544) (-18.8907590314)
continue (0.0016988571) (-18.9255492810)
continue (0.0017822550) (-18.9601894459)
continue (0.0018700328) (-18.9952488444)
continue (0.0019618234) (-19.0301649069)
continue (0.0020579652) (-19.0657035932)
continue (0.0021594004) (-19.1019882612)
continue (0.0022651429) (-19.1392428769)
continue (0.0023768048) (-19.1772436670)
continue (0.0024932065) (-19.2152401053)
continue (0.0026155768) (-19.2532879775)
continue (0.0027439535) (-19.2913242073)
continue (0.0028792005) (-19.3292904048)
continue (0.0030204407) (-19.3673402867)
continue (0.0031685222) (-19.4053864908)
continue (0.0033245785) (-19.4434562915)
continue (0.0034874358) (-19.4814860601)
continue (0.0036582375) (-19.5194182132)
continue (0.0038385298) (-19.5575202309)
continue (0.0040268094) (-19.5956795328)
continue (0.0042246962) (-19.6341377846)
continue (0.0044322323) (-19.6726410656)
continue (0.0046493213) (-19.7115271994)
continue (0.0048783028) (-19.7503125722)
continue (0.0051194774) (-19.7891466347)
continue (0.0053698702) (-19.8279811906)
continue (0.0056320579) (-19.8667805433)
continue (0.0059096431) (-19.9055288714)
continue (0.0061990950) (-19.9446216686)
continue (0.0065044038) (-19.9833844524)
continue (0.0068259698) (-20.0221849739)
continue (0.0071584208) (-20.0610302028)
continue (0.0075125059) (-20.0999060985)
continue (0.0078829323) (-20.1386448398)
continue (0.0082692103) (-20.1770477595)
continue (0.0086704755) (-20.2148838050)
continue (0.0090944807) (-20.2518895325)
continue (0.0095460609) (-20.2878555858)
continue (0.0100150233) (-20.3230321857)
continue (0.0105069407) (-20.3573376686)
continue (0.0110229463) (-20.3906190557)
continue (0.0115643017) (-20.4226231081)
continue (0.0121324320) (-20.4530873568)
continue (0.0127271923) (-20.4821445811)
continue (0.0133518970) (-20.5096200800)
continue (0.0140087159) (-20.5355104526)
continue (0.0146954841) (-20.5595632339)
continue (0.0154190689) (-20.5815329791)
continue (0.0161744226) (-20.6013656755)
continue (0.0169695898) (-20.6165437035)
continue (0.0178051382) (-20.6223295607)
continue (0.0186773308) (-20.6172627342)
continue (0.0195971392) (-20.6015391504)
continue (0.0205564397) (-20.5795491409)
continue (0.0215684490) (-20.5609832716)
continue (0.0226289290) (-20.5465287663)
continue (0.0237370922) (-20.5301779840)
continue (0.0249048093) (-20.5108856306)
continue (0.0261257732) (-20.4901257150)
continue (0.0274065254) (-20.4677553564)
continue (0.0287556633) (-20.4490382477)
continue (0.0301644148) (-20.4355706730)
continue (0.0316522046) (-20.4225082002)
continue (0.0332094377) (-20.4047242882)
continue (0.0348343643) (-20.3789276289)
continue (0.0365530273) (-20.3464016182)
continue (0.0383368519) (-20.3106023372)
continue (0.0402325373) (-20.2828289732)
continue (0.0422078263) (-20.2636034977)
continue (0.0442792503) (-20.2443537805)
continue (0.0464458191) (-20.2254830343)
continue (0.0487308541) (-20.2083795173)
continue (0.0511373160) (-20.1958605677)
continue (0.0536354897) (-20.1869530348)
continue (0.0562510476) (-20.1800614306)
continue (0.0590198815) (-20.1721140172)
continue (0.0619488083) (-20.1588909155)
continue (0.0649513165) (-20.1464843032)
continue (0.0681575894) (-20.1379879487)
continue (0.0715280197) (-20.1291865761)
continue (0.0750013968) (-20.1207893947)
continue (0.0786931754) (-20.1149782051)
continue (0.0825422981) (-20.1093554637)
continue (0.0866223356) (-20.1044117243)
continue (0.0908541347) (-20.1012748184)
continue (0.0953507346) (-20.0891089114)
continue (0.1000293052) (-20.0734003461)
continue (0.1049484016) (-20.0580415835)
continue (0.1100962874) (-20.0365427399)
continue (0.1155110877) (-20.0214542995)
continue (0.1211791185) (-20.0139452192)
continue (0.1271298787) (-20.0051112046)
continue (0.1333821679) (-19.9948194875)
continue (0.1399365741) (-19.9833844524)
continue (0.1467891383) (-19.9702105292)
continue (0.1540082763) (-19.9574244876)
continue (0.1615721579) (-19.9442395353)
continue (0.1695065050) (-19.9292235372)
continue (0.1778428905) (-19.9139962944)
continue (0.1865820989) (-19.8955128887)
continue (0.1957188511) (-19.8797552045)
continue (0.2053328010) (-19.8820661650)
continue (0.2154295439) (-19.8917733436)
continue (0.2260086733) (-19.9017024635)
continue (0.2371238540) (-19.9125735430)
continue (0.2487761318) (-19.8985966494)
continue (0.2609584682) (-19.8797552045)
continue (0.2738182004) (-19.8784401558)
continue (0.2872846692) (-19.8761483590)
continue (0.3013448978) (-19.8722474842)
continue (0.3161925645) (-19.8664610916)
continue (0.3317316967) (-19.8576105339)
continue (0.3479446242) (-19.8464900107)
continue (0.3650909338) (-19.8347556739)
continue (0.3830462256) (-19.8224635001)
continue (0.4017931970) (-19.8107905104)
continue (0.4214925859) (-19.7999707334)
continue (0.4421479723) (-19.7870138153)
continue (0.4639852194) (-19.7731424297)
continue (0.4867879118) (-19.7649768405)
continue (0.5105137091) (-19.7584535194)
continue (0.5357242627) (-19.7508016426)
continue (0.5621634613) (-19.7442452134)
continue (0.5898168096) (-19.7293211639)
continue (0.6186469591) (-19.5687971154)
continue (0.6490505490) (-19.5397036732)
continue (0.6810664954) (-19.5066813918)
continue (0.7141590680) (-19.4721124340)
continue (0.7493222477) (-19.4358075394)
continue (0.7494721272) (-19.7685304096)
continue (0.7862527790) (-19.8398317070)
continue (0.8246759917) (-20.0123784179)
continue (0.8288690942) (-20.0391512226)
continue (0.8329222993) (-20.0678500475)
continue (0.8369692137) (-20.0987400717)
continue (0.8410245965) (-20.1321761480)
continue (0.8450724461) (-20.1686069960)
continue (0.8491277985) (-20.2080933099)
continue (0.8531743306) (-20.2517468337)
continue (0.8572273582) (-20.3011672544)
continue (0.8612783740) (-20.3579590987)
continue (0.8654007320) (-20.4244657817)
continue (0.8695793374) (-20.5114492835)
continue (0.8738320076) (-20.6209411663)
continue (0.8780757090) (-20.7686833571)
continue (0.8823266565) (-20.9960614901)
continue (0.8865758338) (-21.5077649921)
continue (0.8880856269) (-inf)
continue (0.8882632618) (-20.1848208699)
continue (0.8908313008) (-20.2065882170)
continue (0.8950838547) (-20.2477571240)
continue (0.8993328242) (-20.2931678998)
continue (0.9035775261) (-20.3441022141)
continue (0.9076364251) (-20.4020855288)
continue (0.9122887342) (-20.4742453454)
continue (0.9167472861) (-20.5606909956)
continue (0.9212067921) (-20.6685646048)
continue (0.9256657008) (-20.8122396373)
continue (0.9301243111) (-21.0282353811)
continue (0.9345829462) (-21.4769380211)
continue (0.9369417514) (-inf)
continue (0.9371291585) (-20.6367641955)
continue (0.9390419537) (-20.6773239023)
continue (0.9435007297) (-20.7844549620)
continue (0.9479596448) (-20.9264136073)
continue (0.9524111317) (-21.1378686207)
continue (0.9531313595) (-21.1925224758)
continue (0.9538446901) (-21.2525074007)
continue (0.9545580893) (-21.3192575829)
continue (0.9552715550) (-21.3948878967)
continue (0.9559850851) (-21.4826773963)
continue (0.9566986776) (-21.5881211413)
continue (0.9574113244) (-21.7215184898)
continue (0.9581250337) (-21.9059938117)
continue (0.9588387990) (-22.2153356435)
continue (0.9594354567) (-inf)
continue (0.9596273630) (-21.1432711096)
continue (0.9607716931) (-21.2049323515)
continue (0.9619918385) (-21.2717493244)
continue (0.9632120325) (-21.3451922160)
continue (0.9644322638) (-21.4273758071)
continue (0.9656525208) (-21.5215806989)
continue (0.9668727920) (-21.6332988099)
continue (0.9680930657) (-21.7728334333)
continue (0.9693133303) (-21.9633112336)
continue (0.9705335740) (-22.2785100735)
continue (0.9716099949) (-inf)
continue (0.9718043363) (-21.6039751034)
continue (0.9724931975) (-21.6587712947)
continue (0.9732326966) (-21.7189120651)
continue (0.9739722802) (-21.7858160392)
continue (0.9747119461) (-21.8615962414)
continue (0.9754506480) (-21.9495351721)
continue (0.9761904704) (-22.0551251594)
continue (0.9769303686) (-22.1886670065)
continue (0.9776692914) (-22.3732850484)
continue (0.9784093329) (-22.6827642830)
continue (0.9790220836) (-inf)
continue (0.9792179076) (-21.9419537696)
continue (0.9796262717) (-21.9932430993)
continue (0.9801046187) (-22.0500277461)
continue (0.9805823779) (-22.1136204007)
continue (0.9810606032) (-22.1861355784)
continue (0.9815392951) (-22.2708538465)
continue (0.9820173961) (-22.3732686356)
continue (0.9824949039) (-22.5036807293)
continue (0.9829728762) (-22.6852145646)
continue (0.9834513138) (-22.9916553707)
continue (0.9837787230) (-inf)
continue (0.9839754984) (-22.2073982188)
continue (0.9842532892) (-22.2569153306)
continue (0.9845776371) (-22.3118151878)
continue (0.9849011343) (-22.3735405516)
continue (0.9852259094) (-22.4442056797)
continue (0.9855498328) (-22.5270915011)
continue (0.9858739693) (-22.6276901698)
continue (0.9861983191) (-22.7563048028)
continue (0.9865228824) (-22.9360552307)
continue (0.9868465907) (-23.2407334021)
continue (0.9870824973) (-inf)
continue (0.9872799335) (-22.4127381503)
continue (0.9874069046) (-22.4611637080)
continue (0.9876423407) (-22.5150129531)
continue (0.9878789599) (-22.5756950843)
continue (0.9881146211) (-22.6453231226)
continue (0.9883503948) (-22.7271771148)
continue (0.9885862810) (-22.8267554409)
continue (0.9888222799) (-22.9543523998)
continue (0.9890583914) (-23.1330938630)
continue (0.9892935417) (-23.4367669842)
continue (0.9894406051) (-inf)
continue (0.9896385130) (-21.9461535731)
continue (0.9991962399) (-26.1797985405)
continue (1.0439534549) (-26.3284569147)
continue (1.0951411739) (-26.3531063758)
continue (1.1489937849) (-26.2743333397)
continue (1.2053795910) (-26.3383765908)
continue (1.2645947416) (-26.1811804925)
continue (1.3266370226) (-26.1631697135)
continue (1.3918847882) (-26.1255181823)
continue (1.4601297401) (-25.9871627753)
continue (1.5320561043) (-26.0803467177)
continue (1.6071727880) (-26.0251200270)
continue (1.6862823294) (-26.1841567093)
continue (1.7691069129) (-26.1695396500)
continue (1.8559408774) (-26.2535993555)
continue (1.9471516470) (-26.1601450154)
continue (2.0427414724) (-26.2085900843)
continue (2.1431490377) (-26.1753535853)
continue (2.2483764392) (-26.2148125800)
continue (2.3583513737) (-26.1620960554)
continue (2.4742518893) (-26.2416938183)
continue (2.5962021961) (-26.2441251443)
continue (2.7234517956) (-26.2175273758)
continue (2.8575320502) (-26.2088709993)
continue (2.9972889909) (-26.1359044266)
continue (2.9978885086) (-26.1610250450)
continue (3.1444684983) (-26.4643261966)
continue (3.2993011253) (-26.1982533808)
continue (3.3154824080) (-26.1917842992)
continue (3.3316770164) (-26.2079706071)
continue (3.3478830047) (-26.2240780493)
continue (3.3640859670) (-26.2401078907)
continue (3.3802960540) (-26.2560600735)
continue (3.3964985345) (-26.2719369273)
continue (3.4127037129) (-26.2877384752)
continue (3.4289094326) (-26.3034636392)
continue (3.4451134960) (-26.3191135814)
continue (3.4609455785) (-26.3347005005)
continue (3.4783173495) (-26.3017619641)
continue (3.4953146235) (-26.2917856726)
continue (3.5123163736) (-26.2818588504)
continue (3.5293202949) (-26.2719791694)
continue (3.5463240368) (-26.2621468731)
continue (3.5537279767) (-116.2095037230)
continue (3.5544387934) (-26.2579035977)
continue (3.5633252031) (-26.2524639038)
continue (3.5803213519) (-26.2427338234)
continue (3.5973241965) (-26.2330565076)
continue (3.6143172719) (-26.2234288333)
continue (3.6319927095) (-26.2138166544)
continue (3.6491549368) (-26.3513999735)
continue (3.6669965225) (-26.5112025953)
continue (3.6848197184) (-26.6702401899)
continue (3.7026665643) (-26.8285192774)
continue (3.7204896494) (-26.9860552620)
continue (3.7383317846) (-27.1428575490)
continue (3.7481524197) (-58.4974363309)
continue (3.7489021252) (-27.2288536512)
continue (3.7561600736) (-27.2985416817)
continue (3.7740029190) (-27.4537831796)
continue (3.7918425237) (-27.6082658909)
continue (3.8096445268) (-27.7619538969)
continue (3.8125294258) (-27.7654903091)
continue (3.8153867477) (-27.7690583063)
continue (3.8182323571) (-27.7726249849)
continue (3.8210822144) (-27.7761874744)
continue (3.8239363290) (-27.7797480430)
continue (3.8267947105) (-27.7833037640)
continue (3.8296412741) (-27.7868595923)
continue (3.8324920757) (-27.7904126091)
continue (3.8353471248) (-27.7939625036)
continue (3.8381459698) (-42.4333268624)
continue (3.8389136758) (-27.7975116829)
continue (3.8430948760) (-27.8035557464)
continue (3.8479632917) (-27.8096094659)
continue (3.8528440576) (-27.8156550075)
continue (3.8577372208) (-27.8216908262)
continue (3.8626100831) (-27.8277211594)
continue (3.8674952713) (-27.8337445864)
continue (3.8723763766) (-27.8397596310)
continue (3.8772533211) (-27.8457678040)
continue (3.8821260270) (-27.8517676404)
continue (3.8872689984) (-35.9673812391)
continue (3.8880465300) (-27.8576105339)
continue (3.8899644875) (-27.8613784099)
continue (3.8929224712) (-27.8650041809)
continue (3.8958849568) (-27.8686283828)
continue (3.8988519547) (-27.8722474842)
continue (3.9018067686) (-27.8758643645)
continue (3.9047660647) (-27.8794787137)
continue (3.9077130959) (-27.8830902143)
continue (3.9106813613) (-27.8867018870)
continue (3.9136373315) (-27.8903067362)
continue (3.9156676117) (-32.8572977543)
continue (3.9164508235) (-27.8938091027)
continue (3.9185008743) (-27.8962338967)
continue (3.9204226914) (-27.8985588266)
continue (3.9223295118) (-27.9008858991)
continue (3.9242381880) (-27.9032081312)
continue (3.9261487226) (-27.9055323653)
continue (3.9280611185) (-27.9078550541)
continue (3.9299753783) (-27.9101761057)
continue (3.9318915048) (-27.9124954267)
continue (3.9338095006) (-27.9148164919)
continue (3.9359648088) (-31.1825007381)
continue (3.9367520805) (-27.9172146297)
continue (3.9370216616) (-27.9186995092)
continue (3.9383148035) (-27.9202726103)
continue (3.9396087952) (-27.9218405471)
continue (3.9409036375) (-27.9234105243)
continue (3.9421993313) (-27.9249788897)
continue (3.9434958773) (-27.9265492722)
continue (3.9447932764) (-27.9281179927)
continue (3.9460915295) (-27.9296850126)
continue (3.9473906374) (-27.9312502928)
continue (3.9479023104) (-30.2049546296)
continue (3.9486919698) (-27.9329291440)
continue (3.9496318982) (-27.9339537534)
continue (3.9505736443) (-27.9350929728)
continue (3.9515158397) (-27.9362314386)
continue (3.9524584845) (-27.9373728966)
continue (3.9534015792) (-27.9385098234)
continue (3.9543451241) (-27.9396497343)
continue (3.9552891195) (-27.9407850662)
continue (3.9562335657) (-27.9419233739)
continue (3.9571784630) (-27.9430608636)
continue (3.9581922382) (-29.5880437621)
continue (3.9589839558) (-27.9442395353)
continue (3.9963853212) (-27.9796387174)
continue (3.9971846782) (-27.9796387174)
continue (4.1935893733) (-28.5982549178)
continue (4.3980066159) (-28.7986028757)
continue (4.6140099788) (-29.0697133528)
continue (4.8420136600) (-29.0375833066)
continue (5.0795260358) (-29.6784015695)
continue (5.3290466130) (-29.6695862267)
continue (5.5905949130) (-30.0022205691)
continue (5.8640088212) (-29.7741740085)
continue (6.1530517948) (-30.0335766541)
continue (6.4537320879) (-30.0686947186)
continue (6.7752191139) (-30.1119890878)
continue (7.1026264288) (-30.1626641320)
continue (7.4571765206) (-30.1833610551)
continue (7.8220340843) (-30.2079586893)
continue (8.2022229596) (-30.2329183786)
continue (8.6049761172) (-30.1969527895)
continue (9.0313872232) (-30.1993516446)
continue (9.4736144175) (-30.1888943930)
continue (9.9396484600) (-30.1457547029)
continue (10.4275886350) (-30.1091320612)
continue (10.9395794816) (-30.0562582342)
continue (11.4769139901) (-29.9991322785)
continue (12.0410540541) (-29.9389246764)
continue (12.6319236321) (-29.8732194230)
continue (13.2528646134) (-29.8046539417)
continue (13.9039818556) (-29.7325935812)
continue (14.5849387135) (-29.6558042841)
continue (15.3025519868) (-29.5774101601)
continue (16.0547387388) (-29.4970269409)
continue (16.8410085163) (-29.4155556928)
continue (17.6704861512) (-29.3334820194)
continue (18.5367569328) (-29.2502636844)
continue (19.4465849513) (-29.1701175536)
continue (20.4045448011) (-29.0933956283)
continue (21.4063183185) (-29.0285849766)
continue (22.4560613804) (-28.9597933724)
continue (23.5591254089) (-28.8784401558)
continue (24.7156759104) (-28.7996968170)
continue (25.9324692890) (-28.7226200253)
continue (27.2019991288) (-28.6464684409)
continue (28.5395230447) (-28.5744657795)
continue (29.9463348937) (-28.5065419490)
continue (31.4121672119) (-28.4368750397)
continue (32.9572141344) (-28.3669357273)
continue (34.5700671782) (-28.2978280491)
continue (36.2765513860) (-28.2341080236)
continue (38.0487252951) (-28.1838250096)
continue (39.9153294269) (-28.1687703061)
continue (41.8780777030) (-28.1285438260)
continue (43.9376552949) (-28.0648959788)
continue (46.0934229042) (-28.0044525505)
continue (48.3687351813) (-27.9465373951)
continue (50.7386954798) (-27.8927900304)
continue (53.2282109122) (-27.8440569820)
continue (55.8374369373) (-27.7966950839)
continue (58.6023775445) (-27.7508016426)
continue (61.4475368049) (-27.7115271994)
continue (64.4916469085) (-27.6755117667)
continue (67.6515939730) (-27.6390281163)
continue (70.9709478829) (-27.6048484085)
continue (74.4499159164) (-27.5741398549)
continue (78.0862871308) (-27.5476001541)
continue (81.9484685986) (-27.5241835870)
continue (85.9685821525) (-27.5040396051)
continue (90.2244525561) (-27.4879830305)
continue (94.6279305105) (-27.4749551930)
continue (99.2773690834) (-27.4641997092)
continue (104.1567002876) (-27.4558078892)
continue (109.2777276432) (-27.4491603949)
continue (114.6391962280) (-27.4432152177)
continue (120.2675162751) (-27.4381833357)
continue (126.1793091687) (-27.4371126187)
continue (132.3746325997) (-27.4380642367)
continue (138.8703094813) (-27.4397346021)
continue (145.6861663975) (-27.4412914295)
continue (152.8458522000) (-27.4433357379)
continue (160.3496341398) (-27.4462383016)
continue (168.2235500861) (-27.4503837605)
continue (176.4995101330) (-27.4549404153)
continue (185.1792259330) (-27.4594202835)
continue (194.2585740389) (-27.4630629773)
continue (203.8172603034) (-27.4668637117)
continue (213.8120532183) (-27.4712118082)
continue (224.3394807525) (-27.4754740634)
continue (235.3478746943) (-27.4795164673)
continue (246.8889110855) (-27.4833324409)
continue (259.0298382082) (-27.4871822414)
continue (271.6955786573) (-27.4910664739)
continue (285.0381516473) (-27.4949857599)
continue (299.0702234383) (-27.4986668214)
continue (313.7971662591) (-27.5021032571)
continue (329.2149461042) (-27.5051499783)
continue (345.3076812491) (-27.5079383955)
continue (362.3327915771) (-27.5106040783)
continue (380.1697834028) (-27.5130031116)
continue (398.8039259591) (-27.5158425756)
continue (418.3962216788) (-27.5201368870)
continue (438.9532614723) (-27.5276824537)
continue (460.4684036465) (-27.5404567417)
continue (483.1744277924) (-27.5595632339)
continue (506.8225644140) (-27.5812017094)
continue (531.6610098112) (-27.5998075114)
continue (557.6909246123) (-27.6108339156)
continue (585.2710152964) (-27.6154673845)
continue (614.0613010893) (-27.6199697520)
continue (644.0049263721) (-27.6237881497)
continue (675.5129509388) (-27.6269040129)
continue (709.1571757327) (-27.6302277114)
continue (743.8914047481) (-27.6339507902)
continue (780.1943243292) (-27.6375175252)
continue (818.7484014523) (-27.6416843599)
continue (858.8755615612) (-27.6462760624)
continue (901.3520977413) (-27.6507224725)
continue (945.2976875689) (-27.6546262694)
continue (991.6932972211) (-27.6579723119)
continue (1040.3778637019) (-27.6607473660)
continue (1091.4684043795) (-27.6631401791)
continue (1145.0954647103) (-27.6649434806)
continue (1201.4066853216) (-27.6667543010)
continue (1260.3969167586) (-27.6691805335)
continue (1322.2097661295) (-27.6722325101)
continue (1387.2232772362) (-27.6759234203)
continue (1455.2331057433) (-27.6808939407)
continue (1526.6660593340) (-27.6867657083)
continue (1601.8051868807) (-27.6944336865)
continue (1680.3742777364) (-27.7039933307)
continue (1762.9463548393) (-27.7151182853)
continue (1849.5371845270) (-27.7281583935)
continue (1940.5173995240) (-27.7425614331)
continue (2035.8958239867) (-27.7582045687)
continue (2135.6151179200) (-27.7752080435)
continue (2240.6367612895) (-27.7931741240)
continue (2350.4435667177) (-27.8121973613)
continue (2466.2164298145) (-27.8326826653)
continue (2587.3565326986) (-27.8535618647)
continue (2714.5277653156) (-27.8748441704)
continue (2847.7092838014) (-27.8968807465)
continue (2987.7605600540) (-27.9193735131)
continue (3133.6553329314) (-27.9423338961)
continue (3288.5852429320) (-27.9657727392)
continue (3449.1558320078) (-27.9901243663)
continue (3619.0110040368) (-28.0148880205)
continue (3796.9457117352) (-28.0402909758)
continue (3982.8101871349) (-28.0660068362)
continue (4178.2071105752) (-28.0921051646)
continue (4383.1985128257) (-28.1185012204)
continue (4600.0351883718) (-28.1454510642)
continue (4826.6259047482) (-28.1731480522)
continue (5062.5942823136) (-28.2010732614)
continue (5310.4135828465) (-28.2292216038)
continue (5573.4982924554) (-28.2576677176)
continue (5845.2018654038) (-28.2863414838)
continue (6132.3483904203) (-28.3157832049)
continue (6435.5012063309) (-28.3455346665)
continue (6750.1257097515) (-28.3756147586)
continue (7080.5514437953) (-28.4066031577)
continue (7426.7886782107) (-28.4379451703)
continue (7795.2692114325) (-28.4692881620)
continue (8180.1343879395) (-28.5011383110)
continue (8580.6682751079) (-28.5332806283)
continue (8995.7252795307) (-28.5659103616)
continue (9442.2025781417) (-28.5989442742)
continue (9905.0757697441) (-28.6322714539)
continue (10391.9143667061) (-28.6659485597)
continue (10902.9309741141) (-28.6994045161)
continue (11438.0189634299) (-28.7328282716)
continue (11999.8284279228) (-28.7664962397)
continue (12588.2990857364) (-28.7999707334)
continue (13206.7676929921) (-28.8347556739)
continue (13855.3591427164) (-28.8693446510)
continue (14536.0818442568) (-28.9041335465)
continue (15251.3300555055) (-28.9393021596)
continue (15998.3667629294) (-28.9742846161)
continue (16785.1716856964) (-29.0098832339)
continue (17609.0235906562) (-29.0456609914)
continue (18476.6214682980) (-29.0817599098)
continue (19380.4119697247) (-29.1187865837)
continue (20336.2412590149) (-29.1560823620)
continue (21331.1556839058) (-29.1938878898)
continue (22378.8548825259) (-29.2324731006)
continue (23480.2105337917) (-29.2717274021)
continue (24635.4952910640) (-29.3120253800)
continue (25844.2135795932) (-29.3530084625)
continue (27112.9714613644) (-29.3948027326)
continue (28441.5409118744) (-29.4380642367)
continue (29838.4731767013) (-29.4821445811)
continue (31304.2587020425) (-29.5272435507)
continue (32838.4493987912) (-29.5736514262)
continue (34452.4374599794) (-29.6206944822)
continue (36147.0436658650) (-29.6689778290)
continue (37922.0545491659) (-29.7185121121)
continue (39793.3175029020) (-29.7690404443)
continue (41743.7916086329) (-29.8224635001)
continue (43789.8592415404) (-29.8771290771)
continue (45953.9571768258) (-29.9333014496)
continue (48189.6864524831) (-29.9913998282)
continue (50569.7542073505) (-30.0503660762)
continue (53042.3149485714) (-30.1115958323)
continue (55666.8888708892) (-30.1743142920)
continue (58377.1281753015) (-30.2387489257)
continue (61241.0598666973) (-30.3065368728)
continue (64264.2433580011) (-30.3765439519)
continue (67401.4031668977) (-30.4496493277)
continue (70750.5412124578) (-30.5257837359)
continue (74207.4080469427) (-30.6034519620)
continue (77819.5534429083) (-30.6848696828)
continue (81654.7464889298) (-30.7687853520)
continue (85725.9615067221) (-30.8548035939)
continue (89868.5375558636) (-30.9461535731)
continue (94314.5281325250) (-31.0401004121)
continue (98943.2107292569) (-31.1376896900)
continue (103800.7712514473) (-31.2398792147)
continue (108899.0165889647) (-31.3442854504)
continue (114251.1247262358) (-31.4544454928)
continue (119856.2371190920) (-31.5683146553)
continue (125744.0279862641) (-31.6850799440)
continue (131933.8310143994) (-31.8102290437)
continue (138406.2835383439) (-31.9381706927)
continue (145198.6887852862) (-32.0717065878)
continue (152334.8329683143) (-32.2126812434)
continue (159815.3228369794) (-32.3567447750)
continue (167666.4159735890) (-32.5103227083)
continue (175886.3097503294) (-32.6683702824)
continue (184541.7113844586) (-32.8285660991)
continue (193598.2517137149) (-33.0029195645)
continue (203090.4771153235) (-33.1812464095)
continue (213112.0137550178) (-33.3673402867)
continue (223568.9329775408) (-33.5651118791)
continue (234560.3528485087) (-33.7604502792)
continue (246022.4003284170) (-33.9531148092)
continue (258149.2835174097) (-34.0996328713)
continue (270807.4207478325) (-34.1529829021)
continue (284149.3516733571) (-34.1529829021)
continue (298091.9106367211) (-34.1529829021)
continue (312720.3057022843) (-34.1529829021)
continue (328029.8671045559) (-34.1529829021)
continue (344134.0524231330) (-34.1529829021)
continue (361040.7966784692) (-34.1529829021)
continue (378747.7019187267) (-34.1529829021)
continue (397412.5472378789) (-34.1763953716)
continue (416865.0369700166) (-34.2541448048)
continue (437478.1424946981) (-34.3985919395)
continue (458845.4032308441) (-34.7629592086)
continue (481387.7289046257) (-36.2089412564)
continue (505136.9017829581) (-36.2443537805)
continue (529806.3783816607) (-36.2797579817)
continue (555989.6100161417) (-36.3151546384)
continue (583397.5485380642) (-36.3505677768)
continue (611999.3088089029) (-36.3859468940)
continue (3672982.5506507708) (-37.4615519483)
continue (3709712.3761572787) (-50.0000000000)
continue (7354000.0000000000) (-50.0000000000)
f(nu) = -25.0832583168 at 1.0000000000 Ryd
