# Puchwein et al 2019
# z = 1.259000
# E [Ryd] log (J_nu)
interpolate (0.0000000100) (-50.0000000000)
continue (0.0007810860) (-50.0000000000)
continue (0.0007889757) (-17.9344202853)
continue (0.0008276721) (-17.9570309266)
continue (0.0008678733) (-17.9808837096)
continue (0.0009112670) (-18.0056828473)
continue (0.0009556071) (-18.0314703556)
continue (0.0010026042) (-18.0577934577)
continue (0.0010517855) (-18.0846001648)
continue (0.0011034960) (-18.1120452962)
continue (0.0011577525) (-18.1400215584)
continue (0.0012145368) (-18.1683221508)
continue (0.0012741429) (-18.1967477886)
continue (0.0013367566) (-18.2252641174)
continue (0.0014023807) (-18.2539888922)
continue (0.0014712092) (-18.2829122751)
continue (0.0015434739) (-18.3119363031)
continue (0.0016194544) (-18.3408447191)
continue (0.0016988571) (-18.3695721250)
continue (0.0017822550) (-18.3980485959)
continue (0.0018700328) (-18.4263163069)
continue (0.0019618234) (-18.4544454928)
continue (0.0020579652) (-18.4821445811)
continue (0.0021594004) (-18.5097605148)
continue (0.0022651429) (-18.5370033880)
continue (0.0023768048) (-18.5638373530)
continue (0.0024932065) (-18.5902358957)
continue (0.0026155768) (-18.6161846340)
continue (0.0027439535) (-18.6414940885)
continue (0.0028792005) (-18.6661498549)
continue (0.0030204407) (-18.6901569953)
continue (0.0031685222) (-18.7135435303)
continue (0.0033245785) (-18.7363639314)
continue (0.0034874358) (-18.7582045687)
continue (0.0036582375) (-18.7793689806)
continue (0.0038385298) (-18.7996968170)
continue (0.0040268094) (-18.8195873672)
continue (0.0042246962) (-18.8383325876)
continue (0.0044322323) (-18.8566728700)
continue (0.0046493213) (-18.8741935419)
continue (0.0048783028) (-18.8917733436)
continue (0.0051194774) (-18.9093892922)
continue (0.0053698702) (-18.9273825235)
continue (0.0056320579) (-18.9453869454)
continue (0.0059096431) (-18.9633711046)
continue (0.0061990950) (-18.9812995013)
continue (0.0065044038) (-18.9995659225)
continue (0.0068259698) (-19.0175930711)
continue (0.0071584208) (-19.0352690789)
continue (0.0075125059) (-19.0524192507)
continue (0.0078829323) (-19.0683387603)
continue (0.0082692103) (-19.0820745779)
continue (0.0086704755) (-19.0933417823)
continue (0.0090944807) (-19.1018784245)
continue (0.0095460609) (-19.1079610797)
continue (0.0100150233) (-19.1118766927)
continue (0.0105069407) (-19.1136220932)
continue (0.0110229463) (-19.1130582940)
continue (0.0115643017) (-19.1101942481)
continue (0.0121324320) (-19.1050197091)
continue (0.0127271923) (-19.0976706941)
continue (0.0133518970) (-19.0880970040)
continue (0.0140087159) (-19.0764969331)
continue (0.0146954841) (-19.0629336880)
continue (0.0154190689) (-19.0476435227)
continue (0.0161744226) (-19.0308637664)
continue (0.0169695898) (-19.0129597130)
continue (0.0178051382) (-18.9943905546)
continue (0.0186773308) (-18.9751040399)
continue (0.0195971392) (-18.9554602396)
continue (0.0205564397) (-18.9359165640)
continue (0.0215684490) (-18.9179330657)
continue (0.0226289290) (-18.9010103606)
continue (0.0237370922) (-18.8843894883)
continue (0.0249048093) (-18.8680607048)
continue (0.0261257732) (-18.8520146793)
continue (0.0274065254) (-18.8356471442)
continue (0.0287556633) (-18.8190144192)
continue (0.0301644148) (-18.8021683067)
continue (0.0316522046) (-18.7851561520)
continue (0.0332094377) (-18.7685304096)
continue (0.0348343643) (-18.7525177393)
continue (0.0365530273) (-18.7370745307)
continue (0.0383368519) (-18.7249191015)
continue (0.0402325373) (-18.7196493070)
continue (0.0422078263) (-18.7194216296)
continue (0.0442792503) (-18.7210178831)
continue (0.0464458191) (-18.7242280998)
continue (0.0487308541) (-18.7295540920)
continue (0.0511373160) (-18.7382614526)
continue (0.0536354897) (-18.7512912644)
continue (0.0562510476) (-18.7659891824)
continue (0.0590198815) (-18.7801536140)
continue (0.0619488083) (-18.7929044596)
continue (0.0649513165) (-18.8046539417)
continue (0.0681575894) (-18.8178707859)
continue (0.0715280197) (-18.8329782042)
continue (0.0750013968) (-18.8495505905)
continue (0.0786931754) (-18.8677403105)
continue (0.0825422981) (-18.8867253075)
continue (0.0866223356) (-18.9072793553)
continue (0.0908541347) (-18.9284861949)
continue (0.0953507346) (-18.9484616095)
continue (0.1000293052) (-18.9689957186)
continue (0.1049484016) (-18.9888526392)
continue (0.1100962874) (-19.0064755968)
continue (0.1155110877) (-19.0246601154)
continue (0.1211791185) (-19.0438796136)
continue (0.1271298787) (-19.0633354870)
continue (0.1333821679) (-19.0825995320)
continue (0.1399365741) (-19.1035840235)
continue (0.1467891383) (-19.1258662212)
continue (0.1540082763) (-19.1498440776)
continue (0.1615721579) (-19.1752885565)
continue (0.1695065050) (-19.2021095169)
continue (0.1778428905) (-19.2301797422)
continue (0.1865820989) (-19.2580609223)
continue (0.1957188511) (-19.2886146209)
continue (0.2053328010) (-19.3229408226)
continue (0.2154295439) (-19.3583276268)
continue (0.2260086733) (-19.3954499674)
continue (0.2371238540) (-19.4287571494)
continue (0.2487761318) (-19.4496493277)
continue (0.2609584682) (-19.4659738939)
continue (0.2738182004) (-19.4838614233)
continue (0.2872846692) (-19.5007254181)
continue (0.3013448978) (-19.5185573715)
continue (0.3161925645) (-19.5368538633)
continue (0.3317316967) (-19.5550188879)
continue (0.3479446242) (-19.5738141748)
continue (0.3650909338) (-19.5934598196)
continue (0.3830462256) (-19.6143937264)
continue (0.4017931970) (-19.6386499756)
continue (0.4214925859) (-19.6665527255)
continue (0.4421479723) (-19.6970200633)
continue (0.4639852194) (-19.7300203234)
continue (0.4867879118) (-19.7670038896)
continue (0.5105137091) (-19.8077113874)
continue (0.5357242627) (-19.8526328922)
continue (0.5621634613) (-19.9010103606)
continue (0.5898168096) (-19.9492336888)
continue (0.6186469591) (-20.0034007773)
continue (0.6490505490) (-20.0696113818)
continue (0.6810664954) (-20.1435127871)
continue (0.7141590680) (-20.2280452510)
continue (0.7493222477) (-20.3082997917)
continue (0.7494721272) (-20.4650858956)
continue (0.7862527790) (-20.5728385971)
continue (0.8246759917) (-20.7128703793)
continue (0.8288690942) (-20.7331922925)
continue (0.8329222993) (-20.7509313386)
continue (0.8369692137) (-20.7685941312)
continue (0.8410245965) (-20.7861768833)
continue (0.8450724461) (-20.8036856146)
continue (0.8491277985) (-20.8209626583)
continue (0.8531743306) (-20.8381889440)
continue (0.8572273582) (-20.8554257924)
continue (0.8612783740) (-20.8730151353)
continue (0.8654007320) (-20.8910968723)
continue (0.8695793374) (-20.9139036738)
continue (0.8738320076) (-20.9355757073)
continue (0.8780757090) (-20.9560250327)
continue (0.8823266565) (-20.9764389099)
continue (0.8865758338) (-20.9968411660)
continue (0.8880856269) (-21.0057268510)
continue (0.8882632618) (-20.9978339382)
continue (0.8908313008) (-21.0095776692)
continue (0.8950838547) (-21.0301844597)
continue (0.8993328242) (-21.0502724484)
continue (0.9035775261) (-21.0703307884)
continue (0.9076364251) (-21.0903370148)
continue (0.9122887342) (-21.1166156934)
continue (0.9167472861) (-21.1407505904)
continue (0.9212067921) (-21.1634189289)
continue (0.9256657008) (-21.1865084146)
continue (0.9301243111) (-21.2100605790)
continue (0.9345829462) (-21.2341072790)
continue (0.9369417514) (-21.2476441958)
continue (0.9371291585) (-21.2435160356)
continue (0.9390419537) (-21.2534257347)
continue (0.9435007297) (-21.2759257554)
continue (0.9479596448) (-21.2988345498)
continue (0.9524111317) (-21.3222106089)
continue (0.9531313595) (-21.3288697554)
continue (0.9538446901) (-21.3329348163)
continue (0.9545580893) (-21.3369307209)
continue (0.9552715550) (-21.3408599510)
continue (0.9559850851) (-21.3447222674)
continue (0.9566986776) (-21.3485174892)
continue (0.9574113244) (-21.3522464727)
continue (0.9581250337) (-21.3559111535)
continue (0.9588387990) (-21.3595096188)
continue (0.9594354567) (-21.3630108982)
continue (0.9596273630) (-21.3604139133)
continue (0.9607716931) (-21.3662781116)
continue (0.9619918385) (-21.3719545539)
continue (0.9632120325) (-21.3774513158)
continue (0.9644322638) (-21.3827689357)
continue (0.9656525208) (-21.3879126319)
continue (0.9668727920) (-21.3928839660)
continue (0.9680930657) (-21.3976860207)
continue (0.9693133303) (-21.4023234584)
continue (0.9705335740) (-21.4067981411)
continue (0.9716099949) (-21.4111682744)
continue (0.9718043363) (-21.4092695942)
continue (0.9724931975) (-21.4117876975)
continue (0.9732326966) (-21.4142607345)
continue (0.9739722802) (-21.4166787791)
continue (0.9747119461) (-21.4190419690)
continue (0.9754506480) (-21.4213516230)
continue (0.9761904704) (-21.4236079659)
continue (0.9769303686) (-21.4258124144)
continue (0.9776692914) (-21.4279641151)
continue (0.9784093329) (-21.4300657322)
continue (0.9790220836) (-21.4321505494)
continue (0.9792179076) (-21.4307431667)
continue (0.9796262717) (-21.4320154775)
continue (0.9801046187) (-21.4332915266)
continue (0.9805823779) (-21.4345465298)
continue (0.9810606032) (-21.4357826623)
continue (0.9815392951) (-21.4369985645)
continue (0.9820173961) (-21.4381952474)
continue (0.9824949039) (-21.4393725422)
continue (0.9829728762) (-21.4405302819)
continue (0.9834513138) (-21.4416695022)
continue (0.9837787230) (-21.4427334711)
continue (0.9839754984) (-21.4416514912)
continue (0.9842532892) (-21.4424326507)
continue (0.9845776371) (-21.4431718386)
continue (0.9849011343) (-21.4439026312)
continue (0.9852259094) (-21.4446249838)
continue (0.9855498328) (-21.4453400632)
continue (0.9858739693) (-21.4460454056)
continue (0.9861983191) (-21.4467446061)
continue (0.9865228824) (-21.4474339828)
continue (0.9868465907) (-21.4481159245)
continue (0.9870824973) (-21.4487940563)
continue (0.9872799335) (-21.4479404658)
continue (0.9874069046) (-21.4483682707)
continue (0.9876423407) (-21.4488489874)
continue (0.9878789599) (-21.4493253482)
continue (0.9881146211) (-21.4497973384)
continue (0.9883503948) (-21.4502661677)
continue (0.9885862810) (-21.4507305995)
continue (0.9888222799) (-21.4511906189)
continue (0.9890583914) (-21.4516474401)
continue (0.9892935417) (-21.4520998225)
continue (0.9894406051) (-21.4525945403)
continue (0.9896385130) (-21.4517334548)
continue (0.9991962399) (-21.4669909775)
continue (1.0439534549) (-21.5032086843)
continue (1.0951411739) (-21.5401553576)
continue (1.1489937849) (-21.5757719293)
continue (1.2053795910) (-21.6113660306)
continue (1.2645947416) (-21.6474316138)
continue (1.3266370226) (-21.6827726508)
continue (1.3918847882) (-21.7173778871)
continue (1.4601297401) (-21.7517814388)
continue (1.5320561043) (-21.7870138153)
continue (1.6071727880) (-21.8221750281)
continue (1.6862823294) (-21.8548035939)
continue (1.7691069129) (-21.8860566477)
continue (1.8559408774) (-21.9161391991)
continue (1.9471516470) (-21.9461535731)
continue (2.0427414724) (-21.9775716288)
continue (2.1431490377) (-22.0086409974)
continue (2.2483764392) (-22.0412450501)
continue (2.3583513737) (-22.0754106143)
continue (2.4742518893) (-22.1119328866)
continue (2.5962021961) (-22.1507649087)
continue (2.7234517956) (-22.1925326243)
continue (2.8575320502) (-22.2283390407)
continue (2.9972889909) (-22.2642414626)
continue (2.9978885086) (-22.3739677522)
continue (3.1444684983) (-22.4285240963)
continue (3.2993011253) (-22.4882502887)
continue (3.3154824080) (-22.4933123588)
continue (3.3316770164) (-22.4995384751)
continue (3.3478830047) (-22.5059428548)
continue (3.3640859670) (-22.5124586391)
continue (3.3802960540) (-22.5190966326)
continue (3.3964985345) (-22.5258872211)
continue (3.4127037129) (-22.5328982498)
continue (3.4289094326) (-22.5400800443)
continue (3.4451134960) (-22.5473090874)
continue (3.4609455785) (-22.5545514857)
continue (3.4783173495) (-22.5576017668)
continue (3.4953146235) (-22.5646127752)
continue (3.5123163736) (-22.5719089617)
continue (3.5293202949) (-22.5793908246)
continue (3.5463240368) (-22.5871062143)
continue (3.5537279767) (-22.5905741313)
continue (3.5544387934) (-22.5670307091)
continue (3.5633252031) (-22.5711770382)
continue (3.5803213519) (-22.5789079868)
continue (3.5973241965) (-22.5867991791)
continue (3.6143172719) (-22.5948090778)
continue (3.6319927095) (-22.6029294500)
continue (3.6491549368) (-22.6063107546)
continue (3.6669965225) (-22.6134332648)
continue (3.6848197184) (-22.6208214345)
continue (3.7026665643) (-22.6284076051)
continue (3.7204896494) (-22.6361925376)
continue (3.7383317846) (-22.6441214835)
continue (3.7481524197) (-22.6485902481)
continue (3.7489021252) (-22.6358243672)
continue (3.7561600736) (-22.6393876551)
continue (3.7740029190) (-22.6472792903)
continue (3.7918425237) (-22.6552364748)
continue (3.8096445268) (-22.6631401791)
continue (3.8125294258) (-22.6613005288)
continue (3.8153867477) (-22.6623291341)
continue (3.8182323571) (-22.6633721847)
continue (3.8210822144) (-22.6644257681)
continue (3.8239363290) (-22.6654899551)
continue (3.8267947105) (-22.6665668327)
continue (3.8296412741) (-22.6676564893)
continue (3.8324920757) (-22.6687549632)
continue (3.8353471248) (-22.6698663760)
continue (3.8381459698) (-22.6710091446)
continue (3.8389136758) (-22.6629402737)
continue (3.8430948760) (-22.6647788694)
continue (3.8479632917) (-22.6667038984)
continue (3.8528440576) (-22.6686557234)
continue (3.8577372208) (-22.6706346685)
continue (3.8626100831) (-22.6726369782)
continue (3.8674952713) (-22.6746670415)
continue (3.8723763766) (-22.6767190166)
continue (3.8772533211) (-22.6787931702)
continue (3.8821260270) (-22.6808897748)
continue (3.8872689984) (-22.6829818990)
continue (3.8880465300) (-22.6773672883)
continue (3.8899644875) (-22.6785693552)
continue (3.8929224712) (-22.6798495580)
continue (3.8958849568) (-22.6811356298)
continue (3.8988519547) (-22.6824297020)
continue (3.9018067686) (-22.6837297383)
continue (3.9047660647) (-22.6850357807)
continue (3.9077130959) (-22.6863478719)
continue (3.9106813613) (-22.6876639392)
continue (3.9136373315) (-22.6889882510)
continue (3.9156676117) (-22.6903698326)
continue (3.9164508235) (-22.6861327796)
continue (3.9185008743) (-22.6869071885)
continue (3.9204226914) (-22.6877612710)
continue (3.9223295118) (-22.6886170365)
continue (3.9242381880) (-22.6894766160)
continue (3.9261487226) (-22.6903357716)
continue (3.9280611185) (-22.6911987631)
continue (3.9299753783) (-22.6920634729)
continue (3.9318915048) (-22.6929299079)
continue (3.9338095006) (-22.6937980748)
continue (3.9359648088) (-22.6946486306)
continue (3.9367520805) (-22.6914355864)
continue (3.9370216616) (-22.6919352591)
continue (3.9383148035) (-22.6925210775)
continue (3.9396087952) (-22.6931098295)
continue (3.9409036375) (-22.6936972355)
continue (3.9421993313) (-22.6942854371)
continue (3.9434958773) (-22.6948765875)
continue (3.9447932764) (-22.6954663896)
continue (3.9460915295) (-22.6960569938)
continue (3.9473906374) (-22.6966505622)
continue (3.9479023104) (-22.6972362915)
continue (3.9486919698) (-22.6946486306)
continue (3.9496318982) (-22.6949992176)
continue (3.9505736443) (-22.6954276189)
continue (3.9515158397) (-22.6958585992)
continue (3.9524584845) (-22.6962878494)
continue (3.9534015792) (-22.6967175244)
continue (3.9543451241) (-22.6971476249)
continue (3.9552891195) (-22.6975781518)
continue (3.9562335657) (-22.6980091059)
continue (3.9571784630) (-22.6984404880)
continue (3.9581922382) (-22.6989700043)
continue (3.9589839558) (-22.6965879294)
continue (3.9963853212) (-22.7144426910)
continue (3.9971846782) (-22.7144426910)
continue (4.1935893733) (-22.8130436645)
continue (4.3980066159) (-22.8560488836)
continue (4.6140099788) (-22.8804142250)
continue (4.8420136600) (-22.9003193589)
continue (5.0795260358) (-22.9193735131)
continue (5.3290466130) (-22.9385475209)
continue (5.5905949130) (-22.9582126810)
continue (5.8640088212) (-22.9788107009)
continue (6.1530517948) (-22.9991322785)
continue (6.4537320879) (-23.0200875897)
continue (6.7752191139) (-23.0411972966)
continue (7.1026264288) (-23.0624821080)
continue (7.4571765206) (-23.0838620169)
continue (7.8220340843) (-23.1054070521)
continue (8.2022229596) (-23.1270865584)
continue (8.6049761172) (-23.1488640050)
continue (9.0313872232) (-23.1708249261)
continue (9.4736144175) (-23.1930064863)
continue (9.9396484600) (-23.2155253562)
continue (10.4275886350) (-23.2383728154)
continue (10.9395794816) (-23.2616952069)
continue (11.4769139901) (-23.2855025914)
continue (12.0410540541) (-23.3098039200)
continue (12.6319236321) (-23.3346066497)
continue (13.2528646134) (-23.3601152581)
continue (13.9039818556) (-23.3860525232)
continue (14.5849387135) (-23.4126258279)
continue (15.3025519868) (-23.4397346021)
continue (16.0547387388) (-23.4675004139)
continue (16.8410085163) (-23.4956650882)
continue (17.6704861512) (-23.5244740850)
continue (18.5367569328) (-23.5537735982)
continue (19.4465849513) (-23.5835259209)
continue (20.4045448011) (-23.6138578911)
continue (21.4063183185) (-23.6445484799)
continue (22.4560613804) (-23.6755117667)
continue (23.5591254089) (-23.7070797004)
continue (24.7156759104) (-23.7389751660)
continue (25.9324692890) (-23.7713430419)
continue (27.2019991288) (-23.8038238150)
continue (28.5395230447) (-23.8368386250)
continue (29.9463348937) (-23.8699880503)
continue (31.4121672119) (-23.9034375616)
continue (32.9572141344) (-23.9370421659)
continue (34.5700671782) (-23.9710222948)
continue (36.2765513860) (-24.0048476231)
continue (38.0487252951) (-24.0390538043)
continue (39.9153294269) (-24.0734003461)
continue (41.8780777030) (-24.1079053973)
continue (43.9376552949) (-24.1424865852)
continue (46.0934229042) (-24.1771130522)
continue (48.3687351813) (-24.2119023666)
continue (50.7386954798) (-24.2467234298)
continue (53.2282109122) (-24.2811662817)
continue (55.8374369373) (-24.3148855310)
continue (58.6023775445) (-24.3472703039)
continue (61.4475368049) (-24.3784083241)
continue (64.4916469085) (-24.4083789618)
continue (67.6515939730) (-24.4322680375)
continue (70.9709478829) (-24.4497716469)
continue (74.4499159164) (-24.4631891340)
continue (78.0862871308) (-24.4718549217)
continue (81.9484685986) (-24.4787311244)
continue (85.9685821525) (-24.4858508655)
continue (90.2244525561) (-24.4934949676)
continue (94.6279305105) (-24.5012760293)
continue (99.2773690834) (-24.5091990480)
continue (104.1567002876) (-24.5172692999)
continue (109.2777276432) (-24.5254923609)
continue (114.6391962280) (-24.5337256782)
continue (120.2675162751) (-24.5419668075)
continue (126.1793091687) (-24.5505216008)
continue (132.3746325997) (-24.5590909179)
continue (138.8703094813) (-24.5676722077)
continue (145.6861663975) (-24.5757719293)
continue (152.8458522000) (-24.5838589688)
continue (160.3496341398) (-24.5917600347)
continue (168.2235500861) (-24.5998075114)
continue (176.4995101330) (-24.6074789101)
continue (185.1792259330) (-24.6147513176)
continue (194.2585740389) (-24.6217838503)
continue (203.8172603034) (-24.6287473709)
continue (213.8120532183) (-24.6354490046)
continue (224.3394807525) (-24.6420651530)
continue (235.3478746943) (-24.6485902481)
continue (246.8889110855) (-24.6550185861)
continue (259.0298382082) (-24.6615435064)
continue (271.6955786573) (-24.6681679556)
continue (285.0381516473) (-24.6748950170)
continue (299.0702234383) (-24.6819366650)
continue (313.7971662591) (-24.6893066877)
continue (329.2149461042) (-24.6968039426)
continue (345.3076812491) (-24.7046528517)
continue (362.3327915771) (-24.7130946470)
continue (380.1697834028) (-24.7221616670)
continue (398.8039259591) (-24.7318902702)
continue (418.3962216788) (-24.7425614331)
continue (438.9532614723) (-24.7537476877)
continue (460.4684036465) (-24.7654827165)
continue (483.1744277924) (-24.7775436633)
continue (506.8225644140) (-24.7888794587)
continue (531.6610098112) (-24.7980569366)
continue (557.6909246123) (-24.8046539417)
continue (585.2710152964) (-24.8096683018)
continue (614.0613010893) (-24.8144578451)
continue (644.0049263721) (-24.8193007987)
continue (675.5129509388) (-24.8236193078)
continue (709.1571757327) (-24.8282735463)
continue (743.8914047481) (-24.8326826653)
continue (780.1943243292) (-24.8374355935)
continue (818.7484014523) (-24.8419392061)
continue (858.8755615612) (-24.8464900107)
continue (901.3520977413) (-24.8510890069)
continue (945.2976875689) (-24.8557372262)
continue (991.6932972211) (-24.8604357338)
continue (1040.3778637019) (-24.8651856297)
continue (1091.4684043795) (-24.8706324043)
continue (1145.0954647103) (-24.8764750191)
continue (1201.4066853216) (-24.8830603534)
continue (1260.3969167586) (-24.8904214531)
continue (1322.2097661295) (-24.8992849134)
continue (1387.2232772362) (-24.9086848403)
continue (1455.2331057433) (-24.9197343727)
continue (1526.6660593340) (-24.9318141383)
continue (1601.8051868807) (-24.9453869454)
continue (1680.3742777364) (-24.9601894459)
continue (1762.9463548393) (-24.9763360818)
continue (1849.5371845270) (-24.9935339578)
continue (1940.5173995240) (-25.0119764381)
continue (2035.8958239867) (-25.0311902861)
continue (2135.6151179200) (-25.0512936911)
continue (2240.6367612895) (-25.0721678671)
continue (2350.4435667177) (-25.0938266364)
continue (2466.2164298145) (-25.1161682867)
continue (2587.3565326986) (-25.1390035632)
continue (2714.5277653156) (-25.1623484422)
continue (2847.7092838014) (-25.1862189218)
continue (2987.7605600540) (-25.2105603154)
continue (3133.6553329314) (-25.2353756021)
continue (3288.5852429320) (-25.2607441967)
continue (3449.1558320078) (-25.2865934678)
continue (3619.0110040368) (-25.3130064337)
continue (3796.9457117352) (-25.3397987986)
continue (3982.8101871349) (-25.3669357273)
continue (4178.2071105752) (-25.3944794766)
continue (4383.1985128257) (-25.4223933226)
continue (4600.0351883718) (-25.4508740732)
continue (4826.6259047482) (-25.4796474959)
continue (5062.5942823136) (-25.5087784238)
continue (5310.4135828465) (-25.5383514319)
continue (5573.4982924554) (-25.5681539543)
continue (5845.2018654038) (-25.5984271543)
continue (6132.3483904203) (-25.6291169832)
continue (6435.5012063309) (-25.6603498424)
continue (6750.1257097515) (-25.6916490514)
continue (7080.5514437953) (-25.7237680421)
continue (7426.7886782107) (-25.7559704110)
continue (7795.2692114325) (-25.7883455994)
continue (8180.1343879395) (-25.8213107602)
continue (8580.6682751079) (-25.8544928286)
continue (8995.7252795307) (-25.8877302316)
continue (9442.2025781417) (-25.9215431819)
continue (9905.0757697441) (-25.9554602396)
continue (10391.9143667061) (-25.9892761346)
continue (10902.9309741141) (-26.0236041634)
continue (11438.0189634299) (-26.0580415835)
continue (11999.8284279228) (-26.0926961512)
continue (12588.2990857364) (-26.1276688788)
continue (13206.7676929921) (-26.1631064836)
continue (13855.3591427164) (-26.1988021655)
continue (14536.0818442568) (-26.2347786337)
continue (15251.3300555055) (-26.2711594317)
continue (15998.3667629294) (-26.3078583906)
continue (16785.1716856964) (-26.3451499094)
continue (17609.0235906562) (-26.3828947695)
continue (18476.6214682980) (-26.4212462156)
continue (19380.4119697247) (-26.4604221167)
continue (20336.2412590149) (-26.5001755042)
continue (21331.1556839058) (-26.5407583351)
continue (22378.8548825259) (-26.5820303578)
continue (23480.2105337917) (-26.6243363860)
continue (24635.4952910640) (-26.6677635845)
continue (25844.2135795932) (-26.7119744646)
continue (27112.9714613644) (-26.7572101905)
continue (28441.5409118744) (-26.8038238150)
continue (29838.4731767013) (-26.8513973452)
continue (31304.2587020425) (-26.8999742699)
continue (32838.4493987912) (-26.9500071431)
continue (34452.4374599794) (-27.0013048417)
continue (36147.0436658650) (-27.0539901152)
continue (37922.0545491659) (-27.1080724658)
continue (39793.3175029020) (-27.1631697135)
continue (41743.7916086329) (-27.2201871368)
continue (43789.8592415404) (-27.2802545075)
continue (45953.9571768258) (-27.3416069737)
continue (48189.6864524831) (-27.4042833801)
continue (50569.7542073505) (-27.4687766255)
continue (53042.3149485714) (-27.5355104526)
continue (55666.8888708892) (-27.6043242147)
continue (58377.1281753015) (-27.6753060861)
continue (61241.0598666973) (-27.7490923003)
continue (64264.2433580011) (-27.8253588073)
continue (67401.4031668977) (-27.9048306486)
continue (70750.5412124578) (-27.9867413347)
continue (74207.4080469427) (-28.0710923098)
continue (77819.5534429083) (-28.1588283055)
continue (81654.7464889298) (-28.2493373539)
continue (85725.9615067221) (-28.3430398173)
continue (89868.5375558636) (-28.4408118110)
continue (94314.5281325250) (-28.5416643740)
continue (98943.2107292569) (-28.6462760624)
continue (103800.7712514473) (-28.7547341605)
continue (108899.0165889647) (-28.8667805433)
continue (114251.1247262358) (-28.9833844524)
continue (119856.2371190920) (-29.1034186725)
continue (125744.0279862641) (-29.2270918050)
continue (131933.8310143994) (-29.3555614105)
continue (138406.2835383439) (-29.4861168144)
continue (145198.6887852862) (-29.6190655367)
continue (152334.8329683143) (-29.7535014192)
continue (159815.3228369794) (-29.8843894883)
continue (167666.4159735890) (-30.0117978997)
continue (175886.3097503294) (-30.1266212636)
continue (184541.7113844586) (-30.2246808782)
continue (193598.2517137149) (-30.3048687023)
continue (203090.4771153235) (-30.3621101834)
continue (213112.0137550178) (-30.4032929703)
continue (223568.9329775408) (-30.4386600585)
continue (234560.3528485087) (-30.4740486588)
continue (246022.4003284170) (-30.5094796906)
continue (258149.2835174097) (-30.5448504788)
continue (270807.4207478325) (-30.5802094139)
continue (284149.3516733571) (-30.6156465859)
continue (298091.9106367211) (-30.6511112769)
continue (312720.3057022843) (-30.6863436534)
continue (328029.8671045559) (-30.7219326691)
continue (344134.0524231330) (-30.7572101905)
continue (361040.7966784692) (-30.7926349625)
continue (378747.7019187267) (-30.8279811906)
continue (397412.5472378789) (-30.8635965519)
continue (416865.0369700166) (-30.8989406451)
continue (437478.1424946981) (-30.9344202853)
continue (458845.4032308441) (-30.9698052146)
continue (481387.7289046257) (-31.0050233264)
continue (505136.9017829581) (-31.0404339534)
continue (529806.3783816607) (-31.0758241297)
continue (555989.6100161417) (-31.1112590393)
continue (583397.5485380642) (-31.1466060225)
continue (611999.3088089029) (-31.1820381955)
continue (3672982.5506507708) (-32.2576677176)
continue (3709712.3761572787) (-50.0000000000)
continue (7354000.0000000000) (-50.0000000000)
f(nu) = -20.3684315192 at 1.0000000000 Ryd
