# Puchwein et al 2019
# z = 11.690000
# E [Ryd] log (J_nu)
interpolate (0.0000000100) (-50.0000000000)
continue (0.0007810860) (-50.0000000000)
continue (0.0007889757) (-18.3290123970)
continue (0.0008276721) (-18.3486250561)
continue (0.0008678733) (-18.3699791489)
continue (0.0009112670) (-18.3937261468)
continue (0.0009556071) (-18.4193030603)
continue (0.0010026042) (-18.4456319990)
continue (0.0010517855) (-18.4730149314)
continue (0.0011034960) (-18.5015515968)
continue (0.0011577525) (-18.5315049755)
continue (0.0012145368) (-18.5622494372)
continue (0.0012741429) (-18.5934598196)
continue (0.0013367566) (-18.6252516540)
continue (0.0014023807) (-18.6575773192)
continue (0.0014712092) (-18.6910089710)
continue (0.0015434739) (-18.7253803809)
continue (0.0016194544) (-18.7602001816)
continue (0.0016988571) (-18.7947956361)
continue (0.0017822550) (-18.8297382846)
continue (0.0018700328) (-18.8648673486)
continue (0.0019618234) (-18.9003193589)
continue (0.0020579652) (-18.9362914406)
continue (0.0021594004) (-18.9730583720)
continue (0.0022651429) (-19.0103277524)
continue (0.0023768048) (-19.0482740246)
continue (0.0024932065) (-19.0862920860)
continue (0.0026155768) (-19.1243022380)
continue (0.0027439535) (-19.1622853317)
continue (0.0028792005) (-19.2003149091)
continue (0.0030204407) (-19.2382976325)
continue (0.0031685222) (-19.2763801645)
continue (0.0033245785) (-19.3143478159)
continue (0.0034874358) (-19.3524214458)
continue (0.0036582375) (-19.3905123101)
continue (0.0038385298) (-19.4286406072)
continue (0.0040268094) (-19.4668637117)
continue (0.0042246962) (-19.5052889748)
continue (0.0044322323) (-19.5437858446)
continue (0.0046493213) (-19.5825283068)
continue (0.0048783028) (-19.6210573014)
continue (0.0051194774) (-19.6597542384)
continue (0.0053698702) (-19.6983190507)
continue (0.0056320579) (-19.7370745307)
continue (0.0059096431) (-19.7757259857)
continue (0.0061990950) (-19.8144578451)
continue (0.0065044038) (-19.8529423290)
continue (0.0068259698) (-19.8917733436)
continue (0.0071584208) (-19.9303319031)
continue (0.0075125059) (-19.9689957186)
continue (0.0078829323) (-20.0070049016)
continue (0.0082692103) (-20.0447934625)
continue (0.0086704755) (-20.0818647738)
continue (0.0090944807) (-20.1178171124)
continue (0.0095460609) (-20.1526124490)
continue (0.0100150233) (-20.1864857285)
continue (0.0105069407) (-20.2191788241)
continue (0.0110229463) (-20.2505729009)
continue (0.0115643017) (-20.2805029834)
continue (0.0121324320) (-20.3088300659)
continue (0.0127271923) (-20.3353580244)
continue (0.0133518970) (-20.3601152581)
continue (0.0140087159) (-20.3829996589)
continue (0.0146954841) (-20.4038429191)
continue (0.0154190689) (-20.4214753947)
continue (0.0161744226) (-20.4335625078)
continue (0.0169695898) (-20.4388986164)
continue (0.0178051382) (-20.4372314570)
continue (0.0186773308) (-20.4277093938)
continue (0.0195971392) (-20.4099387692)
continue (0.0205564397) (-20.3874280459)
continue (0.0215684490) (-20.3665315444)
continue (0.0226289290) (-20.3478503946)
continue (0.0237370922) (-20.3287345671)
continue (0.0249048093) (-20.3090069679)
continue (0.0261257732) (-20.2888679277)
continue (0.0274065254) (-20.2684112348)
continue (0.0287556633) (-20.2501864147)
continue (0.0301644148) (-20.2326214759)
continue (0.0316522046) (-20.2123978538)
continue (0.0332094377) (-20.1905076231)
continue (0.0348343643) (-20.1650073963)
continue (0.0365530273) (-20.1343631123)
continue (0.0383368519) (-20.1011103441)
continue (0.0402325373) (-20.0740178997)
continue (0.0422078263) (-20.0542360769)
continue (0.0442792503) (-20.0361177711)
continue (0.0464458191) (-20.0201785700)
continue (0.0487308541) (-20.0048476231)
continue (0.0511373160) (-19.9909742579)
continue (0.0536354897) (-19.9817156916)
continue (0.0562510476) (-19.9767475404)
continue (0.0590198815) (-19.9710222948)
continue (0.0619488083) (-19.9609826780)
continue (0.0649513165) (-19.9507819773)
continue (0.0681575894) (-19.9430951487)
continue (0.0715280197) (-19.9362914406)
continue (0.0750013968) (-19.9295926783)
continue (0.0786931754) (-19.9229956732)
continue (0.0825422981) (-19.9179330657)
continue (0.0866223356) (-19.9125735430)
continue (0.0908541347) (-19.9041335465)
continue (0.0953507346) (-19.8914349763)
continue (0.1000293052) (-19.8797552045)
continue (0.1049484016) (-19.8677403105)
continue (0.1100962874) (-19.8507808873)
continue (0.1155110877) (-19.8383325876)
continue (0.1211791185) (-19.8309136425)
continue (0.1271298787) (-19.8218867477)
continue (0.1333821679) (-19.8113527040)
continue (0.1399365741) (-19.8005190851)
continue (0.1467891383) (-19.7886124471)
continue (0.1540082763) (-19.7749493039)
continue (0.1615721579) (-19.7604502792)
continue (0.1695065050) (-19.7461775613)
continue (0.1778428905) (-19.7337683033)
continue (0.1865820989) (-19.7251496800)
continue (0.1957188511) (-19.7194216296)
continue (0.2053328010) (-19.7173778871)
continue (0.2154295439) (-19.7207894874)
continue (0.2260086733) (-19.7309542903)
continue (0.2371238540) (-19.7423214251)
continue (0.2487761318) (-19.7325935812)
continue (0.2609584682) (-19.7171513972)
continue (0.2738182004) (-19.7148929704)
continue (0.2872846692) (-19.7117507744)
continue (0.3013448978) (-19.7059749059)
continue (0.3161925645) (-19.6983190507)
continue (0.3317316967) (-19.6890943706)
continue (0.3479446242) (-19.6792307717)
continue (0.3650909338) (-19.6673595896)
continue (0.3830462256) (-19.6544302439)
continue (0.4017931970) (-19.6422556748)
continue (0.4214925859) (-19.6315271616)
continue (0.4421479723) (-19.6216020991)
continue (0.4639852194) (-19.6110112149)
continue (0.4867879118) (-19.6006724678)
continue (0.5105137091) (-19.5920994599)
continue (0.5357242627) (-19.5841922724)
continue (0.5621634613) (-19.4907974777)
continue (0.5898168096) (-19.4655931009)
continue (0.6186469591) (-19.4388986164)
continue (0.6490505490) (-19.4137503611)
continue (0.6810664954) (-19.3981572102)
continue (0.7141590680) (-19.3990271043)
continue (0.7493222477) (-19.3959900676)
continue (0.7494721272) (-19.7126462273)
continue (0.7862527790) (-19.7838340977)
continue (0.8246759917) (-19.9566377220)
continue (0.8288690942) (-19.9833635533)
continue (0.8329222993) (-20.0121144092)
continue (0.8369692137) (-20.0430568723)
continue (0.8410245965) (-20.0765445863)
continue (0.8450724461) (-20.1130250527)
continue (0.8491277985) (-20.1525562912)
continue (0.8531743306) (-20.1962527688)
continue (0.8572273582) (-20.2457158957)
continue (0.8612783740) (-20.3025500777)
continue (0.8654007320) (-20.3691654822)
continue (0.8695793374) (-20.4561404670)
continue (0.8738320076) (-20.5656898337)
continue (0.8780757090) (-20.7134918851)
continue (0.8823266565) (-20.9409252963)
continue (0.8865758338) (-21.4526856692)
continue (0.8880856269) (-inf)
continue (0.8882632618) (-20.1305922506)
continue (0.8908313008) (-20.1524217888)
continue (0.8950838547) (-20.1936727980)
continue (0.8993328242) (-20.2391419326)
continue (0.9035775261) (-20.2901341413)
continue (0.9076364251) (-20.3481407308)
continue (0.9122887342) (-20.4205102230)
continue (0.9167472861) (-20.5071265136)
continue (0.9212067921) (-20.6151700734)
continue (0.9256657008) (-20.7590166742)
continue (0.9301243111) (-20.9751737623)
continue (0.9345829462) (-21.4240412739)
continue (0.9369417514) (-inf)
continue (0.9371291585) (-20.5845258319)
continue (0.9390419537) (-20.6251783615)
continue (0.9435007297) (-20.7324786293)
continue (0.9479596448) (-20.8746065780)
continue (0.9524111317) (-21.0862391136)
continue (0.9531313595) (-21.1409085586)
continue (0.9538446901) (-21.2009207952)
continue (0.9545580893) (-21.2676971298)
continue (0.9552715550) (-21.3433528057)
continue (0.9559850851) (-21.4311684190)
continue (0.9566986776) (-21.5366371439)
continue (0.9574113244) (-21.6700593376)
continue (0.9581250337) (-21.8545611779)
continue (0.9588387990) (-22.1639260238)
continue (0.9594354567) (-inf)
continue (0.9596273630) (-21.0922125569)
continue (0.9607716931) (-21.1538943258)
continue (0.9619918385) (-21.2207593142)
continue (0.9632120325) (-21.2942482954)
continue (0.9644322638) (-21.3764778103)
continue (0.9656525208) (-21.4707262458)
continue (0.9668727920) (-21.5824901105)
continue (0.9680930657) (-21.7220677633)
continue (0.9693133303) (-21.9125841963)
continue (0.9705335740) (-22.2278272407)
continue (0.9716099949) (-inf)
continue (0.9718043363) (-21.5534628329)
continue (0.9724931975) (-21.6083469588)
continue (0.9732326966) (-21.6685139916)
continue (0.9739722802) (-21.7354442489)
continue (0.9747119461) (-21.8112514554)
continue (0.9754506480) (-21.8992160379)
continue (0.9761904704) (-22.0048296175)
continue (0.9769303686) (-22.1383962987)
continue (0.9776692914) (-22.3230385818)
continue (0.9784093329) (-22.6325434387)
continue (0.9790220836) (-inf)
continue (0.9792179076) (-21.8917733436)
continue (0.9796262717) (-21.9431903991)
continue (0.9801046187) (-21.9999913142)
continue (0.9805823779) (-22.0635988670)
continue (0.9810606032) (-22.1361301545)
continue (0.9815392951) (-22.2208640184)
continue (0.9820173961) (-22.3232954189)
continue (0.9824949039) (-22.4537226827)
continue (0.9829728762) (-22.6352708210)
continue (0.9834513138) (-22.9417258533)
continue (0.9837787230) (-inf)
continue (0.9839754984) (-22.1575779966)
continue (0.9842532892) (-22.2071021622)
continue (0.9845776371) (-22.2620126737)
continue (0.9849011343) (-22.3237491392)
continue (0.9852259094) (-22.3944245470)
continue (0.9855498328) (-22.4773210761)
continue (0.9858739693) (-22.5779307720)
continue (0.9861983191) (-22.7065556774)
continue (0.9865228824) (-22.8863173026)
continue (0.9868465907) (-23.1910042242)
continue (0.9870824973) (-inf)
continue (0.9872799335) (-22.3630108982)
continue (0.9874069046) (-22.4115176414)
continue (0.9876423407) (-22.4653749300)
continue (0.9878789599) (-22.5260636400)
continue (0.9881146211) (-22.5957000754)
continue (0.9883503948) (-22.6775615453)
continue (0.9885862810) (-22.7771457207)
continue (0.9888222799) (-22.9047504249)
continue (0.9890583914) (-23.0835002555)
continue (0.9892935417) (-23.3871811893)
continue (0.9894406051) (-inf)
continue (0.9896385130) (-21.8968807465)
continue (0.9991962399) (-26.0515381299)
continue (1.0439534549) (-26.2002460336)
continue (1.0951411739) (-26.2249723999)
continue (1.1489937849) (-26.1462409669)
continue (1.2053795910) (-26.2100669191)
continue (1.2645947416) (-26.0531058049)
continue (1.3266370226) (-26.0351277914)
continue (1.3918847882) (-25.9974020193)
continue (1.4601297401) (-25.8594919570)
continue (1.5320561043) (-25.9523358054)
continue (1.6071727880) (-25.8972233851)
continue (1.6862823294) (-26.0566044235)
continue (1.7691069129) (-26.0415794719)
continue (1.8559408774) (-26.1258662212)
continue (1.9471516470) (-26.0324052273)
continue (2.0427414724) (-26.0808172710)
continue (2.1431490377) (-26.0475950604)
continue (2.2483764392) (-26.0869813163)
continue (2.3583513737) (-26.0344220421)
continue (2.4742518893) (-26.1139042676)
continue (2.5962021961) (-26.1165657063)
continue (2.7234517956) (-26.0898560389)
continue (2.8575320502) (-26.0810265695)
continue (2.9972889909) (-26.0081539464)
continue (2.9978885086) (-26.0333890133)
continue (3.1444684983) (-26.3363932919)
continue (3.2993011253) (-26.0706321708)
continue (3.3154824080) (-26.0641351679)
continue (3.3316770164) (-26.0803049154)
continue (3.3478830047) (-26.0963962210)
continue (3.3640859670) (-26.1124091407)
continue (3.3802960540) (-26.1283447664)
continue (3.3964985345) (-26.1442053334)
continue (3.4127037129) (-26.1599905656)
continue (3.4289094326) (-26.1756997020)
continue (3.4451134960) (-26.1913326836)
continue (3.4609455785) (-26.2069083998)
continue (3.4783173495) (-26.1739861324)
continue (3.4953146235) (-26.1640305552)
continue (3.5123163736) (-26.1541234099)
continue (3.5293202949) (-26.1442640541)
continue (3.5463240368) (-26.1344524776)
continue (3.5537279767) (-156.1178171124)
continue (3.5544387934) (-26.1302404052)
continue (3.5633252031) (-26.1248102045)
continue (3.5803213519) (-26.1151015953)
continue (3.5973241965) (-26.1054474663)
continue (3.6143172719) (-26.0958435021)
continue (3.6319927095) (-26.0862920860)
continue (3.6491549368) (-26.2237195155)
continue (3.6669965225) (-26.3834026697)
continue (3.6848197184) (-26.5423209223)
continue (3.7026665643) (-26.7004861641)
continue (3.7204896494) (-26.8579078833)
continue (3.7383317846) (-27.0146045160)
continue (3.7481524197) (-72.2861735756)
continue (3.7489021252) (-27.1004530689)
continue (3.7561600736) (-27.1701079155)
continue (3.7740029190) (-27.3252279309)
continue (3.7918425237) (-27.4795859075)
continue (3.8096445268) (-27.6330170240)
continue (3.8125294258) (-27.6366550711)
continue (3.8153867477) (-27.6402138290)
continue (3.8182323571) (-27.6437694795)
continue (3.8210822144) (-27.6473236322)
continue (3.8239363290) (-27.6508760087)
continue (3.8267947105) (-27.6544243645)
continue (3.8296412741) (-27.6579703361)
continue (3.8324920757) (-27.6615136248)
continue (3.8353471248) (-27.6650539255)
continue (3.8381459698) (-48.8184422261)
continue (3.8389136758) (-27.6685727035)
continue (3.8430948760) (-27.6746218713)
continue (3.8479632917) (-27.6806586314)
continue (3.8528440576) (-27.6866897081)
continue (3.8577372208) (-27.6927115317)
continue (3.8626100831) (-27.6987268675)
continue (3.8674952713) (-27.7047342620)
continue (3.8723763766) (-27.7107344363)
continue (3.8772533211) (-27.7167281776)
continue (3.8821260270) (-27.7227117551)
continue (3.8872689984) (-39.4480623046)
continue (3.8880465300) (-27.7286231281)
continue (3.8899644875) (-27.7322980519)
continue (3.8929224712) (-27.7359144858)
continue (3.8958849568) (-27.7395279097)
continue (3.8988519547) (-27.7431403980)
continue (3.9018067686) (-27.7467492501)
continue (3.9047660647) (-27.7503541218)
continue (3.9077130959) (-27.7539571258)
continue (3.9106813613) (-27.7575554789)
continue (3.9136373315) (-27.7611538254)
continue (3.9156676117) (-34.9370421659)
continue (3.9164508235) (-27.7647241233)
continue (3.9185008743) (-27.7670648475)
continue (3.9204226914) (-27.7693850566)
continue (3.9223295118) (-27.7717048909)
continue (3.9242381880) (-27.7740242776)
continue (3.9261487226) (-27.7763405480)
continue (3.9280611185) (-27.7786588028)
continue (3.9299753783) (-27.7809737621)
continue (3.9318915048) (-27.7832879430)
continue (3.9338095006) (-27.7856012670)
continue (3.9359648088) (-32.5066813918)
continue (3.9367520805) (-27.7878123956)
continue (3.9370216616) (-27.7894754867)
continue (3.9383148035) (-27.7910429564)
continue (3.9396087952) (-27.7926080220)
continue (3.9409036375) (-27.7941733406)
continue (3.9421993313) (-27.7957388946)
continue (3.9434958773) (-27.7973019427)
continue (3.9447932764) (-27.7988679035)
continue (3.9460915295) (-27.8004313023)
continue (3.9473906374) (-27.8019948438)
continue (3.9479023104) (-31.0869813163)
continue (3.9486919698) (-27.8035474583)
continue (3.9496318982) (-27.8046899497)
continue (3.9505736443) (-27.8058271228)
continue (3.9515158397) (-27.8069617123)
continue (3.9524584845) (-27.8080992737)
continue (3.9534015792) (-27.8092342244)
continue (3.9543451241) (-27.8103693423)
continue (3.9552891195) (-27.8115046211)
continue (3.9562335657) (-27.8126400543)
continue (3.9571784630) (-27.8137784637)
continue (3.9581922382) (-30.1904402854)
continue (3.9589839558) (-27.8150248093)
continue (3.9963853212) (-27.8591778199)
continue (3.9971846782) (-27.8591778199)
continue (4.1935893733) (-28.4718549217)
continue (4.3980066159) (-28.6671577330)
continue (4.6140099788) (-28.9270152554)
continue (4.8420136600) (-28.8958544494)
continue (5.0795260358) (-29.4633153274)
continue (5.3290466130) (-29.4534573365)
continue (5.5905949130) (-29.6907958203)
continue (5.8640088212) (-29.5281218007)
continue (6.1530517948) (-29.7007106659)
continue (6.4537320879) (-29.7164726351)
continue (6.7752191139) (-29.7356544929)
continue (7.1026264288) (-29.7569619513)
continue (7.4571765206) (-29.7617029321)
continue (7.8220340843) (-29.7680209732)
continue (8.2022229596) (-29.7739158840)
continue (8.6049761172) (-29.7522721671)
continue (9.0313872232) (-29.7490923003)
continue (9.4736144175) (-29.7408841558)
continue (9.9396484600) (-29.7189666328)
continue (10.4275886350) (-29.7011469236)
continue (10.9395794816) (-29.6769542645)
continue (11.4769139901) (-29.6522797830)
continue (12.0410540541) (-29.6274561992)
continue (12.6319236321) (-29.6020599913)
continue (13.2528646134) (-29.5385014732)
continue (13.9039818556) (-29.4666092920)
continue (14.5849387135) (-29.3898723869)
continue (15.3025519868) (-29.3114911923)
continue (16.0547387388) (-29.2311399992)
continue (16.8410085163) (-29.1497827582)
continue (17.6704861512) (-29.0678307541)
continue (18.5367569328) (-28.9846402446)
continue (19.4465849513) (-28.9044819577)
continue (20.4045448011) (-28.8279811906)
continue (21.4063183185) (-28.7634627385)
continue (22.4560613804) (-28.6948636811)
continue (23.5591254089) (-28.6135010344)
continue (24.7156759104) (-28.5352124804)
continue (25.9324692890) (-28.4584207561)
continue (27.2019991288) (-28.3824754651)
continue (28.5395230447) (-28.3109576610)
continue (29.9463348937) (-28.2435160356)
continue (31.4121672119) (-28.1743142920)
continue (32.9572141344) (-28.1050197091)
continue (34.5700671782) (-28.0366372339)
continue (36.2765513860) (-27.9738754833)
continue (38.0487252951) (-27.9255492810)
continue (39.9153294269) (-27.9108016332)
continue (41.8780777030) (-27.8706324043)
continue (43.9376552949) (-27.8079904073)
continue (46.0934229042) (-27.7488486568)
continue (48.3687351813) (-27.6925039621)
continue (50.7386954798) (-27.6401645177)
continue (53.2282109122) (-27.5929491852)
continue (55.8374369373) (-27.5468346075)
continue (58.6023775445) (-27.5021032571)
continue (61.4475368049) (-27.4638204679)
continue (64.4916469085) (-27.4280583649)
continue (67.6515939730) (-27.3916879573)
continue (70.9709478829) (-27.3576344192)
continue (74.4499159164) (-27.3267947182)
continue (78.0862871308) (-27.2999889377)
continue (81.9484685986) (-27.2762981060)
continue (85.9685821525) (-27.2557852752)
continue (90.2244525561) (-27.2391253619)
continue (94.6279305105) (-27.2254830343)
continue (99.2773690834) (-27.2141720800)
continue (104.1567002876) (-27.2049546296)
continue (109.2777276432) (-27.1973630819)
continue (114.6391962280) (-27.1904402854)
continue (120.2675162751) (-27.1869530348)
continue (126.1793091687) (-27.1853529305)
continue (132.3746325997) (-27.1857524043)
continue (138.8703094813) (-27.1870198340)
continue (145.6861663975) (-27.1884249941)
continue (152.8458522000) (-27.1902383349)
continue (160.3496341398) (-27.1928033393)
continue (168.2235500861) (-27.1964746044)
continue (176.4995101330) (-27.2007283917)
continue (185.1792259330) (-27.2048850144)
continue (194.2585740389) (-27.2083795173)
continue (203.8172603034) (-27.2119023666)
continue (213.8120532183) (-27.2159535842)
continue (224.3394807525) (-27.2201150368)
continue (235.3478746943) (-27.2240256689)
continue (246.8889110855) (-27.2276782933)
continue (259.0298382082) (-27.2313618988)
continue (271.6955786573) (-27.2351516428)
continue (285.0381516473) (-27.2388994610)
continue (299.0702234383) (-27.2423762541)
continue (313.7971662591) (-27.2454987706)
continue (329.2149461042) (-27.2484899497)
continue (345.3076812491) (-27.2512694439)
continue (362.3327915771) (-27.2539109569)
continue (380.1697834028) (-27.2570393298)
continue (398.8039259591) (-27.2615365605)
continue (418.3962216788) (-27.2683306682)
continue (438.9532614723) (-27.2779422287)
continue (460.4684036465) (-27.2908997184)
continue (483.1744277924) (-27.3082997917)
continue (506.8225644140) (-27.3279021421)
continue (531.6610098112) (-27.3446694420)
continue (557.6909246123) (-27.3546759984)
continue (585.2710152964) (-27.3590219426)
continue (614.0613010893) (-27.3634118163)
continue (644.0049263721) (-27.3671379599)
continue (675.5129509388) (-27.3703865546)
continue (709.1571757327) (-27.3739677522)
continue (743.8914047481) (-27.3776823392)
continue (780.1943243292) (-27.3814289719)
continue (818.7484014523) (-27.3855246339)
continue (858.8755615612) (-27.3898723869)
continue (901.3520977413) (-27.3940488424)
continue (945.2976875689) (-27.3977229157)
continue (991.6932972211) (-27.4008814349)
continue (1040.3778637019) (-27.4036228560)
continue (1091.4684043795) (-27.4058285209)
continue (1145.0954647103) (-27.4079343296)
continue (1201.4066853216) (-27.4100503987)
continue (1260.3969167586) (-27.4128505017)
continue (1322.2097661295) (-27.4162346317)
continue (1387.2232772362) (-27.4206737962)
continue (1455.2331057433) (-27.4262004178)
continue (1526.6660593340) (-27.4329736338)
continue (1601.8051868807) (-27.4412914295)
continue (1680.3742777364) (-27.4514877437)
continue (1762.9463548393) (-27.4633153274)
continue (1849.5371845270) (-27.4767739580)
continue (1940.5173995240) (-27.4916049669)
continue (2035.8958239867) (-27.5079383955)
continue (2135.6151179200) (-27.5252011812)
continue (2240.6367612895) (-27.5434821422)
continue (2350.4435667177) (-27.5630426693)
continue (2466.2164298145) (-27.5835259209)
continue (2587.3565326986) (-27.6046736069)
continue (2714.5277653156) (-27.6261688549)
continue (2847.7092838014) (-27.6483969276)
continue (2987.7605600540) (-27.6710091446)
continue (3133.6553329314) (-27.6942188487)
continue (3288.5852429320) (-27.7180580666)
continue (3449.1558320078) (-27.7423214251)
continue (3619.0110040368) (-27.7675121336)
continue (3796.9457117352) (-27.7929044596)
continue (3982.8101871349) (-27.8190144192)
continue (4178.2071105752) (-27.8452717926)
continue (4383.1985128257) (-27.8719239873)
continue (4600.0351883718) (-27.8989406451)
continue (4826.6259047482) (-27.9266482976)
continue (5062.5942823136) (-27.9546770212)
continue (5310.4135828465) (-27.9829666607)
continue (5573.4982924554) (-28.0115302298)
continue (5845.2018654038) (-28.0404816230)
continue (6132.3483904203) (-28.0701214763)
continue (6435.5012063309) (-28.1000154375)
continue (6750.1257097515) (-28.1302404052)
continue (7080.5514437953) (-28.1613397740)
continue (7426.7886782107) (-28.1928033393)
continue (7795.2692114325) (-28.2243167510)
continue (8180.1343879395) (-28.2562551214)
continue (8580.6682751079) (-28.2885302181)
continue (8995.7252795307) (-28.3213905834)
continue (9442.2025781417) (-28.3543812618)
continue (9905.0757697441) (-28.3877460939)
continue (10391.9143667061) (-28.4213607900)
continue (10902.9309741141) (-28.4548166318)
continue (11438.0189634299) (-28.4885177114)
continue (11999.8284279228) (-28.5221555237)
continue (12588.2990857364) (-28.5559552041)
continue (13206.7676929921) (-28.5907433480)
continue (13855.3591427164) (-28.6254349393)
continue (14536.0818442568) (-28.6603498424)
continue (15251.3300555055) (-28.6955094722)
continue (15998.3667629294) (-28.7307206102)
continue (16785.1716856964) (-28.7664962397)
continue (17609.0235906562) (-28.8024437868)
continue (18476.6214682980) (-28.8386319978)
continue (19380.4119697247) (-28.8758219445)
continue (20336.2412590149) (-28.9132843361)
continue (21331.1556839058) (-28.9515581964)
continue (22378.8548825259) (-28.9901243663)
continue (23480.2105337917) (-29.0298856777)
continue (24635.4952910640) (-29.0705299838)
continue (25844.2135795932) (-29.1119328866)
continue (27112.9714613644) (-29.1540342385)
continue (28441.5409118744) (-29.1976368257)
continue (29838.4731767013) (-29.2421486563)
continue (31304.2587020425) (-29.2875186622)
continue (32838.4493987912) (-29.3341376998)
continue (34452.4374599794) (-29.3817426552)
continue (36147.0436658650) (-29.4306260904)
continue (37922.0545491659) (-29.4805658051)
continue (39793.3175029020) (-29.5318004139)
continue (41743.7916086329) (-29.5856953119)
continue (43789.8592415404) (-29.6409237739)
continue (45953.9571768258) (-29.6976690713)
continue (48189.6864524831) (-29.7559704110)
continue (50569.7542073505) (-29.8155925146)
continue (53042.3149485714) (-29.8774564759)
continue (55666.8888708892) (-29.9408153824)
continue (58377.1281753015) (-30.0062111862)
continue (61241.0598666973) (-30.0746879085)
continue (64264.2433580011) (-30.1455724942)
continue (67401.4031668977) (-30.2193227256)
continue (70750.5412124578) (-30.2960211750)
continue (74207.4080469427) (-30.3746875490)
continue (77819.5534429083) (-30.4568014144)
continue (81654.7464889298) (-30.5415132362)
continue (85725.9615067221) (-30.6287473709)
continue (89868.5375558636) (-30.7207894874)
continue (94314.5281325250) (-30.8155925146)
continue (98943.2107292569) (-30.9139962944)
continue (103800.7712514473) (-31.0170055453)
continue (108899.0165889647) (-31.1225710592)
continue (114251.1247262358) (-31.2335871529)
continue (119856.2371190920) (-31.3484312611)
continue (125744.0279862641) (-31.4663550212)
continue (131933.8310143994) (-31.5922692720)
continue (138406.2835383439) (-31.7214750353)
continue (145198.6887852862) (-31.8560488836)
continue (152334.8329683143) (-31.9978339382)
continue (159815.3228369794) (-32.1429088453)
continue (167666.4159735890) (-32.2973110318)
continue (175886.3097503294) (-32.4564285760)
continue (184541.7113844586) (-32.6176226965)
continue (193598.2517137149) (-32.7929044596)
continue (203090.4771153235) (-32.9722427953)
continue (213112.0137550178) (-33.1587031125)
continue (223568.9329775408) (-33.3524214458)
continue (234560.3528485087) (-33.5385014732)
continue (246022.4003284170) (-33.7169250253)
continue (258149.2835174097) (-33.8483237692)
continue (270807.4207478325) (-33.8948305720)
continue (284149.3516733571) (-33.8948305720)
continue (298091.9106367211) (-33.8948305720)
continue (312720.3057022843) (-33.8948305720)
continue (328029.8671045559) (-33.8948305720)
continue (344134.0524231330) (-33.8948305720)
continue (361040.7966784692) (-33.9044819577)
continue (378747.7019187267) (-33.9340470197)
continue (397412.5472378789) (-33.9804683155)
continue (416865.0369700166) (-34.0575454737)
continue (437478.1424946981) (-34.1990081387)
continue (458845.4032308441) (-34.5424208530)
continue (481387.7289046257) (-35.4121768287)
continue (505136.9017829581) (-35.4475751543)
continue (529806.3783816607) (-35.4830681911)
continue (555989.6100161417) (-35.5184140636)
continue (583397.5485380642) (-35.5537735982)
continue (611999.3088089029) (-35.5892227666)
continue (3672982.5506507708) (-36.6649434806)
continue (3709712.3761572787) (-50.0000000000)
continue (7354000.0000000000) (-50.0000000000)
f(nu) = -24.9549987957 at 1.0000000000 Ryd
