# Puchwein et al 2019
# z = 15.130000
# E [Ryd] log (J_nu)
interpolate (0.0000000100) (-50.0000000000)
continue (0.0007810860) (-50.0000000000)
continue (0.0007889757) (-19.0032257291)
continue (0.0008276721) (-19.0194058442)
continue (0.0008678733) (-19.0355517921)
continue (0.0009112670) (-19.0557147793)
continue (0.0009556071) (-19.0803467177)
continue (0.0010026042) (-19.1049644025)
continue (0.0010517855) (-19.1295960947)
continue (0.0011034960) (-19.1551501992)
continue (0.0011577525) (-19.1836261112)
continue (0.0012145368) (-19.2141009716)
continue (0.0012741429) (-19.2445825372)
continue (0.0013367566) (-19.2750690858)
continue (0.0014023807) (-19.3055703090)
continue (0.0014712092) (-19.3367703655)
continue (0.0015434739) (-19.3700809645)
continue (0.0016194544) (-19.4048345852)
continue (0.0016988571) (-19.4396150770)
continue (0.0017822550) (-19.4744369417)
continue (0.0018700328) (-19.5091990480)
continue (0.0019618234) (-19.5439377755)
continue (0.0020579652) (-19.5787252088)
continue (0.0021594004) (-19.6135010344)
continue (0.0022651429) (-19.6497519817)
continue (0.0023768048) (-19.6876110506)
continue (0.0024932065) (-19.7256112044)
continue (0.0026155768) (-19.7637147226)
continue (0.0027439535) (-19.8016178700)
continue (0.0028792005) (-19.8398317070)
continue (0.0030204407) (-19.8777841217)
continue (0.0031685222) (-19.9157813133)
continue (0.0033245785) (-19.9538952128)
continue (0.0034874358) (-19.9918258160)
continue (0.0036582375) (-20.0298856777)
continue (0.0038385298) (-20.0679323078)
continue (0.0040268094) (-20.1059609992)
continue (0.0042246962) (-20.1439965460)
continue (0.0044322323) (-20.1823024452)
continue (0.0046493213) (-20.2210532720)
continue (0.0048783028) (-20.2600323032)
continue (0.0051194774) (-20.2991232916)
continue (0.0053698702) (-20.3381873145)
continue (0.0056320579) (-20.3771645205)
continue (0.0059096431) (-20.4162346317)
continue (0.0061990950) (-20.4553119777)
continue (0.0065044038) (-20.4943074926)
continue (0.0068259698) (-20.5334289276)
continue (0.0071584208) (-20.5723516288)
continue (0.0075125059) (-20.6113660306)
continue (0.0078829323) (-20.6505282008)
continue (0.0082692103) (-20.6895191085)
continue (0.0086704755) (-20.7286231281)
continue (0.0090944807) (-20.7670038896)
continue (0.0095460609) (-20.8043770564)
continue (0.0100150233) (-20.8410347396)
continue (0.0105069407) (-20.8771290771)
continue (0.0110229463) (-20.9125735430)
continue (0.0115643017) (-20.9473060581)
continue (0.0121324320) (-20.9808837096)
continue (0.0127271923) (-21.0131834954)
continue (0.0133518970) (-21.0442160711)
continue (0.0140087159) (-21.0737090131)
continue (0.0146954841) (-21.1020981257)
continue (0.0154190689) (-21.1287190271)
continue (0.0161744226) (-21.1531682472)
continue (0.0169695898) (-21.1761998463)
continue (0.0178051382) (-21.1964746044)
continue (0.0186773308) (-21.2141009716)
continue (0.0195971392) (-21.2153114005)
continue (0.0205564397) (-21.1927356447)
continue (0.0215684490) (-21.1703103591)
continue (0.0226289290) (-21.1568918580)
continue (0.0237370922) (-21.1442991692)
continue (0.0249048093) (-21.1326503828)
continue (0.0261257732) (-21.1213633270)
continue (0.0274065254) (-21.0960964733)
continue (0.0287556633) (-21.0680846829)
continue (0.0301644148) (-21.0535477350)
continue (0.0316522046) (-21.0396719495)
continue (0.0332094377) (-21.0295136512)
continue (0.0348343643) (-21.0216825033)
continue (0.0365530273) (-21.0044086757)
continue (0.0383368519) (-20.9597933724)
continue (0.0402325373) (-20.9164973802)
continue (0.0422078263) (-20.8968807465)
continue (0.0442792503) (-20.8777841217)
continue (0.0464458191) (-20.8616973018)
continue (0.0487308541) (-20.8425432319)
continue (0.0511373160) (-20.8213107602)
continue (0.0536354897) (-20.8052082423)
continue (0.0562510476) (-20.8016178700)
continue (0.0590198815) (-20.8049310035)
continue (0.0619488083) (-20.7859513206)
continue (0.0649513165) (-20.7609509069)
continue (0.0681575894) (-20.7517814388)
continue (0.0715280197) (-20.7425614331)
continue (0.0750013968) (-20.7328282716)
continue (0.0786931754) (-20.7235381958)
continue (0.0825422981) (-20.7135435303)
continue (0.0866223356) (-20.7081873125)
continue (0.0908541347) (-20.7128703793)
continue (0.0953507346) (-20.6996219351)
continue (0.1000293052) (-20.6865546296)
continue (0.1049484016) (-20.6903698326)
continue (0.1100962874) (-20.6550185861)
continue (0.1155110877) (-20.6190655367)
continue (0.1211791185) (-20.6117211365)
continue (0.1271298787) (-20.6036262725)
continue (0.1333821679) (-20.5934598196)
continue (0.1399365741) (-20.5831931282)
continue (0.1467891383) (-20.5712174885)
continue (0.1540082763) (-20.5581478242)
continue (0.1615721579) (-20.5430269864)
continue (0.1695065050) (-20.5262211654)
continue (0.1778428905) (-20.5197055400)
continue (0.1865820989) (-20.5030703519)
continue (0.1957188511) (-20.4749551930)
continue (0.2053328010) (-20.4586704223)
continue (0.2154295439) (-20.4445427828)
continue (0.2260086733) (-20.4494047925)
continue (0.2371238540) (-20.5101820917)
continue (0.2487761318) (-20.5083582065)
continue (0.2609584682) (-20.4481841776)
continue (0.2738182004) (-20.4470885498)
continue (0.2872846692) (-20.4474534520)
continue (0.3013448978) (-20.4455108400)
continue (0.3161925645) (-20.4423725116)
continue (0.3317316967) (-20.4352156155)
continue (0.3479446242) (-20.4286406072)
continue (0.3650909338) (-20.4193030603)
continue (0.3830462256) (-20.4026339497)
continue (0.4017931970) (-20.3876400520)
continue (0.4214925859) (-20.3813244611)
continue (0.4421479723) (-20.3726341434)
continue (0.4639852194) (-20.3552660726)
continue (0.4867879118) (-20.3406543643)
continue (0.5105137091) (-20.3275326869)
continue (0.5357242627) (-20.3181258779)
continue (0.5621634613) (-20.3295685906)
continue (0.5898168096) (-20.3161427946)
continue (0.6186469591) (-20.2899673009)
continue (0.6490505490) (-20.2855864077)
continue (0.6810664954) (-20.2713216331)
continue (0.7141590680) (-19.7602001816)
continue (0.7493222477) (-19.6786087217)
continue (0.7494721272) (-20.3562513145)
continue (0.7862527790) (-20.2683306682)
continue (0.8246759917) (-20.2615365605)
continue (0.8288690942) (-20.2632060412)
continue (0.8329222993) (-20.2648987483)
continue (0.8369692137) (-20.2665788219)
continue (0.8410245965) (-20.2682468947)
continue (0.8450724461) (-20.2699019944)
continue (0.8491277985) (-20.2928541069)
continue (0.8531743306) (-20.3364479473)
continue (0.8572273582) (-20.3858075028)
continue (0.8612783740) (-20.4425409220)
continue (0.8654007320) (-20.5090587946)
continue (0.8695793374) (-20.5958832898)
continue (0.8738320076) (-20.7052891388)
continue (0.8780757090) (-20.8529454245)
continue (0.8823266565) (-21.0802406522)
continue (0.8865758338) (-21.5918584407)
continue (0.8880856269) (-inf)
continue (0.8882632618) (-20.3059215379)
continue (0.8908313008) (-20.3087080455)
continue (0.8950838547) (-20.3302769140)
continue (0.8993328242) (-20.3756003202)
continue (0.9035775261) (-20.4264472988)
continue (0.9076364251) (-20.4843910508)
continue (0.9122887342) (-20.5562224242)
continue (0.9167472861) (-20.6423909961)
continue (0.9212067921) (-20.7499900872)
continue (0.9256657008) (-20.8933977891)
continue (0.9301243111) (-21.1091281527)
continue (0.9345829462) (-21.5575704050)
continue (0.9369417514) (-inf)
continue (0.9371291585) (-20.7162466167)
continue (0.9390419537) (-20.7567212948)
continue (0.9435007297) (-20.8635743460)
continue (0.9479596448) (-21.0052623969)
continue (0.9524111317) (-21.2164537177)
continue (0.9531313595) (-21.2710564652)
continue (0.9538446901) (-21.3309957007)
continue (0.9545580893) (-21.3976990421)
continue (0.9552715550) (-21.4732847554)
continue (0.9559850851) (-21.5610291057)
continue (0.9566986776) (-21.6664277956)
continue (0.9574113244) (-21.7997817126)
continue (0.9581250337) (-21.9842170556)
continue (0.9588387990) (-22.2935135048)
continue (0.9594354567) (-inf)
continue (0.9596273630) (-21.2209087962)
continue (0.9607716931) (-21.2824543122)
continue (0.9619918385) (-21.3491885214)
continue (0.9632120325) (-21.4225507125)
continue (0.9644322638) (-21.5046541235)
continue (0.9656525208) (-21.5987804530)
continue (0.9668727920) (-21.7104244243)
continue (0.9680930657) (-21.8498855011)
continue (0.9693133303) (-22.0402857341)
continue (0.9705335740) (-22.3554147009)
continue (0.9716099949) (-inf)
continue (0.9718043363) (-21.6804775509)
continue (0.9724931975) (-21.7352199434)
continue (0.9732326966) (-21.7953158012)
continue (0.9739722802) (-21.8621713362)
continue (0.9747119461) (-21.9379071074)
continue (0.9754506480) (-22.0258015912)
continue (0.9761904704) (-22.1313479219)
continue (0.9769303686) (-22.2648468001)
continue (0.9776692914) (-22.4494219055)
continue (0.9784093329) (-22.7588596152)
continue (0.9790220836) (-inf)
continue (0.9792179076) (-22.0176382984)
continue (0.9796262717) (-22.0690412953)
continue (0.9801046187) (-22.1257977515)
continue (0.9805823779) (-22.1893622848)
continue (0.9810606032) (-22.2618491493)
continue (0.9815392951) (-22.3465395266)
continue (0.9820173961) (-22.4489271236)
continue (0.9824949039) (-22.5793116881)
continue (0.9829728762) (-22.7608181843)
continue (0.9834513138) (-23.0672310560)
continue (0.9837787230) (-inf)
continue (0.9839754984) (-22.2828289732)
continue (0.9842532892) (-22.3322912156)
continue (0.9845776371) (-22.3871727160)
continue (0.9849011343) (-22.4488795076)
continue (0.9852259094) (-22.5195259385)
continue (0.9855498328) (-22.6023936576)
continue (0.9858739693) (-22.7029752400)
continue (0.9861983191) (-22.8315702882)
continue (0.9865228824) (-23.0113046230)
continue (0.9868465907) (-23.3159629625)
continue (0.9870824973) (-inf)
continue (0.9872799335) (-22.4878494631)
continue (0.9874069046) (-22.5362488141)
continue (0.9876423407) (-22.5900837756)
continue (0.9878789599) (-22.6507516208)
continue (0.9881146211) (-22.7203672717)
continue (0.9883503948) (-22.8022096176)
continue (0.9885862810) (-22.9017717345)
continue (0.9888222799) (-23.0293561010)
continue (0.9890583914) (-23.2080855961)
continue (0.9892935417) (-23.5117454944)
continue (0.9894406051) (-inf)
continue (0.9896385130) (-22.0206337576)
continue (0.9991962399) (-26.3629107265)
continue (1.0439534549) (-26.5113083017)
continue (1.0951411739) (-26.5358086294)
continue (1.1489937849) (-26.4570501512)
continue (1.2053795910) (-26.5212892445)
continue (1.2645947416) (-26.3638131048)
continue (1.3266370226) (-26.3457271729)
continue (1.3918847882) (-26.3080348972)
continue (1.4601297401) (-26.1696680065)
continue (1.5320561043) (-26.2628073573)
continue (1.6071727880) (-26.2076083105)
continue (1.6862823294) (-26.3660268442)
continue (1.7691069129) (-26.3519328706)
continue (1.8559408774) (-26.4356890900)
continue (1.9471516470) (-26.3422750458)
continue (2.0427414724) (-26.3906190557)
continue (2.1431490377) (-26.3574365629)
continue (2.2483764392) (-26.3969639437)
continue (2.3583513737) (-26.3440935818)
continue (2.4742518893) (-26.4238891059)
continue (2.5962021961) (-26.4259687323)
continue (2.7234517956) (-26.3994627056)
continue (2.8575320502) (-26.3910463007)
continue (2.9972889909) (-26.3184874134)
continue (2.9978885086) (-26.3428484981)
continue (3.1444684983) (-26.6464684409)
continue (3.2993011253) (-26.3801764995)
continue (3.3154824080) (-26.3736729799)
continue (3.3316770164) (-26.3898862419)
continue (3.3478830047) (-26.4060209445)
continue (3.3640859670) (-26.4220775660)
continue (3.3802960540) (-26.4380570918)
continue (3.3964985345) (-26.4539610153)
continue (3.4127037129) (-26.4697900531)
continue (3.4289094326) (-26.4855425687)
continue (3.4451134960) (-26.5012181823)
continue (3.4609455785) (-26.5168407903)
continue (3.4783173495) (-26.4838574535)
continue (3.4953146235) (-26.4738455956)
continue (3.5123163736) (-26.4638811242)
continue (3.5293202949) (-26.4539659562)
continue (3.5463240368) (-26.4440982001)
continue (3.5537279767) (-67.4959371173)
continue (3.5544387934) (-28.2142432000)
continue (3.5633252031) (-26.4343575756)
continue (3.5803213519) (-26.4245904443)
continue (3.5973241965) (-26.4148744270)
continue (3.6143172719) (-26.4052075966)
continue (3.6319927095) (-26.3955579337)
continue (3.6491549368) (-26.5331724018)
continue (3.6669965225) (-26.6930134336)
continue (3.6848197184) (-26.8520826397)
continue (3.7026665643) (-27.0103958038)
continue (3.7204896494) (-27.1679594837)
continue (3.7383317846) (-27.3247845901)
continue (3.7481524197) (-41.0658046507)
continue (3.7489021252) (-27.4108326095)
continue (3.7561600736) (-27.4805749980)
continue (3.7740029190) (-27.6358562880)
continue (3.7918425237) (-27.7903858061)
continue (3.8096445268) (-27.9442395353)
continue (3.8125294258) (-27.9476755001)
continue (3.8153867477) (-27.9512397788)
continue (3.8182323571) (-27.9548022413)
continue (3.8210822144) (-27.9583625996)
continue (3.8239363290) (-27.9619205592)
continue (3.8267947105) (-27.9654758186)
continue (3.8296412741) (-27.9690280695)
continue (3.8324920757) (-27.9725769965)
continue (3.8353471248) (-27.9761222773)
continue (3.8381459698) (-34.3711004356)
continue (3.8389136758) (-27.9796387174)
continue (3.8430948760) (-27.9857105304)
continue (3.8479632917) (-27.9917618912)
continue (3.8528440576) (-27.9977993689)
continue (3.8577372208) (-28.0038334489)
continue (3.8626100831) (-28.0098587986)
continue (3.8674952713) (-28.0158765657)
continue (3.8723763766) (-28.0218866189)
continue (3.8772533211) (-28.0278893085)
continue (3.8821260270) (-28.0338845605)
continue (3.8872689984) (-31.5813673126)
continue (3.8880465300) (-28.0398623251)
continue (3.8899644875) (-28.0434906093)
continue (3.8929224712) (-28.0471131554)
continue (3.8958849568) (-28.0507324914)
continue (3.8988519547) (-28.0543497582)
continue (3.9018067686) (-28.0579641530)
continue (3.9047660647) (-28.0615758501)
continue (3.9077130959) (-28.0651845285)
continue (3.9106813613) (-28.0687908774)
continue (3.9136373315) (-28.0723940730)
continue (3.9156676117) (-30.2434399570)
continue (3.9164508235) (-28.0759792995)
continue (3.9185008743) (-28.0783161251)
continue (3.9204226914) (-28.0806410152)
continue (3.9223295118) (-28.0829652750)
continue (3.9242381880) (-28.0852877701)
continue (3.9261487226) (-28.0876094678)
continue (3.9280611185) (-28.0899297540)
continue (3.9299753783) (-28.0922490763)
continue (3.9318915048) (-28.0945673525)
continue (3.9338095006) (-28.0968844990)
continue (3.9359648088) (-29.5252011812)
continue (3.9367520805) (-28.0991960652)
continue (3.9370216616) (-28.1007667937)
continue (3.9383148035) (-28.1023360777)
continue (3.9396087952) (-28.1039049842)
continue (3.9409036375) (-28.1054729348)
continue (3.9421993313) (-28.1070404542)
continue (3.9434958773) (-28.1086075172)
continue (3.9447932764) (-28.1101746580)
continue (3.9460915295) (-28.1117407336)
continue (3.9473906374) (-28.1133062755)
continue (3.9479023104) (-29.1071265931)
continue (3.9486919698) (-28.1148650339)
continue (3.9496318982) (-28.1160077188)
continue (3.9505736443) (-28.1171460241)
continue (3.9515158397) (-28.1182844696)
continue (3.9524584845) (-28.1194224766)
continue (3.9534015792) (-28.1205600340)
continue (3.9543451241) (-28.1216977051)
continue (3.9552891195) (-28.1228349066)
continue (3.9562335657) (-28.1239716270)
continue (3.9571784630) (-28.1251078549)
continue (3.9581922382) (-28.8440569820)
continue (3.9589839558) (-28.1262145392)
continue (3.9963853212) (-28.1531682472)
continue (3.9971846782) (-28.1531682472)
continue (4.1935893733) (-28.7728849174)
continue (4.3980066159) (-28.9738754833)
continue (4.6140099788) (-29.2467234298)
continue (4.8420136600) (-29.2144566300)
continue (5.0795260358) (-29.8677403105)
continue (5.3290466130) (-29.8604357338)
continue (5.5905949130) (-30.2168113089)
continue (5.8640088212) (-29.9742846161)
continue (6.1530517948) (-30.2605858973)
continue (6.4537320879) (-30.3062730511)
continue (6.7752191139) (-30.3642147645)
continue (7.1026264288) (-30.4349790717)
continue (7.4571765206) (-30.4724989890)
continue (7.8220340843) (-30.5188441292)
continue (8.2022229596) (-30.5707323336)
continue (8.6049761172) (-30.5377517846)
continue (9.0313872232) (-30.5632014898)
continue (9.4736144175) (-30.5725138909)
continue (9.9396484600) (-30.5322439488)
continue (10.4275886350) (-30.5037624548)
continue (10.9395794816) (-30.4508740732)
continue (11.4769139901) (-30.3935111496)
continue (12.0410540541) (-30.3333884316)
continue (12.6319236321) (-30.2677671198)
continue (13.2528646134) (-30.1990768182)
continue (13.9039818556) (-30.1270283693)
continue (14.5849387135) (-30.0502197916)
continue (15.3025519868) (-29.9718355806)
continue (16.0547387388) (-29.8914349763)
continue (16.8410085163) (-29.8099485822)
continue (17.6704861512) (-29.7276941556)
continue (18.5367569328) (-29.6443569498)
continue (19.4465849513) (-29.5639964643)
continue (20.4045448011) (-29.4870489200)
continue (21.4063183185) (-29.4220488723)
continue (22.4560613804) (-29.3532043112)
continue (23.5591254089) (-29.2714027566)
continue (24.7156759104) (-29.1926002872)
continue (25.9324692890) (-29.1150914058)
continue (27.2019991288) (-29.0384365376)
continue (28.5395230447) (-28.9657727392)
continue (29.9463348937) (-28.8975662943)
continue (31.4121672119) (-28.8273970688)
continue (32.9572141344) (-28.7567138539)
continue (34.5700671782) (-28.6869768897)
continue (36.2765513860) (-28.6228759577)
continue (38.0487252951) (-28.5708939917)
continue (39.9153294269) (-28.5578339142)
continue (41.8780777030) (-28.5220110237)
continue (43.9376552949) (-28.4628107738)
continue (46.0934229042) (-28.4090467648)
continue (48.3687351813) (-28.3598168081)
continue (50.7386954798) (-28.3166827381)
continue (53.2282109122) (-28.2814983111)
continue (55.8374369373) (-28.2498002722)
continue (58.6023775445) (-28.2187474058)
continue (61.4475368049) (-28.1965428844)
continue (64.4916469085) (-28.1797328428)
continue (67.6515939730) (-28.1613397740)
continue (70.9709478829) (-28.1441780946)
continue (74.4499159164) (-28.1289527387)
continue (78.0862871308) (-28.1175893156)
continue (81.9484685986) (-28.1080167691)
continue (85.9685821525) (-28.0994690175)
continue (90.2244525561) (-28.0941501734)
continue (94.6279305105) (-28.0911934006)
continue (99.2773690834) (-28.0892155652)
continue (104.1567002876) (-28.0888423913)
continue (109.2777276432) (-28.0896424427)
continue (114.6391962280) (-28.0905509530)
continue (120.2675162751) (-28.0915686010)
continue (126.1793091687) (-28.0933956283)
continue (132.3746325997) (-28.0957714837)
continue (138.8703094813) (-28.1022629747)
continue (145.6861663975) (-28.1075158206)
continue (152.8458522000) (-28.1119890878)
continue (160.3496341398) (-28.1161682867)
continue (168.2235500861) (-28.1216505778)
continue (176.4995101330) (-28.1286022185)
continue (185.1792259330) (-28.1360826230)
continue (194.2585740389) (-28.1413425159)
continue (203.8172603034) (-28.1455117750)
continue (213.8120532183) (-28.1508878338)
continue (224.3394807525) (-28.1566426216)
continue (235.3478746943) (-28.1620329816)
continue (246.8889110855) (-28.1664067060)
continue (259.0298382082) (-28.1706318920)
continue (271.6955786573) (-28.1750285389)
continue (285.0381516473) (-28.1797328428)
continue (299.0702234383) (-28.1841567093)
continue (313.7971662591) (-28.1880230557)
continue (329.2149461042) (-28.1917214904)
continue (345.3076812491) (-28.1951793213)
continue (362.3327915771) (-28.1982533808)
continue (380.1697834028) (-28.2007973437)
continue (398.8039259591) (-28.2032175883)
continue (418.3962216788) (-28.2061397987)
continue (438.9532614723) (-28.2090818048)
continue (460.4684036465) (-28.2132485779)
continue (483.1744277924) (-28.2257020615)
continue (506.8225644140) (-28.2490290156)
continue (531.6610098112) (-28.2769550084)
continue (557.6909246123) (-28.2969666953)
continue (585.2710152964) (-28.3013775703)
continue (614.0613010893) (-28.3068888845)
continue (644.0049263721) (-28.3118472444)
continue (675.5129509388) (-28.3146165902)
continue (709.1571757327) (-28.3178549236)
continue (743.8914047481) (-28.3216637533)
continue (780.1943243292) (-28.3247717464)
continue (818.7484014523) (-28.3281794398)
continue (858.8755615612) (-28.3326404538)
continue (901.3520977413) (-28.3375254962)
continue (945.2976875689) (-28.3421795440)
continue (991.6932972211) (-28.3461124419)
continue (1040.3778637019) (-28.3496924769)
continue (1091.4684043795) (-28.3525192268)
continue (1145.0954647103) (-28.3544794851)
continue (1201.4066853216) (-28.3560540873)
continue (1260.3969167586) (-28.3578323656)
continue (1322.2097661295) (-28.3600157520)
continue (1387.2232772362) (-28.3630108982)
continue (1455.2331057433) (-28.3667335888)
continue (1526.6660593340) (-28.3712025144)
continue (1601.8051868807) (-28.3770610308)
continue (1680.3742777364) (-28.3845760471)
continue (1762.9463548393) (-28.3938336854)
continue (1849.5371845270) (-28.4051656444)
continue (1940.5173995240) (-28.4181640759)
continue (2035.8958239867) (-28.4328559548)
continue (2135.6151179200) (-28.4485500020)
continue (2240.6367612895) (-28.4652126414)
continue (2350.4435667177) (-28.4830681911)
continue (2466.2164298145) (-28.5027938193)
continue (2587.3565326986) (-28.5234581910)
continue (2714.5277653156) (-28.5439377755)
continue (2847.7092838014) (-28.5654310960)
continue (2987.7605600540) (-28.5875394526)
continue (3133.6553329314) (-28.6097716375)
continue (3288.5852429320) (-28.6328305115)
continue (3449.1558320078) (-28.6560009309)
continue (3619.0110040368) (-28.6804775509)
continue (3796.9457117352) (-28.7055337738)
continue (3982.8101871349) (-28.7309542903)
continue (4178.2071105752) (-28.7567138539)
continue (4383.1985128257) (-28.7827793444)
continue (4600.0351883718) (-28.8088285443)
continue (4826.6259047482) (-28.8362424760)
continue (5062.5942823136) (-28.8639139026)
continue (5310.4135828465) (-28.8917733436)
continue (5573.4982924554) (-28.9200955323)
continue (5845.2018654038) (-28.9480760840)
continue (6132.3483904203) (-28.9771593891)
continue (6435.5012063309) (-29.0067401686)
continue (6750.1257097515) (-29.0355989288)
continue (7080.5514437953) (-29.0662091159)
continue (7426.7886782107) (-29.0976163156)
continue (7795.2692114325) (-29.1287190271)
continue (8180.1343879395) (-29.1600194423)
continue (8580.6682751079) (-29.1916539643)
continue (8995.7252795307) (-29.2241711855)
continue (9442.2025781417) (-29.2565686349)
continue (9905.0757697441) (-29.2895441357)
continue (10391.9143667061) (-29.3234892897)
continue (10902.9309741141) (-29.3568435344)
continue (11438.0189634299) (-29.3905123101)
continue (11999.8284279228) (-29.4238891059)
continue (12588.2990857364) (-29.4565528199)
continue (13206.7676929921) (-29.4910664739)
continue (13855.3591427164) (-29.5257837359)
continue (14536.0818442568) (-29.5600360641)
continue (15251.3300555055) (-29.5953372991)
continue (15998.3667629294) (-29.6302277114)
continue (16785.1716856964) (-29.6653452331)
continue (17609.0235906562) (-29.7009287400)
continue (18476.6214682980) (-29.7361273231)
continue (19380.4119697247) (-29.7728849174)
continue (20336.2412590149) (-29.8096683018)
continue (21331.1556839058) (-29.8467950999)
continue (22378.8548825259) (-29.8847224086)
continue (23480.2105337917) (-29.9229956732)
continue (24635.4952910640) (-29.9625735021)
continue (25844.2135795932) (-30.0031382315)
continue (27112.9714613644) (-30.0432554547)
continue (28441.5409118744) (-30.0857626522)
continue (29838.4731767013) (-30.1290111862)
continue (31304.2587020425) (-30.1728893125)
continue (32838.4493987912) (-30.2184600314)
continue (34452.4374599794) (-30.2643212741)
continue (36147.0436658650) (-30.3121144752)
continue (37922.0545491659) (-30.3605135107)
continue (39793.3175029020) (-30.4083789618)
continue (41743.7916086329) (-30.4602967611)
continue (43789.8592415404) (-30.5139948136)
continue (45953.9571768258) (-30.5684754158)
continue (48189.6864524831) (-30.6254349393)
continue (50569.7542073505) (-30.6823544568)
continue (53042.3149485714) (-30.7423214251)
continue (55666.8888708892) (-30.8041003476)
continue (58377.1281753015) (-30.8651856297)
continue (61241.0598666973) (-30.9310723883)
continue (64264.2433580011) (-30.9982662872)
continue (67401.4031668977) (-31.0687455936)
continue (70750.5412124578) (-31.1433919316)
continue (74207.4080469427) (-31.2181010806)
continue (77819.5534429083) (-31.2973971587)
continue (81654.7464889298) (-31.3795516153)
continue (85725.9615067221) (-31.4611750111)
continue (89868.5375558636) (-31.5503673495)
continue (94314.5281325250) (-31.6413039004)
continue (98943.2107292569) (-31.7351821770)
continue (103800.7712514473) (-31.8353497841)
continue (108899.0165889647) (-31.9351677803)
continue (114251.1247262358) (-32.0425363843)
continue (119856.2371190920) (-32.1543439400)
continue (125744.0279862641) (-32.2645607967)
continue (131933.8310143994) (-32.3872161433)
continue (138406.2835383439) (-32.5114492835)
continue (145198.6887852862) (-32.6394065864)
continue (152334.8329683143) (-32.7780644002)
continue (159815.3228369794) (-32.9147094218)
continue (167666.4159735890) (-33.0654510523)
continue (175886.3097503294) (-33.2228632875)
continue (184541.7113844586) (-33.3723269682)
continue (193598.2517137149) (-33.5443938874)
continue (203090.4771153235) (-33.7178312217)
continue (213112.0137550178) (-33.8961962790)
continue (223568.9329775408) (-34.0930726527)
continue (234560.3528485087) (-34.2809174261)
continue (246022.4003284170) (-34.4948500217)
continue (258149.2835174097) (-34.7217037919)
continue (270807.4207478325) (-34.8443603662)
continue (284149.3516733571) (-34.8443603662)
continue (298091.9106367211) (-34.8443603662)
continue (312720.3057022843) (-34.8443603662)
continue (328029.8671045559) (-34.8443603662)
continue (344134.0524231330) (-34.8443603662)
continue (361040.7966784692) (-34.8443603662)
continue (378747.7019187267) (-34.8443603662)
continue (397412.5472378789) (-34.8443603662)
continue (416865.0369700166) (-34.8443603662)
continue (437478.1424946981) (-34.8443603662)
continue (458845.4032308441) (-35.0640395310)
continue (481387.7289046257) (-37.7088532383)
continue (505136.9017829581) (-37.7442452134)
continue (529806.3783816607) (-37.7796303675)
continue (555989.6100161417) (-37.8150248093)
continue (583397.5485380642) (-37.8504729862)
continue (611999.3088089029) (-37.8857227034)
continue (3672982.5506507708) (-38.9613798381)
continue (3709712.3761572787) (-50.0000000000)
continue (7354000.0000000000) (-50.0000000000)
f(nu) = -25.2663658193 at 1.0000000000 Ryd
