# Puchwein et al 2019
# z = 12.320000
# E [Ryd] log (J_nu)
interpolate (0.0000000100) (-50.0000000000)
continue (0.0007810860) (-50.0000000000)
continue (0.0007889757) (-18.3904055908)
continue (0.0008276721) (-18.4096040528)
continue (0.0008678733) (-18.4305090457)
continue (0.0009112670) (-18.4538276317)
continue (0.0009556071) (-18.4789927476)
continue (0.0010026042) (-18.5050110263)
continue (0.0010517855) (-18.5320960535)
continue (0.0011034960) (-18.5605094096)
continue (0.0011577525) (-18.5904049806)
continue (0.0012145368) (-18.6208758539)
continue (0.0012741429) (-18.6518899315)
continue (0.0013367566) (-18.6834006979)
continue (0.0014023807) (-18.7155692662)
continue (0.0014712092) (-18.7488486568)
continue (0.0015434739) (-18.7830427926)
continue (0.0016194544) (-18.8178707859)
continue (0.0016988571) (-18.8526328922)
continue (0.0017822550) (-18.8873949985)
continue (0.0018700328) (-18.9222688203)
continue (0.0019618234) (-18.9578184055)
continue (0.0020579652) (-18.9935339578)
continue (0.0021594004) (-19.0298856777)
continue (0.0022651429) (-19.0672726327)
continue (0.0023768048) (-19.1052410056)
continue (0.0024932065) (-19.1432711096)
continue (0.0026155768) (-19.1812464095)
continue (0.0027439535) (-19.2192507689)
continue (0.0028792005) (-19.2572748687)
continue (0.0030204407) (-19.2953348145)
continue (0.0031685222) (-19.3333884316)
continue (0.0033245785) (-19.3714067441)
continue (0.0034874358) (-19.4093810518)
continue (0.0036582375) (-19.4474534520)
continue (0.0038385298) (-19.4855850794)
continue (0.0040268094) (-19.5237482040)
continue (0.0042246962) (-19.5622494372)
continue (0.0044322323) (-19.6008456660)
continue (0.0046493213) (-19.6394065864)
continue (0.0048783028) (-19.6781945161)
continue (0.0051194774) (-19.7169250253)
continue (0.0053698702) (-19.7557228792)
continue (0.0056320579) (-19.7945249633)
continue (0.0059096431) (-19.8332739444)
continue (0.0061990950) (-19.8719239873)
continue (0.0065044038) (-19.9108016332)
continue (0.0068259698) (-19.9496202437)
continue (0.0071584208) (-19.9884295564)
continue (0.0075125059) (-20.0269645593)
continue (0.0078829323) (-20.0654510523)
continue (0.0082692103) (-20.1035840235)
continue (0.0086704755) (-20.1410419453)
continue (0.0090944807) (-20.1775050147)
continue (0.0095460609) (-20.2129648180)
continue (0.0100150233) (-20.2474905992)
continue (0.0105069407) (-20.2810003621)
continue (0.0110229463) (-20.3133637307)
continue (0.0115643017) (-20.3443814165)
continue (0.0121324320) (-20.3738650214)
continue (0.0127271923) (-20.4016472901)
continue (0.0133518970) (-20.4278256864)
continue (0.0140087159) (-20.4522252946)
continue (0.0146954841) (-20.4746959900)
continue (0.0154190689) (-20.4951215406)
continue (0.0161744226) (-20.5115903111)
continue (0.0169695898) (-20.5211450325)
continue (0.0178051382) (-20.5221555237)
continue (0.0186773308) (-20.5145625189)
continue (0.0195971392) (-20.4978461071)
continue (0.0205564397) (-20.4758636234)
continue (0.0215684490) (-20.4568014144)
continue (0.0226289290) (-20.4400933750)
continue (0.0237370922) (-20.4213607900)
continue (0.0249048093) (-20.4018663542)
continue (0.0261257732) (-20.3814289719)
continue (0.0274065254) (-20.3602147870)
continue (0.0287556633) (-20.3423705686)
continue (0.0301644148) (-20.3279945550)
continue (0.0316522046) (-20.3106023372)
continue (0.0332094377) (-20.2891213823)
continue (0.0348343643) (-20.2635238180)
continue (0.0365530273) (-20.2320282786)
continue (0.0383368519) (-20.1980477651)
continue (0.0402325373) (-20.1708892898)
continue (0.0422078263) (-20.1510722868)
continue (0.0442792503) (-20.1319436382)
continue (0.0464458191) (-20.1145256972)
continue (0.0487308541) (-20.0995236286)
continue (0.0511373160) (-20.0863980503)
continue (0.0536354897) (-20.0762898056)
continue (0.0562510476) (-20.0703256821)
continue (0.0590198815) (-20.0636370804)
continue (0.0619488083) (-20.0521253451)
continue (0.0649513165) (-20.0409108856)
continue (0.0681575894) (-20.0326392600)
continue (0.0715280197) (-20.0244762870)
continue (0.0750013968) (-20.0179550209)
continue (0.0786931754) (-20.0115302298)
continue (0.0825422981) (-20.0053749462)
continue (0.0866223356) (-20.0019587356)
continue (0.0908541347) (-19.9956786262)
continue (0.0953507346) (-19.9812995013)
continue (0.1000293052) (-19.9677842967)
continue (0.1049484016) (-19.9546770212)
continue (0.1100962874) (-19.9355420108)
continue (0.1155110877) (-19.9219058496)
continue (0.1211791185) (-19.9143527117)
continue (0.1271298787) (-19.9055288714)
continue (0.1333821679) (-19.8951715963)
continue (0.1399365741) (-19.8833922560)
continue (0.1467891383) (-19.8712777157)
continue (0.1540082763) (-19.8588639099)
continue (0.1615721579) (-19.8440569820)
continue (0.1695065050) (-19.8291517964)
continue (0.1778428905) (-19.8144578451)
continue (0.1865820989) (-19.7991495019)
continue (0.1957188511) (-19.7926349625)
continue (0.2053328010) (-19.7950664776)
continue (0.2154295439) (-19.7975116829)
continue (0.2260086733) (-19.8074325467)
continue (0.2371238540) (-19.8184422261)
continue (0.2487761318) (-19.8071538848)
continue (0.2609584682) (-19.7904849855)
continue (0.2738182004) (-19.7886124471)
continue (0.2872846692) (-19.7859513206)
continue (0.3013448978) (-19.7814644948)
continue (0.3161925645) (-19.7741740085)
continue (0.3317316967) (-19.7647241233)
continue (0.3479446242) (-19.7544873322)
continue (0.3650909338) (-19.7430418474)
continue (0.3830462256) (-19.7302536269)
continue (0.4017931970) (-19.7182850300)
continue (0.4214925859) (-19.7073009970)
continue (0.4421479723) (-19.6948636811)
continue (0.4639852194) (-19.6842395093)
continue (0.4867879118) (-19.6755117667)
continue (0.5105137091) (-19.6665527255)
continue (0.5357242627) (-19.6593576224)
continue (0.5621634613) (-19.6518899315)
continue (0.5898168096) (-19.5270973482)
continue (0.6186469591) (-19.4988037580)
continue (0.6490505490) (-19.4718549217)
continue (0.6810664954) (-19.4414114169)
continue (0.7141590680) (-19.4252744164)
continue (0.7493222477) (-19.4097155963)
continue (0.7494721272) (-19.7404061211)
continue (0.7862527790) (-19.8116340739)
continue (0.8246759917) (-19.9842212436)
continue (0.8288690942) (-20.0111606704)
continue (0.8329222993) (-20.0398861280)
continue (0.8369692137) (-20.0708018542)
continue (0.8410245965) (-20.1042637260)
continue (0.8450724461) (-20.1407193639)
continue (0.8491277985) (-20.1802277908)
continue (0.8531743306) (-20.2239027453)
continue (0.8572273582) (-20.2733445003)
continue (0.8612783740) (-20.3301570770)
continue (0.8654007320) (-20.3967473380)
continue (0.8695793374) (-20.4836973698)
continue (0.8738320076) (-20.5932180445)
continue (0.8780757090) (-20.7409893941)
continue (0.8823266565) (-20.9683976615)
continue (0.8865758338) (-21.4801273982)
continue (0.8880856269) (-inf)
continue (0.8882632618) (-20.1576404267)
continue (0.8908313008) (-20.1794136936)
continue (0.8950838547) (-20.2206235974)
continue (0.8993328242) (-20.2660640193)
continue (0.9035775261) (-20.3170268522)
continue (0.9076364251) (-20.3749963990)
continue (0.9122887342) (-20.4472879917)
continue (0.9167472861) (-20.5338191967)
continue (0.9212067921) (-20.6417795269)
continue (0.9256657008) (-20.7855429522)
continue (0.9301243111) (-21.0016203316)
continue (0.9345829462) (-21.4504058127)
continue (0.9369417514) (-inf)
continue (0.9371291585) (-20.6104795342)
continue (0.9390419537) (-20.6511754631)
continue (0.9435007297) (-20.7583912683)
continue (0.9479596448) (-20.9004367516)
continue (0.9524111317) (-21.1119890878)
continue (0.9531313595) (-21.1666437628)
continue (0.9538446901) (-21.2266429438)
continue (0.9545580893) (-21.2934059538)
continue (0.9552715550) (-21.3690496587)
continue (0.9559850851) (-21.4568523938)
continue (0.9566986776) (-21.5623096720)
continue (0.9574113244) (-21.6957206389)
continue (0.9581250337) (-21.8802098217)
continue (0.9588387990) (-22.1895618123)
continue (0.9594354567) (-inf)
continue (0.9596273630) (-21.1177031991)
continue (0.9607716931) (-21.1793513358)
continue (0.9619918385) (-21.2461933408)
continue (0.9632120325) (-21.3196599533)
continue (0.9644322638) (-21.4018674498)
continue (0.9656525208) (-21.4960949723)
continue (0.9668727920) (-21.6078378922)
continue (0.9680930657) (-21.7473945146)
continue (0.9693133303) (-21.9378920502)
continue (0.9705335740) (-22.2531129254)
continue (0.9716099949) (-inf)
continue (0.9718043363) (-21.5787252088)
continue (0.9724931975) (-21.6335079347)
continue (0.9732326966) (-21.6936629126)
continue (0.9739722802) (-21.7605803869)
continue (0.9747119461) (-21.8363735586)
continue (0.9754506480) (-21.9243253237)
continue (0.9761904704) (-22.0299289465)
continue (0.9769303686) (-22.1634834699)
continue (0.9776692914) (-22.3481136245)
continue (0.9784093329) (-22.6576069312)
continue (0.9790220836) (-inf)
continue (0.9792179076) (-21.9168558569)
continue (0.9796262717) (-21.9681715842)
continue (0.9801046187) (-22.0249649824)
continue (0.9805823779) (-22.0885659163)
continue (0.9810606032) (-22.1610892312)
continue (0.9815392951) (-22.2458160850)
continue (0.9820173961) (-22.3482394893)
continue (0.9824949039) (-22.4786592056)
continue (0.9829728762) (-22.6602008648)
continue (0.9834513138) (-22.9666486330)
continue (0.9837787230) (-inf)
continue (0.9839754984) (-22.1824346304)
continue (0.9842532892) (-22.2319682625)
continue (0.9845776371) (-22.2868741822)
continue (0.9849011343) (-22.3486047036)
continue (0.9852259094) (-22.4192756896)
continue (0.9855498328) (-22.5021667430)
continue (0.9858739693) (-22.6027728190)
continue (0.9861983191) (-22.7313916098)
continue (0.9865228824) (-22.9111483584)
continue (0.9868465907) (-23.2158300685)
continue (0.9870824973) (-inf)
continue (0.9872799335) (-22.3878521617)
continue (0.9874069046) (-22.4363041936)
continue (0.9876423407) (-22.4901579359)
continue (0.9878789599) (-22.5508426191)
continue (0.9881146211) (-22.6204751237)
continue (0.9883503948) (-22.7023335780)
continue (0.9885862810) (-22.8019150191)
continue (0.9888222799) (-22.9295151326)
continue (0.9890583914) (-23.1082607733)
continue (0.9892935417) (-23.4119379259)
continue (0.9894406051) (-inf)
continue (0.9896385130) (-21.9215431819)
continue (0.9991962399) (-26.1163953391)
continue (1.0439534549) (-26.2650402387)
continue (1.0951411739) (-26.2897133523)
continue (1.1489937849) (-26.2109836732)
continue (1.2053795910) (-26.2749054789)
continue (1.2645947416) (-26.1178740802)
continue (1.3266370226) (-26.0998514393)
continue (1.3918847882) (-26.0622314330)
continue (1.4601297401) (-25.9240882385)
continue (1.5320561043) (-26.0170507114)
continue (1.6071727880) (-25.9617773616)
continue (1.6862823294) (-26.1210762660)
continue (1.7691069129) (-26.1062382379)
continue (1.8559408774) (-26.1904402854)
continue (1.9471516470) (-26.0969643032)
continue (2.0427414724) (-26.1453903619)
continue (2.1431490377) (-26.1122139652)
continue (2.2483764392) (-26.1516261162)
continue (2.3583513737) (-26.0989778268)
continue (2.4742518893) (-26.1784864716)
continue (2.5962021961) (-26.1810486884)
continue (2.7234517956) (-26.1544059068)
continue (2.8575320502) (-26.1456939582)
continue (2.9972889909) (-26.0727323192)
continue (2.9978885086) (-26.0979426892)
continue (3.1444684983) (-26.4011001129)
continue (3.2993011253) (-26.1351923710)
continue (3.3154824080) (-26.1286740521)
continue (3.3316770164) (-26.1448523037)
continue (3.3478830047) (-26.1609514314)
continue (3.3640859670) (-26.1769726850)
continue (3.3802960540) (-26.1929164127)
continue (3.3964985345) (-26.2087853010)
continue (3.4127037129) (-26.2245788918)
continue (3.4289094326) (-26.2402959027)
continue (3.4451134960) (-26.2559371365)
continue (3.4609455785) (-26.2714838952)
continue (3.4783173495) (-26.2385879106)
continue (3.4953146235) (-26.2286227362)
continue (3.5123163736) (-26.2187057247)
continue (3.5293202949) (-26.2088365774)
continue (3.5463240368) (-26.1990150062)
continue (3.5537279767) (-135.7452103126)
continue (3.5544387934) (-26.1947710858)
continue (3.5633252031) (-26.1893522100)
continue (3.5803213519) (-26.1796336582)
continue (3.5973241965) (-26.1699678670)
continue (3.6143172719) (-26.1603529186)
continue (3.6319927095) (-26.1507649087)
continue (3.6491549368) (-26.2882965080)
continue (3.6669965225) (-26.4480598675)
continue (3.6848197184) (-26.6070569577)
continue (3.7026665643) (-26.7653005332)
continue (3.7204896494) (-26.9227993030)
continue (3.7383317846) (-27.0795672448)
continue (3.7481524197) (-65.2469534384)
continue (3.7489021252) (-27.1655157147)
continue (3.7561600736) (-27.2351829902)
continue (3.7740029190) (-27.3903831830)
continue (3.7918425237) (-27.5448230698)
continue (3.8096445268) (-27.6983190507)
continue (3.8125294258) (-27.7019923286)
continue (3.8153867477) (-27.7055580245)
continue (3.8182323571) (-27.7091221176)
continue (3.8210822144) (-27.7126820838)
continue (3.8239363290) (-27.7162398379)
continue (3.8267947105) (-27.7197973612)
continue (3.8296412741) (-27.7233498126)
continue (3.8324920757) (-27.7268991412)
continue (3.8353471248) (-27.7304473640)
continue (3.8381459698) (-45.5587763258)
continue (3.8389136758) (-27.7340036295)
continue (3.8430948760) (-27.7400336190)
continue (3.8479632917) (-27.7460831597)
continue (3.8528440576) (-27.7521248904)
continue (3.8577372208) (-27.7581597727)
continue (3.8626100831) (-27.7641863254)
continue (3.8674952713) (-27.7702055679)
continue (3.8723763766) (-27.7762186036)
continue (3.8772533211) (-27.7822213620)
continue (3.8821260270) (-27.7882175708)
continue (3.8872689984) (-37.6710091446)
continue (3.8880465300) (-27.7942544591)
continue (3.8899644875) (-27.7978223936)
continue (3.8929224712) (-27.8014473762)
continue (3.8958849568) (-27.8050668284)
continue (3.8988519547) (-27.8086859468)
continue (3.9018067686) (-27.8123016496)
continue (3.9047660647) (-27.8159135965)
continue (3.9077130959) (-27.8195243059)
continue (3.9106813613) (-27.8231306037)
continue (3.9136373315) (-27.8267350411)
continue (3.9156676117) (-33.8751698506)
continue (3.9164508235) (-27.8303255659)
continue (3.9185008743) (-27.8326560766)
continue (3.9204226914) (-27.8349813400)
continue (3.9223295118) (-27.8373071760)
continue (3.9242381880) (-27.8396305245)
continue (3.9261487226) (-27.8419512784)
continue (3.9280611185) (-27.8442723630)
continue (3.9299753783) (-27.8465937170)
continue (3.9318915048) (-27.8489122109)
continue (3.9338095006) (-27.8512277320)
continue (3.9359648088) (-31.8303255659)
continue (3.9367520805) (-27.8535618647)
continue (3.9370216616) (-27.8551114707)
continue (3.9383148035) (-27.8566791144)
continue (3.9396087952) (-27.8582493037)
continue (3.9409036375) (-27.8598189007)
continue (3.9421993313) (-27.8613847223)
continue (3.9434958773) (-27.8629530422)
continue (3.9447932764) (-27.8645206878)
continue (3.9460915295) (-27.8660876313)
continue (3.9473906374) (-27.8676538445)
continue (3.9479023104) (-30.6363880201)
continue (3.9486919698) (-27.8693446510)
continue (3.9496318982) (-27.8703552149)
continue (3.9505736443) (-27.8714941096)
continue (3.9515158397) (-27.8726327597)
continue (3.9524584845) (-27.8737711554)
continue (3.9534015792) (-27.8749092869)
continue (3.9543451241) (-27.8760471443)
continue (3.9552891195) (-27.8771847175)
continue (3.9562335657) (-27.8783187148)
continue (3.9571784630) (-27.8794589711)
continue (3.9581922382) (-29.8827287043)
continue (3.9589839558) (-27.8807441107)
continue (3.9963853212) (-27.9200955323)
continue (3.9971846782) (-27.9200955323)
continue (4.1935893733) (-28.5368538633)
continue (4.3980066159) (-28.7358908437)
continue (4.6140099788) (-29.0038387066)
continue (4.8420136600) (-28.9722427953)
continue (5.0795260358) (-29.5926090955)
continue (5.3290466130) (-29.5845258319)
continue (5.5905949130) (-29.8900841370)
continue (5.8640088212) (-29.6838199011)
continue (6.1530517948) (-29.9208187540)
continue (6.4537320879) (-29.9542859411)
continue (6.7752191139) (-29.9956786262)
continue (7.1026264288) (-30.0443603470)
continue (7.4571765206) (-30.0683895936)
continue (7.8220340843) (-30.0976163156)
continue (8.2022229596) (-30.1147518922)
continue (8.6049761172) (-30.0780015687)
continue (9.0313872232) (-30.0742239462)
continue (9.4736144175) (-30.0588365398)
continue (9.9396484600) (-30.0150228736)
continue (10.4275886350) (-29.9763360818)
continue (10.9395794816) (-29.9237237446)
continue (11.4769139901) (-29.8661418748)
continue (12.0410540541) (-29.8060410220)
continue (12.6319236321) (-29.7406450727)
continue (13.2528646134) (-29.6718243386)
continue (13.9039818556) (-29.5998075114)
continue (14.5849387135) (-29.5231683715)
continue (15.3025519868) (-29.4447845949)
continue (16.0547387388) (-29.3644157337)
continue (16.8410085163) (-29.2829955930)
continue (17.6704861512) (-29.2010042656)
continue (18.5367569328) (-29.1177601520)
continue (19.4465849513) (-29.0376780273)
continue (20.4045448011) (-28.9609826780)
continue (21.4063183185) (-28.8961962790)
continue (22.4560613804) (-28.8276890315)
continue (23.5591254089) (-28.7461775613)
continue (24.7156759104) (-28.6677635845)
continue (25.9324692890) (-28.5907433480)
continue (27.2019991288) (-28.5147045613)
continue (28.5395230447) (-28.4429742776)
continue (29.9463348937) (-28.3752024210)
continue (31.4121672119) (-28.3058337041)
continue (32.9572141344) (-28.2361977759)
continue (34.5700671782) (-28.1674272252)
continue (36.2765513860) (-28.1041908498)
continue (38.0487252951) (-28.0549255115)
continue (39.9153294269) (-28.0399575443)
continue (41.8780777030) (-27.9995659225)
continue (43.9376552949) (-27.9366666410)
continue (46.0934229042) (-27.8768019250)
continue (48.3687351813) (-27.8195873672)
continue (50.7386954798) (-27.7664962397)
continue (53.2282109122) (-27.7182850300)
continue (55.8374369373) (-27.6714165503)
continue (58.6023775445) (-27.6258017421)
continue (61.4475368049) (-27.5868679496)
continue (64.4916469085) (-27.5505216008)
continue (67.6515939730) (-27.5137112390)
continue (70.9709478829) (-27.4791236183)
continue (74.4499159164) (-27.4479404658)
continue (78.0862871308) (-27.4209026734)
continue (81.9484685986) (-27.3969639437)
continue (85.9685821525) (-27.3763372926)
continue (90.2244525561) (-27.3595185630)
continue (94.6279305105) (-27.3459197647)
continue (99.2773690834) (-27.3346066497)
continue (104.1567002876) (-27.3255981872)
continue (109.2777276432) (-27.3181258779)
continue (114.6391962280) (-27.3116691819)
continue (120.2675162751) (-27.3071530807)
continue (126.1793091687) (-27.3056580896)
continue (132.3746325997) (-27.3061851461)
continue (138.8703094813) (-27.3075055925)
continue (145.6861663975) (-27.3088300659)
continue (152.8458522000) (-27.3107799627)
continue (160.3496341398) (-27.3134531009)
continue (168.2235500861) (-27.3172233537)
continue (176.4995101330) (-27.3215726776)
continue (185.1792259330) (-27.3257820544)
continue (194.2585740389) (-27.3293831136)
continue (203.8172603034) (-27.3330142817)
continue (213.8120532183) (-27.3371477667)
continue (224.3394807525) (-27.3413209714)
continue (235.3478746943) (-27.3452460667)
continue (246.8889110855) (-27.3490129056)
continue (259.0298382082) (-27.3527148550)
continue (271.6955786573) (-27.3565473235)
continue (285.0381516473) (-27.3604139133)
continue (299.0702234383) (-27.3639134849)
continue (313.7971662591) (-27.3671379599)
continue (329.2149461042) (-27.3701828040)
continue (345.3076812491) (-27.3729415360)
continue (362.3327915771) (-27.3755116375)
continue (380.1697834028) (-27.3782007760)
continue (398.8039259591) (-27.3816380689)
continue (418.3962216788) (-27.3874280459)
continue (438.9532614723) (-27.3965308403)
continue (460.4684036465) (-27.4098271684)
continue (483.1744277924) (-27.4278256864)
continue (506.8225644140) (-27.4483060849)
continue (531.6610098112) (-27.4657199948)
continue (557.6909246123) (-27.4761235244)
continue (585.2710152964) (-27.4805658051)
continue (614.0613010893) (-27.4850539947)
continue (644.0049263721) (-27.4887852989)
continue (675.5129509388) (-27.4918744639)
continue (709.1571757327) (-27.4953932294)
continue (743.8914047481) (-27.4990777608)
continue (780.1943243292) (-27.5027938193)
continue (818.7484014523) (-27.5069604117)
continue (858.8755615612) (-27.5114492835)
continue (901.3520977413) (-27.5157001607)
continue (945.2976875689) (-27.5195618528)
continue (991.6932972211) (-27.5227340046)
continue (1040.3778637019) (-27.5254923609)
continue (1091.4684043795) (-27.5276824537)
continue (1145.0954647103) (-27.5295895090)
continue (1201.4066853216) (-27.5316526696)
continue (1260.3969167586) (-27.5343197884)
continue (1322.2097661295) (-27.5374522712)
continue (1387.2232772362) (-27.5416643740)
continue (1455.2331057433) (-27.5468346075)
continue (1526.6660593340) (-27.5533075336)
continue (1601.8051868807) (-27.5612994671)
continue (1680.3742777364) (-27.5712174885)
continue (1762.9463548393) (-27.5826944168)
continue (1849.5371845270) (-27.5960220363)
continue (1940.5173995240) (-27.6106566887)
continue (2035.8958239867) (-27.6267201067)
continue (2135.6151179200) (-27.6437828658)
continue (2240.6367612895) (-27.6619421246)
continue (2350.4435667177) (-27.6813107301)
continue (2466.2164298145) (-27.7018021329)
continue (2587.3565326986) (-27.7228493860)
continue (2714.5277653156) (-27.7442452134)
continue (2847.7092838014) (-27.7662426370)
continue (2987.7605600540) (-27.7888794587)
continue (3133.6553329314) (-27.8119156263)
continue (3288.5852429320) (-27.8356471442)
continue (3449.1558320078) (-27.8598063214)
continue (3619.0110040368) (-27.8850555843)
continue (3796.9457117352) (-27.9104481171)
continue (3982.8101871349) (-27.9362914406)
continue (4178.2071105752) (-27.9625735021)
continue (4383.1985128257) (-27.9888526392)
continue (4600.0351883718) (-28.0160581410)
continue (4826.6259047482) (-28.0437354973)
continue (5062.5942823136) (-28.0717578168)
continue (5310.4135828465) (-28.1000154375)
continue (5573.4982924554) (-28.1284854413)
continue (5845.2018654038) (-28.1572659811)
continue (6132.3483904203) (-28.1868862460)
continue (6435.5012063309) (-28.2166682371)
continue (6750.1257097515) (-28.2468000858)
continue (7080.5514437953) (-28.2778598745)
continue (7426.7886782107) (-28.3092724561)
continue (7795.2692114325) (-28.3407495312)
continue (8180.1343879395) (-28.3726341434)
continue (8580.6682751079) (-28.4048345852)
continue (8995.7252795307) (-28.4375881671)
continue (9442.2025781417) (-28.4706980022)
continue (9905.0757697441) (-28.5040396051)
continue (10391.9143667061) (-28.5376020021)
continue (10902.9309741141) (-28.5710557100)
continue (11438.0189634299) (-28.6046736069)
continue (11999.8284279228) (-28.6382721640)
continue (12588.2990857364) (-28.6720283764)
continue (13206.7676929921) (-28.7066374453)
continue (13855.3591427164) (-28.7413627173)
continue (14536.0818442568) (-28.7762445463)
continue (15251.3300555055) (-28.8113527040)
continue (15998.3667629294) (-28.8464900107)
continue (16785.1716856964) (-28.8820661650)
continue (17609.0235906562) (-28.9179330657)
continue (18476.6214682980) (-28.9542859411)
continue (19380.4119697247) (-28.9913998282)
continue (20336.2412590149) (-29.0288169591)
continue (21331.1556839058) (-29.0667658713)
continue (22378.8548825259) (-29.1055177850)
continue (23480.2105337917) (-29.1449050488)
continue (24635.4952910640) (-29.1854194840)
continue (25844.2135795932) (-29.2266524580)
continue (27112.9714613644) (-29.2686530245)
continue (28441.5409118744) (-29.3120253800)
continue (29838.4731767013) (-29.3563499618)
continue (31304.2587020425) (-29.4016472901)
continue (32838.4493987912) (-29.4481841776)
continue (34452.4374599794) (-29.4955291375)
continue (36147.0436658650) (-29.5442417969)
continue (37922.0545491659) (-29.5939710550)
continue (39793.3175029020) (-29.6449317937)
continue (41743.7916086329) (-29.6985359269)
continue (43789.8592415404) (-29.7535014192)
continue (45953.9571768258) (-29.8099485822)
continue (48189.6864524831) (-29.8680607048)
continue (50569.7542073505) (-29.9277501024)
continue (53042.3149485714) (-29.9892761346)
continue (55666.8888708892) (-30.0523212601)
continue (58377.1281753015) (-30.1172478444)
continue (61241.0598666973) (-30.1854194840)
continue (64264.2433580011) (-30.2559418341)
continue (67401.4031668977) (-30.3294758422)
continue (70750.5412124578) (-30.4058285209)
continue (74207.4080469427) (-30.4841261563)
continue (77819.5534429083) (-30.5659103616)
continue (81654.7464889298) (-30.6503340159)
continue (85725.9615067221) (-30.7370745307)
continue (89868.5375558636) (-30.8288588490)
continue (94314.5281325250) (-30.9233595563)
continue (98943.2107292569) (-31.0214999307)
continue (103800.7712514473) (-31.1239554498)
continue (108899.0165889647) (-31.2291479884)
continue (114251.1247262358) (-31.3397987986)
continue (119856.2371190920) (-31.4541982428)
continue (125744.0279862641) (-31.5718652060)
continue (131933.8310143994) (-31.6972362915)
continue (138406.2835383439) (-31.8259401923)
continue (145198.6887852862) (-31.9601894459)
continue (152334.8329683143) (-32.1015490808)
continue (159815.3228369794) (-32.2464169411)
continue (167666.4159735890) (-32.4005536243)
continue (175886.3097503294) (-32.5590909179)
continue (184541.7113844586) (-32.7201050200)
continue (193598.2517137149) (-32.8948305720)
continue (203090.4771153235) (-33.0740178997)
continue (213112.0137550178) (-33.2609025539)
continue (223568.9329775408) (-33.4570501512)
continue (234560.3528485087) (-33.6468534538)
continue (246022.4003284170) (-33.8306195047)
continue (258149.2835174097) (-33.9681877287)
continue (270807.4207478325) (-34.0171862379)
continue (284149.3516733571) (-34.0171862379)
continue (298091.9106367211) (-34.0171862379)
continue (312720.3057022843) (-34.0171862379)
continue (328029.8671045559) (-34.0171862379)
continue (344134.0524231330) (-34.0171862379)
continue (361040.7966784692) (-34.0171862379)
continue (378747.7019187267) (-34.0318440629)
continue (397412.5472378789) (-34.0784695865)
continue (416865.0369700166) (-34.1560201555)
continue (437478.1424946981) (-34.2994693430)
continue (458845.4032308441) (-34.6565914062)
continue (481387.7289046257) (-35.7983298204)
continue (505136.9017829581) (-35.8335698862)
continue (529806.3783816607) (-35.8690233084)
continue (555989.6100161417) (-35.9044819577)
continue (583397.5485380642) (-35.9396799713)
continue (611999.3088089029) (-35.9751040399)
continue (3672982.5506507708) (-37.0508540476)
continue (3709712.3761572787) (-50.0000000000)
continue (7354000.0000000000) (-50.0000000000)
f(nu) = -25.0198548734 at 1.0000000000 Ryd
