# Puchwein et al 2019
# z = 1.871000
# E [Ryd] log (J_nu)
interpolate (0.0000000100) (-50.0000000000)
continue (0.0007810860) (-50.0000000000)
continue (0.0007889757) (-17.7986028757)
continue (0.0008276721) (-17.8201610720)
continue (0.0008678733) (-17.8431480989)
continue (0.0009112670) (-17.8674201523)
continue (0.0009556071) (-17.8927900304)
continue (0.0010026042) (-17.9190129531)
continue (0.0010517855) (-17.9453869454)
continue (0.0011034960) (-17.9730583720)
continue (0.0011577525) (-18.0010000278)
continue (0.0012145368) (-18.0295136512)
continue (0.0012741429) (-18.0581905270)
continue (0.0013367566) (-18.0870343793)
continue (0.0014023807) (-18.1161682867)
continue (0.0014712092) (-18.1456332220)
continue (0.0015434739) (-18.1753535853)
continue (0.0016194544) (-18.2051635422)
continue (0.0016988571) (-18.2347040703)
continue (0.0017822550) (-18.2640818835)
continue (0.0018700328) (-18.2933675491)
continue (0.0019618234) (-18.3223930473)
continue (0.0020579652) (-18.3513473049)
continue (0.0021594004) (-18.3800722897)
continue (0.0022651429) (-18.4087127349)
continue (0.0023768048) (-18.4371126187)
continue (0.0024932065) (-18.4649591867)
continue (0.0026155768) (-18.4924139602)
continue (0.0027439535) (-18.5194182132)
continue (0.0028792005) (-18.5459177293)
continue (0.0030204407) (-18.5718652060)
continue (0.0031685222) (-18.5972229304)
continue (0.0033245785) (-18.6217838503)
continue (0.0034874358) (-18.6458915609)
continue (0.0036582375) (-18.6689778290)
continue (0.0038385298) (-18.6914355864)
continue (0.0040268094) (-18.7128703793)
continue (0.0042246962) (-18.7332980331)
continue (0.0044322323) (-18.7527634505)
continue (0.0046493213) (-18.7715996413)
continue (0.0048783028) (-18.7896814802)
continue (0.0051194774) (-18.8079904073)
continue (0.0053698702) (-18.8265223565)
continue (0.0056320579) (-18.8449677712)
continue (0.0059096431) (-18.8635965519)
continue (0.0061990950) (-18.8823973083)
continue (0.0065044038) (-18.9017024635)
continue (0.0068259698) (-18.9215431819)
continue (0.0071584208) (-18.9415739755)
continue (0.0075125059) (-18.9621752494)
continue (0.0078829323) (-18.9825492705)
continue (0.0082692103) (-19.0007824345)
continue (0.0086704755) (-19.0165992618)
continue (0.0090944807) (-19.0295136512)
continue (0.0095460609) (-19.0397195356)
continue (0.0100150233) (-19.0476435227)
continue (0.0105069407) (-19.0533021628)
continue (0.0110229463) (-19.0567033854)
continue (0.0115643017) (-19.0579919470)
continue (0.0121324320) (-19.0570994589)
continue (0.0127271923) (-19.0541376755)
continue (0.0133518970) (-19.0490999106)
continue (0.0140087159) (-19.0418185024)
continue (0.0146954841) (-19.0322648682)
continue (0.0154190689) (-19.0202240673)
continue (0.0161744226) (-19.0056828473)
continue (0.0169695898) (-18.9888526392)
continue (0.0178051382) (-18.9694002780)
continue (0.0186773308) (-18.9480760840)
continue (0.0195971392) (-18.9251835594)
continue (0.0205564397) (-18.9020489290)
continue (0.0215684490) (-18.8810742472)
continue (0.0226289290) (-18.8632794328)
continue (0.0237370922) (-18.8461851357)
continue (0.0249048093) (-18.8297382846)
continue (0.0261257732) (-18.8138916202)
continue (0.0274065254) (-18.7983298204)
continue (0.0287556633) (-18.7822529267)
continue (0.0301644148) (-18.7649768405)
continue (0.0316522046) (-18.7461775613)
continue (0.0332094377) (-18.7260732199)
continue (0.0348343643) (-18.7042130597)
continue (0.0365530273) (-18.6806856959)
continue (0.0383368519) (-18.6597542384)
continue (0.0402325373) (-18.6478174819)
continue (0.0422078263) (-18.6428277423)
continue (0.0442792503) (-18.6399749108)
continue (0.0464458191) (-18.6388390048)
continue (0.0487308541) (-18.6401645177)
continue (0.0511373160) (-18.6455073994)
continue (0.0536354897) (-18.6567884098)
continue (0.0562510476) (-18.6710091446)
continue (0.0590198815) (-18.6846595234)
continue (0.0619488083) (-18.6957249495)
continue (0.0649513165) (-18.7042130597)
continue (0.0681575894) (-18.7133190306)
continue (0.0715280197) (-18.7244583116)
continue (0.0750013968) (-18.7373116557)
continue (0.0786931754) (-18.7517814388)
continue (0.0825422981) (-18.7675121336)
continue (0.0866223356) (-18.7856861026)
continue (0.0908541347) (-18.8054856581)
continue (0.0953507346) (-18.8236193078)
continue (0.1000293052) (-18.8428455601)
continue (0.1049484016) (-18.8610660597)
continue (0.1100962874) (-18.8768019250)
continue (0.1155110877) (-18.8924508703)
continue (0.1211791185) (-18.9090369234)
continue (0.1271298787) (-18.9251835594)
continue (0.1333821679) (-18.9400581119)
continue (0.1399365741) (-18.9566377220)
continue (0.1467891383) (-18.9742846161)
continue (0.1540082763) (-18.9939620450)
continue (0.1615721579) (-19.0147082814)
continue (0.1695065050) (-19.0370627116)
continue (0.1778428905) (-19.0607304137)
continue (0.1865820989) (-19.0841254971)
continue (0.1957188511) (-19.1110346557)
continue (0.2053328010) (-19.1433919316)
continue (0.2154295439) (-19.1778319206)
continue (0.2260086733) (-19.2158107946)
continue (0.2371238540) (-19.2496459112)
continue (0.2487761318) (-19.2681695797)
continue (0.2609584682) (-19.2803373170)
continue (0.2738182004) (-19.2943928366)
continue (0.2872846692) (-19.3089185079)
continue (0.3013448978) (-19.3235807683)
continue (0.3161925645) (-19.3371477667)
continue (0.3317316967) (-19.3506651413)
continue (0.3479446242) (-19.3645162532)
continue (0.3650909338) (-19.3766473185)
continue (0.3830462256) (-19.3906190557)
continue (0.4017931970) (-19.4079343296)
continue (0.4214925859) (-19.4291069638)
continue (0.4421479723) (-19.4523483416)
continue (0.4639852194) (-19.4775557665)
continue (0.4867879118) (-19.5061238891)
continue (0.5105137091) (-19.5382014425)
continue (0.5357242627) (-19.5738141748)
continue (0.5621634613) (-19.6122543404)
continue (0.5898168096) (-19.6489771474)
continue (0.6186469591) (-19.6912222263)
continue (0.6490505490) (-19.7456936677)
continue (0.6810664954) (-19.8082696066)
continue (0.7141590680) (-19.8827287043)
continue (0.7493222477) (-19.9535048357)
continue (0.7494721272) (-20.1322379753)
continue (0.7862527790) (-20.2367966996)
continue (0.8246759917) (-20.3817426552)
continue (0.8288690942) (-20.4037900938)
continue (0.8329222993) (-20.4229174110)
continue (0.8369692137) (-20.4420719409)
continue (0.8410245965) (-20.4612428356)
continue (0.8450724461) (-20.4804423764)
continue (0.8491277985) (-20.4995151534)
continue (0.8531743306) (-20.5185903390)
continue (0.8572273582) (-20.5376993549)
continue (0.8612783740) (-20.5573258610)
continue (0.8654007320) (-20.5775743236)
continue (0.8695793374) (-20.6039227609)
continue (0.8738320076) (-20.6292168325)
continue (0.8780757090) (-20.6531074272)
continue (0.8823266565) (-20.6771875747)
continue (0.8865758338) (-20.7014918773)
continue (0.8880856269) (-20.7121982701)
continue (0.8882632618) (-20.6970200633)
continue (0.8908313008) (-20.7110558334)
continue (0.8950838547) (-20.7358577468)
continue (0.8993328242) (-20.7601401796)
continue (0.9035775261) (-20.7846612324)
continue (0.9076364251) (-20.8093882022)
continue (0.9122887342) (-20.8421867550)
continue (0.9167472861) (-20.8737127035)
continue (0.9212067921) (-20.9035279766)
continue (0.9256657008) (-20.9344538949)
continue (0.9301243111) (-20.9666446111)
continue (0.9345829462) (-21.0002380586)
continue (0.9369417514) (-21.0194512606)
continue (0.9371291585) (-21.0115302298)
continue (0.9390419537) (-21.0255845720)
continue (0.9435007297) (-21.0578907061)
continue (0.9479596448) (-21.0916093566)
continue (0.9524111317) (-21.1269120144)
continue (0.9531313595) (-21.1329611253)
continue (0.9538446901) (-21.1392398847)
continue (0.9545580893) (-21.1454292104)
continue (0.9552715550) (-21.1515300684)
continue (0.9559850851) (-21.1575424155)
continue (0.9566986776) (-21.1634651190)
continue (0.9574113244) (-21.1692984423)
continue (0.9581250337) (-21.1750421859)
continue (0.9588387990) (-21.1806963089)
continue (0.9594354567) (-21.1862856081)
continue (0.9596273630) (-21.1812464095)
continue (0.9607716931) (-21.1904631790)
continue (0.9619918385) (-21.1994066308)
continue (0.9632120325) (-21.2080940112)
continue (0.9644322638) (-21.2165252124)
continue (0.9656525208) (-21.2247027355)
continue (0.9668727920) (-21.2326266699)
continue (0.9680930657) (-21.2402989236)
continue (0.9693133303) (-21.2477225511)
continue (0.9705335740) (-21.2548986517)
continue (0.9716099949) (-21.2618539113)
continue (0.9718043363) (-21.2582970160)
continue (0.9724931975) (-21.2623748691)
continue (0.9732326966) (-21.2663397878)
continue (0.9739722802) (-21.2702190467)
continue (0.9747119461) (-21.2740124544)
continue (0.9754506480) (-21.2777207316)
continue (0.9761904704) (-21.2813447160)
continue (0.9769303686) (-21.2848853632)
continue (0.9776692914) (-21.2883429026)
continue (0.9784093329) (-21.2917193546)
continue (0.9790220836) (-21.2949920407)
continue (0.9792179076) (-21.2924298239)
continue (0.9796262717) (-21.2944698308)
continue (0.9801046187) (-21.2965125886)
continue (0.9805823779) (-21.2985235459)
continue (0.9810606032) (-21.3005022144)
continue (0.9815392951) (-21.3024481085)
continue (0.9820173961) (-21.3043624958)
continue (0.9824949039) (-21.3062449196)
continue (0.9829728762) (-21.3080958087)
continue (0.9834513138) (-21.3099156101)
continue (0.9837787230) (-21.3116691819)
continue (0.9839754984) (-21.3096266931)
continue (0.9842532892) (-21.3108421488)
continue (0.9845776371) (-21.3120191440)
continue (0.9849011343) (-21.3131823658)
continue (0.9852259094) (-21.3143316947)
continue (0.9855498328) (-21.3154670120)
continue (0.9858739693) (-21.3165890998)
continue (0.9861983191) (-21.3176978476)
continue (0.9865228824) (-21.3187931456)
continue (0.9868465907) (-21.3198748848)
continue (0.9870824973) (-21.3209356819)
continue (0.9872799335) (-21.3193019703)
continue (0.9874069046) (-21.3200400099)
continue (0.9876423407) (-21.3208002133)
continue (0.9878789599) (-21.3215535541)
continue (0.9881146211) (-21.3222999941)
continue (0.9883503948) (-21.3230394956)
continue (0.9885862810) (-21.3237729360)
continue (0.9888222799) (-21.3244984489)
continue (0.9890583914) (-21.3252178291)
continue (0.9892935417) (-21.3259310440)
continue (0.9894406051) (-21.3266104218)
continue (0.9896385130) (-21.3252306860)
continue (0.9991962399) (-21.3488189376)
continue (1.0439534549) (-21.3881705205)
continue (1.0951411739) (-21.4251588049)
continue (1.1489937849) (-21.4585455713)
continue (1.2053795910) (-21.4925489391)
continue (1.2645947416) (-21.5304725208)
continue (1.3266370226) (-21.5676722077)
continue (1.3918847882) (-21.6025814576)
continue (1.4601297401) (-21.6373290703)
continue (1.5320561043) (-21.6753060861)
continue (1.6071727880) (-21.7160207158)
continue (1.6862823294) (-21.7505570386)
continue (1.7691069129) (-21.7838340977)
continue (1.8559408774) (-21.8198741248)
continue (1.9471516470) (-21.8544928286)
continue (2.0427414724) (-21.8870600239)
continue (2.1431490377) (-21.9147094218)
continue (2.2483764392) (-21.9408153824)
continue (2.3583513737) (-21.9613798381)
continue (2.4742518893) (-21.9842212436)
continue (2.5962021961) (-22.0114856342)
continue (2.7234517956) (-22.0381519410)
continue (2.8575320502) (-22.0686947186)
continue (2.9972889909) (-22.0997421416)
continue (2.9978885086) (-22.2841637248)
continue (3.1444684983) (-22.3494982051)
continue (3.2993011253) (-22.4245812088)
continue (3.3154824080) (-22.4326947863)
continue (3.3316770164) (-22.4409268711)
continue (3.3478830047) (-22.4492874645)
continue (3.3640859670) (-22.4576676340)
continue (3.3802960540) (-22.4661326563)
continue (3.3964985345) (-22.4749863077)
continue (3.4127037129) (-22.4843380589)
continue (3.4289094326) (-22.4939281251)
continue (3.4451134960) (-22.5035727089)
continue (3.4609455785) (-22.5131446447)
continue (3.4783173495) (-22.5212055957)
continue (3.4953146235) (-22.5312082622)
continue (3.5123163736) (-22.5414074710)
continue (3.5293202949) (-22.5516833289)
continue (3.5463240368) (-22.5621036402)
continue (3.5537279767) (-22.5667103148)
continue (3.5544387934) (-22.5106040783)
continue (3.5633252031) (-22.5157813315)
continue (3.5803213519) (-22.5256482222)
continue (3.5973241965) (-22.5358101208)
continue (3.6143172719) (-22.5460826246)
continue (3.6319927095) (-22.5564241202)
continue (3.6491549368) (-22.5618897874)
continue (3.6669965225) (-22.5728109876)
continue (3.6848197184) (-22.5841455945)
continue (3.7026665643) (-22.5957360273)
continue (3.7204896494) (-22.6076618835)
continue (3.7383317846) (-22.6198267607)
continue (3.7481524197) (-22.6267201067)
continue (3.7489021252) (-22.5961933895)
continue (3.7561600736) (-22.6015356802)
continue (3.7740029190) (-22.6134939003)
continue (3.7918425237) (-22.6256641547)
continue (3.8096445268) (-22.6378946807)
continue (3.8125294258) (-22.6297127208)
continue (3.8153867477) (-22.6315271616)
continue (3.8182323571) (-22.6333585496)
continue (3.8210822144) (-22.6352089427)
continue (3.8239363290) (-22.6370785518)
continue (3.8267947105) (-22.6389657004)
continue (3.8296412741) (-22.6408705828)
continue (3.8324920757) (-22.6427933970)
continue (3.8353471248) (-22.6447305117)
continue (3.8381459698) (-22.6466609047)
continue (3.8389136758) (-22.6272720591)
continue (3.8430948760) (-22.6304724533)
continue (3.8479632917) (-22.6337694825)
continue (3.8528440576) (-22.6371086817)
continue (3.8577372208) (-22.6404908352)
continue (3.8626100831) (-22.6439129250)
continue (3.8674952713) (-22.6473718349)
continue (3.8723763766) (-22.6508701772)
continue (3.8772533211) (-22.6544067268)
continue (3.8821260270) (-22.6579782395)
continue (3.8872689984) (-22.6615435064)
continue (3.8880465300) (-22.6478174819)
continue (3.8899644875) (-22.6500060407)
continue (3.8929224712) (-22.6521627908)
continue (3.8958849568) (-22.6543303050)
continue (3.8988519547) (-22.6565086913)
continue (3.9018067686) (-22.6587000385)
continue (3.9047660647) (-22.6609005096)
continue (3.9077130959) (-22.6631141862)
continue (3.9106813613) (-22.6653371944)
continue (3.9136373315) (-22.6675716401)
continue (3.9156676117) (-22.6697892154)
continue (3.9164508235) (-22.6595558852)
continue (3.9185008743) (-22.6610019721)
continue (3.9204226914) (-22.6624349235)
continue (3.9223295118) (-22.6638706157)
continue (3.9242381880) (-22.6653110697)
continue (3.9261487226) (-22.6667563173)
continue (3.9280611185) (-22.6682043674)
continue (3.9299753783) (-22.6696572619)
continue (3.9318915048) (-22.6711129967)
continue (3.9338095006) (-22.6725736275)
continue (3.9359648088) (-22.6740740442)
continue (3.9367520805) (-22.6661498549)
continue (3.9370216616) (-22.6670447343)
continue (3.9383148035) (-22.6680263829)
continue (3.9396087952) (-22.6690102553)
continue (3.9409036375) (-22.6699963618)
continue (3.9421993313) (-22.6709826764)
continue (3.9434958773) (-22.6719712361)
continue (3.9447932764) (-22.6729620512)
continue (3.9460915295) (-22.6739551319)
continue (3.9473906374) (-22.6749484340)
continue (3.9479023104) (-22.6759234203)
continue (3.9486919698) (-22.6695862267)
continue (3.9496318982) (-22.6702462874)
continue (3.9505736443) (-22.6709643532)
continue (3.9515158397) (-22.6716815691)
continue (3.9524584845) (-22.6724020140)
continue (3.9534015792) (-22.6731216100)
continue (3.9543451241) (-22.6738424003)
continue (3.9552891195) (-22.6745643888)
continue (3.9562335657) (-22.6752875797)
continue (3.9571784630) (-22.6760099171)
continue (3.9581922382) (-22.6767478998)
continue (3.9589839558) (-22.6714165503)
continue (3.9963853212) (-22.7015836199)
continue (3.9971846782) (-22.7015836199)
continue (4.1935893733) (-22.8563607647)
continue (4.3980066159) (-22.9215431819)
continue (4.6140099788) (-22.9500071431)
continue (4.8420136600) (-22.9677842967)
continue (5.0795260358) (-22.9829666607)
continue (5.3290466130) (-22.9974020193)
continue (5.5905949130) (-23.0122443833)
continue (5.8640088212) (-23.0277045714)
continue (6.1530517948) (-23.0437354973)
continue (6.4537320879) (-23.0599818450)
continue (6.7752191139) (-23.0765487304)
continue (7.1026264288) (-23.0932879431)
continue (7.4571765206) (-23.1101942481)
continue (7.8220340843) (-23.1272029600)
continue (8.2022229596) (-23.1443597191)
continue (8.6049761172) (-23.1617177501)
continue (9.0313872232) (-23.1792076189)
continue (9.4736144175) (-23.1968844451)
continue (9.9396484600) (-23.2148125800)
continue (10.4275886350) (-23.2330669062)
continue (10.9395794816) (-23.2517344273)
continue (11.4769139901) (-23.2709162430)
continue (12.0410540541) (-23.2905604259)
continue (12.6319236321) (-23.3108688028)
continue (13.2528646134) (-23.3314277308)
continue (13.9039818556) (-23.3528127021)
continue (14.5849387135) (-23.3747904746)
continue (15.3025519868) (-23.3975059312)
continue (16.0547387388) (-23.4209026734)
continue (16.8410085163) (-23.4451475656)
continue (17.6704861512) (-23.4699284312)
continue (18.5367569328) (-23.4952573637)
continue (19.4465849513) (-23.5212892445)
continue (20.4045448011) (-23.5480601306)
continue (21.4063183185) (-23.5752816627)
continue (22.4560613804) (-23.6029294500)
continue (23.5591254089) (-23.6313412876)
continue (24.7156759104) (-23.6601512170)
continue (25.9324692890) (-23.6895191085)
continue (27.2019991288) (-23.7194216296)
continue (28.5395230447) (-23.7498240519)
continue (29.9463348937) (-23.7806774916)
continue (31.4121672119) (-23.8119156263)
continue (32.9572141344) (-23.8434508487)
continue (34.5700671782) (-23.8754957752)
continue (36.2765513860) (-23.9079815292)
continue (38.0487252951) (-23.9408153824)
continue (39.9153294269) (-23.9738754833)
continue (41.8780777030) (-24.0072697960)
continue (43.9376552949) (-24.0409108856)
continue (46.0934229042) (-24.0747394905)
continue (48.3687351813) (-24.1087413831)
continue (50.7386954798) (-24.1429692017)
continue (53.2282109122) (-24.1772436670)
continue (55.8374369373) (-24.2116901879)
continue (58.6023775445) (-24.2462637778)
continue (61.4475368049) (-24.2809174261)
continue (64.4916469085) (-24.3156035216)
continue (67.6515939730) (-24.3494011018)
continue (70.9709478829) (-24.3812199755)
continue (74.4499159164) (-24.4097155963)
continue (78.0862871308) (-24.4354522882)
continue (81.9484685986) (-24.4584207561)
continue (85.9685821525) (-24.4709548292)
continue (90.2244525561) (-24.4779471991)
continue (94.6279305105) (-24.4851867050)
continue (99.2773690834) (-24.4926839599)
continue (104.1567002876) (-24.5003129174)
continue (109.2777276432) (-24.5082182244)
continue (114.6391962280) (-24.5159850373)
continue (120.2675162751) (-24.5240384108)
continue (126.1793091687) (-24.5322439488)
continue (132.3746325997) (-24.5409092104)
continue (138.8703094813) (-24.5494429906)
continue (145.6861663975) (-24.5575202309)
continue (152.8458522000) (-24.5654310960)
continue (160.3496341398) (-24.5734887386)
continue (168.2235500861) (-24.5815329791)
continue (176.4995101330) (-24.5892227666)
continue (185.1792259330) (-24.5967078548)
continue (194.2585740389) (-24.6036262725)
continue (203.8172603034) (-24.6104795342)
continue (213.8120532183) (-24.6172627342)
continue (224.3394807525) (-24.6237881497)
continue (235.3478746943) (-24.6302277114)
continue (246.8889110855) (-24.6362000545)
continue (259.0298382082) (-24.6422556748)
continue (271.6955786573) (-24.6482036931)
continue (285.0381516473) (-24.6540384582)
continue (299.0702234383) (-24.6599526823)
continue (313.7971662591) (-24.6659485597)
continue (329.2149461042) (-24.6722325101)
continue (345.3076812491) (-24.6788159727)
continue (362.3327915771) (-24.6863436534)
continue (380.1697834028) (-24.6946486306)
continue (398.8039259591) (-24.7039933307)
continue (418.3962216788) (-24.7142177262)
continue (438.9532614723) (-24.7258421507)
continue (460.4684036465) (-24.7384992268)
continue (483.1744277924) (-24.7525177393)
continue (506.8225644140) (-24.7662426370)
continue (531.6610098112) (-24.7775436633)
continue (557.6909246123) (-24.7848914189)
continue (585.2710152964) (-24.7899491501)
continue (614.0613010893) (-24.7950664776)
continue (644.0049263721) (-24.7996968170)
continue (675.5129509388) (-24.8041003476)
continue (709.1571757327) (-24.8085489855)
continue (743.8914047481) (-24.8130436645)
continue (780.1943243292) (-24.8175853476)
continue (818.7484014523) (-24.8221750281)
continue (858.8755615612) (-24.8265223565)
continue (901.3520977413) (-24.8309136425)
continue (945.2976875689) (-24.8350526274)
continue (991.6932972211) (-24.8389316145)
continue (1040.3778637019) (-24.8428455601)
continue (1091.4684043795) (-24.8467950999)
continue (1145.0954647103) (-24.8510890069)
continue (1201.4066853216) (-24.8560488836)
continue (1260.3969167586) (-24.8616973018)
continue (1322.2097661295) (-24.8687022034)
continue (1387.2232772362) (-24.8764750191)
continue (1455.2331057433) (-24.8853890158)
continue (1526.6660593340) (-24.8958544494)
continue (1601.8051868807) (-24.9076303004)
continue (1680.3742777364) (-24.9211808169)
continue (1762.9463548393) (-24.9355420108)
continue (1849.5371845270) (-24.9515581964)
continue (1940.5173995240) (-24.9689957186)
continue (2035.8958239867) (-24.9871627753)
continue (2135.6151179200) (-25.0062993052)
continue (2240.6367612895) (-25.0263180815)
continue (2350.4435667177) (-25.0472075570)
continue (2466.2164298145) (-25.0688982544)
continue (2587.3565326986) (-25.0911398270)
continue (2714.5277653156) (-25.1137913758)
continue (2847.7092838014) (-25.1370937864)
continue (2987.7605600540) (-25.1608363171)
continue (3133.6553329314) (-25.1850868187)
continue (3288.5852429320) (-25.2098556350)
continue (3449.1558320078) (-25.2352262831)
continue (3619.0110040368) (-25.2611401979)
continue (3796.9457117352) (-25.2874344721)
continue (3982.8101871349) (-25.3140792078)
continue (4178.2071105752) (-25.3412256792)
continue (4383.1985128257) (-25.3686577135)
continue (4600.0351883718) (-25.3965308403)
continue (4826.6259047482) (-25.4249276743)
continue (5062.5942823136) (-25.4535807332)
continue (5310.4135828465) (-25.4826721177)
continue (5573.4982924554) (-25.5120136689)
continue (5845.2018654038) (-25.5418155644)
continue (6132.3483904203) (-25.5721894273)
continue (6435.5012063309) (-25.6029294500)
continue (6750.1257097515) (-25.6339507902)
continue (7080.5514437953) (-25.6655462488)
continue (7426.7886782107) (-25.6974526275)
continue (7795.2692114325) (-25.7297871451)
continue (8180.1343879395) (-25.7622050067)
continue (8580.6682751079) (-25.7950664776)
continue (8995.7252795307) (-25.8282735463)
continue (9442.2025781417) (-25.8616973018)
continue (9905.0757697441) (-25.8951715963)
continue (10391.9143667061) (-25.9292235372)
continue (10902.9309741141) (-25.9629721202)
continue (11438.0189634299) (-25.9969705294)
continue (11999.8284279228) (-26.0314236648)
continue (12588.2990857364) (-26.0660068362)
continue (13206.7676929921) (-26.1010555331)
continue (13855.3591427164) (-26.1363203321)
continue (14536.0818442568) (-26.1717913855)
continue (15251.3300555055) (-26.2076783636)
continue (15998.3667629294) (-26.2438204832)
continue (16785.1716856964) (-26.2803373170)
continue (17609.0235906562) (-26.3174037085)
continue (18476.6214682980) (-26.3549709353)
continue (19380.4119697247) (-26.3932962587)
continue (20336.2412590149) (-26.4321505494)
continue (21331.1556839058) (-26.4717262228)
continue (22378.8548825259) (-26.5121548799)
continue (23480.2105337917) (-26.5534628329)
continue (24635.4952910640) (-26.5956795328)
continue (25844.2135795932) (-26.6388390048)
continue (27112.9714613644) (-26.6829818990)
continue (28441.5409118744) (-26.7283906986)
continue (29838.4731767013) (-26.7746907183)
continue (31304.2587020425) (-26.8221750281)
continue (32838.4493987912) (-26.8709549401)
continue (34452.4374599794) (-26.9208187540)
continue (36147.0436658650) (-26.9718355806)
continue (37922.0545491659) (-27.0244303421)
continue (39793.3175029020) (-27.0785216196)
continue (41743.7916086329) (-27.1347183150)
continue (43789.8592415404) (-27.1923973301)
continue (45953.9571768258) (-27.2517344273)
continue (48189.6864524831) (-27.3127386538)
continue (50569.7542073505) (-27.3755116375)
continue (53042.3149485714) (-27.4403327216)
continue (55666.8888708892) (-27.5070999889)
continue (58377.1281753015) (-27.5760990815)
continue (61241.0598666973) (-27.6480105446)
continue (64264.2433580011) (-27.7223907857)
continue (67401.4031668977) (-27.7994230732)
continue (70750.5412124578) (-27.8794260688)
continue (74207.4080469427) (-27.9617773616)
continue (77819.5534429083) (-28.0476435227)
continue (81654.7464889298) (-28.1360232161)
continue (85725.9615067221) (-28.2274582674)
continue (89868.5375558636) (-28.3232149696)
continue (94314.5281325250) (-28.4219341162)
continue (98943.2107292569) (-28.5244740850)
continue (103800.7712514473) (-28.6309697782)
continue (108899.0165889647) (-28.7406450727)
continue (114251.1247262358) (-28.8554257924)
continue (119856.2371190920) (-28.9738754833)
continue (125744.0279862641) (-29.0958256317)
continue (131933.8310143994) (-29.2238074853)
continue (138406.2835383439) (-29.3546759984)
continue (145198.6887852862) (-29.4895890520)
continue (152334.8329683143) (-29.6267201067)
continue (159815.3228369794) (-29.7619538969)
continue (167666.4159735890) (-29.8944898152)
continue (175886.3097503294) (-30.0148430787)
continue (184541.7113844586) (-30.1178740802)
continue (193598.2517137149) (-30.2029403053)
continue (203090.4771153235) (-30.2568823748)
continue (213112.0137550178) (-30.2951633938)
continue (223568.9329775408) (-30.3305901327)
continue (234560.3528485087) (-30.3660268442)
continue (246022.4003284170) (-30.4014283365)
continue (258149.2835174097) (-30.4367562989)
continue (270807.4207478325) (-30.4722412475)
continue (284149.3516733571) (-30.5075189899)
continue (298091.9106367211) (-30.5430269864)
continue (312720.3057022843) (-30.5783960731)
continue (328029.8671045559) (-30.6138578911)
continue (344134.0524231330) (-30.6491707264)
continue (361040.7966784692) (-30.6846595234)
continue (378747.7019187267) (-30.7198771037)
continue (397412.5472378789) (-30.7554754884)
continue (416865.0369700166) (-30.7907531512)
continue (437478.1424946981) (-30.8262311769)
continue (458845.4032308441) (-30.8616973018)
continue (481387.7289046257) (-30.8968807465)
continue (505136.9017829581) (-30.9325571572)
continue (529806.3783816607) (-30.9677842967)
continue (555989.6100161417) (-31.0031819781)
continue (583397.5485380642) (-31.0385789059)
continue (611999.3088089029) (-31.0739664033)
continue (3672982.5506507708) (-32.1495988520)
continue (3709712.3761572787) (-50.0000000000)
continue (7354000.0000000000) (-50.0000000000)
f(nu) = -20.2503157581 at 1.0000000000 Ryd
