# Puchwein et al 2019
# z = 2.479000
# E [Ryd] log (J_nu)
interpolate (0.0000000100) (-50.0000000000)
continue (0.0007810860) (-50.0000000000)
continue (0.0007889757) (-17.7731424297)
continue (0.0008276721) (-17.7945249633)
continue (0.0008678733) (-17.8173000967)
continue (0.0009112670) (-17.8416375079)
continue (0.0009556071) (-17.8671002301)
continue (0.0010026042) (-17.8931294555)
continue (0.0010517855) (-17.9197343727)
continue (0.0011034960) (-17.9473060581)
continue (0.0011577525) (-17.9759250127)
continue (0.0012145368) (-18.0048037084)
continue (0.0012741429) (-18.0339052206)
continue (0.0013367566) (-18.0632350024)
continue (0.0014023807) (-18.0929112549)
continue (0.0014712092) (-18.1230320326)
continue (0.0015434739) (-18.1535391749)
continue (0.0016194544) (-18.1841567093)
continue (0.0016988571) (-18.2146701650)
continue (0.0017822550) (-18.2449640662)
continue (0.0018700328) (-18.2752327544)
continue (0.0019618234) (-18.3053948011)
continue (0.0020579652) (-18.3354520378)
continue (0.0021594004) (-18.3654219771)
continue (0.0022651429) (-18.3954499674)
continue (0.0023768048) (-18.4252744164)
continue (0.0024932065) (-18.4546928835)
continue (0.0026155768) (-18.4835968516)
continue (0.0027439535) (-18.5121548799)
continue (0.0028792005) (-18.5403060235)
continue (0.0030204407) (-18.5678327306)
continue (0.0031685222) (-18.5948244538)
continue (0.0033245785) (-18.6214204239)
continue (0.0034874358) (-18.6472388083)
continue (0.0036582375) (-18.6724367398)
continue (0.0038385298) (-18.6968039426)
continue (0.0040268094) (-18.7203330560)
continue (0.0042246962) (-18.7428015739)
continue (0.0044322323) (-18.7642191297)
continue (0.0046493213) (-18.7846268472)
continue (0.0048783028) (-18.8043770564)
continue (0.0051194774) (-18.8239087409)
continue (0.0053698702) (-18.8434508487)
continue (0.0056320579) (-18.8629625452)
continue (0.0059096431) (-18.8827287043)
continue (0.0061990950) (-18.9023956711)
continue (0.0065044038) (-18.9222688203)
continue (0.0068259698) (-18.9430951487)
continue (0.0071584208) (-18.9641701747)
continue (0.0075125059) (-18.9863203027)
continue (0.0078829323) (-19.0087739243)
continue (0.0082692103) (-19.0295136512)
continue (0.0086704755) (-19.0479344098)
continue (0.0090944807) (-19.0634862575)
continue (0.0095460609) (-19.0763933570)
continue (0.0100150233) (-19.0871405248)
continue (0.0105069407) (-19.0955008446)
continue (0.0110229463) (-19.1014942145)
continue (0.0115643017) (-19.1049644025)
continue (0.0121324320) (-19.1059609992)
continue (0.0127271923) (-19.1045774540)
continue (0.0133518970) (-19.1010007291)
continue (0.0140087159) (-19.0953385421)
continue (0.0146954841) (-19.0877247895)
continue (0.0154190689) (-19.0777937226)
continue (0.0161744226) (-19.0652491253)
continue (0.0169695898) (-19.0498786525)
continue (0.0178051382) (-19.0314703556)
continue (0.0186773308) (-19.0101943491)
continue (0.0195971392) (-18.9863203027)
continue (0.0205564397) (-18.9605858808)
continue (0.0215684490) (-18.9374180158)
continue (0.0226289290) (-18.9172146297)
continue (0.0237370922) (-18.8972233851)
continue (0.0249048093) (-18.8781120149)
continue (0.0261257732) (-18.8604357338)
continue (0.0274065254) (-18.8437538096)
continue (0.0287556633) (-18.8276890315)
continue (0.0301644148) (-18.8116340739)
continue (0.0316522046) (-18.7937139556)
continue (0.0332094377) (-18.7741740085)
continue (0.0348343643) (-18.7512912644)
continue (0.0365530273) (-18.7251496800)
continue (0.0383368519) (-18.7002748460)
continue (0.0402325373) (-18.6844494656)
continue (0.0422078263) (-18.6763354644)
continue (0.0442792503) (-18.6699922991)
continue (0.0464458191) (-18.6653452331)
continue (0.0487308541) (-18.6629402737)
continue (0.0511373160) (-18.6651443104)
continue (0.0536354897) (-18.6738690433)
continue (0.0562510476) (-18.6869768897)
continue (0.0590198815) (-18.7000571000)
continue (0.0619488083) (-18.7101881609)
continue (0.0649513165) (-18.7171513972)
continue (0.0681575894) (-18.7239980100)
continue (0.0715280197) (-18.7323590177)
continue (0.0750013968) (-18.7420815497)
continue (0.0786931754) (-18.7527634505)
continue (0.0825422981) (-18.7649768405)
continue (0.0866223356) (-18.7796303675)
continue (0.0908541347) (-18.7958800173)
continue (0.0953507346) (-18.8110715162)
continue (0.1000293052) (-18.8276890315)
continue (0.1049484016) (-18.8434508487)
continue (0.1100962874) (-18.8566728700)
continue (0.1155110877) (-18.8699880503)
continue (0.1211791185) (-18.8840568231)
continue (0.1271298787) (-18.8972233851)
continue (0.1333821679) (-18.9086848403)
continue (0.1399365741) (-18.9219058496)
continue (0.1467891383) (-18.9359165640)
continue (0.1540082763) (-18.9503943874)
continue (0.1615721579) (-18.9669785553)
continue (0.1695065050) (-18.9846402446)
continue (0.1778428905) (-19.0038825239)
continue (0.1865820989) (-19.0223221123)
continue (0.1957188511) (-19.0446009134)
continue (0.2053328010) (-19.0733489229)
continue (0.2154295439) (-19.1050750226)
continue (0.2260086733) (-19.1417636646)
continue (0.2371238540) (-19.1751585282)
continue (0.2487761318) (-19.1907770783)
continue (0.2609584682) (-19.1980477651)
continue (0.2738182004) (-19.2074682381)
continue (0.2872846692) (-19.2166682371)
continue (0.3013448978) (-19.2259942697)
continue (0.3161925645) (-19.2361229685)
continue (0.3317316967) (-19.2454223440)
continue (0.3479446242) (-19.2550814576)
continue (0.3650909338) (-19.2651201972)
continue (0.3830462256) (-19.2736803879)
continue (0.4017931970) (-19.2867615385)
continue (0.4214925859) (-19.3039932848)
continue (0.4421479723) (-19.3197551630)
continue (0.4639852194) (-19.3389449151)
continue (0.4867879118) (-19.3615107430)
continue (0.5105137091) (-19.3878521617)
continue (0.5357242627) (-19.4175957020)
continue (0.5621634613) (-19.4495270429)
continue (0.5898168096) (-19.4787311244)
continue (0.6186469591) (-19.5125787886)
continue (0.6490505490) (-19.5575202309)
continue (0.6810664954) (-19.6095948435)
continue (0.7141590680) (-19.6728454876)
continue (0.7493222477) (-19.7295540920)
continue (0.7494721272) (-19.9292235372)
continue (0.7862527790) (-20.0257647226)
continue (0.8246759917) (-20.1688984355)
continue (0.8288690942) (-20.1916721953)
continue (0.8329222993) (-20.2112244656)
continue (0.8369692137) (-20.2308871718)
continue (0.8410245965) (-20.2506587475)
continue (0.8450724461) (-20.2705517150)
continue (0.8491277985) (-20.2904180020)
continue (0.8531743306) (-20.3103315980)
continue (0.8572273582) (-20.3303075753)
continue (0.8612783740) (-20.3509437244)
continue (0.8654007320) (-20.3723269682)
continue (0.8695793374) (-20.4012248087)
continue (0.8738320076) (-20.4290066549)
continue (0.8780757090) (-20.4553305642)
continue (0.8823266565) (-20.4821195390)
continue (0.8865758338) (-20.5094235476)
continue (0.8880856269) (-20.5215778123)
continue (0.8882632618) (-20.4902599844)
continue (0.8908313008) (-20.5057827719)
continue (0.8950838547) (-20.5332124276)
continue (0.8993328242) (-20.5601480426)
continue (0.9035775261) (-20.5876201027)
continue (0.9076364251) (-20.6156465859)
continue (0.9122887342) (-20.6548125757)
continue (0.9167472861) (-20.6928271289)
continue (0.9212067921) (-20.7290487964)
continue (0.9256657008) (-20.7673799330)
continue (0.9301243111) (-20.8081858280)
continue (0.9345829462) (-20.8518757026)
continue (0.9369417514) (-20.8774564759)
continue (0.9371291585) (-20.8610660597)
continue (0.9390419537) (-20.8793931689)
continue (0.9435007297) (-20.9222070939)
continue (0.9479596448) (-20.9682603862)
continue (0.9524111317) (-21.0181813928)
continue (0.9531313595) (-21.0266689072)
continue (0.9538446901) (-21.0359502588)
continue (0.9545580893) (-21.0451344838)
continue (0.9552715550) (-21.0542203312)
continue (0.9559850851) (-21.0632068709)
continue (0.9566986776) (-21.0720924914)
continue (0.9574113244) (-21.0808763876)
continue (0.9581250337) (-21.0895570336)
continue (0.9588387990) (-21.0981326427)
continue (0.9594354567) (-21.1066266698)
continue (0.9596273630) (-21.0963674839)
continue (0.9607716931) (-21.1102782157)
continue (0.9619918385) (-21.1238635973)
continue (0.9632120325) (-21.1371301131)
continue (0.9644322638) (-21.1500747159)
continue (0.9656525208) (-21.1626931870)
continue (0.9668727920) (-21.1749830518)
continue (0.9680930657) (-21.1869403442)
continue (0.9693133303) (-21.1985640450)
continue (0.9705335740) (-21.2098507062)
continue (0.9716099949) (-21.2208365762)
continue (0.9718043363) (-21.2136745656)
continue (0.9724931975) (-21.2200501570)
continue (0.9732326966) (-21.2262954499)
continue (0.9739722802) (-21.2324174729)
continue (0.9747119461) (-21.2384179315)
continue (0.9754506480) (-21.2442950858)
continue (0.9761904704) (-21.2500504534)
continue (0.9769303686) (-21.2556843246)
continue (0.9776692914) (-21.2611964594)
continue (0.9784093329) (-21.2665868455)
continue (0.9790220836) (-21.2718898159)
continue (0.9792179076) (-21.2665619729)
continue (0.9796262717) (-21.2698890584)
continue (0.9801046187) (-21.2731432553)
continue (0.9805823779) (-21.2763489804)
continue (0.9810606032) (-21.2795041454)
continue (0.9815392951) (-21.2826116304)
continue (0.9820173961) (-21.2856702403)
continue (0.9824949039) (-21.2886796222)
continue (0.9829728762) (-21.2916411464)
continue (0.9834513138) (-21.2945545402)
continue (0.9837787230) (-21.2973971587)
continue (0.9839754984) (-21.2933675491)
continue (0.9842532892) (-21.2952310969)
continue (0.9845776371) (-21.2971087010)
continue (0.9849011343) (-21.2989650650)
continue (0.9852259094) (-21.3007990124)
continue (0.9855498328) (-21.3026128399)
continue (0.9858739693) (-21.3044045112)
continue (0.9861983191) (-21.3061754777)
continue (0.9865228824) (-21.3079254547)
continue (0.9868465907) (-21.3096541585)
continue (0.9870824973) (-21.3114022249)
continue (0.9872799335) (-21.3080348972)
continue (0.9874069046) (-21.3092928169)
continue (0.9876423407) (-21.3105037863)
continue (0.9878789599) (-21.3117030081)
continue (0.9881146211) (-21.3128921607)
continue (0.9883503948) (-21.3140693620)
continue (0.9885862810) (-21.3152371980)
continue (0.9888222799) (-21.3163937848)
continue (0.9890583914) (-21.3175399261)
continue (0.9892935417) (-21.3186746262)
continue (0.9894406051) (-21.3197551630)
continue (0.9896385130) (-21.3170430737)
continue (0.9991962399) (-21.3543812618)
continue (1.0439534549) (-21.4030731857)
continue (1.0951411739) (-21.4414114169)
continue (1.1489937849) (-21.4706980022)
continue (1.2053795910) (-21.4982562704)
continue (1.2645947416) (-21.5346171486)
continue (1.3266370226) (-21.5730010412)
continue (1.3918847882) (-21.6067758836)
continue (1.4601297401) (-21.6420651530)
continue (1.5320561043) (-21.6861327796)
continue (1.6071727880) (-21.7394516274)
continue (1.6862823294) (-21.7765040590)
continue (1.7691069129) (-21.8071538848)
continue (1.8559408774) (-21.8474059221)
continue (1.9471516470) (-21.8843894883)
continue (2.0427414724) (-21.9208187540)
continue (2.1431490377) (-21.9515581964)
continue (2.2483764392) (-21.9863203027)
continue (2.3583513737) (-22.0216825033)
continue (2.4742518893) (-22.0511959541)
continue (2.5962021961) (-22.0651481970)
continue (2.7234517956) (-22.0661079642)
continue (2.8575320502) (-22.0513425679)
continue (2.9972889909) (-22.0429197403)
continue (2.9978885086) (-22.3313345845)
continue (3.1444684983) (-22.4359260210)
continue (3.2993011253) (-22.5511391544)
continue (3.3154824080) (-22.5693284414)
continue (3.3316770164) (-22.5854461157)
continue (3.3478830047) (-22.6017109589)
continue (3.3640859670) (-22.6177667650)
continue (3.3802960540) (-22.6324484110)
continue (3.3964985345) (-22.6450832959)
continue (3.4127037129) (-22.6571274652)
continue (3.4289094326) (-22.6781655365)
continue (3.4451134960) (-22.6994849485)
continue (3.4609455785) (-22.7205612117)
continue (3.4783173495) (-22.7434049126)
continue (3.4953146235) (-22.7636290316)
continue (3.5123163736) (-22.7864981807)
continue (3.5293202949) (-22.8078787779)
continue (3.5463240368) (-22.8300582545)
continue (3.5537279767) (-22.8395314689)
continue (3.5544387934) (-22.6605485587)
continue (3.5633252031) (-22.6680122281)
continue (3.5803213519) (-22.6842059258)
continue (3.5973241965) (-22.7036134617)
continue (3.6143172719) (-22.7245273989)
continue (3.6319927095) (-22.7461775613)
continue (3.6491549368) (-22.7642065124)
continue (3.6669965225) (-22.7854263460)
continue (3.6848197184) (-22.8087334741)
continue (3.7026665643) (-22.8330048126)
continue (3.7204896494) (-22.8592751781)
continue (3.7383317846) (-22.8870834637)
continue (3.7481524197) (-22.9034375616)
continue (3.7489021252) (-22.8054856581)
continue (3.7561600736) (-22.8165564733)
continue (3.7740029190) (-22.8431057308)
continue (3.7918425237) (-22.8718140533)
continue (3.8096445268) (-22.9023956711)
continue (3.8125294258) (-22.8883175129)
continue (3.8153867477) (-22.8921695684)
continue (3.8182323571) (-22.8960766081)
continue (3.8210822144) (-22.9000398157)
continue (3.8239363290) (-22.9040638978)
continue (3.8267947105) (-22.9081431900)
continue (3.8296412741) (-22.9122789051)
continue (3.8324920757) (-22.9164722979)
continue (3.8353471248) (-22.9207246670)
continue (3.8381459698) (-22.9251835594)
continue (3.8389136758) (-22.8620132673)
continue (3.8430948760) (-22.8684775711)
continue (3.8479632917) (-22.8750949225)
continue (3.8528440576) (-22.8818642914)
continue (3.8577372208) (-22.8887845487)
continue (3.8626100831) (-22.8958578664)
continue (3.8674952713) (-22.9030830383)
continue (3.8723763766) (-22.9104622522)
continue (3.8772533211) (-22.9179941876)
continue (3.8821260270) (-22.9256883361)
continue (3.8872689984) (-22.9336740746)
continue (3.8880465300) (-22.8890737577)
continue (3.8899644875) (-22.8933774035)
continue (3.8929224712) (-22.8978167891)
continue (3.8958849568) (-22.9023124278)
continue (3.8988519547) (-22.9068620999)
continue (3.9018067686) (-22.9114670235)
continue (3.9047660647) (-22.9161320385)
continue (3.9077130959) (-22.9208513273)
continue (3.9106813613) (-22.9256297812)
continue (3.9136373315) (-22.9304687977)
continue (3.9156676117) (-22.9355420108)
continue (3.9164508235) (-22.9020489290)
continue (3.9185008743) (-22.9050399976)
continue (3.9204226914) (-22.9080447806)
continue (3.9223295118) (-22.9110740368)
continue (3.9242381880) (-22.9141245709)
continue (3.9261487226) (-22.9172038622)
continue (3.9280611185) (-22.9203051426)
continue (3.9299753783) (-22.9234323696)
continue (3.9318915048) (-22.9265822781)
continue (3.9338095006) (-22.9297588942)
continue (3.9359648088) (-22.9329291440)
continue (3.9367520805) (-22.9069286936)
continue (3.9370216616) (-22.9090756700)
continue (3.9383148035) (-22.9111625163)
continue (3.9396087952) (-22.9132558820)
continue (3.9409036375) (-22.9153665348)
continue (3.9421993313) (-22.9174839039)
continue (3.9434958773) (-22.9196152558)
continue (3.9447932764) (-22.9217571192)
continue (3.9460915295) (-22.9239132433)
continue (3.9473906374) (-22.9260801251)
continue (3.9479023104) (-22.9281179927)
continue (3.9486919698) (-22.9072793553)
continue (3.9496318982) (-22.9088854927)
continue (3.9505736443) (-22.9104233818)
continue (3.9515158397) (-22.9119631900)
continue (3.9524584845) (-22.9135120358)
continue (3.9534015792) (-22.9150628536)
continue (3.9543451241) (-22.9166228134)
continue (3.9552891195) (-22.9181919939)
continue (3.9562335657) (-22.9197632544)
continue (3.9571784630) (-22.9213438438)
continue (3.9581922382) (-22.9229956732)
continue (3.9589839558) (-22.9058784042)
continue (3.9963853212) (-22.9746941347)
continue (3.9971846782) (-22.9746941347)
continue (4.1935893733) (-23.1928710444)
continue (4.3980066159) (-23.2916640973)
continue (4.6140099788) (-23.3279021421)
continue (4.8420136600) (-23.3440935818)
continue (5.0795260358) (-23.3549709353)
continue (5.3290466130) (-23.3646167960)
continue (5.5905949130) (-23.3719177390)
continue (5.8640088212) (-23.3798639450)
continue (6.1530517948) (-23.3894462947)
continue (6.4537320879) (-23.3987006898)
continue (6.7752191139) (-23.4084901910)
continue (7.1026264288) (-23.4177093173)
continue (7.4571765206) (-23.4270122918)
continue (7.8220340843) (-23.4367562989)
continue (8.2022229596) (-23.4462383016)
continue (8.6049761172) (-23.4558078892)
continue (9.0313872232) (-23.4654662440)
continue (9.4736144175) (-23.4753442876)
continue (9.9396484600) (-23.4854522473)
continue (10.4275886350) (-23.4958010815)
continue (10.9395794816) (-23.5064025510)
continue (11.4769139901) (-23.5174122305)
continue (12.0410540541) (-23.5290018303)
continue (12.6319236321) (-23.5410601381)
continue (13.2528646134) (-23.5537735982)
continue (13.9039818556) (-23.5671909950)
continue (14.5849387135) (-23.5810361693)
continue (15.3025519868) (-23.5958507508)
continue (16.0547387388) (-23.6111885865)
continue (16.8410085163) (-23.6270879970)
continue (17.6704861512) (-23.6437828658)
continue (18.5367569328) (-23.6613443344)
continue (19.4465849513) (-23.6788159727)
continue (20.4045448011) (-23.6974526275)
continue (21.4063183185) (-23.7169250253)
continue (22.4560613804) (-23.7368375350)
continue (23.5591254089) (-23.7577070950)
continue (24.7156759104) (-23.7791077508)
continue (25.9324692890) (-23.8016178700)
continue (27.2019991288) (-23.8241983672)
continue (28.5395230447) (-23.8480176045)
continue (29.9463348937) (-23.8728952016)
continue (31.4121672119) (-23.8982529261)
continue (32.9572141344) (-23.9240882385)
continue (34.5700671782) (-23.9511699135)
continue (36.2765513860) (-23.9788107009)
continue (38.0487252951) (-24.0073581301)
continue (39.9153294269) (-24.0362593811)
continue (41.8780777030) (-24.0661585371)
continue (43.9376552949) (-24.0966386637)
continue (46.0934229042) (-24.1277271538)
continue (48.3687351813) (-24.1592667654)
continue (50.7386954798) (-24.1913164909)
continue (53.2282109122) (-24.2237347817)
continue (55.8374369373) (-24.2564902353)
continue (58.6023775445) (-24.2895441357)
continue (61.4475368049) (-24.3229408226)
continue (64.4916469085) (-24.3565473235)
continue (67.6515939730) (-24.3902988976)
continue (70.9709478829) (-24.4242350195)
continue (74.4499159164) (-24.4582959767)
continue (78.0862871308) (-24.4924139602)
continue (81.9484685986) (-24.5238932832)
continue (85.9685821525) (-24.5503673495)
continue (90.2244525561) (-24.5683146553)
continue (94.6279305105) (-24.5797141151)
continue (99.2773690834) (-24.5873714795)
continue (104.1567002876) (-24.5944828930)
continue (109.2777276432) (-24.6017126946)
continue (114.6391962280) (-24.6090648929)
continue (120.2675162751) (-24.6165437035)
continue (126.1793091687) (-24.6245192854)
continue (132.3746325997) (-24.6330170240)
continue (138.8703094813) (-24.6411137956)
continue (145.6861663975) (-24.6491707264)
continue (152.8458522000) (-24.6569855028)
continue (160.3496341398) (-24.6647427436)
continue (168.2235500861) (-24.6728454876)
continue (176.4995101330) (-24.6806856959)
continue (185.1792259330) (-24.6880343396)
continue (194.2585740389) (-24.6948636811)
continue (203.8172603034) (-24.7015836199)
continue (213.8120532183) (-24.7084091743)
continue (224.3394807525) (-24.7148929704)
continue (235.3478746943) (-24.7210178831)
continue (246.8889110855) (-24.7269987279)
continue (259.0298382082) (-24.7328282716)
continue (271.6955786573) (-24.7387371312)
continue (285.0381516473) (-24.7442452134)
continue (299.0702234383) (-24.7498240519)
continue (313.7971662591) (-24.7552282385)
continue (329.2149461042) (-24.7607005209)
continue (345.3076812491) (-24.7662426370)
continue (362.3327915771) (-24.7721132954)
continue (380.1697834028) (-24.7788466780)
continue (398.8039259591) (-24.7867479478)
continue (418.3962216788) (-24.7964232250)
continue (438.9532614723) (-24.8079904073)
continue (460.4684036465) (-24.8218867477)
continue (483.1744277924) (-24.8377343857)
continue (506.8225644140) (-24.8535618647)
continue (531.6610098112) (-24.8664610916)
continue (557.6909246123) (-24.8745187343)
continue (585.2710152964) (-24.8794260688)
continue (614.0613010893) (-24.8843894883)
continue (644.0049263721) (-24.8890737577)
continue (675.5129509388) (-24.8931294555)
continue (709.1571757327) (-24.8975662943)
continue (743.8914047481) (-24.9020489290)
continue (780.1943243292) (-24.9065783148)
continue (818.7484014523) (-24.9111554373)
continue (858.8755615612) (-24.9157813133)
continue (901.3520977413) (-24.9200955323)
continue (945.2976875689) (-24.9240882385)
continue (991.6932972211) (-24.9277501024)
continue (1040.3778637019) (-24.9314431049)
continue (1091.4684043795) (-24.9347938719)
continue (1145.0954647103) (-24.9381706927)
continue (1201.4066853216) (-24.9423338961)
continue (1260.3969167586) (-24.9469215565)
continue (1322.2097661295) (-24.9523358054)
continue (1387.2232772362) (-24.9590023076)
continue (1455.2331057433) (-24.9669785553)
continue (1526.6660593340) (-24.9759250127)
continue (1601.8051868807) (-24.9867413347)
continue (1680.3742777364) (-24.9986990670)
continue (1762.9463548393) (-25.0126019009)
continue (1849.5371845270) (-25.0277508640)
continue (1940.5173995240) (-25.0441679898)
continue (2035.8958239867) (-25.0616804567)
continue (2135.6151179200) (-25.0801899798)
continue (2240.6367612895) (-25.0996875030)
continue (2350.4435667177) (-25.1201016757)
continue (2466.2164298145) (-25.1414026550)
continue (2587.3565326986) (-25.1631697135)
continue (2714.5277653156) (-25.1854860476)
continue (2847.7092838014) (-25.2083093510)
continue (2987.7605600540) (-25.2316579414)
continue (3133.6553329314) (-25.2554723265)
continue (3288.5852429320) (-25.2799234272)
continue (3449.1558320078) (-25.3049563412)
continue (3619.0110040368) (-25.3304971659)
continue (3796.9457117352) (-25.3565473235)
continue (3982.8101871349) (-25.3828947695)
continue (4178.2071105752) (-25.4097155963)
continue (4383.1985128257) (-25.4368750397)
continue (4600.0351883718) (-25.4644527208)
continue (4826.6259047482) (-25.4925489391)
continue (5062.5942823136) (-25.5210008683)
continue (5310.4135828465) (-25.5497508917)
continue (5573.4982924554) (-25.5788898702)
continue (5845.2018654038) (-25.6083592965)
continue (6132.3483904203) (-25.6384610287)
continue (6435.5012063309) (-25.6687752190)
continue (6750.1257097515) (-25.6996219351)
continue (7080.5514437953) (-25.7309542903)
continue (7426.7886782107) (-25.7627076624)
continue (7795.2692114325) (-25.7945249633)
continue (8180.1343879395) (-25.8268137316)
continue (8580.6682751079) (-25.8594919570)
continue (8995.7252795307) (-25.8927900304)
continue (9442.2025781417) (-25.9259153110)
continue (9905.0757697441) (-25.9593976599)
continue (10391.9143667061) (-25.9931062921)
continue (10902.9309741141) (-26.0269183504)
continue (11438.0189634299) (-26.0608303204)
continue (11999.8284279228) (-26.0949060317)
continue (12588.2990857364) (-26.1293035420)
continue (13206.7676929921) (-26.1641826457)
continue (13855.3591427164) (-26.1992142097)
continue (14536.0818442568) (-26.2344804569)
continue (15251.3300555055) (-26.2700257143)
continue (15998.3667629294) (-26.3058337041)
continue (16785.1716856964) (-26.3419886033)
continue (17609.0235906562) (-26.3786159715)
continue (18476.6214682980) (-26.4156687756)
continue (19380.4119697247) (-26.4535807332)
continue (20336.2412590149) (-26.4918744639)
continue (21331.1556839058) (-26.5309147009)
continue (22378.8548825259) (-26.5707323336)
continue (23480.2105337917) (-26.6113660306)
continue (24635.4952910640) (-26.6528652171)
continue (25844.2135795932) (-26.6955094722)
continue (27112.9714613644) (-26.7387371312)
continue (28441.5409118744) (-26.7835701691)
continue (29838.4731767013) (-26.8291517964)
continue (31304.2587020425) (-26.8758219445)
continue (32838.4493987912) (-26.9237237446)
continue (34452.4374599794) (-26.9726503922)
continue (36147.0436658650) (-27.0228710994)
continue (37922.0545491659) (-27.0744300905)
continue (39793.3175029020) (-27.1275523522)
continue (41743.7916086329) (-27.1828314276)
continue (43789.8592415404) (-27.2395775166)
continue (45953.9571768258) (-27.2978280491)
continue (48189.6864524831) (-27.3578323656)
continue (50569.7542073505) (-27.4194171232)
continue (53042.3149485714) (-27.4830681911)
continue (55666.8888708892) (-27.5485205949)
continue (58377.1281753015) (-27.6161846340)
continue (61241.0598666973) (-27.6867657083)
continue (64264.2433580011) (-27.7599502279)
continue (67401.4031668977) (-27.8359447081)
continue (70750.5412124578) (-27.9147094218)
continue (74207.4080469427) (-27.9956786262)
continue (77819.5534429083) (-28.0799810840)
continue (81654.7464889298) (-28.1669804529)
continue (85725.9615067221) (-28.2569608452)
continue (89868.5375558636) (-28.3513473049)
continue (94314.5281325250) (-28.4486720120)
continue (98943.2107292569) (-28.5499049241)
continue (103800.7712514473) (-28.6550185861)
continue (108899.0165889647) (-28.7634627385)
continue (114251.1247262358) (-28.8768019250)
continue (119856.2371190920) (-28.9939620450)
continue (125744.0279862641) (-29.1149216159)
continue (131933.8310143994) (-29.2421486563)
continue (138406.2835383439) (-29.3723269682)
continue (145198.6887852862) (-29.5066813918)
continue (152334.8329683143) (-29.6445484799)
continue (159815.3228369794) (-29.7819899570)
continue (167666.4159735890) (-29.9200955323)
continue (175886.3097503294) (-30.0504148487)
continue (184541.7113844586) (-30.1602706248)
continue (193598.2517137149) (-30.2434399570)
continue (203090.4771153235) (-30.2937944581)
continue (213112.0137550178) (-30.3291977157)
continue (223568.9329775408) (-30.3646167960)
continue (234560.3528485087) (-30.4000078224)
continue (246022.4003284170) (-30.4353339357)
continue (258149.2835174097) (-30.4708263967)
continue (270807.4207478325) (-30.5061238891)
continue (284149.3516733571) (-30.5415132362)
continue (298091.9106367211) (-30.5769180417)
continue (312720.3057022843) (-30.6124322206)
continue (328029.8671045559) (-30.6478174819)
continue (344134.0524231330) (-30.6831912479)
continue (361040.7966784692) (-30.7185121121)
continue (378747.7019187267) (-30.7539940959)
continue (397412.5472378789) (-30.7894139751)
continue (416865.0369700166) (-30.8247781997)
continue (437478.1424946981) (-30.8601209136)
continue (458845.4032308441) (-30.8955128887)
continue (481387.7289046257) (-30.9310723883)
continue (505136.9017829581) (-30.9665762445)
continue (529806.3783816607) (-31.0017842676)
continue (555989.6100161417) (-31.0371573188)
continue (583397.5485380642) (-31.0725783049)
continue (611999.3088089029) (-31.1079610797)
continue (3672982.5506507708) (-32.1836261112)
continue (3709712.3761572787) (-50.0000000000)
continue (7354000.0000000000) (-50.0000000000)
f(nu) = -20.2560458182 at 1.0000000000 Ryd
