# Puchwein et al 2019
# z = 2.316000
# E [Ryd] log (J_nu)
interpolate (0.0000000100) (-50.0000000000)
continue (0.0007810860) (-50.0000000000)
continue (0.0007889757) (-17.7731424297)
continue (0.0008276721) (-17.7945249633)
continue (0.0008678733) (-17.8173000967)
continue (0.0009112670) (-17.8416375079)
continue (0.0009556071) (-17.8671002301)
continue (0.0010026042) (-17.8931294555)
continue (0.0010517855) (-17.9197343727)
continue (0.0011034960) (-17.9473060581)
continue (0.0011577525) (-17.9755143323)
continue (0.0012145368) (-18.0043209395)
continue (0.0012741429) (-18.0332952233)
continue (0.0013367566) (-18.0624821080)
continue (0.0014023807) (-18.0919977988)
continue (0.0014712092) (-18.1219380187)
continue (0.0015434739) (-18.1522423116)
continue (0.0016194544) (-18.1825668559)
continue (0.0016988571) (-18.2128230075)
continue (0.0017822550) (-18.2429077799)
continue (0.0018700328) (-18.2728655762)
continue (0.0019618234) (-18.3026834583)
continue (0.0020579652) (-18.3324536605)
continue (0.0021594004) (-18.3621101834)
continue (0.0022651429) (-18.3916879573)
continue (0.0023768048) (-18.4211316713)
continue (0.0024932065) (-18.4501388115)
continue (0.0026155768) (-18.4786003719)
continue (0.0027439535) (-18.5066813918)
continue (0.0028792005) (-18.5343197884)
continue (0.0030204407) (-18.5614576512)
continue (0.0031685222) (-18.5880437621)
continue (0.0033245785) (-18.6140364294)
continue (0.0034874358) (-18.6394065864)
continue (0.0036582375) (-18.6641410887)
continue (0.0038385298) (-18.6878226436)
continue (0.0040268094) (-18.7108571641)
continue (0.0042246962) (-18.7328282716)
continue (0.0044322323) (-18.7535014192)
continue (0.0046493213) (-18.7734000948)
continue (0.0048783028) (-18.7926349625)
continue (0.0051194774) (-18.8119156263)
continue (0.0053698702) (-18.8312079797)
continue (0.0056320579) (-18.8501653033)
continue (0.0059096431) (-18.8693446510)
continue (0.0061990950) (-18.8887374863)
continue (0.0065044038) (-18.9086848403)
continue (0.0068259698) (-18.9292235372)
continue (0.0071584208) (-18.9500071431)
continue (0.0075125059) (-18.9722427953)
continue (0.0078829323) (-18.9939620450)
continue (0.0082692103) (-19.0141246427)
continue (0.0086704755) (-19.0319842860)
continue (0.0090944807) (-19.0470139348)
continue (0.0095460609) (-19.0593341275)
continue (0.0100150233) (-19.0694584701)
continue (0.0105069407) (-19.0772226581)
continue (0.0110229463) (-19.0825995320)
continue (0.0115643017) (-19.0854453015)
continue (0.0121324320) (-19.0859743483)
continue (0.0127271923) (-19.0842836621)
continue (0.0133518970) (-19.0805557895)
continue (0.0140087159) (-19.0747394905)
continue (0.0146954841) (-19.0669178376)
continue (0.0154190689) (-19.0567528749)
continue (0.0161744226) (-19.0438796136)
continue (0.0169695898) (-19.0281677201)
continue (0.0178051382) (-19.0095279465)
continue (0.0186773308) (-18.9880068853)
continue (0.0195971392) (-18.9645702618)
continue (0.0205564397) (-18.9393021596)
continue (0.0215684490) (-18.9164973802)
continue (0.0226289290) (-18.8965383779)
continue (0.0237370922) (-18.8771290771)
continue (0.0249048093) (-18.8591778199)
continue (0.0261257732) (-18.8422411140)
continue (0.0274065254) (-18.8262311769)
continue (0.0287556633) (-18.8105096863)
continue (0.0301644148) (-18.7942544591)
continue (0.0316522046) (-18.7762445463)
continue (0.0332094377) (-18.7562180839)
continue (0.0348343643) (-18.7332980331)
continue (0.0365530273) (-18.7075224063)
continue (0.0383368519) (-18.6831912479)
continue (0.0402325373) (-18.6681679556)
continue (0.0422078263) (-18.6605485587)
continue (0.0442792503) (-18.6550185861)
continue (0.0464458191) (-18.6509168312)
continue (0.0487308541) (-18.6495581435)
continue (0.0511373160) (-18.6526699847)
continue (0.0536354897) (-18.6623411090)
continue (0.0562510476) (-18.6759234203)
continue (0.0590198815) (-18.6893066877)
continue (0.0619488083) (-18.6996219351)
continue (0.0649513165) (-18.7068585165)
continue (0.0681575894) (-18.7142177262)
continue (0.0715280197) (-18.7233084712)
continue (0.0750013968) (-18.7335331046)
continue (0.0786931754) (-18.7452103126)
continue (0.0825422981) (-18.7584535194)
continue (0.0866223356) (-18.7739158840)
continue (0.0908541347) (-18.7912899801)
continue (0.0953507346) (-18.8071538848)
continue (0.1000293052) (-18.8247781997)
continue (0.1049484016) (-18.8413360192)
continue (0.1100962874) (-18.8551145817)
continue (0.1155110877) (-18.8693446510)
continue (0.1211791185) (-18.8840568231)
continue (0.1271298787) (-18.8979094745)
continue (0.1333821679) (-18.9104481171)
continue (0.1399365741) (-18.9244530386)
continue (0.1467891383) (-18.9389246764)
continue (0.1540082763) (-18.9550684539)
continue (0.1615721579) (-18.9726503922)
continue (0.1695065050) (-18.9918258160)
continue (0.1778428905) (-19.0120210841)
continue (0.1865820989) (-19.0317973319)
continue (0.1957188511) (-19.0553692981)
continue (0.2053328010) (-19.0850753518)
continue (0.2154295439) (-19.1176462536)
continue (0.2260086733) (-19.1549019600)
continue (0.2371238540) (-19.1886261029)
continue (0.2487761318) (-19.2049546296)
continue (0.2609584682) (-19.2132485779)
continue (0.2738182004) (-19.2235894112)
continue (0.2872846692) (-19.2341080236)
continue (0.3013448978) (-19.2453459307)
continue (0.3161925645) (-19.2567254765)
continue (0.3317316967) (-19.2675258227)
continue (0.3479446242) (-19.2784366816)
continue (0.3650909338) (-19.2878555858)
continue (0.3830462256) (-19.2989503693)
continue (0.4017931970) (-19.3135424895)
continue (0.4214925859) (-19.3291050465)
continue (0.4421479723) (-19.3478503946)
continue (0.4639852194) (-19.3686577135)
continue (0.4867879118) (-19.3929741216)
continue (0.5105137091) (-19.4206737962)
continue (0.5357242627) (-19.4517334548)
continue (0.5621634613) (-19.4850539947)
continue (0.5898168096) (-19.5159850373)
continue (0.6186469591) (-19.5516028965)
continue (0.6490505490) (-19.5987718325)
continue (0.6810664954) (-19.6532559454)
continue (0.7141590680) (-19.7191940716)
continue (0.7493222477) (-19.7796303675)
continue (0.7494721272) (-19.9742846161)
continue (0.7862527790) (-20.0727323192)
continue (0.8246759917) (-20.2165252124)
continue (0.8288690942) (-20.2391630235)
continue (0.8329222993) (-20.2586458827)
continue (0.8369692137) (-20.2782190530)
continue (0.8410245965) (-20.2978771978)
continue (0.8450724461) (-20.3176346721)
continue (0.8491277985) (-20.3373384791)
continue (0.8531743306) (-20.3570786721)
continue (0.8572273582) (-20.3768727428)
continue (0.8612783740) (-20.3972923074)
continue (0.8654007320) (-20.4183916340)
continue (0.8695793374) (-20.4467385318)
continue (0.8738320076) (-20.4739464686)
continue (0.8780757090) (-20.4996962724)
continue (0.8823266565) (-20.5258391193)
continue (0.8865758338) (-20.5524171883)
continue (0.8880856269) (-20.5641556340)
continue (0.8882632618) (-20.5380515048)
continue (0.8908313008) (-20.5532966648)
continue (0.8950838547) (-20.5801730728)
continue (0.8993328242) (-20.6065511553)
continue (0.9035775261) (-20.6333865554)
continue (0.9076364251) (-20.6607473660)
continue (0.9122887342) (-20.6983320602)
continue (0.9167472861) (-20.7347976190)
continue (0.9212067921) (-20.7694795537)
continue (0.9256657008) (-20.8059965667)
continue (0.9301243111) (-20.8446518146)
continue (0.9345829462) (-20.8857661017)
continue (0.9369417514) (-20.9097419471)
continue (0.9371291585) (-20.8961962790)
continue (0.9390419537) (-20.9132807792)
continue (0.9435007297) (-20.9534229010)
continue (0.9479596448) (-20.9962681186)
continue (0.9524111317) (-21.0422969585)
continue (0.9531313595) (-21.0500496759)
continue (0.9538446901) (-21.0585004932)
continue (0.9545580893) (-21.0668545119)
continue (0.9552715550) (-21.0751095128)
continue (0.9559850851) (-21.0832660876)
continue (0.9566986776) (-21.0913220042)
continue (0.9574113244) (-21.0992762954)
continue (0.9581250337) (-21.1071288163)
continue (0.9588387990) (-21.1148786129)
continue (0.9594354567) (-21.1225134719)
continue (0.9596273630) (-21.1139607244)
continue (0.9607716931) (-21.1265555809)
continue (0.9619918385) (-21.1388277517)
continue (0.9632120325) (-21.1507913347)
continue (0.9644322638) (-21.1624456502)
continue (0.9656525208) (-21.1737878005)
continue (0.9668727920) (-21.1848162172)
continue (0.9680930657) (-21.1955300297)
continue (0.9693133303) (-21.2059283227)
continue (0.9705335740) (-21.2160099990)
continue (0.9716099949) (-21.2257750951)
continue (0.9718043363) (-21.2198267564)
continue (0.9724931975) (-21.2255049320)
continue (0.9732326966) (-21.2310786270)
continue (0.9739722802) (-21.2365390612)
continue (0.9747119461) (-21.2418855502)
continue (0.9754506480) (-21.2471198872)
continue (0.9761904704) (-21.2522410507)
continue (0.9769303686) (-21.2572505238)
continue (0.9776692914) (-21.2621484615)
continue (0.9784093329) (-21.2669352109)
continue (0.9790220836) (-21.2716462180)
continue (0.9792179076) (-21.2672043017)
continue (0.9796262717) (-21.2701252010)
continue (0.9801046187) (-21.2730162012)
continue (0.9805823779) (-21.2758618154)
continue (0.9810606032) (-21.2786634942)
continue (0.9815392951) (-21.2814210916)
continue (0.9820173961) (-21.2841336478)
continue (0.9824949039) (-21.2868027257)
continue (0.9829728762) (-21.2894282603)
continue (0.9834513138) (-21.2920102087)
continue (0.9837787230) (-21.2945639534)
continue (0.9839754984) (-21.2910694642)
continue (0.9842532892) (-21.2927952959)
continue (0.9845776371) (-21.2944604197)
continue (0.9849011343) (-21.2961061876)
continue (0.9852259094) (-21.2977332165)
continue (0.9855498328) (-21.2993404066)
continue (0.9858739693) (-21.3009283826)
continue (0.9861983191) (-21.3024977828)
continue (0.9865228824) (-21.3040483840)
continue (0.9868465907) (-21.3055799640)
continue (0.9870824973) (-21.3070649975)
continue (0.9872799335) (-21.3043432401)
continue (0.9874069046) (-21.3054018200)
continue (0.9876423407) (-21.3064744205)
continue (0.9878789599) (-21.3075382143)
continue (0.9881146211) (-21.3085922462)
continue (0.9883503948) (-21.3096355527)
continue (0.9885862810) (-21.3106707144)
continue (0.9888222799) (-21.3116949964)
continue (0.9890583914) (-21.3127109926)
continue (0.9892935417) (-21.3137168502)
continue (0.9894406051) (-21.3147062186)
continue (0.9896385130) (-21.3123818704)
continue (0.9991962399) (-21.3454384453)
continue (1.0439534549) (-21.3908326257)
continue (1.0951411739) (-21.4286406072)
continue (1.1489937849) (-21.4591701859)
continue (1.2053795910) (-21.4889191545)
continue (1.2645947416) (-21.5259294968)
continue (1.3266370226) (-21.5641556340)
continue (1.3918847882) (-21.5985994592)
continue (1.4601297401) (-21.6345120151)
continue (1.5320561043) (-21.6767478998)
continue (1.6071727880) (-21.7253803809)
continue (1.6862823294) (-21.7609509069)
continue (1.7691069129) (-21.7926349625)
continue (1.8559408774) (-21.8315025165)
continue (1.9471516470) (-21.8680607048)
continue (2.0427414724) (-21.9034375616)
continue (2.1431490377) (-21.9347938719)
continue (2.2483764392) (-21.9685915357)
continue (2.3583513737) (-22.0007389289)
continue (2.4742518893) (-22.0219565061)
continue (2.5962021961) (-22.0335297363)
continue (2.7234517956) (-22.0312369518)
continue (2.8575320502) (-22.0391013227)
continue (2.9972889909) (-22.0516848593)
continue (2.9978885086) (-22.3220282472)
continue (3.1444684983) (-22.3998987443)
continue (3.2993011253) (-22.5003129174)
continue (3.3154824080) (-22.5140373658)
continue (3.3316770164) (-22.5250818539)
continue (3.3478830047) (-22.5371155653)
continue (3.3640859670) (-22.5483256054)
continue (3.3802960540) (-22.5596876959)
continue (3.3964985345) (-22.5720208020)
continue (3.4127037129) (-22.5862963120)
continue (3.4289094326) (-22.6018880448)
continue (3.4451134960) (-22.6180586502)
continue (3.4609455785) (-22.6345120151)
continue (3.4783173495) (-22.6513797551)
continue (3.4953146235) (-22.6677292303)
continue (3.5123163736) (-22.6848003190)
continue (3.5293202949) (-22.7020776158)
continue (3.5463240368) (-22.7199295139)
continue (3.5537279767) (-22.7279262125)
continue (3.5544387934) (-22.6010189333)
continue (3.5633252031) (-22.6083117100)
continue (3.5803213519) (-22.6230910623)
continue (3.5973241965) (-22.6392740844)
continue (3.6143172719) (-22.6561012551)
continue (3.6319927095) (-22.6732546204)
continue (3.6491549368) (-22.6839478387)
continue (3.6669965225) (-22.7006256467)
continue (3.6848197184) (-22.7184144522)
continue (3.7026665643) (-22.7368541205)
continue (3.7204896494) (-22.7564014529)
continue (3.7383317846) (-22.7768468534)
continue (3.7481524197) (-22.7886124471)
continue (3.7489021252) (-22.7194216296)
continue (3.7561600736) (-22.7278194509)
continue (3.7740029190) (-22.7472901400)
continue (3.7918425237) (-22.7678300885)
continue (3.8096445268) (-22.7891466347)
continue (3.8125294258) (-22.7764884839)
continue (3.8153867477) (-22.7795728489)
continue (3.8182323571) (-22.7826924415)
continue (3.8210822144) (-22.7858425616)
continue (3.8239363290) (-22.7890237133)
continue (3.8267947105) (-22.7922391052)
continue (3.8296412741) (-22.7954839043)
continue (3.8324920757) (-22.7987613265)
continue (3.8353471248) (-22.8020691766)
continue (3.8381459698) (-22.8054856581)
continue (3.8389136758) (-22.7609509069)
continue (3.8430948760) (-22.7662172849)
continue (3.8479632917) (-22.7715021157)
continue (3.8528440576) (-22.7768676375)
continue (3.8577372208) (-22.7823108015)
continue (3.8626100831) (-22.7878363757)
continue (3.8674952713) (-22.7934412568)
continue (3.8723763766) (-22.7991276236)
continue (3.8772533211) (-22.8048922042)
continue (3.8821260270) (-22.8107399487)
continue (3.8872689984) (-22.8167301563)
continue (3.8880465300) (-22.7854210464)
continue (3.8899644875) (-22.7887085524)
continue (3.8929224712) (-22.7921153056)
continue (3.8958849568) (-22.7955517063)
continue (3.8988519547) (-22.7990127808)
continue (3.9018067686) (-22.8025044159)
continue (3.9047660647) (-22.8060243507)
continue (3.9077130959) (-22.8095730477)
continue (3.9106813613) (-22.8131481563)
continue (3.9136373315) (-22.8167557876)
continue (3.9156676117) (-22.8204482088)
continue (3.9164508235) (-22.7969671130)
continue (3.9185008743) (-22.7992206139)
continue (3.9204226914) (-22.8014748707)
continue (3.9223295118) (-22.8037408895)
continue (3.9242381880) (-22.8060187938)
continue (3.9261487226) (-22.8083087089)
continue (3.9280611185) (-22.8106079541)
continue (3.9299753783) (-22.8129222598)
continue (3.9318915048) (-22.8152461261)
continue (3.9338095006) (-22.8175853476)
continue (3.9359648088) (-22.8198741248)
continue (3.9367520805) (-22.8016178700)
continue (3.9370216616) (-22.8032353868)
continue (3.9383148035) (-22.8047758271)
continue (3.9396087952) (-22.8063245312)
continue (3.9409036375) (-22.8078759875)
continue (3.9421993313) (-22.8094330060)
continue (3.9434958773) (-22.8109956267)
continue (3.9447932764) (-22.8125638902)
continue (3.9460915295) (-22.8141406682)
continue (3.9473906374) (-22.8157203506)
continue (3.9479023104) (-22.8173000967)
continue (3.9486919698) (-22.8027194419)
continue (3.9496318982) (-22.8037519453)
continue (3.9505736443) (-22.8048755770)
continue (3.9515158397) (-22.8060021234)
continue (3.9524584845) (-22.8071315996)
continue (3.9534015792) (-22.8082640209)
continue (3.9543451241) (-22.8093994027)
continue (3.9552891195) (-22.8105349530)
continue (3.9562335657) (-22.8116762952)
continue (3.9571784630) (-22.8128206447)
continue (3.9581922382) (-22.8138916202)
continue (3.9589839558) (-22.8018930011)
continue (3.9963853212) (-22.8501653033)
continue (3.9971846782) (-22.8501653033)
continue (4.1935893733) (-23.0560111249)
continue (4.3980066159) (-23.1469713853)
continue (4.6140099788) (-23.1817741064)
continue (4.8420136600) (-23.1987335295)
continue (5.0795260358) (-23.2111248842)
continue (5.3290466130) (-23.2222108126)
continue (5.5905949130) (-23.2318801058)
continue (5.8640088212) (-23.2424521465)
continue (6.1530517948) (-23.2541448048)
continue (6.4537320879) (-23.2658404868)
continue (6.7752191139) (-23.2778598745)
continue (7.1026264288) (-23.2897133523)
continue (7.4571765206) (-23.3017254233)
continue (7.8220340843) (-23.3139002280)
continue (8.2022229596) (-23.3260580014)
continue (8.6049761172) (-23.3383765908)
continue (9.0313872232) (-23.3509573659)
continue (9.4736144175) (-23.3636124142)
continue (9.9396484600) (-23.3764406100)
continue (10.4275886350) (-23.3896592885)
continue (10.9395794816) (-23.4031830641)
continue (11.4769139901) (-23.4171415378)
continue (12.0410540541) (-23.4316809149)
continue (12.6319236321) (-23.4467239539)
continue (13.2528646134) (-23.4624327428)
continue (13.9039818556) (-23.4788619163)
continue (14.5849387135) (-23.4958010815)
continue (15.3025519868) (-23.5134278495)
continue (16.0547387388) (-23.5318004139)
continue (16.8410085163) (-23.5509846837)
continue (17.6704861512) (-23.5702477200)
continue (18.5367569328) (-23.5902358957)
continue (19.4465849513) (-23.6113660306)
continue (20.4045448011) (-23.6332036167)
continue (21.4063183185) (-23.6552148774)
continue (22.4560613804) (-23.6784015695)
continue (23.5591254089) (-23.7020207558)
continue (24.7156759104) (-23.7263044121)
continue (25.9324692890) (-23.7512912644)
continue (27.2019991288) (-23.7767637269)
continue (28.5395230447) (-23.8032712774)
continue (29.9463348937) (-23.8303255659)
continue (31.4121672119) (-23.8579235389)
continue (32.9572141344) (-23.8860566477)
continue (34.5700671782) (-23.9150664251)
continue (36.2765513860) (-23.9446216686)
continue (38.0487252951) (-23.9746941347)
continue (39.9153294269) (-24.0053749462)
continue (41.8780777030) (-24.0366372339)
continue (43.9376552949) (-24.0683895936)
continue (46.0934229042) (-24.1005625457)
continue (48.3687351813) (-24.1331221857)
continue (50.7386954798) (-24.1659609818)
continue (53.2282109122) (-24.1991455085)
continue (55.8374369373) (-24.2326214759)
continue (58.6023775445) (-24.2663213443)
continue (61.4475368049) (-24.3001622741)
continue (64.4916469085) (-24.3342314493)
continue (67.6515939730) (-24.3683533370)
continue (70.9709478829) (-24.4026339497)
continue (74.4499159164) (-24.4369938129)
continue (78.0862871308) (-24.4694161404)
continue (81.9484685986) (-24.4978461071)
continue (85.9685821525) (-24.5197055400)
continue (90.2244525561) (-24.5364055978)
continue (94.6279305105) (-24.5479067510)
continue (99.2773690834) (-24.5550188879)
continue (104.1567002876) (-24.5624079677)
continue (109.2777276432) (-24.5697636466)
continue (114.6391962280) (-24.5772460587)
continue (120.2675162751) (-24.5850266520)
continue (126.1793091687) (-24.5931193300)
continue (132.3746325997) (-24.6015391504)
continue (138.8703094813) (-24.6099485035)
continue (145.6861663975) (-24.6179829574)
continue (152.8458522000) (-24.6258017421)
continue (160.3496341398) (-24.6337638763)
continue (168.2235500861) (-24.6416843599)
continue (176.4995101330) (-24.6495581435)
continue (185.1792259330) (-24.6569855028)
continue (194.2585740389) (-24.6639407221)
continue (203.8172603034) (-24.6706021206)
continue (213.8120532183) (-24.6773672883)
continue (224.3394807525) (-24.6840296545)
continue (235.3478746943) (-24.6901569953)
continue (246.8889110855) (-24.6961562251)
continue (259.0298382082) (-24.7020207558)
continue (271.6955786573) (-24.7077439286)
continue (285.0381516473) (-24.7135435303)
continue (299.0702234383) (-24.7191940716)
continue (313.7971662591) (-24.7246886455)
continue (329.2149461042) (-24.7302536269)
continue (345.3076812491) (-24.7358908437)
continue (362.3327915771) (-24.7423214251)
continue (380.1697834028) (-24.7493360805)
continue (398.8039259591) (-24.7577070950)
continue (418.3962216788) (-24.7677664789)
continue (438.9532614723) (-24.7796303675)
continue (460.4684036465) (-24.7934439559)
continue (483.1744277924) (-24.8088285443)
continue (506.8225644140) (-24.8239087409)
continue (531.6610098112) (-24.8359447081)
continue (557.6909246123) (-24.8440569820)
continue (585.2710152964) (-24.8489367466)
continue (614.0613010893) (-24.8538719643)
continue (644.0049263721) (-24.8585502266)
continue (675.5129509388) (-24.8629625452)
continue (709.1571757327) (-24.8674201523)
continue (743.8914047481) (-24.8719239873)
continue (780.1943243292) (-24.8761483590)
continue (818.7484014523) (-24.8807441107)
continue (858.8755615612) (-24.8853890158)
continue (901.3520977413) (-24.8897470826)
continue (945.2976875689) (-24.8938091027)
continue (991.6932972211) (-24.8975662943)
continue (1040.3778637019) (-24.9010103606)
continue (1091.4684043795) (-24.9044819577)
continue (1145.0954647103) (-24.9083330424)
continue (1201.4066853216) (-24.9125735430)
continue (1260.3969167586) (-24.9172146297)
continue (1322.2097661295) (-24.9233595563)
continue (1387.2232772362) (-24.9299621334)
continue (1455.2331057433) (-24.9381706927)
continue (1526.6660593340) (-24.9476909004)
continue (1601.8051868807) (-24.9586073148)
continue (1680.3742777364) (-24.9714287473)
continue (1762.9463548393) (-24.9850596502)
continue (1849.5371845270) (-25.0006084383)
continue (1940.5173995240) (-25.0172314227)
continue (2035.8958239867) (-25.0349865497)
continue (2135.6151179200) (-25.0536951450)
continue (2240.6367612895) (-25.0733489229)
continue (2350.4435667177) (-25.0938805425)
continue (2466.2164298145) (-25.1152612622)
continue (2587.3565326986) (-25.1371533400)
continue (2714.5277653156) (-25.1595802223)
continue (2847.7092838014) (-25.1825007381)
continue (2987.7605600540) (-25.2060001990)
continue (3133.6553329314) (-25.2299584457)
continue (3288.5852429320) (-25.2544567980)
continue (3449.1558320078) (-25.2795925992)
continue (3619.0110040368) (-25.3052193640)
continue (3796.9457117352) (-25.3313345845)
continue (3982.8101871349) (-25.3578323656)
continue (4178.2071105752) (-25.3846813434)
continue (4383.1985128257) (-25.4118403836)
continue (4600.0351883718) (-25.4396150770)
continue (4826.6259047482) (-25.4677553564)
continue (5062.5942823136) (-25.4962093169)
continue (5310.4135828465) (-25.5250556645)
continue (5573.4982924554) (-25.5542401635)
continue (5845.2018654038) (-25.5838589688)
continue (6132.3483904203) (-25.6140364294)
continue (6435.5012063309) (-25.6443569498)
continue (6750.1257097515) (-25.6753060861)
continue (7080.5514437953) (-25.7068585165)
continue (7426.7886782107) (-25.7384992268)
continue (7795.2692114325) (-25.7705741521)
continue (8180.1343879395) (-25.8029952720)
continue (8580.6682751079) (-25.8356471442)
continue (8995.7252795307) (-25.8687022034)
continue (9442.2025781417) (-25.9020489290)
continue (9905.0757697441) (-25.9355420108)
continue (10391.9143667061) (-25.9694002780)
continue (10902.9309741141) (-26.0031382315)
continue (11438.0189634299) (-26.0371100126)
continue (11999.8284279228) (-26.0712457978)
continue (12588.2990857364) (-26.1056839373)
continue (13206.7676929921) (-26.1406214956)
continue (13855.3591427164) (-26.1756788751)
continue (14536.0818442568) (-26.2109836732)
continue (15251.3300555055) (-26.2466467874)
continue (15998.3667629294) (-26.2824959252)
continue (16785.1716856964) (-26.3187587626)
continue (17609.0235906562) (-26.3554629422)
continue (18476.6214682980) (-26.3927594962)
continue (19380.4119697247) (-26.4307431667)
continue (20336.2412590149) (-26.4691602214)
continue (21331.1556839058) (-26.5083582065)
continue (22378.8548825259) (-26.5482135645)
continue (23480.2105337917) (-26.5890541413)
continue (24635.4952910640) (-26.6309697782)
continue (25844.2135795932) (-26.6734593315)
continue (27112.9714613644) (-26.7171513972)
continue (28441.5409118744) (-26.7619538969)
continue (29838.4731767013) (-26.8077113874)
continue (31304.2587020425) (-26.8548035939)
continue (32838.4493987912) (-26.9027426903)
continue (34452.4374599794) (-26.9519468269)
continue (36147.0436658650) (-27.0025262412)
continue (37922.0545491659) (-27.0543345006)
continue (39793.3175029020) (-27.1077383931)
continue (41743.7916086329) (-27.1632962009)
continue (43789.8592415404) (-27.2202592488)
continue (45953.9571768258) (-27.2788491563)
continue (48189.6864524831) (-27.3391345220)
continue (50569.7542073505) (-27.4009907602)
continue (53042.3149485714) (-27.4649591867)
continue (55666.8888708892) (-27.5309147009)
continue (58377.1281753015) (-27.5989442742)
continue (61241.0598666973) (-27.6699922991)
continue (64264.2433580011) (-27.7432822540)
continue (67401.4031668977) (-27.8195873672)
continue (70750.5412124578) (-27.8989406451)
continue (74207.4080469427) (-27.9800533183)
continue (77819.5534429083) (-28.0649968485)
continue (81654.7464889298) (-28.1524273409)
continue (85725.9615067221) (-28.2429077799)
continue (89868.5375558636) (-28.3377144843)
continue (94314.5281325250) (-28.4354522882)
continue (98943.2107292569) (-28.5370033880)
continue (103800.7712514473) (-28.6426369694)
continue (108899.0165889647) (-28.7515362824)
continue (114251.1247262358) (-28.8655041442)
continue (119856.2371190920) (-28.9829666607)
continue (125744.0279862641) (-29.1043564952)
continue (131933.8310143994) (-29.2318801058)
continue (138406.2835383439) (-29.3624102142)
continue (145198.6887852862) (-29.4968905633)
continue (152334.8329683143) (-29.6346992514)
continue (159815.3228369794) (-29.7726275577)
continue (167666.4159735890) (-29.9111554373)
continue (175886.3097503294) (-30.0375359539)
continue (184541.7113844586) (-30.1431503213)
continue (193598.2517137149) (-30.2238074853)
continue (203090.4771153235) (-30.2742516670)
continue (213112.0137550178) (-30.3096266931)
continue (223568.9329775408) (-30.3450537734)
continue (234560.3528485087) (-30.3804892792)
continue (246022.4003284170) (-30.4158950296)
continue (258149.2835174097) (-30.4512421714)
continue (270807.4207478325) (-30.4866492012)
continue (284149.3516733571) (-30.5220110237)
continue (298091.9106367211) (-30.5573634742)
continue (312720.3057022843) (-30.5927791071)
continue (328029.8671045559) (-30.6281935415)
continue (344134.0524231330) (-30.6635402662)
continue (361040.7966784692) (-30.6989700043)
continue (378747.7019187267) (-30.7344746648)
continue (397412.5472378789) (-30.7698066211)
continue (416865.0369700166) (-30.8052082423)
continue (437478.1424946981) (-30.8407336689)
continue (458845.4032308441) (-30.8761483590)
continue (481387.7289046257) (-30.9115095298)
continue (505136.9017829581) (-30.9469215565)
continue (529806.3783816607) (-30.9821322810)
continue (555989.6100161417) (-31.0176382984)
continue (583397.5485380642) (-31.0530076593)
continue (611999.3088089029) (-31.0884162990)
continue (3672982.5506507708) (-32.1640558999)
continue (3709712.3761572787) (-50.0000000000)
continue (7354000.0000000000) (-50.0000000000)
f(nu) = -20.2470437801 at 1.0000000000 Ryd
