# Puchwein et al 2019
# z = 2.160000
# E [Ryd] log (J_nu)
interpolate (0.0000000100) (-50.0000000000)
continue (0.0007810860) (-50.0000000000)
continue (0.0007889757) (-17.7772835289)
continue (0.0008276721) (-17.7986028757)
continue (0.0008678733) (-17.8213107602)
continue (0.0009112670) (-17.8455760269)
continue (0.0009556071) (-17.8709549401)
continue (0.0010026042) (-17.8972233851)
continue (0.0010517855) (-17.9237237446)
continue (0.0011034960) (-17.9511699135)
continue (0.0011577525) (-17.9792245118)
continue (0.0012145368) (-18.0080654503)
continue (0.0012741429) (-18.0369208394)
continue (0.0013367566) (-18.0660068362)
continue (0.0014023807) (-18.0953385421)
continue (0.0014712092) (-18.1251124892)
continue (0.0015434739) (-18.1552122812)
continue (0.0016194544) (-18.1853529305)
continue (0.0016988571) (-18.2153114005)
continue (0.0017822550) (-18.2451931446)
continue (0.0018700328) (-18.2749054789)
continue (0.0019618234) (-18.3044307730)
continue (0.0020579652) (-18.3338565727)
continue (0.0021594004) (-18.3632113110)
continue (0.0022651429) (-18.3924377568)
continue (0.0023768048) (-18.4214753947)
continue (0.0024932065) (-18.4501388115)
continue (0.0026155768) (-18.4782083504)
continue (0.0027439535) (-18.5059846252)
continue (0.0028792005) (-18.5331323796)
continue (0.0030204407) (-18.5598783968)
continue (0.0031685222) (-18.5860300283)
continue (0.0033245785) (-18.6115435473)
continue (0.0034874358) (-18.6363880201)
continue (0.0036582375) (-18.6605485587)
continue (0.0038385298) (-18.6838199011)
continue (0.0040268094) (-18.7061956401)
continue (0.0042246962) (-18.7276941556)
continue (0.0044322323) (-18.7481185454)
continue (0.0046493213) (-18.7675121336)
continue (0.0048783028) (-18.7862167007)
continue (0.0051194774) (-18.8052082423)
continue (0.0053698702) (-18.8239087409)
continue (0.0056320579) (-18.8428455601)
continue (0.0059096431) (-18.8616973018)
continue (0.0061990950) (-18.8810742472)
continue (0.0065044038) (-18.9006647223)
continue (0.0068259698) (-18.9208187540)
continue (0.0071584208) (-18.9415739755)
continue (0.0075125059) (-18.9633711046)
continue (0.0078829323) (-18.9846402446)
continue (0.0082692103) (-19.0041893683)
continue (0.0086704755) (-19.0214542995)
continue (0.0090944807) (-19.0358346894)
continue (0.0095460609) (-19.0475466036)
continue (0.0100150233) (-19.0569508890)
continue (0.0105069407) (-19.0640395310)
continue (0.0110229463) (-19.0687455936)
continue (0.0115643017) (-19.0710411591)
continue (0.0121324320) (-19.0711434664)
continue (0.0127271923) (-19.0691528083)
continue (0.0133518970) (-19.0650977417)
continue (0.0140087159) (-19.0590355065)
continue (0.0146954841) (-19.0507564094)
continue (0.0154190689) (-19.0401004121)
continue (0.0161744226) (-19.0267335639)
continue (0.0169695898) (-19.0106391862)
continue (0.0178051382) (-18.9918258160)
continue (0.0186773308) (-18.9702105292)
continue (0.0195971392) (-18.9469215565)
continue (0.0205564397) (-18.9222688203)
continue (0.0215684490) (-18.8999742699)
continue (0.0226289290) (-18.8804142250)
continue (0.0237370922) (-18.8620132673)
continue (0.0249048093) (-18.8446639625)
continue (0.0261257732) (-18.8282735463)
continue (0.0274065254) (-18.8127613802)
continue (0.0287556633) (-18.7969671130)
continue (0.0301644148) (-18.7804154738)
continue (0.0316522046) (-18.7622050067)
continue (0.0332094377) (-18.7420815497)
continue (0.0348343643) (-18.7194216296)
continue (0.0365530273) (-18.6940041172)
continue (0.0383368519) (-18.6706021206)
continue (0.0402325373) (-18.6563944919)
continue (0.0422078263) (-18.6495581435)
continue (0.0442792503) (-18.6447400945)
continue (0.0464458191) (-18.6416843599)
continue (0.0487308541) (-18.6413039004)
continue (0.0511373160) (-18.6451235775)
continue (0.0536354897) (-18.6556077263)
continue (0.0562510476) (-18.6693833327)
continue (0.0590198815) (-18.6829818990)
continue (0.0619488083) (-18.6935749724)
continue (0.0649513165) (-18.7011469236)
continue (0.0681575894) (-18.7090754406)
continue (0.0715280197) (-18.7187393129)
continue (0.0750013968) (-18.7297871451)
continue (0.0786931754) (-18.7423214251)
continue (0.0825422981) (-18.7564658982)
continue (0.0866223356) (-18.7728849174)
continue (0.0908541347) (-18.7910214827)
continue (0.0953507346) (-18.8079904073)
continue (0.1000293052) (-18.8262311769)
continue (0.1049484016) (-18.8434508487)
continue (0.1100962874) (-18.8579235389)
continue (0.1155110877) (-18.8725712221)
continue (0.1211791185) (-18.8880657237)
continue (0.1271298787) (-18.9027426903)
continue (0.1333821679) (-18.9161391991)
continue (0.1399365741) (-18.9307019879)
continue (0.1467891383) (-18.9465373951)
continue (0.1540082763) (-18.9637704559)
continue (0.1615721579) (-18.9825492705)
continue (0.1695065050) (-19.0025699262)
continue (0.1778428905) (-19.0240629575)
continue (0.1865820989) (-19.0451306289)
continue (0.1957188511) (-19.0698153477)
continue (0.2053328010) (-19.1005078039)
continue (0.2154295439) (-19.1338308524)
continue (0.2260086733) (-19.1714045436)
continue (0.2371238540) (-19.2053725553)
continue (0.2487761318) (-19.2224281953)
continue (0.2609584682) (-19.2317319835)
continue (0.2738182004) (-19.2432878398)
continue (0.2872846692) (-19.2554723265)
continue (0.3013448978) (-19.2679280590)
continue (0.3161925645) (-19.2806687130)
continue (0.3317316967) (-19.2926001689)
continue (0.3479446242) (-19.3030323593)
continue (0.3650909338) (-19.3147958655)
continue (0.3830462256) (-19.3273480772)
continue (0.4017931970) (-19.3406543643)
continue (0.4214925859) (-19.3589226867)
continue (0.4421479723) (-19.3792395100)
continue (0.4639852194) (-19.4016472901)
continue (0.4867879118) (-19.4273607030)
continue (0.5105137091) (-19.4564285760)
continue (0.5357242627) (-19.4889191545)
continue (0.5621634613) (-19.5238932832)
continue (0.5898168096) (-19.5564241202)
continue (0.6186469591) (-19.5941416007)
continue (0.6490505490) (-19.6435916730)
continue (0.6810664954) (-19.7009287400)
continue (0.7141590680) (-19.7695510786)
continue (0.7493222477) (-19.8335698862)
continue (0.7494721272) (-20.0227795534)
continue (0.7862527790) (-20.1234934957)
continue (0.8246759917) (-20.2679280590)
continue (0.8288690942) (-20.2903900314)
continue (0.8329222993) (-20.3097861940)
continue (0.8369692137) (-20.3292514730)
continue (0.8410245965) (-20.3487791848)
continue (0.8450724461) (-20.3683817365)
continue (0.8491277985) (-20.3879073272)
continue (0.8531743306) (-20.4074557473)
continue (0.8572273582) (-20.4270517644)
continue (0.8612783740) (-20.4472393389)
continue (0.8654007320) (-20.4680104486)
continue (0.8695793374) (-20.4958010815)
continue (0.8738320076) (-20.5224085143)
continue (0.8780757090) (-20.5475679740)
continue (0.8823266565) (-20.5730497863)
continue (0.8865758338) (-20.5988925345)
continue (0.8880856269) (-20.6103024518)
continue (0.8882632618) (-20.5885486579)
continue (0.8908313008) (-20.6033892274)
continue (0.8950838547) (-20.6296460760)
continue (0.8993328242) (-20.6553955437)
continue (0.9035775261) (-20.6815297047)
continue (0.9076364251) (-20.7079655640)
continue (0.9122887342) (-20.7440982240)
continue (0.9167472861) (-20.7789589201)
continue (0.9212067921) (-20.8120480190)
continue (0.9256657008) (-20.8467127047)
continue (0.9301243111) (-20.8831964028)
continue (0.9345829462) (-20.9217498654)
continue (0.9369417514) (-20.9442395353)
continue (0.9371291585) (-20.9325571572)
continue (0.9390419537) (-20.9488320362)
continue (0.9435007297) (-20.9863034699)
continue (0.9479596448) (-21.0259928977)
continue (0.9524111317) (-21.0682371115)
continue (0.9531313595) (-21.0753455215)
continue (0.9538446901) (-21.0830136434)
continue (0.9545580893) (-21.0905862629)
continue (0.9552715550) (-21.0980624210)
continue (0.9559850851) (-21.1054413763)
continue (0.9566986776) (-21.1127226175)
continue (0.9574113244) (-21.1199053026)
continue (0.9581250337) (-21.1269888051)
continue (0.9588387990) (-21.1339727246)
continue (0.9594354567) (-21.1408617027)
continue (0.9596273630) (-21.1337126609)
continue (0.9607716931) (-21.1450584705)
continue (0.9619918385) (-21.1561134686)
continue (0.9632120325) (-21.1668758470)
continue (0.9644322638) (-21.1773442673)
continue (0.9656525208) (-21.1875178111)
continue (0.9668727920) (-21.1973972905)
continue (0.9680930657) (-21.2069818375)
continue (0.9693133303) (-21.2162721741)
continue (0.9705335740) (-21.2252684947)
continue (0.9716099949) (-21.2339591396)
continue (0.9718043363) (-21.2290007948)
continue (0.9724931975) (-21.2340581418)
continue (0.9732326966) (-21.2390297162)
continue (0.9739722802) (-21.2438973899)
continue (0.9747119461) (-21.2486608382)
continue (0.9754506480) (-21.2533206617)
continue (0.9761904704) (-21.2578776446)
continue (0.9769303686) (-21.2623327563)
continue (0.9776692914) (-21.2666871525)
continue (0.9784093329) (-21.2709397453)
continue (0.9790220836) (-21.2750690858)
continue (0.9792179076) (-21.2714027566)
continue (0.9796262717) (-21.2739912337)
continue (0.9801046187) (-21.2765607477)
continue (0.9805823779) (-21.2790910485)
continue (0.9810606032) (-21.2815796971)
continue (0.9815392951) (-21.2840292297)
continue (0.9820173961) (-21.2864389003)
continue (0.9824949039) (-21.2888088096)
continue (0.9829728762) (-21.2911399282)
continue (0.9834513138) (-21.2934315587)
continue (0.9837787230) (-21.2956778592)
continue (0.9839754984) (-21.2927705807)
continue (0.9842532892) (-21.2942876332)
continue (0.9845776371) (-21.2957670952)
continue (0.9849011343) (-21.2972292272)
continue (0.9852259094) (-21.2986738366)
continue (0.9855498328) (-21.3001015985)
continue (0.9858739693) (-21.3015114607)
continue (0.9861983191) (-21.3029049779)
continue (0.9865228824) (-21.3042811024)
continue (0.9868465907) (-21.3056414100)
continue (0.9870824973) (-21.3069769321)
continue (0.9872799335) (-21.3046058917)
continue (0.9874069046) (-21.3056062969)
continue (0.9876423407) (-21.3065597449)
continue (0.9878789599) (-21.3075047109)
continue (0.9881146211) (-21.3084411349)
continue (0.9883503948) (-21.3093680716)
continue (0.9885862810) (-21.3102872306)
continue (0.9888222799) (-21.3111976690)
continue (0.9890583914) (-21.3121002187)
continue (0.9892935417) (-21.3129939337)
continue (0.9894406051) (-21.3139002280)
continue (0.9896385130) (-21.3119363031)
continue (0.9991962399) (-21.3413209714)
continue (1.0439534549) (-21.3841551171)
continue (1.0951411739) (-21.4214753947)
continue (1.1489937849) (-21.4530873568)
continue (1.2053795910) (-21.4846561069)
continue (1.2645947416) (-21.5221555237)
continue (1.3266370226) (-21.5600360641)
continue (1.3918847882) (-21.5953372991)
continue (1.4601297401) (-21.6307841426)
continue (1.5320561043) (-21.6710091446)
continue (1.6071727880) (-21.7162466167)
continue (1.6862823294) (-21.7512912644)
continue (1.7691069129) (-21.7838340977)
continue (1.8559408774) (-21.8215986585)
continue (1.9471516470) (-21.8572977543)
continue (2.0427414724) (-21.8921119748)
continue (2.1431490377) (-21.9233595563)
continue (2.2483764392) (-21.9554602396)
continue (2.3583513737) (-21.9812995013)
continue (2.4742518893) (-22.0000000000)
continue (2.5962021961) (-22.0081982012)
continue (2.7234517956) (-22.0219565061)
continue (2.8575320502) (-22.0444565575)
continue (2.9972889909) (-22.0611301785)
continue (2.9978885086) (-22.3014645074)
continue (3.1444684983) (-22.3737623149)
continue (3.2993011253) (-22.4620550407)
continue (3.3154824080) (-22.4738119765)
continue (3.3316770164) (-22.4839064165)
continue (3.3478830047) (-22.4942803839)
continue (3.3640859670) (-22.5046527353)
continue (3.3802960540) (-22.5151963866)
continue (3.3964985345) (-22.5265509867)
continue (3.4127037129) (-22.5390285288)
continue (3.4289094326) (-22.5521553957)
continue (3.4451134960) (-22.5655253098)
continue (3.4609455785) (-22.5790545941)
continue (3.4783173495) (-22.5910362485)
continue (3.4953146235) (-22.6042718301)
continue (3.5123163736) (-22.6179307011)
continue (3.5293202949) (-22.6317633362)
continue (3.5463240368) (-22.6459645900)
continue (3.5537279767) (-22.6522797830)
continue (3.5544387934) (-22.5578339142)
continue (3.5633252031) (-22.5641269792)
continue (3.5803213519) (-22.5765722521)
continue (3.5973241965) (-22.5898100936)
continue (3.6143172719) (-22.6034205936)
continue (3.6319927095) (-22.6172627342)
continue (3.6491549368) (-22.6252040125)
continue (3.6669965225) (-22.6393952275)
continue (3.6848197184) (-22.6542382248)
continue (3.7026665643) (-22.6694665078)
continue (3.7204896494) (-22.6853218703)
continue (3.7383317846) (-22.7016731970)
continue (3.7481524197) (-22.7108571641)
continue (3.7489021252) (-22.6595558852)
continue (3.7561600736) (-22.6664197369)
continue (3.7740029190) (-22.6820619604)
continue (3.7918425237) (-22.6982605127)
continue (3.8096445268) (-22.7148929704)
continue (3.8125294258) (-22.7043163708)
continue (3.8153867477) (-22.7068540940)
continue (3.8182323571) (-22.7094178547)
continue (3.8210822144) (-22.7120057904)
continue (3.8239363290) (-22.7146182444)
continue (3.8267947105) (-22.7172533030)
continue (3.8296412741) (-22.7199112835)
continue (3.8324920757) (-22.7225925102)
continue (3.8353471248) (-22.7252950073)
continue (3.8381459698) (-22.7279262125)
continue (3.8389136758) (-22.6950788381)
continue (3.8430948760) (-22.6994632085)
continue (3.8479632917) (-22.7038900964)
continue (3.8528440576) (-22.7083736688)
continue (3.8577372208) (-22.7129129812)
continue (3.8626100831) (-22.7175070393)
continue (3.8674952713) (-22.7221547953)
continue (3.8723763766) (-22.7268551450)
continue (3.8772533211) (-22.7316116053)
continue (3.8821260270) (-22.7364183696)
continue (3.8872689984) (-22.7413627173)
continue (3.8880465300) (-22.7180580666)
continue (3.8899644875) (-22.7208694122)
continue (3.8929224712) (-22.7237082703)
continue (3.8958849568) (-22.7265611796)
continue (3.8988519547) (-22.7294329538)
continue (3.9018067686) (-22.7323238440)
continue (3.9047660647) (-22.7352293855)
continue (3.9077130959) (-22.7381544967)
continue (3.9106813613) (-22.7410946579)
continue (3.9136373315) (-22.7440548596)
continue (3.9156676117) (-22.7471469690)
continue (3.9164508235) (-22.7297871451)
continue (3.9185008743) (-22.7315484037)
continue (3.9204226914) (-22.7334155529)
continue (3.9223295118) (-22.7352884033)
continue (3.9242381880) (-22.7371693651)
continue (3.9261487226) (-22.7390561276)
continue (3.9280611185) (-22.7409511227)
continue (3.9299753783) (-22.7428520203)
continue (3.9318915048) (-22.7447612747)
continue (3.9338095006) (-22.7466765360)
continue (3.9359648088) (-22.7486051500)
continue (3.9367520805) (-22.7351821770)
continue (3.9370216616) (-22.7363639314)
continue (3.9383148035) (-22.7376367273)
continue (3.9396087952) (-22.7389108838)
continue (3.9409036375) (-22.7401911770)
continue (3.9421993313) (-22.7414704663)
continue (3.9434958773) (-22.7427559369)
continue (3.9447932764) (-22.7440428147)
continue (3.9460915295) (-22.7453335171)
continue (3.9473906374) (-22.7466280667)
continue (3.9479023104) (-22.7478754475)
continue (3.9486919698) (-22.7370745307)
continue (3.9496318982) (-22.7379857976)
continue (3.9505736443) (-22.7389108838)
continue (3.9515158397) (-22.7398379446)
continue (3.9524584845) (-22.7407645978)
continue (3.9534015792) (-22.7416956284)
continue (3.9543451241) (-22.7426262580)
continue (3.9552891195) (-22.7435588862)
continue (3.9562335657) (-22.7444935215)
continue (3.9571784630) (-22.7454301725)
continue (3.9581922382) (-22.7464197104)
continue (3.9589839558) (-22.7373116557)
continue (3.9963853212) (-22.7765040590)
continue (3.9971846782) (-22.7765040590)
continue (4.1935893733) (-22.9657727392)
continue (4.3980066159) (-23.0477404634)
continue (4.6140099788) (-23.0802944655)
continue (4.8420136600) (-23.0975075788)
continue (5.0795260358) (-23.1108103880)
continue (5.3290466130) (-23.1230896887)
continue (5.5905949130) (-23.1345998818)
continue (5.8640088212) (-23.1470932412)
continue (6.1530517948) (-23.1603334431)
continue (6.4537320879) (-23.1737955765)
continue (6.7752191139) (-23.1874877157)
continue (7.1026264288) (-23.2012112860)
continue (7.4571765206) (-23.2150975501)
continue (7.8220340843) (-23.2291479884)
continue (8.2022229596) (-23.2432878398)
continue (8.6049761172) (-23.2575891194)
continue (9.0313872232) (-23.2720522905)
continue (9.4736144175) (-23.2866774950)
continue (9.9396484600) (-23.3016384339)
continue (10.4275886350) (-23.3168628685)
continue (10.9395794816) (-23.3324536605)
continue (11.4769139901) (-23.3485281478)
continue (12.0410540541) (-23.3651198592)
continue (12.6319236321) (-23.3822659646)
continue (13.2528646134) (-23.4001169279)
continue (13.9039818556) (-23.4186193113)
continue (14.5849387135) (-23.4377071355)
continue (15.3025519868) (-23.4575480526)
continue (16.0547387388) (-23.4776862048)
continue (16.8410085163) (-23.4986668214)
continue (17.6704861512) (-23.5202807646)
continue (18.5367569328) (-23.5428753737)
continue (19.4465849513) (-23.5660702344)
continue (20.4045448011) (-23.5897290357)
continue (21.4063183185) (-23.6142150412)
continue (22.4560613804) (-23.6392173101)
continue (23.5591254089) (-23.6649434806)
continue (24.7156759104) (-23.6912222263)
continue (25.9324692890) (-23.7180580666)
continue (27.2019991288) (-23.7454519229)
continue (28.5395230447) (-23.7736579128)
continue (29.9463348937) (-23.8021683067)
continue (31.4121672119) (-23.8315025165)
continue (32.9572141344) (-23.8613815661)
continue (34.5700671782) (-23.8917733436)
continue (36.2765513860) (-23.9222688203)
continue (38.0487252951) (-23.9538952128)
continue (39.9153294269) (-23.9854794612)
continue (41.8780777030) (-24.0178192544)
continue (43.9376552949) (-24.0504148487)
continue (46.0934229042) (-24.0833355355)
continue (48.3687351813) (-24.1165089098)
continue (50.7386954798) (-24.1500280877)
continue (53.2282109122) (-24.1836924006)
continue (55.8374369373) (-24.2175990475)
continue (58.6023775445) (-24.2517344273)
continue (61.4475368049) (-24.2859218350)
continue (64.4916469085) (-24.3202996191)
continue (67.6515939730) (-24.3546759984)
continue (70.9709478829) (-24.3892334052)
continue (74.4499159164) (-24.4221636587)
continue (78.0862871308) (-24.4521022824)
continue (81.9484685986) (-24.4769041617)
continue (85.9685821525) (-24.4975728800)
continue (90.2244525561) (-24.5139948136)
continue (94.6279305105) (-24.5225893121)
continue (99.2773690834) (-24.5298836468)
continue (104.1567002876) (-24.5373025919)
continue (109.2777276432) (-24.5448504788)
continue (114.6391962280) (-24.5525318691)
continue (120.2675162751) (-24.5603515704)
continue (126.1793091687) (-24.5684754158)
continue (132.3746325997) (-24.5769180417)
continue (138.8703094813) (-24.5853608533)
continue (145.6861663975) (-24.5934598196)
continue (152.8458522000) (-24.6013656755)
continue (160.3496341398) (-24.6092414713)
continue (168.2235500861) (-24.6172627342)
continue (176.4995101330) (-24.6250684460)
continue (185.1792259330) (-24.6324577265)
continue (194.2585740389) (-24.6394065864)
continue (203.8172603034) (-24.6462760624)
continue (213.8120532183) (-24.6530605373)
continue (224.3394807525) (-24.6595558852)
continue (235.3478746943) (-24.6657473577)
continue (246.8889110855) (-24.6718243386)
continue (259.0298382082) (-24.6775739476)
continue (271.6955786573) (-24.6834006979)
continue (285.0381516473) (-24.6893066877)
continue (299.0702234383) (-24.6948636811)
continue (313.7971662591) (-24.7004927013)
continue (329.2149461042) (-24.7061956401)
continue (345.3076812491) (-24.7124221909)
continue (362.3327915771) (-24.7189666328)
continue (380.1697834028) (-24.7265357274)
continue (398.8039259591) (-24.7354182708)
continue (418.3962216788) (-24.7456936677)
continue (438.9532614723) (-24.7577070950)
continue (460.4684036465) (-24.7710865940)
continue (483.1744277924) (-24.7859513206)
continue (506.8225644140) (-24.8002448227)
continue (531.6610098112) (-24.8121973613)
continue (557.6909246123) (-24.8198741248)
continue (585.2710152964) (-24.8247781997)
continue (614.0613010893) (-24.8297382846)
continue (644.0049263721) (-24.8344589233)
continue (675.5129509388) (-24.8386319978)
continue (709.1571757327) (-24.8431480989)
continue (743.8914047481) (-24.8477116556)
continue (780.1943243292) (-24.8523236758)
continue (818.7484014523) (-24.8566728700)
continue (858.8755615612) (-24.8613815661)
continue (901.3520977413) (-24.8655041442)
continue (945.2976875689) (-24.8696662315)
continue (991.6932972211) (-24.8735438866)
continue (1040.3778637019) (-24.8771290771)
continue (1091.4684043795) (-24.8807441107)
continue (1145.0954647103) (-24.8847224086)
continue (1201.4066853216) (-24.8890737577)
continue (1260.3969167586) (-24.8941493256)
continue (1322.2097661295) (-24.9003193589)
continue (1387.2232772362) (-24.9076303004)
continue (1455.2331057433) (-24.9161391991)
continue (1526.6660593340) (-24.9259153110)
continue (1601.8051868807) (-24.9370421659)
continue (1680.3742777364) (-24.9500071431)
continue (1762.9463548393) (-24.9641701747)
continue (1849.5371845270) (-24.9796387174)
continue (1940.5173995240) (-24.9965394679)
continue (2035.8958239867) (-25.0145286167)
continue (2135.6151179200) (-25.0334359159)
continue (2240.6367612895) (-25.0532039727)
continue (2350.4435667177) (-25.0738634289)
continue (2466.2164298145) (-25.0953385421)
continue (2587.3565326986) (-25.1173616383)
continue (2714.5277653156) (-25.1398417387)
continue (2847.7092838014) (-25.1629168492)
continue (2987.7605600540) (-25.1864857285)
continue (3133.6553329314) (-25.2105603154)
continue (3288.5852429320) (-25.2352262831)
continue (3449.1558320078) (-25.2603485563)
continue (3619.0110040368) (-25.2860896459)
continue (3796.9457117352) (-25.3122927204)
continue (3982.8101871349) (-25.3388501428)
continue (4178.2071105752) (-25.3658251282)
continue (4383.1985128257) (-25.3930814741)
continue (4600.0351883718) (-25.4209026734)
continue (4826.6259047482) (-25.4491603949)
continue (5062.5942823136) (-25.4776862048)
continue (5310.4135828465) (-25.5065419490)
continue (5573.4982924554) (-25.5358086294)
continue (5845.2018654038) (-25.5654310960)
continue (6132.3483904203) (-25.5956795328)
continue (6435.5012063309) (-25.6261688549)
continue (6750.1257097515) (-25.6571826854)
continue (7080.5514437953) (-25.6886700477)
continue (7426.7886782107) (-25.7205612117)
continue (7795.2692114325) (-25.7525177393)
continue (8180.1343879395) (-25.7848914189)
continue (8580.6682751079) (-25.8178707859)
continue (8995.7252795307) (-25.8507808873)
continue (9442.2025781417) (-25.8843894883)
continue (9905.0757697441) (-25.9179330657)
continue (10391.9143667061) (-25.9515581964)
continue (10902.9309741141) (-25.9854794612)
continue (11438.0189634299) (-26.0194966818)
continue (11999.8284279228) (-26.0536460028)
continue (12588.2990857364) (-26.0881502035)
continue (13206.7676929921) (-26.1231473524)
continue (13855.3591427164) (-26.1582652210)
continue (14536.0818442568) (-26.1936164982)
continue (15251.3300555055) (-26.2293688722)
continue (15998.3667629294) (-26.2652801583)
continue (16785.1716856964) (-26.3016384339)
continue (17609.0235906562) (-26.3384712599)
continue (18476.6214682980) (-26.3758210743)
continue (19380.4119697247) (-26.4139756176)
continue (20336.2412590149) (-26.4525945403)
continue (21331.1556839058) (-26.4918744639)
continue (22378.8548825259) (-26.5319482085)
continue (23480.2105337917) (-26.5730010412)
continue (24635.4952910640) (-26.6149302237)
continue (25844.2135795932) (-26.6577747706)
continue (27112.9714613644) (-26.7015836199)
continue (28441.5409118744) (-26.7464197104)
continue (29838.4731767013) (-26.7926349625)
continue (31304.2587020425) (-26.8395314689)
continue (32838.4493987912) (-26.8880657237)
continue (34452.4374599794) (-26.9374180158)
continue (36147.0436658650) (-26.9880068853)
continue (37922.0545491659) (-27.0402909758)
continue (39793.3175029020) (-27.0939344552)
continue (41743.7916086329) (-27.1496601454)
continue (43789.8592415404) (-27.2069083998)
continue (45953.9571768258) (-27.2657603956)
continue (48189.6864524831) (-27.3262420635)
continue (50569.7542073505) (-27.3884891129)
continue (53042.3149485714) (-27.4528408787)
continue (55666.8888708892) (-27.5189875790)
continue (58377.1281753015) (-27.5873714795)
continue (61241.0598666973) (-27.6587633768)
continue (64264.2433580011) (-27.7325935812)
continue (67401.4031668977) (-27.8091082831)
continue (70750.5412124578) (-27.8887374863)
continue (74207.4080469427) (-27.9706162223)
continue (77819.5534429083) (-28.0555666823)
continue (81654.7464889298) (-28.1433919316)
continue (85725.9615067221) (-28.2342569586)
continue (89868.5375558636) (-28.3293831136)
continue (94314.5281325250) (-28.4274769022)
continue (98943.2107292569) (-28.5294425148)
continue (103800.7712514473) (-28.6354490046)
continue (108899.0165889647) (-28.7447274949)
continue (114251.1247262358) (-28.8588639099)
continue (119856.2371190920) (-28.9767475404)
continue (125744.0279862641) (-29.0985416786)
continue (131933.8310143994) (-29.2262866747)
continue (138406.2835383439) (-29.3569423162)
continue (145198.6887852862) (-29.4914702810)
continue (152334.8329683143) (-29.6294869104)
continue (159815.3228369794) (-29.7677664789)
continue (167666.4159735890) (-29.9034375616)
continue (175886.3097503294) (-30.0269645593)
continue (184541.7113844586) (-30.1301231867)
continue (193598.2517137149) (-30.2103487912)
continue (203090.4771153235) (-30.2621714941)
continue (213112.0137550178) (-30.2975694636)
continue (223568.9329775408) (-30.3330142817)
continue (234560.3528485087) (-30.3683533370)
continue (246022.4003284170) (-30.4038429191)
continue (258149.2835174097) (-30.4392566989)
continue (270807.4207478325) (-30.4745664466)
continue (284149.3516733571) (-30.5100415206)
continue (298091.9106367211) (-30.5454600150)
continue (312720.3057022843) (-30.5808706923)
continue (328029.8671045559) (-30.6161846340)
continue (344134.0524231330) (-30.6515004297)
continue (361040.7966784692) (-30.6869768897)
continue (378747.7019187267) (-30.7223907857)
continue (397412.5472378789) (-30.7577070950)
continue (416865.0369700166) (-30.7931741240)
continue (437478.1424946981) (-30.8285660991)
continue (458845.4032308441) (-30.8639139026)
continue (481387.7289046257) (-30.8992849134)
continue (505136.9017829581) (-30.9347938719)
continue (529806.3783816607) (-30.9702105292)
continue (555989.6100161417) (-31.0055948533)
continue (583397.5485380642) (-31.0410063350)
continue (611999.3088089029) (-31.0763933570)
continue (3672982.5506507708) (-32.1519957285)
continue (3709712.3761572787) (-50.0000000000)
continue (7354000.0000000000) (-50.0000000000)
f(nu) = -20.2428803326 at 1.0000000000 Ryd
