# Puchwein et al 2019
# z = 2.649000
# E [Ryd] log (J_nu)
interpolate (0.0000000100) (-50.0000000000)
continue (0.0007810860) (-50.0000000000)
continue (0.0007889757) (-17.7770235501)
continue (0.0008276721) (-17.7983298204)
continue (0.0008678733) (-17.8207355357)
continue (0.0009112670) (-17.8452717926)
continue (0.0009556071) (-17.8706324043)
continue (0.0010026042) (-17.8968807465)
continue (0.0010517855) (-17.9237237446)
continue (0.0011034960) (-17.9515581964)
continue (0.0011577525) (-17.9800533183)
continue (0.0012145368) (-18.0090399003)
continue (0.0012741429) (-18.0382942160)
continue (0.0013367566) (-18.0678307541)
continue (0.0014023807) (-18.0977250795)
continue (0.0014712092) (-18.1280186462)
continue (0.0015434739) (-18.1588283055)
continue (0.0016194544) (-18.1897002590)
continue (0.0016988571) (-18.2204756567)
continue (0.0017822550) (-18.2511145600)
continue (0.0018700328) (-18.2816644211)
continue (0.0019618234) (-18.3121144752)
continue (0.0020579652) (-18.3424661124)
continue (0.0021594004) (-18.3729415360)
continue (0.0022651429) (-18.4032929703)
continue (0.0023768048) (-18.4335625078)
continue (0.0024932065) (-18.4634415574)
continue (0.0026155768) (-18.4929541276)
continue (0.0027439535) (-18.5218665719)
continue (0.0028792005) (-18.5505216008)
continue (0.0030204407) (-18.5785606098)
continue (0.0031685222) (-18.6060739934)
continue (0.0033245785) (-18.6332036167)
continue (0.0034874358) (-18.6595558852)
continue (0.0036582375) (-18.6852903070)
continue (0.0038385298) (-18.7101881609)
continue (0.0040268094) (-18.7344746648)
continue (0.0042246962) (-18.7574585717)
continue (0.0044322323) (-18.7796303675)
continue (0.0046493213) (-18.8005190851)
continue (0.0048783028) (-18.8207355357)
continue (0.0051194774) (-18.8410347396)
continue (0.0053698702) (-18.8610660597)
continue (0.0056320579) (-18.8810742472)
continue (0.0059096431) (-18.9010103606)
continue (0.0061990950) (-18.9211808169)
continue (0.0065044038) (-18.9411945133)
continue (0.0068259698) (-18.9621752494)
continue (0.0071584208) (-18.9838026465)
continue (0.0075125059) (-19.0063433714)
continue (0.0078829323) (-19.0290026344)
continue (0.0082692103) (-19.0501710411)
continue (0.0086704755) (-19.0691018856)
continue (0.0090944807) (-19.0851281825)
continue (0.0095460609) (-19.0985416786)
continue (0.0100150233) (-19.1098026138)
continue (0.0105069407) (-19.1187865837)
continue (0.0110229463) (-19.1253442674)
continue (0.0115643017) (-19.1294205394)
continue (0.0121324320) (-19.1308856730)
continue (0.0127271923) (-19.1298302789)
continue (0.0133518970) (-19.1264469065)
continue (0.0140087159) (-19.1208467538)
continue (0.0146954841) (-19.1131709953)
continue (0.0154190689) (-19.1032533844)
continue (0.0161744226) (-19.0907649966)
continue (0.0169695898) (-19.0756173228)
continue (0.0178051382) (-19.0573471883)
continue (0.0186773308) (-19.0361177711)
continue (0.0195971392) (-19.0119764381)
continue (0.0205564397) (-18.9858996785)
continue (0.0215684490) (-18.9625735021)
continue (0.0226289290) (-18.9419537696)
continue (0.0237370922) (-18.9215431819)
continue (0.0249048093) (-18.9017024635)
continue (0.0261257732) (-18.8830603534)
continue (0.0274065254) (-18.8655041442)
continue (0.0287556633) (-18.8489367466)
continue (0.0301644148) (-18.8323873273)
continue (0.0316522046) (-18.8147412347)
continue (0.0332094377) (-18.7953374883)
continue (0.0348343643) (-18.7728849174)
continue (0.0365530273) (-18.7466619947)
continue (0.0383368519) (-18.7212463990)
continue (0.0402325373) (-18.7048729147)
continue (0.0422078263) (-18.6965879294)
continue (0.0442792503) (-18.6897316334)
continue (0.0464458191) (-18.6844494656)
continue (0.0487308541) (-18.6811022854)
continue (0.0511373160) (-18.6823544568)
continue (0.0536354897) (-18.6901569953)
continue (0.0562510476) (-18.7024583322)
continue (0.0590198815) (-18.7151182853)
continue (0.0619488083) (-18.7249191015)
continue (0.0649513165) (-18.7314220281)
continue (0.0681575894) (-18.7380238086)
continue (0.0715280197) (-18.7459355471)
continue (0.0750013968) (-18.7547341605)
continue (0.0786931754) (-18.7649768405)
continue (0.0825422981) (-18.7762445463)
continue (0.0866223356) (-18.7896814802)
continue (0.0908541347) (-18.8049310035)
continue (0.0953507346) (-18.8190144192)
continue (0.1000293052) (-18.8347556739)
continue (0.1049484016) (-18.8495505905)
continue (0.1100962874) (-18.8616973018)
continue (0.1155110877) (-18.8741935419)
continue (0.1211791185) (-18.8877302316)
continue (0.1271298787) (-18.8999742699)
continue (0.1333821679) (-18.9108016332)
continue (0.1399365741) (-18.9229956732)
continue (0.1467891383) (-18.9355420108)
continue (0.1540082763) (-18.9500071431)
continue (0.1615721579) (-18.9649707178)
continue (0.1695065050) (-18.9812995013)
continue (0.1778428905) (-18.9995659225)
continue (0.1865820989) (-19.0164639184)
continue (0.1957188511) (-19.0373465951)
continue (0.2053328010) (-19.0648455528)
continue (0.2154295439) (-19.0957714837)
continue (0.2260086733) (-19.1317671316)
continue (0.2371238540) (-19.1647534600)
continue (0.2487761318) (-19.1796014773)
continue (0.2609584682) (-19.1857524043)
continue (0.2738182004) (-19.1942952956)
continue (0.2872846692) (-19.2025247125)
continue (0.3013448978) (-19.2104897959)
continue (0.3161925645) (-19.2185318572)
continue (0.3317316967) (-19.2264329511)
continue (0.3479446242) (-19.2345549819)
continue (0.3650909338) (-19.2432878398)
continue (0.3830462256) (-19.2525881921)
continue (0.4017931970) (-19.2629664687)
continue (0.4214925859) (-19.2786016245)
continue (0.4421479723) (-19.2963647624)
continue (0.4639852194) (-19.3123818704)
continue (0.4867879118) (-19.3332948639)
continue (0.5105137091) (-19.3578323656)
continue (0.5357242627) (-19.3861581781)
continue (0.5621634613) (-19.4168012260)
continue (0.5898168096) (-19.4445427828)
continue (0.6186469591) (-19.4766437933)
continue (0.6490505490) (-19.5197055400)
continue (0.6810664954) (-19.5694412305)
continue (0.7141590680) (-19.6300423927)
continue (0.7493222477) (-19.6834006979)
continue (0.7494721272) (-19.8880657237)
continue (0.7862527790) (-19.9825492705)
continue (0.8246759917) (-20.1249966464)
continue (0.8288690942) (-20.1478159398)
continue (0.8329222993) (-20.1674272252)
continue (0.8369692137) (-20.1871701696)
continue (0.8410245965) (-20.2070461930)
continue (0.8450724461) (-20.2270676294)
continue (0.8491277985) (-20.2470876663)
continue (0.8531743306) (-20.2671697524)
continue (0.8572273582) (-20.2873284159)
continue (0.8612783740) (-20.3081796862)
continue (0.8654007320) (-20.3297541469)
continue (0.8695793374) (-20.3592731616)
continue (0.8738320076) (-20.3876156661)
continue (0.8780757090) (-20.4145110705)
continue (0.8823266565) (-20.4419505694)
continue (0.8865758338) (-20.4699886650)
continue (0.8880856269) (-20.4824082693)
continue (0.8882632618) (-20.4450265417)
continue (0.8908313008) (-20.4607632671)
continue (0.8950838547) (-20.4886769061)
continue (0.8993328242) (-20.5161090170)
continue (0.9035775261) (-20.5441460072)
continue (0.9076364251) (-20.5728385971)
continue (0.9122887342) (-20.6134403980)
continue (0.9167472861) (-20.6529179449)
continue (0.9212067921) (-20.6906125944)
continue (0.9256657008) (-20.7307019212)
continue (0.9301243111) (-20.7736192304)
continue (0.9345829462) (-20.8198683878)
continue (0.9369417514) (-20.8471004036)
continue (0.9371291585) (-20.8276890315)
continue (0.9390419537) (-20.8468317250)
continue (0.9435007297) (-20.8922678339)
continue (0.9479596448) (-20.9415246267)
continue (0.9524111317) (-20.9952488444)
continue (0.9531313595) (-21.0047009653)
continue (0.9538446901) (-21.0148480221)
continue (0.9545580893) (-21.0249010483)
continue (0.9552715550) (-21.0348585303)
continue (0.9559850851) (-21.0447183582)
continue (0.9566986776) (-21.0544797162)
continue (0.9574113244) (-21.0641407054)
continue (0.9581250337) (-21.0736997499)
continue (0.9588387990) (-21.0831550992)
continue (0.9594354567) (-21.0924811539)
continue (0.9596273630) (-21.0802422195)
continue (0.9607716931) (-21.0955674062)
continue (0.9619918385) (-21.1105487018)
continue (0.9632120325) (-21.1252069239)
continue (0.9644322638) (-21.1395356171)
continue (0.9656525208) (-21.1535305163)
continue (0.9668727920) (-21.1671852728)
continue (0.9680930657) (-21.1804968637)
continue (0.9693133303) (-21.1934598467)
continue (0.9705335740) (-21.2060713892)
continue (0.9716099949) (-21.2183164155)
continue (0.9718043363) (-21.2098556350)
continue (0.9724931975) (-21.2169379668)
continue (0.9732326966) (-21.2239231089)
continue (0.9739722802) (-21.2307778068)
continue (0.9747119461) (-21.2375014920)
continue (0.9754506480) (-21.2440946686)
continue (0.9761904704) (-21.2505574348)
continue (0.9769303686) (-21.2568886519)
continue (0.9776692914) (-21.2630890242)
continue (0.9784093329) (-21.2691579928)
continue (0.9790220836) (-21.2750690858)
continue (0.9792179076) (-21.2688142924)
continue (0.9796262717) (-21.2725270643)
continue (0.9801046187) (-21.2761898126)
continue (0.9805823779) (-21.2797993372)
continue (0.9810606032) (-21.2833557100)
continue (0.9815392951) (-21.2868582085)
continue (0.9820173961) (-21.2903069777)
continue (0.9824949039) (-21.2937039184)
continue (0.9829728762) (-21.2970467292)
continue (0.9834513138) (-21.3003374142)
continue (0.9837787230) (-21.3035562369)
continue (0.9839754984) (-21.2986911148)
continue (0.9842532892) (-21.3008537079)
continue (0.9845776371) (-21.3029730263)
continue (0.9849011343) (-21.3050676681)
continue (0.9852259094) (-21.3071398671)
continue (0.9855498328) (-21.3091883673)
continue (0.9858739693) (-21.3112127850)
continue (0.9861983191) (-21.3132145235)
continue (0.9865228824) (-21.3151923267)
continue (0.9868465907) (-21.3171476270)
continue (0.9870824973) (-21.3191208256)
continue (0.9872799335) (-21.3151546384)
continue (0.9874069046) (-21.3165530904)
continue (0.9876423407) (-21.3179208403)
continue (0.9878789599) (-21.3192766055)
continue (0.9881146211) (-21.3206202600)
continue (0.9883503948) (-21.3219516781)
continue (0.9885862810) (-21.3232716482)
continue (0.9888222799) (-21.3245791363)
continue (0.9890583914) (-21.3258749370)
continue (0.9892935417) (-21.3271598560)
continue (0.9894406051) (-21.3284569147)
continue (0.9896385130) (-21.3252306860)
continue (0.9991962399) (-21.3674414855)
continue (1.0439534549) (-21.4203307064)
continue (1.0951411739) (-21.4594202835)
continue (1.1489937849) (-21.4874490071)
continue (1.2053795910) (-21.5122961368)
continue (1.2645947416) (-21.5472937735)
continue (1.3266370226) (-21.5860300283)
continue (1.3918847882) (-21.6188849193)
continue (1.4601297401) (-21.6536470255)
continue (1.5320561043) (-21.6985359269)
continue (1.6071727880) (-21.7569619513)
continue (1.6862823294) (-21.7964232250)
continue (1.7691069129) (-21.8259401923)
continue (1.8559408774) (-21.8677403105)
continue (1.9471516470) (-21.9055288714)
continue (2.0427414724) (-21.9427143556)
continue (2.1431490377) (-21.9730583720)
continue (2.2483764392) (-22.0088182423)
continue (2.3583513737) (-22.0460471168)
continue (2.4742518893) (-22.0794071379)
continue (2.5962021961) (-22.1045774540)
continue (2.7234517956) (-22.1073489661)
continue (2.8575320502) (-22.0966386637)
continue (2.9972889909) (-22.0541868734)
continue (2.9978885086) (-22.3480439305)
continue (3.1444684983) (-22.4473317839)
continue (3.2993011253) (-22.6187043770)
continue (3.3154824080) (-22.6457416975)
continue (3.3316770164) (-22.6727657516)
continue (3.3478830047) (-22.7020557457)
continue (3.3640859670) (-22.7333403366)
continue (3.3802960540) (-22.7497386173)
continue (3.3964985345) (-22.7229136287)
continue (3.4127037129) (-22.7504421222)
continue (3.4289094326) (-22.7795310220)
continue (3.4451134960) (-22.8102150163)
continue (3.4609455785) (-22.8425432319)
continue (3.4783173495) (-22.8805890332)
continue (3.4953146235) (-22.9188976371)
continue (3.5123163736) (-22.9595123794)
continue (3.5293202949) (-23.0016512829)
continue (3.5463240368) (-23.0415211685)
continue (3.5537279767) (-23.0554679790)
continue (3.5544387934) (-22.7746907183)
continue (3.5633252031) (-22.7763042205)
continue (3.5803213519) (-22.7760941000)
continue (3.5973241965) (-22.8053968658)
continue (3.6143172719) (-22.8354270781)
continue (3.6319927095) (-22.8645493007)
continue (3.6491549368) (-22.8922034505)
continue (3.6669965225) (-22.9179114953)
continue (3.6848197184) (-22.9527368178)
continue (3.7026665643) (-22.9841751782)
continue (3.7204896494) (-23.0199270559)
continue (3.7383317846) (-23.0558807079)
continue (3.7481524197) (-23.0773264321)
continue (3.7489021252) (-22.9226320947)
continue (3.7561600736) (-22.9365127697)
continue (3.7740029190) (-22.9723405837)
continue (3.7918425237) (-23.0143638397)
continue (3.8096445268) (-23.0602312245)
continue (3.8125294258) (-23.0553135534)
continue (3.8153867477) (-23.0607718722)
continue (3.8182323571) (-23.0663740435)
continue (3.8210822144) (-23.0721160769)
continue (3.8239363290) (-23.0779953319)
continue (3.8267947105) (-23.0840079652)
continue (3.8296412741) (-23.0901525778)
continue (3.8324920757) (-23.0964255022)
continue (3.8353471248) (-23.1028250301)
continue (3.8381459698) (-23.1093554637)
continue (3.8389136758) (-23.0093504117)
continue (3.8430948760) (-23.0188031641)
continue (3.8479632917) (-23.0286193022)
continue (3.8528440576) (-23.0387768754)
continue (3.8577372208) (-23.0492706276)
continue (3.8626100831) (-23.0600985368)
continue (3.8674952713) (-23.0712601261)
continue (3.8723763766) (-23.0827571421)
continue (3.8772533211) (-23.0945921908)
continue (3.8821260270) (-23.1067710330)
continue (3.8872689984) (-23.1193007108)
continue (3.8880465300) (-23.0484196551)
continue (3.8899644875) (-23.0553017147)
continue (3.8929224712) (-23.0622900779)
continue (3.8958849568) (-23.0694029256)
continue (3.8988519547) (-23.0766419811)
continue (3.9018067686) (-23.0840095461)
continue (3.9047660647) (-23.0915080110)
continue (3.9077130959) (-23.0991404040)
continue (3.9106813613) (-23.1069104445)
continue (3.9136373315) (-23.1148203394)
continue (3.9156676117) (-23.1228591102)
continue (3.9164508235) (-23.0698153477)
continue (3.9185008743) (-23.0746368484)
continue (3.9204226914) (-23.0795343841)
continue (3.9223295118) (-23.0844914728)
continue (3.9242381880) (-23.0895079310)
continue (3.9261487226) (-23.0945851711)
continue (3.9280611185) (-23.0997246565)
continue (3.9299753783) (-23.1049267981)
continue (3.9318915048) (-23.1101942481)
continue (3.9338095006) (-23.1155269376)
continue (3.9359648088) (-23.1209041205)
continue (3.9367520805) (-23.0795114353)
continue (3.9370216616) (-23.0829747379)
continue (3.9383148035) (-23.0864722406)
continue (3.9396087952) (-23.0900008101)
continue (3.9409036375) (-23.0935593610)
continue (3.9421993313) (-23.0971494839)
continue (3.9434958773) (-23.1007717231)
continue (3.9447932764) (-23.1044255327)
continue (3.9460915295) (-23.1081120147)
continue (3.9473906374) (-23.1118317428)
continue (3.9479023104) (-23.1156011744)
continue (3.9486919698) (-23.0821795180)
continue (3.9496318982) (-23.0848250218)
continue (3.9505736443) (-23.0874628355)
continue (3.9515158397) (-23.0901178375)
continue (3.9524584845) (-23.0927913214)
continue (3.9534015792) (-23.0954824473)
continue (3.9543451241) (-23.0981914418)
continue (3.9552891195) (-23.1009190839)
continue (3.9562335657) (-23.1036650685)
continue (3.9571784630) (-23.1064296359)
continue (3.9581922382) (-23.1091879010)
continue (3.9589839558) (-23.0817074872)
continue (3.9963853212) (-23.2105603154)
continue (3.9971846782) (-23.2105603154)
continue (4.1935893733) (-23.4314462880)
continue (4.3980066159) (-23.5320960535)
continue (4.6140099788) (-23.5662301661)
continue (4.8420136600) (-23.5795491409)
continue (5.0795260358) (-23.5867002359)
continue (5.3290466130) (-23.5931193300)
continue (5.5905949130) (-23.5961933895)
continue (5.8640088212) (-23.5987718325)
continue (6.1530517948) (-23.6041496240)
continue (6.4537320879) (-23.6087119514)
continue (6.7752191139) (-23.6140364294)
continue (7.1026264288) (-23.6185239097)
continue (7.4571765206) (-23.6226937489)
continue (7.8220340843) (-23.6276404175)
continue (8.2022229596) (-23.6322714539)
continue (8.6049761172) (-23.6367641955)
continue (9.0313872232) (-23.6414940885)
continue (9.4736144175) (-23.6464684409)
continue (9.9396484600) (-23.6515004297)
continue (10.4275886350) (-23.6569855028)
continue (10.9395794816) (-23.6625407387)
continue (11.4769139901) (-23.6685727035)
continue (12.0410540541) (-23.6753060861)
continue (12.6319236321) (-23.6823544568)
continue (13.2528646134) (-23.6901569953)
continue (13.9039818556) (-23.6985359269)
continue (14.5849387135) (-23.7077439286)
continue (15.3025519868) (-23.7176044953)
continue (16.0547387388) (-23.7281583935)
continue (16.8410085163) (-23.7394516274)
continue (17.6704861512) (-23.7512912644)
continue (18.5367569328) (-23.7639668529)
continue (19.4465849513) (-23.7775436633)
continue (20.4045448011) (-23.7915586436)
continue (21.4063183185) (-23.8065970969)
continue (22.4560613804) (-23.8221750281)
continue (23.5591254089) (-23.8383325876)
continue (24.7156759104) (-23.8557372262)
continue (25.9324692890) (-23.8738685927)
continue (27.2019991288) (-23.8931294555)
continue (28.5395230447) (-23.9125735430)
continue (29.9463348937) (-23.9336740746)
continue (31.4121672119) (-23.9558523791)
continue (32.9572141344) (-23.9792245118)
continue (34.5700671782) (-24.0027884172)
continue (36.2765513860) (-24.0278897716)
continue (38.0487252951) (-24.0539409396)
continue (39.9153294269) (-24.0806603632)
continue (41.8780777030) (-24.1080724658)
continue (43.9376552949) (-24.1367961410)
continue (46.0934229042) (-24.1662156253)
continue (48.3687351813) (-24.1963380768)
continue (50.7386954798) (-24.2270918050)
continue (53.2282109122) (-24.2583757425)
continue (55.8374369373) (-24.2901366826)
continue (58.6023775445) (-24.3223930473)
continue (61.4475368049) (-24.3549709353)
continue (64.4916469085) (-24.3878521617)
continue (67.6515939730) (-24.4211316713)
continue (70.9709478829) (-24.4545691705)
continue (74.4499159164) (-24.4881166390)
continue (78.0862871308) (-24.5218665719)
continue (81.9484685986) (-24.5556428743)
continue (85.9685821525) (-24.5860300283)
continue (90.2244525561) (-24.6095948435)
continue (94.6279305105) (-24.6219656775)
continue (99.2773690834) (-24.6293019074)
continue (104.1567002876) (-24.6362000545)
continue (109.2777276432) (-24.6432095396)
continue (114.6391962280) (-24.6501399178)
continue (120.2675162751) (-24.6573799574)
continue (126.1793091687) (-24.6653452331)
continue (132.3746325997) (-24.6736641391)
continue (138.8703094813) (-24.6817279198)
continue (145.6861663975) (-24.6895191085)
continue (152.8458522000) (-24.6972362915)
continue (160.3496341398) (-24.7050930894)
continue (168.2235500861) (-24.7128703793)
continue (176.4995101330) (-24.7207894874)
continue (185.1792259330) (-24.7281583935)
continue (194.2585740389) (-24.7349462115)
continue (203.8172603034) (-24.7416021959)
continue (213.8120532183) (-24.7483617796)
continue (224.3394807525) (-24.7547341605)
continue (235.3478746943) (-24.7609509069)
continue (246.8889110855) (-24.7667499905)
continue (259.0298382082) (-24.7723703504)
continue (271.6955786573) (-24.7783250029)
continue (285.0381516473) (-24.7838340977)
continue (299.0702234383) (-24.7894139751)
continue (313.7971662591) (-24.7945249633)
continue (329.2149461042) (-24.7999707334)
continue (345.3076812491) (-24.8052082423)
continue (362.3327915771) (-24.8110715162)
continue (380.1697834028) (-24.8173000967)
continue (398.8039259591) (-24.8247781997)
continue (418.3962216788) (-24.8338660297)
continue (438.9532614723) (-24.8449677712)
continue (460.4684036465) (-24.8585502266)
continue (483.1744277924) (-24.8748441704)
continue (506.8225644140) (-24.8914349763)
continue (531.6610098112) (-24.9048306486)
continue (557.6909246123) (-24.9132843361)
continue (585.2710152964) (-24.9182927299)
continue (614.0613010893) (-24.9233595563)
continue (644.0049263721) (-24.9277501024)
continue (675.5129509388) (-24.9321854888)
continue (709.1571757327) (-24.9362914406)
continue (743.8914047481) (-24.9408153824)
continue (780.1943243292) (-24.9453869454)
continue (818.7484014523) (-24.9500071431)
continue (858.8755615612) (-24.9546770212)
continue (901.3520977413) (-24.9590023076)
continue (945.2976875689) (-24.9629721202)
continue (991.6932972211) (-24.9665762445)
continue (1040.3778637019) (-24.9702105292)
continue (1091.4684043795) (-24.9734667355)
continue (1145.0954647103) (-24.9767475404)
continue (1201.4066853216) (-24.9804683155)
continue (1260.3969167586) (-24.9850596502)
continue (1322.2097661295) (-24.9901243663)
continue (1387.2232772362) (-24.9965394679)
continue (1455.2331057433) (-25.0040578370)
continue (1526.6660593340) (-25.0128702323)
continue (1601.8051868807) (-25.0231916627)
continue (1680.3742777364) (-25.0350807057)
continue (1762.9463548393) (-25.0485167692)
continue (1849.5371845270) (-25.0633857380)
continue (1940.5173995240) (-25.0795635934)
continue (2035.8958239867) (-25.0969100130)
continue (2135.6151179200) (-25.1152046361)
continue (2240.6367612895) (-25.1345406773)
continue (2350.4435667177) (-25.1548399223)
continue (2466.2164298145) (-25.1760044088)
continue (2587.3565326986) (-25.1977052886)
continue (2714.5277653156) (-25.2198988085)
continue (2847.7092838014) (-25.2426039712)
continue (2987.7605600540) (-25.2658404868)
continue (3133.6553329314) (-25.2895441357)
continue (3288.5852429320) (-25.3139002280)
continue (3449.1558320078) (-25.3387553910)
continue (3619.0110040368) (-25.3643152375)
continue (3796.9457117352) (-25.3902988976)
continue (3982.8101871349) (-25.4165744996)
continue (4178.2071105752) (-25.4432152177)
continue (4383.1985128257) (-25.4703130462)
continue (4600.0351883718) (-25.4978461071)
continue (4826.6259047482) (-25.5259294968)
continue (5062.5942823136) (-25.5542401635)
continue (5310.4135828465) (-25.5830268274)
continue (5573.4982924554) (-25.6118987984)
continue (5845.2018654038) (-25.6413039004)
continue (6132.3483904203) (-25.6714165503)
continue (6435.5012063309) (-25.7015836199)
continue (6750.1257097515) (-25.7323590177)
continue (7080.5514437953) (-25.7637147226)
continue (7426.7886782107) (-25.7953374883)
continue (7795.2692114325) (-25.8271053022)
continue (8180.1343879395) (-25.8594919570)
continue (8580.6682751079) (-25.8921119748)
continue (8995.7252795307) (-25.9251835594)
continue (9442.2025781417) (-25.9582126810)
continue (9905.0757697441) (-25.9918258160)
continue (10391.9143667061) (-26.0255343643)
continue (10902.9309741141) (-26.0592345644)
continue (11438.0189634299) (-26.0930726527)
continue (11999.8284279228) (-26.1270865584)
continue (12588.2990857364) (-26.1614027472)
continue (13206.7676929921) (-26.1962698290)
continue (13855.3591427164) (-26.2312139531)
continue (14536.0818442568) (-26.2664015390)
continue (15251.3300555055) (-26.3019864961)
continue (15998.3667629294) (-26.3376199800)
continue (16785.1716856964) (-26.3737623149)
continue (17609.0235906562) (-26.4101620569)
continue (18476.6214682980) (-26.4472101498)
continue (19380.4119697247) (-26.4849213249)
continue (20336.2412590149) (-26.5231683715)
continue (21331.1556839058) (-26.5619325495)
continue (22378.8548825259) (-26.6017126946)
continue (23480.2105337917) (-26.6420651530)
continue (24635.4952910640) (-26.6836102489)
continue (25844.2135795932) (-26.7258421507)
continue (27112.9714613644) (-26.7690404443)
continue (28441.5409118744) (-26.8136087843)
continue (29838.4731767013) (-26.8588639099)
continue (31304.2587020425) (-26.9055288714)
continue (32838.4493987912) (-26.9531148092)
continue (34452.4374599794) (-27.0017842676)
continue (36147.0436658650) (-27.0518316383)
continue (37922.0545491659) (-27.1030881592)
continue (39793.3175029020) (-27.1558957693)
continue (41743.7916086329) (-27.2109130849)
continue (43789.8592415404) (-27.2674454201)
continue (45953.9571768258) (-27.3254143977)
continue (48189.6864524831) (-27.3851027840)
continue (50569.7542073505) (-27.4463596638)
continue (53042.3149485714) (-27.5096200800)
continue (55666.8888708892) (-27.5747919489)
continue (58377.1281753015) (-27.6420651530)
continue (61241.0598666973) (-27.7121982701)
continue (64264.2433580011) (-27.7848914189)
continue (67401.4031668977) (-27.8604357338)
continue (70750.5412124578) (-27.9389246764)
continue (74207.4080469427) (-28.0194058442)
continue (77819.5534429083) (-28.1033084734)
continue (81654.7464889298) (-28.1898347155)
continue (85725.9615067221) (-28.2793446434)
continue (89868.5375558636) (-28.3732491463)
continue (94314.5281325250) (-28.4700565983)
continue (98943.2107292569) (-28.5707323336)
continue (103800.7712514473) (-28.6755117667)
continue (108899.0165889647) (-28.7835701691)
continue (114251.1247262358) (-28.8965383779)
continue (119856.2371190920) (-29.0129597130)
continue (125744.0279862641) (-29.1333582794)
continue (131933.8310143994) (-29.2601113449)
continue (138406.2835383439) (-29.3898723869)
continue (145198.6887852862) (-29.5240384108)
continue (152334.8329683143) (-29.6617427698)
continue (159815.3228369794) (-29.7994230732)
continue (167666.4159735890) (-29.9366666410)
continue (175886.3097503294) (-30.0660068362)
continue (184541.7113844586) (-30.1810486884)
continue (193598.2517137149) (-30.2693792021)
continue (203090.4771153235) (-30.3210266241)
continue (213112.0137550178) (-30.3564486314)
continue (223568.9329775408) (-30.3917949923)
continue (234560.3528485087) (-30.4272445348)
continue (246022.4003284170) (-30.4625587166)
continue (258149.2835174097) (-30.4979827852)
continue (270807.4207478325) (-30.5334289276)
continue (284149.3516733571) (-30.5687971154)
continue (298091.9106367211) (-30.6041496240)
continue (312720.3057022843) (-30.6395959453)
continue (328029.8671045559) (-30.6751005029)
continue (344134.0524231330) (-30.7104110475)
continue (361040.7966784692) (-30.7456936677)
continue (378747.7019187267) (-30.7812020019)
continue (397412.5472378789) (-30.8167301563)
continue (416865.0369700166) (-30.8520146793)
continue (437478.1424946981) (-30.8873949985)
continue (458845.4032308441) (-30.9226320947)
continue (481387.7289046257) (-30.9582126810)
continue (505136.9017829581) (-30.9935339578)
continue (529806.3783816607) (-31.0290026344)
continue (555989.6100161417) (-31.0643919815)
continue (583397.5485380642) (-31.0997967870)
continue (611999.3088089029) (-31.1351923710)
continue (3672982.5506507708) (-32.2108425081)
continue (3709712.3761572787) (-50.0000000000)
continue (7354000.0000000000) (-50.0000000000)
f(nu) = -20.2691814179 at 1.0000000000 Ryd
