# Puchwein et al 2019
# z = 2.829000
# E [Ryd] log (J_nu)
interpolate (0.0000000100) (-50.0000000000)
continue (0.0007810860) (-50.0000000000)
continue (0.0007889757) (-17.7838340977)
continue (0.0008276721) (-17.8049310035)
continue (0.0008678733) (-17.8276890315)
continue (0.0009112670) (-17.8520146793)
continue (0.0009556071) (-17.8777841217)
continue (0.0010026042) (-17.9037854147)
continue (0.0010517855) (-17.9307019879)
continue (0.0011034960) (-17.9586073148)
continue (0.0011577525) (-17.9875846252)
continue (0.0012145368) (-18.0166443857)
continue (0.0012741429) (-18.0460954066)
continue (0.0013367566) (-18.0758241297)
continue (0.0014023807) (-18.1059055727)
continue (0.0014712092) (-18.1364986994)
continue (0.0015434739) (-18.1674910873)
continue (0.0016194544) (-18.1986649043)
continue (0.0016988571) (-18.2297372618)
continue (0.0017822550) (-18.2606650398)
continue (0.0018700328) (-18.2915790999)
continue (0.0019618234) (-18.3223930473)
continue (0.0020579652) (-18.3532043112)
continue (0.0021594004) (-18.3839448050)
continue (0.0022651429) (-18.4148778137)
continue (0.0023768048) (-18.4455108400)
continue (0.0024932065) (-18.4759935544)
continue (0.0026155768) (-18.5059846252)
continue (0.0027439535) (-18.5355104526)
continue (0.0028792005) (-18.5646334934)
continue (0.0030204407) (-18.5932895414)
continue (0.0031685222) (-18.6214204239)
continue (0.0033245785) (-18.6489771474)
continue (0.0034874358) (-18.6759234203)
continue (0.0036582375) (-18.7022394889)
continue (0.0038385298) (-18.7279262125)
continue (0.0040268094) (-18.7527634505)
continue (0.0042246962) (-18.7765040590)
continue (0.0044322323) (-18.7991495019)
continue (0.0046493213) (-18.8207355357)
continue (0.0048783028) (-18.8419392061)
continue (0.0051194774) (-18.8626458886)
continue (0.0053698702) (-18.8833922560)
continue (0.0056320579) (-18.9037854147)
continue (0.0059096431) (-18.9244530386)
continue (0.0061990950) (-18.9446216686)
continue (0.0065044038) (-18.9653715434)
continue (0.0068259698) (-18.9867413347)
continue (0.0071584208) (-19.0085081111)
continue (0.0075125059) (-19.0313302983)
continue (0.0078829323) (-19.0543837208)
continue (0.0082692103) (-19.0759792995)
continue (0.0086704755) (-19.0952844547)
continue (0.0090944807) (-19.1117643267)
continue (0.0095460609) (-19.1255761694)
continue (0.0100150233) (-19.1372724717)
continue (0.0105069407) (-19.1467277760)
continue (0.0110229463) (-19.1538485235)
continue (0.0115643017) (-19.1584528347)
continue (0.0121324320) (-19.1605219526)
continue (0.0127271923) (-19.1598939055)
continue (0.0133518970) (-19.1567049173)
continue (0.0140087159) (-19.1510722868)
continue (0.0146954841) (-19.1432711096)
continue (0.0154190689) (-19.1331221857)
continue (0.0161744226) (-19.1204453991)
continue (0.0169695898) (-19.1051856709)
continue (0.0178051382) (-19.0868752096)
continue (0.0186773308) (-19.0656530733)
continue (0.0195971392) (-19.0413405729)
continue (0.0205564397) (-19.0150678339)
continue (0.0215684490) (-18.9913998282)
continue (0.0226289290) (-18.9706162223)
continue (0.0237370922) (-18.9500071431)
continue (0.0249048093) (-18.9299621334)
continue (0.0261257732) (-18.9100948886)
continue (0.0274065254) (-18.8914349763)
continue (0.0287556633) (-18.8738685927)
continue (0.0301644148) (-18.8566728700)
continue (0.0316522046) (-18.8389316145)
continue (0.0332094377) (-18.8198741248)
continue (0.0348343643) (-18.7975116829)
continue (0.0365530273) (-18.7713430419)
continue (0.0383368519) (-18.7456936677)
continue (0.0402325373) (-18.7290883606)
continue (0.0422078263) (-18.7203330560)
continue (0.0442792503) (-18.7135435303)
continue (0.0464458191) (-18.7077439286)
continue (0.0487308541) (-18.7039933307)
continue (0.0511373160) (-18.7044329000)
continue (0.0536354897) (-18.7110803943)
continue (0.0562510476) (-18.7223907857)
continue (0.0590198815) (-18.7342390833)
continue (0.0619488083) (-18.7437634668)
continue (0.0649513165) (-18.7495799977)
continue (0.0681575894) (-18.7557228792)
continue (0.0715280197) (-18.7629592086)
continue (0.0750013968) (-18.7713430419)
continue (0.0786931754) (-18.7809396676)
continue (0.0825422981) (-18.7912899801)
continue (0.0866223356) (-18.8041003476)
continue (0.0908541347) (-18.8184422261)
continue (0.0953507346) (-18.8312079797)
continue (0.1000293052) (-18.8455760269)
continue (0.1049484016) (-18.8598063214)
continue (0.1100962874) (-18.8706324043)
continue (0.1155110877) (-18.8823973083)
continue (0.1211791185) (-18.8944898152)
continue (0.1271298787) (-18.9062282185)
continue (0.1333821679) (-18.9161391991)
continue (0.1399365741) (-18.9270152554)
continue (0.1467891383) (-18.9389246764)
continue (0.1540082763) (-18.9519468269)
continue (0.1615721579) (-18.9661743060)
continue (0.1695065050) (-18.9812995013)
continue (0.1778428905) (-18.9978339382)
continue (0.1865820989) (-19.0138555353)
continue (0.1957188511) (-19.0332952233)
continue (0.2053328010) (-19.0595333223)
continue (0.2154295439) (-19.0892689020)
continue (0.2260086733) (-19.1246493034)
continue (0.2371238540) (-19.1570788792)
continue (0.2487761318) (-19.1710824384)
continue (0.2609584682) (-19.1762650116)
continue (0.2738182004) (-19.1838250096)
continue (0.2872846692) (-19.1910467008)
continue (0.3013448978) (-19.1979792482)
continue (0.3161925645) (-19.2045371056)
continue (0.3317316967) (-19.2102783060)
continue (0.3479446242) (-19.2169544279)
continue (0.3650909338) (-19.2239529288)
continue (0.3830462256) (-19.2318801058)
continue (0.4017931970) (-19.2432118012)
continue (0.4214925859) (-19.2558635476)
continue (0.4421479723) (-19.2720522905)
continue (0.4639852194) (-19.2903908789)
continue (0.4867879118) (-19.3078583906)
continue (0.5105137091) (-19.3306831194)
continue (0.5357242627) (-19.3571399474)
continue (0.5621634613) (-19.3864752971)
continue (0.5898168096) (-19.4128505017)
continue (0.6186469591) (-19.4434562915)
continue (0.6490505490) (-19.4847886957)
continue (0.6810664954) (-19.5323918944)
continue (0.7141590680) (-19.5904049806)
continue (0.7493222477) (-19.6405439799)
continue (0.7494721272) (-19.8501653033)
continue (0.7862527790) (-19.9427143556)
continue (0.8246759917) (-20.0845473983)
continue (0.8288690942) (-20.1074218180)
continue (0.8329222993) (-20.1270935416)
continue (0.8369692137) (-20.1469177795)
continue (0.8410245965) (-20.1668994449)
continue (0.8450724461) (-20.1870512331)
continue (0.8491277985) (-20.2072288189)
continue (0.8531743306) (-20.2274868644)
continue (0.8572273582) (-20.2478385734)
continue (0.8612783740) (-20.2689167286)
continue (0.8654007320) (-20.2908148704)
continue (0.8695793374) (-20.3208174855)
continue (0.8738320076) (-20.3497167669)
continue (0.8780757090) (-20.3771986775)
continue (0.8823266565) (-20.4053080775)
continue (0.8865758338) (-20.4341085180)
continue (0.8880856269) (-20.4469669838)
continue (0.8882632618) (-20.4019759277)
continue (0.8908313008) (-20.4180344212)
continue (0.8950838547) (-20.4463730157)
continue (0.8993328242) (-20.4742427568)
continue (0.9035775261) (-20.5027896726)
continue (0.9076364251) (-20.5320960535)
continue (0.9122887342) (-20.5740339821)
continue (0.9167472861) (-20.6148890687)
continue (0.9212067921) (-20.6539875520)
continue (0.9256657008) (-20.6957680578)
continue (0.9301243111) (-20.7407359088)
continue (0.9345829462) (-20.7895102579)
continue (0.9369417514) (-20.8184422261)
continue (0.9371291585) (-20.7950664776)
continue (0.9390419537) (-20.8152205838)
continue (0.9435007297) (-20.8631811729)
continue (0.9479596448) (-20.9155738745)
continue (0.9524111317) (-20.9734667355)
continue (0.9531313595) (-20.9835391373)
continue (0.9538446901) (-20.9945663659)
continue (0.9545580893) (-21.0055099560)
continue (0.9552715550) (-21.0163610856)
continue (0.9559850851) (-21.0271198573)
continue (0.9566986776) (-21.0377846128)
continue (0.9574113244) (-21.0483536299)
continue (0.9581250337) (-21.0588251020)
continue (0.9588387990) (-21.0691971159)
continue (0.9594354567) (-21.0794592835)
continue (0.9596273630) (-21.0647951326)
continue (0.9607716931) (-21.0815607378)
continue (0.9619918385) (-21.0979916664)
continue (0.9632120325) (-21.1141013339)
continue (0.9644322638) (-21.1298824020)
continue (0.9656525208) (-21.1453272405)
continue (0.9668727920) (-21.1604308295)
continue (0.9680930657) (-21.1751845308)
continue (0.9693133303) (-21.1895839877)
continue (0.9705335740) (-21.2036234337)
continue (0.9716099949) (-21.2173124318)
continue (0.9718043363) (-21.2071182546)
continue (0.9724931975) (-21.2150512297)
continue (0.9732326966) (-21.2228371697)
continue (0.9739722802) (-21.2304867935)
continue (0.9747119461) (-21.2380000356)
continue (0.9754506480) (-21.2453749662)
continue (0.9761904704) (-21.2526122771)
continue (0.9769303686) (-21.2597107520)
continue (0.9776692914) (-21.2666711018)
continue (0.9784093329) (-21.2734920306)
continue (0.9790220836) (-21.2801717137)
continue (0.9792179076) (-21.2727027972)
continue (0.9796262717) (-21.2768465510)
continue (0.9801046187) (-21.2809638683)
continue (0.9805823779) (-21.2850226352)
continue (0.9810606032) (-21.2890242072)
continue (0.9815392951) (-21.2929683422)
continue (0.9820173961) (-21.2968548446)
continue (0.9824949039) (-21.3006853027)
continue (0.9829728762) (-21.3044570363)
continue (0.9834513138) (-21.3081726222)
continue (0.9837787230) (-21.3118472444)
continue (0.9839754984) (-21.3060093895)
continue (0.9842532892) (-21.3084561553)
continue (0.9845776371) (-21.3108474795)
continue (0.9849011343) (-21.3132127369)
continue (0.9852259094) (-21.3155523255)
continue (0.9855498328) (-21.3178666615)
continue (0.9858739693) (-21.3201552718)
continue (0.9861983191) (-21.3224185948)
continue (0.9865228824) (-21.3246570873)
continue (0.9868465907) (-21.3268693805)
continue (0.9870824973) (-21.3290123970)
continue (0.9872799335) (-21.3244049436)
continue (0.9874069046) (-21.3259751989)
continue (0.9876423407) (-21.3275225314)
continue (0.9878789599) (-21.3290559398)
continue (0.9881146211) (-21.3305761864)
continue (0.9883503948) (-21.3320831136)
continue (0.9885862810) (-21.3335774998)
continue (0.9888222799) (-21.3350582579)
continue (0.9890583914) (-21.3365271155)
continue (0.9892935417) (-21.3379820429)
continue (0.9894406051) (-21.3394190876)
continue (0.9896385130) (-21.3356401254)
continue (0.9991962399) (-21.3836295277)
continue (1.0439534549) (-21.4416514912)
continue (1.0951411739) (-21.4817493487)
continue (1.1489937849) (-21.5084982338)
continue (1.2053795910) (-21.5298836468)
continue (1.2645947416) (-21.5632014898)
continue (1.3266370226) (-21.6022337439)
continue (1.3918847882) (-21.6341377846)
continue (1.4601297401) (-21.6683702824)
continue (1.5320561043) (-21.7139928779)
continue (1.6071727880) (-21.7759851886)
continue (1.6862823294) (-21.8181564121)
continue (1.7691069129) (-21.8461851357)
continue (1.8559408774) (-21.8900841370)
continue (1.9471516470) (-21.9284861949)
continue (2.0427414724) (-21.9673812391)
continue (2.1431490377) (-21.9969705294)
continue (2.2483764392) (-22.0332952233)
continue (2.3583513737) (-22.0723730376)
continue (2.4742518893) (-22.1082953238)
continue (2.5962021961) (-22.1381073096)
continue (2.7234517956) (-22.1568295355)
continue (2.8575320502) (-22.1489251948)
continue (2.9972889909) (-22.1075158206)
continue (2.9978885086) (-22.3705904009)
continue (3.1444684983) (-22.4650858956)
continue (3.2993011253) (-22.6305985863)
continue (3.3154824080) (-22.6574687591)
continue (3.3316770164) (-22.6839163751)
continue (3.3478830047) (-22.7126462273)
continue (3.3640859670) (-22.7440476326)
continue (3.3802960540) (-22.7786144552)
continue (3.3964985345) (-22.8176281514)
continue (3.4127037129) (-22.8617194119)
continue (3.4289094326) (-22.9114953606)
continue (3.4451134960) (-22.9685632570)
continue (3.4609455785) (-23.0353161850)
continue (3.4783173495) (-23.1204052840)
continue (3.4953146235) (-23.2269738699)
continue (3.5123163736) (-23.3715957422)
continue (3.5293202949) (-23.5888451368)
continue (3.5463240368) (-23.7319464932)
continue (3.5537279767) (-23.3579313727)
continue (3.5544387934) (-22.8057632513)
continue (3.5633252031) (-22.8251700247)
continue (3.5803213519) (-22.8632192064)
continue (3.5973241965) (-22.9061687302)
continue (3.6143172719) (-22.9545870416)
continue (3.6319927095) (-23.0099721012)
continue (3.6491549368) (-23.0793054720)
continue (3.6669965225) (-23.1610911192)
continue (3.6848197184) (-23.2617547143)
continue (3.7026665643) (-23.3866223075)
continue (3.7204896494) (-23.5249829245)
continue (3.7383317846) (-23.5667935946)
continue (3.7481524197) (-23.4551880882)
continue (3.7489021252) (-23.1439360467)
continue (3.7561600736) (-23.1790672291)
continue (3.7740029190) (-23.2667682175)
continue (3.7918425237) (-23.3667659247)
continue (3.8096445268) (-23.4705696456)
continue (3.8125294258) (-23.4856315802)
continue (3.8153867477) (-23.4998211787)
continue (3.8182323571) (-23.5127753401)
continue (3.8210822144) (-23.5241574517)
continue (3.8239363290) (-23.5335980506)
continue (3.8267947105) (-23.5406919666)
continue (3.8296412741) (-23.5450119226)
continue (3.8324920757) (-23.5461314944)
continue (3.8353471248) (-23.5436385224)
continue (3.8381459698) (-23.5371529642)
continue (3.8389136758) (-23.3341376998)
continue (3.8430948760) (-23.3594152192)
continue (3.8479632917) (-23.3850311102)
continue (3.8528440576) (-23.4107252514)
continue (3.8577372208) (-23.4361369984)
continue (3.8626100831) (-23.4607720502)
continue (3.8674952713) (-23.4839686207)
continue (3.8723763766) (-23.5048748965)
continue (3.8772533211) (-23.5224330983)
continue (3.8821260270) (-23.5353852793)
continue (3.8872689984) (-23.5422694518)
continue (3.8880465300) (-23.3976144099)
continue (3.8899644875) (-23.4106559302)
continue (3.8929224712) (-23.4233661467)
continue (3.8958849568) (-23.4356807998)
continue (3.8988519547) (-23.4474911761)
continue (3.9018067686) (-23.4586779145)
continue (3.9047660647) (-23.4691052185)
continue (3.9077130959) (-23.4786278266)
continue (3.9106813613) (-23.4870862459)
continue (3.9136373315) (-23.4943129145)
continue (3.9156676117) (-23.5001755042)
continue (3.9164508235) (-23.3913670105)
continue (3.9185008743) (-23.3985538833)
continue (3.9204226914) (-23.4056428135)
continue (3.9223295118) (-23.4126168434)
continue (3.9242381880) (-23.4194616158)
continue (3.9261487226) (-23.4261587053)
continue (3.9280611185) (-23.4326924339)
continue (3.9299753783) (-23.4390442010)
continue (3.9318915048) (-23.4451935636)
continue (3.9338095006) (-23.4511206645)
continue (3.9359648088) (-23.4568014144)
continue (3.9367520805) (-23.3717132689)
continue (3.9370216616) (-23.3771458905)
continue (3.9383148035) (-23.3826064543)
continue (3.9396087952) (-23.3880909089)
continue (3.9409036375) (-23.3935971357)
continue (3.9421993313) (-23.3991239878)
continue (3.9434958773) (-23.4046724583)
continue (3.9447932764) (-23.4102391177)
continue (3.9460915295) (-23.4158260096)
continue (3.9473906374) (-23.4214295492)
continue (3.9479023104) (-23.4270122918)
continue (3.9486919698) (-23.3583276268)
continue (3.9496318982) (-23.3632463927)
continue (3.9505736443) (-23.3681951455)
continue (3.9515158397) (-23.3731968372)
continue (3.9524584845) (-23.3782516161)
continue (3.9534015792) (-23.3833627717)
continue (3.9543451241) (-23.3885305471)
continue (3.9552891195) (-23.3937562549)
continue (3.9562335657) (-23.3990412545)
continue (3.9571784630) (-23.4043858513)
continue (3.9581922382) (-23.4098271684)
continue (3.9589839558) (-23.3531063758)
continue (3.9963853212) (-23.7203330560)
continue (3.9971846782) (-23.7203330560)
continue (4.1935893733) (-23.9143527117)
continue (4.3980066159) (-23.9974020193)
continue (4.6140099788) (-24.0177287670)
continue (4.8420136600) (-24.0201785700)
continue (5.0795260358) (-24.0163737129)
continue (5.3290466130) (-24.0130044603)
continue (5.5905949130) (-24.0052870146)
continue (5.8640088212) (-23.9952488444)
continue (6.1530517948) (-23.9897000434)
continue (6.4537320879) (-23.9817156916)
continue (6.7752191139) (-23.9755143323)
continue (7.1026264288) (-23.9681877287)
continue (7.4571765206) (-23.9593976599)
continue (7.8220340843) (-23.9523358054)
continue (8.2022229596) (-23.9450041385)
continue (8.6049761172) (-23.9374180158)
continue (9.0313872232) (-23.9303319031)
continue (9.4736144175) (-23.9240882385)
continue (9.9396484600) (-23.9179330657)
continue (10.4275886350) (-23.9129287941)
continue (10.9395794816) (-23.9079815292)
continue (11.4769139901) (-23.9041335465)
continue (12.0410540541) (-23.9010103606)
continue (12.6319236321) (-23.8985966494)
continue (13.2528646134) (-23.8972233851)
continue (13.9039818556) (-23.8968807465)
continue (14.5849387135) (-23.8972233851)
continue (15.3025519868) (-23.8985966494)
continue (16.0547387388) (-23.9010103606)
continue (16.8410085163) (-23.9041335465)
continue (17.6704861512) (-23.9079815292)
continue (18.5367569328) (-23.9129287941)
continue (19.4465849513) (-23.9190129531)
continue (20.4045448011) (-23.9259153110)
continue (21.4063183185) (-23.9336740746)
continue (22.4560613804) (-23.9427143556)
continue (23.5591254089) (-23.9523358054)
continue (24.7156759104) (-23.9633711046)
continue (25.9324692890) (-23.9755143323)
continue (27.2019991288) (-23.9888526392)
continue (28.5395230447) (-24.0032694846)
continue (29.9463348937) (-24.0183625753)
continue (31.4121672119) (-24.0355046604)
continue (32.9572141344) (-24.0539901152)
continue (34.5700671782) (-24.0738119509)
continue (36.2765513860) (-24.0944739516)
continue (38.0487252951) (-24.1169066414)
continue (39.9153294269) (-24.1406214956)
continue (41.8780777030) (-24.1651344201)
continue (43.9376552949) (-24.1905076231)
continue (46.0934229042) (-24.2175990475)
continue (48.3687351813) (-24.2456516643)
continue (50.7386954798) (-24.2744967311)
continue (53.2282109122) (-24.3041682272)
continue (55.8374369373) (-24.3345128192)
continue (58.6023775445) (-24.3655227298)
continue (61.4475368049) (-24.3969639437)
continue (64.4916469085) (-24.4289903277)
continue (67.6515939730) (-24.4613006205)
continue (70.9709478829) (-24.4940364820)
continue (74.4499159164) (-24.5269511949)
continue (78.0862871308) (-24.5600360641)
continue (81.9484685986) (-24.5934598196)
continue (85.9685821525) (-24.6267201067)
continue (90.2244525561) (-24.6554112574)
continue (94.6279305105) (-24.6759234203)
continue (99.2773690834) (-24.6848696828)
continue (104.1567002876) (-24.6914355864)
continue (109.2777276432) (-24.6981022828)
continue (114.6391962280) (-24.7048729147)
continue (120.2675162751) (-24.7117507744)
continue (126.1793091687) (-24.7194216296)
continue (132.3746325997) (-24.7274622226)
continue (138.8703094813) (-24.7354182708)
continue (145.6861663975) (-24.7430418474)
continue (152.8458522000) (-24.7505570386)
continue (160.3496341398) (-24.7582045687)
continue (168.2235500861) (-24.7659891824)
continue (176.4995101330) (-24.7736579128)
continue (185.1792259330) (-24.7809396676)
continue (194.2585740389) (-24.7878123956)
continue (203.8172603034) (-24.7942544591)
continue (213.8120532183) (-24.8007935208)
continue (224.3394807525) (-24.8071538848)
continue (235.3478746943) (-24.8133261325)
continue (246.8889110855) (-24.8190144192)
continue (259.0298382082) (-24.8244881866)
continue (271.6955786573) (-24.8300318260)
continue (285.0381516473) (-24.8356471442)
continue (299.0702234383) (-24.8410347396)
continue (313.7971662591) (-24.8461851357)
continue (329.2149461042) (-24.8513973452)
continue (345.3076812491) (-24.8566728700)
continue (362.3327915771) (-24.8620132673)
continue (380.1697834028) (-24.8680607048)
continue (398.8039259591) (-24.8751698506)
continue (418.3962216788) (-24.8837244124)
continue (438.9532614723) (-24.8941493256)
continue (460.4684036465) (-24.9076303004)
continue (483.1744277924) (-24.9240882385)
continue (506.8225644140) (-24.9411945133)
continue (531.6610098112) (-24.9554602396)
continue (557.6909246123) (-24.9641701747)
continue (585.2710152964) (-24.9694002780)
continue (614.0613010893) (-24.9742846161)
continue (644.0049263721) (-24.9788107009)
continue (675.5129509388) (-24.9829666607)
continue (709.1571757327) (-24.9871627753)
continue (743.8914047481) (-24.9913998282)
continue (780.1943243292) (-24.9956786262)
continue (818.7484014523) (-25.0002606549)
continue (858.8755615612) (-25.0049354658)
continue (901.3520977413) (-25.0093947886)
continue (945.2976875689) (-25.0134521866)
continue (991.6932972211) (-25.0171410577)
continue (1040.3778637019) (-25.0205426819)
continue (1091.4684043795) (-25.0237417507)
continue (1145.0954647103) (-25.0270107731)
continue (1201.4066853216) (-25.0305840876)
continue (1260.3969167586) (-25.0348453540)
continue (1322.2097661295) (-25.0398623251)
continue (1387.2232772362) (-25.0459022795)
continue (1455.2331057433) (-25.0531058049)
continue (1526.6660593340) (-25.0616304025)
continue (1601.8051868807) (-25.0716553647)
continue (1680.3742777364) (-25.0832829224)
continue (1762.9463548393) (-25.0964217063)
continue (1849.5371845270) (-25.1110907407)
continue (1940.5173995240) (-25.1270283693)
continue (2035.8958239867) (-25.1441780946)
continue (2135.6151179200) (-25.1623484422)
continue (2240.6367612895) (-25.1814442207)
continue (2350.4435667177) (-25.2016256233)
continue (2466.2164298145) (-25.2226456869)
continue (2587.3565326986) (-25.2442775551)
continue (2714.5277653156) (-25.2663213443)
continue (2847.7092838014) (-25.2890368810)
continue (2987.7605600540) (-25.3122035886)
continue (3133.6553329314) (-25.3358282946)
continue (3288.5852429320) (-25.3600157520)
continue (3449.1558320078) (-25.3847866652)
continue (3619.0110040368) (-25.4102737437)
continue (3796.9457117352) (-25.4361630813)
continue (3982.8101871349) (-25.4623068056)
continue (4178.2071105752) (-25.4890530513)
continue (4383.1985128257) (-25.5159850373)
continue (4600.0351883718) (-25.5434821422)
continue (4826.6259047482) (-25.5713793273)
continue (5062.5942823136) (-25.5998075114)
continue (5310.4135828465) (-25.6283780728)
continue (5573.4982924554) (-25.6571826854)
continue (5845.2018654038) (-25.6865546296)
continue (6132.3483904203) (-25.7164726351)
continue (6435.5012063309) (-25.7466619947)
continue (6750.1257097515) (-25.7772835289)
continue (7080.5514437953) (-25.8085489855)
continue (7426.7886782107) (-25.8404328068)
continue (7795.2692114325) (-25.8719239873)
continue (8180.1343879395) (-25.9041335465)
continue (8580.6682751079) (-25.9366666410)
continue (8995.7252795307) (-25.9698052146)
continue (9442.2025781417) (-26.0029195645)
continue (9905.0757697441) (-26.0364482664)
continue (10391.9143667061) (-26.0701725188)
continue (10902.9309741141) (-26.1038045895)
continue (11438.0189634299) (-26.1376300629)
continue (11999.8284279228) (-26.1715334526)
continue (12588.2990857364) (-26.2057908837)
continue (13206.7676929921) (-26.2406343783)
continue (13855.3591427164) (-26.2755602766)
continue (14536.0818442568) (-26.3106911409)
continue (15251.3300555055) (-26.3462088126)
continue (15998.3667629294) (-26.3818472666)
continue (16785.1716856964) (-26.4178229623)
continue (17609.0235906562) (-26.4541982428)
continue (18476.6214682980) (-26.4910664739)
continue (19380.4119697247) (-26.5288550348)
continue (20336.2412590149) (-26.5668704824)
continue (21331.1556839058) (-26.6055483192)
continue (22378.8548825259) (-26.6451235775)
continue (23480.2105337917) (-26.6852903070)
continue (24635.4952910640) (-26.7267671660)
continue (25844.2135795932) (-26.7687853520)
continue (27112.9714613644) (-26.8119156263)
continue (28441.5409118744) (-26.8560488836)
continue (29838.4731767013) (-26.9013562742)
continue (31304.2587020425) (-26.9476909004)
continue (32838.4493987912) (-26.9952488444)
continue (34452.4374599794) (-27.0436394463)
continue (36147.0436658650) (-27.0935033402)
continue (37922.0545491659) (-27.1444808443)
continue (39793.3175029020) (-27.1969527895)
continue (41743.7916086329) (-27.2518119730)
continue (43789.8592415404) (-27.3080348972)
continue (45953.9571768258) (-27.3657243054)
continue (48189.6864524831) (-27.4251588049)
continue (50569.7542073505) (-27.4861168144)
continue (53042.3149485714) (-27.5491353076)
continue (55666.8888708892) (-27.6138578911)
continue (58377.1281753015) (-27.6806856959)
continue (61241.0598666973) (-27.7505570386)
continue (64264.2433580011) (-27.8227521637)
continue (67401.4031668977) (-27.8982529261)
continue (70750.5412124578) (-27.9759250127)
continue (74207.4080469427) (-28.0561593736)
continue (77819.5534429083) (-28.1397818153)
continue (81654.7464889298) (-28.2257750951)
continue (85725.9615067221) (-28.3147958655)
continue (89868.5375558636) (-28.4082677610)
continue (94314.5281325250) (-28.5045944369)
continue (98943.2107292569) (-28.6048484085)
continue (103800.7712514473) (-28.7090754406)
continue (108899.0165889647) (-28.8164454664)
continue (114251.1247262358) (-28.9288547095)
continue (119856.2371190920) (-29.0449379303)
continue (125744.0279862641) (-29.1647534600)
continue (131933.8310143994) (-29.2912392763)
continue (138406.2835383439) (-29.4204450396)
continue (145198.6887852862) (-29.5540845860)
continue (152334.8329683143) (-29.6916490514)
continue (159815.3228369794) (-29.8291517964)
continue (167666.4159735890) (-29.9665762445)
continue (175886.3097503294) (-30.0943120323)
continue (184541.7113844586) (-30.2064889942)
continue (193598.2517137149) (-30.3013775703)
continue (203090.4771153235) (-30.3561526897)
continue (213112.0137550178) (-30.3914739664)
continue (223568.9329775408) (-30.4268962168)
continue (234560.3528485087) (-30.4623068056)
continue (246022.4003284170) (-30.4977094721)
continue (258149.2835174097) (-30.5331323796)
continue (270807.4207478325) (-30.5684754158)
continue (284149.3516733571) (-30.6039751034)
continue (298091.9106367211) (-30.6392173101)
continue (312720.3057022843) (-30.6746896283)
continue (328029.8671045559) (-30.7101881609)
continue (344134.0524231330) (-30.7454519229)
continue (361040.7966784692) (-30.7809396676)
continue (378747.7019187267) (-30.8164454664)
continue (397412.5472378789) (-30.8517059026)
continue (416865.0369700166) (-30.8870600239)
continue (437478.1424946981) (-30.9226320947)
continue (458845.4032308441) (-30.9578184055)
continue (481387.7289046257) (-30.9931062921)
continue (505136.9017829581) (-31.0286777548)
continue (529806.3783816607) (-31.0640898636)
continue (555989.6100161417) (-31.0995236286)
continue (583397.5485380642) (-31.1348960254)
continue (611999.3088089029) (-31.1703103591)
continue (3672982.5506507708) (-32.2459576132)
continue (3709712.3761572787) (-50.0000000000)
continue (7354000.0000000000) (-50.0000000000)
f(nu) = -20.2854616351 at 1.0000000000 Ryd
