# Puchwein et al 2019
# z = 3.638000
# E [Ryd] log (J_nu)
interpolate (0.0000000100) (-50.0000000000)
continue (0.0007810860) (-50.0000000000)
continue (0.0007889757) (-17.8332739444)
continue (0.0008276721) (-17.8548035939)
continue (0.0008678733) (-17.8777841217)
continue (0.0009112670) (-17.9023956711)
continue (0.0009556071) (-17.9284861949)
continue (0.0010026042) (-17.9554602396)
continue (0.0010517855) (-17.9829666607)
continue (0.0011034960) (-18.0113072975)
continue (0.0011577525) (-18.0408154573)
continue (0.0012145368) (-18.0708877433)
continue (0.0012741429) (-18.1012199867)
continue (0.0013367566) (-18.1318847947)
continue (0.0014023807) (-18.1629800515)
continue (0.0014712092) (-18.1947030838)
continue (0.0015434739) (-18.2270185497)
continue (0.0016194544) (-18.2595583551)
continue (0.0016988571) (-18.2920042536)
continue (0.0017822550) (-18.3244049436)
continue (0.0018700328) (-18.3568435344)
continue (0.0019618234) (-18.3893398369)
continue (0.0020579652) (-18.4219341162)
continue (0.0021594004) (-18.4546928835)
continue (0.0022651429) (-18.4875824514)
continue (0.0023768048) (-18.5205686628)
continue (0.0024932065) (-18.5533075336)
continue (0.0026155768) (-18.5856953119)
continue (0.0027439535) (-18.6178027896)
continue (0.0028792005) (-18.6495581435)
continue (0.0030204407) (-18.6808939407)
continue (0.0031685222) (-18.7119744646)
continue (0.0033245785) (-18.7425614331)
continue (0.0034874358) (-18.7723703504)
continue (0.0036582375) (-18.8018930011)
continue (0.0038385298) (-18.8303255659)
continue (0.0040268094) (-18.8582367697)
continue (0.0042246962) (-18.8850555843)
continue (0.0044322323) (-18.9111554373)
continue (0.0046493213) (-18.9359165640)
continue (0.0048783028) (-18.9605858808)
continue (0.0051194774) (-18.9846402446)
continue (0.0053698702) (-19.0084195428)
continue (0.0056320579) (-19.0319375399)
continue (0.0059096431) (-19.0552706397)
continue (0.0061990950) (-19.0784175596)
continue (0.0065044038) (-19.1014942145)
continue (0.0068259698) (-19.1247071746)
continue (0.0071584208) (-19.1482525809)
continue (0.0075125059) (-19.1725661046)
continue (0.0078829323) (-19.1968161115)
continue (0.0082692103) (-19.2194666747)
continue (0.0086704755) (-19.2397283395)
continue (0.0090944807) (-19.2569608452)
continue (0.0095460609) (-19.2714838952)
continue (0.0100150233) (-19.2837461741)
continue (0.0105069407) (-19.2937090427)
continue (0.0110229463) (-19.3012906506)
continue (0.0115643017) (-19.3066248490)
continue (0.0121324320) (-19.3094495385)
continue (0.0127271923) (-19.3098925605)
continue (0.0133518970) (-19.3076819557)
continue (0.0140087159) (-19.3026834583)
continue (0.0146954841) (-19.2946495371)
continue (0.0154190689) (-19.2832456426)
continue (0.0161744226) (-19.2681695797)
continue (0.0169695898) (-19.2497230848)
continue (0.0178051382) (-19.2281186798)
continue (0.0186773308) (-19.2039115713)
continue (0.0195971392) (-19.1771783547)
continue (0.0205564397) (-19.1489251948)
continue (0.0215684490) (-19.1233203896)
continue (0.0226289290) (-19.1007268127)
continue (0.0237370922) (-19.0785216196)
continue (0.0249048093) (-19.0568518706)
continue (0.0261257732) (-19.0357875270)
continue (0.0274065254) (-19.0150228736)
continue (0.0287556633) (-18.9943905546)
continue (0.0301644148) (-18.9738754833)
continue (0.0316522046) (-18.9523358054)
continue (0.0332094377) (-18.9295926783)
continue (0.0348343643) (-18.9055288714)
continue (0.0365530273) (-18.8787685449)
continue (0.0383368519) (-18.8529423290)
continue (0.0402325373) (-18.8347556739)
continue (0.0422078263) (-18.8244881866)
continue (0.0442792503) (-18.8167301563)
continue (0.0464458191) (-18.8110715162)
continue (0.0487308541) (-18.8077113874)
continue (0.0511373160) (-18.8077113874)
continue (0.0536354897) (-18.8124792792)
continue (0.0562510476) (-18.8204482088)
continue (0.0590198815) (-18.8288588490)
continue (0.0619488083) (-18.8347556739)
continue (0.0649513165) (-18.8380333836)
continue (0.0681575894) (-18.8416375079)
continue (0.0715280197) (-18.8461851357)
continue (0.0750013968) (-18.8520146793)
continue (0.0786931754) (-18.8591778199)
continue (0.0825422981) (-18.8677403105)
continue (0.0866223356) (-18.8781120149)
continue (0.0908541347) (-18.8897470826)
continue (0.0953507346) (-18.8996294549)
continue (0.1000293052) (-18.9111554373)
continue (0.1049484016) (-18.9215431819)
continue (0.1100962874) (-18.9288547095)
continue (0.1155110877) (-18.9366666410)
continue (0.1211791185) (-18.9450041385)
continue (0.1271298787) (-18.9531148092)
continue (0.1333821679) (-18.9593976599)
continue (0.1399365741) (-18.9665762445)
continue (0.1467891383) (-18.9742846161)
continue (0.1540082763) (-18.9833844524)
continue (0.1615721579) (-18.9935339578)
continue (0.1695065050) (-19.0048476231)
continue (0.1778428905) (-19.0175026308)
continue (0.1865820989) (-19.0290955018)
continue (0.1957188511) (-19.0439276630)
continue (0.2053328010) (-19.0641402020)
continue (0.2154295439) (-19.0892689020)
continue (0.2260086733) (-19.1202162199)
continue (0.2371238540) (-19.1489863932)
continue (0.2487761318) (-19.1588909155)
continue (0.2609584682) (-19.1599566694)
continue (0.2738182004) (-19.1642460325)
continue (0.2872846692) (-19.1677466298)
continue (0.3013448978) (-19.1707605719)
continue (0.3161925645) (-19.1731480522)
continue (0.3317316967) (-19.1739900222)
continue (0.3479446242) (-19.1742494187)
continue (0.3650909338) (-19.1741197011)
continue (0.3830462256) (-19.1738603821)
continue (0.4017931970) (-19.1769824766)
continue (0.4214925859) (-19.1852863873)
continue (0.4421479723) (-19.1957923949)
continue (0.4639852194) (-19.2090115249)
continue (0.4867879118) (-19.2259211992)
continue (0.5105137091) (-19.2422245090)
continue (0.5357242627) (-19.2650402387)
continue (0.5621634613) (-19.2914091548)
continue (0.5898168096) (-19.3079466350)
continue (0.6186469591) (-19.3318937621)
continue (0.6490505490) (-19.3664305574)
continue (0.6810664954) (-19.4073791787)
continue (0.7141590680) (-19.4575480526)
continue (0.7493222477) (-19.4974363309)
continue (0.7494721272) (-19.7251496800)
continue (0.7862527790) (-19.8116340739)
continue (0.8246759917) (-19.9535048357)
continue (0.8288690942) (-19.9763607583)
continue (0.8329222993) (-19.9965093096)
continue (0.8369692137) (-20.0169125180)
continue (0.8410245965) (-20.0375875685)
continue (0.8450724461) (-20.0585526728)
continue (0.8491277985) (-20.0796679285)
continue (0.8531743306) (-20.1010100453)
continue (0.8572273582) (-20.1226188625)
continue (0.8612783740) (-20.1451306520)
continue (0.8654007320) (-20.1686422146)
continue (0.8695793374) (-20.2009994363)
continue (0.8738320076) (-20.2325532170)
continue (0.8780757090) (-20.2630770854)
continue (0.8823266565) (-20.2946709357)
continue (0.8865758338) (-20.3274597567)
continue (0.8880856269) (-20.3421795440)
continue (0.8882632618) (-20.2492602488)
continue (0.8908313008) (-20.2659390192)
continue (0.8950838547) (-20.2955766328)
continue (0.8993328242) (-20.3248800124)
continue (0.9035775261) (-20.3551332360)
continue (0.9076364251) (-20.3864752971)
continue (0.9122887342) (-20.4327324261)
continue (0.9167472861) (-20.4781822282)
continue (0.9212067921) (-20.5222480288)
continue (0.9256657008) (-20.5701476339)
continue (0.9301243111) (-20.6227338283)
continue (0.9345829462) (-20.6811627240)
continue (0.9369417514) (-20.7164726351)
continue (0.9371291585) (-20.6681679556)
continue (0.9390419537) (-20.6915615181)
continue (0.9435007297) (-20.7480553269)
continue (0.9479596448) (-20.8114145897)
continue (0.9524111317) (-20.8837244124)
continue (0.9531313595) (-20.8971582630)
continue (0.9538446901) (-20.9115768401)
continue (0.9545580893) (-20.9259555931)
continue (0.9552715550) (-20.9402965097)
continue (0.9559850851) (-20.9545987770)
continue (0.9566986776) (-20.9688582542)
continue (0.9574113244) (-20.9830752479)
continue (0.9581250337) (-20.9972509491)
continue (0.9588387990) (-21.0113772859)
continue (0.9594354567) (-21.0254422551)
continue (0.9596273630) (-20.9952488444)
continue (0.9607716931) (-21.0176405599)
continue (0.9619918385) (-21.0397999679)
continue (0.9632120325) (-21.0617345216)
continue (0.9644322638) (-21.0834334127)
continue (0.9656525208) (-21.1048869852)
continue (0.9668727920) (-21.1260838872)
continue (0.9680930657) (-21.1470140310)
continue (0.9693133303) (-21.1676654788)
continue (0.9705335740) (-21.1880270732)
continue (0.9716099949) (-21.2080989200)
continue (0.9718043363) (-21.1872202930)
continue (0.9724931975) (-21.1987088232)
continue (0.9732326966) (-21.2100422640)
continue (0.9739722802) (-21.2212483907)
continue (0.9747119461) (-21.2323247760)
continue (0.9754506480) (-21.2432688289)
continue (0.9761904704) (-21.2540793147)
continue (0.9769303686) (-21.2647525100)
continue (0.9776692914) (-21.2752875971)
continue (0.9784093329) (-21.2856811397)
continue (0.9790220836) (-21.2959353206)
continue (0.9792179076) (-21.2806687130)
continue (0.9796262717) (-21.2869885370)
continue (0.9801046187) (-21.2932566215)
continue (0.9805823779) (-21.2994624193)
continue (0.9810606032) (-21.3056054192)
continue (0.9815392951) (-21.3116852045)
continue (0.9820173961) (-21.3177005553)
continue (0.9824949039) (-21.3236521349)
continue (0.9829728762) (-21.3295389090)
continue (0.9834513138) (-21.3353608445)
continue (0.9837787230) (-21.3411304078)
continue (0.9839754984) (-21.3293831136)
continue (0.9842532892) (-21.3331751266)
continue (0.9845776371) (-21.3369118525)
continue (0.9849011343) (-21.3406182063)
continue (0.9852259094) (-21.3442940865)
continue (0.9855498328) (-21.3479384427)
continue (0.9858739693) (-21.3515531388)
continue (0.9861983191) (-21.3551371713)
continue (0.9865228824) (-21.3586905163)
continue (0.9868465907) (-21.3622131706)
continue (0.9870824973) (-21.3657243054)
continue (0.9872799335) (-21.3563499618)
continue (0.9874069046) (-21.3588681056)
continue (0.9876423407) (-21.3613220906)
continue (0.9878789599) (-21.3637599128)
continue (0.9881146211) (-21.3661802110)
continue (0.9883503948) (-21.3685856585)
continue (0.9885862810) (-21.3709738911)
continue (0.9888222799) (-21.3733466017)
continue (0.9890583914) (-21.3757013992)
continue (0.9892935417) (-21.3780410315)
continue (0.9894406051) (-21.3803849943)
continue (0.9896385130) (-21.3727365834)
continue (0.9991962399) (-21.4524714235)
continue (1.0439534549) (-21.5415132362)
continue (1.0951411739) (-21.5909126306)
continue (1.1489937849) (-21.6174426781)
continue (1.2053795910) (-21.6208758539)
continue (1.2645947416) (-21.6378946807)
continue (1.3266370226) (-21.6777807053)
continue (1.3918847882) (-21.7033348097)
continue (1.4601297401) (-21.7361273231)
continue (1.5320561043) (-21.7894139751)
continue (1.6071727880) (-21.8741935419)
continue (1.6862823294) (-21.9097419471)
continue (1.7691069129) (-21.9143527117)
continue (1.8559408774) (-21.9706162223)
continue (1.9471516470) (-22.0133626044)
continue (2.0427414724) (-22.0622314330)
continue (2.1431490377) (-22.0870343793)
continue (2.2483764392) (-22.1264469065)
continue (2.3583513737) (-22.1761346907)
continue (2.4742518893) (-22.2223557223)
continue (2.5962021961) (-22.2553941246)
continue (2.7234517956) (-22.2814983111)
continue (2.8575320502) (-22.3353580244)
continue (2.9972889909) (-22.3691654822)
continue (2.9978885086) (-22.4771646863)
continue (3.1444684983) (-22.5572067741)
continue (3.2993011253) (-22.7061956401)
continue (3.3154824080) (-22.7329879335)
continue (3.3316770164) (-22.7584535194)
continue (3.3478830047) (-22.7861795377)
continue (3.3640859670) (-22.8165564733)
continue (3.3802960540) (-22.8500730409)
continue (3.3964985345) (-22.8883746054)
continue (3.4127037129) (-22.9319849201)
continue (3.4289094326) (-22.9812079930)
continue (3.4451134960) (-23.0376571869)
continue (3.4609455785) (-23.1036942925)
continue (3.4783173495) (-23.1873051819)
continue (3.4953146235) (-23.2919191895)
continue (3.5123163736) (-23.4347332027)
continue (3.5293202949) (-23.6571314093)
continue (3.5463240368) (-24.1638056856)
continue (3.5537279767) (-195.2766264330)
continue (3.5544387934) (-22.9034375616)
continue (3.5633252031) (-22.9220836674)
continue (3.5803213519) (-22.9587139275)
continue (3.5973241965) (-22.9999478878)
continue (3.6143172719) (-23.0466192131)
continue (3.6319927095) (-23.1002341981)
continue (3.6491549368) (-23.1702666490)
continue (3.6669965225) (-23.2527047447)
continue (3.6848197184) (-23.3563815336)
continue (3.7026665643) (-23.4956746063)
continue (3.7204896494) (-23.7071018250)
continue (3.7383317846) (-24.1510606024)
continue (3.7481524197) (-83.4374692311)
continue (3.7489021252) (-23.2624098337)
continue (3.7561600736) (-23.3008919120)
continue (3.7740029190) (-23.4031457023)
continue (3.7918425237) (-23.5400288386)
continue (3.8096445268) (-23.7461775613)
continue (3.8125294258) (-23.7908497315)
continue (3.8153867477) (-23.8408901996)
continue (3.8182323571) (-23.8977653058)
continue (3.8210822144) (-23.9635946961)
continue (3.8239363290) (-24.0416535573)
continue (3.8267947105) (-24.1374387150)
continue (3.8296412741) (-24.2612495579)
continue (3.8324920757) (-24.4362105089)
continue (3.8353471248) (-24.7361060347)
continue (3.8381459698) (-51.8279811906)
continue (3.8389136758) (-23.5388017114)
continue (3.8430948760) (-23.5826844484)
continue (3.8479632917) (-23.6319996394)
continue (3.8528440576) (-23.6881465804)
continue (3.8577372208) (-23.7532380665)
continue (3.8626100831) (-23.8305577610)
continue (3.8674952713) (-23.9255931884)
continue (3.8723763766) (-24.0486508224)
continue (3.8772533211) (-24.2228509539)
continue (3.8821260270) (-24.5219821295)
continue (3.8872689984) (-39.5041782466)
continue (3.8880465300) (-23.7597004180)
continue (3.8899644875) (-23.8044158097)
continue (3.8929224712) (-23.8544493392)
continue (3.8958849568) (-23.9113182840)
continue (3.8988519547) (-23.9771387874)
continue (3.9018067686) (-24.0551907428)
continue (3.9047660647) (-24.1509683686)
continue (3.9077130959) (-24.2747705496)
continue (3.9106813613) (-24.4497227151)
continue (3.9136373315) (-24.7496117170)
continue (3.9156676117) (-33.6313412876)
continue (3.9164508235) (-23.9523358054)
continue (3.9185008743) (-23.9973070547)
continue (3.9204226914) (-24.0477331921)
continue (3.9223295118) (-24.1049981387)
continue (3.9242381880) (-24.1712170493)
continue (3.9261487226) (-24.2496690619)
continue (3.9280611185) (-24.3458484958)
continue (3.9299753783) (-24.4700553165)
continue (3.9318915048) (-24.6454133317)
continue (3.9338095006) (-24.9457087643)
continue (3.9359648088) (-30.5202807646)
continue (3.9367520805) (-24.1233780840)
continue (3.9370216616) (-24.1686338899)
continue (3.9383148035) (-24.2192925023)
continue (3.9396087952) (-24.2767906896)
continue (3.9409036375) (-24.3432417504)
continue (3.9421993313) (-24.4219249370)
continue (3.9434958773) (-24.5183352645)
continue (3.9447932764) (-24.6427705016)
continue (3.9460915295) (-24.8183478867)
continue (3.9473906374) (-25.1188294044)
continue (3.9479023104) (-28.7340036295)
continue (3.9486919698) (-24.2625687995)
continue (3.9496318982) (-24.3078848621)
continue (3.9505736443) (-24.3585467123)
continue (3.9515158397) (-24.4160082008)
continue (3.9524584845) (-24.4823673871)
continue (3.9534015792) (-24.5608694976)
continue (3.9543451241) (-24.6569401635)
continue (3.9552891195) (-24.7807194291)
continue (3.9562335657) (-24.9548570364)
continue (3.9571784630) (-25.2507740097)
continue (3.9581922382) (-26.9125735430)
continue (3.9589839558) (-23.6627404602)
continue (3.9963853212) (-25.1376300629)
continue (3.9971846782) (-25.1376300629)
continue (4.1935893733) (-25.1746388040)
continue (4.3980066159) (-25.1934808659)
continue (4.6140099788) (-25.1736659944)
continue (4.8420136600) (-25.1594548124)
continue (5.0795260358) (-25.1430899397)
continue (5.3290466130) (-25.1324146735)
continue (5.5905949130) (-25.1118205061)
continue (5.8640088212) (-25.0780535458)
continue (6.1530517948) (-25.0645935102)
continue (6.4537320879) (-25.0400527843)
continue (6.7752191139) (-25.0286777548)
continue (7.1026264288) (-25.0087739243)
continue (7.4571765206) (-24.9804683155)
continue (7.8220340843) (-24.9661743060)
continue (8.2022229596) (-24.9457700901)
continue (8.6049761172) (-24.9237237446)
continue (9.0313872232) (-24.9023956711)
continue (9.4736144175) (-24.8807441107)
continue (9.9396484600) (-24.8582367697)
continue (10.4275886350) (-24.8368386250)
continue (10.9395794816) (-24.8141746404)
continue (11.4769139901) (-24.7912899801)
continue (12.0410540541) (-24.7685304096)
continue (12.6319236321) (-24.7459355471)
continue (13.2528646134) (-24.7233084712)
continue (13.9039818556) (-24.7011469236)
continue (14.5849387135) (-24.6790233227)
continue (15.3025519868) (-24.6573799574)
continue (16.0547387388) (-24.6362000545)
continue (16.8410085163) (-24.6154673845)
continue (17.6704861512) (-24.5955083822)
continue (18.5367569328) (-24.5762627500)
continue (19.4465849513) (-24.5578339142)
continue (20.4045448011) (-24.5404567417)
continue (21.4063183185) (-24.5240384108)
continue (22.4560613804) (-24.5089185866)
continue (23.5591254089) (-24.4951215406)
continue (24.7156759104) (-24.4828041021)
continue (25.9324692890) (-24.4722412475)
continue (27.2019991288) (-24.4634415574)
continue (28.5395230447) (-24.4565528199)
continue (29.9463348937) (-24.4518563626)
continue (31.4121672119) (-24.4494047925)
continue (32.9572141344) (-24.4492825765)
continue (34.5700671782) (-24.4516105819)
continue (36.2765513860) (-24.4564285760)
continue (38.0487252951) (-24.4636941276)
continue (39.9153294269) (-24.4734022909)
continue (41.8780777030) (-24.4854522473)
continue (43.9376552949) (-24.4999008081)
continue (46.0934229042) (-24.5164127030)
continue (48.3687351813) (-24.5349147124)
continue (50.7386954798) (-24.5551748005)
continue (53.2282109122) (-24.5749551254)
continue (55.8374369373) (-24.5989442742)
continue (58.6023775445) (-24.6243363860)
continue (61.4475368049) (-24.6507224725)
continue (64.4916469085) (-24.6784015695)
continue (67.6515939730) (-24.7068585165)
continue (70.9709478829) (-24.7361273231)
continue (74.4499159164) (-24.7659891824)
continue (78.0862871308) (-24.7966950839)
continue (81.9484685986) (-24.8276890315)
continue (85.9685821525) (-24.8588639099)
continue (90.2244525561) (-24.8900841370)
continue (94.6279305105) (-24.9215431819)
continue (99.2773690834) (-24.9531148092)
continue (104.1567002876) (-24.9838026465)
continue (109.2777276432) (-25.0136762229)
continue (114.6391962280) (-25.0417706858)
continue (120.2675162751) (-25.0573967512)
continue (126.1793091687) (-25.0634862575)
continue (132.3746325997) (-25.0704278209)
continue (138.8703094813) (-25.0773264321)
continue (145.6861663975) (-25.0837566695)
continue (152.8458522000) (-25.0900697402)
continue (160.3496341398) (-25.0965301715)
continue (168.2235500861) (-25.1034186725)
continue (176.4995101330) (-25.1103621996)
continue (185.1792259330) (-25.1168498003)
continue (194.2585740389) (-25.1226286541)
continue (203.8172603034) (-25.1281936355)
continue (213.8120532183) (-25.1340081999)
continue (224.3394807525) (-25.1396020949)
continue (235.3478746943) (-25.1449050488)
continue (246.8889110855) (-25.1498440776)
continue (259.0298382082) (-25.1546538626)
continue (271.6955786573) (-25.1595175128)
continue (285.0381516473) (-25.1642460325)
continue (299.0702234383) (-25.1688343661)
continue (313.7971662591) (-25.1732774798)
continue (329.2149461042) (-25.1776357476)
continue (345.3076812491) (-25.1821042428)
continue (362.3327915771) (-25.1867526991)
continue (380.1697834028) (-25.1919917001)
continue (398.8039259591) (-25.1982533808)
continue (418.3962216788) (-25.2060001990)
continue (438.9532614723) (-25.2156680520)
continue (460.4684036465) (-25.2282655746)
continue (483.1744277924) (-25.2445062716)
continue (506.8225644140) (-25.2622509261)
continue (531.6610098112) (-25.2773660775)
continue (557.6909246123) (-25.2865934678)
continue (585.2710152964) (-25.2912392763)
continue (614.0613010893) (-25.2958494832)
continue (644.0049263721) (-25.2999022954)
continue (675.5129509388) (-25.3035562369)
continue (709.1571757327) (-25.3073293008)
continue (743.8914047481) (-25.3113132757)
continue (780.1943243292) (-25.3152443779)
continue (818.7484014523) (-25.3193925710)
continue (858.8755615612) (-25.3237637832)
continue (901.3520977413) (-25.3279945550)
continue (945.2976875689) (-25.3318937621)
continue (991.6932972211) (-25.3352640315)
continue (1040.3778637019) (-25.3383765908)
continue (1091.4684043795) (-25.3413209714)
continue (1145.0954647103) (-25.3441895055)
continue (1201.4066853216) (-25.3473669319)
continue (1260.3969167586) (-25.3511522916)
continue (1322.2097661295) (-25.3557584142)
continue (1387.2232772362) (-25.3613111133)
continue (1455.2331057433) (-25.3680491737)
continue (1526.6660593340) (-25.3760274880)
continue (1601.8051868807) (-25.3855246339)
continue (1680.3742777364) (-25.3966390757)
continue (1762.9463548393) (-25.4093810518)
continue (1849.5371845270) (-25.4236586498)
continue (1940.5173995240) (-25.4393761255)
continue (2035.8958239867) (-25.4561801949)
continue (2135.6151179200) (-25.4740486588)
continue (2240.6367612895) (-25.4928190227)
continue (2350.4435667177) (-25.5128616245)
continue (2466.2164298145) (-25.5337256782)
continue (2587.3565326986) (-25.5551748005)
continue (2714.5277653156) (-25.5770820192)
continue (2847.7092838014) (-25.5996347267)
continue (2987.7605600540) (-25.6226937489)
continue (3133.6553329314) (-25.6460837691)
continue (3288.5852429320) (-25.6701954778)
continue (3449.1558320078) (-25.6948636811)
continue (3619.0110040368) (-25.7201050200)
continue (3796.9457117352) (-25.7459355471)
continue (3982.8101871349) (-25.7721132954)
continue (4178.2071105752) (-25.7986028757)
continue (4383.1985128257) (-25.8253588073)
continue (4600.0351883718) (-25.8529423290)
continue (4826.6259047482) (-25.8807441107)
continue (5062.5942823136) (-25.9090369234)
continue (5310.4135828465) (-25.9377941912)
continue (5573.4982924554) (-25.9665762445)
continue (5845.2018654038) (-25.9956786262)
continue (6132.3483904203) (-26.0254883073)
continue (6435.5012063309) (-26.0555666823)
continue (6750.1257097515) (-26.0860272884)
continue (7080.5514437953) (-26.1173047376)
continue (7426.7886782107) (-26.1489251948)
continue (7795.2692114325) (-26.1806535159)
continue (8180.1343879395) (-26.2126812434)
continue (8580.6682751079) (-26.2451931446)
continue (8995.7252795307) (-26.2781069838)
continue (9442.2025781417) (-26.3112243447)
continue (9905.0757697441) (-26.3446694420)
continue (10391.9143667061) (-26.3784083241)
continue (10902.9309741141) (-26.4119525030)
continue (11438.0189634299) (-26.4457531918)
continue (11999.8284279228) (-26.4796474959)
continue (12588.2990857364) (-26.5137112390)
continue (13206.7676929921) (-26.5485205949)
continue (13855.3591427164) (-26.5833594927)
continue (14536.0818442568) (-26.6183435174)
continue (15251.3300555055) (-26.6538426978)
continue (15998.3667629294) (-26.6893066877)
continue (16785.1716856964) (-26.7253803809)
continue (17609.0235906562) (-26.7614521123)
continue (18476.6214682980) (-26.7983298204)
continue (19380.4119697247) (-26.8359447081)
continue (20336.2412590149) (-26.8738685927)
continue (21331.1556839058) (-26.9122185822)
continue (22378.8548825259) (-26.9515581964)
continue (23480.2105337917) (-26.9918258160)
continue (24635.4952910640) (-27.0327797402)
continue (25844.2135795932) (-27.0746879085)
continue (27112.9714613644) (-27.1173616383)
continue (28441.5409118744) (-27.1614657295)
continue (29838.4731767013) (-27.2064889942)
continue (31304.2587020425) (-27.2525105077)
continue (32838.4493987912) (-27.2997290626)
continue (34452.4374599794) (-27.3479471518)
continue (36147.0436658650) (-27.3975059312)
continue (37922.0545491659) (-27.4481841776)
continue (39793.3175029020) (-27.5001755042)
continue (41743.7916086329) (-27.5547072306)
continue (43789.8592415404) (-27.6106566887)
continue (45953.9571768258) (-27.6679657230)
continue (48189.6864524831) (-27.7272304134)
continue (50569.7542073505) (-27.7875460390)
continue (53042.3149485714) (-27.8501653033)
continue (55666.8888708892) (-27.9147094218)
continue (58377.1281753015) (-27.9808837096)
continue (61241.0598666973) (-28.0502197916)
continue (64264.2433580011) (-28.1219380187)
continue (67401.4031668977) (-28.1966111750)
continue (70750.5412124578) (-28.2741700097)
continue (74207.4080469427) (-28.3536943197)
continue (77819.5534429083) (-28.4367562989)
continue (81654.7464889298) (-28.5223000717)
continue (85725.9615067221) (-28.6104795342)
continue (89868.5375558636) (-28.7033348097)
continue (94314.5281325250) (-28.7991495019)
continue (98943.2107292569) (-28.8985966494)
continue (103800.7712514473) (-29.0023078821)
continue (108899.0165889647) (-29.1088529696)
continue (114251.1247262358) (-29.2207643683)
continue (119856.2371190920) (-29.3363932919)
continue (125744.0279862641) (-29.4554359025)
continue (131933.8310143994) (-29.5816987087)
continue (138406.2835383439) (-29.7110803943)
continue (145198.6887852862) (-29.8443603662)
continue (152334.8329683143) (-29.9821322810)
continue (159815.3228369794) (-30.1184441702)
continue (167666.4159735890) (-30.2534436386)
continue (175886.3097503294) (-30.3753054687)
continue (184541.7113844586) (-30.4731440129)
continue (193598.2517137149) (-30.5398541825)
continue (203090.4771153235) (-30.5788898702)
continue (213112.0137550178) (-30.6142150412)
continue (223568.9329775408) (-30.6495581435)
continue (234560.3528485087) (-30.6850799440)
continue (246022.4003284170) (-30.7203330560)
continue (258149.2835174097) (-30.7557228792)
continue (270807.4207478325) (-30.7912899801)
continue (284149.3516733571) (-30.8265223565)
continue (298091.9106367211) (-30.8620132673)
continue (312720.3057022843) (-30.8975662943)
continue (328029.8671045559) (-30.9329291440)
continue (344134.0524231330) (-30.9681877287)
continue (361040.7966784692) (-31.0036196868)
continue (378747.7019187267) (-31.0390062911)
continue (397412.5472378789) (-31.0744300905)
continue (416865.0369700166) (-31.1098026138)
continue (437478.1424946981) (-31.1452083059)
continue (458845.4032308441) (-31.1805876888)
continue (481387.7289046257) (-31.2160249966)
continue (505136.9017829581) (-31.2514243831)
continue (529806.3783816607) (-31.2868455982)
continue (555989.6100161417) (-31.3222106089)
continue (583397.5485380642) (-31.3576344192)
continue (611999.3088089029) (-31.3929741216)
continue (3672982.5506507708) (-32.4686488354)
continue (3709712.3761572787) (-50.0000000000)
continue (7354000.0000000000) (-50.0000000000)
f(nu) = -20.3548605923 at 1.0000000000 Ryd
