# Puchwein et al 2019
# z = 0.333300
# E [Ryd] log (J_nu)
interpolate (0.0000000100) (-50.0000000000)
continue (0.0007810860 dimensionless) (-50.0000000000)
continue (0.0007889757 dimensionless) (-18.5578339142)
continue (0.0008276721 dimensionless) (-18.5831931282)
continue (0.0008678733 dimensionless) (-18.6092414713)
continue (0.0009112670 dimensionless) (-18.6356366454)
continue (0.0009556071 dimensionless) (-18.6627404602)
continue (0.0010026042 dimensionless) (-18.6899442622)
continue (0.0010517855 dimensionless) (-18.7173778871)
continue (0.0011034960 dimensionless) (-18.7449688367)
continue (0.0011577525 dimensionless) (-18.7728849174)
continue (0.0012145368 dimensionless) (-18.8007935208)
continue (0.0012741429 dimensionless) (-18.8285660991)
continue (0.0013367566 dimensionless) (-18.8560488836)
continue (0.0014023807 dimensionless) (-18.8837244124)
continue (0.0014712092 dimensionless) (-18.9111554373)
continue (0.0015434739 dimensionless) (-18.9385475209)
continue (0.0016194544 dimensionless) (-18.9653715434)
continue (0.0016988571 dimensionless) (-18.9922522220)
continue (0.0017822550 dimensionless) (-19.0182266814)
continue (0.0018700328 dimensionless) (-19.0439757177)
continue (0.0019618234 dimensionless) (-19.0692546717)
continue (0.0020579652 dimensionless) (-19.0940423009)
continue (0.0021594004 dimensionless) (-19.1183300923)
continue (0.0022651429 dimensionless) (-19.1420647353)
continue (0.0023768048 dimensionless) (-19.1651979460)
continue (0.0024932065 dimensionless) (-19.1878222258)
continue (0.0026155768 dimensionless) (-19.2097852298)
continue (0.0027439535 dimensionless) (-19.2312139531)
continue (0.0028792005 dimensionless) (-19.2521222942)
continue (0.0030204407 dimensionless) (-19.2725400791)
continue (0.0031685222 dimensionless) (-19.2924298239)
continue (0.0033245785 dimensionless) (-19.3118472444)
continue (0.0034874358 dimensionless) (-19.3308691526)
continue (0.0036582375 dimensionless) (-19.3494982051)
continue (0.0038385298 dimensionless) (-19.3675427078)
continue (0.0040268094 dimensionless) (-19.3852082080)
continue (0.0042246962 dimensionless) (-19.4023048141)
continue (0.0044322323 dimensionless) (-19.4188471080)
continue (0.0046493213 dimensionless) (-19.4347426566)
continue (0.0048783028 dimensionless) (-19.4500163888)
continue (0.0051194774 dimensionless) (-19.4645792819)
continue (0.0053698702 dimensionless) (-19.4784696587)
continue (0.0056320579 dimensionless) (-19.4912010346)
continue (0.0059096431 dimensionless) (-19.5029320636)
continue (0.0061990950 dimensionless) (-19.5134278495)
continue (0.0065044038 dimensionless) (-19.5223000717)
continue (0.0068259698 dimensionless) (-19.5294425148)
continue (0.0071584208 dimensionless) (-19.5347659050)
continue (0.0075125059 dimensionless) (-19.5380515048)
continue (0.0078829323 dimensionless) (-19.5389519083)
continue (0.0082692103 dimensionless) (-19.5374522712)
continue (0.0086704755 dimensionless) (-19.5335772776)
continue (0.0090944807 dimensionless) (-19.5273898024)
continue (0.0095460609 dimensionless) (-19.5192746210)
continue (0.0100150233 dimensionless) (-19.5094796906)
continue (0.0105069407 dimensionless) (-19.4983930776)
continue (0.0110229463 dimensionless) (-19.4861168144)
continue (0.0115643017 dimensionless) (-19.4728858884)
continue (0.0121324320 dimensionless) (-19.4587953093)
continue (0.0127271923 dimensionless) (-19.4439388410)
continue (0.0133518970 dimensionless) (-19.4285240963)
continue (0.0140087159 dimensionless) (-19.4124012703)
continue (0.0146954841 dimensionless) (-19.3958819938)
continue (0.0154190689 dimensionless) (-19.3790315644)
continue (0.0161744226 dimensionless) (-19.3618103598)
continue (0.0169695898 dimensionless) (-19.3444774037)
continue (0.0178051382 dimensionless) (-19.3273480772)
continue (0.0186773308 dimensionless) (-19.3104247842)
continue (0.0195971392 dimensionless) (-19.2942217872)
continue (0.0205564397 dimensionless) (-19.2790142558)
continue (0.0215684490 dimensionless) (-19.2652801583)
continue (0.0226289290 dimensionless) (-19.2530545904)
continue (0.0237370922 dimensionless) (-19.2421486563)
continue (0.0249048093 dimensionless) (-19.2326956825)
continue (0.0261257732 dimensionless) (-19.2246808782)
continue (0.0274065254 dimensionless) (-19.2181728471)
continue (0.0287556633 dimensionless) (-19.2131776205)
continue (0.0301644148 dimensionless) (-19.2095037230)
continue (0.0316522046 dimensionless) (-19.2071882288)
continue (0.0332094377 dimensionless) (-19.2062096153)
continue (0.0348343643 dimensionless) (-19.2064889942)
continue (0.0365530273 dimensionless) (-19.2078885909)
continue (0.0383368519 dimensionless) (-19.2113367869)
continue (0.0402325373 dimensionless) (-19.2178858525)
continue (0.0422078263 dimensionless) (-19.2269453066)
continue (0.0442792503 dimensionless) (-19.2373964504)
continue (0.0464458191 dimensionless) (-19.2491060796)
continue (0.0487308541 dimensionless) (-19.2620920766)
continue (0.0511373160 dimensionless) (-19.2767085535)
continue (0.0536354897 dimensionless) (-19.2932822177)
continue (0.0562510476 dimensionless) (-19.3107799627)
continue (0.0590198815 dimensionless) (-19.3283644034)
continue (0.0619488083 dimensionless) (-19.3458234581)
continue (0.0649513165 dimensionless) (-19.3631110930)
continue (0.0681575894 dimensionless) (-19.3811155150)
continue (0.0715280197 dimensionless) (-19.4002260609)
continue (0.0750013968 dimensionless) (-19.4202164034)
continue (0.0786931754 dimensionless) (-19.4409316660)
continue (0.0825422981 dimensionless) (-19.4624327428)
continue (0.0866223356 dimensionless) (-19.4847886957)
continue (0.0908541347 dimensionless) (-19.5079383955)
continue (0.0953507346 dimensionless) (-19.5307672575)
continue (0.1000293052 dimensionless) (-19.5543957967)
continue (0.1049484016 dimensionless) (-19.5779028369)
continue (0.1100962874 dimensionless) (-19.6011922698)
continue (0.1155110877 dimensionless) (-19.6248853153)
continue (0.1211791185 dimensionless) (-19.6495581435)
continue (0.1271298787 dimensionless) (-19.6746896283)
continue (0.1333821679 dimensionless) (-19.6996219351)
continue (0.1399365741 dimensionless) (-19.7256112044)
continue (0.1467891383 dimensionless) (-19.7520267336)
continue (0.1540082763 dimensionless) (-19.7791077508)
continue (0.1615721579 dimensionless) (-19.8068754016)
continue (0.1695065050 dimensionless) (-19.8344589233)
continue (0.1778428905 dimensionless) (-19.8626458886)
continue (0.1865820989 dimensionless) (-19.8907590314)
continue (0.1957188511 dimensionless) (-19.9200955323)
continue (0.2053328010 dimensionless) (-19.9515581964)
continue (0.2154295439 dimensionless) (-19.9833844524)
continue (0.2260086733 dimensionless) (-20.0163737129)
continue (0.2371238540 dimensionless) (-20.0477404634)
continue (0.2487761318 dimensionless) (-20.0733489229)
continue (0.2609584682 dimensionless) (-20.0970186002)
continue (0.2738182004 dimensionless) (-20.1223983203)
continue (0.2872846692 dimensionless) (-20.1491088159)
continue (0.3013448978 dimensionless) (-20.1770477595)
continue (0.3161925645 dimensionless) (-20.2062794432)
continue (0.3317316967 dimensionless) (-20.2363474294)
continue (0.3479446242 dimensionless) (-20.2677671198)
continue (0.3650909338 dimensionless) (-20.3005959182)
continue (0.3830462256 dimensionless) (-20.3350761066)
continue (0.4017931970 dimensionless) (-20.3726341434)
continue (0.4214925859 dimensionless) (-20.4130752919)
continue (0.4421479723 dimensionless) (-20.4553119777)
continue (0.4639852194 dimensionless) (-20.4990777608)
continue (0.4867879118 dimensionless) (-20.5451551400)
continue (0.5105137091 dimensionless) (-20.5934598196)
continue (0.5357242627 dimensionless) (-20.6437828658)
continue (0.5621634613 dimensionless) (-20.6950788381)
continue (0.5898168096 dimensionless) (-20.7430418474)
continue (0.6186469591 dimensionless) (-20.7939841232)
continue (0.6490505490 dimensionless) (-20.8541822855)
continue (0.6810664954 dimensionless) (-20.9197343727)
continue (0.7141590680 dimensionless) (-20.9943905546)
continue (0.7493222477 dimensionless) (-21.0635365260)
continue (0.7494721272 dimensionless) (-21.2126103786)
continue (0.7862527790 dimensionless) (-21.3064489144)
continue (0.8246759917 dimensionless) (-21.4306260904)
continue (0.8288690942 dimensionless) (-21.4501057540)
continue (0.8329222993 dimensionless) (-21.4662520839)
continue (0.8369692137 dimensionless) (-21.4823251902)
continue (0.8410245965 dimensionless) (-21.4983287728)
continue (0.8450724461 dimensionless) (-21.5142643811)
continue (0.8491277985 dimensionless) (-21.5299586839)
continue (0.8531743306 dimensionless) (-21.5455149153)
continue (0.8572273582 dimensionless) (-21.5609690482)
continue (0.8612783740 dimensionless) (-21.5768000162)
continue (0.8654007320 dimensionless) (-21.5929491852)
continue (0.8695793374 dimensionless) (-21.6157003607)
continue (0.8738320076 dimensionless) (-21.6363410211)
continue (0.8780757090 dimensionless) (-21.6554760823)
continue (0.8823266565 dimensionless) (-21.6746239244)
continue (0.8865758338 dimensionless) (-21.6937980748)
continue (0.8880856269 dimensionless) (-21.7022394889)
continue (0.8882632618 dimensionless) (-21.6978856230)
continue (0.8908313008 dimensionless) (-21.7091065580)
continue (0.8950838547 dimensionless) (-21.7286324279)
continue (0.8993328242 dimensionless) (-21.7473629568)
continue (0.9035775261 dimensionless) (-21.7660778747)
continue (0.9076364251 dimensionless) (-21.7848914189)
continue (0.9122887342 dimensionless) (-21.8119691419)
continue (0.9167472861 dimensionless) (-21.8364599756)
continue (0.9212067921 dimensionless) (-21.8589611977)
continue (0.9256657008 dimensionless) (-21.8821025784)
continue (0.9301243111 dimensionless) (-21.9059483445)
continue (0.9345829462 dimensionless) (-21.9305613185)
continue (0.9369417514 dimensionless) (-21.9446216686)
continue (0.9371291585 dimensionless) (-21.9423338961)
continue (0.9390419537 dimensionless) (-21.9521334931)
continue (0.9435007297 dimensionless) (-21.9745712386)
continue (0.9479596448 dimensionless) (-21.9976049677)
continue (0.9524111317 dimensionless) (-22.0212718229)
continue (0.9531313595 dimensionless) (-22.0267441870)
continue (0.9538446901 dimensionless) (-22.0310461207)
continue (0.9545580893 dimensionless) (-22.0352356367)
continue (0.9552715550 dimensionless) (-22.0393147444)
continue (0.9559850851 dimensionless) (-22.0432861616)
continue (0.9566986776 dimensionless) (-22.0471518817)
continue (0.9574113244 dimensionless) (-22.0509145943)
continue (0.9581250337 dimensionless) (-22.0545757329)
continue (0.9588387990 dimensionless) (-22.0581383909)
continue (0.9594354567 dimensionless) (-22.0615803542)
continue (0.9596273630 dimensionless) (-22.0601813372)
continue (0.9607716931 dimensionless) (-22.0658951170)
continue (0.9619918385 dimensionless) (-22.0713414995)
continue (0.9632120325 dimensionless) (-22.0765311186)
continue (0.9644322638 dimensionless) (-22.0814742837)
continue (0.9656525208 dimensionless) (-22.0861824402)
continue (0.9668727920 dimensionless) (-22.0906654532)
continue (0.9680930657 dimensionless) (-22.0949341318)
continue (0.9693133303 dimensionless) (-22.0989980092)
continue (0.9705335740 dimensionless) (-22.1028668559)
continue (0.9716099949 dimensionless) (-22.1065711582)
continue (0.9718043363 dimensionless) (-22.1055177850)
continue (0.9724931975 dimensionless) (-22.1076877478)
continue (0.9732326966 dimensionless) (-22.1097696207)
continue (0.9739722802 dimensionless) (-22.1117890447)
continue (0.9747119461 dimensionless) (-22.1137496133)
continue (0.9754506480 dimensionless) (-22.1156521842)
continue (0.9761904704 dimensionless) (-22.1174987996)
continue (0.9769303686 dimensionless) (-22.1192915654)
continue (0.9776692914 dimensionless) (-22.1210315016)
continue (0.9784093329 dimensionless) (-22.1227208219)
continue (0.9790220836 dimensionless) (-22.1243600630)
continue (0.9792179076 dimensionless) (-22.1236089382)
continue (0.9796262717 dimensionless) (-22.1246365728)
continue (0.9801046187 dimensionless) (-22.1256509842)
continue (0.9805823779 dimensionless) (-22.1266462605)
continue (0.9810606032 dimensionless) (-22.1276234297)
continue (0.9815392951 dimensionless) (-22.1285817802)
continue (0.9820173961 dimensionless) (-22.1295223529)
continue (0.9824949039 dimensionless) (-22.1304450273)
continue (0.9829728762 dimensionless) (-22.1313508602)
continue (0.9834513138 dimensionless) (-22.1322397420)
continue (0.9837787230 dimensionless) (-22.1331221857)
continue (0.9839754984 dimensionless) (-22.1325325121)
continue (0.9842532892 dimensionless) (-22.1330950431)
continue (0.9845776371 dimensionless) (-22.1336701199)
continue (0.9849011343 dimensionless) (-22.1342376768)
continue (0.9852259094 dimensionless) (-22.1347982757)
continue (0.9855498328 dimensionless) (-22.1353518886)
continue (0.9858739693 dimensionless) (-22.1358984880)
continue (0.9861983191 dimensionless) (-22.1364386409)
continue (0.9865228824 dimensionless) (-22.1369717271)
continue (0.9868465907 dimensionless) (-22.1374983159)
continue (0.9870824973 dimensionless) (-22.1380476251)
continue (0.9872799335 dimensionless) (-22.1375108331)
continue (0.9874069046 dimensionless) (-22.1379014326)
continue (0.9876423407 dimensionless) (-22.1382726786)
continue (0.9878789599 dimensionless) (-22.1386400588)
continue (0.9881146211 dimensionless) (-22.1390047595)
continue (0.9883503948 dimensionless) (-22.1393661749)
continue (0.9885862810 dimensionless) (-22.1397242967)
continue (0.9888222799 dimensionless) (-22.1400791164)
continue (0.9890583914 dimensionless) (-22.1404306257)
continue (0.9892935417 dimensionless) (-22.1407794168)
continue (0.9894406051 dimensionless) (-22.1411020428)
continue (0.9896385130 dimensionless) (-22.1406815349)
continue (0.9991962399 dimensionless) (-22.1526124490)
continue (1.0439534549 dimensionless) (-22.1854194840)
continue (1.0951411739 dimensionless) (-22.2202592488)
continue (1.1489937849 dimensionless) (-22.2542227821)
continue (1.2053795910 dimensionless) (-22.2877713304)
continue (1.2645947416 dimensionless) (-22.3206629695)
continue (1.3266370226 dimensionless) (-22.3534982500)
continue (1.3918847882 dimensionless) (-22.3863695651)
continue (1.4601297401 dimensionless) (-22.4197594917)
continue (1.5320561043 dimensionless) (-22.4537041649)
continue (1.6071727880 dimensionless) (-22.4885177114)
continue (1.6862823294 dimensionless) (-22.5217221681)
continue (1.7691069129 dimensionless) (-22.5554867937)
continue (1.8559408774 dimensionless) (-22.5897290357)
continue (1.9471516470 dimensionless) (-22.6250684460)
continue (2.0427414724 dimensionless) (-22.6617427698)
continue (2.1431490377 dimensionless) (-22.7000571000)
continue (2.2483764392 dimensionless) (-22.7392133313)
continue (2.3583513737 dimensionless) (-22.7798919120)
continue (2.4742518893 dimensionless) (-22.8224635001)
continue (2.5962021961 dimensionless) (-22.8667805433)
continue (2.7234517956 dimensionless) (-22.9125735430)
continue (2.8575320502 dimensionless) (-22.9601894459)
continue (2.9972889909 dimensionless) (-23.0081982012)
continue (2.9978885086 dimensionless) (-23.0722191507)
continue (3.1444684983 dimensionless) (-23.1235512131)
continue (3.2993011253 dimensionless) (-23.1760695449)
continue (3.3154824080 dimensionless) (-23.1770679991)
continue (3.3316770164 dimensionless) (-23.1822746915)
continue (3.3478830047 dimensionless) (-23.1877225149)
continue (3.3640859670 dimensionless) (-23.1933622224)
continue (3.3802960540 dimensionless) (-23.1991640567)
continue (3.3964985345 dimensionless) (-23.2050945899)
continue (3.4127037129 dimensionless) (-23.2111270027)
continue (3.4289094326 dimensionless) (-23.2172357941)
continue (3.4451134960 dimensionless) (-23.2233983230)
continue (3.4609455785 dimensionless) (-23.2295898685)
continue (3.4783173495 dimensionless) (-23.2297667465)
continue (3.4953146235 dimensionless) (-23.2350859700)
continue (3.5123163736 dimensionless) (-23.2406714151)
continue (3.5293202949 dimensionless) (-23.2464720931)
continue (3.5463240368 dimensionless) (-23.2524545836)
continue (3.5537279767 dimensionless) (-23.2551596032)
continue (3.5544387934 dimensionless) (-23.2437443512)
continue (3.5633252031 dimensionless) (-23.2471298608)
continue (3.5803213519 dimensionless) (-23.2533323352)
continue (3.5973241965 dimensionless) (-23.2596144119)
continue (3.6143172719 dimensionless) (-23.2659582476)
continue (3.6319927095 dimensionless) (-23.2723774220)
continue (3.6491549368 dimensionless) (-23.2713905871)
continue (3.6669965225 dimensionless) (-23.2767717969)
continue (3.6848197184 dimensionless) (-23.2824476545)
continue (3.7026665643 dimensionless) (-23.2883648363)
continue (3.7204896494 dimensionless) (-23.2944818089)
continue (3.7383317846 dimensionless) (-23.3007573443)
continue (3.7481524197 dimensionless) (-23.3042557248)
continue (3.7489021252 dimensionless) (-23.2981730696)
continue (3.7561600736 dimensionless) (-23.3010048073)
continue (3.7740029190 dimensionless) (-23.3074685653)
continue (3.7918425237 dimensionless) (-23.3139995527)
continue (3.8096445268 dimensionless) (-23.3205721034)
continue (3.8125294258 dimensionless) (-23.3142000609)
continue (3.8153867477 dimensionless) (-23.3149536891)
continue (3.8182323571 dimensionless) (-23.3157167134)
continue (3.8210822144 dimensionless) (-23.3164900812)
continue (3.8239363290 dimensionless) (-23.3172738455)
continue (3.8267947105 dimensionless) (-23.3180662534)
continue (3.8296412741 dimensionless) (-23.3188682548)
continue (3.8324920757 dimensionless) (-23.3196789935)
continue (3.8353471248 dimensionless) (-23.3204985158)
continue (3.8381459698 dimensionless) (-23.3212995650)
continue (3.8389136758 dimensionless) (-23.3174037085)
continue (3.8430948760 dimensionless) (-23.3188402005)
continue (3.8479632917 dimensionless) (-23.3202923552)
continue (3.8528440576 dimensionless) (-23.3217676029)
continue (3.8577372208 dimensionless) (-23.3232625060)
continue (3.8626100831 dimensionless) (-23.3247772508)
continue (3.8674952713 dimensionless) (-23.3263111068)
continue (3.8723763766 dimensionless) (-23.3278624106)
continue (3.8772533211 dimensionless) (-23.3294304027)
continue (3.8821260270 dimensionless) (-23.3310152445)
continue (3.8872689984 dimensionless) (-23.3326404538)
continue (3.8880465300 dimensionless) (-23.3298469548)
continue (3.8899644875 dimensionless) (-23.3308356608)
continue (3.8929224712 dimensionless) (-23.3318145015)
continue (3.8958849568 dimensionless) (-23.3327983568)
continue (3.8988519547 dimensionless) (-23.3337872560)
continue (3.9018067686 dimensionless) (-23.3347802896)
continue (3.9047660647 dimensionless) (-23.3357774809)
continue (3.9077130959 dimensionless) (-23.3367797965)
continue (3.9106813613 dimensionless) (-23.3377853760)
continue (3.9136373315 dimensionless) (-23.3387951842)
continue (3.9156676117 dimensionless) (-23.3397987986)
continue (3.9164508235 dimensionless) (-23.3377144843)
continue (3.9185008743 dimensionless) (-23.3384144559)
continue (3.9204226914 dimensionless) (-23.3390719426)
continue (3.9223295118 dimensionless) (-23.3397313757)
continue (3.9242381880 dimensionless) (-23.3403908606)
continue (3.9261487226 dimensionless) (-23.3410532533)
continue (3.9280611185 dimensionless) (-23.3417157040)
continue (3.9299753783 dimensionless) (-23.3423801220)
continue (3.9318915048 dimensionless) (-23.3430446013)
continue (3.9338095006 dimensionless) (-23.3437120154)
continue (3.9359648088 dimensionless) (-23.3443814165)
continue (3.9367520805 dimensionless) (-23.3427528701)
continue (3.9370216616 dimensionless) (-23.3432407931)
continue (3.9383148035 dimensionless) (-23.3436938083)
continue (3.9396087952 dimensionless) (-23.3441472965)
continue (3.9409036375 dimensionless) (-23.3446022189)
continue (3.9421993313 dimensionless) (-23.3450566572)
continue (3.9434958773 dimensionless) (-23.3455115714)
continue (3.9447932764 dimensionless) (-23.3459679260)
continue (3.9460915295 dimensionless) (-23.3464237963)
continue (3.9473906374 dimensionless) (-23.3468801456)
continue (3.9479023104 dimensionless) (-23.3473669319)
continue (3.9486919698 dimensionless) (-23.3460160926)
continue (3.9496318982 dimensionless) (-23.3463919758)
continue (3.9505736443 dimensionless) (-23.3467247593)
continue (3.9515158397 dimensionless) (-23.3470577980)
continue (3.9524584845 dimensionless) (-23.3473910923)
continue (3.9534015792 dimensionless) (-23.3477246425)
continue (3.9543451241 dimensionless) (-23.3480584491)
continue (3.9552891195 dimensionless) (-23.3483915438)
continue (3.9562335657 dimensionless) (-23.3487258636)
continue (3.9571784630 dimensionless) (-23.3490594708)
continue (3.9581922382 dimensionless) (-23.3494011018)
continue (3.9589839558 dimensionless) (-23.3483343961)
continue (3.9963853212 dimensionless) (-23.3621101834)
continue (3.9971846782 dimensionless) (-23.3621101834)
continue (4.1935893733 dimensionless) (-23.4303920325)
continue (4.3980066159 dimensionless) (-23.4577972176)
continue (4.6140099788 dimensionless) (-23.4758636234)
continue (4.8420136600 dimensionless) (-23.4928190227)
continue (5.0795260358 dimensionless) (-23.5097605148)
continue (5.3290466130 dimensionless) (-23.5270973482)
continue (5.5905949130 dimensionless) (-23.5450027827)
continue (5.8640088212 dimensionless) (-23.5635193050)
continue (6.1530517948 dimensionless) (-23.5823622603)
continue (6.4537320879 dimensionless) (-23.6017126946)
continue (6.7752191139 dimensionless) (-23.6216020991)
continue (7.1026264288 dimensionless) (-23.6418747147)
continue (7.4571765206 dimensionless) (-23.6625407387)
continue (7.8220340843 dimensionless) (-23.6840296545)
continue (8.2022229596 dimensionless) (-23.7057542839)
continue (8.6049761172 dimensionless) (-23.7283906986)
continue (9.0313872232 dimensionless) (-23.7512912644)
continue (9.4736144175 dimensionless) (-23.7752080435)
continue (9.9396484600 dimensionless) (-23.7994230732)
continue (10.4275886350 dimensionless) (-23.8244881866)
continue (10.9395794816 dimensionless) (-23.8501653033)
continue (11.4769139901 dimensionless) (-23.8768019250)
continue (12.0410540541 dimensionless) (-23.9037854147)
continue (12.6319236321 dimensionless) (-23.9314431049)
continue (13.2528646134 dimensionless) (-23.9597933724)
continue (13.9039818556 dimensionless) (-23.9884295564)
continue (14.5849387135 dimensionless) (-24.0178645052)
continue (15.3025519868 dimensionless) (-24.0477889419)
continue (16.0547387388 dimensionless) (-24.0782615163)
continue (16.8410085163 dimensionless) (-24.1091320612)
continue (17.6704861512 dimensionless) (-24.1404414274)
continue (18.5367569328 dimensionless) (-24.1721785723)
continue (19.4465849513 dimensionless) (-24.2042589791)
continue (20.4045448011 dimensionless) (-24.2367217890)
continue (21.4063183185 dimensionless) (-24.2694599635)
continue (22.4560613804 dimensionless) (-24.3024219663)
continue (23.5591254089 dimensionless) (-24.3357341999)
continue (24.7156759104 dimensionless) (-24.3692671072)
continue (25.9324692890 dimensionless) (-24.4029633350)
continue (27.2019991288 dimensionless) (-24.4368750397)
continue (28.5395230447 dimensionless) (-24.4708263967)
continue (29.9463348937 dimensionless) (-24.5051499783)
continue (31.4121672119 dimensionless) (-24.5392524582)
continue (32.9572141344 dimensionless) (-24.5733261120)
continue (34.5700671782 dimensionless) (-24.6069515336)
continue (36.2765513860 dimensionless) (-24.6401645177)
continue (38.0487252951 dimensionless) (-24.6730500058)
continue (39.9153294269 dimensionless) (-24.7035542058)
continue (41.8780777030 dimensionless) (-24.7316560860)
continue (43.9376552949 dimensionless) (-24.7579557606)
continue (46.0934229042 dimensionless) (-24.7819899570)
continue (48.3687351813 dimensionless) (-24.8035474583)
continue (50.7386954798 dimensionless) (-24.8230410194)
continue (53.2282109122 dimensionless) (-24.8404328068)
continue (55.8374369373 dimensionless) (-24.8557372262)
continue (58.6023775445 dimensionless) (-24.8693446510)
continue (61.4475368049 dimensionless) (-24.8814046348)
continue (64.4916469085 dimensionless) (-24.8921119748)
continue (67.6515939730 dimensionless) (-24.9017024635)
continue (70.9709478829 dimensionless) (-24.9100948886)
continue (74.4499159164 dimensionless) (-24.9175736991)
continue (78.0862871308 dimensionless) (-24.9251835594)
continue (81.9484685986 dimensionless) (-24.9325571572)
continue (85.9685821525 dimensionless) (-24.9400581119)
continue (90.2244525561 dimensionless) (-24.9480760840)
continue (94.6279305105 dimensionless) (-24.9558523791)
continue (99.2773690834 dimensionless) (-24.9633711046)
continue (104.1567002876 dimensionless) (-24.9710222948)
continue (109.2777276432 dimensionless) (-24.9788107009)
continue (114.6391962280 dimensionless) (-24.9863203027)
continue (120.2675162751 dimensionless) (-24.9939620450)
continue (126.1793091687 dimensionless) (-25.0013919707)
continue (132.3746325997 dimensionless) (-25.0087739243)
continue (138.8703094813 dimensionless) (-25.0159680197)
continue (145.6861663975 dimensionless) (-25.0230084547)
continue (152.8458522000 dimensionless) (-25.0299787342)
continue (160.3496341398 dimensionless) (-25.0368735589)
continue (168.2235500861 dimensionless) (-25.0438315695)
continue (176.4995101330 dimensionless) (-25.0508052258)
continue (185.1792259330 dimensionless) (-25.0577438496)
continue (194.2585740389 dimensionless) (-25.0645935102)
continue (203.8172603034 dimensionless) (-25.0715529368)
continue (213.8120532183 dimensionless) (-25.0786257046)
continue (224.3394807525 dimensionless) (-25.0858684874)
continue (235.3478746943 dimensionless) (-25.0932879431)
continue (246.8889110855 dimensionless) (-25.1008911418)
continue (259.0298382082 dimensionless) (-25.1086856006)
continue (271.6955786573 dimensionless) (-25.1165657063)
continue (285.0381516473 dimensionless) (-25.1245914399)
continue (299.0702234383 dimensionless) (-25.1327093301)
continue (313.7971662591 dimensionless) (-25.1409217753)
continue (329.2149461042 dimensionless) (-25.1491088159)
continue (345.3076812491 dimensionless) (-25.1573283662)
continue (362.3327915771 dimensionless) (-25.1655157147)
continue (380.1697834028 dimensionless) (-25.1736659944)
continue (398.8039259591 dimensionless) (-25.1816421220)
continue (418.3962216788 dimensionless) (-25.1895658441)
continue (438.9532614723 dimensionless) (-25.1972946729)
continue (460.4684036465 dimensionless) (-25.2048154103)
continue (483.1744277924 dimensionless) (-25.2121854329)
continue (506.8225644140 dimensionless) (-25.2188911643)
continue (531.6610098112 dimensionless) (-25.2248266146)
continue (557.6909246123 dimensionless) (-25.2299584457)
continue (585.2710152964 dimensionless) (-25.2346295197)
continue (614.0613010893 dimensionless) (-25.2394267461)
continue (644.0049263721 dimensionless) (-25.2442775551)
continue (675.5129509388 dimensionless) (-25.2493373539)
continue (709.1571757327 dimensionless) (-25.2546128787)
continue (743.8914047481 dimensionless) (-25.2602694714)
continue (780.1943243292 dimensionless) (-25.2663213443)
continue (818.7484014523 dimensionless) (-25.2727841791)
continue (858.8755615612 dimensionless) (-25.2797579817)
continue (901.3520977413 dimensionless) (-25.2872661409)
continue (945.2976875689 dimensionless) (-25.2954205503)
continue (991.6932972211 dimensionless) (-25.3041682272)
continue (1040.3778637019 dimensionless) (-25.3136318965)
continue (1091.4684043795 dimensionless) (-25.3239468753)
continue (1145.0954647103 dimensionless) (-25.3350761066)
continue (1201.4066853216 dimensionless) (-25.3470771124)
continue (1260.3969167586 dimensionless) (-25.3601152581)
continue (1322.2097661295 dimensionless) (-25.3741732867)
continue (1387.2232772362 dimensionless) (-25.3891269996)
continue (1455.2331057433 dimensionless) (-25.4051656444)
continue (1526.6660593340 dimensionless) (-25.4221636587)
continue (1601.8051868807 dimensionless) (-25.4400933750)
continue (1680.3742777364 dimensionless) (-25.4590451911)
continue (1762.9463548393 dimensionless) (-25.4787311244)
continue (1849.5371845270 dimensionless) (-25.4993519366)
continue (1940.5173995240 dimensionless) (-25.5207126835)
continue (2035.8958239867 dimensionless) (-25.5427238139)
continue (2135.6151179200 dimensionless) (-25.5654310960)
continue (2240.6367612895 dimensionless) (-25.5887170870)
continue (2350.4435667177 dimensionless) (-25.6126101737)
continue (2466.2164298145 dimensionless) (-25.6371406970)
continue (2587.3565326986 dimensionless) (-25.6619421246)
continue (2714.5277653156 dimensionless) (-25.6873995607)
continue (2847.7092838014 dimensionless) (-25.7130946470)
continue (2987.7605600540 dimensionless) (-25.7394516274)
continue (3133.6553329314 dimensionless) (-25.7662426370)
continue (3288.5852429320 dimensionless) (-25.7934439559)
continue (3449.1558320078 dimensionless) (-25.8210230527)
continue (3619.0110040368 dimensionless) (-25.8489367466)
continue (3796.9457117352 dimensionless) (-25.8774564759)
continue (3982.8101871349 dimensionless) (-25.9062282185)
continue (4178.2071105752 dimensionless) (-25.9351677803)
continue (4383.1985128257 dimensionless) (-25.9649707178)
continue (4600.0351883718 dimensionless) (-25.9948194875)
continue (4826.6259047482 dimensionless) (-26.0250280057)
continue (5062.5942823136 dimensionless) (-26.0556654080)
continue (5310.4135828465 dimensionless) (-26.0866630741)
continue (5573.4982924554 dimensionless) (-26.1179880384)
continue (5845.2018654038 dimensionless) (-26.1496601454)
continue (6132.3483904203 dimensionless) (-26.1817081092)
continue (6435.5012063309 dimensionless) (-26.2140298749)
continue (6750.1257097515 dimensionless) (-26.2467234298)
continue (7080.5514437953 dimensionless) (-26.2796752826)
continue (7426.7886782107 dimensionless) (-26.3130064337)
continue (7795.2692114325 dimensionless) (-26.3464980530)
continue (8180.1343879395 dimensionless) (-26.3803849943)
continue (8580.6682751079 dimensionless) (-26.4144264814)
continue (8995.7252795307 dimensionless) (-26.4489161348)
continue (9442.2025781417 dimensionless) (-26.4835968516)
continue (9905.0757697441 dimensionless) (-26.5185573715)
continue (10391.9143667061 dimensionless) (-26.5537735982)
continue (10902.9309741141 dimensionless) (-26.5893914574)
continue (11438.0189634299 dimensionless) (-26.6252516540)
continue (11999.8284279228 dimensionless) (-26.6615435064)
continue (12588.2990857364 dimensionless) (-26.6981022828)
continue (13206.7676929921 dimensionless) (-26.7354182708)
continue (13855.3591427164 dimensionless) (-26.7731424297)
continue (14536.0818442568 dimensionless) (-26.8113527040)
continue (15251.3300555055 dimensionless) (-26.8498578382)
continue (15998.3667629294 dimensionless) (-26.8894102897)
continue (16785.1716856964 dimensionless) (-26.9292235372)
continue (17609.0235906562 dimensionless) (-26.9698052146)
continue (18476.6214682980 dimensionless) (-27.0114410431)
continue (19380.4119697247 dimensionless) (-27.0537934462)
continue (20336.2412590149 dimensionless) (-27.0969643032)
continue (21331.1556839058 dimensionless) (-27.1410419453)
continue (22378.8548825259 dimensionless) (-27.1860855800)
continue (23480.2105337917 dimensionless) (-27.2320282786)
continue (24635.4952910640 dimensionless) (-27.2790968292)
continue (25844.2135795932 dimensionless) (-27.3275326869)
continue (27112.9714613644 dimensionless) (-27.3770610308)
continue (28441.5409118744 dimensionless) (-27.4278256864)
continue (29838.4731767013 dimensionless) (-27.4797785641)
continue (31304.2587020425 dimensionless) (-27.5329841816)
continue (32838.4493987912 dimensionless) (-27.5877074907)
continue (34452.4374599794 dimensionless) (-27.6437828658)
continue (36147.0436658650 dimensionless) (-27.7013652169)
continue (37922.0545491659 dimensionless) (-27.7604502792)
continue (39793.3175029020 dimensionless) (-27.8213107602)
continue (41743.7916086329 dimensionless) (-27.8840568231)
continue (43789.8592415404 dimensionless) (-27.9488474776)
continue (45953.9571768258 dimensionless) (-28.0151127989)
continue (48189.6864524831 dimensionless) (-28.0833881549)
continue (50569.7542073505 dimensionless) (-28.1536628879)
continue (53042.3149485714 dimensionless) (-28.2261404476)
continue (55666.8888708892 dimensionless) (-28.3007694971)
continue (58377.1281753015 dimensionless) (-28.3777859770)
continue (61241.0598666973 dimensionless) (-28.4574235237)
continue (64264.2433580011 dimensionless) (-28.5397036732)
continue (67401.4031668977 dimensionless) (-28.6247022618)
continue (70750.5412124578 dimensionless) (-28.7124221909)
continue (74207.4080469427 dimensionless) (-28.8027194419)
continue (77819.5534429083 dimensionless) (-28.8961962790)
continue (81654.7464889298 dimensionless) (-28.9922522220)
continue (85725.9615067221 dimensionless) (-29.0917831469)
continue (89868.5375558636 dimensionless) (-29.1947030838)
continue (94314.5281325250 dimensionless) (-29.3005959182)
continue (98943.2107292569 dimensionless) (-29.4099387692)
continue (103800.7712514473 dimensionless) (-29.5224446678)
continue (108899.0165889647 dimensionless) (-29.6377060620)
continue (114251.1247262358 dimensionless) (-29.7564658982)
continue (119856.2371190920 dimensionless) (-29.8774564759)
continue (125744.0279862641 dimensionless) (-30.0003041126)
continue (131933.8310143994 dimensionless) (-30.1252863112)
continue (138406.2835383439 dimensionless) (-30.2497230848)
continue (145198.6887852862 dimensionless) (-30.3728390476)
continue (152334.8329683143 dimensionless) (-30.4924139602)
continue (159815.3228369794 dimensionless) (-30.6053732357)
continue (167666.4159735890 dimensionless) (-30.7097427306)
continue (175886.3097503294 dimensionless) (-30.8018930011)
continue (184541.7113844586 dimensionless) (-30.8810742472)
continue (193598.2517137149 dimensionless) (-30.9476909004)
continue (203090.4771153235 dimensionless) (-31.0011741810)
continue (213112.0137550178 dimensionless) (-31.0442641577)
continue (223568.9329775408 dimensionless) (-31.0814454694)
continue (234560.3528485087 dimensionless) (-31.1168498003)
continue (246022.4003284170 dimensionless) (-31.1522423116)
continue (258149.2835174097 dimensionless) (-31.1876214888)
continue (270807.4207478325 dimensionless) (-31.2230084151)
continue (284149.3516733571 dimensionless) (-31.2584544832)
continue (298091.9106367211 dimensionless) (-31.2937944581)
continue (312720.3057022843 dimensionless) (-31.3291977157)
continue (328029.8671045559 dimensionless) (-31.3646167960)
continue (344134.0524231330 dimensionless) (-31.4000078224)
continue (361040.7966784692 dimensionless) (-31.4354522882)
continue (378747.7019187267 dimensionless) (-31.4708263967)
continue (397412.5472378789 dimensionless) (-31.5062631977)
continue (416865.0369700166 dimensionless) (-31.5416643740)
continue (437478.1424946981 dimensionless) (-31.5770820192)
continue (458845.4032308441 dimensionless) (-31.6124322206)
continue (481387.7289046257 dimensionless) (-31.6478174819)
continue (505136.9017829581 dimensionless) (-31.6831912479)
continue (529806.3783816607 dimensionless) (-31.7185121121)
continue (555989.6100161417 dimensionless) (-31.7539940959)
continue (583397.5485380642 dimensionless) (-31.7894139751)
continue (611999.3088089029 dimensionless) (-31.8247781997)
continue (3672982.5506507708 dimensionless) (-32.9003193589)
continue (3709712.3761572787 dimensionless) (-50.0000000000)
continue (7354000.0000000000) (-50.0000000000)
f(nu) = -21.0539917410 at 1.0000000000 Ryd
