# Puchwein et al 2019
# z = 0.398800
# E [Ryd] log (J_nu)
interpolate (0.0000000100) (-50.0000000000)
continue (0.0007810860) (-50.0000000000)
continue (0.0007889757) (-18.4886514845)
continue (0.0008276721) (-18.5138530032)
continue (0.0008678733) (-18.5395532161)
continue (0.0009112670) (-18.5660702344)
continue (0.0009556071) (-18.5929491852)
continue (0.0010026042) (-18.6201508212)
continue (0.0010517855) (-18.6474316138)
continue (0.0011034960) (-18.6751005029)
continue (0.0011577525) (-18.7031155245)
continue (0.0012145368) (-18.7309542903)
continue (0.0012741429) (-18.7589518493)
continue (0.0013367566) (-18.7867479478)
continue (0.0014023807) (-18.8144578451)
continue (0.0014712092) (-18.8419392061)
continue (0.0015434739) (-18.8696662315)
continue (0.0016194544) (-18.8968807465)
continue (0.0016988571) (-18.9237237446)
continue (0.0017822550) (-18.9500071431)
continue (0.0018700328) (-18.9759250127)
continue (0.0019618234) (-19.0016970599)
continue (0.0020579652) (-19.0268259473)
continue (0.0021594004) (-19.0514403379)
continue (0.0022651429) (-19.0755656365)
continue (0.0023768048) (-19.0990869323)
continue (0.0024932065) (-19.1220530484)
continue (0.0026155768) (-19.1443597191)
continue (0.0027439535) (-19.1660882849)
continue (0.0028792005) (-19.1872871332)
continue (0.0030204407) (-19.2078885909)
continue (0.0031685222) (-19.2280452510)
continue (0.0033245785) (-19.2476441958)
continue (0.0034874358) (-19.2668830186)
continue (0.0036582375) (-19.2855864077)
continue (0.0038385298) (-19.3039058400)
continue (0.0040268094) (-19.3217548481)
continue (0.0042246962) (-19.3392293565)
continue (0.0044322323) (-19.3560540873)
continue (0.0046493213) (-19.3724293358)
continue (0.0048783028) (-19.3881705205)
continue (0.0051194774) (-19.4034029044)
continue (0.0053698702) (-19.4180503416)
continue (0.0056320579) (-19.4317982759)
continue (0.0059096431) (-19.4445427828)
continue (0.0061990950) (-19.4560560575)
continue (0.0065044038) (-19.4663550212)
continue (0.0068259698) (-19.4749551930)
continue (0.0071584208) (-19.4818810529)
continue (0.0075125059) (-19.4867823999)
continue (0.0078829323) (-19.4895890520)
continue (0.0082692103) (-19.4897231556)
continue (0.0086704755) (-19.4874490071)
continue (0.0090944807) (-19.4828041021)
continue (0.0095460609) (-19.4758636234)
continue (0.0100150233) (-19.4671182806)
continue (0.0105069407) (-19.4568014144)
continue (0.0110229463) (-19.4451475656)
continue (0.0115643017) (-19.4323855573)
continue (0.0121324320) (-19.4187331947)
continue (0.0127271923) (-19.4042833801)
continue (0.0133518970) (-19.3891269996)
continue (0.0140087159) (-19.3733517315)
continue (0.0146954841) (-19.3570411206)
continue (0.0154190689) (-19.3402739048)
continue (0.0161744226) (-19.3231235680)
continue (0.0169695898) (-19.3057458880)
continue (0.0178051382) (-19.2882771082)
continue (0.0186773308) (-19.2709162430)
continue (0.0195971392) (-19.2539109569)
continue (0.0205564397) (-19.2376966367)
continue (0.0215684490) (-19.2228632875)
continue (0.0226289290) (-19.2095037230)
continue (0.0237370922) (-19.1974315017)
continue (0.0249048093) (-19.1867526991)
continue (0.0261257732) (-19.1774396631)
continue (0.0274065254) (-19.1696038235)
continue (0.0287556633) (-19.1632329526)
continue (0.0301644148) (-19.1582652210)
continue (0.0316522046) (-19.1547158737)
continue (0.0332094377) (-19.1524273409)
continue (0.0348343643) (-19.1514414279)
continue (0.0365530273) (-19.1516261162)
continue (0.0383368519) (-19.1538485235)
continue (0.0402325373) (-19.1594548124)
continue (0.0422078263) (-19.1677466298)
continue (0.0442792503) (-19.1774396631)
continue (0.0464458191) (-19.1884920201)
continue (0.0487308541) (-19.2009352806)
continue (0.0511373160) (-19.2151688219)
continue (0.0536354897) (-19.2314358905)
continue (0.0562510476) (-19.2487208960)
continue (0.0590198815) (-19.2661609993)
continue (0.0619488083) (-19.2833290244)
continue (0.0649513165) (-19.3003356798)
continue (0.0681575894) (-19.3181258779)
continue (0.0715280197) (-19.3369590251)
continue (0.0750013968) (-19.3566460380)
continue (0.0786931754) (-19.3771645205)
continue (0.0825422981) (-19.3983745204)
continue (0.0866223356) (-19.4205594029)
continue (0.0908541347) (-19.4433357379)
continue (0.0953507346) (-19.4659738939)
continue (0.1000293052) (-19.4891869895)
continue (0.1049484016) (-19.5124374397)
continue (0.1100962874) (-19.5353614409)
continue (0.1155110877) (-19.5587763258)
continue (0.1211791185) (-19.5831931282)
continue (0.1271298787) (-19.6080069277)
continue (0.1333821679) (-19.6330170240)
continue (0.1399365741) (-19.6589613683)
continue (0.1467891383) (-19.6857113391)
continue (0.1540082763) (-19.7128703793)
continue (0.1615721579) (-19.7408841558)
continue (0.1695065050) (-19.7692956864)
continue (0.1778428905) (-19.7975116829)
continue (0.1865820989) (-19.8256494025)
continue (0.1957188511) (-19.8551145817)
continue (0.2053328010) (-19.8863908489)
continue (0.2154295439) (-19.9182927299)
continue (0.2260086733) (-19.9515581964)
continue (0.2371238540) (-19.9825492705)
continue (0.2487761318) (-20.0076232402)
continue (0.2609584682) (-20.0304909014)
continue (0.2738182004) (-20.0550733900)
continue (0.2872846692) (-20.0808695861)
continue (0.3013448978) (-20.1079053973)
continue (0.3161925645) (-20.1362014613)
continue (0.3317316967) (-20.1653250255)
continue (0.3479446242) (-20.1958605677)
continue (0.3650909338) (-20.2278984307)
continue (0.3830462256) (-20.2615365605)
continue (0.4017931970) (-20.2986047310)
continue (0.4214925859) (-20.3391345220)
continue (0.4421479723) (-20.3815335078)
continue (0.4639852194) (-20.4257371703)
continue (0.4867879118) (-20.4723700991)
continue (0.5105137091) (-20.5214335044)
continue (0.5357242627) (-20.5728385971)
continue (0.5621634613) (-20.6254349393)
continue (0.5898168096) (-20.6744843366)
continue (0.6186469591) (-20.7265357274)
continue (0.6490505490) (-20.7878123956)
continue (0.6810664954) (-20.8541822855)
continue (0.7141590680) (-20.9295926783)
continue (0.7493222477) (-20.9991322785)
continue (0.7494721272) (-21.1490476002)
continue (0.7862527790) (-21.2434399570)
continue (0.8246759917) (-21.3675427078)
continue (0.8288690942) (-21.3868804892)
continue (0.8329222993) (-21.4029413682)
continue (0.8369692137) (-21.4189200282)
continue (0.8410245965) (-21.4348194774)
continue (0.8450724461) (-21.4506423315)
continue (0.8491277985) (-21.4662139651)
continue (0.8531743306) (-21.4816663956)
continue (0.8572273582) (-21.4970460372)
continue (0.8612783740) (-21.5127866551)
continue (0.8654007320) (-21.5288550348)
continue (0.8695793374) (-21.5512040485)
continue (0.8738320076) (-21.5714796977)
continue (0.8780757090) (-21.5903424115)
continue (0.8823266565) (-21.6091990859)
continue (0.8865758338) (-21.6280570388)
continue (0.8880856269) (-21.6362000545)
continue (0.8882632618) (-21.6317131151)
continue (0.8908313008) (-21.6427724095)
continue (0.8950838547) (-21.6619540888)
continue (0.8993328242) (-21.6804068044)
continue (0.9035775261) (-21.6988288816)
continue (0.9076364251) (-21.7171513972)
continue (0.9122887342) (-21.7435564800)
continue (0.9167472861) (-21.7672477725)
continue (0.9212067921) (-21.7891012032)
continue (0.9256657008) (-21.8115299458)
continue (0.9301243111) (-21.8345924360)
continue (0.9345829462) (-21.8583401855)
continue (0.9369417514) (-21.8719239873)
continue (0.9371291585) (-21.8693446510)
continue (0.9390419537) (-21.8789689842)
continue (0.9435007297) (-21.9006992738)
continue (0.9479596448) (-21.9229629387)
continue (0.9524111317) (-21.9457700901)
continue (0.9531313595) (-21.9512126076)
continue (0.9538446901) (-21.9553269928)
continue (0.9545580893) (-21.9593422889)
continue (0.9552715550) (-21.9632593521)
continue (0.9559850851) (-21.9670751654)
continue (0.9566986776) (-21.9707948474)
continue (0.9574113244) (-21.9744238091)
continue (0.9581250337) (-21.9779594912)
continue (0.9588387990) (-21.9814035115)
continue (0.9594354567) (-21.9846402446)
continue (0.9596273630) (-21.9833844524)
continue (0.9607716931) (-21.9887933828)
continue (0.9619918385) (-21.9940905535)
continue (0.9632120325) (-21.9991452815)
continue (0.9644322638) (-22.0039763076)
continue (0.9656525208) (-22.0085873950)
continue (0.9668727920) (-22.0129887982)
continue (0.9680930657) (-22.0171898525)
continue (0.9693133303) (-22.0211988537)
continue (0.9705335740) (-22.0250238652)
continue (0.9716099949) (-22.0286777548)
continue (0.9718043363) (-22.0276120009)
continue (0.9724931975) (-22.0297382241)
continue (0.9732326966) (-22.0318071449)
continue (0.9739722802) (-22.0338174220)
continue (0.9747119461) (-22.0357705498)
continue (0.9754506480) (-22.0376690279)
continue (0.9761904704) (-22.0395135254)
continue (0.9769303686) (-22.0413061823)
continue (0.9776692914) (-22.0430482403)
continue (0.9784093329) (-22.0447414658)
continue (0.9790220836) (-22.0463852583)
continue (0.9792179076) (-22.0455645137)
continue (0.9796262717) (-22.0466235647)
continue (0.9801046187) (-22.0476430380)
continue (0.9805823779) (-22.0486440217)
continue (0.9810606032) (-22.0496263819)
continue (0.9815392951) (-22.0505914508)
continue (0.9820173961) (-22.0515386190)
continue (0.9824949039) (-22.0524687444)
continue (0.9829728762) (-22.0533822040)
continue (0.9834513138) (-22.0542793806)
continue (0.9837787230) (-22.0551720037)
continue (0.9839754984) (-22.0545314149)
continue (0.9842532892) (-22.0551143120)
continue (0.9845776371) (-22.0556950301)
continue (0.9849011343) (-22.0562686158)
continue (0.9852259094) (-22.0568350398)
continue (0.9855498328) (-22.0573947685)
continue (0.9858739693) (-22.0579477753)
continue (0.9861983191) (-22.0584940333)
continue (0.9865228824) (-22.0590340139)
continue (0.9868465907) (-22.0595671945)
continue (0.9870824973) (-22.0600815796)
continue (0.9872799335) (-22.0595831353)
continue (0.9874069046) (-22.0599529262)
continue (0.9876423407) (-22.0603290204)
continue (0.9878789599) (-22.0607014450)
continue (0.9881146211) (-22.0610706902)
continue (0.9883503948) (-22.0614367475)
continue (0.9885862810) (-22.0617996086)
continue (0.9888222799) (-22.0621597665)
continue (0.9890583914) (-22.0625162110)
continue (0.9892935417) (-22.0628699366)
continue (0.9894406051) (-22.0632350024)
continue (0.9896385130) (-22.0627831091)
continue (0.9991962399) (-22.0748942732)
continue (1.0439534549) (-22.1084625423)
continue (1.0951411739) (-22.1438755558)
continue (1.1489937849) (-22.1777665198)
continue (1.2053795910) (-22.2111248842)
continue (1.2645947416) (-22.2442013430)
continue (1.3266370226) (-22.2768728412)
continue (1.3918847882) (-22.3095381068)
continue (1.4601297401) (-22.3424661124)
continue (1.5320561043) (-22.3760274880)
continue (1.6071727880) (-22.4101620569)
continue (1.6862823294) (-22.4451475656)
continue (1.7691069129) (-22.4783389849)
continue (1.8559408774) (-22.5120136689)
continue (1.9471516470) (-22.5466816600)
continue (2.0427414724) (-22.5825283068)
continue (2.1431490377) (-22.6196078399)
continue (2.2483764392) (-22.6585654754)
continue (2.3583513737) (-22.6983190507)
continue (2.4742518893) (-22.7399286120)
continue (2.5962021961) (-22.7833064008)
continue (2.7234517956) (-22.8285660991)
continue (2.8575320502) (-22.8754957752)
continue (2.9972889909) (-22.9233595563)
continue (2.9978885086) (-22.9905491042)
continue (3.1444684983) (-23.0421533663)
continue (3.2993011253) (-23.0954467370)
continue (3.3154824080) (-23.0970044823)
continue (3.3316770164) (-23.1022816615)
continue (3.3478830047) (-23.1077996205)
continue (3.3640859670) (-23.1135070188)
continue (3.3802960540) (-23.1193767390)
continue (3.3964985345) (-23.1253767262)
continue (3.4127037129) (-23.1314807552)
continue (3.4289094326) (-23.1376628568)
continue (3.4451134960) (-23.1439003560)
continue (3.4609455785) (-23.1501508044)
continue (3.4783173495) (-23.1508859897)
continue (3.4953146235) (-23.1563070015)
continue (3.5123163736) (-23.1619945111)
continue (3.5293202949) (-23.1679000275)
continue (3.5463240368) (-23.1739906705)
continue (3.5537279767) (-23.1767214430)
continue (3.5544387934) (-23.1646265475)
continue (3.5633252031) (-23.1680195875)
continue (3.5803213519) (-23.1743240238)
continue (3.5973241965) (-23.1807127689)
continue (3.6143172719) (-23.1871661599)
continue (3.6319927095) (-23.1936843302)
continue (3.6491549368) (-23.1932483552)
continue (3.6669965225) (-23.1987486285)
continue (3.6848197184) (-23.2045496255)
continue (3.7026665643) (-23.2105976954)
continue (3.7204896494) (-23.2168535241)
continue (3.7383317846) (-23.2232748506)
continue (3.7481524197) (-23.2268720760)
continue (3.7489021252) (-23.2203313728)
continue (3.7561600736) (-23.2232675886)
continue (3.7740029190) (-23.2298817559)
continue (3.7918425237) (-23.2365690113)
continue (3.8096445268) (-23.2432878398)
continue (3.8125294258) (-23.2373581916)
continue (3.8153867477) (-23.2381307727)
continue (3.8182323571) (-23.2389145174)
continue (3.8210822144) (-23.2397087295)
continue (3.8239363290) (-23.2405119527)
continue (3.8267947105) (-23.2413257483)
continue (3.8296412741) (-23.2421486563)
continue (3.8324920757) (-23.2429807256)
continue (3.8353471248) (-23.2438220059)
continue (3.8381459698) (-23.2446588162)
continue (3.8389136758) (-23.2404832405)
continue (3.8430948760) (-23.2419643895)
continue (3.8479632917) (-23.2434544109)
continue (3.8528440576) (-23.2449671198)
continue (3.8577372208) (-23.2465012039)
continue (3.8626100831) (-23.2480561029)
continue (3.8674952713) (-23.2496297065)
continue (3.8723763766) (-23.2512229729)
continue (3.8772533211) (-23.2528329888)
continue (3.8821260270) (-23.2544599191)
continue (3.8872689984) (-23.2560984495)
continue (3.8880465300) (-23.2531323721)
continue (3.8899644875) (-23.2541674168)
continue (3.8929224712) (-23.2551736709)
continue (3.8958849568) (-23.2561838287)
continue (3.8988519547) (-23.2571994823)
continue (3.9018067686) (-23.2582198780)
continue (3.9047660647) (-23.2592450434)
continue (3.9077130959) (-23.2602742161)
continue (3.9106813613) (-23.2613082115)
continue (3.9136373315) (-23.2623462637)
continue (3.9156676117) (-23.2633645023)
continue (3.9164508235) (-23.2612194415)
continue (3.9185008743) (-23.2618761345)
continue (3.9204226914) (-23.2625521053)
continue (3.9223295118) (-23.2632299261)
continue (3.9242381880) (-23.2639080090)
continue (3.9261487226) (-23.2645887497)
continue (3.9280611185) (-23.2652705590)
continue (3.9299753783) (-23.2659534404)
continue (3.9318915048) (-23.2666373973)
continue (3.9338095006) (-23.2673232367)
continue (3.9359648088) (-23.2680085510)
continue (3.9367520805) (-23.2663213443)
continue (3.9370216616) (-23.2667778500)
continue (3.9383148035) (-23.2672436752)
continue (3.9396087952) (-23.2677108051)
continue (3.9409036375) (-23.2681784380)
continue (3.9421993313) (-23.2686457688)
continue (3.9434958773) (-23.2691144101)
continue (3.9447932764) (-23.2695835576)
continue (3.9460915295) (-23.2700532124)
continue (3.9473906374) (-23.2705225660)
continue (3.9479023104) (-23.2709972907)
continue (3.9486919698) (-23.2696215314)
continue (3.9496318982) (-23.2699723406)
continue (3.9505736443) (-23.2703145312)
continue (3.9515158397) (-23.2706569917)
continue (3.9524584845) (-23.2709997224)
continue (3.9534015792) (-23.2713427238)
continue (3.9543451241) (-23.2716859963)
continue (3.9552891195) (-23.2720295404)
continue (3.9562335657) (-23.2723733564)
continue (3.9571784630) (-23.2727174448)
continue (3.9581922382) (-23.2730284163)
continue (3.9589839558) (-23.2719710456)
continue (3.9963853212) (-23.2861735756)
continue (3.9971846782) (-23.2861735756)
continue (4.1935893733) (-23.3569423162)
continue (4.3980066159) (-23.3855246339)
continue (4.6140099788) (-23.4040630937)
continue (4.8420136600) (-23.4211316713)
continue (5.0795260358) (-23.4386600585)
continue (5.3290466130) (-23.4563043677)
continue (5.5905949130) (-23.4744369417)
continue (5.8640088212) (-23.4930892744)
continue (6.1530517948) (-23.5121548799)
continue (6.4537320879) (-23.5318004139)
continue (6.7752191139) (-23.5517575874)
continue (7.1026264288) (-23.5720272864)
continue (7.4571765206) (-23.5929491852)
continue (7.8220340843) (-23.6142150412)
continue (8.2022229596) (-23.6360121703)
continue (8.6049761172) (-23.6583676642)
continue (9.0313872232) (-23.6813107301)
continue (9.4736144175) (-23.7048729147)
continue (9.9396484600) (-23.7290883606)
continue (10.4275886350) (-23.7539940959)
continue (10.9395794816) (-23.7796303675)
continue (11.4769139901) (-23.8057632513)
continue (12.0410540541) (-23.8326826653)
continue (12.6319236321) (-23.8601209136)
continue (13.2528646134) (-23.8880657237)
continue (13.9039818556) (-23.9168558569)
continue (14.5849387135) (-23.9457700901)
continue (15.3025519868) (-23.9755143323)
continue (16.0547387388) (-24.0059029104)
continue (16.8410085163) (-24.0366372339)
continue (17.6704861512) (-24.0677799861)
continue (18.5367569328) (-24.0993598160)
continue (19.4465849513) (-24.1313555616)
continue (20.4045448011) (-24.1636758843)
continue (21.4063183185) (-24.1962698290)
continue (22.4560613804) (-24.2292216038)
continue (23.5591254089) (-24.2624098337)
continue (24.7156759104) (-24.2957636627)
continue (25.9324692890) (-24.3293831136)
continue (27.2019991288) (-24.3632113110)
continue (28.5395230447) (-24.3972890550)
continue (29.9463348937) (-24.4314462880)
continue (31.4121672119) (-24.4657199948)
continue (32.9572141344) (-24.5000381344)
continue (34.5700671782) (-24.5340226317)
continue (36.2765513860) (-24.5676722077)
continue (38.0487252951) (-24.6008456660)
continue (39.9153294269) (-24.6335770428)
continue (41.8780777030) (-24.6641410887)
continue (43.9376552949) (-24.6918626214)
continue (46.0934229042) (-24.7178312217)
continue (48.3687351813) (-24.7413627173)
continue (50.7386954798) (-24.7622050067)
continue (53.2282109122) (-24.7806774916)
continue (55.8374369373) (-24.7972393126)
continue (58.6023775445) (-24.8116340739)
continue (61.4475368049) (-24.8244881866)
continue (64.4916469085) (-24.8356471442)
continue (67.6515939730) (-24.8455760269)
continue (70.9709478829) (-24.8541822855)
continue (74.4499159164) (-24.8616973018)
continue (78.0862871308) (-24.8690233084)
continue (81.9484685986) (-24.8764750191)
continue (85.9685821525) (-24.8840568231)
continue (90.2244525561) (-24.8921119748)
continue (94.6279305105) (-24.8996294549)
continue (99.2773690834) (-24.9076303004)
continue (104.1567002876) (-24.9154237221)
continue (109.2777276432) (-24.9233595563)
continue (114.6391962280) (-24.9310723883)
continue (120.2675162751) (-24.9385475209)
continue (126.1793091687) (-24.9461535731)
continue (132.3746325997) (-24.9535048357)
continue (138.8703094813) (-24.9609826780)
continue (145.6861663975) (-24.9681877287)
continue (152.8458522000) (-24.9751040399)
continue (160.3496341398) (-24.9821322810)
continue (168.2235500861) (-24.9892761346)
continue (176.4995101330) (-24.9961088338)
continue (185.1792259330) (-25.0029195645)
continue (194.2585740389) (-25.0097943848)
continue (203.8172603034) (-25.0166895142)
continue (213.8120532183) (-25.0236958834)
continue (224.3394807525) (-25.0308171408)
continue (235.3478746943) (-25.0381045263)
continue (246.8889110855) (-25.0455645137)
continue (259.0298382082) (-25.0532530650)
continue (271.6955786573) (-25.0611301785)
continue (285.0381516473) (-25.0691528083)
continue (299.0702234383) (-25.0772745420)
continue (313.7971662591) (-25.0854981772)
continue (329.2149461042) (-25.0938266364)
continue (345.3076812491) (-25.1022080181)
continue (362.3327915771) (-25.1105862360)
continue (380.1697834028) (-25.1189578918)
continue (398.8039259591) (-25.1272611725)
continue (418.3962216788) (-25.1354889189)
continue (438.9532614723) (-25.1435127871)
continue (460.4684036465) (-25.1514414279)
continue (483.1744277924) (-25.1591414460)
continue (506.8225644140) (-25.1661519505)
continue (531.6610098112) (-25.1722431370)
continue (557.6909246123) (-25.1773743212)
continue (585.2710152964) (-25.1820381955)
continue (614.0613010893) (-25.1867526991)
continue (644.0049263721) (-25.1915189434)
continue (675.5129509388) (-25.1963380768)
continue (709.1571757327) (-25.2014874670)
continue (743.8914047481) (-25.2068384708)
continue (780.1943243292) (-25.2126103786)
continue (818.7484014523) (-25.2186755443)
continue (858.8755615612) (-25.2252641174)
continue (901.3520977413) (-25.2323247760)
continue (945.2976875689) (-25.2399546720)
continue (991.6932972211) (-25.2481822123)
continue (1040.3778637019) (-25.2571178286)
continue (1091.4684043795) (-25.2668027349)
continue (1145.0954647103) (-25.2773660775)
continue (1201.4066853216) (-25.2888679277)
continue (1260.3969167586) (-25.3012906506)
continue (1322.2097661295) (-25.3147958655)
continue (1387.2232772362) (-25.3292904048)
continue (1455.2331057433) (-25.3447654930)
continue (1526.6660593340) (-25.3613111133)
continue (1601.8051868807) (-25.3788237182)
continue (1680.3742777364) (-25.3972890550)
continue (1762.9463548393) (-25.4168012260)
continue (1849.5371845270) (-25.4369938129)
continue (1940.5173995240) (-25.4580465255)
continue (2035.8958239867) (-25.4797785641)
continue (2135.6151179200) (-25.5022412817)
continue (2240.6367612895) (-25.5253467466)
continue (2350.4435667177) (-25.5489815478)
continue (2466.2164298145) (-25.5731635462)
continue (2587.3565326986) (-25.5979106494)
continue (2714.5277653156) (-25.6230582429)
continue (2847.7092838014) (-25.6485902481)
continue (2987.7605600540) (-25.6746896283)
continue (3133.6553329314) (-25.7011469236)
continue (3288.5852429320) (-25.7281583935)
continue (3449.1558320078) (-25.7554754884)
continue (3619.0110040368) (-25.7833064008)
continue (3796.9457117352) (-25.8116340739)
continue (3982.8101871349) (-25.8401321529)
continue (4178.2071105752) (-25.8690233084)
continue (4383.1985128257) (-25.8985966494)
continue (4600.0351883718) (-25.9281179927)
continue (4826.6259047482) (-25.9582126810)
continue (5062.5942823136) (-25.9888526392)
continue (5310.4135828465) (-26.0197238589)
continue (5573.4982924554) (-26.0509028749)
continue (5845.2018654038) (-26.0824419792)
continue (6132.3483904203) (-26.1143561282)
continue (6435.5012063309) (-26.1465451586)
continue (6750.1257097515) (-26.1790764121)
continue (7080.5514437953) (-26.2119731159)
continue (7426.7886782107) (-26.2451167717)
continue (7795.2692114325) (-26.2785191452)
continue (8180.1343879395) (-26.3122035886)
continue (8580.6682751079) (-26.3462088126)
continue (8995.7252795307) (-26.3804892792)
continue (9442.2025781417) (-26.4149907201)
continue (9905.0757697441) (-26.4498940007)
continue (10391.9143667061) (-26.4849213249)
continue (10902.9309741141) (-26.5202807646)
continue (11438.0189634299) (-26.5559552041)
continue (11999.8284279228) (-26.5920994599)
continue (12588.2990857364) (-26.6285626826)
continue (13206.7676929921) (-26.6655462488)
continue (13855.3591427164) (-26.7028963499)
continue (14536.0818442568) (-26.7408841558)
continue (15251.3300555055) (-26.7791077508)
continue (15998.3667629294) (-26.8181564121)
continue (16785.1716856964) (-26.8579235389)
continue (17609.0235906562) (-26.8982529261)
continue (18476.6214682980) (-26.9393021596)
continue (19380.4119697247) (-26.9812995013)
continue (20336.2412590149) (-27.0240170563)
continue (21331.1556839058) (-27.0676784680)
continue (22378.8548825259) (-27.1123264475)
continue (23480.2105337917) (-27.1579527115)
continue (24635.4952910640) (-27.2045371056)
continue (25844.2135795932) (-27.2521222942)
continue (27112.9714613644) (-27.3012906506)
continue (28441.5409118744) (-27.3516399890)
continue (29838.4731767013) (-27.4030731857)
continue (31304.2587020425) (-27.4558078892)
continue (32838.4493987912) (-27.5100415206)
continue (34452.4374599794) (-27.5655907924)
continue (36147.0436658650) (-27.6225116166)
continue (37922.0545491659) (-27.6811022854)
continue (39793.3175029020) (-27.7416021959)
continue (41743.7916086329) (-27.8038238150)
continue (43789.8592415404) (-27.8677403105)
continue (45953.9571768258) (-27.9333014496)
continue (48189.6864524831) (-28.0010870956)
continue (50569.7542073505) (-28.0707343817)
continue (53042.3149485714) (-28.1426071891)
continue (55666.8888708892) (-28.2166682371)
continue (58377.1281753015) (-28.2930263238)
continue (61241.0598666973) (-28.3721223054)
continue (64264.2433580011) (-28.4538276317)
continue (67401.4031668977) (-28.5382014425)
continue (70750.5412124578) (-28.6252516540)
continue (74207.4080469427) (-28.7151182853)
continue (77819.5534429083) (-28.8079904073)
continue (81654.7464889298) (-28.9037854147)
continue (85725.9615067221) (-29.0025699262)
continue (89868.5375558636) (-29.1050197091)
continue (94314.5281325250) (-29.2105603154)
continue (98943.2107292569) (-29.3194831906)
continue (103800.7712514473) (-29.4317982759)
continue (108899.0165889647) (-29.5469876089)
continue (114251.1247262358) (-29.6657473577)
continue (119856.2371190920) (-29.7867479478)
continue (125744.0279862641) (-29.9100948886)
continue (131933.8310143994) (-30.0357875270)
continue (138406.2835383439) (-30.1612768100)
continue (145198.6887852862) (-30.2858379539)
continue (152334.8329683143) (-30.4072682336)
continue (159815.3228369794) (-30.5224446678)
continue (167666.4159735890) (-30.6296719922)
continue (175886.3097503294) (-30.7239980100)
continue (184541.7113844586) (-30.8049310035)
continue (193598.2517137149) (-30.8732194230)
continue (203090.4771153235) (-30.9273825235)
continue (213112.0137550178) (-30.9702105292)
continue (223568.9329775408) (-31.0074464822)
continue (234560.3528485087) (-31.0428238696)
continue (246022.4003284170) (-31.0782095143)
continue (258149.2835174097) (-31.1136220932)
continue (270807.4207478325) (-31.1490476002)
continue (284149.3516733571) (-31.1844222517)
continue (298091.9106367211) (-31.2198267564)
continue (312720.3057022843) (-31.2552377629)
continue (328029.8671045559) (-31.2906452242)
continue (344134.0524231330) (-31.3260580014)
continue (361040.7966784692) (-31.3614109167)
continue (378747.7019187267) (-31.3968556274)
continue (397412.5472378789) (-31.4322680375)
continue (416865.0369700166) (-31.4676278664)
continue (437478.1424946981) (-31.5030703519)
continue (458845.4032308441) (-31.5383514319)
continue (481387.7289046257) (-31.5738141748)
continue (505136.9017829581) (-31.6092414713)
continue (529806.3783816607) (-31.6445484799)
continue (555989.6100161417) (-31.6800615600)
continue (583397.5485380642) (-31.7153437172)
continue (611999.3088089029) (-31.7508016426)
continue (3672982.5506507708) (-32.8265223565)
continue (3709712.3761572787) (-50.0000000000)
continue (7354000.0000000000) (-50.0000000000)
f(nu) = -20.9762872356 at 1.0000000000 Ryd
