# Puchwein et al 2019
# z = 3.421000
# E [Ryd] log (J_nu)
interpolate (0.0000000100) (-50.0000000000)
continue (0.0007810860) (-50.0000000000)
continue (0.0007889757) (-17.8184422261)
continue (0.0008276721) (-17.8398317070)
continue (0.0008678733) (-17.8626458886)
continue (0.0009112670) (-17.8873949985)
continue (0.0009556071) (-17.9132843361)
continue (0.0010026042) (-17.9400581119)
continue (0.0010517855) (-17.9673812391)
continue (0.0011034960) (-17.9956786262)
continue (0.0011577525) (-18.0247980377)
continue (0.0012145368) (-18.0546791592)
continue (0.0012741429) (-18.0847585027)
continue (0.0013367566) (-18.1152046361)
continue (0.0014023807) (-18.1460585541)
continue (0.0014712092) (-18.1774396631)
continue (0.0015434739) (-18.2093630381)
continue (0.0016194544) (-18.2415423114)
continue (0.0016988571) (-18.2736803879)
continue (0.0017822550) (-18.3057458880)
continue (0.0018700328) (-18.3377144843)
continue (0.0019618234) (-18.3697755892)
continue (0.0020579652) (-18.4018663542)
continue (0.0021594004) (-18.4340341826)
continue (0.0022651429) (-18.4664821380)
continue (0.0023768048) (-18.4988037580)
continue (0.0024932065) (-18.5309147009)
continue (0.0026155768) (-18.5627252026)
continue (0.0027439535) (-18.5941416007)
continue (0.0028792005) (-18.6252516540)
continue (0.0030204407) (-18.6560009309)
continue (0.0031685222) (-18.6861327796)
continue (0.0033245785) (-18.7157949323)
continue (0.0034874358) (-18.7449688367)
continue (0.0036582375) (-18.7734000948)
continue (0.0038385298) (-18.8010681301)
continue (0.0040268094) (-18.8282735463)
continue (0.0042246962) (-18.8541822855)
continue (0.0044322323) (-18.8794260688)
continue (0.0046493213) (-18.9034375616)
continue (0.0048783028) (-18.9270152554)
continue (0.0051194774) (-18.9500071431)
continue (0.0053698702) (-18.9730583720)
continue (0.0056320579) (-18.9956786262)
continue (0.0059096431) (-19.0183172726)
continue (0.0061990950) (-19.0407200499)
continue (0.0065044038) (-19.0630843191)
continue (0.0068259698) (-19.0856568429)
continue (0.0071584208) (-19.1086856006)
continue (0.0075125059) (-19.1325325121)
continue (0.0078829323) (-19.1565180570)
continue (0.0082692103) (-19.1789452450)
continue (0.0086704755) (-19.1990768182)
continue (0.0090944807) (-19.2162393043)
continue (0.0095460609) (-19.2307704183)
continue (0.0100150233) (-19.2431357759)
continue (0.0105069407) (-19.2532101678)
continue (0.0110229463) (-19.2610609688)
continue (0.0115643017) (-19.2664817486)
continue (0.0121324320) (-19.2694599635)
continue (0.0127271923) (-19.2699448476)
continue (0.0133518970) (-19.2676866725)
continue (0.0140087159) (-19.2625687995)
continue (0.0146954841) (-19.2544567980)
continue (0.0154190689) (-19.2431357759)
continue (0.0161744226) (-19.2285595134)
continue (0.0169695898) (-19.2111248842)
continue (0.0178051382) (-19.1908444683)
continue (0.0186773308) (-19.1678744575)
continue (0.0195971392) (-19.1422454779)
continue (0.0205564397) (-19.1148650339)
continue (0.0215684490) (-19.0899628764)
continue (0.0226289290) (-19.0681354865)
continue (0.0237370922) (-19.0466753036)
continue (0.0249048093) (-19.0256264929)
continue (0.0261257732) (-19.0048915423)
continue (0.0274065254) (-18.9842212436)
continue (0.0287556633) (-18.9641701747)
continue (0.0301644148) (-18.9438577379)
continue (0.0316522046) (-18.9233595563)
continue (0.0332094377) (-18.9020489290)
continue (0.0348343643) (-18.8787685449)
continue (0.0365530273) (-18.8529423290)
continue (0.0383368519) (-18.8271053022)
continue (0.0402325373) (-18.8096683018)
continue (0.0422078263) (-18.8002448227)
continue (0.0442792503) (-18.7929044596)
continue (0.0464458191) (-18.7875460390)
continue (0.0487308541) (-18.7838340977)
continue (0.0511373160) (-18.7835701691)
continue (0.0536354897) (-18.7883455994)
continue (0.0562510476) (-18.7966950839)
continue (0.0590198815) (-18.8054856581)
continue (0.0619488083) (-18.8121973613)
continue (0.0649513165) (-18.8161609629)
continue (0.0681575894) (-18.8204482088)
continue (0.0715280197) (-18.8256494025)
continue (0.0750013968) (-18.8323873273)
continue (0.0786931754) (-18.8401321529)
continue (0.0825422981) (-18.8492435601)
continue (0.0866223356) (-18.8601209136)
continue (0.0908541347) (-18.8719239873)
continue (0.0953507346) (-18.8823973083)
continue (0.1000293052) (-18.8938091027)
continue (0.1049484016) (-18.9048306486)
continue (0.1100962874) (-18.9129287941)
continue (0.1155110877) (-18.9211808169)
continue (0.1211791185) (-18.9303319031)
continue (0.1271298787) (-18.9393021596)
continue (0.1333821679) (-18.9461535731)
continue (0.1399365741) (-18.9542859411)
continue (0.1467891383) (-18.9629721202)
continue (0.1540082763) (-18.9730583720)
continue (0.1615721579) (-18.9838026465)
continue (0.1695065050) (-18.9961088338)
continue (0.1778428905) (-19.0098832339)
continue (0.1865820989) (-19.0224135620)
continue (0.1957188511) (-19.0372046301)
continue (0.2053328010) (-19.0597326086)
continue (0.2154295439) (-19.0859743483)
continue (0.2260086733) (-19.1178740802)
continue (0.2371238540) (-19.1477030342)
continue (0.2487761318) (-19.1589535346)
continue (0.2609584682) (-19.1612768100)
continue (0.2738182004) (-19.1661519505)
continue (0.2872846692) (-19.1706318920)
continue (0.3013448978) (-19.1745738822)
continue (0.3161925645) (-19.1779627519)
continue (0.3317316967) (-19.1797985405)
continue (0.3479446242) (-19.1812464095)
continue (0.3650909338) (-19.1823024452)
continue (0.3830462256) (-19.1839576591)
continue (0.4017931970) (-19.1901710389)
continue (0.4214925859) (-19.2003837955)
continue (0.4421479723) (-19.2131776205)
continue (0.4639852194) (-19.2281186798)
continue (0.4867879118) (-19.2427558490)
continue (0.5105137091) (-19.2633645023)
continue (0.5357242627) (-19.2881927710)
continue (0.5621634613) (-19.3093609883)
continue (0.5898168096) (-19.3307761261)
continue (0.6186469591) (-19.3566460380)
continue (0.6490505490) (-19.3934036908)
continue (0.6810664954) (-19.4359260210)
continue (0.7141590680) (-19.4878494631)
continue (0.7493222477) (-19.5298836468)
continue (0.7494721272) (-19.7532552903)
continue (0.7862527790) (-19.8407336689)
continue (0.8246759917) (-19.9821322810)
continue (0.8288690942) (-20.0049227275)
continue (0.8329222993) (-20.0248904702)
continue (0.8369692137) (-20.0450848553)
continue (0.8410245965) (-20.0655177089)
continue (0.8450724461) (-20.0862062739)
continue (0.8491277985) (-20.1070104485)
continue (0.8531743306) (-20.1279894881)
continue (0.8572273582) (-20.1491712647)
continue (0.8612783740) (-20.1712009453)
continue (0.8654007320) (-20.1941594512)
continue (0.8695793374) (-20.2258700572)
continue (0.8738320076) (-20.2566360698)
continue (0.8780757090) (-20.2862231018)
continue (0.8823266565) (-20.3167439740)
continue (0.8865758338) (-20.3483014669)
continue (0.8880856269) (-20.3624102142)
continue (0.8882632618) (-20.2850000326)
continue (0.8908313008) (-20.3015227651)
continue (0.8950838547) (-20.3308672919)
continue (0.8993328242) (-20.3598257586)
continue (0.9035775261) (-20.3896635495)
continue (0.9076364251) (-20.4204450396)
continue (0.9122887342) (-20.4658393089)
continue (0.9167472861) (-20.5102552067)
continue (0.9212067921) (-20.5531414249)
continue (0.9256657008) (-20.5995725410)
continue (0.9301243111) (-20.6503029544)
continue (0.9345829462) (-20.7063435948)
continue (0.9369417514) (-20.7401673009)
continue (0.9371291585) (-20.6996219351)
continue (0.9390419537) (-20.7224732980)
continue (0.9435007297) (-20.7770885302)
continue (0.9479596448) (-20.8379795488)
continue (0.9524111317) (-20.9069286936)
continue (0.9531313595) (-20.9195863840)
continue (0.9538446901) (-20.9332046194)
continue (0.9545580893) (-20.9467640092)
continue (0.9552715550) (-20.9602687039)
continue (0.9559850851) (-20.9737160259)
continue (0.9566986776) (-20.9871037490)
continue (0.9574113244) (-21.0004279909)
continue (0.9581250337) (-21.0136887724)
continue (0.9588387990) (-21.0268846210)
continue (0.9594354567) (-21.0400051617)
continue (0.9596273630) (-21.0148430787)
continue (0.9607716931) (-21.0358667627)
continue (0.9619918385) (-21.0566578601)
continue (0.9632120325) (-21.0771853055)
continue (0.9644322638) (-21.0974396322)
continue (0.9656525208) (-21.1174105789)
continue (0.9668727920) (-21.1370866406)
continue (0.9680930657) (-21.1564576560)
continue (0.9693133303) (-21.1755122963)
continue (0.9705335740) (-21.1942409527)
continue (0.9716099949) (-21.2126103786)
continue (0.9718043363) (-21.1952473978)
continue (0.9724931975) (-21.2057818156)
continue (0.9732326966) (-21.2162042934)
continue (0.9739722802) (-21.2264914754)
continue (0.9747119461) (-21.2366409000)
continue (0.9754506480) (-21.2466506192)
continue (0.9761904704) (-21.2565184575)
continue (0.9769303686) (-21.2662435696)
continue (0.9776692914) (-21.2758241116)
continue (0.9784093329) (-21.2852571025)
continue (0.9790220836) (-21.2945639534)
continue (0.9792179076) (-21.2817474999)
continue (0.9796262717) (-21.2875195042)
continue (0.9801046187) (-21.2932122584)
continue (0.9805823779) (-21.2988405993)
continue (0.9810606032) (-21.3044062620)
continue (0.9815392951) (-21.3099076312)
continue (0.9820173961) (-21.3153440105)
continue (0.9824949039) (-21.3207165894)
continue (0.9829728762) (-21.3260239584)
continue (0.9834513138) (-21.3312656692)
continue (0.9837787230) (-21.3364875296)
continue (0.9839754984) (-21.3266104218)
continue (0.9842532892) (-21.3300289158)
continue (0.9845776371) (-21.3333968537)
continue (0.9849011343) (-21.3367354724)
continue (0.9852259094) (-21.3400429383)
continue (0.9855498328) (-21.3433212095)
continue (0.9858739693) (-21.3465684640)
continue (0.9861983191) (-21.3497857582)
continue (0.9865228824) (-21.3529732191)
continue (0.9868465907) (-21.3561309952)
continue (0.9870824973) (-21.3592205227)
continue (0.9872799335) (-21.3514448443)
continue (0.9874069046) (-21.3536619621)
continue (0.9876423407) (-21.3558648333)
continue (0.9878789599) (-21.3580502109)
continue (0.9881146211) (-21.3602207595)
continue (0.9883503948) (-21.3623751999)
continue (0.9885862810) (-21.3645132373)
continue (0.9888222799) (-21.3666355856)
continue (0.9890583914) (-21.3687429772)
continue (0.9892935417) (-21.3708331027)
continue (0.9894406051) (-21.3729415360)
continue (0.9896385130) (-21.3665315444)
continue (0.9991962399) (-21.4369938129)
continue (1.0439534549) (-21.5171264164)
continue (1.0951411739) (-21.5636782999)
continue (1.1489937849) (-21.5890541413)
continue (1.2053795910) (-21.5972229304)
continue (1.2645947416) (-21.6199697520)
continue (1.3266370226) (-21.6597542384)
continue (1.3918847882) (-21.6876110506)
continue (1.4601297401) (-21.7207894874)
continue (1.5320561043) (-21.7715996413)
continue (1.6071727880) (-21.8492435601)
continue (1.6862823294) (-21.8867253075)
continue (1.7691069129) (-21.9003193589)
continue (1.8559408774) (-21.9527251326)
continue (1.9471516470) (-21.9948194875)
continue (2.0427414724) (-22.0411495483)
continue (2.1431490377) (-22.0680338853)
continue (2.2483764392) (-22.1067932469)
continue (2.3583513737) (-22.1533536714)
continue (2.4742518893) (-22.1966794764)
continue (2.5962021961) (-22.2304011516)
continue (2.7234517956) (-22.2585332382)
continue (2.8575320502) (-22.3035562369)
continue (2.9972889909) (-22.3189397564)
continue (2.9978885086) (-22.4522252946)
continue (3.1444684983) (-22.5353614409)
continue (3.2993011253) (-22.6876110506)
continue (3.3154824080) (-22.7142447158)
continue (3.3316770164) (-22.7397425257)
continue (3.3478830047) (-22.7674994203)
continue (3.3640859670) (-22.7978987425)
continue (3.3802960540) (-22.8314318094)
continue (3.3964985345) (-22.8696340627)
continue (3.4127037129) (-22.9130709760)
continue (3.4289094326) (-22.9621394246)
continue (3.4451134960) (-23.0184486635)
continue (3.4609455785) (-23.0843891373)
continue (3.4783173495) (-23.1682293764)
continue (3.4953146235) (-23.2732182020)
continue (3.5123163736) (-23.4164022666)
continue (3.5293202949) (-23.6391643275)
continue (3.5463240368) (-24.1461965728)
continue (3.5537279767) (-144.9792245118)
continue (3.5544387934) (-22.8754957752)
continue (3.5633252031) (-22.8941323081)
continue (3.5803213519) (-22.9309501212)
continue (3.5973241965) (-22.9725362265)
continue (3.6143172719) (-23.0195630052)
continue (3.6319927095) (-23.0735546522)
continue (3.6491549368) (-23.1429203124)
continue (3.6669965225) (-23.2248929408)
continue (3.6848197184) (-23.3281590986)
continue (3.7026665643) (-23.4670953633)
continue (3.7204896494) (-23.6782193573)
continue (3.7383317846) (-24.1219270925)
continue (3.7481524197) (-65.9507819773)
continue (3.7489021252) (-23.2267256517)
continue (3.7561600736) (-23.2650962081)
continue (3.7740029190) (-23.3670762690)
continue (3.7918425237) (-23.5037472167)
continue (3.8096445268) (-23.7097427306)
continue (3.8125294258) (-23.7545021379)
continue (3.8153867477) (-23.8046290148)
continue (3.8182323571) (-23.8615930837)
continue (3.8210822144) (-23.9275074654)
continue (3.8239363290) (-24.0056573272)
continue (3.8267947105) (-24.1015315228)
continue (3.8296412741) (-24.2254319438)
continue (3.8324920757) (-24.4004826312)
continue (3.8353471248) (-24.7004687319)
continue (3.8381459698) (-43.6330170240)
continue (3.8389136758) (-23.5007254181)
continue (3.8430948760) (-23.5447941399)
continue (3.8479632917) (-23.5942559037)
continue (3.8528440576) (-23.6505495664)
continue (3.8577372208) (-23.7157881606)
continue (3.8626100831) (-23.7932550559)
continue (3.8674952713) (-23.8884417827)
continue (3.8723763766) (-24.0116515531)
continue (3.8772533211) (-24.1860049280)
continue (3.8821260270) (-24.4852889196)
continue (3.8872689984) (-34.9523358054)
continue (3.8880465300) (-23.7217037919)
continue (3.8899644875) (-23.7664505803)
continue (3.8929224712) (-23.8165764006)
continue (3.8958849568) (-23.8735373949)
continue (3.8988519547) (-23.9394494671)
continue (3.9018067686) (-24.0175921666)
continue (3.9047660647) (-24.1134624638)
continue (3.9077130959) (-24.2373581916)
continue (3.9106813613) (-24.4124035153)
continue (3.9136373315) (-24.7123863558)
continue (3.9156676117) (-30.8347556739)
continue (3.9164508235) (-23.9139962944)
continue (3.9185008743) (-23.9592434297)
continue (3.9204226914) (-24.0097299806)
continue (3.9223295118) (-24.0670541460)
continue (3.9242381880) (-24.1333317125)
continue (3.9261487226) (-24.2118415315)
continue (3.9280611185) (-24.3080772695)
continue (3.9299753783) (-24.4323385455)
continue (3.9318915048) (-24.6077445987)
continue (3.9338095006) (-24.9080623521)
continue (3.9359648088) (-28.6697892154)
continue (3.9367520805) (-24.0850225276)
continue (3.9370216616) (-24.1303254084)
continue (3.9383148035) (-24.1810005898)
continue (3.9396087952) (-24.2385066734)
continue (3.9409036375) (-24.3049554647)
continue (3.9421993313) (-24.3836200729)
continue (3.9434958773) (-24.4799791751)
continue (3.9447932764) (-24.6043032601)
continue (3.9460915295) (-24.7796172945)
continue (3.9473906374) (-25.0792257201)
continue (3.9479023104) (-27.4302750508)
continue (3.9486919698) (-24.2181728471)
continue (3.9496318982) (-24.2627262329)
continue (3.9505736443) (-24.3124683635)
continue (3.9515158397) (-24.3687439923)
continue (3.9524584845) (-24.4335165469)
continue (3.9534015792) (-24.5097956305)
continue (3.9543451241) (-24.6025449346)
continue (3.9552891195) (-24.7208351569)
continue (3.9562335657) (-24.8842264505)
continue (3.9571784630) (-25.1497919556)
continue (3.9581922382) (-25.9578184055)
continue (3.9589839558) (-23.6178027896)
continue (3.9963853212) (-24.9511699135)
continue (3.9971846782) (-24.9511699135)
continue (4.1935893733) (-25.0135417873)
continue (4.3980066159) (-25.0364955006)
continue (4.6140099788) (-25.0220935724)
continue (4.8420136600) (-25.0082867243)
continue (5.0795260358) (-24.9918258160)
continue (5.3290466130) (-24.9796387174)
continue (5.5905949130) (-24.9593976599)
continue (5.8640088212) (-24.9303319031)
continue (6.1530517948) (-24.9154237221)
continue (6.4537320879) (-24.8931294555)
continue (6.7752191139) (-24.8790971824)
continue (7.1026264288) (-24.8598063214)
continue (7.4571765206) (-24.8344589233)
continue (7.8220340843) (-24.8181564121)
continue (8.2022229596) (-24.7980569366)
continue (8.6049761172) (-24.7767637269)
continue (9.0313872232) (-24.7557228792)
continue (9.4736144175) (-24.7347103741)
continue (9.9396484600) (-24.7126462273)
continue (10.4275886350) (-24.6916490514)
continue (10.9395794816) (-24.6695862267)
continue (11.4769139901) (-24.6476245050)
continue (12.0410540541) (-24.6256183019)
continue (12.6319236321) (-24.6036262725)
continue (13.2528646134) (-24.5820303578)
continue (13.9039818556) (-24.5606673062)
continue (14.5849387135) (-24.5397036732)
continue (15.3025519868) (-24.5192746210)
continue (16.0547387388) (-24.4993519366)
continue (16.8410085163) (-24.4801720062)
continue (17.6704861512) (-24.4618034217)
continue (18.5367569328) (-24.4444219272)
continue (19.4465849513) (-24.4280583649)
continue (20.4045448011) (-24.4127381503)
continue (21.4063183185) (-24.3987006898)
continue (22.4560613804) (-24.3861581781)
continue (23.5591254089) (-24.3749963990)
continue (24.7156759104) (-24.3654219771)
continue (25.9324692890) (-24.3577333811)
continue (27.2019991288) (-24.3518352214)
continue (28.5395230447) (-24.3479471518)
continue (29.9463348937) (-24.3462088126)
continue (31.4121672119) (-24.3466909871)
continue (32.9572141344) (-24.3494982051)
continue (34.5700671782) (-24.3545777307)
continue (36.2765513860) (-24.3621101834)
continue (38.0487252951) (-24.3719177390)
continue (39.9153294269) (-24.3840499483)
continue (41.8780777030) (-24.3984832163)
continue (43.9376552949) (-24.4148778137)
continue (46.0934229042) (-24.4333268624)
continue (48.3687351813) (-24.4535807332)
continue (50.7386954798) (-24.4734022909)
continue (53.2282109122) (-24.4971633614)
continue (55.8374369373) (-24.5223000717)
continue (58.6023775445) (-24.5488278425)
continue (61.4475368049) (-24.5762627500)
continue (64.4916469085) (-24.6046736069)
continue (67.6515939730) (-24.6339507902)
continue (70.9709478829) (-24.6639407221)
continue (74.4499159164) (-24.6946486306)
continue (78.0862871308) (-24.7256112044)
continue (81.9484685986) (-24.7569619513)
continue (85.9685821525) (-24.7888794587)
continue (90.2244525561) (-24.8207355357)
continue (94.6279305105) (-24.8526328922)
continue (99.2773690834) (-24.8843894883)
continue (104.1567002876) (-24.9154237221)
continue (109.2777276432) (-24.9450041385)
continue (114.6391962280) (-24.9590023076)
continue (120.2675162751) (-24.9649707178)
continue (126.1793091687) (-24.9710222948)
continue (132.3746325997) (-24.9783972840)
continue (138.8703094813) (-24.9854794612)
continue (145.6861663975) (-24.9922522220)
continue (152.8458522000) (-24.9986990670)
continue (160.3496341398) (-25.0054628957)
continue (168.2235500861) (-25.0125571951)
continue (176.4995101330) (-25.0196784140)
continue (185.1792259330) (-25.0263642266)
continue (194.2585740389) (-25.0323116495)
continue (203.8172603034) (-25.0380571169)
continue (213.8120532183) (-25.0440237778)
continue (224.3394807525) (-25.0498299402)
continue (235.3478746943) (-25.0552706397)
continue (246.8889110855) (-25.0603809210)
continue (259.0298382082) (-25.0653500771)
continue (271.6955786573) (-25.0703256821)
continue (285.0381516473) (-25.0752556475)
continue (299.0702234383) (-25.0800332985)
continue (313.7971662591) (-25.0846001648)
continue (329.2149461042) (-25.0891089114)
continue (345.3076812491) (-25.0936649582)
continue (362.3327915771) (-25.0985416786)
continue (380.1697834028) (-25.1039149146)
continue (398.8039259591) (-25.1103062086)
continue (418.3962216788) (-25.1181590317)
continue (438.9532614723) (-25.1279603320)
continue (460.4684036465) (-25.1406214956)
continue (483.1744277924) (-25.1568918580)
continue (506.8225644140) (-25.1745738822)
continue (531.6610098112) (-25.1896330463)
continue (557.6909246123) (-25.1988021655)
continue (585.2710152964) (-25.2035644412)
continue (614.0613010893) (-25.2082391960)
continue (644.0049263721) (-25.2123978538)
continue (675.5129509388) (-25.2160964207)
continue (709.1571757327) (-25.2200429488)
continue (743.8914047481) (-25.2240984211)
continue (780.1943243292) (-25.2280452510)
continue (818.7484014523) (-25.2323247760)
continue (858.8755615612) (-25.2367217890)
continue (901.3520977413) (-25.2410124531)
continue (945.2976875689) (-25.2448877336)
continue (991.6932972211) (-25.2484129949)
continue (1040.3778637019) (-25.2515793775)
continue (1091.4684043795) (-25.2545348313)
continue (1145.0954647103) (-25.2574319656)
continue (1201.4066853216) (-25.2607441967)
continue (1260.3969167586) (-25.2645607967)
continue (1322.2097661295) (-25.2692177243)
continue (1387.2232772362) (-25.2749054789)
continue (1455.2331057433) (-25.2816644211)
continue (1526.6660593340) (-25.2897133523)
continue (1601.8051868807) (-25.2992962829)
continue (1680.3742777364) (-25.3105135516)
continue (1762.9463548393) (-25.3233063904)
continue (1849.5371845270) (-25.3376199800)
continue (1940.5173995240) (-25.3533022687)
continue (2035.8958239867) (-25.3701828040)
continue (2135.6151179200) (-25.3881705205)
continue (2240.6367612895) (-25.4070464285)
continue (2350.4435667177) (-25.4270122918)
continue (2466.2164298145) (-25.4479404658)
continue (2587.3565326986) (-25.4694161404)
continue (2714.5277653156) (-25.4913356369)
continue (2847.7092838014) (-25.5138530032)
continue (2987.7605600540) (-25.5368538633)
continue (3133.6553329314) (-25.5603515704)
continue (3288.5852429320) (-25.5845258319)
continue (3449.1558320078) (-25.6092414713)
continue (3619.0110040368) (-25.6345120151)
continue (3796.9457117352) (-25.6603498424)
continue (3982.8101871349) (-25.6865546296)
continue (4178.2071105752) (-25.7130946470)
continue (4383.1985128257) (-25.7399286120)
continue (4600.0351883718) (-25.7672579373)
continue (4826.6259047482) (-25.7953374883)
continue (5062.5942823136) (-25.8236193078)
continue (5310.4135828465) (-25.8520146793)
continue (5573.4982924554) (-25.8807441107)
continue (5845.2018654038) (-25.9100948886)
continue (6132.3483904203) (-25.9400581119)
continue (6435.5012063309) (-25.9702105292)
continue (6750.1257097515) (-26.0005214663)
continue (7080.5514437953) (-26.0317973319)
continue (7426.7886782107) (-26.0634359949)
continue (7795.2692114325) (-26.0951222330)
continue (8180.1343879395) (-26.1272029600)
continue (8580.6682751079) (-26.1597056684)
continue (8995.7252795307) (-26.1926002872)
continue (9442.2025781417) (-26.2257020615)
continue (9905.0757697441) (-26.2591637929)
continue (10391.9143667061) (-26.2929410594)
continue (10902.9309741141) (-26.3265183029)
continue (11438.0189634299) (-26.3603143388)
continue (11999.8284279228) (-26.3941564609)
continue (12588.2990857364) (-26.4282911682)
continue (13206.7676929921) (-26.4630629773)
continue (13855.3591427164) (-26.4979827852)
continue (14536.0818442568) (-26.5329841816)
continue (15251.3300555055) (-26.5684754158)
continue (15998.3667629294) (-26.6039751034)
continue (16785.1716856964) (-26.6399749108)
continue (17609.0235906562) (-26.6761293935)
continue (18476.6214682980) (-26.7128703793)
continue (19380.4119697247) (-26.7505570386)
continue (20336.2412590149) (-26.7883455994)
continue (21331.1556839058) (-26.8271053022)
continue (22378.8548825259) (-26.8664610916)
continue (23480.2105337917) (-26.9065783148)
continue (24635.4952910640) (-26.9476909004)
continue (25844.2135795932) (-26.9897000434)
continue (27112.9714613644) (-27.0322180919)
continue (28441.5409118744) (-27.0763415782)
continue (29838.4731767013) (-27.1214207619)
continue (31304.2587020425) (-27.1674272252)
continue (32838.4493987912) (-27.2147413666)
continue (34452.4374599794) (-27.2629664687)
continue (36147.0436658650) (-27.3125602255)
continue (37922.0545491659) (-27.3633115520)
continue (39793.3175029020) (-27.4153296155)
continue (41743.7916086329) (-27.4699284312)
continue (43789.8592415404) (-27.5259294968)
continue (45953.9571768258) (-27.5831931282)
continue (48189.6864524831) (-27.6424462803)
continue (50569.7542073505) (-27.7028963499)
continue (53042.3149485714) (-27.7657358756)
continue (55666.8888708892) (-27.8300318260)
continue (58377.1281753015) (-27.8961962790)
continue (61241.0598666973) (-27.9657727392)
continue (64264.2433580011) (-28.0375833066)
continue (67401.4031668977) (-28.1122702027)
continue (70750.5412124578) (-28.1899019593)
continue (74207.4080469427) (-28.2695407400)
continue (77819.5534429083) (-28.3526170299)
continue (81654.7464889298) (-28.4381833357)
continue (85725.9615067221) (-28.5265130299)
continue (89868.5375558636) (-28.6194269969)
continue (94314.5281325250) (-28.7153437172)
continue (98943.2107292569) (-28.8147412347)
continue (103800.7712514473) (-28.9186526922)
continue (108899.0165889647) (-29.0252120678)
continue (114251.1247262358) (-29.1372129018)
continue (119856.2371190920) (-29.2528990686)
continue (125744.0279862641) (-29.3718154919)
continue (131933.8310143994) (-29.4981195062)
continue (138406.2835383439) (-29.6272720591)
continue (145198.6887852862) (-29.7604502792)
continue (152334.8329683143) (-29.8975662943)
continue (159815.3228369794) (-30.0337643759)
continue (167666.4159735890) (-30.1692189244)
continue (175886.3097503294) (-30.2935382624)
continue (184541.7113844586) (-30.3938336854)
continue (193598.2517137149) (-30.4650858956)
continue (203090.4771153235) (-30.5103227083)
continue (213112.0137550178) (-30.5457651043)
continue (223568.9329775408) (-30.5812017094)
continue (234560.3528485087) (-30.6165437035)
continue (246022.4003284170) (-30.6518899315)
continue (258149.2835174097) (-30.6873995607)
continue (270807.4207478325) (-30.7228493860)
continue (284149.3516733571) (-30.7582045687)
continue (298091.9106367211) (-30.7937139556)
continue (312720.3057022843) (-30.8288588490)
continue (328029.8671045559) (-30.8642314854)
continue (344134.0524231330) (-30.8996294549)
continue (361040.7966784692) (-30.9351677803)
continue (378747.7019187267) (-30.9706162223)
continue (397412.5472378789) (-31.0059909669)
continue (416865.0369700166) (-31.0413883422)
continue (437478.1424946981) (-31.0767559814)
continue (458845.4032308441) (-31.1121577349)
continue (481387.7289046257) (-31.1475810071)
continue (505136.9017829581) (-31.1829637739)
continue (529806.3783816607) (-31.2183882175)
continue (555989.6100161417) (-31.2537551283)
continue (583397.5485380642) (-31.2892059001)
continue (611999.3088089029) (-31.3245883063)
continue (3672982.5506507708) (-32.4002260609)
continue (3709712.3761572787) (-50.0000000000)
continue (7354000.0000000000) (-50.0000000000)
f(nu) = -20.3392229881 at 1.0000000000 Ryd
