# Puchwein et al 2019
# z = 3.017000
# E [Ryd] log (J_nu)
interpolate (0.0000000100) (-50.0000000000)
continue (0.0007810860) (-50.0000000000)
continue (0.0007889757) (-17.7931741240)
continue (0.0008276721) (-17.8144578451)
continue (0.0008678733) (-17.8371370067)
continue (0.0009112670) (-17.8616973018)
continue (0.0009556071) (-17.8873949985)
continue (0.0010026042) (-17.9136401693)
continue (0.0010517855) (-17.9408153824)
continue (0.0011034960) (-17.9685915357)
continue (0.0011577525) (-17.9978339382)
continue (0.0012145368) (-18.0271032156)
continue (0.0012741429) (-18.0567528749)
continue (0.0013367566) (-18.0867160982)
continue (0.0014023807) (-18.1170203460)
continue (0.0014712092) (-18.1478250956)
continue (0.0015434739) (-18.1791420106)
continue (0.0016194544) (-18.2106308464)
continue (0.0016988571) (-18.2420728169)
continue (0.0017822550) (-18.2733542798)
continue (0.0018700328) (-18.3046058917)
continue (0.0019618234) (-18.3358282946)
continue (0.0020579652) (-18.3670368318)
continue (0.0021594004) (-18.3982658517)
continue (0.0022651429) (-18.4295738216)
continue (0.0023768048) (-18.4607984007)
continue (0.0024932065) (-18.4917396945)
continue (0.0026155768) (-18.5223000717)
continue (0.0027439535) (-18.5525318691)
continue (0.0028792005) (-18.5821962774)
continue (0.0030204407) (-18.6115435473)
continue (0.0031685222) (-18.6401645177)
continue (0.0033245785) (-18.6683702824)
continue (0.0034874358) (-18.6961562251)
continue (0.0036582375) (-18.7230788679)
continue (0.0038385298) (-18.7493360805)
continue (0.0040268094) (-18.7749493039)
continue (0.0042246962) (-18.7994230732)
continue (0.0044322323) (-18.8227521637)
continue (0.0046493213) (-18.8452717926)
continue (0.0048783028) (-18.8671002301)
continue (0.0051194774) (-18.8887374863)
continue (0.0053698702) (-18.9100948886)
continue (0.0056320579) (-18.9310723883)
continue (0.0059096431) (-18.9519468269)
continue (0.0061990950) (-18.9730583720)
continue (0.0065044038) (-18.9943905546)
continue (0.0068259698) (-19.0158328729)
continue (0.0071584208) (-19.0380097126)
continue (0.0075125059) (-19.0611801750)
continue (0.0078829323) (-19.0845473983)
continue (0.0082692103) (-19.1064601564)
continue (0.0086704755) (-19.1261564668)
continue (0.0090944807) (-19.1429692017)
continue (0.0095460609) (-19.1570788792)
continue (0.0100150233) (-19.1691548077)
continue (0.0105069407) (-19.1790108236)
continue (0.0110229463) (-19.1864857285)
continue (0.0115643017) (-19.1915864486)
continue (0.0121324320) (-19.1940915449)
continue (0.0127271923) (-19.1939557643)
continue (0.0133518970) (-19.1911141326)
continue (0.0140087159) (-19.1856192055)
continue (0.0146954841) (-19.1775703762)
continue (0.0154190689) (-19.1670442494)
continue (0.0161744226) (-19.1539104196)
continue (0.0169695898) (-19.1381670023)
continue (0.0178051382) (-19.1195866001)
continue (0.0186773308) (-19.0981059680)
continue (0.0195971392) (-19.0736060997)
continue (0.0205564397) (-19.0470623322)
continue (0.0215684490) (-19.0231000490)
continue (0.0226289290) (-19.0022642234)
continue (0.0237370922) (-18.9812995013)
continue (0.0249048093) (-18.9609826780)
continue (0.0261257732) (-18.9408153824)
continue (0.0274065254) (-18.9208187540)
continue (0.0287556633) (-18.9023956711)
continue (0.0301644148) (-18.8843894883)
continue (0.0316522046) (-18.8658228924)
continue (0.0332094377) (-18.8464900107)
continue (0.0348343643) (-18.8241983672)
continue (0.0365530273) (-18.7983298204)
continue (0.0383368519) (-18.7726275577)
continue (0.0402325373) (-18.7557228792)
continue (0.0422078263) (-18.7469044142)
continue (0.0442792503) (-18.7399286120)
continue (0.0464458191) (-18.7342390833)
continue (0.0487308541) (-18.7302536269)
continue (0.0511373160) (-18.7300203234)
continue (0.0536354897) (-18.7358908437)
continue (0.0562510476) (-18.7459355471)
continue (0.0590198815) (-18.7569619513)
continue (0.0619488083) (-18.7654827165)
continue (0.0649513165) (-18.7708302975)
continue (0.0681575894) (-18.7762445463)
continue (0.0715280197) (-18.7830427926)
continue (0.0750013968) (-18.7910214827)
continue (0.0786931754) (-18.7996968170)
continue (0.0825422981) (-18.8096683018)
continue (0.0866223356) (-18.8215986585)
continue (0.0908541347) (-18.8350526274)
continue (0.0953507346) (-18.8467950999)
continue (0.1000293052) (-18.8601209136)
continue (0.1049484016) (-18.8728952016)
continue (0.1100962874) (-18.8827287043)
continue (0.1155110877) (-18.8931294555)
continue (0.1211791185) (-18.9044819577)
continue (0.1271298787) (-18.9154237221)
continue (0.1333821679) (-18.9240882385)
continue (0.1399365741) (-18.9340470197)
continue (0.1467891383) (-18.9450041385)
continue (0.1540082763) (-18.9566377220)
continue (0.1615721579) (-18.9698052146)
continue (0.1695065050) (-18.9846402446)
continue (0.1778428905) (-18.9995659225)
continue (0.1865820989) (-19.0140349217)
continue (0.1957188511) (-19.0322648682)
continue (0.2053328010) (-19.0571489934)
continue (0.2154295439) (-19.0856568429)
continue (0.2260086733) (-19.1199299159)
continue (0.2371238540) (-19.1518724894)
continue (0.2487761318) (-19.1649438983)
continue (0.2609584682) (-19.1691548077)
continue (0.2738182004) (-19.1758090593)
continue (0.2872846692) (-19.1821042428)
continue (0.3013448978) (-19.1880230557)
continue (0.3161925645) (-19.1934808659)
continue (0.3317316967) (-19.1976368257)
continue (0.3479446242) (-19.2018329403)
continue (0.3650909338) (-19.2073282109)
continue (0.3830462256) (-19.2134615195)
continue (0.4017931970) (-19.2233714466)
continue (0.4214925859) (-19.2372464351)
continue (0.4421479723) (-19.2501091587)
continue (0.4639852194) (-19.2668027349)
continue (0.4867879118) (-19.2870978750)
continue (0.5105137091) (-19.3061851461)
continue (0.5357242627) (-19.3308691526)
continue (0.5621634613) (-19.3583276268)
continue (0.5898168096) (-19.3834194699)
continue (0.6186469591) (-19.4126258279)
continue (0.6490505490) (-19.4523483416)
continue (0.6810664954) (-19.4981195062)
continue (0.7141590680) (-19.5539290643)
continue (0.7493222477) (-19.6010189333)
continue (0.7494721272) (-19.8153085692)
continue (0.7862527790) (-19.9058784042)
continue (0.8246759917) (-20.0473528302)
continue (0.8288690942) (-20.0702787062)
continue (0.8329222993) (-20.0900216483)
continue (0.8369692137) (-20.1099402050)
continue (0.8410245965) (-20.1300417385)
continue (0.8450724461) (-20.1503392421)
continue (0.8491277985) (-20.1706904366)
continue (0.8531743306) (-20.1911458292)
continue (0.8572273582) (-20.2117198867)
continue (0.8612783740) (-20.2330565076)
continue (0.8654007320) (-20.2552377629)
continue (0.8695793374) (-20.2857935035)
continue (0.8738320076) (-20.3152650206)
continue (0.8780757090) (-20.3433709986)
continue (0.8823266565) (-20.3721939264)
continue (0.8865758338) (-20.4018093869)
continue (0.8880856269) (-20.4149907201)
continue (0.8882632618) (-20.3612113328)
continue (0.8908313008) (-20.3773871069)
continue (0.8950838547) (-20.4060972740)
continue (0.8993328242) (-20.4343552142)
continue (0.9035775261) (-20.4633595037)
continue (0.9076364251) (-20.4932244634)
continue (0.9122887342) (-20.5363861834)
continue (0.9167472861) (-20.5785194698)
continue (0.9212067921) (-20.6189427087)
continue (0.9256657008) (-20.6623391131)
continue (0.9301243111) (-20.7092866382)
continue (0.9345829462) (-20.7605303408)
continue (0.9369417514) (-20.7910214827)
continue (0.9371291585) (-20.7629592086)
continue (0.9390419537) (-20.7841325302)
continue (0.9435007297) (-20.8344826559)
continue (0.9479596448) (-20.8898919840)
continue (0.9524111317) (-20.9515581964)
continue (0.9531313595) (-20.9625814708)
continue (0.9538446901) (-20.9744975176)
continue (0.9545580893) (-20.9863329277)
continue (0.9552715550) (-20.9980846482)
continue (0.9559850851) (-21.0097517437)
continue (0.9566986776) (-21.0213334002)
continue (0.9574113244) (-21.0328275138)
continue (0.9581250337) (-21.0442314582)
continue (0.9588387990) (-21.0555434850)
continue (0.9594354567) (-21.0667658713)
continue (0.9596273630) (-21.0491971770)
continue (0.9607716931) (-21.0674217331)
continue (0.9619918385) (-21.0853274119)
continue (0.9632120325) (-21.1029224464)
continue (0.9644322638) (-21.1201973180)
continue (0.9656525208) (-21.1371450020)
continue (0.9668727920) (-21.1537550770)
continue (0.9680930657) (-21.1700211829)
continue (0.9693133303) (-21.1859336201)
continue (0.9705335740) (-21.2014860856)
continue (0.9716099949) (-21.2166682371)
continue (0.9718043363) (-21.2045371056)
continue (0.9724931975) (-21.2132883190)
continue (0.9732326966) (-21.2219254818)
continue (0.9739722802) (-21.2304232988)
continue (0.9747119461) (-21.2387797812)
continue (0.9754506480) (-21.2469948529)
continue (0.9761904704) (-21.2550673928)
continue (0.9769303686) (-21.2629967064)
continue (0.9776692914) (-21.2707809269)
continue (0.9784093329) (-21.2784201908)
continue (0.9790220836) (-21.2859218350)
continue (0.9792179076) (-21.2769550084)
continue (0.9796262717) (-21.2816311940)
continue (0.9801046187) (-21.2862424101)
continue (0.9805823779) (-21.2907919643)
continue (0.9810606032) (-21.2952816669)
continue (0.9815392951) (-21.2997100113)
continue (0.9820173961) (-21.3040781230)
continue (0.9824949039) (-21.3083845921)
continue (0.9829728762) (-21.3126306959)
continue (0.9834513138) (-21.3168160274)
continue (0.9837787230) (-21.3209356819)
continue (0.9839754984) (-21.3140792078)
continue (0.9842532892) (-21.3167592844)
continue (0.9845776371) (-21.3194514716)
continue (0.9849011343) (-21.3221157713)
continue (0.9852259094) (-21.3247533989)
continue (0.9855498328) (-21.3273628431)
continue (0.9858739693) (-21.3299453528)
continue (0.9861983191) (-21.3324994174)
continue (0.9865228824) (-21.3350272594)
continue (0.9868465907) (-21.3375264410)
continue (0.9870824973) (-21.3399887787)
continue (0.9872799335) (-21.3345128192)
continue (0.9874069046) (-21.3362434960)
continue (0.9876423407) (-21.3379896088)
continue (0.9878789599) (-21.3397218803)
continue (0.9881146211) (-21.3414391629)
continue (0.9883503948) (-21.3431431647)
continue (0.9885862810) (-21.3448327413)
continue (0.9888222799) (-21.3465076977)
continue (0.9890583914) (-21.3481688069)
continue (0.9892935417) (-21.3498158846)
continue (0.9894406051) (-21.3514448443)
continue (0.9896385130) (-21.3468840068)
continue (0.9991962399) (-21.4016472901)
continue (1.0439534549) (-21.4658469258)
continue (1.0951411739) (-21.5076587467)
continue (1.1489937849) (-21.5332806283)
continue (1.2053795910) (-21.5506759069)
continue (1.2645947416) (-21.5813673126)
continue (1.3266370226) (-21.6206944822)
continue (1.3918847882) (-21.6515004297)
continue (1.4601297401) (-21.6852903070)
continue (1.5320561043) (-21.7323590177)
continue (1.6071727880) (-21.7986028757)
continue (1.6862823294) (-21.8395314689)
continue (1.7691069129) (-21.8655041442)
continue (1.8559408774) (-21.9118639113)
continue (1.9471516470) (-21.9515581964)
continue (2.0427414724) (-21.9926790471)
continue (2.1431490377) (-22.0215455666)
continue (2.2483764392) (-22.0584885674)
continue (2.3583513737) (-22.0996875030)
continue (2.4742518893) (-22.1378089689)
continue (2.5962021961) (-22.1701175536)
continue (2.7234517956) (-22.1952473978)
continue (2.8575320502) (-22.2141009716)
continue (2.9972889909) (-22.1698606126)
continue (2.9978885086) (-22.3966390757)
continue (3.1444684983) (-22.4867823999)
continue (3.2993011253) (-22.6472388083)
continue (3.3154824080) (-22.6739674317)
continue (3.3316770164) (-22.6999569734)
continue (3.3478830047) (-22.7282164581)
continue (3.3640859670) (-22.7591338823)
continue (3.3802960540) (-22.7932064949)
continue (3.3964985345) (-22.8317884081)
continue (3.4127037129) (-22.8754957752)
continue (3.4289094326) (-22.9248729379)
continue (3.4451134960) (-22.9815241945)
continue (3.4609455785) (-23.0478374258)
continue (3.4783173495) (-23.1324264559)
continue (3.4953146235) (-23.2383848459)
continue (3.5123163736) (-23.3825488142)
continue (3.5293202949) (-23.6063037376)
continue (3.5463240368) (-24.1143363494)
continue (3.5537279767) (-37.4008814349)
continue (3.5544387934) (-22.8244881866)
continue (3.5633252031) (-22.8436113916)
continue (3.5803213519) (-22.8811436077)
continue (3.5973241965) (-22.9235707483)
continue (3.6143172719) (-22.9714653467)
continue (3.6319927095) (-23.0263180815)
continue (3.6491549368) (-23.0955739005)
continue (3.6669965225) (-23.1777109368)
continue (3.6848197184) (-23.2812110909)
continue (3.7026665643) (-23.4204519005)
continue (3.7204896494) (-23.6319475300)
continue (3.7383317846) (-24.0760915736)
continue (3.7481524197) (-28.4741780478)
continue (3.7489021252) (-23.1705032503)
continue (3.7561600736) (-23.2090269855)
continue (3.7740029190) (-23.3113719801)
continue (3.7918425237) (-23.4484755928)
continue (3.8096445268) (-23.6550185861)
continue (3.8125294258) (-23.6998416389)
continue (3.8153867477) (-23.7501146553)
continue (3.8182323571) (-23.8071873148)
continue (3.8210822144) (-23.8731448306)
continue (3.8239363290) (-23.9512203706)
continue (3.8267947105) (-24.0467870227)
continue (3.8296412741) (-24.1698728138)
continue (3.8324920757) (-24.3427509578)
continue (3.8353471248) (-24.6349615178)
continue (3.8381459698) (-26.0393389927)
continue (3.8389136758) (-23.4429742776)
continue (3.8430948760) (-23.4872169117)
continue (3.8479632917) (-23.5367133570)
continue (3.8528440576) (-23.5928624370)
continue (3.8577372208) (-23.6576503658)
continue (3.8626100831) (-23.7341048590)
continue (3.8674952713) (-23.8272015635)
continue (3.8723763766) (-23.9459963042)
continue (3.8772533211) (-24.1098730819)
continue (3.8821260270) (-24.3749140175)
continue (3.8872689984) (-25.1574531635)
continue (3.8880465300) (-23.6550185861)
continue (3.8899644875) (-23.6974526275)
continue (3.8929224712) (-23.7445128135)
continue (3.8958849568) (-23.7972638189)
continue (3.8988519547) (-23.8572352254)
continue (3.9018067686) (-23.9266886478)
continue (3.9047660647) (-24.0091507717)
continue (3.9077130959) (-24.1106086460)
continue (3.9106813613) (-24.2424984474)
continue (3.9136373315) (-24.4313993778)
continue (3.9156676117) (-24.7692956864)
continue (3.9164508235) (-23.8099485822)
continue (3.9185008743) (-23.8470393257)
continue (3.9204226914) (-23.8875692874)
continue (3.9223295118) (-23.9321149078)
continue (3.9242381880) (-23.9815616547)
continue (3.9261487226) (-24.0371133239)
continue (3.9280611185) (-24.1004941195)
continue (3.9299753783) (-24.1742889902)
continue (3.9318915048) (-24.2626355825)
continue (3.9338095006) (-24.3727919111)
continue (3.9359648088) (-24.5194182132)
continue (3.9367520805) (-23.8613815661)
continue (3.9370216616) (-23.8865613906)
continue (3.9383148035) (-23.9131740869)
continue (3.9396087952) (-23.9413690248)
continue (3.9409036375) (-23.9713433607)
continue (3.9421993313) (-24.0033416907)
continue (3.9434958773) (-24.0376586078)
continue (3.9447932764) (-24.0746621198)
continue (3.9460915295) (-24.1148169451)
continue (3.9473906374) (-24.1587212633)
continue (3.9479023104) (-24.2071882288)
continue (3.9486919698) (-23.7307206102)
continue (3.9496318982) (-23.7427415262)
continue (3.9505736443) (-23.7551886916)
continue (3.9515158397) (-23.7679700624)
continue (3.9524584845) (-23.7811022962)
continue (3.9534015792) (-23.7946088538)
continue (3.9543451241) (-23.8085042728)
continue (3.9552891195) (-23.8228214716)
continue (3.9562335657) (-23.8375789881)
continue (3.9571784630) (-23.8528092441)
continue (3.9581922382) (-23.8687022034)
continue (3.9589839558) (-23.5100415206)
continue (3.9963853212) (-24.2959353206)
continue (3.9971846782) (-24.2959353206)
continue (4.1935893733) (-24.4453897148)
continue (4.3980066159) (-24.5023793502)
continue (4.6140099788) (-24.5066813918)
continue (4.8420136600) (-24.4993519366)
continue (5.0795260358) (-24.4871822414)
continue (5.3290466130) (-24.4766437933)
continue (5.5905949130) (-24.4611750111)
continue (5.8640088212) (-24.4411714752)
continue (6.1530517948) (-24.4286406072)
continue (6.4537320879) (-24.4121768287)
continue (6.7752191139) (-24.3992448504)
continue (7.1026264288) (-24.3837345947)
continue (7.4571765206) (-24.3656235059)
continue (7.8220340843) (-24.3508599359)
continue (8.2022229596) (-24.3345128192)
continue (8.6049761172) (-24.3174037085)
continue (9.0313872232) (-24.3004224086)
continue (9.4736144175) (-24.2834124223)
continue (9.9396484600) (-24.2661609993)
continue (10.4275886350) (-24.2494144727)
continue (10.9395794816) (-24.2326956825)
continue (11.4769139901) (-24.2163822348)
continue (12.0410540541) (-24.2007973437)
continue (12.6319236321) (-24.1860855800)
continue (13.2528646134) (-24.1722431370)
continue (13.9039818556) (-24.1594548124)
continue (14.5849387135) (-24.1477640606)
continue (15.3025519868) (-24.1372129018)
continue (16.0547387388) (-24.1279020257)
continue (16.8410085163) (-24.1197582241)
continue (17.6704861512) (-24.1127766686)
continue (18.5367569328) (-24.1071265931)
continue (19.4465849513) (-24.1027028779)
continue (20.4045448011) (-24.0995782465)
continue (21.4063183185) (-24.0977250795)
continue (22.4560613804) (-24.0972901870)
continue (23.5591254089) (-24.0982148547)
continue (24.7156759104) (-24.1006172945)
continue (25.9324692890) (-24.1045222037)
continue (27.2019991288) (-24.1100263616)
continue (28.5395230447) (-24.1171909586)
continue (29.9463348937) (-24.1260403453)
continue (31.4121672119) (-24.1366176516)
continue (32.9572141344) (-24.1489863932)
continue (34.5700671782) (-24.1631697135)
continue (36.2765513860) (-24.1791420106)
continue (38.0487252951) (-24.1961333657)
continue (39.9153294269) (-24.2155253562)
continue (41.8780777030) (-24.2365720064)
continue (43.9376552949) (-24.2586120075)
continue (46.0934229042) (-24.2816644211)
continue (48.3687351813) (-24.3069769321)
continue (50.7386954798) (-24.3334820194)
continue (53.2282109122) (-24.3611115753)
continue (55.8374369373) (-24.3895527786)
continue (58.6023775445) (-24.4189610512)
continue (61.4475368049) (-24.4490382477)
continue (64.4916469085) (-24.4797785641)
continue (67.6515939730) (-24.5110264753)
continue (70.9709478829) (-24.5427238139)
continue (74.4499159164) (-24.5747919489)
continue (78.0862871308) (-24.6073030467)
continue (81.9484685986) (-24.6399749108)
continue (85.9685821525) (-24.6728454876)
continue (90.2244525561) (-24.7057542839)
continue (94.6279305105) (-24.7349462115)
continue (99.2773690834) (-24.7559704110)
continue (104.1567002876) (-24.7662426370)
continue (109.2777276432) (-24.7723703504)
continue (114.6391962280) (-24.7785857622)
continue (120.2675162751) (-24.7851561520)
continue (126.1793091687) (-24.7923656326)
continue (132.3746325997) (-24.8002448227)
continue (138.8703094813) (-24.8079904073)
continue (145.6861663975) (-24.8153085692)
continue (152.8458522000) (-24.8224635001)
continue (160.3496341398) (-24.8297382846)
continue (168.2235500861) (-24.8374355935)
continue (176.4995101330) (-24.8449677712)
continue (185.1792259330) (-24.8520146793)
continue (194.2585740389) (-24.8585502266)
continue (203.8172603034) (-24.8648673486)
continue (213.8120532183) (-24.8712777157)
continue (224.3394807525) (-24.8774564759)
continue (235.3478746943) (-24.8833922560)
continue (246.8889110855) (-24.8887374863)
continue (259.0298382082) (-24.8941493256)
continue (271.6955786573) (-24.8996294549)
continue (285.0381516473) (-24.9051796196)
continue (299.0702234383) (-24.9100948886)
continue (313.7971662591) (-24.9150664251)
continue (329.2149461042) (-24.9200955323)
continue (345.3076812491) (-24.9251835594)
continue (362.3327915771) (-24.9303319031)
continue (380.1697834028) (-24.9362914406)
continue (398.8039259591) (-24.9430951487)
continue (418.3962216788) (-24.9511699135)
continue (438.9532614723) (-24.9613798381)
continue (460.4684036465) (-24.9742846161)
continue (483.1744277924) (-24.9905491042)
continue (506.8225644140) (-25.0081539464)
continue (531.6610098112) (-25.0228710994)
continue (557.6909246123) (-25.0320310371)
continue (585.2710152964) (-25.0370154157)
continue (614.0613010893) (-25.0419141515)
continue (644.0049263721) (-25.0462886196)
continue (675.5129509388) (-25.0502197916)
continue (709.1571757327) (-25.0543837208)
continue (743.8914047481) (-25.0586376643)
continue (780.1943243292) (-25.0628332963)
continue (818.7484014523) (-25.0672726327)
continue (858.8755615612) (-25.0718602931)
continue (901.3520977413) (-25.0762898056)
continue (945.2976875689) (-25.0803467177)
continue (991.6932972211) (-25.0839673898)
continue (1040.3778637019) (-25.0872997918)
continue (1091.4684043795) (-25.0904439708)
continue (1145.0954647103) (-25.0935572062)
continue (1201.4066853216) (-25.0970186002)
continue (1260.3969167586) (-25.1011103441)
continue (1322.2097661295) (-25.1059609992)
continue (1387.2232772362) (-25.1118205061)
continue (1455.2331057433) (-25.1188436789)
continue (1526.6660593340) (-25.1270865584)
continue (1601.8051868807) (-25.1369151747)
continue (1680.3742777364) (-25.1483136846)
continue (1762.9463548393) (-25.1612768100)
continue (1849.5371845270) (-25.1757439624)
continue (1940.5173995240) (-25.1915864486)
continue (2035.8958239867) (-25.2085900843)
continue (2135.6151179200) (-25.2265792767)
continue (2240.6367612895) (-25.2455752107)
continue (2350.4435667177) (-25.2656002575)
continue (2466.2164298145) (-25.2865934678)
continue (2587.3565326986) (-25.3081231774)
continue (2714.5277653156) (-25.3301254975)
continue (2847.7092838014) (-25.3528127021)
continue (2987.7605600540) (-25.3758210743)
continue (3133.6553329314) (-25.3993537643)
continue (3288.5852429320) (-25.4235434676)
continue (3449.1558320078) (-25.4483060849)
continue (3619.0110040368) (-25.4736607226)
continue (3796.9457117352) (-25.4994890895)
continue (3982.8101871349) (-25.5256380240)
continue (4178.2071105752) (-25.5522219907)
continue (4383.1985128257) (-25.5792193805)
continue (4600.0351883718) (-25.6066003047)
continue (4826.6259047482) (-25.6345120151)
continue (5062.5942823136) (-25.6629402737)
continue (5310.4135828465) (-25.6914355864)
continue (5573.4982924554) (-25.7203330560)
continue (5845.2018654038) (-25.7495799977)
continue (6132.3483904203) (-25.7793689806)
continue (6435.5012063309) (-25.8096683018)
continue (6750.1257097515) (-25.8401321529)
continue (7080.5514437953) (-25.8712777157)
continue (7426.7886782107) (-25.9030899870)
continue (7795.2692114325) (-25.9347938719)
continue (8180.1343879395) (-25.9669785553)
continue (8580.6682751079) (-25.9995659225)
continue (8995.7252795307) (-26.0323116495)
continue (9442.2025781417) (-26.0655015488)
continue (9905.0757697441) (-26.0989778268)
continue (10391.9143667061) (-26.1327093301)
continue (10902.9309741141) (-26.1663430031)
continue (11438.0189634299) (-26.2001083153)
continue (11999.8284279228) (-26.2340335752)
continue (12588.2990857364) (-26.2681695797)
continue (13206.7676929921) (-26.3029451077)
continue (13855.3591427164) (-26.3379035546)
continue (14536.0818442568) (-26.3730440486)
continue (15251.3300555055) (-26.4084901910)
continue (15998.3667629294) (-26.4440595622)
continue (16785.1716856964) (-26.4800408192)
continue (17609.0235906562) (-26.5162701010)
continue (18476.6214682980) (-26.5531522898)
continue (19380.4119697247) (-26.5907433480)
continue (20336.2412590149) (-26.6287473709)
continue (21331.1556839058) (-26.6673595896)
continue (22378.8548825259) (-26.7068585165)
continue (23480.2105337917) (-26.7469044142)
continue (24635.4952910640) (-26.7880789157)
continue (25844.2135795932) (-26.8303255659)
continue (27112.9714613644) (-26.8728952016)
continue (28441.5409118744) (-26.9172146297)
continue (29838.4731767013) (-26.9625735021)
continue (31304.2587020425) (-27.0085524020)
continue (32838.4493987912) (-27.0559123206)
continue (34452.4374599794) (-27.1042460579)
continue (36147.0436658650) (-27.1539723246)
continue (37922.0545491659) (-27.2048154103)
continue (39793.3175029020) (-27.2570393298)
continue (41743.7916086329) (-27.3116691819)
continue (43789.8592415404) (-27.3677452233)
continue (45953.9571768258) (-27.4252744164)
continue (48189.6864524831) (-27.4846561069)
continue (50569.7542073505) (-27.5453075508)
continue (53042.3149485714) (-27.6081830764)
continue (55666.8888708892) (-27.6726410656)
continue (58377.1281753015) (-27.7392133313)
continue (61241.0598666973) (-27.8088285443)
continue (64264.2433580011) (-27.8807441107)
continue (67401.4031668977) (-27.9558523791)
continue (70750.5412124578) (-28.0334359159)
continue (74207.4080469427) (-28.1132837259)
continue (77819.5534429083) (-28.1965428844)
continue (81654.7464889298) (-28.2823294970)
continue (85725.9615067221) (-28.3708963498)
continue (89868.5375558636) (-28.4640732586)
continue (94314.5281325250) (-28.5600360641)
continue (98943.2107292569) (-28.6597542384)
continue (103800.7712514473) (-28.7637147226)
continue (108899.0165889647) (-28.8706324043)
continue (114251.1247262358) (-28.9829666607)
continue (119856.2371190920) (-29.0987051828)
continue (125744.0279862641) (-29.2178858525)
continue (131933.8310143994) (-29.3440935818)
continue (138406.2835383439) (-29.4731440129)
continue (145198.6887852862) (-29.6060739934)
continue (152334.8329683143) (-29.7435227938)
continue (159815.3228369794) (-29.8804142250)
continue (167666.4159735890) (-30.0176835303)
continue (175886.3097503294) (-30.1442991692)
continue (184541.7113844586) (-30.2520446931)
continue (193598.2517137149) (-30.3403689884)
continue (203090.4771153235) (-30.3992448504)
continue (213112.0137550178) (-30.4346244973)
continue (223568.9329775408) (-30.4700565983)
continue (234560.3528485087) (-30.5054280158)
continue (246022.4003284170) (-30.5409092104)
continue (258149.2835174097) (-30.5762627500)
continue (270807.4207478325) (-30.6117211365)
continue (284149.3516733571) (-30.6470460883)
continue (298091.9106367211) (-30.6823544568)
continue (312720.3057022843) (-30.7178312217)
continue (328029.8671045559) (-30.7532552903)
continue (344134.0524231330) (-30.7886124471)
continue (361040.7966784692) (-30.8239087409)
continue (378747.7019187267) (-30.8594919570)
continue (397412.5472378789) (-30.8948305720)
continue (416865.0369700166) (-30.9303319031)
continue (437478.1424946981) (-30.9657727392)
continue (458845.4032308441) (-31.0010435595)
continue (481387.7289046257) (-31.0364482664)
continue (505136.9017829581) (-31.0718090520)
continue (529806.3783816607) (-31.1072377654)
continue (555989.6100161417) (-31.1426071891)
continue (583397.5485380642) (-31.1780281824)
continue (611999.3088089029) (-31.2134615195)
continue (3672982.5506507708) (-32.2890368810)
continue (3709712.3761572787) (-50.0000000000)
continue (7354000.0000000000) (-50.0000000000)
f(nu) = -20.3035903375 at 1.0000000000 Ryd
