# Puchwein et al 2019
# z = 4.105000
# E [Ryd] log (J_nu)
interpolate (0.0000000100) (-50.0000000000)
continue (0.0007810860) (-50.0000000000)
continue (0.0007889757) (-17.8661418748)
continue (0.0008276721) (-17.8877302316)
continue (0.0008678733) (-17.9108016332)
continue (0.0009112670) (-17.9359165640)
continue (0.0009556071) (-17.9621752494)
continue (0.0010026042) (-17.9892761346)
continue (0.0010517855) (-18.0168700753)
continue (0.0011034960) (-18.0456609914)
continue (0.0011577525) (-18.0755656365)
continue (0.0012145368) (-18.1060718735)
continue (0.0012741429) (-18.1369151747)
continue (0.0013367566) (-18.1680662695)
continue (0.0014023807) (-18.1996954224)
continue (0.0014712092) (-18.2320282786)
continue (0.0015434739) (-18.2649602950)
continue (0.0016194544) (-18.2981730696)
continue (0.0016988571) (-18.3313345845)
continue (0.0017822550) (-18.3646167960)
continue (0.0018700328) (-18.3979400087)
continue (0.0019618234) (-18.4312117877)
continue (0.0020579652) (-18.4647058800)
continue (0.0021594004) (-18.4985299279)
continue (0.0022651429) (-18.5325398905)
continue (0.0023768048) (-18.5665502062)
continue (0.0024932065) (-18.6004993387)
continue (0.0026155768) (-18.6343248595)
continue (0.0027439535) (-18.6677635845)
continue (0.0028792005) (-18.7009287400)
continue (0.0030204407) (-18.7340036295)
continue (0.0031685222) (-18.7664962397)
continue (0.0033245785) (-18.7986028757)
continue (0.0034874358) (-18.8303255659)
continue (0.0036582375) (-18.8613815661)
continue (0.0038385298) (-18.8921119748)
continue (0.0040268094) (-18.9219058496)
continue (0.0042246962) (-18.9503943874)
continue (0.0044322323) (-18.9783972840)
continue (0.0046493213) (-19.0050672633)
continue (0.0048783028) (-19.0312836225)
continue (0.0051194774) (-19.0571985337)
continue (0.0053698702) (-19.0828622472)
continue (0.0056320579) (-19.1081838805)
continue (0.0059096431) (-19.1332992440)
continue (0.0061990950) (-19.1581401902)
continue (0.0065044038) (-19.1828975957)
continue (0.0068259698) (-19.2075382687)
continue (0.0071584208) (-19.2323247760)
continue (0.0075125059) (-19.2576677176)
continue (0.0078829323) (-19.2826624173)
continue (0.0082692103) (-19.3059215379)
continue (0.0086704755) (-19.3264262036)
continue (0.0090944807) (-19.3437100988)
continue (0.0095460609) (-19.3580304023)
continue (0.0100150233) (-19.3698773571)
continue (0.0105069407) (-19.3792395100)
continue (0.0110229463) (-19.3861581781)
continue (0.0115643017) (-19.3906190557)
continue (0.0121324320) (-19.3926522232)
continue (0.0127271923) (-19.3922233963)
continue (0.0133518970) (-19.3895527786)
continue (0.0140087159) (-19.3843655311)
continue (0.0146954841) (-19.3763372926)
continue (0.0154190689) (-19.3649185640)
continue (0.0161744226) (-19.3496924769)
continue (0.0169695898) (-19.3302183848)
continue (0.0178051382) (-19.3065368728)
continue (0.0186773308) (-19.2793446434)
continue (0.0195971392) (-19.2493373539)
continue (0.0205564397) (-19.2181728471)
continue (0.0215684490) (-19.1906423298)
continue (0.0226289290) (-19.1662793096)
continue (0.0237370922) (-19.1422454779)
continue (0.0249048093) (-19.1189007816)
continue (0.0261257732) (-19.0962590594)
continue (0.0274065254) (-19.0745331993)
continue (0.0287556633) (-19.0536951450)
continue (0.0301644148) (-19.0331545763)
continue (0.0316522046) (-19.0113518748)
continue (0.0332094377) (-18.9875846252)
continue (0.0348343643) (-18.9613798381)
continue (0.0365530273) (-18.9321854888)
continue (0.0383368519) (-18.9037854147)
continue (0.0402325373) (-18.8837244124)
continue (0.0422078263) (-18.8712777157)
continue (0.0442792503) (-18.8613815661)
continue (0.0464458191) (-18.8544928286)
continue (0.0487308541) (-18.8504729862)
continue (0.0511373160) (-18.8504729862)
continue (0.0536354897) (-18.8557372262)
continue (0.0562510476) (-18.8639139026)
continue (0.0590198815) (-18.8725712221)
continue (0.0619488083) (-18.8781120149)
continue (0.0649513165) (-18.8810742472)
continue (0.0681575894) (-18.8833922560)
continue (0.0715280197) (-18.8867253075)
continue (0.0750013968) (-18.8910968723)
continue (0.0786931754) (-18.8965383779)
continue (0.0825422981) (-18.9037854147)
continue (0.0866223356) (-18.9132843361)
continue (0.0908541347) (-18.9240882385)
continue (0.0953507346) (-18.9336740746)
continue (0.1000293052) (-18.9450041385)
continue (0.1049484016) (-18.9554602396)
continue (0.1100962874) (-18.9629721202)
continue (0.1155110877) (-18.9706162223)
continue (0.1211791185) (-18.9783972840)
continue (0.1271298787) (-18.9850596502)
continue (0.1333821679) (-18.9901243663)
continue (0.1399365741) (-18.9961088338)
continue (0.1467891383) (-19.0022642234)
continue (0.1540082763) (-19.0093060393)
continue (0.1615721579) (-19.0174122093)
continue (0.1695065050) (-19.0268259473)
continue (0.1778428905) (-19.0377253954)
continue (0.1865820989) (-19.0475950604)
continue (0.1957188511) (-19.0604308313)
continue (0.2053328010) (-19.0799810840)
continue (0.2154295439) (-19.1032533844)
continue (0.2260086733) (-19.1303576553)
continue (0.2371238540) (-19.1575779966)
continue (0.2487761318) (-19.1654521423)
continue (0.2609584682) (-19.1637391971)
continue (0.2738182004) (-19.1654521423)
continue (0.2872846692) (-19.1670442494)
continue (0.3013448978) (-19.1684501480)
continue (0.3161925645) (-19.1688984355)
continue (0.3317316967) (-19.1678105389)
continue (0.3479446242) (-19.1660246287)
continue (0.3650909338) (-19.1636125807)
continue (0.3830462256) (-19.1609621266)
continue (0.4017931970) (-19.1607105440)
continue (0.4214925859) (-19.1632329526)
continue (0.4421479723) (-19.1678744575)
continue (0.4639852194) (-19.1763953716)
continue (0.4867879118) (-19.1888273049)
continue (0.5105137091) (-19.2060699932)
continue (0.5357242627) (-19.2275315969)
continue (0.5621634613) (-19.2464935430)
continue (0.5898168096) (-19.2673650325)
continue (0.6186469591) (-19.2933675491)
continue (0.6490505490) (-19.3194831906)
continue (0.6810664954) (-19.3557584142)
continue (0.7141590680) (-19.4014283365)
continue (0.7493222477) (-19.4374692311)
continue (0.7494721272) (-19.6734593315)
continue (0.7862527790) (-19.7587026129)
continue (0.8246759917) (-19.9027426903)
continue (0.8288690942) (-19.9260581463)
continue (0.8329222993) (-19.9468254843)
continue (0.8369692137) (-19.9679254553)
continue (0.8410245965) (-19.9893735970)
continue (0.8450724461) (-20.0112025588)
continue (0.8491277985) (-20.0332680280)
continue (0.8531743306) (-20.0557004611)
continue (0.8572273582) (-20.0785835472)
continue (0.8612783740) (-20.1025197141)
continue (0.8654007320) (-20.1276106116)
continue (0.8695793374) (-20.1617246827)
continue (0.8738320076) (-20.1954155927)
continue (0.8780757090) (-20.2285212901)
continue (0.8823266565) (-20.2630723100)
continue (0.8865758338) (-20.2992642743)
continue (0.8880856269) (-20.3156933539)
continue (0.8882632618) (-20.1817741064)
continue (0.8908313008) (-20.1987753962)
continue (0.8950838547) (-20.2290397963)
continue (0.8993328242) (-20.2591353983)
continue (0.9035775261) (-20.2903332480)
continue (0.9076364251) (-20.3227581541)
continue (0.9122887342) (-20.3706964388)
continue (0.9167472861) (-20.4181219908)
continue (0.9212067921) (-20.4645932059)
continue (0.9256657008) (-20.5155122444)
continue (0.9301243111) (-20.5719478594)
continue (0.9345829462) (-20.6354077346)
continue (0.9369417514) (-20.6742791420)
continue (0.9371291585) (-20.6044988757)
continue (0.9390419537) (-20.6292075862)
continue (0.9435007297) (-20.6890306957)
continue (0.9479596448) (-20.7568304420)
continue (0.9524111317) (-20.8353497841)
continue (0.9531313595) (-20.8502329748)
continue (0.9538446901) (-20.8661514479)
continue (0.9545580893) (-20.8820727854)
continue (0.9552715550) (-20.8980056136)
continue (0.9559850851) (-20.9139428570)
continue (0.9566986776) (-20.9298919127)
continue (0.9574113244) (-20.9458505935)
continue (0.9581250337) (-20.9618171340)
continue (0.9588387990) (-20.9777902746)
continue (0.9594354567) (-20.9939620450)
continue (0.9596273630) (-20.9503943874)
continue (0.9607716931) (-20.9751778639)
continue (0.9619918385) (-20.9998697312)
continue (0.9632120325) (-21.0244386118)
continue (0.9644322638) (-21.0488816269)
continue (0.9656525208) (-21.0731905778)
continue (0.9668727920) (-21.0973586537)
continue (0.9680930657) (-21.1213771107)
continue (0.9693133303) (-21.1452374298)
continue (0.9705335740) (-21.1689311145)
continue (0.9716099949) (-21.1924649719)
continue (0.9718043363) (-21.1625378285)
continue (0.9724931975) (-21.1758110124)
continue (0.9732326966) (-21.1889668597)
continue (0.9739722802) (-21.2020272170)
continue (0.9747119461) (-21.2149899519)
continue (0.9754506480) (-21.2278529265)
continue (0.9761904704) (-21.2406124601)
continue (0.9769303686) (-21.2532661894)
continue (0.9776692914) (-21.2658124532)
continue (0.9784093329) (-21.2782462506)
continue (0.9790220836) (-21.2905604259)
continue (0.9792179076) (-21.2687336509)
continue (0.9796262717) (-21.2762496988)
continue (0.9801046187) (-21.2837253071)
continue (0.9805823779) (-21.2911467205)
continue (0.9810606032) (-21.2985131829)
continue (0.9815392951) (-21.3058249217)
continue (0.9820173961) (-21.3130805487)
continue (0.9824949039) (-21.3202796437)
continue (0.9829728762) (-21.3274209886)
continue (0.9834513138) (-21.3345043755)
continue (0.9837787230) (-21.3415116187)
continue (0.9839754984) (-21.3248634955)
continue (0.9842532892) (-21.3293914584)
continue (0.9845776371) (-21.3339212158)
continue (0.9849011343) (-21.3384229760)
continue (0.9852259094) (-21.3428972765)
continue (0.9855498328) (-21.3473418066)
continue (0.9858739693) (-21.3517580941)
continue (0.9861983191) (-21.3561448007)
continue (0.9865228824) (-21.3605025539)
continue (0.9868465907) (-21.3648300236)
continue (0.9870824973) (-21.3691654822)
continue (0.9872799335) (-21.3558569495)
continue (0.9874069046) (-21.3589236791)
continue (0.9876423407) (-21.3619282657)
continue (0.9878789599) (-21.3649175577)
continue (0.9881146211) (-21.3678900798)
continue (0.9883503948) (-21.3708473835)
continue (0.9885862810) (-21.3737879892)
continue (0.9888222799) (-21.3767124520)
continue (0.9890583914) (-21.3796203086)
continue (0.9892935417) (-21.3825131859)
continue (0.9894406051) (-21.3854191330)
continue (0.9896385130) (-21.3745846478)
continue (0.9991962399) (-21.4753442876)
continue (1.0439534549) (-21.5835259209)
continue (1.0951411739) (-21.6384610287)
continue (1.1489937849) (-21.6701954778)
continue (1.2053795910) (-21.6661498549)
continue (1.2645947416) (-21.6681679556)
continue (1.3266370226) (-21.7070797004)
continue (1.3918847882) (-21.7263044121)
continue (1.4601297401) (-21.7572101905)
continue (1.5320561043) (-21.8164454664)
continue (1.6071727880) (-21.9182927299)
continue (1.6862823294) (-21.9515581964)
continue (1.7691069129) (-21.9310723883)
continue (1.8559408774) (-21.9948194875)
continue (1.9471516470) (-22.0395292225)
continue (2.0427414724) (-22.0950141189)
continue (2.1431490377) (-22.1112029325)
continue (2.2483764392) (-22.1490476002)
continue (2.3583513737) (-22.2069783402)
continue (2.4742518893) (-22.2619332852)
continue (2.5962021961) (-22.2905604259)
continue (2.7234517956) (-22.3051316720)
continue (2.8575320502) (-22.3719177390)
continue (2.9972889909) (-22.4377071355)
continue (2.9978885086) (-22.5106040783)
continue (3.1444684983) (-22.5807052782)
continue (3.2993011253) (-22.7207894874)
continue (3.3154824080) (-22.7482523073)
continue (3.3316770164) (-22.7737352881)
continue (3.3478830047) (-22.8015711150)
continue (3.3640859670) (-22.8321748082)
continue (3.3802960540) (-22.8660652977)
continue (3.3964985345) (-22.9052354810)
continue (3.4127037129) (-22.9499877899)
continue (3.4289094326) (-23.0003228007)
continue (3.4451134960) (-23.0578500179)
continue (3.4609455785) (-23.1249387366)
continue (3.4783173495) (-23.2081346861)
continue (3.4953146235) (-23.3120904176)
continue (3.5123163736) (-23.4542995983)
continue (3.5293202949) (-23.6761479358)
continue (3.5463240368) (-24.1823249139)
continue (3.5537279767) (-288.8353497841)
continue (3.5544387934) (-22.9446216686)
continue (3.5633252031) (-22.9637065350)
continue (3.5803213519) (-23.0002311061)
continue (3.5973241965) (-23.0407348366)
continue (3.6143172719) (-23.0866975390)
continue (3.6319927095) (-23.1396020949)
continue (3.6491549368) (-23.2132279990)
continue (3.6669965225) (-23.2987429533)
continue (3.6848197184) (-23.4053047646)
continue (3.7026665643) (-23.5472922421)
continue (3.7204896494) (-23.7612239921)
continue (3.7383317846) (-24.2075018514)
continue (3.7481524197) (-115.9515581964)
continue (3.7489021252) (-23.3362048778)
continue (3.7561600736) (-23.3758169470)
continue (3.7740029190) (-23.4804620701)
continue (3.7918425237) (-23.6195192175)
continue (3.8096445268) (-23.8276890315)
continue (3.8125294258) (-23.8721989443)
continue (3.8153867477) (-23.9221381159)
continue (3.8182323571) (-23.9789141167)
continue (3.8210822144) (-24.0446379724)
continue (3.8239363290) (-24.1225940963)
continue (3.8267947105) (-24.2182747758)
continue (3.8296412741) (-24.3419809675)
continue (3.8324920757) (-24.5168350797)
continue (3.8353471248) (-24.8166247993)
continue (3.8381459698) (-67.0653500771)
continue (3.8389136758) (-23.6243363860)
continue (3.8430948760) (-23.6680364937)
continue (3.8479632917) (-23.7171853631)
continue (3.8528440576) (-23.7731604613)
continue (3.8577372208) (-23.8380782511)
continue (3.8626100831) (-23.9152200268)
continue (3.8674952713) (-24.0100787660)
continue (3.8723763766) (-24.1329546370)
continue (3.8772533211) (-24.3069716487)
continue (3.8821260270) (-24.6059162243)
continue (3.8872689984) (-47.9685915357)
continue (3.8880465300) (-23.8464900107)
continue (3.8899644875) (-23.8911746129)
continue (3.8929224712) (-23.9410996996)
continue (3.8958849568) (-23.9978598670)
continue (3.8988519547) (-24.0635697064)
continue (3.9018067686) (-24.1415103248)
continue (3.9047660647) (-24.2371751959)
continue (3.9077130959) (-24.3608652723)
continue (3.9106813613) (-24.5357027532)
continue (3.9136373315) (-24.8354746505)
continue (3.9156676117) (-38.8350526274)
continue (3.9164508235) (-24.0400527843)
continue (3.9185008743) (-24.0850082661)
continue (3.9204226914) (-24.1353631579)
continue (3.9223295118) (-24.1925556285)
continue (3.9242381880) (-24.2587010340)
continue (3.9261487226) (-24.3370788665)
continue (3.9280611185) (-24.4331843590)
continue (3.9299753783) (-24.5573164582)
continue (3.9318915048) (-24.7325982738)
continue (3.9338095006) (-25.0328195512)
continue (3.9359648088) (-33.9669785553)
continue (3.9367520805) (-24.2117609026)
continue (3.9370216616) (-24.2570055797)
continue (3.9383148035) (-24.3076158111)
continue (3.9396087952) (-24.3650644937)
continue (3.9409036375) (-24.4314673992)
continue (3.9421993313) (-24.5101033663)
continue (3.9434958773) (-24.6064686671)
continue (3.9447932764) (-24.7308608032)
continue (3.9460915295) (-24.9064032314)
continue (3.9473906374) (-25.2068867206)
continue (3.9479023104) (-31.1552743720)
continue (3.9486919698) (-24.3523236868)
continue (3.9496318982) (-24.3977033827)
continue (3.9505736443) (-24.4484585170)
continue (3.9515158397) (-24.5060514663)
continue (3.9524584845) (-24.5725982912)
continue (3.9534015792) (-24.6513758629)
continue (3.9543451241) (-24.7478803081)
continue (3.9552891195) (-24.8724060856)
continue (3.9562335657) (-25.0480658577)
continue (3.9571784630) (-25.3485998579)
continue (3.9581922382) (-28.6931462513)
continue (3.9589839558) (-23.7602001816)
continue (3.9963853212) (-25.4277093938)
continue (3.9971846782) (-25.4277093938)
continue (4.1935893733) (-25.4279420101)
continue (4.3980066159) (-25.4540746706)
continue (4.6140099788) (-25.4225082002)
continue (4.8420136600) (-25.4100503987)
continue (5.0795260358) (-25.3971806576)
continue (5.3290466130) (-25.3937261468)
continue (5.5905949130) (-25.3737623149)
continue (5.8640088212) (-25.3252306860)
continue (6.1530517948) (-25.3178549236)
continue (6.4537320879) (-25.2874344721)
continue (6.7752191139) (-25.2878555858)
continue (7.1026264288) (-25.2680085510)
continue (7.4571765206) (-25.2283390407)
continue (7.8220340843) (-25.2239529288)
continue (8.2022229596) (-25.2048850144)
continue (8.6049761172) (-25.1824346304)
continue (9.0313872232) (-25.1608992173)
continue (9.4736144175) (-25.1392428769)
continue (9.9396484600) (-25.1162817980)
continue (10.4275886350) (-25.0962048573)
continue (10.9395794816) (-25.0727323192)
continue (11.4769139901) (-25.0491971770)
continue (12.0410540541) (-25.0256725646)
continue (12.6319236321) (-25.0021769193)
continue (13.2528646134) (-24.9788107009)
continue (13.9039818556) (-24.9554602396)
continue (14.5849387135) (-24.9325571572)
continue (15.3025519868) (-24.9097419471)
continue (16.0547387388) (-24.8870600239)
continue (16.8410085163) (-24.8651856297)
continue (17.6704861512) (-24.8434508487)
continue (18.5367569328) (-24.8227521637)
continue (19.4465849513) (-24.8021683067)
continue (20.4045448011) (-24.7827793444)
continue (21.4063183185) (-24.7639668529)
continue (22.4560613804) (-24.7464197104)
continue (23.5591254089) (-24.7297871451)
continue (24.7156759104) (-24.7146677724)
continue (25.9324692890) (-24.7007106659)
continue (27.2019991288) (-24.6886700477)
continue (28.5395230447) (-24.6781945161)
continue (29.9463348937) (-24.6699922991)
continue (31.4121672119) (-24.6637404480)
continue (32.9572141344) (-24.6599526823)
continue (34.5700671782) (-24.6583676642)
continue (36.2765513860) (-24.6595558852)
continue (38.0487252951) (-24.6631401791)
continue (39.9153294269) (-24.6695862267)
continue (41.8780777030) (-24.6784015695)
continue (43.9376552949) (-24.6895191085)
continue (46.0934229042) (-24.7033348097)
continue (48.3687351813) (-24.7191940716)
continue (50.7386954798) (-24.7370745307)
continue (53.2282109122) (-24.7569619513)
continue (55.8374369373) (-24.7780644002)
continue (58.6023775445) (-24.7991495019)
continue (61.4475368049) (-24.8241983672)
continue (64.4916469085) (-24.8501653033)
continue (67.6515939730) (-24.8774564759)
continue (70.9709478829) (-24.9055288714)
continue (74.4499159164) (-24.9340470197)
continue (78.0862871308) (-24.9637704559)
continue (81.9484685986) (-24.9935339578)
continue (85.9685821525) (-25.0236958834)
continue (90.2244525561) (-25.0542360769)
continue (94.6279305105) (-25.0843891373)
continue (99.2773690834) (-25.1148084594)
continue (104.1567002876) (-25.1442991692)
continue (109.2777276432) (-25.1735364509)
continue (114.6391962280) (-25.2010042656)
continue (120.2675162751) (-25.2262866747)
continue (126.1793091687) (-25.2474138213)
continue (132.3746325997) (-25.2576677176)
continue (138.8703094813) (-25.2641616657)
continue (145.6861663975) (-25.2701065960)
continue (152.8458522000) (-25.2760520236)
continue (160.3496341398) (-25.2821631325)
continue (168.2235500861) (-25.2886990401)
continue (176.4995101330) (-25.2953348145)
continue (185.1792259330) (-25.3015514620)
continue (194.2585740389) (-25.3069769321)
continue (203.8172603034) (-25.3122927204)
continue (213.8120532183) (-25.3178549236)
continue (224.3394807525) (-25.3232149696)
continue (235.3478746943) (-25.3282719118)
continue (246.8889110855) (-25.3329207945)
continue (259.0298382082) (-25.3375254962)
continue (271.6955786573) (-25.3420840632)
continue (285.0381516473) (-25.3466909871)
continue (299.0702234383) (-25.3509573659)
continue (313.7971662591) (-25.3551676712)
continue (329.2149461042) (-25.3593198467)
continue (345.3076812491) (-25.3635121036)
continue (362.3327915771) (-25.3680491737)
continue (380.1697834028) (-25.3730440486)
continue (398.8039259591) (-25.3790315644)
continue (418.3962216788) (-25.3865810550)
continue (438.9532614723) (-25.3960981683)
continue (460.4684036465) (-25.4084901910)
continue (483.1744277924) (-25.4248121551)
continue (506.8225644140) (-25.4426131179)
continue (531.6610098112) (-25.4577972176)
continue (557.6909246123) (-25.4671182806)
continue (585.2710152964) (-25.4715975620)
continue (614.0613010893) (-25.4761235244)
continue (644.0049263721) (-25.4800408192)
continue (675.5129509388) (-25.4834646261)
continue (709.1571757327) (-25.4873156038)
continue (743.8914047481) (-25.4910664739)
continue (780.1943243292) (-25.4949857599)
continue (818.7484014523) (-25.4989407378)
continue (858.8755615612) (-25.5032086843)
continue (901.3520977413) (-25.5073792780)
continue (945.2976875689) (-25.5111673656)
continue (991.6932972211) (-25.5145625189)
continue (1040.3778637019) (-25.5175552081)
continue (1091.4684043795) (-25.5204246898)
continue (1145.0954647103) (-25.5231683715)
continue (1201.4066853216) (-25.5262211654)
continue (1260.3969167586) (-25.5298836468)
continue (1322.2097661295) (-25.5343197884)
continue (1387.2232772362) (-25.5398541825)
continue (1455.2331057433) (-25.5463759264)
continue (1526.6660593340) (-25.5543957967)
continue (1601.8051868807) (-25.5636782999)
continue (1680.3742777364) (-25.5747919489)
continue (1762.9463548393) (-25.5873714795)
continue (1849.5371845270) (-25.6017126946)
continue (1940.5173995240) (-25.6172627342)
continue (2035.8958239867) (-25.6339507902)
continue (2135.6151179200) (-25.6516951370)
continue (2240.6367612895) (-25.6706021206)
continue (2350.4435667177) (-25.6905827742)
continue (2466.2164298145) (-25.7113037394)
continue (2587.3565326986) (-25.7328282716)
continue (2714.5277653156) (-25.7547341605)
continue (2847.7092838014) (-25.7772835289)
continue (2987.7605600540) (-25.8002448227)
continue (3133.6553329314) (-25.8236193078)
continue (3288.5852429320) (-25.8477116556)
continue (3449.1558320078) (-25.8722474842)
continue (3619.0110040368) (-25.8975662943)
continue (3796.9457117352) (-25.9233595563)
continue (3982.8101871349) (-25.9496202437)
continue (4178.2071105752) (-25.9759250127)
continue (4383.1985128257) (-26.0028758443)
continue (4600.0351883718) (-26.0302114626)
continue (4826.6259047482) (-26.0581408735)
continue (5062.5942823136) (-26.0863980503)
continue (5310.4135828465) (-26.1149216159)
continue (5573.4982924554) (-26.1437545992)
continue (5845.2018654038) (-26.1728893125)
continue (6132.3483904203) (-26.2027324592)
continue (6435.5012063309) (-26.2328441339)
continue (6750.1257097515) (-26.2632848664)
continue (7080.5514437953) (-26.2945639534)
continue (7426.7886782107) (-26.3261500227)
continue (7795.2692114325) (-26.3578323656)
continue (8180.1343879395) (-26.3898723869)
continue (8580.6682751079) (-26.4223933226)
continue (8995.7252795307) (-26.4551880882)
continue (9442.2025781417) (-26.4883839794)
continue (9905.0757697441) (-26.5218665719)
continue (10391.9143667061) (-26.5554867937)
continue (10902.9309741141) (-26.5890541413)
continue (11438.0189634299) (-26.6228759577)
continue (11999.8284279228) (-26.6567884098)
continue (12588.2990857364) (-26.6907958203)
continue (13206.7676929921) (-26.7256112044)
continue (13855.3591427164) (-26.7604502792)
continue (14536.0818442568) (-26.7953374883)
continue (15251.3300555055) (-26.8309136425)
continue (15998.3667629294) (-26.8664610916)
continue (16785.1716856964) (-26.9023956711)
continue (17609.0235906562) (-26.9385475209)
continue (18476.6214682980) (-26.9751040399)
continue (19380.4119697247) (-27.0126913263)
continue (20336.2412590149) (-27.0506099934)
continue (21331.1556839058) (-27.0891089114)
continue (22378.8548825259) (-27.1284270645)
continue (23480.2105337917) (-27.1683861447)
continue (24635.4952910640) (-27.2095037230)
continue (25844.2135795932) (-27.2513469066)
continue (27112.9714613644) (-27.2939653393)
continue (28441.5409118744) (-27.3380927072)
continue (29838.4731767013) (-27.3829996589)
continue (31304.2587020425) (-27.4289903277)
continue (32838.4493987912) (-27.4762535332)
continue (34452.4374599794) (-27.5243288117)
continue (36147.0436658650) (-27.5738141748)
continue (37922.0545491659) (-27.6245192854)
continue (39793.3175029020) (-27.6763354644)
continue (41743.7916086329) (-27.7307206102)
continue (43789.8592415404) (-27.7867479478)
continue (45953.9571768258) (-27.8440569820)
continue (48189.6864524831) (-27.9030899870)
continue (50569.7542073505) (-27.9633711046)
continue (53042.3149485714) (-28.0261335502)
continue (55666.8888708892) (-28.0903904895)
continue (58377.1281753015) (-28.1565180570)
continue (61241.0598666973) (-28.2257750951)
continue (64264.2433580011) (-28.2973971587)
continue (67401.4031668977) (-28.3720200102)
continue (70750.5412124578) (-28.4495270429)
continue (74207.4080469427) (-28.5290018303)
continue (77819.5534429083) (-28.6118987984)
continue (81654.7464889298) (-28.6974526275)
continue (85725.9615067221) (-28.7854210464)
continue (89868.5375558636) (-28.8784401558)
continue (94314.5281325250) (-28.9738754833)
continue (98943.2107292569) (-29.0732460948)
continue (103800.7712514473) (-29.1769172035)
continue (108899.0165889647) (-29.2833290244)
continue (114251.1247262358) (-29.3951262294)
continue (119856.2371190920) (-29.5107448316)
continue (125744.0279862641) (-29.6296719922)
continue (131933.8310143994) (-29.7559704110)
continue (138406.2835383439) (-29.8857227034)
continue (145198.6887852862) (-30.0200421067)
continue (152334.8329683143) (-30.1595175128)
continue (159815.3228369794) (-30.2976556416)
continue (167666.4159735890) (-30.4345063701)
continue (175886.3097503294) (-30.5559552041)
continue (184541.7113844586) (-30.6466609047)
continue (193598.2517137149) (-30.7073009970)
continue (203090.4771153235) (-30.7425614331)
continue (213112.0137550178) (-30.7780644002)
continue (223568.9329775408) (-30.8133261325)
continue (234560.3528485087) (-30.8489367466)
continue (246022.4003284170) (-30.8843894883)
continue (258149.2835174097) (-30.9197343727)
continue (270807.4207478325) (-30.9550684539)
continue (284149.3516733571) (-30.9905491042)
continue (298091.9106367211) (-31.0258569001)
continue (312720.3057022843) (-31.0612801852)
continue (328029.8671045559) (-31.0966929200)
continue (344134.0524231330) (-31.1320613491)
continue (361040.7966784692) (-31.1674910873)
continue (378747.7019187267) (-31.2028710122)
continue (397412.5472378789) (-31.2382976325)
continue (416865.0369700166) (-31.2736803879)
continue (437478.1424946981) (-31.3090954459)
continue (458845.4032308441) (-31.3444774037)
continue (481387.7289046257) (-31.3798639450)
continue (505136.9017829581) (-31.4152166210)
continue (529806.3783816607) (-31.4506288477)
continue (555989.6100161417) (-31.4861168144)
continue (583397.5485380642) (-31.5214335044)
continue (611999.3088089029) (-31.5568935433)
continue (3672982.5506507708) (-32.6324577265)
continue (3709712.3761572787) (-50.0000000000)
continue (7354000.0000000000) (-50.0000000000)
f(nu) = -20.3780771736 at 1.0000000000 Ryd
