# Puchwein et al 2019
# z = 4.619000
# E [Ryd] log (J_nu)
interpolate (0.0000000100) (-50.0000000000)
continue (0.0007810860) (-50.0000000000)
continue (0.0007889757) (-17.9003193589)
continue (0.0008276721) (-17.9219058496)
continue (0.0008678733) (-17.9453869454)
continue (0.0009112670) (-17.9706162223)
continue (0.0009556071) (-17.9969705294)
continue (0.0010026042) (-18.0242466110)
continue (0.0010517855) (-18.0522722730)
continue (0.0011034960) (-18.0813930849)
continue (0.0011577525) (-18.1116519898)
continue (0.0012145368) (-18.1425468830)
continue (0.0012741429) (-18.1737955765)
continue (0.0013367566) (-18.2053725553)
continue (0.0014023807) (-18.2375465176)
continue (0.0014712092) (-18.2703493317)
continue (0.0015434739) (-18.3038184128)
continue (0.0016194544) (-18.3377144843)
continue (0.0016988571) (-18.3716110699)
continue (0.0017822550) (-18.4056074496)
continue (0.0018700328) (-18.4396150770)
continue (0.0019618234) (-18.4737899962)
continue (0.0020579652) (-18.5082182244)
continue (0.0021594004) (-18.5428753737)
continue (0.0022651429) (-18.5779028369)
continue (0.0023768048) (-18.6131444708)
continue (0.0024932065) (-18.6482036931)
continue (0.0026155768) (-18.6831912479)
continue (0.0027439535) (-18.7178312217)
continue (0.0028792005) (-18.7525177393)
continue (0.0030204407) (-18.7867479478)
continue (0.0031685222) (-18.8210230527)
continue (0.0033245785) (-18.8548035939)
continue (0.0034874358) (-18.8880657237)
continue (0.0036582375) (-18.9211808169)
continue (0.0038385298) (-18.9538952128)
continue (0.0040268094) (-18.9854794612)
continue (0.0042246962) (-19.0164188133)
continue (0.0044322323) (-19.0461920023)
continue (0.0046493213) (-19.0749458797)
continue (0.0048783028) (-19.1031432273)
continue (0.0051194774) (-19.1311205538)
continue (0.0053698702) (-19.1587657045)
continue (0.0056320579) (-19.1862189218)
continue (0.0059096431) (-19.2133195468)
continue (0.0061990950) (-19.2401811226)
continue (0.0065044038) (-19.2668027349)
continue (0.0068259698) (-19.2932822177)
continue (0.0071584208) (-19.3197551630)
continue (0.0075125059) (-19.3464016182)
continue (0.0078829323) (-19.3726341434)
continue (0.0082692103) (-19.3969639437)
continue (0.0086704755) (-19.4185054577)
continue (0.0090944807) (-19.4362816600)
continue (0.0095460609) (-19.4507514431)
continue (0.0100150233) (-19.4626847269)
continue (0.0105069407) (-19.4718549217)
continue (0.0110229463) (-19.4783389849)
continue (0.0115643017) (-19.4822764052)
continue (0.0121324320) (-19.4835968516)
continue (0.0127271923) (-19.4825401735)
continue (0.0133518970) (-19.4791236183)
continue (0.0140087159) (-19.4734022909)
continue (0.0146954841) (-19.4653394242)
continue (0.0154190689) (-19.4543218502)
continue (0.0161744226) (-19.4393761255)
continue (0.0169695898) (-19.4203307064)
continue (0.0178051382) (-19.3963144504)
continue (0.0186773308) (-19.3677452233)
continue (0.0195971392) (-19.3347005005)
continue (0.0205564397) (-19.2997290626)
continue (0.0215684490) (-19.2696215314)
continue (0.0226289290) (-19.2438966284)
continue (0.0237370922) (-19.2183882175)
continue (0.0249048093) (-19.1932774969)
continue (0.0261257732) (-19.1688984355)
continue (0.0274065254) (-19.1453903619)
continue (0.0287556633) (-19.1233203896)
continue (0.0301644148) (-19.1025378620)
continue (0.0316522046) (-19.0814454694)
continue (0.0332094377) (-19.0586873746)
continue (0.0348343643) (-19.0321713207)
continue (0.0365530273) (-19.0010435595)
continue (0.0383368519) (-18.9694002780)
continue (0.0402325373) (-18.9465373951)
continue (0.0422078263) (-18.9318141383)
continue (0.0442792503) (-18.9193735131)
continue (0.0464458191) (-18.9100948886)
continue (0.0487308541) (-18.9037854147)
continue (0.0511373160) (-18.9023956711)
continue (0.0536354897) (-18.9069286936)
continue (0.0562510476) (-18.9157813133)
continue (0.0590198815) (-18.9255492810)
continue (0.0619488083) (-18.9318141383)
continue (0.0649513165) (-18.9344202853)
continue (0.0681575894) (-18.9362914406)
continue (0.0715280197) (-18.9381706927)
continue (0.0750013968) (-18.9411945133)
continue (0.0786931754) (-18.9450041385)
continue (0.0825422981) (-18.9503943874)
continue (0.0866223356) (-18.9582126810)
continue (0.0908541347) (-18.9677842967)
continue (0.0953507346) (-18.9763360818)
continue (0.1000293052) (-18.9867413347)
continue (0.1049484016) (-18.9969705294)
continue (0.1100962874) (-19.0044964297)
continue (0.1155110877) (-19.0123784179)
continue (0.1211791185) (-19.0199966284)
continue (0.1271298787) (-19.0256725646)
continue (0.1333821679) (-19.0295136512)
continue (0.1399365741) (-19.0339052206)
continue (0.1467891383) (-19.0382942160)
continue (0.1540082763) (-19.0433994118)
continue (0.1615721579) (-19.0495377811)
continue (0.1695065050) (-19.0567528749)
continue (0.1778428905) (-19.0652491253)
continue (0.1865820989) (-19.0729377565)
continue (0.1957188511) (-19.0839673898)
continue (0.2053328010) (-19.1016588343)
continue (0.2154295439) (-19.1231473524)
continue (0.2260086733) (-19.1504577480)
continue (0.2371238540) (-19.1763953716)
continue (0.2487761318) (-19.1796014773)
continue (0.2609584682) (-19.1760695449)
continue (0.2738182004) (-19.1756788751)
continue (0.2872846692) (-19.1745089701)
continue (0.3013448978) (-19.1730186631)
continue (0.3161925645) (-19.1714689934)
continue (0.3317316967) (-19.1689625144)
continue (0.3479446242) (-19.1651344201)
continue (0.3650909338) (-19.1608363171)
continue (0.3830462256) (-19.1560823620)
continue (0.4017931970) (-19.1533536714)
continue (0.4214925859) (-19.1532300465)
continue (0.4421479723) (-19.1539104196)
continue (0.4639852194) (-19.1555849595)
continue (0.4867879118) (-19.1609621266)
continue (0.5105137091) (-19.1726953589)
continue (0.5357242627) (-19.1889614914)
continue (0.5621634613) (-19.2101373700)
continue (0.5898168096) (-19.2304749798)
continue (0.6186469591) (-19.2477978468)
continue (0.6490505490) (-19.2803373170)
continue (0.6810664954) (-19.3202088290)
continue (0.7141590680) (-19.3550692921)
continue (0.7493222477) (-19.3849973855)
continue (0.7494721272) (-19.6293019074)
continue (0.7862527790) (-19.7117507744)
continue (0.8246759917) (-19.8598063214)
continue (0.8288690942) (-19.8833092566)
continue (0.8329222993) (-19.9049736928)
continue (0.8369692137) (-19.9270886841)
continue (0.8410245965) (-19.9496898602)
continue (0.8450724461) (-19.9728094588)
continue (0.8491277985) (-19.9963240975)
continue (0.8531743306) (-20.0204261329)
continue (0.8572273582) (-20.0452660509)
continue (0.8612783740) (-20.0713921736)
continue (0.8654007320) (-20.0989778268)
continue (0.8695793374) (-20.1356485456)
continue (0.8738320076) (-20.1725997070)
continue (0.8780757090) (-20.2097232826)
continue (0.8823266565) (-20.2489450313)
continue (0.8865758338) (-20.2906053669)
continue (0.8880856269) (-20.3097152975)
continue (0.8882632618) (-20.1167361404)
continue (0.8908313008) (-20.1341004492)
continue (0.8950838547) (-20.1651915929)
continue (0.8993328242) (-20.1963367117)
continue (0.9035775261) (-20.2287845109)
continue (0.9076364251) (-20.2627278235)
continue (0.9122887342) (-20.3123551235)
continue (0.9167472861) (-20.3620292106)
continue (0.9212067921) (-20.4114022744)
continue (0.9256657008) (-20.4659599256)
continue (0.9301243111) (-20.5270724987)
continue (0.9345829462) (-20.5967250142)
continue (0.9369417514) (-20.6399749108)
continue (0.9371291585) (-20.5394028111)
continue (0.9390419537) (-20.5653001887)
continue (0.9435007297) (-20.6282821067)
continue (0.9479596448) (-20.7003467262)
continue (0.9524111317) (-20.7848914189)
continue (0.9531313595) (-20.8012769493)
continue (0.9538446901) (-20.8186567102)
continue (0.9545580893) (-20.8361054774)
continue (0.9552715550) (-20.8536300676)
continue (0.9559850851) (-20.8712325126)
continue (0.9566986776) (-20.8889156777)
continue (0.9574113244) (-20.9066833988)
continue (0.9581250337) (-20.9245406362)
continue (0.9588387990) (-20.9424898442)
continue (0.9594354567) (-20.9605858808)
continue (0.9596273630) (-20.8982529261)
continue (0.9607716931) (-20.9250885221)
continue (0.9619918385) (-20.9521062659)
continue (0.9632120325) (-20.9791458574)
continue (0.9644322638) (-21.0062173539)
continue (0.9656525208) (-21.0333167932)
continue (0.9668727920) (-21.0604468039)
continue (0.9680930657) (-21.0876089364)
continue (0.9693133303) (-21.1148050652)
continue (0.9705335740) (-21.1420358234)
continue (0.9716099949) (-21.1692830506)
continue (0.9718043363) (-21.1263888030)
continue (0.9724931975) (-21.1414206984)
continue (0.9732326966) (-21.1564103374)
continue (0.9739722802) (-21.1713594345)
continue (0.9747119461) (-21.1862662680)
continue (0.9754506480) (-21.2011305363)
continue (0.9761904704) (-21.2159492998)
continue (0.9769303686) (-21.2307209183)
continue (0.9776692914) (-21.2454445063)
continue (0.9784093329) (-21.2601160879)
continue (0.9790220836) (-21.2747419336)
continue (0.9792179076) (-21.2434399570)
continue (0.9796262717) (-21.2522340641)
continue (0.9801046187) (-21.2609880908)
continue (0.9805823779) (-21.2697071868)
continue (0.9810606032) (-21.2783905089)
continue (0.9815392951) (-21.2870373152)
continue (0.9820173961) (-21.2956469741)
continue (0.9824949039) (-21.3042198486)
continue (0.9829728762) (-21.3127529312)
continue (0.9834513138) (-21.3212476930)
continue (0.9837787230) (-21.3296613589)
continue (0.9839754984) (-21.3058337041)
continue (0.9842532892) (-21.3112688079)
continue (0.9845776371) (-21.3166638287)
continue (0.9849011343) (-21.3220364518)
continue (0.9852259094) (-21.3273877616)
continue (0.9855498328) (-21.3327161280)
continue (0.9858739693) (-21.3380227112)
continue (0.9861983191) (-21.3433068484)
continue (0.9865228824) (-21.3485678776)
continue (0.9868465907) (-21.3538051383)
continue (0.9870824973) (-21.3590219426)
continue (0.9872799335) (-21.3401788419)
continue (0.9874069046) (-21.3438107303)
continue (0.9876423407) (-21.3474239525)
continue (0.9878789599) (-21.3510236308)
continue (0.9881146211) (-21.3546101566)
continue (0.9883503948) (-21.3581829521)
continue (0.9885862810) (-21.3617424286)
continue (0.9888222799) (-21.3652880123)
continue (0.9890583914) (-21.3688191196)
continue (0.9892935417) (-21.3723372039)
continue (0.9894406051) (-21.3758210743)
continue (0.9896385130) (-21.3606131310)
continue (0.9991962399) (-21.4862498499)
continue (1.0439534549) (-21.6131444708)
continue (1.0951411739) (-21.6726410656)
continue (1.1489937849) (-21.7095201867)
continue (1.2053795910) (-21.7064164865)
continue (1.2645947416) (-21.6905827742)
continue (1.3266370226) (-21.7281583935)
continue (1.3918847882) (-21.7404061211)
continue (1.4601297401) (-21.7652297048)
continue (1.5320561043) (-21.8262311769)
continue (1.6071727880) (-21.9430951487)
continue (1.6862823294) (-21.9892761346)
continue (1.7691069129) (-21.9299621334)
continue (1.8559408774) (-21.9986990670)
continue (1.9471516470) (-22.0406723540)
continue (2.0427414724) (-22.1075714531)
continue (2.1431490377) (-22.1208467538)
continue (2.2483764392) (-22.1533536714)
continue (2.3583513737) (-22.2148125800)
continue (2.4742518893) (-22.2830789268)
continue (2.5962021961) (-22.3110465374)
continue (2.7234517956) (-22.3064489144)
continue (2.8575320502) (-22.3763372926)
continue (2.9972889909) (-22.4750848525)
continue (2.9978885086) (-22.5250556645)
continue (3.1444684983) (-22.5895602138)
continue (3.2993011253) (-22.7055337738)
continue (3.3154824080) (-22.7337753612)
continue (3.3316770164) (-22.7594632316)
continue (3.3478830047) (-22.7875034371)
continue (3.3640859670) (-22.8183164448)
continue (3.3802960540) (-22.8524349683)
continue (3.3964985345) (-22.8920137446)
continue (3.4127037129) (-22.9372225333)
continue (3.4289094326) (-22.9879181767)
continue (3.4451134960) (-23.0457097208)
continue (3.4609455785) (-23.1130019543)
continue (3.4783173495) (-23.1943326602)
continue (3.4953146235) (-23.2961310934)
continue (3.5123163736) (-23.4362152520)
continue (3.5293202949) (-23.6559694615)
continue (3.5463240368) (-24.1600859915)
continue (3.5537279767) (-inf)
continue (3.5544387934) (-22.9649707178)
continue (3.5633252031) (-22.9834429754)
continue (3.5803213519) (-23.0183449067)
continue (3.5973241965) (-23.0572500615)
continue (3.6143172719) (-23.1016105393)
continue (3.6319927095) (-23.1529211379)
continue (3.6491549368) (-23.2334101991)
continue (3.6669965225) (-23.3249387443)
continue (3.6848197184) (-23.4369474875)
continue (3.7026665643) (-23.5838139924)
continue (3.7204896494) (-23.8020554103)
continue (3.7383317846) (-24.2520772839)
continue (3.7481524197) (-146.0094835560)
continue (3.7489021252) (-23.4117282932)
continue (3.7561600736) (-23.4537337937)
continue (3.7740029190) (-23.5631760746)
continue (3.7918425237) (-23.7064253227)
continue (3.8096445268) (-23.9182927299)
continue (3.8125294258) (-23.9625575649)
continue (3.8153867477) (-24.0123578632)
continue (3.8182323571) (-24.0689903857)
continue (3.8210822144) (-24.1345702786)
continue (3.8239363290) (-24.2123766071)
continue (3.8267947105) (-24.3079042754)
continue (3.8296412741) (-24.4314533249)
continue (3.8324920757) (-24.6061458850)
continue (3.8353471248) (-24.9057700189)
continue (3.8381459698) (-81.1682581664)
continue (3.8389136758) (-23.7242280998)
continue (3.8430948760) (-23.7677893773)
continue (3.8479632917) (-23.8167216129)
continue (3.8528440576) (-23.8724675997)
continue (3.8577372208) (-23.9371473711)
continue (3.8626100831) (-24.0140340246)
continue (3.8674952713) (-24.1086275944)
continue (3.8723763766) (-24.2312265265)
continue (3.8772533211) (-24.4049548409)
continue (3.8821260270) (-24.7036002931)
continue (3.8872689984) (-55.8147412347)
continue (3.8880465300) (-23.9507819773)
continue (3.8899644875) (-23.9952230710)
continue (3.8929224712) (-24.0449827251)
continue (3.8958849568) (-24.1015732242)
continue (3.8988519547) (-24.1671099696)
continue (3.9018067686) (-24.2448724687)
continue (3.9047660647) (-24.3403547245)
continue (3.9077130959) (-24.4638583771)
continue (3.9106813613) (-24.6385044792)
continue (3.9136373315) (-24.9380803026)
continue (3.9156676117) (-43.6691805335)
continue (3.9164508235) (-24.1469104701)
continue (3.9185008743) (-24.1917849746)
continue (3.9204226914) (-24.2420204954)
continue (3.9223295118) (-24.2990930252)
continue (3.9242381880) (-24.3651158324)
continue (3.9261487226) (-24.4433694895)
continue (3.9280611185) (-24.5393486780)
continue (3.9299753783) (-24.6633521793)
continue (3.9318915048) (-24.8385062203)
continue (3.9338095006) (-25.1385946422)
continue (3.9359648088) (-37.1788141174)
continue (3.9367520805) (-24.3204812563)
continue (3.9370216616) (-24.3656335848)
continue (3.9383148035) (-24.4161576320)
continue (3.9396087952) (-24.4735198583)
continue (3.9409036375) (-24.5398361186)
continue (3.9421993313) (-24.6183850010)
continue (3.9434958773) (-24.7146587669)
continue (3.9447932764) (-24.8389615876)
continue (3.9460915295) (-25.0144159151)
continue (3.9473906374) (-25.3148066244)
continue (3.9479023104) (-33.4196453389)
continue (3.9486919698) (-24.4624327428)
continue (3.9496318982) (-24.5077328361)
continue (3.9505736443) (-24.5584258240)
continue (3.9515158397) (-24.6159567789)
continue (3.9524584845) (-24.6824422441)
continue (3.9534015792) (-24.7611613427)
continue (3.9543451241) (-24.8576074050)
continue (3.9552891195) (-24.9820822692)
continue (3.9562335657) (-25.1577078612)
continue (3.9571784630) (-25.4582697776)
continue (3.9581922382) (-30.3687592198)
continue (3.9589839558) (-23.8807441107)
continue (3.9963853212) (-25.6753060861)
continue (3.9971846782) (-25.6753060861)
continue (4.1935893733) (-25.6613443344)
continue (4.3980066159) (-25.7050930894)
continue (4.6140099788) (-25.6627404602)
continue (4.8420136600) (-25.6538426978)
continue (5.0795260358) (-25.6460837691)
continue (5.3290466130) (-25.6503340159)
continue (5.5905949130) (-25.6326440790)
continue (5.8640088212) (-25.5712174885)
continue (6.1530517948) (-25.5694412305)
continue (6.4537320879) (-25.5341711846)
continue (6.7752191139) (-25.5483670525)
continue (7.1026264288) (-25.5279753023)
continue (7.4571765206) (-25.4765136677)
continue (7.8220340843) (-25.4832002959)
continue (8.2022229596) (-25.4655931009)
continue (8.6049761172) (-25.4430947309)
continue (9.0313872232) (-25.4212462156)
continue (9.4736144175) (-25.3991359637)
continue (9.9396484600) (-25.3759242689)
continue (10.4275886350) (-25.3555614105)
continue (10.9395794816) (-25.3317072896)
continue (11.4769139901) (-25.3078583906)
continue (12.0410540541) (-25.2839131462)
continue (12.6319236321) (-25.2600323032)
continue (13.2528646134) (-25.2361229685)
continue (13.9039818556) (-25.2123978538)
continue (14.5849387135) (-25.1888273049)
continue (15.3025519868) (-25.1654521423)
continue (16.0547387388) (-25.1423660148)
continue (16.8410085163) (-25.1196438006)
continue (17.6704861512) (-25.0973445248)
continue (18.5367569328) (-25.0755139563)
continue (19.4465849513) (-25.0543345006)
continue (20.4045448011) (-25.0338113190)
continue (21.4063183185) (-25.0140797799)
continue (22.4560613804) (-24.9952488444)
continue (23.5591254089) (-24.9775716288)
continue (24.7156759104) (-24.9605858808)
continue (25.9324692890) (-24.9453869454)
continue (27.2019991288) (-24.9314431049)
continue (28.5395230447) (-24.9193735131)
continue (29.9463348937) (-24.9090369234)
continue (31.4121672119) (-24.9006647223)
continue (32.9572141344) (-24.8944898152)
continue (34.5700671782) (-24.8907590314)
continue (36.2765513860) (-24.8897470826)
continue (38.0487252951) (-24.8910968723)
continue (39.9153294269) (-24.8951715963)
continue (41.8780777030) (-24.9017024635)
continue (43.9376552949) (-24.9108016332)
continue (46.0934229042) (-24.9226320947)
continue (48.3687351813) (-24.9366666410)
continue (50.7386954798) (-24.9527251326)
continue (53.2282109122) (-24.9710222948)
continue (55.8374369373) (-24.9909742579)
continue (58.6023775445) (-25.0123337351)
continue (61.4475368049) (-25.0339991424)
continue (64.4916469085) (-25.0575454737)
continue (67.6515939730) (-25.0834407807)
continue (70.9709478829) (-25.1102502247)
continue (74.4499159164) (-25.1379282806)
continue (78.0862871308) (-25.1660882849)
continue (81.9484685986) (-25.1945671119)
continue (85.9685821525) (-25.2235167442)
continue (90.2244525561) (-25.2523551807)
continue (94.6279305105) (-25.2809174261)
continue (99.2773690834) (-25.3097152975)
continue (104.1567002876) (-25.3368646850)
continue (109.2777276432) (-25.3640138882)
continue (114.6391962280) (-25.3885953623)
continue (120.2675162751) (-25.4121768287)
continue (126.1793091687) (-25.4314462880)
continue (132.3746325997) (-25.4458744185)
continue (138.8703094813) (-25.4541982428)
continue (145.6861663975) (-25.4597957002)
continue (152.8458522000) (-25.4653394242)
continue (160.3496341398) (-25.4712118082)
continue (168.2235500861) (-25.4774253673)
continue (176.4995101330) (-25.4838614233)
continue (185.1792259330) (-25.4899914871)
continue (194.2585740389) (-25.4951215406)
continue (203.8172603034) (-25.5001755042)
continue (213.8120532183) (-25.5055671013)
continue (224.3394807525) (-25.5107448316)
continue (235.3478746943) (-25.5155577924)
continue (246.8889110855) (-25.5201368870)
continue (259.0298382082) (-25.5244740850)
continue (271.6955786573) (-25.5290018303)
continue (285.0381516473) (-25.5332806283)
continue (299.0702234383) (-25.5374522712)
continue (313.7971662591) (-25.5415132362)
continue (329.2149461042) (-25.5456125329)
continue (345.3076812491) (-25.5495969138)
continue (362.3327915771) (-25.5539290643)
continue (380.1697834028) (-25.5587763258)
continue (398.8039259591) (-25.5644741485)
continue (418.3962216788) (-25.5718652060)
continue (438.9532614723) (-25.5813673126)
continue (460.4684036465) (-25.5936301645)
continue (483.1744277924) (-25.6099485035)
continue (506.8225644140) (-25.6278247139)
continue (531.6610098112) (-25.6432095396)
continue (557.6909246123) (-25.6524748400)
continue (585.2710152964) (-25.6569855028)
continue (614.0613010893) (-25.6613443344)
continue (644.0049263721) (-25.6651443104)
continue (675.5129509388) (-25.6685727035)
continue (709.1571757327) (-25.6722325101)
continue (743.8914047481) (-25.6759234203)
continue (780.1943243292) (-25.6798537139)
continue (818.7484014523) (-25.6838199011)
continue (858.8755615612) (-25.6880343396)
continue (901.3520977413) (-25.6920762964)
continue (945.2976875689) (-25.6957249495)
continue (991.6932972211) (-25.6991872059)
continue (1040.3778637019) (-25.7020207558)
continue (1091.4684043795) (-25.7048729147)
continue (1145.0954647103) (-25.7075224063)
continue (1201.4066853216) (-25.7104110475)
continue (1260.3969167586) (-25.7142177262)
continue (1322.2097661295) (-25.7185121121)
continue (1387.2232772362) (-25.7239980100)
continue (1455.2331057433) (-25.7304870558)
continue (1526.6660593340) (-25.7382614526)
continue (1601.8051868807) (-25.7476324855)
continue (1680.3742777364) (-25.7584535194)
continue (1762.9463548393) (-25.7710865940)
continue (1849.5371845270) (-25.7851561520)
continue (1940.5173995240) (-25.8007935208)
continue (2035.8958239867) (-25.8175853476)
continue (2135.6151179200) (-25.8353497841)
continue (2240.6367612895) (-25.8541822855)
continue (2350.4435667177) (-25.8738685927)
continue (2466.2164298145) (-25.8948305720)
continue (2587.3565326986) (-25.9161391991)
continue (2714.5277653156) (-25.9377941912)
continue (2847.7092838014) (-25.9605858808)
continue (2987.7605600540) (-25.9833844524)
continue (3133.6553329314) (-26.0069166393)
continue (3288.5852429320) (-26.0309103970)
continue (3449.1558320078) (-26.0555173278)
continue (3619.0110040368) (-26.0808172710)
continue (3796.9457117352) (-26.1066266698)
continue (3982.8101871349) (-26.1327093301)
continue (4178.2071105752) (-26.1592041012)
continue (4383.1985128257) (-26.1860189244)
continue (4600.0351883718) (-26.2133195468)
continue (4826.6259047482) (-26.2412394561)
continue (5062.5942823136) (-26.2695407400)
continue (5310.4135828465) (-26.2980005251)
continue (5573.4982924554) (-26.3267947182)
continue (5845.2018654038) (-26.3559555072)
continue (6132.3483904203) (-26.3858412905)
continue (6435.5012063309) (-26.4158950296)
continue (6750.1257097515) (-26.4462383016)
continue (7080.5514437953) (-26.4775557665)
continue (7426.7886782107) (-26.5091990480)
continue (7795.2692114325) (-26.5409092104)
continue (8180.1343879395) (-26.5728385971)
continue (8580.6682751079) (-26.6053732357)
continue (8995.7252795307) (-26.6382721640)
continue (9442.2025781417) (-26.6712127996)
continue (9905.0757697441) (-26.7046528517)
continue (10391.9143667061) (-26.7384992268)
continue (10902.9309741141) (-26.7721132954)
continue (11438.0189634299) (-26.8057632513)
continue (11999.8284279228) (-26.8395314689)
continue (12588.2990857364) (-26.8735438866)
continue (13206.7676929921) (-26.9083330424)
continue (13855.3591427164) (-26.9434762759)
continue (14536.0818442568) (-26.9783972840)
continue (15251.3300555055) (-27.0137210441)
continue (15998.3667629294) (-27.0492458184)
continue (16785.1716856964) (-27.0851281825)
continue (17609.0235906562) (-27.1213058996)
continue (18476.6214682980) (-27.1579527115)
continue (19380.4119697247) (-27.1954516916)
continue (20336.2412590149) (-27.2333641137)
continue (21331.1556839058) (-27.2718086014)
continue (22378.8548825259) (-27.3111354319)
continue (23480.2105337917) (-27.3510548178)
continue (24635.4952910640) (-27.3921162556)
continue (25844.2135795932) (-27.4339162158)
continue (27112.9714613644) (-27.4765136677)
continue (28441.5409118744) (-27.5205686628)
continue (29838.4731767013) (-27.5654310960)
continue (31304.2587020425) (-27.6113660306)
continue (32838.4493987912) (-27.6585654754)
continue (34452.4374599794) (-27.7066374453)
continue (36147.0436658650) (-27.7562180839)
continue (37922.0545491659) (-27.8068754016)
continue (39793.3175029020) (-27.8585502266)
continue (41743.7916086329) (-27.9129287941)
continue (43789.8592415404) (-27.9689957186)
continue (45953.9571768258) (-28.0261335502)
continue (48189.6864524831) (-28.0851281825)
continue (50569.7542073505) (-28.1455117750)
continue (53042.3149485714) (-28.2080287990)
continue (55666.8888708892) (-28.2722961163)
continue (58377.1281753015) (-28.3382819423)
continue (61241.0598666973) (-28.4074901521)
continue (64264.2433580011) (-28.4791236183)
continue (67401.4031668977) (-28.5536181878)
continue (70750.5412124578) (-28.6309697782)
continue (74207.4080469427) (-28.7104110475)
continue (77819.5534429083) (-28.7931741240)
continue (81654.7464889298) (-28.8787685449)
continue (85725.9615067221) (-28.9665762445)
continue (89868.5375558636) (-29.0594337135)
continue (94314.5281325250) (-29.1549640065)
continue (98943.2107292569) (-29.2542227821)
continue (103800.7712514473) (-29.3578323656)
continue (108899.0165889647) (-29.4640732586)
continue (114251.1247262358) (-29.5757719293)
continue (119856.2371190920) (-29.6914355864)
continue (125744.0279862641) (-29.8102290437)
continue (131933.8310143994) (-29.9366666410)
continue (138406.2835383439) (-30.0664114898)
continue (145198.6887852862) (-30.2014874670)
continue (152334.8329683143) (-30.3427528701)
continue (159815.3228369794) (-30.4845235586)
continue (167666.4159735890) (-30.6281935415)
continue (175886.3097503294) (-30.7562180839)
continue (184541.7113844586) (-30.8507808873)
continue (193598.2517137149) (-30.9090369234)
continue (203090.4771153235) (-30.9446216686)
continue (213112.0137550178) (-30.9800533183)
continue (223568.9329775408) (-31.0153376938)
continue (234560.3528485087) (-31.0507564094)
continue (246022.4003284170) (-31.0861861476)
continue (258149.2835174097) (-31.1215931124)
continue (270807.4207478325) (-31.1570165299)
continue (284149.3516733571) (-31.1924649719)
continue (298091.9106367211) (-31.2278250392)
continue (312720.3057022843) (-31.2632052451)
continue (328029.8671045559) (-31.2986047310)
continue (344134.0524231330) (-31.3340439705)
continue (361040.7966784692) (-31.3694704286)
continue (378747.7019187267) (-31.4048345852)
continue (397412.5472378789) (-31.4402130318)
continue (416865.0369700166) (-31.4756038779)
continue (437478.1424946981) (-31.5110264753)
continue (458845.4032308441) (-31.5463759264)
continue (481387.7289046257) (-31.5818645016)
continue (505136.9017829581) (-31.6172627342)
continue (529806.3783816607) (-31.6526699847)
continue (555989.6100161417) (-31.6880343396)
continue (583397.5485380642) (-31.7235381958)
continue (611999.3088089029) (-31.7587026129)
continue (3672982.5506507708) (-32.8344589233)
continue (3709712.3761572787) (-50.0000000000)
continue (7354000.0000000000) (-50.0000000000)
f(nu) = -20.3893187879 at 1.0000000000 Ryd
