# Puchwein et al 2019
# z = 4.356000
# E [Ryd] log (J_nu)
interpolate (0.0000000100) (-50.0000000000)
continue (0.0007810860 dimensionless) (-50.0000000000)
continue (0.0007889757 dimensionless) (-17.8830603534)
continue (0.0008276721 dimensionless) (-17.9048306486)
continue (0.0008678733 dimensionless) (-17.9277501024)
continue (0.0009112670 dimensionless) (-17.9531148092)
continue (0.0009556071 dimensionless) (-17.9796387174)
continue (0.0010026042 dimensionless) (-18.0065637695)
continue (0.0010517855 dimensionless) (-18.0345160758)
continue (0.0011034960 dimensionless) (-18.0634862575)
continue (0.0011577525 dimensionless) (-18.0935572062)
continue (0.0012145368 dimensionless) (-18.1243022380)
continue (0.0012741429 dimensionless) (-18.1553364718)
continue (0.0013367566 dimensionless) (-18.1866859411)
continue (0.0014023807 dimensionless) (-18.2186036948)
continue (0.0014712092 dimensionless) (-18.2511919950)
continue (0.0015434739 dimensionless) (-18.2844144481)
continue (0.0016194544 dimensionless) (-18.3179452229)
continue (0.0016988571 dimensionless) (-18.3515424057)
continue (0.0017822550 dimensionless) (-18.3851027840)
continue (0.0018700328 dimensionless) (-18.4188471080)
continue (0.0019618234 dimensionless) (-18.4525945403)
continue (0.0020579652 dimensionless) (-18.4865160433)
continue (0.0021594004 dimensionless) (-18.5207126835)
continue (0.0022651429 dimensionless) (-18.5553307691)
continue (0.0023768048 dimensionless) (-18.5900668767)
continue (0.0024932065 dimensionless) (-18.6245192854)
continue (0.0026155768 dimensionless) (-18.6589613683)
continue (0.0027439535 dimensionless) (-18.6929320493)
continue (0.0028792005 dimensionless) (-18.7269987279)
continue (0.0030204407 dimensionless) (-18.7604502792)
continue (0.0031685222 dimensionless) (-18.7939841232)
continue (0.0033245785 dimensionless) (-18.8268137316)
continue (0.0034874358 dimensionless) (-18.8594919570)
continue (0.0036582375 dimensionless) (-18.8917733436)
continue (0.0038385298 dimensionless) (-18.9229956732)
continue (0.0040268094 dimensionless) (-18.9538952128)
continue (0.0042246962 dimensionless) (-18.9838026465)
continue (0.0044322323 dimensionless) (-19.0124677973)
continue (0.0046493213 dimensionless) (-19.0401956835)
continue (0.0048783028 dimensionless) (-19.0673740560)
continue (0.0051194774 dimensionless) (-19.0942580726)
continue (0.0053698702 dimensionless) (-19.1208467538)
continue (0.0056320579 dimensionless) (-19.1472151313)
continue (0.0059096431 dimensionless) (-19.1732774798)
continue (0.0061990950 dimensionless) (-19.1990768182)
continue (0.0065044038 dimensionless) (-19.2247537403)
continue (0.0068259698 dimensionless) (-19.2502636844)
continue (0.0071584208 dimensionless) (-19.2758060805)
continue (0.0075125059 dimensionless) (-19.3017254233)
continue (0.0078829323 dimensionless) (-19.3273480772)
continue (0.0082692103 dimensionless) (-19.3509573659)
continue (0.0086704755 dimensionless) (-19.3719177390)
continue (0.0090944807 dimensionless) (-19.3893398369)
continue (0.0095460609 dimensionless) (-19.4036228560)
continue (0.0100150233 dimensionless) (-19.4153296155)
continue (0.0105069407 dimensionless) (-19.4244657817)
continue (0.0110229463 dimensionless) (-19.4310945850)
continue (0.0115643017 dimensionless) (-19.4350973275)
continue (0.0121324320 dimensionless) (-19.4367562989)
continue (0.0127271923 dimensionless) (-19.4359260210)
continue (0.0133518970 dimensionless) (-19.4327383076)
continue (0.0140087159 dimensionless) (-19.4273607030)
continue (0.0146954841 dimensionless) (-19.4193030603)
continue (0.0154190689 dimensionless) (-19.4080454450)
continue (0.0161744226 dimensionless) (-19.3928667956)
continue (0.0169695898 dimensionless) (-19.3735569747)
continue (0.0178051382 dimensionless) (-19.3495953301)
continue (0.0186773308 dimensionless) (-19.3212995650)
continue (0.0195971392 dimensionless) (-19.2895441357)
continue (0.0205564397 dimensionless) (-19.2564902353)
continue (0.0215684490 dimensionless) (-19.2276782933)
continue (0.0226289290 dimensionless) (-19.2025939503)
continue (0.0237370922 dimensionless) (-19.1777665198)
continue (0.0249048093 dimensionless) (-19.1534154971)
continue (0.0261257732 dimensionless) (-19.1298888446)
continue (0.0274065254 dimensionless) (-19.1072933622)
continue (0.0287556633 dimensionless) (-19.0859214146)
continue (0.0301644148 dimensionless) (-19.0654005618)
continue (0.0316522046 dimensionless) (-19.0440237778)
continue (0.0332094377 dimensionless) (-19.0206793026)
continue (0.0348343643 dimensionless) (-18.9939620450)
continue (0.0365530273 dimensionless) (-18.9633711046)
continue (0.0383368519 dimensionless) (-18.9336740746)
continue (0.0402325373 dimensionless) (-18.9122185822)
continue (0.0422078263 dimensionless) (-18.8982529261)
continue (0.0442792503 dimensionless) (-18.8873949985)
continue (0.0464458191 dimensionless) (-18.8790971824)
continue (0.0487308541 dimensionless) (-18.8741935419)
continue (0.0511373160 dimensionless) (-18.8735438866)
continue (0.0536354897 dimensionless) (-18.8787685449)
continue (0.0562510476 dimensionless) (-18.8877302316)
continue (0.0590198815 dimensionless) (-18.8965383779)
continue (0.0619488083 dimensionless) (-18.9027426903)
continue (0.0649513165 dimensionless) (-18.9055288714)
continue (0.0681575894 dimensionless) (-18.9076303004)
continue (0.0715280197 dimensionless) (-18.9100948886)
continue (0.0750013968 dimensionless) (-18.9136401693)
continue (0.0786931754 dimensionless) (-18.9182927299)
continue (0.0825422981 dimensionless) (-18.9248181454)
continue (0.0866223356 dimensionless) (-18.9336740746)
continue (0.0908541347 dimensionless) (-18.9438577379)
continue (0.0953507346 dimensionless) (-18.9531148092)
continue (0.1000293052 dimensionless) (-18.9641701747)
continue (0.1049484016 dimensionless) (-18.9746941347)
continue (0.1100962874 dimensionless) (-18.9821322810)
continue (0.1155110877 dimensionless) (-18.9901243663)
continue (0.1211791185 dimensionless) (-18.9978339382)
continue (0.1271298787 dimensionless) (-19.0040140021)
continue (0.1333821679 dimensionless) (-19.0085524020)
continue (0.1399365741 dimensionless) (-19.0137658699)
continue (0.1467891383 dimensionless) (-19.0190880622)
continue (0.1540082763 dimensionless) (-19.0252120678)
continue (0.1615721579 dimensionless) (-19.0323584359)
continue (0.1695065050 dimensionless) (-19.0407200499)
continue (0.1778428905 dimensionless) (-19.0504148487)
continue (0.1865820989 dimensionless) (-19.0593839177)
continue (0.1957188511 dimensionless) (-19.0713993402)
continue (0.2053328010 dimensionless) (-19.0899628764)
continue (0.2154295439 dimensionless) (-19.1123264475)
continue (0.2260086733 dimensionless) (-19.1405614645)
continue (0.2371238540 dimensionless) (-19.1646265475)
continue (0.2487761318 dimensionless) (-19.1716623999)
continue (0.2609584682 dimensionless) (-19.1690266027)
continue (0.2738182004 dimensionless) (-19.1694113313)
continue (0.2872846692 dimensionless) (-19.1695396500)
continue (0.3013448978 dimensionless) (-19.1696038235)
continue (0.3161925645 dimensionless) (-19.1695396500)
continue (0.3317316967 dimensionless) (-19.1674272252)
continue (0.3479446242 dimensionless) (-19.1646265475)
continue (0.3650909338 dimensionless) (-19.1612768100)
continue (0.3830462256 dimensionless) (-19.1575155756)
continue (0.4017931970 dimensionless) (-19.1559579580)
continue (0.4214925859 dimensionless) (-19.1571412376)
continue (0.4421479723 dimensionless) (-19.1593294387)
continue (0.4639852194 dimensionless) (-19.1636125807)
continue (0.4867879118 dimensionless) (-19.1736659944)
continue (0.5105137091 dimensionless) (-19.1880230557)
continue (0.5357242627 dimensionless) (-19.2074682381)
continue (0.5621634613 dimensionless) (-19.2306965398)
continue (0.5898168096 dimensionless) (-19.2456516643)
continue (0.6186469591 dimensionless) (-19.2695407400)
continue (0.6490505490 dimensionless) (-19.3046058917)
continue (0.6810664954 dimensionless) (-19.3336692557)
continue (0.7141590680 dimensionless) (-19.3768541254)
continue (0.7493971799 dimensionless) (-19.4096040528)
continue (0.7493971799 dimensionless) (-19.6497519817)
continue (0.7862527790 dimensionless) (-19.7344746648)
continue (0.8246759917 dimensionless) (-19.8804142250)
continue (0.8288690942 dimensionless) (-19.9036392824)
continue (0.8329222993 dimensionless) (-19.9248181454)
continue (0.8369692137 dimensionless) (-19.9463799871)
continue (0.8410245965 dimensionless) (-19.9683532442)
continue (0.8450724461 dimensionless) (-19.9907658806)
continue (0.8491277985 dimensionless) (-20.0134911606)
continue (0.8531743306 dimensionless) (-20.0366849612)
continue (0.8572273582 dimensionless) (-20.0604562878)
continue (0.8612783740 dimensionless) (-20.0853823878)
continue (0.8654007320 dimensionless) (-20.1115958323)
continue (0.8695793374 dimensionless) (-20.1468751433)
continue (0.8738320076 dimensionless) (-20.1820355538)
continue (0.8780757090 dimensionless) (-20.2169343884)
continue (0.8823266565 dimensionless) (-20.2535534132)
continue (0.8865758338 dimensionless) (-20.2921454967)
continue (0.8881744355 dimensionless) (-20.3097152975)
continue (0.8881744355 dimensionless) (-20.1489863932)
continue (0.8908313008 dimensionless) (-20.1661831500)
continue (0.8950838547 dimensionless) (-20.1968632605)
continue (0.8993328242 dimensionless) (-20.2274721990)
continue (0.9035775261 dimensionless) (-20.2592750232)
continue (0.9076364251 dimensionless) (-20.2924298239)
continue (0.9122887342 dimensionless) (-20.3412123399)
continue (0.9167472861 dimensionless) (-20.3897295995)
continue (0.9212067921 dimensionless) (-20.4375810300)
continue (0.9256657008 dimensionless) (-20.4902210420)
continue (0.9301243111 dimensionless) (-20.5488524317)
continue (0.9345829462 dimensionless) (-20.6152005116)
continue (0.9370354456 dimensionless) (-20.6560009309)
continue (0.9370354456 dimensionless) (-20.5723516288)
continue (0.9390419537 dimensionless) (-20.5976319920)
continue (0.9435007297 dimensionless) (-20.6590306867)
continue (0.9479596448 dimensionless) (-20.7289464119)
continue (0.9524111317 dimensionless) (-20.8105096863)
continue (0.9531313595 dimensionless) (-20.8260478339)
continue (0.9538446901 dimensionless) (-20.8426822767)
continue (0.9545580893 dimensionless) (-20.8593537087)
continue (0.9552715550 dimensionless) (-20.8760634677)
continue (0.9559850851 dimensionless) (-20.8928137815)
continue (0.9566986776 dimensionless) (-20.9096043776)
continue (0.9574113244 dimensionless) (-20.9264356041)
continue (0.9581250337 dimensionless) (-20.9433161617)
continue (0.9588387990 dimensionless) (-20.9602409619)
continue (0.9595314002 dimensionless) (-20.9771593891)
continue (0.9595314002 dimensionless) (-20.9251835594)
continue (0.9607716931 dimensionless) (-20.9510690167)
continue (0.9619918385 dimensionless) (-20.9769287057)
continue (0.9632120325 dimensionless) (-21.0027342212)
continue (0.9644322638 dimensionless) (-21.0284843347)
continue (0.9656525208 dimensionless) (-21.0541755574)
continue (0.9668727920 dimensionless) (-21.0798036015)
continue (0.9680930657 dimensionless) (-21.1053644274)
continue (0.9693133303 dimensionless) (-21.1308527999)
continue (0.9705335740 dimensionless) (-21.1562640559)
continue (0.9717071559 dimensionless) (-21.1815761449)
continue (0.9717071559 dimensionless) (-21.1458154562)
continue (0.9724931975 dimensionless) (-21.1599158719)
continue (0.9732326966 dimensionless) (-21.1739777047)
continue (0.9739722802 dimensionless) (-21.1879694920)
continue (0.9747119461 dimensionless) (-21.2018875502)
continue (0.9754506480 dimensionless) (-21.2157301393)
continue (0.9761904704 dimensionless) (-21.2294955630)
continue (0.9769303686 dimensionless) (-21.2431806293)
continue (0.9776692914 dimensionless) (-21.2567827378)
continue (0.9784093329 dimensionless) (-21.2702999644)
continue (0.9791199858 dimensionless) (-21.2837461741)
continue (0.9791199858 dimensionless) (-21.2575891194)
continue (0.9796262717 dimensionless) (-21.2657347695)
continue (0.9801046187 dimensionless) (-21.2738353751)
continue (0.9805823779 dimensionless) (-21.2818912638)
continue (0.9810606032 dimensionless) (-21.2898995668)
continue (0.9815392951 dimensionless) (-21.2978608143)
continue (0.9820173961 dimensionless) (-21.3057739872)
continue (0.9824949039 dimensionless) (-21.3136390499)
continue (0.9829728762 dimensionless) (-21.3214533973)
continue (0.9834513138 dimensionless) (-21.3292181056)
continue (0.9838771009 dimensionless) (-21.3369590251)
continue (0.9838771009 dimensionless) (-21.3169529618)
continue (0.9842532892 dimensionless) (-21.3219580583)
continue (0.9845776371 dimensionless) (-21.3269090213)
continue (0.9849011343 dimensionless) (-21.3318350146)
continue (0.9852259094 dimensionless) (-21.3367345294)
continue (0.9855498328 dimensionless) (-21.3416079274)
continue (0.9858739693 dimensionless) (-21.3464556191)
continue (0.9861983191 dimensionless) (-21.3512761149)
continue (0.9865228824 dimensionless) (-21.3560708481)
continue (0.9868465907 dimensionless) (-21.3608373601)
continue (0.9871812055 dimensionless) (-21.3656235059)
continue (0.9871812055 dimensionless) (-21.3497896453)
continue (0.9874069046 dimensionless) (-21.3531132306)
continue (0.9876423407 dimensionless) (-21.3564140945)
continue (0.9878789599 dimensionless) (-21.3596994739)
continue (0.9881146211 dimensionless) (-21.3629698250)
continue (0.9883503948 dimensionless) (-21.3662256261)
continue (0.9885862810 dimensionless) (-21.3694653444)
continue (0.9888222799 dimensionless) (-21.3726904824)
continue (0.9890583914 dimensionless) (-21.3759005319)
continue (0.9892935417 dimensionless) (-21.3790949772)
continue (0.9895395492 dimensionless) (-21.3822659646)
continue (0.9895395492 dimensionless) (-21.3694704286)
continue (0.9991962399 dimensionless) (-21.4821445811)
continue (1.0439534549 dimensionless) (-21.6001532873)
continue (1.0951411739 dimensionless) (-21.6571826854)
continue (1.1489937849 dimensionless) (-21.6918626214)
continue (1.2053795910 dimensionless) (-21.6873995607)
continue (1.2645947416 dimensionless) (-21.6802695057)
continue (1.3266370226 dimensionless) (-21.7185121121)
continue (1.3918847882 dimensionless) (-21.7340036295)
continue (1.4601297401 dimensionless) (-21.7624562619)
continue (1.5320561043 dimensionless) (-21.8233300673)
continue (1.6071727880 dimensionless) (-21.9344202853)
continue (1.6862823294 dimensionless) (-21.9714287473)
continue (1.7691069129 dimensionless) (-21.9321854888)
continue (1.8559408774 dimensionless) (-21.9991322785)
continue (1.9471516470 dimensionless) (-22.0433514208)
continue (2.0427414724 dimensionless) (-22.1049644025)
continue (2.1431490377 dimensionless) (-22.1181020264)
continue (2.2483764392 dimensionless) (-22.1523039793)
continue (2.3583513737 dimensionless) (-22.2129648180)
continue (2.4742518893 dimensionless) (-22.2751509124)
continue (2.5962021961 dimensionless) (-22.3021606318)
continue (2.7234517956 dimensionless) (-22.3074174377)
continue (2.8575320502 dimensionless) (-22.3772680348)
continue (2.9975887198 dimensionless) (-22.4595453863)
continue (2.9975887198 dimensionless) (-22.5204246898)
continue (3.1444684983 dimensionless) (-22.5855280504)
continue (3.2993011253 dimensionless) (-22.7146677724)
continue (3.3154824080 dimensionless) (-22.7423358219)
continue (3.3316770164 dimensionless) (-22.7679115224)
continue (3.3478830047 dimensionless) (-22.7958637316)
continue (3.3640859670 dimensionless) (-22.8266126619)
continue (3.3802960540 dimensionless) (-22.8606940568)
continue (3.3964985345 dimensionless) (-22.9002192548)
continue (3.4127037129 dimensionless) (-22.9453639675)
continue (3.4289094326 dimensionless) (-22.9960399719)
continue (3.4451134960 dimensionless) (-23.0538524375)
continue (3.4609455785 dimensionless) (-23.1211910676)
continue (3.4783173495 dimensionless) (-23.2032834690)
continue (3.4953146235 dimensionless) (-23.3060041179)
continue (3.5123163736 dimensionless) (-23.4470010188)
continue (3.5293202949 dimensionless) (-23.6676585097)
continue (3.5463240368 dimensionless) (-24.1726688586)
continue (3.5540833495 dimensionless) (-inf)
continue (3.5540833495 dimensionless) (-22.9550684539)
continue (3.5633252031 dimensionless) (-22.9739286487)
continue (3.5803213519 dimensionless) (-23.0094653572)
continue (3.5973241965 dimensionless) (-23.0488981523)
continue (3.6143172719 dimensionless) (-23.0937921400)
continue (3.6319927095 dimensionless) (-23.1456332220)
continue (3.6491549368 dimensionless) (-23.2221470676)
continue (3.6669965225 dimensionless) (-23.3101603649)
continue (3.6848197184 dimensionless) (-23.4189758660)
continue (3.7026665643 dimensionless) (-23.5629712191)
continue (3.7204896494 dimensionless) (-23.7786666293)
continue (3.7383317846 dimensionless) (-24.2264666016)
continue (3.7485272350 dimensionless) (-131.2628869057)
continue (3.7485272350 dimensionless) (-23.3700809645)
continue (3.7561600736 dimensionless) (-23.4106290991)
continue (3.7740029190 dimensionless) (-23.5171678478)
continue (3.7918425237 dimensionless) (-23.6578518010)
continue (3.8096445268 dimensionless) (-23.8674201523)
continue (3.8125294258 dimensionless) (-23.9117469334)
continue (3.8153867477 dimensionless) (-23.9615427787)
continue (3.8182323571 dimensionless) (-24.0181727885)
continue (3.8210822144 dimensionless) (-24.0837514028)
continue (3.8239363290 dimensionless) (-24.1615589601)
continue (3.8267947105 dimensionless) (-24.2570903524)
continue (3.8296412741 dimensionless) (-24.3806447101)
continue (3.8324920757 dimensionless) (-24.5553463690)
continue (3.8353471248 dimensionless) (-24.8549808297)
continue (3.8385297844 dimensionless) (-74.2426039712)
continue (3.8385297844 dimensionless) (-23.6677635845)
continue (3.8430948760 dimensionless) (-23.7112501261)
continue (3.8479632917 dimensionless) (-23.7601351798)
continue (3.8528440576 dimensionless) (-23.8158453822)
continue (3.8577372208 dimensionless) (-23.8804900766)
continue (3.8626100831 dimensionless) (-23.9573536203)
continue (3.8674952713 dimensionless) (-24.0519300079)
continue (3.8723763766 dimensionless) (-24.1745180572)
continue (3.8772533211 dimensionless) (-24.3482423943)
continue (3.8821260270 dimensionless) (-24.6468881217)
continue (3.8876577253 dimensionless) (-51.9558523791)
continue (3.8876577253 dimensionless) (-23.8907590314)
continue (3.8899644875 dimensionless) (-23.9350331362)
continue (3.8929224712 dimensionless) (-23.9847744103)
continue (3.8958849568 dimensionless) (-24.0413520371)
continue (3.8988519547 dimensionless) (-24.1068760040)
continue (3.9018067686 dimensionless) (-24.1846288231)
continue (3.9047660647 dimensionless) (-24.2801038347)
continue (3.9077130959 dimensionless) (-24.4036019558)
continue (3.9106813613 dimensionless) (-24.5782463989)
continue (3.9136373315 dimensionless) (-24.8778234558)
continue (3.9160591784 dimensionless) (-41.2868455982)
continue (3.9160591784 dimensionless) (-24.0844418846)
continue (3.9185008743 dimensionless) (-24.1292801463)
continue (3.9204226914 dimensionless) (-24.1795082319)
continue (3.9223295118 dimensionless) (-24.2365727552)
continue (3.9242381880 dimensionless) (-24.3025901748)
continue (3.9261487226 dimensionless) (-24.3808388162)
continue (3.9280611185 dimensionless) (-24.4768143170)
continue (3.9299753783 dimensionless) (-24.6008144853)
continue (3.9318915048 dimensionless) (-24.7759670394)
continue (3.9338095006 dimensionless) (-25.0760538007)
continue (3.9363584053 dimensionless) (-35.5915904215)
continue (3.9363584053 dimensionless) (-24.2564118498)
continue (3.9370216616 dimensionless) (-24.3015723337)
continue (3.9383148035 dimensionless) (-24.3520930627)
continue (3.9396087952 dimensionless) (-24.4094512848)
continue (3.9409036375 dimensionless) (-24.4757636030)
continue (3.9421993313 dimensionless) (-24.5543086353)
continue (3.9434958773 dimensionless) (-24.6505825881)
continue (3.9447932764 dimensionless) (-24.7748820568)
continue (3.9460915295 dimensionless) (-24.9503324051)
continue (3.9473906374 dimensionless) (-25.2507237238)
continue (3.9482971006 dimensionless) (-32.2968806538)
continue (3.9482971006 dimensionless) (-24.3972890550)
continue (3.9496318982 dimensionless) (-24.4425445315)
continue (3.9505736443 dimensionless) (-24.4932339282)
continue (3.9515158397 dimensionless) (-24.5507623423)
continue (3.9524584845 dimensionless) (-24.6172447440)
continue (3.9534015792 dimensionless) (-24.6959599416)
continue (3.9543451241 dimensionless) (-24.7924033287)
continue (3.9552891195 dimensionless) (-24.9168737885)
continue (3.9562335657 dimensionless) (-25.0924940507)
continue (3.9571784630 dimensionless) (-25.3930417505)
continue (3.9585880574 dimensionless) (-29.5349147124)
continue (3.9585880574 dimensionless) (-23.8105096863)
continue (3.9967849597 dimensionless) (-25.5462231403)
continue (3.9967849597 dimensionless) (-25.5462231403)
continue (4.1935893733 dimensionless) (-25.5331323796)
continue (4.3980066159 dimensionless) (-25.5717031860)
continue (4.6140099788 dimensionless) (-25.5318004139)
continue (4.8420136600 dimensionless) (-25.5217221681)
continue (5.0795260358 dimensionless) (-25.5130031116)
continue (5.3290466130 dimensionless) (-25.5159850373)
continue (5.5905949130 dimensionless) (-25.4979827852)
continue (5.8640088212 dimensionless) (-25.4366375905)
continue (6.1530517948 dimensionless) (-25.4350973275)
continue (6.4537320879 dimensionless) (-25.3994627056)
continue (6.7752191139 dimensionless) (-25.4116162316)
continue (7.1026264288 dimensionless) (-25.3922233963)
continue (7.4571765206 dimensionless) (-25.3419886033)
continue (7.8220340843 dimensionless) (-25.3479471518)
continue (8.2022229596 dimensionless) (-25.3304971659)
continue (8.6049761172 dimensionless) (-25.3080348972)
continue (9.0313872232 dimensionless) (-25.2869296741)
continue (9.4736144175 dimensionless) (-25.2655202106)
continue (9.9396484600 dimensionless) (-25.2425280522)
continue (10.4275886350 dimensionless) (-25.2241711855)
continue (10.9395794816 dimensionless) (-25.2004526929)
continue (11.4769139901 dimensionless) (-25.1767214430)
continue (12.0410540541 dimensionless) (-25.1529829021)
continue (12.6319236321 dimensionless) (-25.1292450551)
continue (13.2528646134 dimensionless) (-25.1055731620)
continue (13.9039818556 dimensionless) (-25.0820221174)
continue (14.5849387135 dimensionless) (-25.0586873746)
continue (15.3025519868 dimensionless) (-25.0355517921)
continue (16.0547387388 dimensionless) (-25.0127360459)
continue (16.8410085163 dimensionless) (-24.9901243663)
continue (17.6704861512 dimensionless) (-24.9681877287)
continue (18.5367569328 dimensionless) (-24.9469215565)
continue (19.4465849513 dimensionless) (-24.9259153110)
continue (20.4045448011 dimensionless) (-24.9058784042)
continue (21.4063183185 dimensionless) (-24.8867253075)
continue (22.4560613804 dimensionless) (-24.8683813357)
continue (23.5591254089 dimensionless) (-24.8510890069)
continue (24.7156759104 dimensionless) (-24.8347556739)
continue (25.9324692890 dimensionless) (-24.8201610720)
continue (27.2019991288 dimensionless) (-24.8071538848)
continue (28.5395230447 dimensionless) (-24.7956086681)
continue (29.9463348937 dimensionless) (-24.7862167007)
continue (31.4121672119 dimensionless) (-24.7788466780)
continue (32.9572141344 dimensionless) (-24.7736579128)
continue (34.5700671782 dimensionless) (-24.7708302975)
continue (36.2765513860 dimensionless) (-24.7708302975)
continue (38.0487252951 dimensionless) (-24.7731424297)
continue (39.9153294269 dimensionless) (-24.7783250029)
continue (41.8780777030 dimensionless) (-24.7859513206)
continue (43.9376552949 dimensionless) (-24.7958800173)
continue (46.0934229042 dimensionless) (-24.8085489855)
continue (48.3687351813 dimensionless) (-24.8233300673)
continue (50.7386954798 dimensionless) (-24.8404328068)
continue (53.2282109122 dimensionless) (-24.8594919570)
continue (55.8374369373 dimensionless) (-24.8800845897)
continue (58.6023775445 dimensionless) (-24.9017024635)
continue (61.4475368049 dimensionless) (-24.9237237446)
continue (64.4916469085 dimensionless) (-24.9492336888)
continue (67.6515939730 dimensionless) (-24.9759250127)
continue (70.9709478829 dimensionless) (-25.0033132444)
continue (74.4499159164 dimensionless) (-25.0315170514)
continue (78.0862871308 dimensionless) (-25.0602811176)
continue (81.9484685986 dimensionless) (-25.0896424427)
continue (85.9685821525 dimensionless) (-25.1192435555)
continue (90.2244525561 dimensionless) (-25.1488640050)
continue (94.6279305105 dimensionless) (-25.1788141174)
continue (99.2773690834 dimensionless) (-25.2078185039)
continue (104.1567002876 dimensionless) (-25.2370215091)
continue (109.2777276432 dimensionless) (-25.2646406670)
continue (114.6391962280 dimensionless) (-25.2917491114)
continue (120.2675162751 dimensionless) (-25.3159629625)
continue (126.1793091687 dimensionless) (-25.3368646850)
continue (132.3746325997 dimensionless) (-25.3518352214)
continue (138.8703094813 dimensionless) (-25.3588234534)
continue (145.6861663975 dimensionless) (-25.3646167960)
continue (152.8458522000 dimensionless) (-25.3702846674)
continue (160.3496341398 dimensionless) (-25.3762339999)
continue (168.2235500861 dimensionless) (-25.3826850667)
continue (176.4995101330 dimensionless) (-25.3892334052)
continue (185.1792259330 dimensionless) (-25.3953420280)
continue (194.2585740389 dimensionless) (-25.4006628670)
continue (203.8172603034 dimensionless) (-25.4058285209)
continue (213.8120532183 dimensionless) (-25.4112802204)
continue (224.3394807525 dimensionless) (-25.4165744996)
continue (235.3478746943 dimensionless) (-25.4214753947)
continue (246.8889110855 dimensionless) (-25.4259687323)
continue (259.0298382082 dimensionless) (-25.4305090457)
continue (271.6955786573 dimensionless) (-25.4350973275)
continue (285.0381516473 dimensionless) (-25.4394955848)
continue (299.0702234383 dimensionless) (-25.4438181533)
continue (313.7971662591 dimensionless) (-25.4478186612)
continue (329.2149461042 dimensionless) (-25.4519793051)
continue (345.3076812491 dimensionless) (-25.4560560575)
continue (362.3327915771 dimensionless) (-25.4604221167)
continue (380.1697834028 dimensionless) (-25.4653394242)
continue (398.8039259591 dimensionless) (-25.4712118082)
continue (418.3962216788 dimensionless) (-25.4787311244)
continue (438.9532614723 dimensionless) (-25.4881166390)
continue (460.4684036465 dimensionless) (-25.5005878743)
continue (483.1744277924 dimensionless) (-25.5168407903)
continue (506.8225644140 dimensionless) (-25.5347659050)
continue (531.6610098112 dimensionless) (-25.5499049241)
continue (557.6909246123 dimensionless) (-25.5592482995)
continue (585.2710152964 dimensionless) (-25.5636782999)
continue (614.0613010893 dimensionless) (-25.5681539543)
continue (644.0049263721 dimensionless) (-25.5720272864)
continue (675.5129509388 dimensionless) (-25.5754450234)
continue (709.1571757327 dimensionless) (-25.5792193805)
continue (743.8914047481 dimensionless) (-25.5830268274)
continue (780.1943243292 dimensionless) (-25.5867002359)
continue (818.7484014523 dimensionless) (-25.5907433480)
continue (858.8755615612 dimensionless) (-25.5949953349)
continue (901.3520977413 dimensionless) (-25.5991167845)
continue (945.2976875689 dimensionless) (-25.6029294500)
continue (991.6932972211 dimensionless) (-25.6062493597)
continue (1040.3778637019 dimensionless) (-25.6092414713)
continue (1091.4684043795 dimensionless) (-25.6120765330)
continue (1145.0954647103 dimensionless) (-25.6147513176)
continue (1201.4066853216 dimensionless) (-25.6178027896)
continue (1260.3969167586 dimensionless) (-25.6214204239)
continue (1322.2097661295 dimensionless) (-25.6258017421)
continue (1387.2232772362 dimensionless) (-25.6313412876)
continue (1455.2331057433 dimensionless) (-25.6378946807)
continue (1526.6660593340 dimensionless) (-25.6456994377)
continue (1601.8051868807 dimensionless) (-25.6550185861)
continue (1680.3742777364 dimensionless) (-25.6659485597)
continue (1762.9463548393 dimensionless) (-25.6786087217)
continue (1849.5371845270 dimensionless) (-25.6927179530)
continue (1940.5173995240 dimensionless) (-25.7084091743)
continue (2035.8958239867 dimensionless) (-25.7251496800)
continue (2135.6151179200 dimensionless) (-25.7428015739)
continue (2240.6367612895 dimensionless) (-25.7617029321)
continue (2350.4435667177 dimensionless) (-25.7814644948)
continue (2466.2164298145 dimensionless) (-25.8024437868)
continue (2587.3565326986 dimensionless) (-25.8239087409)
continue (2714.5277653156 dimensionless) (-25.8455760269)
continue (2847.7092838014 dimensionless) (-25.8680607048)
continue (2987.7605600540 dimensionless) (-25.8910968723)
continue (3133.6553329314 dimensionless) (-25.9147094218)
continue (3288.5852429320 dimensionless) (-25.9385475209)
continue (3449.1558320078 dimensionless) (-25.9633711046)
continue (3619.0110040368 dimensionless) (-25.9884295564)
continue (3796.9457117352 dimensionless) (-26.0143490263)
continue (3982.8101871349 dimensionless) (-26.0404816230)
continue (4178.2071105752 dimensionless) (-26.0669685049)
continue (4383.1985128257 dimensionless) (-26.0937727369)
continue (4600.0351883718 dimensionless) (-26.1210762660)
continue (4826.6259047482 dimensionless) (-26.1490476002)
continue (5062.5942823136 dimensionless) (-26.1773089892)
continue (5310.4135828465 dimensionless) (-26.2058606442)
continue (5573.4982924554 dimensionless) (-26.2346295197)
continue (5845.2018654038 dimensionless) (-26.2637629011)
continue (6132.3483904203 dimensionless) (-26.2936236442)
continue (6435.5012063309 dimensionless) (-26.3236722661)
continue (6750.1257097515 dimensionless) (-26.3540867250)
continue (7080.5514437953 dimensionless) (-26.3854191330)
continue (7426.7886782107 dimensionless) (-26.4170280709)
continue (7795.2692114325 dimensionless) (-26.4486720120)
continue (8180.1343879395 dimensionless) (-26.4806971508)
continue (8580.6682751079 dimensionless) (-26.5131446447)
continue (8995.7252795307 dimensionless) (-26.5460704079)
continue (9442.2025781417 dimensionless) (-26.5792193805)
continue (9905.0757697441 dimensionless) (-26.6126101737)
continue (10391.9143667061 dimensionless) (-26.6462760624)
continue (10902.9309741141 dimensionless) (-26.6798537139)
continue (11438.0189634299 dimensionless) (-26.7137681460)
continue (11999.8284279228 dimensionless) (-26.7473896594)
continue (12588.2990857364 dimensionless) (-26.7814644948)
continue (13206.7676929921 dimensionless) (-26.8161609629)
continue (13855.3591427164 dimensionless) (-26.8510890069)
continue (14536.0818442568 dimensionless) (-26.8860566477)
continue (15251.3300555055 dimensionless) (-26.9215431819)
continue (15998.3667629294 dimensionless) (-26.9570309266)
continue (16785.1716856964 dimensionless) (-26.9931062921)
continue (17609.0235906562 dimensionless) (-27.0292348402)
continue (18476.6214682980 dimensionless) (-27.0659057316)
continue (19380.4119697247 dimensionless) (-27.1034186725)
continue (20336.2412590149 dimensionless) (-27.1413425159)
continue (21331.1556839058 dimensionless) (-27.1797985405)
continue (22378.8548825259 dimensionless) (-27.2191068913)
continue (23480.2105337917 dimensionless) (-27.2590849235)
continue (24635.4952910640 dimensionless) (-27.3001622741)
continue (25844.2135795932 dimensionless) (-27.3419886033)
continue (27112.9714613644 dimensionless) (-27.3845760471)
continue (28441.5409118744 dimensionless) (-27.4286406072)
continue (29838.4731767013 dimensionless) (-27.4735314875)
continue (31304.2587020425 dimensionless) (-27.5195618528)
continue (32838.4493987912 dimensionless) (-27.5667103148)
continue (34452.4374599794 dimensionless) (-27.6149302237)
continue (36147.0436658650 dimensionless) (-27.6643415477)
continue (37922.0545491659 dimensionless) (-27.7148929704)
continue (39793.3175029020 dimensionless) (-27.7667499905)
continue (41743.7916086329 dimensionless) (-27.8213107602)
continue (43789.8592415404 dimensionless) (-27.8771290771)
continue (45953.9571768258 dimensionless) (-27.9344202853)
continue (48189.6864524831 dimensionless) (-27.9935339578)
continue (50569.7542073505 dimensionless) (-28.0538426051)
continue (53042.3149485714 dimensionless) (-28.1163953391)
continue (55666.8888708892 dimensionless) (-28.1806535159)
continue (58377.1281753015 dimensionless) (-28.2467234298)
continue (61241.0598666973 dimensionless) (-28.3159629625)
continue (64264.2433580011 dimensionless) (-28.3875340360)
continue (67401.4031668977 dimensionless) (-28.4620550407)
continue (70750.5412124578 dimensionless) (-28.5395532161)
continue (74207.4080469427 dimensionless) (-28.6190655367)
continue (77819.5534429083 dimensionless) (-28.7018021329)
continue (81654.7464889298 dimensionless) (-28.7872798456)
continue (85725.9615067221 dimensionless) (-28.8754957752)
continue (89868.5375558636 dimensionless) (-28.9681877287)
continue (94314.5281325250 dimensionless) (-29.0637376581)
continue (98943.2107292569 dimensionless) (-29.1630432629)
continue (103800.7712514473 dimensionless) (-29.2666422121)
continue (108899.0165889647 dimensionless) (-29.3730440486)
continue (114251.1247262358 dimensionless) (-29.4847886957)
continue (119856.2371190920 dimensionless) (-29.6003262785)
continue (125744.0279862641 dimensionless) (-29.7191940716)
continue (131933.8310143994 dimensionless) (-29.8455760269)
continue (138406.2835383439 dimensionless) (-29.9755143323)
continue (145198.6887852862 dimensionless) (-30.1101942481)
continue (152334.8329683143 dimensionless) (-30.2504182651)
continue (159815.3228369794 dimensionless) (-30.3908326257)
continue (167666.4159735890 dimensionless) (-30.5300307905)
continue (175886.3097503294 dimensionless) (-30.6538426978)
continue (184541.7113844586 dimensionless) (-30.7449688367)
continue (193598.2517137149 dimensionless) (-30.8032712774)
continue (203090.4771153235 dimensionless) (-30.8386319978)
continue (213112.0137550178 dimensionless) (-30.8741935419)
continue (223568.9329775408 dimensionless) (-30.9093892922)
continue (234560.3528485087 dimensionless) (-30.9450041385)
continue (246022.4003284170 dimensionless) (-30.9804683155)
continue (258149.2835174097 dimensionless) (-31.0157427983)
continue (270807.4207478325 dimensionless) (-31.0510982390)
continue (284149.3516733571 dimensionless) (-31.0865040404)
continue (298091.9106367211 dimensionless) (-31.1219380187)
continue (312720.3057022843 dimensionless) (-31.1573283662)
continue (328029.8671045559 dimensionless) (-31.1927356447)
continue (344134.0524231330 dimensionless) (-31.2281186798)
continue (361040.7966784692 dimensionless) (-31.2635238180)
continue (378747.7019187267 dimensionless) (-31.2989503693)
continue (397412.5472378789 dimensionless) (-31.3343252190)
continue (416865.0369700166 dimensionless) (-31.3696738452)
continue (437478.1424946981 dimensionless) (-31.4051656444)
continue (458845.4032308441 dimensionless) (-31.4405722002)
continue (481387.7289046257 dimensionless) (-31.4758636234)
continue (505136.9017829581 dimensionless) (-31.5113083017)
continue (529806.3783816607 dimensionless) (-31.5466816600)
continue (555989.6100161417 dimensionless) (-31.5820303578)
continue (583397.5485380642 dimensionless) (-31.6174426781)
continue (611999.3088089029 dimensionless) (-31.6528652171)
continue (3672982.5506507708 dimensionless) (-32.7286231281)
continue (3709712.3761572787 dimensionless) (-50.0000000000)
continue (7354000.0000000000) (-50.0000000000)
f(nu) = -20.3850539438 at 1.0000000000 Ryd
