# Puchwein et al 2019
# z = 4.895000
# E [Ryd] log (J_nu)
interpolate (0.0000000100) (-50.0000000000)
continue (0.0007810860) (-50.0000000000)
continue (0.0007889757) (-17.9175736991)
continue (0.0008276721) (-17.9393021596)
continue (0.0008678733) (-17.9625735021)
continue (0.0009112670) (-17.9880068853)
continue (0.0009556071) (-18.0146633583)
continue (0.0010026042) (-18.0419619839)
continue (0.0010517855) (-18.0701725188)
continue (0.0011034960) (-18.0994144134)
continue (0.0011577525) (-18.1298302789)
continue (0.0012145368) (-18.1608992173)
continue (0.0012741429) (-18.1922620780)
continue (0.0013367566) (-18.2240984211)
continue (0.0014023807) (-18.2564118498)
continue (0.0014712092) (-18.2894595521)
continue (0.0015434739) (-18.3232149696)
continue (0.0016194544) (-18.3573376686)
continue (0.0016988571) (-18.3914739664)
continue (0.0017822550) (-18.4257371703)
continue (0.0018700328) (-18.4601714416)
continue (0.0019618234) (-18.4947143259)
continue (0.0020579652) (-18.5294425148)
continue (0.0021594004) (-18.5646334934)
continue (0.0022651429) (-18.5999803649)
continue (0.0023768048) (-18.6358243672)
continue (0.0024932065) (-18.6714165503)
continue (0.0026155768) (-18.7068585165)
continue (0.0027439535) (-18.7423214251)
continue (0.0028792005) (-18.7775436633)
continue (0.0030204407) (-18.8124792792)
continue (0.0031685222) (-18.8474059221)
continue (0.0033245785) (-18.8817352739)
continue (0.0034874358) (-18.9161391991)
continue (0.0036582375) (-18.9500071431)
continue (0.0038385298) (-18.9833844524)
continue (0.0040268094) (-19.0162835261)
continue (0.0042246962) (-19.0482740246)
continue (0.0044322323) (-19.0791465039)
continue (0.0046493213) (-19.1090204030)
continue (0.0048783028) (-19.1383461298)
continue (0.0051194774) (-19.1674272252)
continue (0.0053698702) (-19.1962698290)
continue (0.0056320579) (-19.2248266146)
continue (0.0059096431) (-19.2531323721)
continue (0.0061990950) (-19.2811662817)
continue (0.0065044038) (-19.3089185079)
continue (0.0068259698) (-19.3364875296)
continue (0.0071584208) (-19.3639134849)
continue (0.0075125059) (-19.3914739664)
continue (0.0078829323) (-19.4185054577)
continue (0.0082692103) (-19.4436974992)
continue (0.0086704755) (-19.4659738939)
continue (0.0090944807) (-19.4843910508)
continue (0.0095460609) (-19.4994890895)
continue (0.0100150233) (-19.5118725038)
continue (0.0105069407) (-19.5214335044)
continue (0.0110229463) (-19.5282683485)
continue (0.0115643017) (-19.5323918944)
continue (0.0121324320) (-19.5338741296)
continue (0.0127271923) (-19.5328360340)
continue (0.0133518970) (-19.5294425148)
continue (0.0140087159) (-19.5237482040)
continue (0.0146954841) (-19.5157001607)
continue (0.0154190689) (-19.5048721188)
continue (0.0161744226) (-19.4903942954)
continue (0.0169695898) (-19.4717262228)
continue (0.0178051382) (-19.4479404658)
continue (0.0186773308) (-19.4193030603)
continue (0.0195971392) (-19.3856301605)
continue (0.0205564397) (-19.3493040202)
continue (0.0215684490) (-19.3179452229)
continue (0.0226289290) (-19.2918341421)
continue (0.0237370922) (-19.2658404868)
continue (0.0249048093) (-19.2401811226)
continue (0.0261257732) (-19.2150975501)
continue (0.0274065254) (-19.1908444683)
continue (0.0287556633) (-19.1680662695)
continue (0.0301644148) (-19.1467886655)
continue (0.0316522046) (-19.1256921669)
continue (0.0332094377) (-19.1033635695)
continue (0.0348343643) (-19.0772745420)
continue (0.0365530273) (-19.0459988323)
continue (0.0383368519) (-19.0131834954)
continue (0.0402325373) (-18.9888526392)
continue (0.0422078263) (-18.9730583720)
continue (0.0442792503) (-18.9597933724)
continue (0.0464458191) (-18.9492336888)
continue (0.0487308541) (-18.9419537696)
continue (0.0511373160) (-18.9393021596)
continue (0.0536354897) (-18.9427143556)
continue (0.0562510476) (-18.9515581964)
continue (0.0590198815) (-18.9609826780)
continue (0.0619488083) (-18.9673812391)
continue (0.0649513165) (-18.9698052146)
continue (0.0681575894) (-18.9714287473)
continue (0.0715280197) (-18.9726503922)
continue (0.0750013968) (-18.9746941347)
continue (0.0786931754) (-18.9775716288)
continue (0.0825422981) (-18.9821322810)
continue (0.0866223356) (-18.9888526392)
continue (0.0908541347) (-18.9974020193)
continue (0.0953507346) (-19.0049354658)
continue (0.1000293052) (-19.0144837121)
continue (0.1049484016) (-19.0239252684)
continue (0.1100962874) (-19.0306772939)
continue (0.1155110877) (-19.0380097126)
continue (0.1211791185) (-19.0452270103)
continue (0.1271298787) (-19.0503660762)
continue (0.1333821679) (-19.0533512661)
continue (0.1399365741) (-19.0568023699)
continue (0.1467891383) (-19.0601314555)
continue (0.1540082763) (-19.0640898636)
continue (0.1615721579) (-19.0690000580)
continue (0.1695065050) (-19.0751007360)
continue (0.1778428905) (-19.0823369757)
continue (0.1865820989) (-19.0886292929)
continue (0.1957188511) (-19.0982693083)
continue (0.2053328010) (-19.1149216159)
continue (0.2154295439) (-19.1355482528)
continue (0.2260086733) (-19.1620329816)
continue (0.2371238540) (-19.1871534630)
continue (0.2487761318) (-19.1927356447)
continue (0.2609584682) (-19.1848873418)
continue (0.2738182004) (-19.1838250096)
continue (0.2872846692) (-19.1819061309)
continue (0.3013448978) (-19.1789452450)
continue (0.3161925645) (-19.1757439624)
continue (0.3317316967) (-19.1717913855)
continue (0.3479446242) (-19.1676827301)
continue (0.3650909338) (-19.1623484422)
continue (0.3830462256) (-19.1566426216)
continue (0.4017931970) (-19.1529211379)
continue (0.4214925859) (-19.1515029819)
continue (0.4421479723) (-19.1508263669)
continue (0.4639852194) (-19.1509493094)
continue (0.4867879118) (-19.1534773316)
continue (0.5105137091) (-19.1600194423)
continue (0.5357242627) (-19.1735364509)
continue (0.5621634613) (-19.1912490277)
continue (0.5898168096) (-19.2096444536)
continue (0.6186469591) (-19.2332897927)
continue (0.6490505490) (-19.2582183039)
continue (0.6810664954) (-19.2953348145)
continue (0.7141590680) (-19.3436142809)
continue (0.7493222477) (-19.3634118163)
continue (0.7494721272) (-19.6124322206)
continue (0.7862527790) (-19.6933605590)
continue (0.8246759917) (-19.8419392061)
continue (0.8288690942) (-19.8655997441)
continue (0.8329222993) (-19.8878342064)
continue (0.8369692137) (-19.9106142338)
continue (0.8410245965) (-19.9339724051)
continue (0.8450724461) (-19.9579563612)
continue (0.8491277985) (-19.9824283023)
continue (0.8531743306) (-20.0076338480)
continue (0.8572273582) (-20.0337751724)
continue (0.8612783740) (-20.0613717148)
continue (0.8654007320) (-20.0906044540)
continue (0.8695793374) (-20.1290643803)
continue (0.8738320076) (-20.1682728819)
continue (0.8780757090) (-20.2082293752)
continue (0.8823266565) (-20.2508119214)
continue (0.8865758338) (-20.2964979757)
continue (0.8880856269) (-20.3176743813)
continue (0.8882632618) (-20.0859214146)
continue (0.8908313008) (-20.1034721291)
continue (0.8950838547) (-20.1350003160)
continue (0.8993328242) (-20.1667393869)
continue (0.9035775261) (-20.1999066369)
continue (0.9076364251) (-20.2347040703)
continue (0.9122887342) (-20.2852135490)
continue (0.9167472861) (-20.3361220015)
continue (0.9212067921) (-20.3871917811)
continue (0.9256657008) (-20.4439147008)
continue (0.9301243111) (-20.5078656695)
continue (0.9345829462) (-20.5813689690)
continue (0.9369417514) (-20.6272720591)
continue (0.9371291585) (-20.5066813918)
continue (0.9390419537) (-20.5331368264)
continue (0.9435007297) (-20.5977128186)
continue (0.9479596448) (-20.6719753173)
continue (0.9524111317) (-20.7597004180)
continue (0.9531313595) (-20.7768962173)
continue (0.9538446901) (-20.7950529316)
continue (0.9545580893) (-20.8133233069)
continue (0.9552715550) (-20.8317088111)
continue (0.9559850851) (-20.8502206701)
continue (0.9566986776) (-20.8688595152)
continue (0.9574113244) (-20.8876363402)
continue (0.9581250337) (-20.9065573011)
continue (0.9588387990) (-20.9256261217)
continue (0.9594354567) (-20.9450041385)
continue (0.9596273630) (-20.8699880503)
continue (0.9607716931) (-20.8980056136)
continue (0.9619918385) (-20.9261753796)
continue (0.9632120325) (-20.9544618835)
continue (0.9644322638) (-20.9828706254)
continue (0.9656525208) (-21.0114160741)
continue (0.9668727920) (-21.0401051752)
continue (0.9680930657) (-21.0689481352)
continue (0.9693133303) (-21.0979562934)
continue (0.9705335740) (-21.1271412633)
continue (0.9716099949) (-21.1565180570)
continue (0.9718043363) (-21.1050750226)
continue (0.9724931975) (-21.1210286323)
continue (0.9732326966) (-21.1369741084)
continue (0.9739722802) (-21.1529174324)
continue (0.9747119461) (-21.1688580707)
continue (0.9754506480) (-21.1847956132)
continue (0.9761904704) (-21.2007297706)
continue (0.9769303686) (-21.2166603695)
continue (0.9776692914) (-21.2325858612)
continue (0.9784093329) (-21.2485076513)
continue (0.9790220836) (-21.2644011003)
continue (0.9792179076) (-21.2269453066)
continue (0.9796262717) (-21.2364185329)
continue (0.9801046187) (-21.2458596861)
continue (0.9805823779) (-21.2552799750)
continue (0.9810606032) (-21.2646798088)
continue (0.9815392951) (-21.2740573478)
continue (0.9820173961) (-21.2834132564)
continue (0.9824949039) (-21.2927458668)
continue (0.9829728762) (-21.3020561420)
continue (0.9834513138) (-21.3113417375)
continue (0.9837787230) (-21.3205721034)
continue (0.9839754984) (-21.2920893343)
continue (0.9842532892) (-21.2979651620)
continue (0.9845776371) (-21.3038315258)
continue (0.9849011343) (-21.3096816257)
continue (0.9852259094) (-21.3155146059)
continue (0.9855498328) (-21.3213314193)
continue (0.9858739693) (-21.3271312609)
continue (0.9861983191) (-21.3329133164)
continue (0.9865228824) (-21.3386786573)
continue (0.9868465907) (-21.3444265278)
continue (0.9870824973) (-21.3501785368)
continue (0.9872799335) (-21.3276250213)
continue (0.9874069046) (-21.3316206071)
continue (0.9876423407) (-21.3355677020)
continue (0.9878789599) (-21.3395035446)
continue (0.9881146211) (-21.3434274969)
continue (0.9883503948) (-21.3473408402)
continue (0.9885862810) (-21.3512429619)
continue (0.9888222799) (-21.3551332360)
continue (0.9890583914) (-21.3590130087)
continue (0.9892935417) (-21.3628806795)
continue (0.9894406051) (-21.3667335888)
continue (0.9896385130) (-21.3485281478)
continue (0.9991962399) (-21.4886514845)
continue (1.0439534549) (-21.6228759577)
continue (1.0951411739) (-21.6852903070)
continue (1.1489937849) (-21.7239980100)
continue (1.2053795910) (-21.7226200253)
continue (1.2645947416) (-21.6994045161)
continue (1.3266370226) (-21.7366006687)
continue (1.3918847882) (-21.7449688367)
continue (1.4601297401) (-21.7667499905)
continue (1.5320561043) (-21.8265223565)
continue (1.6071727880) (-21.9469215565)
continue (1.6862823294) (-22.0033132444)
continue (1.7691069129) (-21.9255492810)
continue (1.8559408774) (-21.9939620450)
continue (1.9471516470) (-22.0340461109)
continue (2.0427414724) (-22.1050197091)
continue (2.1431490377) (-22.1179880384)
continue (2.2483764392) (-22.1517492853)
continue (2.3583513737) (-22.2148838050)
continue (2.4742518893) (-22.2876870913)
continue (2.5962021961) (-22.3150649174)
continue (2.7234517956) (-22.3031196283)
continue (2.8575320502) (-22.3720200102)
continue (2.9972889909) (-22.4816176845)
continue (2.9978885086) (-22.5228787453)
continue (3.1444684983) (-22.5873714795)
continue (3.2993011253) (-22.6916490514)
continue (3.3154824080) (-22.7198474834)
continue (3.3316770164) (-22.7452755341)
continue (3.3478830047) (-22.7730625846)
continue (3.3640859670) (-22.8036358733)
continue (3.3802960540) (-22.8375311846)
continue (3.3964985345) (-22.8769556558)
continue (3.4127037129) (-22.9220546309)
continue (3.4289094326) (-22.9726422365)
continue (3.4451134960) (-23.0303297364)
continue (3.4609455785) (-23.0975075788)
continue (3.4783173495) (-23.1786528848)
continue (3.4953146235) (-23.2800682438)
continue (3.5123163736) (-23.4197880346)
continue (3.5293202949) (-23.6392002793)
continue (3.5463240368) (-24.1429939503)
continue (3.5537279767) (-inf)
continue (3.5544387934) (-22.9673812391)
continue (3.5633252031) (-22.9859711559)
continue (3.5803213519) (-23.0208237119)
continue (3.5973241965) (-23.0597236387)
continue (3.6143172719) (-23.1040953564)
continue (3.6319927095) (-23.1554606979)
continue (3.6491549368) (-23.2410525484)
continue (3.6669965225) (-23.3372223423)
continue (3.6848197184) (-23.4535437105)
continue (3.7026665643) (-23.6043853381)
continue (3.7204896494) (-23.8262602860)
continue (3.7383317846) (-24.2795727575)
continue (3.7481524197) (-160.2637629011)
continue (3.7489021252) (-23.4538276317)
continue (3.7561600736) (-23.4977244998)
continue (3.7740029190) (-23.6111140816)
continue (3.7918425237) (-23.7579557606)
continue (3.8096445268) (-23.9730583720)
continue (3.8125294258) (-24.0174185382)
continue (3.8153867477) (-24.0673086353)
continue (3.8182323571) (-24.1240294080)
continue (3.8210822144) (-24.1896955537)
continue (3.8239363290) (-24.2675877428)
continue (3.8267947105) (-24.3631992836)
continue (3.8296412741) (-24.4868316938)
continue (3.8324920757) (-24.6616072607)
continue (3.8353471248) (-24.9613122952)
continue (3.8381459698) (-87.8683813357)
continue (3.8389136758) (-23.7835701691)
continue (3.8430948760) (-23.8273853944)
continue (3.8479632917) (-23.8764913585)
continue (3.8528440576) (-23.9324047347)
continue (3.8577372208) (-23.9972509491)
continue (3.8626100831) (-24.0743002081)
continue (3.8674952713) (-24.1690535226)
continue (3.8723763766) (-24.2918086312)
continue (3.8772533211) (-24.4656895369)
continue (3.8821260270) (-24.7644841781)
continue (3.8872689984) (-59.5512936801)
continue (3.8880465300) (-24.0141695101)
continue (3.8899644875) (-24.0586326936)
continue (3.8929224712) (-24.1084932060)
continue (3.8958849568) (-24.1651839695)
continue (3.8988519547) (-24.2308191849)
continue (3.9018067686) (-24.3086788718)
continue (3.9047660647) (-24.4042580414)
continue (3.9077130959) (-24.5278552105)
continue (3.9106813613) (-24.7025962601)
continue (3.9136373315) (-25.0022664062)
continue (3.9156676117) (-45.9792245118)
continue (3.9164508235) (-24.2126812434)
continue (3.9185008743) (-24.2575851899)
continue (3.9204226914) (-24.3078857445)
continue (3.9223295118) (-24.3650212129)
continue (3.9242381880) (-24.4311074758)
continue (3.9261487226) (-24.5094249511)
continue (3.9280611185) (-24.6054660212)
continue (3.9299753783) (-24.7295307935)
continue (3.9318915048) (-24.9047469372)
continue (3.9338095006) (-25.2048961521)
continue (3.9359648088) (-38.7198771037)
continue (3.9367520805) (-24.3878521617)
continue (3.9370216616) (-24.4330218915)
continue (3.9383148035) (-24.4835889169)
continue (3.9396087952) (-24.5409952328)
continue (3.9409036375) (-24.6073522813)
continue (3.9421993313) (-24.6859451881)
continue (3.9434958773) (-24.7822608183)
continue (3.9447932764) (-24.9066063347)
continue (3.9460915295) (-25.0821023846)
continue (3.9473906374) (-25.3825341434)
continue (3.9479023104) (-34.5117313845)
continue (3.9486919698) (-24.5309147009)
continue (3.9496318982) (-24.5762463804)
continue (3.9505736443) (-24.6269702382)
continue (3.9515158397) (-24.6845334765)
continue (3.9524584845) (-24.7510512807)
continue (3.9534015792) (-24.8297999118)
continue (3.9543451241) (-24.9262779847)
continue (3.9552891195) (-25.0507832577)
continue (3.9562335657) (-25.2264402662)
continue (3.9571784630) (-25.5270344963)
continue (3.9581922382) (-31.1803244800)
continue (3.9589839558) (-23.9531148092)
continue (3.9963853212) (-25.7986028757)
continue (3.9971846782) (-25.7986028757)
continue (4.1935893733) (-25.7843624366)
continue (4.3980066159) (-25.8332739444)
continue (4.6140099788) (-25.7880789157)
continue (4.8420136600) (-25.7822529267)
continue (5.0795260358) (-25.7746907183)
continue (5.3290466130) (-25.7843624366)
continue (5.5905949130) (-25.7657358756)
continue (5.8640088212) (-25.6983190507)
continue (6.1530517948) (-25.6983190507)
continue (6.4537320879) (-25.6623411090)
continue (6.7752191139) (-25.6829818990)
continue (7.1026264288) (-25.6615435064)
continue (7.4571765206) (-25.6057234732)
continue (7.8220340843) (-25.6165437035)
continue (8.2022229596) (-25.6010189333)
continue (8.6049761172) (-25.5787252088)
continue (9.0313872232) (-25.5572067741)
continue (9.4736144175) (-25.5353614409)
continue (9.9396484600) (-25.5121548799)
continue (10.4275886350) (-25.4925489391)
continue (10.9395794816) (-25.4685210830)
continue (11.4769139901) (-25.4445427828)
continue (12.0410540541) (-25.4205594029)
continue (12.6319236321) (-25.3965308403)
continue (13.2528646134) (-25.3725317275)
continue (13.9039818556) (-25.3486250561)
continue (14.5849387135) (-25.3247717464)
continue (15.3025519868) (-25.3012906506)
continue (16.0547387388) (-25.2779422287)
continue (16.8410085163) (-25.2550033260)
continue (17.6704861512) (-25.2323989319)
continue (18.5367569328) (-25.2103487912)
continue (19.4465849513) (-25.1888943930)
continue (20.4045448011) (-25.1680662695)
continue (21.4063183185) (-25.1480082520)
continue (22.4560613804) (-25.1287774432)
continue (23.5591254089) (-25.1105302160)
continue (24.7156759104) (-25.0933956283)
continue (25.9324692890) (-25.0775340547)
continue (27.2019991288) (-25.0630843191)
continue (28.5395230447) (-25.0503173092)
continue (29.9463348937) (-25.0393389927)
continue (31.4121672119) (-25.0303511595)
continue (32.9572141344) (-25.0236041634)
continue (34.5700671782) (-25.0191334454)
continue (36.2765513860) (-25.0171862379)
continue (38.0487252951) (-25.0177740083)
continue (39.9153294269) (-25.0209982515)
continue (41.8780777030) (-25.0268259473)
continue (43.9376552949) (-25.0352219780)
continue (46.0934229042) (-25.0460954066)
continue (48.3687351813) (-25.0592843431)
continue (50.7386954798) (-25.0746879085)
continue (53.2282109122) (-25.0921588574)
continue (55.8374369373) (-25.1114835389)
continue (58.6023775445) (-25.1324146735)
continue (61.4475368049) (-25.1542819820)
continue (64.4916469085) (-25.1754186238)
continue (67.6515939730) (-25.2007973437)
continue (70.9709478829) (-25.2267988576)
continue (74.4499159164) (-25.2535993555)
continue (78.0862871308) (-25.2810833140)
continue (81.9484685986) (-25.3087416419)
continue (85.9685821525) (-25.3363932919)
continue (90.2244525561) (-25.3644157337)
continue (94.6279305105) (-25.3917949923)
continue (99.2773690834) (-25.4183916340)
continue (104.1567002876) (-25.4451475656)
continue (109.2777276432) (-25.4689044531)
continue (114.6391962280) (-25.4928190227)
continue (120.2675162751) (-25.5124374397)
continue (126.1793091687) (-25.5307672575)
continue (132.3746325997) (-25.5425723071)
continue (138.8703094813) (-25.5503673495)
continue (145.6861663975) (-25.5557990111)
continue (152.8458522000) (-25.5612994671)
continue (160.3496341398) (-25.5668704824)
continue (168.2235500861) (-25.5731635462)
continue (176.4995101330) (-25.5793842294)
continue (185.1792259330) (-25.5853608533)
continue (194.2585740389) (-25.5905741313)
continue (203.8172603034) (-25.5955083822)
continue (213.8120532183) (-25.6006724678)
continue (224.3394807525) (-25.6058986980)
continue (235.3478746943) (-25.6106566887)
continue (246.8889110855) (-25.6151092035)
continue (259.0298382082) (-25.6194269969)
continue (271.6955786573) (-25.6237881497)
continue (285.0381516473) (-25.6281935415)
continue (299.0702234383) (-25.6322714539)
continue (313.7971662591) (-25.6362000545)
continue (329.2149461042) (-25.6401645177)
continue (345.3076812491) (-25.6441655041)
continue (362.3327915771) (-25.6483969276)
continue (380.1697834028) (-25.6532559454)
continue (398.8039259591) (-25.6589613683)
continue (418.3962216788) (-25.6661498549)
continue (438.9532614723) (-25.6755117667)
continue (460.4684036465) (-25.6878226436)
continue (483.1744277924) (-25.7042130597)
continue (506.8225644140) (-25.7221616670)
continue (531.6610098112) (-25.7375489103)
continue (557.6909246123) (-25.7469044142)
continue (585.2710152964) (-25.7512912644)
continue (614.0613010893) (-25.7557228792)
continue (644.0049263721) (-25.7594507517)
continue (675.5129509388) (-25.7627076624)
continue (709.1571757327) (-25.7664962397)
continue (743.8914047481) (-25.7700623141)
continue (780.1943243292) (-25.7739158840)
continue (818.7484014523) (-25.7778039537)
continue (858.8755615612) (-25.7819899570)
continue (901.3520977413) (-25.7862167007)
continue (945.2976875689) (-25.7899491501)
continue (991.6932972211) (-25.7931741240)
continue (1040.3778637019) (-25.7961515363)
continue (1091.4684043795) (-25.7988761028)
continue (1145.0954647103) (-25.8016178700)
continue (1201.4066853216) (-25.8043770564)
continue (1260.3969167586) (-25.8079904073)
continue (1322.2097661295) (-25.8124792792)
continue (1387.2232772362) (-25.8178707859)
continue (1455.2331057433) (-25.8241983672)
continue (1526.6660593340) (-25.8320921900)
continue (1601.8051868807) (-25.8413360192)
continue (1680.3742777364) (-25.8523236758)
continue (1762.9463548393) (-25.8648673486)
continue (1849.5371845270) (-25.8787685449)
continue (1940.5173995240) (-25.8944898152)
continue (2035.8958239867) (-25.9111554373)
continue (2135.6151179200) (-25.9288547095)
continue (2240.6367612895) (-25.9476909004)
continue (2350.4435667177) (-25.9673812391)
continue (2466.2164298145) (-25.9884295564)
continue (2587.3565326986) (-26.0097499671)
continue (2714.5277653156) (-26.0315637523)
continue (2847.7092838014) (-26.0540392964)
continue (2987.7605600540) (-26.0770151843)
continue (3133.6553329314) (-26.1004530689)
continue (3288.5852429320) (-26.1244757361)
continue (3449.1558320078) (-26.1490476002)
continue (3619.0110040368) (-26.1743791750)
continue (3796.9457117352) (-26.2001083153)
continue (3982.8101871349) (-26.2262135550)
continue (4178.2071105752) (-26.2526658904)
continue (4383.1985128257) (-26.2795099315)
continue (4600.0351883718) (-26.3068008548)
continue (4826.6259047482) (-26.3347005005)
continue (5062.5942823136) (-26.3630108982)
continue (5310.4135828465) (-26.3914739664)
continue (5573.4982924554) (-26.4203307064)
continue (5845.2018654038) (-26.4494047925)
continue (6132.3483904203) (-26.4792545285)
continue (6435.5012063309) (-26.5093393466)
continue (6750.1257097515) (-26.5397036732)
continue (7080.5514437953) (-26.5710557100)
continue (7426.7886782107) (-26.6025814576)
continue (7795.2692114325) (-26.6343248595)
continue (8180.1343879395) (-26.6663512435)
continue (8580.6682751079) (-26.6987529114)
continue (8995.7252795307) (-26.7316560860)
continue (9442.2025781417) (-26.7647241233)
continue (9905.0757697441) (-26.7980569366)
continue (10391.9143667061) (-26.8317972532)
continue (10902.9309741141) (-26.8655041442)
continue (11438.0189634299) (-26.8992849134)
continue (11999.8284279228) (-26.9329291440)
continue (12588.2990857364) (-26.9669785553)
continue (13206.7676929921) (-27.0017842676)
continue (13855.3591427164) (-27.0366844886)
continue (14536.0818442568) (-27.0717065878)
continue (15251.3300555055) (-27.1071265931)
continue (15998.3667629294) (-27.1426071891)
continue (16785.1716856964) (-27.1784864716)
continue (17609.0235906562) (-27.2146701650)
continue (18476.6214682980) (-27.2513469066)
continue (19380.4119697247) (-27.2887834757)
continue (20336.2412590149) (-27.3267025602)
continue (21331.1556839058) (-27.3651198592)
continue (22378.8548825259) (-27.4043935651)
continue (23480.2105337917) (-27.4444219272)
continue (24635.4952910640) (-27.4854522473)
continue (25844.2135795932) (-27.5272435507)
continue (27112.9714613644) (-27.5697636466)
continue (28441.5409118744) (-27.6138578911)
continue (29838.4731767013) (-27.6587633768)
continue (31304.2587020425) (-27.7046528517)
continue (32838.4493987912) (-27.7517814388)
continue (34452.4374599794) (-27.7999707334)
continue (36147.0436658650) (-27.8492435601)
continue (37922.0545491659) (-27.8999742699)
continue (39793.3175029020) (-27.9519468269)
continue (41743.7916086329) (-28.0061230851)
continue (43789.8592415404) (-28.0619308138)
continue (45953.9571768258) (-28.1191864077)
continue (48189.6864524831) (-28.1781590728)
continue (50569.7542073505) (-28.2385232205)
continue (53042.3149485714) (-28.3010299957)
continue (55666.8888708892) (-28.3652205419)
continue (58377.1281753015) (-28.4312117877)
continue (61241.0598666973) (-28.5004503741)
continue (64264.2433580011) (-28.5720272864)
continue (67401.4031668977) (-28.6464684409)
continue (70750.5412124578) (-28.7237680421)
continue (74207.4080469427) (-28.8032712774)
continue (77819.5534429083) (-28.8860566477)
continue (81654.7464889298) (-28.9714287473)
continue (85725.9615067221) (-29.0593341275)
continue (89868.5375558636) (-29.1520573612)
continue (94314.5281325250) (-29.2475673907)
continue (98943.2107292569) (-29.3467874862)
continue (103800.7712514473) (-29.4503837605)
continue (108899.0165889647) (-29.5565805382)
continue (114251.1247262358) (-29.6683702824)
continue (119856.2371190920) (-29.7838340977)
continue (125744.0279862641) (-29.9023956711)
continue (131933.8310143994) (-30.0288633705)
continue (138406.2835383439) (-30.1587031125)
continue (145198.6887852862) (-30.2937944581)
continue (152334.8329683143) (-30.4358075394)
continue (159815.3228369794) (-30.5797141151)
continue (167666.4159735890) (-30.7263044121)
continue (175886.3097503294) (-30.8629625452)
continue (184541.7113844586) (-30.9641701747)
continue (193598.2517137149) (-31.0252580955)
continue (203090.4771153235) (-31.0606305299)
continue (213112.0137550178) (-31.0960422915)
continue (223568.9329775408) (-31.1314731132)
continue (234560.3528485087) (-31.1668528881)
continue (246022.4003284170) (-31.2023170651)
continue (258149.2835174097) (-31.2376966367)
continue (270807.4207478325) (-31.2731913175)
continue (284149.3516733571) (-31.3086532359)
continue (298091.9106367211) (-31.3439976793)
continue (312720.3057022843) (-31.3794475553)
continue (328029.8671045559) (-31.4147649366)
continue (344134.0524231330) (-31.4502612687)
continue (361040.7966784692) (-31.4855850794)
continue (378747.7019187267) (-31.5210008683)
continue (397412.5472378789) (-31.5564241202)
continue (416865.0369700166) (-31.5917600347)
continue (437478.1424946981) (-31.6272720591)
continue (458845.4032308441) (-31.6625407387)
continue (481387.7289046257) (-31.6981022828)
continue (505136.9017829581) (-31.7332980331)
continue (529806.3783816607) (-31.7687853520)
continue (555989.6100161417) (-31.8041003476)
continue (583397.5485380642) (-31.8395314689)
continue (611999.3088089029) (-31.8748441704)
continue (3672982.5506507708) (-32.9507819773)
continue (3709712.3761572787) (-50.0000000000)
continue (7354000.0000000000) (-50.0000000000)
f(nu) = -20.3918520536 at 1.0000000000 Ryd
