# Puchwein et al 2019
# z = 5.488000
# E [Ryd] log (J_nu)
interpolate (0.0000000100) (-50.0000000000)
continue (0.0007810860 dimensionless) (-50.0000000000)
continue (0.0007889757 dimensionless) (-17.9527251326)
continue (0.0008276721 dimensionless) (-17.9746941347)
continue (0.0008678733 dimensionless) (-17.9978339382)
continue (0.0009112670 dimensionless) (-18.0232832956)
continue (0.0009556071 dimensionless) (-18.0500735563)
continue (0.0010026042 dimensionless) (-18.0775340547)
continue (0.0010517855 dimensionless) (-18.1059055727)
continue (0.0011034960 dimensionless) (-18.1353702755)
continue (0.0011577525 dimensionless) (-18.1659609818)
continue (0.0012145368 dimensionless) (-18.1972946729)
continue (0.0012741429 dimensionless) (-18.2289272168)
continue (0.0013367566 dimensionless) (-18.2610609688)
continue (0.0014023807 dimensionless) (-18.2937090427)
continue (0.0014712092 dimensionless) (-18.3270713096)
continue (0.0015434739 dimensionless) (-18.3613111133)
continue (0.0016194544 dimensionless) (-18.3958819938)
continue (0.0016988571 dimensionless) (-18.4305090457)
continue (0.0017822550 dimensionless) (-18.4652126414)
continue (0.0018700328 dimensionless) (-18.5001755042)
continue (0.0019618234 dimensionless) (-18.5353614409)
continue (0.0020579652 dimensionless) (-18.5707323336)
continue (0.0021594004 dimensionless) (-18.6064247967)
continue (0.0022651429 dimensionless) (-18.6428277423)
continue (0.0023768048 dimensionless) (-18.6792307717)
continue (0.0024932065 dimensionless) (-18.7157949323)
continue (0.0026155768 dimensionless) (-18.7522721671)
continue (0.0027439535 dimensionless) (-18.7886124471)
continue (0.0028792005 dimensionless) (-18.8247781997)
continue (0.0030204407 dimensionless) (-18.8610660597)
continue (0.0031685222 dimensionless) (-18.8968807465)
continue (0.0033245785 dimensionless) (-18.9329291440)
continue (0.0034874358 dimensionless) (-18.9685915357)
continue (0.0036582375 dimensionless) (-19.0040140021)
continue (0.0038385298 dimensionless) (-19.0391488463)
continue (0.0040268094 dimensionless) (-19.0737604790)
continue (0.0042246962 dimensionless) (-19.1077940540)
continue (0.0044322323 dimensionless) (-19.1409217753)
continue (0.0046493213 dimensionless) (-19.1730833528)
continue (0.0048783028 dimensionless) (-19.2047458174)
continue (0.0051194774 dimensionless) (-19.2362725962)
continue (0.0053698702 dimensionless) (-19.2676062402)
continue (0.0056320579 dimensionless) (-19.2986911148)
continue (0.0059096431 dimensionless) (-19.3295685906)
continue (0.0061990950 dimensionless) (-19.3601152581)
continue (0.0065044038 dimensionless) (-19.3904055908)
continue (0.0068259698 dimensionless) (-19.4204450396)
continue (0.0071584208 dimensionless) (-19.4501388115)
continue (0.0075125059 dimensionless) (-19.4797785641)
continue (0.0078829323 dimensionless) (-19.5087784238)
continue (0.0082692103 dimensionless) (-19.5359577946)
continue (0.0086704755 dimensionless) (-19.5605094096)
continue (0.0090944807 dimensionless) (-19.5812017094)
continue (0.0095460609 dimensionless) (-19.5984271543)
continue (0.0100150233 dimensionless) (-19.6129662987)
continue (0.0105069407 dimensionless) (-19.6247022618)
continue (0.0110229463 dimensionless) (-19.6333902896)
continue (0.0115643017 dimensionless) (-19.6394065864)
continue (0.0121324320 dimensionless) (-19.6422556748)
continue (0.0127271923 dimensionless) (-19.6426369694)
continue (0.0133518970 dimensionless) (-19.6403542073)
continue (0.0140087159 dimensionless) (-19.6356366454)
continue (0.0146954841 dimensionless) (-19.6285626826)
continue (0.0154190689 dimensionless) (-19.6185239097)
continue (0.0161744226 dimensionless) (-19.6048484085)
continue (0.0169695898 dimensionless) (-19.5872035713)
continue (0.0178051382 dimensionless) (-19.5644741485)
continue (0.0186773308 dimensionless) (-19.5364055978)
continue (0.0195971392 dimensionless) (-19.5027938193)
continue (0.0205564397 dimensionless) (-19.4655931009)
continue (0.0215684490 dimensionless) (-19.4332090876)
continue (0.0226289290 dimensionless) (-19.4067139330)
continue (0.0237370922 dimensionless) (-19.3802807344)
continue (0.0249048093 dimensionless) (-19.3540867250)
continue (0.0261257732 dimensionless) (-19.3282719118)
continue (0.0274065254 dimensionless) (-19.3030323593)
continue (0.0287556633 dimensionless) (-19.2792620230)
continue (0.0301644148 dimensionless) (-19.2570393298)
continue (0.0316522046 dimensionless) (-19.2353756021)
continue (0.0332094377 dimensionless) (-19.2131066747)
continue (0.0348343643 dimensionless) (-19.1874208446)
continue (0.0365530273 dimensionless) (-19.1562068017)
continue (0.0383368519 dimensionless) (-19.1226862567)
continue (0.0402325373 dimensionless) (-19.0967471831)
continue (0.0422078263 dimensionless) (-19.0799288757)
continue (0.0442792503 dimensionless) (-19.0652995983)
continue (0.0464458191 dimensionless) (-19.0528604824)
continue (0.0487308541 dimensionless) (-19.0431115453)
continue (0.0511373160 dimensionless) (-19.0380097126)
continue (0.0536354897 dimensionless) (-19.0393389927)
continue (0.0562510476 dimensionless) (-19.0461920023)
continue (0.0590198815 dimensionless) (-19.0544821779)
continue (0.0619488083 dimensionless) (-19.0596827784)
continue (0.0649513165 dimensionless) (-19.0609302501)
continue (0.0681575894 dimensionless) (-19.0610302028)
continue (0.0715280197 dimensionless) (-19.0609802236)
continue (0.0750013968 dimensionless) (-19.0612801852)
continue (0.0786931754 dimensionless) (-19.0622815564)
continue (0.0825422981 dimensionless) (-19.0645935102)
continue (0.0866223356 dimensionless) (-19.0690000580)
continue (0.0908541347 dimensionless) (-19.0747394905)
continue (0.0953507346 dimensionless) (-19.0794071379)
continue (0.1000293052 dimensionless) (-19.0861861476)
continue (0.1049484016 dimensionless) (-19.0928036897)
continue (0.1100962874 dimensionless) (-19.0965844142)
continue (0.1155110877 dimensionless) (-19.1014942145)
continue (0.1211791185 dimensionless) (-19.1064601564)
continue (0.1271298787 dimensionless) (-19.1096907831)
continue (0.1333821679 dimensionless) (-19.1106982975)
continue (0.1399365741 dimensionless) (-19.1119328866)
continue (0.1467891383 dimensionless) (-19.1128892969)
continue (0.1540082763 dimensionless) (-19.1141301391)
continue (0.1615721579 dimensionless) (-19.1162250386)
continue (0.1695065050 dimensionless) (-19.1195294072)
continue (0.1778428905 dimensionless) (-19.1240710151)
continue (0.1865820989 dimensionless) (-19.1276106116)
continue (0.1957188511 dimensionless) (-19.1341856198)
continue (0.2053328010 dimensionless) (-19.1477030342)
continue (0.2154295439 dimensionless) (-19.1657700971)
continue (0.2260086733 dimensionless) (-19.1904402854)
continue (0.2371238540 dimensionless) (-19.2141720800)
continue (0.2487761318 dimensionless) (-19.2179575834)
continue (0.2609584682 dimensionless) (-19.2121854329)
continue (0.2738182004 dimensionless) (-19.2105603154)
continue (0.2872846692 dimensionless) (-19.2027324592)
continue (0.3013448978 dimensionless) (-19.1983905120)
continue (0.3161925645 dimensionless) (-19.1929387601)
continue (0.3317316967 dimensionless) (-19.1856857998)
continue (0.3479446242 dimensionless) (-19.1782245328)
continue (0.3650909338 dimensionless) (-19.1710824384)
continue (0.3830462256 dimensionless) (-19.1644362483)
continue (0.4017931970 dimensionless) (-19.1585779556)
continue (0.4214925859 dimensionless) (-19.1550260619)
continue (0.4421479723 dimensionless) (-19.1519341046)
continue (0.4639852194 dimensionless) (-19.1493537648)
continue (0.4867879118 dimensionless) (-19.1488640050)
continue (0.5105137091 dimensionless) (-19.1507649087)
continue (0.5357242627 dimensionless) (-19.1550881261)
continue (0.5621634613 dimensionless) (-19.1634227252)
continue (0.5898168096 dimensionless) (-19.1750935287)
continue (0.6186469591 dimensionless) (-19.1928033393)
continue (0.6490505490 dimensionless) (-19.2228632875)
continue (0.6810664954 dimensionless) (-19.2603485563)
continue (0.7141590680 dimensionless) (-19.2951633938)
continue (0.7493222477 dimensionless) (-19.3278097488)
continue (0.7494721272 dimensionless) (-19.5885486579)
continue (0.7862527790 dimensionless) (-19.6950788381)
continue (0.8246759917 dimensionless) (-19.8268137316)
continue (0.8288690942 dimensionless) (-19.8516194844)
continue (0.8329222993 dimensionless) (-19.8773156642)
continue (0.8369692137 dimensionless) (-19.9039594457)
continue (0.8410245965 dimensionless) (-19.9316471340)
continue (0.8450724461 dimensionless) (-19.9605025995)
continue (0.8491277985 dimensionless) (-19.9903749114)
continue (0.8531743306 dimensionless) (-19.9989156187)
continue (0.8572273582 dimensionless) (-20.0296326650)
continue (0.8612783740 dimensionless) (-20.0625026698)
continue (0.8654007320 dimensionless) (-20.0978882766)
continue (0.8695793374 dimensionless) (-20.1433423905)
continue (0.8738320076 dimensionless) (-20.1821326463)
continue (0.8780757090 dimensionless) (-20.2316038985)
continue (0.8823266565 dimensionless) (-20.2857968581)
continue (0.8865758338 dimensionless) (-20.3415259206)
continue (0.8880856269 dimensionless) (-20.3698773571)
continue (0.8882632618 dimensionless) (-20.0355989288)
continue (0.8908313008 dimensionless) (-20.0520724632)
continue (0.8950838547 dimensionless) (-20.0843068644)
continue (0.8993328242 dimensionless) (-20.1154833081)
continue (0.9035775261 dimensionless) (-20.1509382432)
continue (0.9076364251 dimensionless) (-20.1884249941)
continue (0.9122887342 dimensionless) (-20.2407311342)
continue (0.9167472861 dimensionless) (-20.2944510087)
continue (0.9212067921 dimensionless) (-20.3496837328)
continue (0.9256657008 dimensionless) (-20.4119166217)
continue (0.9301243111 dimensionless) (-20.4833126166)
continue (0.9345829462 dimensionless) (-20.5672326790)
continue (0.9369417514 dimensionless) (-20.6208758539)
continue (0.9371291585 dimensionless) (-20.4469669838)
continue (0.9390419537 dimensionless) (-20.4746325089)
continue (0.9435007297 dimensionless) (-20.5426192685)
continue (0.9479596448 dimensionless) (-20.6216329914)
continue (0.9524111317 dimensionless) (-20.7162466167)
continue (0.9531313595 dimensionless) (-20.7355340036)
continue (0.9538446901 dimensionless) (-20.7554804349)
continue (0.9545580893 dimensionless) (-20.7756534366)
continue (0.9552715550 dimensionless) (-20.7960673472)
continue (0.9559850851 dimensionless) (-20.8167386999)
continue (0.9566986776 dimensionless) (-20.8376805879)
continue (0.9574113244 dimensionless) (-20.8589141202)
continue (0.9581250337 dimensionless) (-20.8804537981)
continue (0.9588387990 dimensionless) (-20.9023193641)
continue (0.9594354567 dimensionless) (-20.9244530386)
continue (0.9596273630 dimensionless) (-20.8167301563)
continue (0.9607716931 dimensionless) (-20.8469446719)
continue (0.9619918385 dimensionless) (-20.8775580197)
continue (0.9632120325 dimensionless) (-20.9085300141)
continue (0.9644322638 dimensionless) (-20.9398916895)
continue (0.9656525208 dimensionless) (-20.9716728015)
continue (0.9668727920 dimensionless) (-21.0039210867)
continue (0.9680930657 dimensionless) (-21.0366717293)
continue (0.9693133303 dimensionless) (-21.0699745077)
continue (0.9705335740 dimensionless) (-21.1038823658)
continue (0.9716099949 dimensionless) (-21.1384655891)
continue (0.9718043363 dimensionless) (-21.0644927342)
continue (0.9724931975 dimensionless) (-21.0825023677)
continue (0.9732326966 dimensionless) (-21.1005975841)
continue (0.9739722802 dimensionless) (-21.1187991440)
continue (0.9747119461 dimensionless) (-21.1371122472)
continue (0.9754506480 dimensionless) (-21.1555414639)
continue (0.9761904704 dimensionless) (-21.1740931137)
continue (0.9769303686 dimensionless) (-21.1927728754)
continue (0.9776692914 dimensionless) (-21.2115869651)
continue (0.9784093329 dimensionless) (-21.2305414360)
continue (0.9790220836 dimensionless) (-21.2496459112)
continue (0.9792179076 dimensionless) (-21.1958605677)
continue (0.9796262717 dimensionless) (-21.2068881192)
continue (0.9801046187 dimensionless) (-21.2179116743)
continue (0.9805823779 dimensionless) (-21.2289588538)
continue (0.9810606032 dimensionless) (-21.2400301424)
continue (0.9815392951 dimensionless) (-21.2511254001)
continue (0.9820173961 dimensionless) (-21.2622453654)
continue (0.9824949039 dimensionless) (-21.2733917697)
continue (0.9829728762 dimensionless) (-21.2845632790)
continue (0.9834513138 dimensionless) (-21.2957619465)
continue (0.9837787230 dimensionless) (-21.3069769321)
continue (0.9839754984 dimensionless) (-21.2661609993)
continue (0.9842532892 dimensionless) (-21.2731147463)
continue (0.9845776371 dimensionless) (-21.2800707268)
continue (0.9849011343 dimensionless) (-21.2870272227)
continue (0.9852259094 dimensionless) (-21.2939849949)
continue (0.9855498328 dimensionless) (-21.3009440139)
continue (0.9858739693 dimensionless) (-21.3079042754)
continue (0.9861983191 dimensionless) (-21.3148649063)
continue (0.9865228824 dimensionless) (-21.3218268265)
continue (0.9868465907 dimensionless) (-21.3287901188)
continue (0.9870824973 dimensionless) (-21.3357341999)
continue (0.9872799335 dimensionless) (-21.3036436113)
continue (0.9874069046 dimensionless) (-21.3083492566)
continue (0.9876423407 dimensionless) (-21.3130609025)
continue (0.9878789599 dimensionless) (-21.3177682540)
continue (0.9881146211 dimensionless) (-21.3224724319)
continue (0.9883503948 dimensionless) (-21.3271727705)
continue (0.9885862810 dimensionless) (-21.3318695161)
continue (0.9888222799 dimensionless) (-21.3365619918)
continue (0.9890583914 dimensionless) (-21.3412514060)
continue (0.9892935417 dimensionless) (-21.3459371021)
continue (0.9894406051 dimensionless) (-21.3506651413)
continue (0.9896385130 dimensionless) (-21.3246800167)
continue (0.9991962399 dimensionless) (-21.4993519366)
continue (1.0439534549 dimensionless) (-21.6470460883)
continue (1.0951411739 dimensionless) (-21.7146677724)
continue (1.1489937849 dimensionless) (-21.7549811293)
continue (1.2053795910 dimensionless) (-21.7612014373)
continue (1.2645947416 dimensionless) (-21.7219326691)
continue (1.3266370226 dimensionless) (-21.7592012289)
continue (1.3918847882 dimensionless) (-21.7617029321)
continue (1.4601297401 dimensionless) (-21.7741740085)
continue (1.5320561043 dimensionless) (-21.8303255659)
continue (1.6071727880 dimensionless) (-21.9570309266)
continue (1.6862823294 dimensionless) (-22.0478859151)
continue (1.7691069129 dimensionless) (-21.9277501024)
continue (1.8559408774 dimensionless) (-21.9926790471)
continue (1.9471516470 dimensionless) (-22.0310969697)
continue (2.0427414724 dimensionless) (-22.1146387800)
continue (2.1431490377 dimensionless) (-22.1284270645)
continue (2.2483764392 dimensionless) (-22.1573283662)
continue (2.3583513737 dimensionless) (-22.2216316566)
continue (2.4742518893 dimensionless) (-22.3255981872)
continue (2.5962021961 dimensionless) (-22.3579313727)
continue (2.7234517956 dimensionless) (-22.3056580896)
continue (2.8575320502 dimensionless) (-22.3717132689)
continue (2.9972889909 dimensionless) (-22.5224446678)
continue (2.9978885086 dimensionless) (-22.5573634742)
continue (3.1444684983 dimensionless) (-22.5934598196)
continue (3.2993011253 dimensionless) (-22.6358243672)
continue (3.3154824080 dimensionless) (-22.6633781865)
continue (3.3316770164 dimensionless) (-22.6872431245)
continue (3.3478830047 dimensionless) (-22.7134761682)
continue (3.3640859670 dimensionless) (-22.7425158214)
continue (3.3802960540 dimensionless) (-22.7749182655)
continue (3.3964985345 dimensionless) (-22.8129815462)
continue (3.4127037129 dimensionless) (-22.8567821599)
continue (3.4289094326 dimensionless) (-22.9060742655)
continue (3.4451134960 dimensionless) (-22.9624659378)
continue (3.4609455785 dimensionless) (-23.0283531179)
continue (3.4783173495 dimensionless) (-23.1077233659)
continue (3.4953146235 dimensionless) (-23.2069559580)
continue (3.5123163736 dimensionless) (-23.3445407670)
continue (3.5293202949 dimensionless) (-23.5618676161)
continue (3.5463240368 dimensionless) (-24.0636295380)
continue (3.5537279767 dimensionless) (-inf)
continue (3.5544387934 dimensionless) (-22.9277501024)
continue (3.5633252031 dimensionless) (-22.9456551112)
continue (3.5803213519 dimensionless) (-22.9789803157)
continue (3.5973241965 dimensionless) (-23.0167233637)
continue (3.6143172719 dimensionless) (-23.0599913188)
continue (3.6319927095 dimensionless) (-23.1103062086)
continue (3.6491549368 dimensionless) (-23.2075676849)
continue (3.6669965225 dimensionless) (-23.3142815438)
continue (3.6848197184 dimensionless) (-23.4403446924)
continue (3.7026665643 dimensionless) (-23.6000875687)
continue (3.7204896494 dimensionless) (-23.8300024629)
continue (3.7383317846 dimensionless) (-24.2904841216)
continue (3.7481524197 dimensionless) (-188.5084982338)
continue (3.7489021252 dimensionless) (-23.4944430613)
continue (3.7561600736 dimensionless) (-23.5426480539)
continue (3.7740029190 dimensionless) (-23.6649695832)
continue (3.7918425237 dimensionless) (-23.8199056797)
continue (3.8096445268 dimensionless) (-24.0421055128)
continue (3.8125294258 dimensionless) (-24.0867850393)
continue (3.8153867477 dimensionless) (-24.1368586296)
continue (3.8182323571 dimensionless) (-24.1937603146)
continue (3.8210822144 dimensionless) (-24.2596065162)
continue (3.8239363290 dimensionless) (-24.3376766801)
continue (3.8267947105 dimensionless) (-24.4334658777)
continue (3.8296412741 dimensionless) (-24.5572725812)
continue (3.8324920757 dimensionless) (-24.7322206845)
continue (3.8353471248 dimensionless) (-25.0320983676)
continue (3.8381459698 dimensionless) (-101.1300059999)
continue (3.8389136758 dimensionless) (-23.8620132673)
continue (3.8430948760 dimensionless) (-23.9060043049)
continue (3.8479632917 dimensionless) (-23.9554406419)
continue (3.8528440576 dimensionless) (-24.0116814430)
continue (3.8577372208 dimensionless) (-24.0768466848)
continue (3.8626100831 dimensionless) (-24.1542144579)
continue (3.8674952713 dimensionless) (-24.2492787527)
continue (3.8723763766 dimensionless) (-24.3723412982)
continue (3.8772533211 dimensionless) (-24.5465241803)
continue (3.8821260270 dimensionless) (-24.8456155930)
continue (3.8872689984 dimensionless) (-66.9318141383)
continue (3.8880465300 dimensionless) (-24.1000154375)
continue (3.8899644875 dimensionless) (-24.1446819868)
continue (3.8929224712 dimensionless) (-24.1947343634)
continue (3.8958849568 dimensionless) (-24.2516142589)
continue (3.8988519547 dimensionless) (-24.3174370824)
continue (3.9018067686 dimensionless) (-24.3954823545)
continue (3.9047660647 dimensionless) (-24.4912454488)
continue (3.9077130959 dimensionless) (-24.6150268636)
continue (3.9106813613 dimensionless) (-24.7899491501)
continue (3.9136373315 dimensionless) (-25.0897967555)
continue (3.9156676117 dimensionless) (-50.5276824537)
continue (3.9164508235 dimensionless) (-24.3032069149)
continue (3.9185008743 dimensionless) (-24.3482714454)
continue (3.9204226914 dimensionless) (-24.3986919888)
continue (3.9223295118 dimensionless) (-24.4559468460)
continue (3.9242381880 dimensionless) (-24.5221526332)
continue (3.9261487226 dimensionless) (-24.6005876259)
continue (3.9280611185 dimensionless) (-24.6967456084)
continue (3.9299753783 dimensionless) (-24.8209281510)
continue (3.9318915048 dimensionless) (-24.9962595071)
continue (3.9338095006 dimensionless) (-25.2965246232)
continue (3.9359648088 dimensionless) (-41.7423214251)
continue (3.9367520805 dimensionless) (-24.4814860601)
continue (3.9370216616 dimensionless) (-24.5267787973)
continue (3.9383148035 dimensionless) (-24.5774265737)
continue (3.9396087952 dimensionless) (-24.6349127992)
continue (3.9409036375 dimensionless) (-24.7013499328)
continue (3.9421993313 dimensionless) (-24.7800201262)
continue (3.9434958773 dimensionless) (-24.8764162021)
continue (3.9447932764 dimensionless) (-25.0008411739)
continue (3.9460915295 dimensionless) (-25.1764149290)
continue (3.9473906374 dimensionless) (-25.4769249980)
continue (3.9479023104 dimensionless) (-36.6426369694)
continue (3.9486919698 dimensionless) (-24.6267201067)
continue (3.9496318982 dimensionless) (-24.6721773845)
continue (3.9505736443 dimensionless) (-24.7229595222)
continue (3.9515158397 dimensionless) (-24.7805805266)
continue (3.9524584845 dimensionless) (-24.8471553811)
continue (3.9534015792 dimensionless) (-24.9259629175)
continue (3.9543451241 dimensionless) (-25.0224972553)
continue (3.9552891195 dimensionless) (-25.1470597274)
continue (3.9562335657 dimensionless) (-25.3227736779)
continue (3.9571784630 dimensionless) (-25.6234248677)
continue (3.9581922382 dimensionless) (-32.7535014192)
continue (3.9589839558 dimensionless) (-24.0560605355)
continue (3.9963853212 dimensionless) (-25.9888526392)
continue (3.9971846782 dimensionless) (-25.9888526392)
continue (4.1935893733 dimensionless) (-25.9800533183)
continue (4.3980066159 dimensionless) (-26.0508540476)
continue (4.6140099788 dimensionless) (-25.9991322785)
continue (4.8420136600 dimensionless) (-26.0052870146)
continue (5.0795260358 dimensionless) (-26.0007389289)
continue (5.3290466130 dimensionless) (-26.0428718023)
continue (5.5905949130 dimensionless) (-26.0201330774)
continue (5.8640088212 dimensionless) (-25.9281179927)
continue (6.1530517948 dimensionless) (-25.9374180158)
continue (6.4537320879 dimensionless) (-25.9010103606)
continue (6.7752191139 dimensionless) (-25.9562448730)
continue (7.1026264288 dimensionless) (-25.9303319031)
continue (7.4571765206 dimensionless) (-25.8544928286)
continue (7.8220340843 dimensionless) (-25.8853890158)
continue (8.2022229596 dimensionless) (-25.8843894883)
continue (8.6049761172 dimensionless) (-25.8648673486)
continue (9.0313872232 dimensionless) (-25.8458804745)
continue (9.4736144175 dimensionless) (-25.8265223565)
continue (9.9396484600 dimensionless) (-25.8038238150)
continue (10.4275886350 dimensionless) (-25.7907531512)
continue (10.9395794816 dimensionless) (-25.7664962397)
continue (11.4769139901 dimensionless) (-25.7423214251)
continue (12.0410540541 dimensionless) (-25.7180580666)
continue (12.6319236321 dimensionless) (-25.6937894918)
continue (13.2528646134 dimensionless) (-25.6695862267)
continue (13.9039818556 dimensionless) (-25.6455073994)
continue (14.5849387135 dimensionless) (-25.6214204239)
continue (15.3025519868 dimensionless) (-25.5975666538)
continue (16.0547387388 dimensionless) (-25.5739769843)
continue (16.8410085163 dimensionless) (-25.5506759069)
continue (17.6704861512 dimensionless) (-25.5276824537)
continue (18.5367569328 dimensionless) (-25.5051499783)
continue (19.4465849513 dimensionless) (-25.4832002959)
continue (20.4045448011 dimensionless) (-25.4619292130)
continue (21.4063183185 dimensionless) (-25.4412914295)
continue (22.4560613804 dimensionless) (-25.4215900297)
continue (23.5591254089 dimensionless) (-25.4027437171)
continue (24.7156759104 dimensionless) (-25.3849973855)
continue (25.9324692890 dimensionless) (-25.3685562310)
continue (27.2019991288 dimensionless) (-25.3534002483)
continue (28.5395230447 dimensionless) (-25.3398937783)
continue (29.9463348937 dimensionless) (-25.3280869876)
continue (31.4121672119 dimensionless) (-25.3182162335)
continue (32.9572141344 dimensionless) (-25.3106023372)
continue (34.5700671782 dimensionless) (-25.3051316720)
continue (36.2765513860 dimensionless) (-25.3021606318)
continue (38.0487252951 dimensionless) (-25.3016384339)
continue (39.9153294269 dimensionless) (-25.3037310033)
continue (41.8780777030 dimensionless) (-25.3082997917)
continue (43.9376552949 dimensionless) (-25.3154239126)
continue (46.0934229042 dimensionless) (-25.3249552640)
continue (48.3687351813 dimensionless) (-25.3367703655)
continue (50.7386954798 dimensionless) (-25.3508599359)
continue (53.2282109122 dimensionless) (-25.3667335888)
continue (55.8374369373 dimensionless) (-25.3844707764)
continue (58.6023775445 dimensionless) (-25.4037328736)
continue (61.4475368049 dimensionless) (-25.4245812088)
continue (64.4916469085 dimensionless) (-25.4463596638)
continue (67.6515939730 dimensionless) (-25.4669909775)
continue (70.9709478829 dimensionless) (-25.4893209690)
continue (74.4499159164 dimensionless) (-25.5141366704)
continue (78.0862871308 dimensionless) (-25.5385014732)
continue (81.9484685986 dimensionless) (-25.5628839070)
continue (85.9685821525 dimensionless) (-25.5877074907)
continue (90.2244525561 dimensionless) (-25.6117211365)
continue (94.6279305105 dimensionless) (-25.6343248595)
continue (99.2773690834 dimensionless) (-25.6567884098)
continue (104.1567002876 dimensionless) (-25.6769542645)
continue (109.2777276432 dimensionless) (-25.6946486306)
continue (114.6391962280 dimensionless) (-25.7124221909)
continue (120.2675162751 dimensionless) (-25.7226200253)
continue (126.1793091687 dimensionless) (-25.7335331046)
continue (132.3746325997 dimensionless) (-25.7396900542)
continue (138.8703094813 dimensionless) (-25.7452103126)
continue (145.6861663975 dimensionless) (-25.7503125722)
continue (152.8458522000 dimensionless) (-25.7554754884)
continue (160.3496341398 dimensionless) (-25.7609509069)
continue (168.2235500861 dimensionless) (-25.7670038896)
continue (176.4995101330 dimensionless) (-25.7731424297)
continue (185.1792259330 dimensionless) (-25.7788466780)
continue (194.2585740389 dimensionless) (-25.7838340977)
continue (203.8172603034 dimensionless) (-25.7886124471)
continue (213.8120532183 dimensionless) (-25.7937139556)
continue (224.3394807525 dimensionless) (-25.7988761028)
continue (235.3478746943 dimensionless) (-25.8035474583)
continue (246.8889110855 dimensionless) (-25.8077113874)
continue (259.0298382082 dimensionless) (-25.8119156263)
continue (271.6955786573 dimensionless) (-25.8164454664)
continue (285.0381516473 dimensionless) (-25.8204482088)
continue (299.0702234383 dimensionless) (-25.8247781997)
continue (313.7971662591 dimensionless) (-25.8285660991)
continue (329.2149461042 dimensionless) (-25.8323873273)
continue (345.3076812491 dimensionless) (-25.8362424760)
continue (362.3327915771 dimensionless) (-25.8404328068)
continue (380.1697834028 dimensionless) (-25.8452717926)
continue (398.8039259591 dimensionless) (-25.8507808873)
continue (418.3962216788 dimensionless) (-25.8582367697)
continue (438.9532614723 dimensionless) (-25.8674201523)
continue (460.4684036465 dimensionless) (-25.8794260688)
continue (483.1744277924 dimensionless) (-25.8958544494)
continue (506.8225644140 dimensionless) (-25.9139962944)
continue (531.6610098112 dimensionless) (-25.9292235372)
continue (557.6909246123 dimensionless) (-25.9385475209)
continue (585.2710152964 dimensionless) (-25.9430951487)
continue (614.0613010893 dimensionless) (-25.9473060581)
continue (644.0049263721 dimensionless) (-25.9511699135)
continue (675.5129509388 dimensionless) (-25.9546770212)
continue (709.1571757327 dimensionless) (-25.9582126810)
continue (743.8914047481 dimensionless) (-25.9617773616)
continue (780.1943243292 dimensionless) (-25.9653715434)
continue (818.7484014523 dimensionless) (-25.9694002780)
continue (858.8755615612 dimensionless) (-25.9738754833)
continue (901.3520977413 dimensionless) (-25.9775716288)
continue (945.2976875689 dimensionless) (-25.9812995013)
continue (991.6932972211 dimensionless) (-25.9846402446)
continue (1040.3778637019 dimensionless) (-25.9875846252)
continue (1091.4684043795 dimensionless) (-25.9905491042)
continue (1145.0954647103 dimensionless) (-25.9931062921)
continue (1201.4066853216 dimensionless) (-25.9961088338)
continue (1260.3969167586 dimensionless) (-25.9995659225)
continue (1322.2097661295 dimensionless) (-26.0037948938)
continue (1387.2232772362 dimensionless) (-26.0091285952)
continue (1455.2331057433 dimensionless) (-26.0155627052)
continue (1526.6660593340 dimensionless) (-26.0232374767)
continue (1601.8051868807 dimensionless) (-26.0324988253)
continue (1680.3742777364 dimensionless) (-26.0433994118)
continue (1762.9463548393 dimensionless) (-26.0559123206)
continue (1849.5371845270 dimensionless) (-26.0700194095)
continue (1940.5173995240 dimensionless) (-26.0854981772)
continue (2035.8958239867 dimensionless) (-26.1021530684)
continue (2135.6151179200 dimensionless) (-26.1198726778)
continue (2240.6367612895 dimensionless) (-26.1386448398)
continue (2350.4435667177 dimensionless) (-26.1584528347)
continue (2466.2164298145 dimensionless) (-26.1792732372)
continue (2587.3565326986 dimensionless) (-26.2006594505)
continue (2714.5277653156 dimensionless) (-26.2225006804)
continue (2847.7092838014 dimensionless) (-26.2449640662)
continue (2987.7605600540 dimensionless) (-26.2679280590)
continue (3133.6553329314 dimensionless) (-26.2913242073)
continue (3288.5852429320 dimensionless) (-26.3153341360)
continue (3449.1558320078 dimensionless) (-26.3398937783)
continue (3619.0110040368 dimensionless) (-26.3652205419)
continue (3796.9457117352 dimensionless) (-26.3909394501)
continue (3982.8101871349 dimensionless) (-26.4170280709)
continue (4178.2071105752 dimensionless) (-26.4435768786)
continue (4383.1985128257 dimensionless) (-26.4703130462)
continue (4600.0351883718 dimensionless) (-26.4975728800)
continue (4826.6259047482 dimensionless) (-26.5254923609)
continue (5062.5942823136 dimensionless) (-26.5537735982)
continue (5310.4135828465 dimensionless) (-26.5823622603)
continue (5573.4982924554 dimensionless) (-26.6110112149)
continue (5845.2018654038 dimensionless) (-26.6401645177)
continue (6132.3483904203 dimensionless) (-26.6699922991)
continue (6435.5012063309 dimensionless) (-26.7000571000)
continue (6750.1257097515 dimensionless) (-26.7304870558)
continue (7080.5514437953 dimensionless) (-26.7617029321)
continue (7426.7886782107 dimensionless) (-26.7934439559)
continue (7795.2692114325 dimensionless) (-26.8250684065)
continue (8180.1343879395 dimensionless) (-26.8569851997)
continue (8580.6682751079 dimensionless) (-26.8894102897)
continue (8995.7252795307 dimensionless) (-26.9222688203)
continue (9442.2025781417 dimensionless) (-26.9554602396)
continue (9905.0757697441 dimensionless) (-26.9888526392)
continue (10391.9143667061 dimensionless) (-27.0225507726)
continue (10902.9309741141 dimensionless) (-27.0561593736)
continue (11438.0189634299 dimensionless) (-27.0899094544)
continue (11999.8284279228 dimensionless) (-27.1237244113)
continue (12588.2990857364 dimensionless) (-27.1577028657)
continue (13206.7676929921 dimensionless) (-27.1924649719)
continue (13855.3591427164 dimensionless) (-27.2273116453)
continue (14536.0818442568 dimensionless) (-27.2623303726)
continue (15251.3300555055 dimensionless) (-27.2977418368)
continue (15998.3667629294 dimensionless) (-27.3332013163)
continue (16785.1716856964 dimensionless) (-27.3690638809)
continue (17609.0235906562 dimensionless) (-27.4052760536)
continue (18476.6214682980 dimensionless) (-27.4418916984)
continue (19380.4119697247 dimensionless) (-27.4793854781)
continue (20336.2412590149 dimensionless) (-27.5172692999)
continue (21331.1556839058 dimensionless) (-27.5556428743)
continue (22378.8548825259 dimensionless) (-27.5949953349)
continue (23480.2105337917 dimensionless) (-27.6348865684)
continue (24635.4952910640 dimensionless) (-27.6759234203)
continue (25844.2135795932 dimensionless) (-27.7176044953)
continue (27112.9714613644 dimensionless) (-27.7602001816)
continue (28441.5409118744 dimensionless) (-27.8043770564)
continue (29838.4731767013 dimensionless) (-27.8492435601)
continue (31304.2587020425 dimensionless) (-27.8951715963)
continue (32838.4493987912 dimensionless) (-27.9423338961)
continue (34452.4374599794 dimensionless) (-27.9901243663)
continue (36147.0436658650 dimensionless) (-28.0397195356)
continue (37922.0545491659 dimensionless) (-28.0902300853)
continue (39793.3175029020 dimensionless) (-28.1420045044)
continue (41743.7916086329 dimensionless) (-28.1963380768)
continue (43789.8592415404 dimensionless) (-28.2521999091)
continue (45953.9571768258 dimensionless) (-28.3093609883)
continue (48189.6864524831 dimensionless) (-28.3683533370)
continue (50569.7542073505 dimensionless) (-28.4286406072)
continue (53042.3149485714 dimensionless) (-28.4910664739)
continue (55666.8888708892 dimensionless) (-28.5553307691)
continue (58377.1281753015 dimensionless) (-28.6212388247)
continue (61241.0598666973 dimensionless) (-28.6903698326)
continue (64264.2433580011 dimensionless) (-28.7619538969)
continue (67401.4031668977 dimensionless) (-28.8362424760)
continue (70750.5412124578 dimensionless) (-28.9136401693)
continue (74207.4080469427 dimensionless) (-28.9931062921)
continue (77819.5534429083 dimensionless) (-29.0757724187)
continue (81654.7464889298 dimensionless) (-29.1610879726)
continue (85725.9615067221 dimensionless) (-29.2489519652)
continue (89868.5375558636 dimensionless) (-29.3416069737)
continue (94314.5281325250 dimensionless) (-29.4371126187)
continue (98943.2107292569 dimensionless) (-29.5362562788)
continue (103800.7712514473 dimensionless) (-29.6397853867)
continue (108899.0165889647 dimensionless) (-29.7459355471)
continue (114251.1247262358 dimensionless) (-29.8576105339)
continue (119856.2371190920 dimensionless) (-29.9730583720)
continue (125744.0279862641 dimensionless) (-30.0916758607)
continue (131933.8310143994 dimensionless) (-30.2179575834)
continue (138406.2835383439 dimensionless) (-30.3477536590)
continue (145198.6887852862 dimensionless) (-30.4828041021)
continue (152334.8329683143 dimensionless) (-30.6248853153)
continue (159815.3228369794 dimensionless) (-30.7705741521)
continue (167666.4159735890 dimensionless) (-30.9244530386)
continue (175886.3097503294 dimensionless) (-31.0756690153)
continue (184541.7113844586 dimensionless) (-31.2030789247)
continue (193598.2517137149 dimensionless) (-31.2899673009)
continue (203090.4771153235 dimensionless) (-31.3253225321)
continue (213112.0137550178 dimensionless) (-31.3607127741)
continue (223568.9329775408 dimensionless) (-31.3960981683)
continue (234560.3528485087 dimensionless) (-31.4314462880)
continue (246022.4003284170 dimensionless) (-31.4668637117)
continue (258149.2835174097 dimensionless) (-31.5022412817)
continue (270807.4207478325 dimensionless) (-31.5377517846)
continue (284149.3516733571 dimensionless) (-31.5733261120)
continue (298091.9106367211 dimensionless) (-31.6088883863)
continue (312720.3057022843 dimensionless) (-31.6443569498)
continue (328029.8671045559 dimensionless) (-31.6796459672)
continue (344134.0524231330 dimensionless) (-31.7151182853)
continue (361040.7966784692 dimensionless) (-31.7505570386)
continue (378747.7019187267 dimensionless) (-31.7859513206)
continue (397412.5472378789 dimensionless) (-31.8213107602)
continue (416865.0369700166 dimensionless) (-31.8566728700)
continue (437478.1424946981 dimensionless) (-31.8921119748)
continue (458845.4032308441 dimensionless) (-31.9273825235)
continue (481387.7289046257 dimensionless) (-31.9629721202)
continue (505136.9017829581 dimensionless) (-31.9982662872)
continue (529806.3783816607 dimensionless) (-32.0337174378)
continue (555989.6100161417 dimensionless) (-32.0691018856)
continue (583397.5485380642 dimensionless) (-32.1045222037)
continue (611999.3088089029 dimensionless) (-32.1399016703)
continue (3672982.5506507708 dimensionless) (-33.2155253562)
continue (3709712.3761572787 dimensionless) (-50.0000000000)
continue (7354000.0000000000) (-50.0000000000)
f(nu) = -20.4027943972 at 1.0000000000 Ryd
