# Puchwein et al 2019
# z = 6.141000
# E [Ryd] log (J_nu)
interpolate (0.0000000100) (-50.0000000000)
continue (0.0007810860) (-50.0000000000)
continue (0.0007889757) (-17.9875846252)
continue (0.0008276721) (-18.0092616715)
continue (0.0008678733) (-18.0326392600)
continue (0.0009112670) (-18.0580415835)
continue (0.0009556071) (-18.0849168983)
continue (0.0010026042) (-18.1124389591)
continue (0.0010517855) (-18.1408617027)
continue (0.0011034960) (-18.1704389437)
continue (0.0011577525) (-18.2011422683)
continue (0.0012145368) (-18.2326214759)
continue (0.0012741429) (-18.2644809412)
continue (0.0013367566) (-18.2967086219)
continue (0.0014023807) (-18.3295685906)
continue (0.0014712092) (-18.3632113110)
continue (0.0015434739) (-18.3976144099)
continue (0.0016194544) (-18.4325031089)
continue (0.0016988571) (-18.4673729988)
continue (0.0017822550) (-18.5025174626)
continue (0.0018700328) (-18.5377517846)
continue (0.0019618234) (-18.5733261120)
continue (0.0020579652) (-18.6090648929)
continue (0.0021594004) (-18.6455073994)
continue (0.0022651429) (-18.6821455107)
continue (0.0023768048) (-18.7194216296)
continue (0.0024932065) (-18.7564658982)
continue (0.0026155768) (-18.7937139556)
continue (0.0027439535) (-18.8306195047)
continue (0.0028792005) (-18.8677403105)
continue (0.0030204407) (-18.9048306486)
continue (0.0031685222) (-18.9415739755)
continue (0.0033245785) (-18.9783972840)
continue (0.0034874358) (-19.0151577686)
continue (0.0036582375) (-19.0517337801)
continue (0.0038385298) (-19.0880970040)
continue (0.0040268094) (-19.1241288093)
continue (0.0042246962) (-19.1597684050)
continue (0.0044322323) (-19.1947710858)
continue (0.0046493213) (-19.2290007948)
continue (0.0048783028) (-19.2628869057)
continue (0.0051194774) (-19.2966226315)
continue (0.0053698702) (-19.3302183848)
continue (0.0056320579) (-19.3637127479)
continue (0.0059096431) (-19.3969639437)
continue (0.0061990950) (-19.4299242947)
continue (0.0065044038) (-19.4628107738)
continue (0.0068259698) (-19.4952573637)
continue (0.0071584208) (-19.5273898024)
continue (0.0075125059) (-19.5590909179)
continue (0.0078829323) (-19.5902358957)
continue (0.0082692103) (-19.6197887583)
continue (0.0086704755) (-19.6468534538)
continue (0.0090944807) (-19.6706021206)
continue (0.0095460609) (-19.6910089710)
continue (0.0100150233) (-19.7086311495)
continue (0.0105069407) (-19.7237680421)
continue (0.0110229463) (-19.7356544929)
continue (0.0115643017) (-19.7449688367)
continue (0.0121324320) (-19.7510463845)
continue (0.0127271923) (-19.7542406440)
continue (0.0133518970) (-19.7544873322)
continue (0.0140087159) (-19.7520267336)
continue (0.0146954841) (-19.7469044142)
continue (0.0154190689) (-19.7387371312)
continue (0.0161744226) (-19.7269987279)
continue (0.0169695898) (-19.7108571641)
continue (0.0178051382) (-19.6895191085)
continue (0.0186773308) (-19.6629402737)
continue (0.0195971392) (-19.6305985863)
continue (0.0205564397) (-19.5943122133)
continue (0.0215684490) (-19.5624079677)
continue (0.0226289290) (-19.5361070110)
continue (0.0237370922) (-19.5097605148)
continue (0.0249048093) (-19.4837291173)
continue (0.0261257732) (-19.4579218537)
continue (0.0274065254) (-19.4323855573)
continue (0.0287556633) (-19.4081565888)
continue (0.0301644148) (-19.3854191330)
continue (0.0316522046) (-19.3631110930)
continue (0.0332094377) (-19.3403689884)
continue (0.0348343643) (-19.3146165902)
continue (0.0365530273) (-19.2837461741)
continue (0.0383368519) (-19.2504182651)
continue (0.0402325373) (-19.2243167510)
continue (0.0422078263) (-19.2068384708)
continue (0.0442792503) (-19.1913164909)
continue (0.0464458191) (-19.1778973314)
continue (0.0487308541) (-19.1667891197)
continue (0.0511373160) (-19.1598311508)
continue (0.0536354897) (-19.1590787998)
continue (0.0562510476) (-19.1638658505)
continue (0.0590198815) (-19.1699890641)
continue (0.0619488083) (-19.1728893125)
continue (0.0649513165) (-19.1723077113)
continue (0.0681575894) (-19.1707605719)
continue (0.0715280197) (-19.1689625144)
continue (0.0750013968) (-19.1673633724)
continue (0.0786931754) (-19.1664704182)
continue (0.0825422981) (-19.1667253607)
continue (0.0866223356) (-19.1687062556)
continue (0.0908541347) (-19.1717268879)
continue (0.0953507346) (-19.1728246517)
continue (0.1000293052) (-19.1758090593)
continue (0.1049484016) (-19.1790108236)
continue (0.1100962874) (-19.1790764121)
continue (0.1155110877) (-19.1807193530)
continue (0.1211791185) (-19.1827652696)
continue (0.1271298787) (-19.1832948163)
continue (0.1333821679) (-19.1818401136)
continue (0.1399365741) (-19.1805876888)
continue (0.1467891383) (-19.1788141174)
continue (0.1540082763) (-19.1772436670)
continue (0.1615721579) (-19.1763301867)
continue (0.1695065050) (-19.1763301867)
continue (0.1778428905) (-19.1777011287)
continue (0.1865820989) (-19.1780281824)
continue (0.1957188511) (-19.1814442207)
continue (0.2053328010) (-19.1919917001)
continue (0.2154295439) (-19.2069783402)
continue (0.2260086733) (-19.2283390407)
continue (0.2371238540) (-19.2497230848)
continue (0.2487761318) (-19.2516568955)
continue (0.2609584682) (-19.2442775551)
continue (0.2738182004) (-19.2416180582)
continue (0.2872846692) (-19.2380721616)
continue (0.3013448978) (-19.2335127938)
continue (0.3161925645) (-19.2204756567)
continue (0.3317316967) (-19.2119731159)
continue (0.3479446242) (-19.2023170651)
continue (0.3650909338) (-19.1915189434)
continue (0.3830462256) (-19.1810486884)
continue (0.4017931970) (-19.1734716937)
continue (0.4214925859) (-19.1689625144)
continue (0.4421479723) (-19.1636125807)
continue (0.4639852194) (-19.1588283055)
continue (0.4867879118) (-19.1559579580)
continue (0.5105137091) (-19.1550260619)
continue (0.5357242627) (-19.1562690349)
continue (0.5621634613) (-19.1592667654)
continue (0.5898168096) (-19.1598939055)
continue (0.6186469591) (-19.1662793096)
continue (0.6490505490) (-19.1879561021)
continue (0.6810664954) (-19.2175990475)
continue (0.7141590680) (-19.2608233681)
continue (0.7493222477) (-19.2954205503)
continue (0.7494721272) (-19.5347659050)
continue (0.7862527790) (-19.6371406970)
continue (0.8246759917) (-19.8407336689)
continue (0.8288690942) (-19.8720501224)
continue (0.8329222993) (-19.9052808737)
continue (0.8369692137) (-19.9406183650)
continue (0.8410245965) (-19.9784055485)
continue (0.8450724461) (-20.0190680951)
continue (0.8491277985) (-20.0624720782)
continue (0.8531743306) (-20.1098736412)
continue (0.8572273582) (-20.1630350449)
continue (0.8612783740) (-20.2235617963)
continue (0.8654007320) (-20.2938798903)
continue (0.8695793374) (-20.3863008530)
continue (0.8738320076) (-20.5012953133)
continue (0.8780757090) (-20.6545243251)
continue (0.8823266565) (-20.8873681910)
continue (0.8865758338) (-21.4045170056)
continue (0.8880856269) (-20.5431786520)
continue (0.8882632618) (-20.0608303204)
continue (0.8908313008) (-20.0850114353)
continue (0.8950838547) (-20.1311105687)
continue (0.8993328242) (-20.1818236109)
continue (0.9035775261) (-20.2380436103)
continue (0.9076364251) (-20.3012906506)
continue (0.9122887342) (-20.3764850440)
continue (0.9167472861) (-20.4659777036)
continue (0.9212067921) (-20.5769147628)
continue (0.9256657008) (-20.7236737904)
continue (0.9301243111) (-20.9427638398)
continue (0.9345829462) (-21.3945818149)
continue (0.9369417514) (-20.7775436633)
continue (0.9371291585) (-20.5268050908)
continue (0.9390419537) (-20.5685123991)
continue (0.9435007297) (-20.6780910265)
continue (0.9479596448) (-20.8225154454)
continue (0.9524111317) (-21.0364482664)
continue (0.9531313595) (-21.0895452912)
continue (0.9538446901) (-21.1480015349)
continue (0.9545580893) (-21.2132507068)
continue (0.9552715550) (-21.2874092183)
continue (0.9559850851) (-21.3737561532)
continue (0.9566986776) (-21.4777866691)
continue (0.9574113244) (-21.6097999313)
continue (0.9581250337) (-21.7929206347)
continue (0.9588387990) (-22.1009267546)
continue (0.9594354567) (-21.1510722868)
continue (0.9596273630) (-20.9956786262)
continue (0.9607716931) (-21.0542124585)
continue (0.9619918385) (-21.1180604173)
continue (0.9632120325) (-21.1886140338)
continue (0.9644322638) (-21.2679884266)
continue (0.9656525208) (-21.3594649007)
continue (0.9668727920) (-21.4685376887)
continue (0.9680930657) (-21.6055045417)
continue (0.9693133303) (-21.7934925435)
continue (0.9705335740) (-22.1062809484)
continue (0.9716099949) (-21.5161275458)
continue (0.9718043363) (-21.4097155963)
continue (0.9724931975) (-21.4628296839)
continue (0.9732326966) (-21.5213108804)
continue (0.9739722802) (-21.5865811985)
continue (0.9747119461) (-21.6607592973)
continue (0.9754506480) (-21.7471227074)
continue (0.9761904704) (-21.8511660709)
continue (0.9769303686) (-21.9831922183)
continue (0.9776692914) (-22.1661971587)
continue (0.9784093329) (-22.4520862934)
continue (0.9790220836) (-21.7964232250)
continue (0.9792179076) (-21.7191940716)
continue (0.9796262717) (-21.7695408600)
continue (0.9801046187) (-21.8252978070)
continue (0.9805823779) (-21.8878711067)
continue (0.9810606032) (-21.9593778837)
continue (0.9815392951) (-22.0430755755)
continue (0.9820173961) (-22.1442658703)
continue (0.9824949039) (-22.2714790265)
continue (0.9829728762) (-22.4295691506)
continue (0.9834513138) (-22.5029970536)
continue (0.9837787230) (-22.0246601154)
continue (0.9839754984) (-21.9661743060)
continue (0.9842532892) (-22.0149122909)
continue (0.9845776371) (-22.0689776592)
continue (0.9849011343) (-22.1295884859)
continue (0.9852259094) (-22.1983047999)
continue (0.9855498328) (-22.2766888432)
continue (0.9858739693) (-22.3647264141)
continue (0.9861983191) (-22.4544665155)
continue (0.9865228824) (-22.5101483505)
continue (0.9868465907) (-22.4442213812)
continue (0.9870824973) (-22.1934808659)
continue (0.9872799335) (-22.1475810071)
continue (0.9874069046) (-22.1870191659)
continue (0.9876423407) (-22.2251262565)
continue (0.9878789599) (-22.2580467607)
continue (0.9881146211) (-22.2790398519)
continue (0.9883503948) (-22.2778532869)
continue (0.9885862810) (-22.2422518192)
continue (0.9888222799) (-22.1630596994)
continue (0.9890583914) (-22.0398585168)
continue (0.9892935417) (-21.8811733371)
continue (0.9894406051) (-21.6989700043)
continue (0.9896385130) (-21.6619421246)
continue (0.9991962399) (-24.0302114626)
continue (1.0439534549) (-24.2258481410)
continue (1.0951411739) (-24.2711594317)
continue (1.1489937849) (-24.2270918050)
continue (1.2053795910) (-24.2483360537)
continue (1.2645947416) (-24.0633354870)
continue (1.3266370226) (-24.0646439071)
continue (1.3918847882) (-24.0378201471)
continue (1.4601297401) (-23.9496202437)
continue (1.5320561043) (-24.0034883278)
continue (1.6071727880) (-23.9355420108)
continue (1.6862823294) (-24.5639964643)
continue (1.7691069129) (-24.1038045895)
continue (1.8559408774) (-24.1859522790)
continue (1.9471516470) (-24.1069598880)
continue (2.0427414724) (-24.2183882175)
continue (2.1431490377) (-24.1826329837)
continue (2.2483764392) (-24.1700533041)
continue (2.3583513737) (-24.1714045436)
continue (2.4742518893) (-24.1860189244)
continue (2.5962021961) (-24.3584267468)
continue (2.7234517956) (-24.1934808659)
continue (2.8575320502) (-24.1039700876)
continue (2.9972889909) (-24.0298391570)
continue (2.9978885086) (-24.1985276865)
continue (3.1444684983) (-24.4641997092)
continue (3.2993011253) (-24.2048850144)
continue (3.3154824080) (-24.1947710858)
continue (3.3316770164) (-24.2067259086)
continue (3.3478830047) (-24.2186166268)
continue (3.3640859670) (-24.2304432322)
continue (3.3802960540) (-24.2422063031)
continue (3.3964985345) (-24.2539662896)
continue (3.4127037129) (-24.2656891268)
continue (3.4289094326) (-24.2773109716)
continue (3.4451134960) (-24.2888096540)
continue (3.4609455785) (-24.3001622741)
continue (3.4783173495) (-24.2763243630)
continue (3.4953146235) (-24.2748179745)
continue (3.5123163736) (-24.2733208675)
continue (3.5293202949) (-24.2721400520)
continue (3.5463240368) (-24.3215571966)
continue (3.5537279767) (-inf)
continue (3.5544387934) (-24.2738435338)
continue (3.5633252031) (-24.2733127186)
continue (3.5803213519) (-24.2723440848)
continue (3.5973241965) (-24.2715812816)
continue (3.6143172719) (-24.2710037752)
continue (3.6319927095) (-24.2706731904)
continue (3.6491549368) (-24.3078186865)
continue (3.6669965225) (-24.3667416726)
continue (3.6848197184) (-24.4255161438)
continue (3.7026665643) (-24.4841672044)
continue (3.7204896494) (-24.5430770302)
continue (3.7383317846) (-24.6388314421)
continue (3.7481524197) (-219.7582045687)
continue (3.7489021252) (-24.6261688549)
continue (3.7561600736) (-24.6517301935)
continue (3.7740029190) (-24.7084779745)
continue (3.7918425237) (-24.7643655174)
continue (3.8096445268) (-24.8184422261)
continue (3.8125294258) (-24.8215410635)
continue (3.8153867477) (-24.8251613136)
continue (3.8182323571) (-24.8297558915)
continue (3.8210822144) (-24.8362752430)
continue (3.8239363290) (-24.8466333759)
continue (3.8267947105) (-24.8648037204)
continue (3.8296412741) (-24.8994743774)
continue (3.8324920757) (-24.9722224255)
continue (3.8353471248) (-25.1555613471)
continue (3.8381459698) (-116.1784209721)
continue (3.8389136758) (-24.8428455601)
continue (3.8430948760) (-24.8473631365)
continue (3.8479632917) (-24.8518571757)
continue (3.8528440576) (-24.8564294086)
continue (3.8577372208) (-24.8612395599)
continue (3.8626100831) (-24.8668061096)
continue (3.8674952713) (-24.8747042030)
continue (3.8723763766) (-24.8898953543)
continue (3.8772533211) (-24.9287994124)
continue (3.8821260270) (-25.0580376123)
continue (3.8872689984) (-75.4967542285)
continue (3.8880465300) (-24.8870600239)
continue (3.8899644875) (-24.8903303519)
continue (3.8929224712) (-24.8940642449)
continue (3.8958849568) (-24.8988133349)
continue (3.8988519547) (-24.9055498354)
continue (3.9018067686) (-24.9162287167)
continue (3.9047660647) (-24.9348686279)
continue (3.9077130959) (-24.9702186393)
continue (3.9106813613) (-25.0439194942)
continue (3.9136373315) (-25.2285448117)
continue (3.9156676117) (-55.8927900304)
continue (3.9164508235) (-24.9190129531)
continue (3.9185008743) (-24.9242888406)
continue (3.9204226914) (-24.9313133181)
continue (3.9223295118) (-24.9412589985)
continue (3.9242381880) (-24.9558366867)
continue (3.9261487226) (-24.9779223405)
continue (3.9280611185) (-25.0126197845)
continue (3.9299753783) (-25.0698760461)
continue (3.9318915048) (-25.1725208747)
continue (3.9338095006) (-25.3941263251)
continue (3.9359648088) (-45.3339502615)
continue (3.9367520805) (-24.9558523791)
continue (3.9370216616) (-24.9660819128)
continue (3.9383148035) (-24.9795517014)
continue (3.9396087952) (-24.9976136059)
continue (3.9409036375) (-25.0222622232)
continue (3.9421993313) (-25.0566751790)
continue (3.9434958773) (-25.1062515499)
continue (3.9447932764) (-25.1812121314)
continue (3.9460915295) (-25.3046190285)
continue (3.9473906374) (-25.5502162364)
continue (3.9479023104) (-39.1804560645)
continue (3.9486919698) (-25.0009565004)
continue (3.9496318982) (-25.0167793339)
continue (3.9505736443) (-25.0367128439)
continue (3.9515158397) (-25.0621803130)
continue (3.9524584845) (-25.0952617400)
continue (3.9534015792) (-25.1392057747)
continue (3.9543451241) (-25.1994801857)
continue (3.9552891195) (-25.2863633166)
continue (3.9562335657) (-25.4229622637)
continue (3.9571784630) (-25.6830530663)
continue (3.9581922382) (-35.2072582142)
continue (3.9589839558) (-24.9484616095)
continue (3.9963853212) (-26.1052410056)
continue (3.9971846782) (-26.1052410056)
continue (4.1935893733) (-26.1198154472)
continue (4.3980066159) (-26.1953154851)
continue (4.6140099788) (-26.1529829021)
continue (4.8420136600) (-26.1745738822)
continue (5.0795260358) (-26.1648169302)
continue (5.3290466130) (-26.2616158765)
continue (5.5905949130) (-26.2244623652)
continue (5.8640088212) (-26.1195294072)
continue (6.1530517948) (-26.1347775437)
continue (6.4537320879) (-26.1099704138)
continue (6.7752191139) (-26.2312879196)
continue (7.1026264288) (-26.1847544081)
continue (7.4571765206) (-26.0841254971)
continue (7.8220340843) (-26.1328862202)
continue (8.2022229596) (-26.1807852001)
continue (8.6049761172) (-26.1748336277)
continue (9.0313872232) (-26.1639291911)
continue (9.4736144175) (-26.1507649087)
continue (9.9396484600) (-26.1312967977)
continue (10.4275886350) (-26.1446020033)
continue (10.9395794816) (-26.1203880929)
continue (11.4769139901) (-26.0960422915)
continue (12.0410540541) (-26.0716553647)
continue (12.6319236321) (-26.0472559760)
continue (13.2528646134) (-26.0228253240)
continue (13.9039818556) (-25.9982662872)
continue (14.5849387135) (-25.9742846161)
continue (15.3025519868) (-25.9500071431)
continue (16.0547387388) (-25.9259153110)
continue (16.8410085163) (-25.9020489290)
continue (17.6704861512) (-25.8787685449)
continue (18.5367569328) (-25.8557372262)
continue (19.4465849513) (-25.8332739444)
continue (20.4045448011) (-25.8113527040)
continue (21.4063183185) (-25.7902169852)
continue (22.4560613804) (-25.7698066211)
continue (23.5591254089) (-25.7505570386)
continue (24.7156759104) (-25.7325935812)
continue (25.9324692890) (-25.7155692662)
continue (27.2019991288) (-25.7002748460)
continue (28.5395230447) (-25.6863436534)
continue (29.9463348937) (-25.6742791420)
continue (31.4121672119) (-25.6639407221)
continue (32.9572141344) (-25.6556077263)
continue (34.5700671782) (-25.6493643917)
continue (36.2765513860) (-25.6453154460)
continue (38.0487252951) (-25.6435916730)
continue (39.9153294269) (-25.6443569498)
continue (41.8780777030) (-25.6472388083)
continue (43.9376552949) (-25.6524748400)
continue (46.0934229042) (-25.6599526823)
continue (48.3687351813) (-25.6695862267)
continue (50.7386954798) (-25.6811022854)
continue (53.2282109122) (-25.6944336865)
continue (55.8374369373) (-25.7092977567)
continue (58.6023775445) (-25.7253803809)
continue (61.4475368049) (-25.7418418067)
continue (64.4916469085) (-25.7597004180)
continue (67.6515939730) (-25.7783250029)
continue (70.9709478829) (-25.7964232250)
continue (74.4499159164) (-25.8105096863)
continue (78.0862871308) (-25.8291517964)
continue (81.9484685986) (-25.8483237692)
continue (85.9685821525) (-25.8639139026)
continue (90.2244525561) (-25.8787685449)
continue (94.6279305105) (-25.8938091027)
continue (99.2773690834) (-25.9055288714)
continue (104.1567002876) (-25.9136401693)
continue (109.2777276432) (-25.9215431819)
continue (114.6391962280) (-25.9266482976)
continue (120.2675162751) (-25.9295926783)
continue (126.1793091687) (-25.9333014496)
continue (132.3746325997) (-25.9381706927)
continue (138.8703094813) (-25.9434762759)
continue (145.6861663975) (-25.9480760840)
continue (152.8458522000) (-25.9531148092)
continue (160.3496341398) (-25.9582126810)
continue (168.2235500861) (-25.9637704559)
continue (176.4995101330) (-25.9698052146)
continue (185.1792259330) (-25.9751040399)
continue (194.2585740389) (-25.9800533183)
continue (203.8172603034) (-25.9846402446)
continue (213.8120532183) (-25.9897000434)
continue (224.3394807525) (-25.9943905546)
continue (235.3478746943) (-25.9991322785)
continue (246.8889110855) (-26.0034007773)
continue (259.0298382082) (-26.0075790439)
continue (271.6955786573) (-26.0118425274)
continue (285.0381516473) (-26.0160130780)
continue (299.0702234383) (-26.0200421067)
continue (313.7971662591) (-26.0238334999)
continue (329.2149461042) (-26.0277045714)
continue (345.3076812491) (-26.0316104582)
continue (362.3327915771) (-26.0357403698)
continue (380.1697834028) (-26.0404339534)
continue (398.8039259591) (-26.0460471168)
continue (418.3962216788) (-26.0532530650)
continue (438.9532614723) (-26.0624319614)
continue (460.4684036465) (-26.0746879085)
continue (483.1744277924) (-26.0908720580)
continue (506.8225644140) (-26.1089645847)
continue (531.6610098112) (-26.1244757361)
continue (557.6909246123) (-26.1338308524)
continue (585.2710152964) (-26.1381670023)
continue (614.0613010893) (-26.1425468830)
continue (644.0049263721) (-26.1463626180)
continue (675.5129509388) (-26.1496601454)
continue (709.1571757327) (-26.1532300465)
continue (743.8914047481) (-26.1569541895)
continue (780.1943243292) (-26.1606476711)
continue (818.7484014523) (-26.1645631052)
continue (858.8755615612) (-26.1687703061)
continue (901.3520977413) (-26.1727600005)
continue (945.2976875689) (-26.1764605663)
continue (991.6932972211) (-26.1797328428)
continue (1040.3778637019) (-26.1826991216)
continue (1091.4684043795) (-26.1853529305)
continue (1145.0954647103) (-26.1879561021)
continue (1201.4066853216) (-26.1909118687)
continue (1260.3969167586) (-26.1943632337)
continue (1322.2097661295) (-26.1987335295)
continue (1387.2232772362) (-26.2040505011)
continue (1455.2331057433) (-26.2104897959)
continue (1526.6660593340) (-26.2181728471)
continue (1601.8051868807) (-26.2273849502)
continue (1680.3742777364) (-26.2382976325)
continue (1762.9463548393) (-26.2508049578)
continue (1849.5371845270) (-26.2648803659)
continue (1940.5173995240) (-26.2803373170)
continue (2035.8958239867) (-26.2970527538)
continue (2135.6151179200) (-26.3147062186)
continue (2240.6367612895) (-26.3334820194)
continue (2350.4435667177) (-26.3532043112)
continue (2466.2164298145) (-26.3740705073)
continue (2587.3565326986) (-26.3954499674)
continue (2714.5277653156) (-26.4172550343)
continue (2847.7092838014) (-26.4397346021)
continue (2987.7605600540) (-26.4626847269)
continue (3133.6553329314) (-26.4861168144)
continue (3288.5852429320) (-26.5101820917)
continue (3449.1558320078) (-26.5346171486)
continue (3619.0110040368) (-26.5600360641)
continue (3796.9457117352) (-26.5856953119)
continue (3982.8101871349) (-26.6118987984)
continue (4178.2071105752) (-26.6382721640)
continue (4383.1985128257) (-26.6651443104)
continue (4600.0351883718) (-26.6922900766)
continue (4826.6259047482) (-26.7203330560)
continue (5062.5942823136) (-26.7486051500)
continue (5310.4135828465) (-26.7770235501)
continue (5573.4982924554) (-26.8057632513)
continue (5845.2018654038) (-26.8350526274)
continue (6132.3483904203) (-26.8648673486)
continue (6435.5012063309) (-26.8948305720)
continue (6750.1257097515) (-26.9251835594)
continue (7080.5514437953) (-26.9566377220)
continue (7426.7886782107) (-26.9880068853)
continue (7795.2692114325) (-27.0197238589)
continue (8180.1343879395) (-27.0517827064)
continue (8580.6682751079) (-27.0841782124)
continue (8995.7252795307) (-27.1170772094)
continue (9442.2025781417) (-27.1501508044)
continue (9905.0757697441) (-27.1835598320)
continue (10391.9143667061) (-27.2173124318)
continue (10902.9309741141) (-27.2508823376)
continue (11438.0189634299) (-27.2846653162)
continue (11999.8284279228) (-27.3183970013)
continue (12588.2990857364) (-27.3524214458)
continue (13206.7676929921) (-27.3872161433)
continue (13855.3591427164) (-27.4220488723)
continue (14536.0818442568) (-27.4570501512)
continue (15251.3300555055) (-27.4924139602)
continue (15998.3667629294) (-27.5279753023)
continue (16785.1716856964) (-27.5638373530)
continue (17609.0235906562) (-27.5999803649)
continue (18476.6214682980) (-27.6365760671)
continue (19380.4119697247) (-27.6740740442)
continue (20336.2412590149) (-27.7119744646)
continue (21331.1556839058) (-27.7503125722)
continue (22378.8548825259) (-27.7896814802)
continue (23480.2105337917) (-27.8294449415)
continue (24635.4952910640) (-27.8706324043)
continue (25844.2135795932) (-27.9122185822)
continue (27112.9714613644) (-27.9550684539)
continue (28441.5409118744) (-27.9986990670)
continue (29838.4731767013) (-28.0437835308)
continue (31304.2587020425) (-28.0896958319)
continue (32838.4493987912) (-28.1367961410)
continue (34452.4374599794) (-28.1848873418)
continue (36147.0436658650) (-28.2343314452)
continue (37922.0545491659) (-28.2848326422)
continue (39793.3175029020) (-28.3365817877)
continue (41743.7916086329) (-28.3909394501)
continue (43789.8592415404) (-28.4467239539)
continue (45953.9571768258) (-28.5039010079)
continue (48189.6864524831) (-28.5628839070)
continue (50569.7542073505) (-28.6232406046)
continue (53042.3149485714) (-28.6857113391)
continue (55666.8888708892) (-28.7498240519)
continue (58377.1281753015) (-28.8158766458)
continue (61241.0598666973) (-28.8847224086)
continue (64264.2433580011) (-28.9562448730)
continue (67401.4031668977) (-29.0307705201)
continue (70750.5412124578) (-29.1081281696)
continue (74207.4080469427) (-29.1874208446)
continue (77819.5534429083) (-29.2701874928)
continue (81654.7464889298) (-29.3555614105)
continue (85725.9615067221) (-29.4434562915)
continue (89868.5375558636) (-29.5361070110)
continue (94314.5281325250) (-29.6315271616)
continue (98943.2107292569) (-29.7307206102)
continue (103800.7712514473) (-29.8341623753)
continue (108899.0165889647) (-29.9404365821)
continue (114251.1247262358) (-30.0519295185)
continue (119856.2371190920) (-30.1672995290)
continue (125744.0279862641) (-30.2859218350)
continue (131933.8310143994) (-30.4122890350)
continue (138406.2835383439) (-30.5419668075)
continue (145198.6887852862) (-30.6769542645)
continue (152334.8329683143) (-30.8190144192)
continue (159815.3228369794) (-30.9649707178)
continue (167666.4159735890) (-31.1195866001)
continue (175886.3097503294) (-31.2788491563)
continue (184541.7113844586) (-31.4358075394)
continue (193598.2517137149) (-31.5756084456)
continue (203090.4771153235) (-31.6363880201)
continue (213112.0137550178) (-31.6716203966)
continue (223568.9329775408) (-31.7068585165)
continue (234560.3528485087) (-31.7420815497)
continue (246022.4003284170) (-31.7775436633)
continue (258149.2835174097) (-31.8127613802)
continue (270807.4207478325) (-31.8480176045)
continue (284149.3516733571) (-31.8837244124)
continue (298091.9106367211) (-31.9193735131)
continue (312720.3057022843) (-31.9550684539)
continue (328029.8671045559) (-31.9909742579)
continue (344134.0524231330) (-32.0267335639)
continue (361040.7966784692) (-32.0621312034)
continue (378747.7019187267) (-32.0975075788)
continue (397412.5472378789) (-32.1328862202)
continue (416865.0369700166) (-32.1683221508)
continue (437478.1424946981) (-32.2037032599)
continue (458845.4032308441) (-32.2391253619)
continue (481387.7289046257) (-32.2744967311)
continue (505136.9017829581) (-32.3098925605)
continue (529806.3783816607) (-32.3453422454)
continue (555989.6100161417) (-32.3806979241)
continue (583397.5485380642) (-32.4161214015)
continue (611999.3088089029) (-32.4514877437)
continue (3672982.5506507708) (-33.5270973482)
continue (3709712.3761572787) (-50.0000000000)
continue (7354000.0000000000) (-50.0000000000)
f(nu) = -22.9345148858 at 1.0000000000 Ryd
