# Puchwein et al 2019
# z = 6.492000
# E [Ryd] log (J_nu)
interpolate (0.0000000100) (-50.0000000000)
continue (0.0007810860) (-50.0000000000)
continue (0.0007889757) (-18.0049793939)
continue (0.0008276721) (-18.0267797531)
continue (0.0008678733) (-18.0501222960)
continue (0.0009112670) (-18.0755139563)
continue (0.0009556071) (-18.1023729087)
continue (0.0010026042) (-18.1298888446)
continue (0.0010517855) (-18.1583277499)
continue (0.0011034960) (-18.1878891588)
continue (0.0011577525) (-18.2186755443)
continue (0.0012145368) (-18.2501864147)
continue (0.0012741429) (-18.2819968317)
continue (0.0013367566) (-18.3143478159)
continue (0.0014023807) (-18.3472703039)
continue (0.0014712092) (-18.3809066694)
continue (0.0015434739) (-18.4154426395)
continue (0.0016194544) (-18.4503837605)
continue (0.0016988571) (-18.4854522473)
continue (0.0017822550) (-18.5205686628)
continue (0.0018700328) (-18.5559552041)
continue (0.0019618234) (-18.5915904215)
continue (0.0020579652) (-18.6276404175)
continue (0.0021594004) (-18.6641410887)
continue (0.0022651429) (-18.7011469236)
continue (0.0023768048) (-18.7384992268)
continue (0.0024932065) (-18.7757259857)
continue (0.0026155768) (-18.8130436645)
continue (0.0027439535) (-18.8504729862)
continue (0.0028792005) (-18.8877302316)
continue (0.0030204407) (-18.9251835594)
continue (0.0031685222) (-18.9621752494)
continue (0.0033245785) (-18.9995659225)
continue (0.0034874358) (-19.0364955006)
continue (0.0036582375) (-19.0735032107)
continue (0.0038385298) (-19.1103062086)
continue (0.0040268094) (-19.1469104701)
continue (0.0042246962) (-19.1831623691)
continue (0.0044322323) (-19.2188911643)
continue (0.0046493213) (-19.2539888922)
continue (0.0048783028) (-19.2887834757)
continue (0.0051194774) (-19.3234892897)
continue (0.0053698702) (-19.3580304023)
continue (0.0056320579) (-19.3925449768)
continue (0.0059096431) (-19.4267801729)
continue (0.0061990950) (-19.4609239012)
continue (0.0065044038) (-19.4947143259)
continue (0.0068259698) (-19.5282683485)
continue (0.0071584208) (-19.5614576512)
continue (0.0075125059) (-19.5943122133)
continue (0.0078829323) (-19.6263525278)
continue (0.0082692103) (-19.6569855028)
continue (0.0086704755) (-19.6855007720)
continue (0.0090944807) (-19.7106340485)
continue (0.0095460609) (-19.7328282716)
continue (0.0100150233) (-19.7522721671)
continue (0.0105069407) (-19.7692956864)
continue (0.0110229463) (-19.7833064008)
continue (0.0115643017) (-19.7942544591)
continue (0.0121324320) (-19.8024437868)
continue (0.0127271923) (-19.8074325467)
continue (0.0133518970) (-19.8093882022)
continue (0.0140087159) (-19.8085489855)
continue (0.0146954841) (-19.8049310035)
continue (0.0154190689) (-19.7980569366)
continue (0.0161744226) (-19.7875460390)
continue (0.0169695898) (-19.7723703504)
continue (0.0178051382) (-19.7522721671)
continue (0.0186773308) (-19.7265357274)
continue (0.0195971392) (-19.6948636811)
continue (0.0205564397) (-19.6595558852)
continue (0.0215684490) (-19.6281935415)
continue (0.0226289290) (-19.6022337439)
continue (0.0237370922) (-19.5762627500)
continue (0.0249048093) (-19.5503673495)
continue (0.0261257732) (-19.5247647774)
continue (0.0274065254) (-19.4992148271)
continue (0.0287556633) (-19.4749551930)
continue (0.0301644148) (-19.4521022824)
continue (0.0316522046) (-19.4296906146)
continue (0.0332094377) (-19.4067139330)
continue (0.0348343643) (-19.3809066694)
continue (0.0365530273) (-19.3501785368)
continue (0.0383368519) (-19.3171332043)
continue (0.0402325373) (-19.2910694642)
continue (0.0422078263) (-19.2734357838)
continue (0.0442792503) (-19.2575891194)
continue (0.0464458191) (-19.2437443512)
continue (0.0487308541) (-19.2322506327)
continue (0.0511373160) (-19.2246808782)
continue (0.0536354897) (-19.2230809972)
continue (0.0562510476) (-19.2269453066)
continue (0.0590198815) (-19.2320282786)
continue (0.0619488083) (-19.2336615247)
continue (0.0649513165) (-19.2321023840)
continue (0.0681575894) (-19.2297372618)
continue (0.0715280197) (-19.2270185497)
continue (0.0750013968) (-19.2245351907)
continue (0.0786931754) (-19.2227182083)
continue (0.0825422981) (-19.2219211381)
continue (0.0866223356) (-19.2228632875)
continue (0.0908541347) (-19.2245351907)
continue (0.0953507346) (-19.2241711855)
continue (0.1000293052) (-19.2253370775)
continue (0.1049484016) (-19.2264329511)
continue (0.1100962874) (-19.2246080283)
continue (0.1155110877) (-19.2246808782)
continue (0.1211791185) (-19.2252641174)
continue (0.1271298787) (-19.2243895520)
continue (0.1333821679) (-19.2217040089)
continue (0.1399365741) (-19.2191068913)
continue (0.1467891383) (-19.2160249966)
continue (0.1540082763) (-19.2130357406)
continue (0.1615721579) (-19.2107013888)
continue (0.1695065050) (-19.2092927127)
continue (0.1778428905) (-19.2090818048)
continue (0.1865820989) (-19.2077484281)
continue (0.1957188511) (-19.2094333749)
continue (0.2053328010) (-19.2184600314)
continue (0.2154295439) (-19.2321023840)
continue (0.2260086733) (-19.2520446931)
continue (0.2371238540) (-19.2718898159)
continue (0.2487761318) (-19.2723774220)
continue (0.2609584682) (-19.2640818835)
continue (0.2738182004) (-19.2610609688)
continue (0.2872846692) (-19.2570393298)
continue (0.3013448978) (-19.2520446931)
continue (0.3161925645) (-19.2459576132)
continue (0.3317316967) (-19.2294425251)
continue (0.3479446242) (-19.2192507689)
continue (0.3650909338) (-19.2078885909)
continue (0.3830462256) (-19.1955198109)
continue (0.4017931970) (-19.1856857998)
continue (0.4214925859) (-19.1791420106)
continue (0.4421479723) (-19.1741197011)
continue (0.4639852194) (-19.1681302257)
continue (0.4867879118) (-19.1641826457)
continue (0.5105137091) (-19.1622853317)
continue (0.5357242627) (-19.1622222304)
continue (0.5621634613) (-19.1637391971)
continue (0.5898168096) (-19.1628536561)
continue (0.6186469591) (-19.1646899991)
continue (0.6490505490) (-19.1771783547)
continue (0.6810664954) (-19.2025247125)
continue (0.7141590680) (-19.2397283395)
continue (0.7493222477) (-19.2713216331)
continue (0.7494721272) (-19.5106040783)
continue (0.7862527790) (-19.6099485035)
continue (0.8246759917) (-19.8113527040)
continue (0.8288690942) (-19.8424586177)
continue (0.8329222993) (-19.8753001911)
continue (0.8369692137) (-19.9102608702)
continue (0.8410245965) (-19.9476909004)
continue (0.8450724461) (-19.9880111100)
continue (0.8491277985) (-20.0311510908)
continue (0.8531743306) (-20.0783317289)
continue (0.8572273582) (-20.1312732944)
continue (0.8612783740) (-20.1915810478)
continue (0.8654007320) (-20.2616158765)
continue (0.8695793374) (-20.3536266657)
continue (0.8738320076) (-20.4681495370)
continue (0.8780757090) (-20.6209121374)
continue (0.8823266565) (-20.8532953560)
continue (0.8865758338) (-21.3699893294)
continue (0.8880856269) (-inf)
continue (0.8882632618) (-20.0253041281)
continue (0.8908313008) (-20.0493051683)
continue (0.8950838547) (-20.0950287127)
continue (0.8993328242) (-20.1452938627)
continue (0.9035775261) (-20.2010698114)
continue (0.9076364251) (-20.2638426247)
continue (0.9122887342) (-20.3390842681)
continue (0.9167472861) (-20.4285870083)
continue (0.9212067921) (-20.5395336605)
continue (0.9256657008) (-20.6863014704)
continue (0.9301243111) (-20.9053996155)
continue (0.9345829462) (-21.3572239679)
continue (0.9369417514) (-inf)
continue (0.9371291585) (-20.4932244634)
continue (0.9390419537) (-20.5348804822)
continue (0.9435007297) (-20.6442918488)
continue (0.9479596448) (-20.7885483887)
continue (0.9524111317) (-21.0023078821)
continue (0.9531313595) (-21.0556525724)
continue (0.9538446901) (-21.1143493468)
continue (0.9545580893) (-21.1798359926)
continue (0.9552715550) (-21.2542282410)
continue (0.9559850851) (-21.3408056895)
continue (0.9566986776) (-21.4450628453)
continue (0.9574113244) (-21.5773002053)
continue (0.9581250337) (-21.7606404497)
continue (0.9588387990) (-22.0688702625)
continue (0.9594354567) (-inf)
continue (0.9596273630) (-20.9689957186)
continue (0.9607716931) (-21.0281292599)
continue (0.9619918385) (-21.0923382396)
continue (0.9632120325) (-21.1632411744)
continue (0.9644322638) (-21.2429533695)
continue (0.9656525208) (-21.3347549432)
continue (0.9668727920) (-21.4441404642)
continue (0.9680930657) (-21.5814087233)
continue (0.9693133303) (-21.7696864974)
continue (0.9705335740) (-22.0827597694)
continue (0.9716099949) (-229.2208365762)
continue (0.9718043363) (-21.3900855899)
continue (0.9724931975) (-21.4434370007)
continue (0.9732326966) (-21.5020784173)
continue (0.9739722802) (-21.5675069312)
continue (0.9747119461) (-21.6418366371)
continue (0.9754506480) (-21.7283465511)
continue (0.9761904704) (-21.8325320178)
continue (0.9769303686) (-21.9646943637)
continue (0.9776692914) (-22.1479581816)
continue (0.9784093329) (-22.4561057082)
continue (0.9790220836) (-148.9111554373)
continue (0.9792179076) (-21.7035542058)
continue (0.9796262717) (-21.7540853024)
continue (0.9801046187) (-21.8099233496)
continue (0.9805823779) (-21.8725776994)
continue (0.9810606032) (-21.9441631490)
continue (0.9815392951) (-22.0279638738)
continue (0.9820173961) (-22.1294696878)
continue (0.9824949039) (-22.2589824147)
continue (0.9829728762) (-22.4396258329)
continue (0.9834513138) (-22.7451861590)
continue (0.9837787230) (-105.6528652171)
continue (0.9839754984) (-21.9531148092)
continue (0.9842532892) (-22.0020660683)
continue (0.9845776371) (-22.0563299222)
continue (0.9849011343) (-22.1174230994)
continue (0.9852259094) (-22.1874602973)
continue (0.9855498328) (-22.2697225419)
continue (0.9858739693) (-22.3697033485)
continue (0.9861983191) (-22.4977026415)
continue (0.9865228824) (-22.6768448790)
continue (0.9868465907) (-22.9809128020)
continue (0.9870824973) (-80.3929741216)
continue (0.9872799335) (-22.1473370557)
continue (0.9874069046) (-22.1953277419)
continue (0.9876423407) (-22.2487147359)
continue (0.9878789599) (-22.3089361984)
continue (0.9881146211) (-22.3781063744)
continue (0.9883503948) (-22.4595053495)
continue (0.9885862810) (-22.5586285461)
continue (0.9888222799) (-22.6857745291)
continue (0.9890583914) (-22.8640694892)
continue (0.9892935417) (-23.1672956987)
continue (0.9894406051) (-63.8027194419)
continue (0.9896385130) (-21.6581699431)
continue (0.9991962399) (-24.6703987516)
continue (1.0439534549) (-24.8601209136)
continue (1.0951411739) (-24.9034375616)
continue (1.1489937849) (-24.8538719643)
continue (1.2053795910) (-24.8820661650)
continue (1.2645947416) (-24.6987529114)
continue (1.3266370226) (-24.6970200633)
continue (1.3918847882) (-24.6687752190)
continue (1.4601297401) (-24.5725138909)
continue (1.5320561043) (-24.6333902896)
continue (1.6071727880) (-24.5659103616)
continue (1.6862823294) (-25.1038597486)
continue (1.7691069129) (-24.7314220281)
continue (1.8559408774) (-24.8141746404)
continue (1.9471516470) (-24.7316560860)
continue (2.0427414724) (-24.8359447081)
continue (2.1431490377) (-24.7994230732)
continue (2.2483764392) (-24.7961515363)
continue (2.3583513737) (-24.7891466347)
continue (2.4742518893) (-24.8119156263)
continue (2.5962021961) (-24.9763360818)
continue (2.7234517956) (-24.8193007987)
continue (2.8575320502) (-24.7356544929)
continue (2.9972889909) (-24.6989700043)
continue (2.9978885086) (-24.8164454664)
continue (3.1444684983) (-25.0910862600)
continue (3.2993011253) (-24.8365404482)
continue (3.3154824080) (-24.8255069866)
continue (3.3316770164) (-24.8370623920)
continue (3.3478830047) (-24.8485627275)
continue (3.3640859670) (-24.8600044879)
continue (3.3802960540) (-24.8713907438)
continue (3.3964985345) (-24.8827353348)
continue (3.4127037129) (-24.8940336199)
continue (3.4289094326) (-24.9052669062)
continue (3.4451134960) (-24.9164328858)
continue (3.4609455785) (-24.9273825235)
continue (3.4783173495) (-24.9035140654)
continue (3.4953146235) (-24.9022881515)
continue (3.5123163736) (-24.9010656883)
continue (3.5293202949) (-24.8998535535)
continue (3.5463240368) (-24.8986757443)
continue (3.5537279767) (-inf)
continue (3.5544387934) (-24.8989406451)
continue (3.5633252031) (-24.8984694401)
continue (3.5803213519) (-24.8973879477)
continue (3.5973241965) (-24.8963741368)
continue (3.6143172719) (-24.8954172998)
continue (3.6319927095) (-24.8944898152)
continue (3.6491549368) (-24.9490753006)
continue (3.6669965225) (-25.0260874296)
continue (3.6848197184) (-25.1027766053)
continue (3.7026665643) (-25.1791538193)
continue (3.7204896494) (-25.2552330730)
continue (3.7383317846) (-25.3310413043)
continue (3.7481524197) (-219.9442395353)
continue (3.7489021252) (-25.3703865546)
continue (3.7561600736) (-25.4039562951)
continue (3.7740029190) (-25.4786382861)
continue (3.7918425237) (-25.5527969905)
continue (3.8096445268) (-25.6259852597)
continue (3.8125294258) (-25.6292704648)
continue (3.8153867477) (-25.6325564833)
continue (3.8182323571) (-25.6358412662)
continue (3.8210822144) (-25.6391227029)
continue (3.8239363290) (-25.6424024336)
continue (3.8267947105) (-25.6456859922)
continue (3.8296412741) (-25.6490429546)
continue (3.8324920757) (-25.6537174574)
continue (3.8353471248) (-25.6818030565)
continue (3.8381459698) (-116.7323590177)
continue (3.8389136758) (-25.6583676642)
continue (3.8430948760) (-25.6639647612)
continue (3.8479632917) (-25.6695375235)
continue (3.8528440576) (-25.6751046137)
continue (3.8577372208) (-25.6806669588)
continue (3.8626100831) (-25.6862213341)
continue (3.8674952713) (-25.6917707734)
continue (3.8723763766) (-25.6973141601)
continue (3.8772533211) (-25.7028853940)
continue (3.8821260270) (-25.7123348481)
continue (3.8872689984) (-76.1782900027)
continue (3.8880465300) (-25.7137681460)
continue (3.8899644875) (-25.7169997149)
continue (3.8929224712) (-25.7203421799)
continue (3.8958849568) (-25.7236806862)
continue (3.8988519547) (-25.7270172582)
continue (3.9018067686) (-25.7303516517)
continue (3.9047660647) (-25.7336883214)
continue (3.9077130959) (-25.7371100912)
continue (3.9106813613) (-25.7419520720)
continue (3.9136373315) (-25.7710686483)
continue (3.9156676117) (-56.6317131151)
continue (3.9164508235) (-25.7469044142)
continue (3.9185008743) (-25.7489680250)
continue (3.9204226914) (-25.7511149370)
continue (3.9223295118) (-25.7532602115)
continue (3.9242381880) (-25.7554111899)
continue (3.9261487226) (-25.7576002126)
continue (3.9280611185) (-25.7600251989)
continue (3.9299753783) (-25.7638685046)
continue (3.9318915048) (-25.7763535228)
continue (3.9338095006) (-25.8460053597)
continue (3.9359648088) (-46.0876185011)
continue (3.9367520805) (-25.7680209732)
continue (3.9370216616) (-25.7695842906)
continue (3.9383148035) (-25.7710532669)
continue (3.9396087952) (-25.7725683865)
continue (3.9409036375) (-25.7742385636)
continue (3.9421993313) (-25.7764313799)
continue (3.9434958773) (-25.7803761847)
continue (3.9447932764) (-25.7902544952)
continue (3.9460915295) (-25.8210057963)
continue (3.9473906374) (-25.9369707912)
continue (3.9479023104) (-39.9211808169)
continue (3.9486919698) (-25.7825160558)
continue (3.9496318982) (-25.7837337860)
continue (3.9505736443) (-25.7850237653)
continue (3.9515158397) (-25.7866469608)
continue (3.9524584845) (-25.7890718089)
continue (3.9534015792) (-25.7934250622)
continue (3.9543451241) (-25.8024685886)
continue (3.9552891195) (-25.8232057532)
continue (3.9562335657) (-25.8751340138)
continue (3.9571784630) (-26.0285868320)
continue (3.9581922382) (-36.0220021900)
continue (3.9589839558) (-25.7926349625)
continue (3.9963853212) (-26.4036228560)
continue (3.9971846782) (-26.4036228560)
continue (4.1935893733) (-26.4666092920)
continue (4.3980066159) (-26.5657505476)
continue (4.6140099788) (-26.5612994671)
continue (4.8420136600) (-26.5798791519)
continue (5.0795260358) (-26.5848596478)
continue (5.3290466130) (-26.6217838503)
continue (5.5905949130) (-26.6058986980)
continue (5.8640088212) (-26.5565805382)
continue (6.1530517948) (-26.5587763258)
continue (6.4537320879) (-26.5476001541)
continue (6.7752191139) (-26.5632014898)
continue (7.1026264288) (-26.5412111183)
continue (7.4571765206) (-26.5075189899)
continue (7.8220340843) (-26.5000381344)
continue (8.2022229596) (-26.4882502887)
continue (8.6049761172) (-26.4682656907)
continue (9.0313872232) (-26.4466024899)
continue (9.4736144175) (-26.4238891059)
continue (9.9396484600) (-26.4003352212)
continue (10.4275886350) (-26.3784083241)
continue (10.9395794816) (-26.3541848817)
continue (11.4769139901) (-26.3298469548)
continue (12.0410540541) (-26.3054825462)
continue (12.6319236321) (-26.2809174261)
continue (13.2528646134) (-26.2564118498)
continue (13.9039818556) (-26.2318060384)
continue (14.5849387135) (-26.2072582142)
continue (15.3025519868) (-26.1827652696)
continue (16.0547387388) (-26.1583277499)
continue (16.8410085163) (-26.1341264718)
continue (17.6704861512) (-26.1101382787)
continue (18.5367569328) (-26.0864510421)
continue (19.4465849513) (-26.0631847688)
continue (20.4045448011) (-26.0403862889)
continue (21.4063183185) (-26.0182719746)
continue (22.4560613804) (-25.9969705294)
continue (23.5591254089) (-25.9763360818)
continue (24.7156759104) (-25.9570309266)
continue (25.9324692890) (-25.9385475209)
continue (27.2019991288) (-25.9215431819)
continue (28.5395230447) (-25.9062282185)
continue (29.9463348937) (-25.8921119748)
continue (31.4121672119) (-25.8800845897)
continue (32.9572141344) (-25.8696662315)
continue (34.5700671782) (-25.8613815661)
continue (36.2765513860) (-25.8554257924)
continue (38.0487252951) (-25.8513973452)
continue (39.9153294269) (-25.8495505905)
continue (41.8780777030) (-25.8501653033)
continue (43.9376552949) (-25.8529423290)
continue (46.0934229042) (-25.8582367697)
continue (48.3687351813) (-25.8651856297)
continue (50.7386954798) (-25.8738685927)
continue (53.2282109122) (-25.8840568231)
continue (55.8374369373) (-25.8958544494)
continue (58.6023775445) (-25.9086848403)
continue (61.4475368049) (-25.9219058496)
continue (64.4916469085) (-25.9344202853)
continue (67.6515939730) (-25.9480760840)
continue (70.9709478829) (-25.9625735021)
continue (74.4499159164) (-25.9746941347)
continue (78.0862871308) (-25.9821322810)
continue (81.9484685986) (-25.9939620450)
continue (85.9685821525) (-26.0059909669)
continue (90.2244525561) (-26.0120210841)
continue (94.6279305105) (-26.0171862379)
continue (99.2773690834) (-26.0229626648)
continue (104.1567002876) (-26.0264103766)
continue (109.2777276432) (-26.0271956777)
continue (114.6391962280) (-26.0286313632)
continue (120.2675162751) (-26.0309103970)
continue (126.1793091687) (-26.0342810298)
continue (132.3746325997) (-26.0388162902)
continue (138.8703094813) (-26.0436394463)
continue (145.6861663975) (-26.0480799265)
continue (152.8458522000) (-26.0525662781)
continue (160.3496341398) (-26.0574463197)
continue (168.2235500861) (-26.0629336880)
continue (176.4995101330) (-26.0686947186)
continue (185.1792259330) (-26.0741209107)
continue (194.2585740389) (-26.0787818788)
continue (203.8172603034) (-26.0833355355)
continue (213.8120532183) (-26.0882034096)
continue (224.3394807525) (-26.0930188468)
continue (235.3478746943) (-26.0975075788)
continue (246.8889110855) (-26.1016588343)
continue (259.0298382082) (-26.1057947409)
continue (271.6955786573) (-26.1100263616)
continue (285.0381516473) (-26.1141866253)
continue (299.0702234383) (-26.1181590317)
continue (313.7971662591) (-26.1219380187)
continue (329.2149461042) (-26.1257501772)
continue (345.3076812491) (-26.1296546289)
continue (362.3327915771) (-26.1337717526)
continue (380.1697834028) (-26.1384058554)
continue (398.8039259591) (-26.1440570538)
continue (418.3962216788) (-26.1511952989)
continue (438.9532614723) (-26.1603962705)
continue (460.4684036465) (-26.1726307269)
continue (483.1744277924) (-26.1888273049)
continue (506.8225644140) (-26.2069783402)
continue (531.6610098112) (-26.2224281953)
continue (557.6909246123) (-26.2318060384)
continue (585.2710152964) (-26.2361977759)
continue (614.0613010893) (-26.2405588029)
continue (644.0049263721) (-26.2443537805)
continue (675.5129509388) (-26.2476441958)
continue (709.1571757327) (-26.2511919950)
continue (743.8914047481) (-26.2549252084)
continue (780.1943243292) (-26.2586120075)
continue (818.7484014523) (-26.2624893093)
continue (858.8755615612) (-26.2667224661)
continue (901.3520977413) (-26.2707541928)
continue (945.2976875689) (-26.2744150277)
continue (991.6932972211) (-26.2776952131)
continue (1040.3778637019) (-26.2805858403)
continue (1091.4684043795) (-26.2833290244)
continue (1145.0954647103) (-26.2859218350)
continue (1201.4066853216) (-26.2887834757)
continue (1260.3969167586) (-26.2922595457)
continue (1322.2097661295) (-26.2966226315)
continue (1387.2232772362) (-26.3018994544)
continue (1455.2331057433) (-26.3082997917)
continue (1526.6660593340) (-26.3160528692)
continue (1601.8051868807) (-26.3252306860)
continue (1680.3742777364) (-26.3361107014)
continue (1762.9463548393) (-26.3486250561)
continue (1849.5371845270) (-26.3627104523)
continue (1940.5173995240) (-26.3782007760)
continue (2035.8958239867) (-26.3949105381)
continue (2135.6151179200) (-26.4125135346)
continue (2240.6367612895) (-26.4313290220)
continue (2350.4435667177) (-26.4511194374)
continue (2466.2164298145) (-26.4718549217)
continue (2587.3565326986) (-26.4933596944)
continue (2714.5277653156) (-26.5151309673)
continue (2847.7092838014) (-26.5376020021)
continue (2987.7605600540) (-26.5605094096)
continue (3133.6553329314) (-26.5840255886)
continue (3288.5852429320) (-26.6080069277)
continue (3449.1558320078) (-26.6324577265)
continue (3619.0110040368) (-26.6577747706)
continue (3796.9457117352) (-26.6836102489)
continue (3982.8101871349) (-26.7097427306)
continue (4178.2071105752) (-26.7361273231)
continue (4383.1985128257) (-26.7629592086)
continue (4600.0351883718) (-26.7902169852)
continue (4826.6259047482) (-26.8181564121)
continue (5062.5942823136) (-26.8464900107)
continue (5310.4135828465) (-26.8748441704)
continue (5573.4982924554) (-26.9037854147)
continue (5845.2018654038) (-26.9329291440)
continue (6132.3483904203) (-26.9625735021)
continue (6435.5012063309) (-26.9926790471)
continue (6750.1257097515) (-27.0230084547)
continue (7080.5514437953) (-27.0542852859)
continue (7426.7886782107) (-27.0858684874)
continue (7795.2692114325) (-27.1175323851)
continue (8180.1343879395) (-27.1495988520)
continue (8580.6682751079) (-27.1819721581)
continue (8995.7252795307) (-27.2148838050)
continue (9442.2025781417) (-27.2479515522)
continue (9905.0757697441) (-27.2814152800)
continue (10391.9143667061) (-27.3150649174)
continue (10902.9309741141) (-27.3487219860)
continue (11438.0189634299) (-27.3824754651)
continue (11999.8284279228) (-27.4162346317)
continue (12588.2990857364) (-27.4502612687)
continue (13206.7676929921) (-27.4849213249)
continue (13855.3591427164) (-27.5198492747)
continue (14536.0818442568) (-27.5548630313)
continue (15251.3300555055) (-27.5902358957)
continue (15998.3667629294) (-27.6258017421)
continue (16785.1716856964) (-27.6615435064)
continue (17609.0235906562) (-27.6976690713)
continue (18476.6214682980) (-27.7344746648)
continue (19380.4119697247) (-27.7718563924)
continue (20336.2412590149) (-27.8096683018)
continue (21331.1556839058) (-27.8480176045)
continue (22378.8548825259) (-27.8873949985)
continue (23480.2105337917) (-27.9273825235)
continue (24635.4952910640) (-27.9681877287)
continue (25844.2135795932) (-28.0101054363)
continue (27112.9714613644) (-28.0526643241)
continue (28441.5409118744) (-28.0966386637)
continue (29838.4731767013) (-28.1415229582)
continue (31304.2587020425) (-28.1874208446)
continue (32838.4493987912) (-28.2345549819)
continue (34452.4374599794) (-28.2826624173)
continue (36147.0436658650) (-28.3320803147)
continue (37922.0545491659) (-28.3825802533)
continue (39793.3175029020) (-28.4343882751)
continue (41743.7916086329) (-28.4886514845)
continue (43789.8592415404) (-28.5445460312)
continue (45953.9571768258) (-28.6017126946)
continue (48189.6864524831) (-28.6605485587)
continue (50569.7542073505) (-28.7210178831)
continue (53042.3149485714) (-28.7833064008)
continue (55666.8888708892) (-28.8477116556)
continue (58377.1281753015) (-28.9136401693)
continue (61241.0598666973) (-28.9825492705)
continue (64264.2433580011) (-29.0540884832)
continue (67401.4031668977) (-29.1284854413)
continue (70750.5412124578) (-29.2058606442)
continue (74207.4080469427) (-29.2851674876)
continue (77819.5534429083) (-29.3679478333)
continue (81654.7464889298) (-29.4532106484)
continue (85725.9615067221) (-29.5410601381)
continue (89868.5375558636) (-29.6337638763)
continue (94314.5281325250) (-29.7293211639)
continue (98943.2107292569) (-29.8282735463)
continue (103800.7712514473) (-29.9318141383)
continue (108899.0165889647) (-30.0380097126)
continue (114251.1247262358) (-30.1496601454)
continue (119856.2371190920) (-30.2650402387)
continue (125744.0279862641) (-30.3836295277)
continue (131933.8310143994) (-30.5100415206)
continue (138406.2835383439) (-30.6397853867)
continue (145198.6887852862) (-30.7746907183)
continue (152334.8329683143) (-30.9168558569)
continue (159815.3228369794) (-31.0625322604)
continue (167666.4159735890) (-31.2173124318)
continue (175886.3097503294) (-31.3765439519)
continue (184541.7113844586) (-31.5379016189)
continue (193598.2517137149) (-31.7031155245)
continue (203090.4771153235) (-31.8102290437)
continue (213112.0137550178) (-31.8455760269)
continue (223568.9329775408) (-31.8807441107)
continue (234560.3528485087) (-31.9157813133)
continue (246022.4003284170) (-31.9511699135)
continue (258149.2835174097) (-31.9863203027)
continue (270807.4207478325) (-32.0214542995)
continue (284149.3516733571) (-32.0568518706)
continue (298091.9106367211) (-32.0924811539)
continue (312720.3057022843) (-32.1284270645)
continue (328029.8671045559) (-32.1644996721)
continue (344134.0524231330) (-32.2007283917)
continue (361040.7966784692) (-32.2367966996)
continue (378747.7019187267) (-32.2722148258)
continue (397412.5472378789) (-32.3075937652)
continue (416865.0369700166) (-32.3429441471)
continue (437478.1424946981) (-32.3784083241)
continue (458845.4032308441) (-32.4137503611)
continue (481387.7289046257) (-32.4491603949)
continue (505136.9017829581) (-32.4845235586)
continue (529806.3783816607) (-32.5199930570)
continue (555989.6100161417) (-32.5553307691)
continue (583397.5485380642) (-32.5907433480)
continue (611999.3088089029) (-32.6261688549)
continue (3672982.5506507708) (-33.7018021329)
continue (3709712.3761572787) (-50.0000000000)
continue (7354000.0000000000) (-50.0000000000)
f(nu) = -23.5745959606 at 1.0000000000 Ryd
