# Puchwein et al 2019
# z = 0.615200
# E [Ryd] log (J_nu)
interpolate (0.0000000100) (-50.0000000000)
continue (0.0007810860) (-50.0000000000)
continue (0.0007889757) (-18.2930263238)
continue (0.0008276721) (-18.3174939141)
continue (0.0008678733) (-18.3427528701)
continue (0.0009112670) (-18.3687592198)
continue (0.0009556071) (-18.3953420280)
continue (0.0010026042) (-18.4222784755)
continue (0.0010517855) (-18.4496493277)
continue (0.0011034960) (-18.4772950073)
continue (0.0011577525) (-18.5052889748)
continue (0.0012145368) (-18.5332806283)
continue (0.0012741429) (-18.5614576512)
continue (0.0013367566) (-18.5895602138)
continue (0.0014023807) (-18.6176226965)
continue (0.0014712092) (-18.6456994377)
continue (0.0015434739) (-18.6738690433)
continue (0.0016194544) (-18.7015836199)
continue (0.0016988571) (-18.7290883606)
continue (0.0017822550) (-18.7562180839)
continue (0.0018700328) (-18.7830427926)
continue (0.0019618234) (-18.8096683018)
continue (0.0020579652) (-18.8356471442)
continue (0.0021594004) (-18.8613815661)
continue (0.0022651429) (-18.8863908489)
continue (0.0023768048) (-18.9111554373)
continue (0.0024932065) (-18.9351677803)
continue (0.0026155768) (-18.9586073148)
continue (0.0027439535) (-18.9812995013)
continue (0.0028792005) (-19.0034007773)
continue (0.0030204407) (-19.0249360039)
continue (0.0031685222) (-19.0458057482)
continue (0.0033245785) (-19.0661585371)
continue (0.0034874358) (-19.0859214146)
continue (0.0036582375) (-19.1051856709)
continue (0.0038385298) (-19.1239554498)
continue (0.0040268094) (-19.1423057422)
continue (0.0042246962) (-19.1602078156)
continue (0.0044322323) (-19.1777011287)
continue (0.0046493213) (-19.1948390984)
continue (0.0048783028) (-19.2117609026)
continue (0.0051194774) (-19.2284125191)
continue (0.0053698702) (-19.2447351086)
continue (0.0056320579) (-19.2605858973)
continue (0.0059096431) (-19.2758060805)
continue (0.0061990950) (-19.2902213982)
continue (0.0065044038) (-19.3037310033)
continue (0.0068259698) (-19.3161427946)
continue (0.0071584208) (-19.3272558017)
continue (0.0075125059) (-19.3367703655)
continue (0.0078829323) (-19.3443814165)
continue (0.0082692103) (-19.3494982051)
continue (0.0086704755) (-19.3520305416)
continue (0.0090944807) (-19.3519328706)
continue (0.0095460609) (-19.3493040202)
continue (0.0100150233) (-19.3444774037)
continue (0.0105069407) (-19.3374310331)
continue (0.0110229463) (-19.3283644034)
continue (0.0115643017) (-19.3176743813)
continue (0.0121324320) (-19.3054825462)
continue (0.0127271923) (-19.2921744317)
continue (0.0133518970) (-19.2779422287)
continue (0.0140087159) (-19.2629664687)
continue (0.0146954841) (-19.2473370569)
continue (0.0154190689) (-19.2310660578)
continue (0.0161744226) (-19.2142432000)
continue (0.0169695898) (-19.1968844451)
continue (0.0178051382) (-19.1792076189)
continue (0.0186773308) (-19.1612768100)
continue (0.0195971392) (-19.1432107112)
continue (0.0205564397) (-19.1252283628)
continue (0.0215684490) (-19.1081838805)
continue (0.0226289290) (-19.0921051646)
continue (0.0237370922) (-19.0768596440)
continue (0.0249048093) (-19.0627831091)
continue (0.0261257732) (-19.0499273702)
continue (0.0274065254) (-19.0383890919)
continue (0.0287556633) (-19.0281213830)
continue (0.0301644148) (-19.0190880622)
continue (0.0316522046) (-19.0113072975)
continue (0.0332094377) (-19.0048915423)
continue (0.0348343643) (-19.0000000000)
continue (0.0365530273) (-18.9961088338)
continue (0.0383368519) (-18.9943905546)
continue (0.0402325373) (-18.9969705294)
continue (0.0422078263) (-19.0029632891)
continue (0.0442792503) (-19.0103722293)
continue (0.0464458191) (-19.0191788334)
continue (0.0487308541) (-19.0296531238)
continue (0.0511373160) (-19.0422969585)
continue (0.0536354897) (-19.0575950591)
continue (0.0562510476) (-19.0741209107)
continue (0.0590198815) (-19.0908720580)
continue (0.0619488083) (-19.1072377654)
continue (0.0649513165) (-19.1232627029)
continue (0.0681575894) (-19.1402014525)
continue (0.0715280197) (-19.1583277499)
continue (0.0750013968) (-19.1774396631)
continue (0.0786931754) (-19.1972946729)
continue (0.0825422981) (-19.2178141335)
continue (0.0866223356) (-19.2393513804)
continue (0.0908541347) (-19.2615365605)
continue (0.0953507346) (-19.2831622767)
continue (0.1000293052) (-19.3054825462)
continue (0.1049484016) (-19.3276250213)
continue (0.1100962874) (-19.3491099221)
continue (0.1155110877) (-19.3713046173)
continue (0.1211791185) (-19.3945872018)
continue (0.1271298787) (-19.4183916340)
continue (0.1333821679) (-19.4423725116)
continue (0.1399365741) (-19.4676278664)
continue (0.1467891383) (-19.4940364820)
continue (0.1540082763) (-19.5217221681)
continue (0.1615721579) (-19.5500590112)
continue (0.1695065050) (-19.5792193805)
continue (0.1778428905) (-19.6083592965)
continue (0.1865820989) (-19.6373290703)
continue (0.1957188511) (-19.6677635845)
continue (0.2053328010) (-19.6996219351)
continue (0.2154295439) (-19.7318902702)
continue (0.2260086733) (-19.7654827165)
continue (0.2371238540) (-19.7964232250)
continue (0.2487761318) (-19.8198741248)
continue (0.2609584682) (-19.8407336689)
continue (0.2738182004) (-19.8629625452)
continue (0.2872846692) (-19.8860566477)
continue (0.3013448978) (-19.9100948886)
continue (0.3161925645) (-19.9355420108)
continue (0.3317316967) (-19.9613798381)
continue (0.3479446242) (-19.9884295564)
continue (0.3650909338) (-20.0173218066)
continue (0.3830462256) (-20.0478859151)
continue (0.4017931970) (-20.0820221174)
continue (0.4214925859) (-20.1199871616)
continue (0.4421479723) (-20.1607105440)
continue (0.4639852194) (-20.2043284941)
continue (0.4867879118) (-20.2514243831)
continue (0.5105137091) (-20.3015514620)
continue (0.5357242627) (-20.3547742885)
continue (0.5621634613) (-20.4099387692)
continue (0.5898168096) (-20.4625587166)
continue (0.6186469591) (-20.5184140636)
continue (0.6490505490) (-20.5835259209)
continue (0.6810664954) (-20.6538426978)
continue (0.7141590680) (-20.7325935812)
continue (0.7493222477) (-20.8046539417)
continue (0.7494721272) (-20.9558523791)
continue (0.7862527790) (-21.0535477350)
continue (0.8246759917) (-21.1797328428)
continue (0.8288690942) (-21.1988838566)
continue (0.8329222993) (-21.2149165724)
continue (0.8369692137) (-21.2308428313)
continue (0.8410245965) (-21.2466674795)
continue (0.8450724461) (-21.2623923510)
continue (0.8491277985) (-21.2778524634)
continue (0.8531743306) (-21.2932301737)
continue (0.8572273582) (-21.3085834078)
continue (0.8612783740) (-21.3242583092)
continue (0.8654007320) (-21.3402739048)
continue (0.8695793374) (-21.3619602457)
continue (0.8738320076) (-21.3815387353)
continue (0.8780757090) (-21.3998922005)
continue (0.8823266565) (-21.4181902390)
continue (0.8865758338) (-21.4364358608)
continue (0.8880856269) (-21.4444219272)
continue (0.8882632618) (-21.4390179444)
continue (0.8908313008) (-21.4496150845)
continue (0.8950838547) (-21.4680908337)
continue (0.8993328242) (-21.4859785007)
continue (0.9035775261) (-21.5037943181)
continue (0.9076364251) (-21.5215778123)
continue (0.9122887342) (-21.5461803698)
continue (0.9167472861) (-21.5680993295)
continue (0.9212067921) (-21.5885031932)
continue (0.9256657008) (-21.6093280209)
continue (0.9301243111) (-21.6306060070)
continue (0.9345829462) (-21.6523714489)
continue (0.9369417514) (-21.6645420993)
continue (0.9371291585) (-21.6617427698)
continue (0.9390419537) (-21.6706977370)
continue (0.9435007297) (-21.6907958203)
continue (0.9479596448) (-21.7112657626)
continue (0.9524111317) (-21.7321245807)
continue (0.9531313595) (-21.7377150656)
continue (0.9538446901) (-21.7414034193)
continue (0.9545580893) (-21.7450122924)
continue (0.9552715550) (-21.7485442946)
continue (0.9559850851) (-21.7520021979)
continue (0.9566986776) (-21.7553864622)
continue (0.9574113244) (-21.7586951380)
continue (0.9581250337) (-21.7619338144)
continue (0.9588387990) (-21.7651007256)
continue (0.9594354567) (-21.7682756167)
continue (0.9596273630) (-21.7664962397)
continue (0.9607716931) (-21.7715560087)
continue (0.9619918385) (-21.7764962714)
continue (0.9632120325) (-21.7812466145)
continue (0.9644322638) (-21.7858107349)
continue (0.9656525208) (-21.7901982313)
continue (0.9668727920) (-21.7944113310)
continue (0.9680930657) (-21.7984581350)
continue (0.9693133303) (-21.8023445939)
continue (0.9705335740) (-21.8060771452)
continue (0.9716099949) (-21.8096683018)
continue (0.9718043363) (-21.8082696066)
continue (0.9724931975) (-21.8104956499)
continue (0.9732326966) (-21.8125413257)
continue (0.9739722802) (-21.8145343421)
continue (0.9747119461) (-21.8164767731)
continue (0.9754506480) (-21.8183736136)
continue (0.9761904704) (-21.8202184842)
continue (0.9769303686) (-21.8220193329)
continue (0.9776692914) (-21.8237755777)
continue (0.9784093329) (-21.8254866453)
continue (0.9790220836) (-21.8271053022)
continue (0.9792179076) (-21.8262311769)
continue (0.9796262717) (-21.8272628318)
continue (0.9801046187) (-21.8282998680)
continue (0.9805823779) (-21.8293188648)
continue (0.9810606032) (-21.8303226276)
continue (0.9815392951) (-21.8313080998)
continue (0.9820173961) (-21.8322781031)
continue (0.9824949039) (-21.8332325287)
continue (0.9829728762) (-21.8341712688)
continue (0.9834513138) (-21.8350942171)
continue (0.9837787230) (-21.8359447081)
continue (0.9839754984) (-21.8353497841)
continue (0.9842532892) (-21.8358583936)
continue (0.9845776371) (-21.8364599756)
continue (0.9849011343) (-21.8370504549)
continue (0.9852259094) (-21.8376357615)
continue (0.9855498328) (-21.8382158735)
continue (0.9858739693) (-21.8387877727)
continue (0.9861983191) (-21.8393544257)
continue (0.9865228824) (-21.8399158109)
continue (0.9868465907) (-21.8404688992)
continue (0.9870824973) (-21.8410347396)
continue (0.9872799335) (-21.8404328068)
continue (0.9874069046) (-21.8407968764)
continue (0.9876423407) (-21.8411853533)
continue (0.9878789599) (-21.8415741779)
continue (0.9881146211) (-21.8419573146)
continue (0.9883503948) (-21.8423407896)
continue (0.9885862810) (-21.8427185566)
continue (0.9888222799) (-21.8430936264)
continue (0.9890583914) (-21.8434659917)
continue (0.9892935417) (-21.8438326141)
continue (0.9894406051) (-21.8440569820)
continue (0.9896385130) (-21.8437538096)
continue (0.9991962399) (-21.8563607647)
continue (1.0439534549) (-21.8910968723)
continue (1.0951411739) (-21.9273825235)
continue (1.1489937849) (-21.9625735021)
continue (1.2053795910) (-21.9969705294)
continue (1.2645947416) (-22.0305840876)
continue (1.3266370226) (-22.0629336880)
continue (1.3918847882) (-22.0951763002)
continue (1.4601297401) (-22.1276688788)
continue (1.5320561043) (-22.1601450154)
continue (1.6071727880) (-22.1930742231)
continue (1.6862823294) (-22.2262866747)
continue (1.7691069129) (-22.2601113449)
continue (1.8559408774) (-22.2946495371)
continue (1.9471516470) (-22.3302183848)
continue (2.0427414724) (-22.3639134849)
continue (2.1431490377) (-22.3984832163)
continue (2.2483764392) (-22.4342702122)
continue (2.3583513737) (-22.4715975620)
continue (2.4742518893) (-22.5108856306)
continue (2.5962021961) (-22.5522219907)
continue (2.7234517956) (-22.5946536398)
continue (2.8575320502) (-22.6388390048)
continue (2.9972889909) (-22.6842395093)
continue (2.9978885086) (-22.7619538969)
continue (3.1444684983) (-22.8144578451)
continue (3.2993011253) (-22.8693446510)
continue (3.3154824080) (-22.8724384604)
continue (3.3316770164) (-22.8779021348)
continue (3.3478830047) (-22.8835915194)
continue (3.3640859670) (-22.8894607920)
continue (3.3802960540) (-22.8954855754)
continue (3.3964985345) (-22.9016401291)
continue (3.4127037129) (-22.9079042345)
continue (3.4289094326) (-22.9142457558)
continue (3.4451134960) (-22.9206414532)
continue (3.4609455785) (-22.9270152554)
continue (3.4783173495) (-22.9294191429)
continue (3.4953146235) (-22.9351303749)
continue (3.5123163736) (-22.9411072839)
continue (3.5293202949) (-22.9473022114)
continue (3.5463240368) (-22.9536843655)
continue (3.5537279767) (-22.9566377220)
continue (3.5544387934) (-22.9419537696)
continue (3.5633252031) (-22.9454367351)
continue (3.5803213519) (-22.9519934859)
continue (3.5973241965) (-22.9586428495)
continue (3.6143172719) (-22.9653595132)
continue (3.6319927095) (-22.9722427953)
continue (3.6491549368) (-22.9733441861)
continue (3.6669965225) (-22.9791996720)
continue (3.6848197184) (-22.9853702713)
continue (3.7026665643) (-22.9917959832)
continue (3.7204896494) (-22.9984523297)
continue (3.7383317846) (-23.0052848165)
continue (3.7481524197) (-23.0091285952)
continue (3.7489021252) (-23.0012177302)
continue (3.7561600736) (-23.0043253259)
continue (3.7740029190) (-23.0113492000)
continue (3.7918425237) (-23.0184622580)
continue (3.8096445268) (-23.0256264929)
continue (3.8125294258) (-23.0209895912)
continue (3.8153867477) (-23.0218258765)
continue (3.8182323571) (-23.0226733841)
continue (3.8210822144) (-23.0235317182)
continue (3.8239363290) (-23.0244009399)
continue (3.8267947105) (-23.0252806509)
continue (3.8296412741) (-23.0261704502)
continue (3.8324920757) (-23.0270699340)
continue (3.8353471248) (-23.0279796221)
continue (3.8381459698) (-23.0289097869)
continue (3.8389136758) (-23.0238334999)
continue (3.8430948760) (-23.0254289009)
continue (3.8479632917) (-23.0270348063)
continue (3.8528440576) (-23.0286652286)
continue (3.8577372208) (-23.0303194909)
continue (3.8626100831) (-23.0319959733)
continue (3.8674952713) (-23.0336944400)
continue (3.8723763766) (-23.0354132397)
continue (3.8772533211) (-23.0371521149)
continue (3.8821260270) (-23.0389093802)
continue (3.8872689984) (-23.0406723540)
continue (3.8880465300) (-23.0371100126)
continue (3.8899644875) (-23.0382102681)
continue (3.8929224712) (-23.0392952517)
continue (3.8958849568) (-23.0403858123)
continue (3.8988519547) (-23.0414824631)
continue (3.9018067686) (-23.0425842853)
continue (3.9047660647) (-23.0436917915)
continue (3.9077130959) (-23.0448040551)
continue (3.9106813613) (-23.0459215884)
continue (3.9136373315) (-23.0470444246)
continue (3.9156676117) (-23.0481769647)
continue (3.9164508235) (-23.0455162828)
continue (3.9185008743) (-23.0462514194)
continue (3.9204226914) (-23.0469815115)
continue (3.9223295118) (-23.0477133178)
continue (3.9242381880) (-23.0484473304)
continue (3.9261487226) (-23.0491825857)
continue (3.9280611185) (-23.0499200622)
continue (3.9299753783) (-23.0506587932)
continue (3.9318915048) (-23.0513992718)
continue (3.9338095006) (-23.0521415047)
continue (3.9359648088) (-23.0529095358)
continue (3.9367520805) (-23.0508052258)
continue (3.9370216616) (-23.0513293706)
continue (3.9383148035) (-23.0518340850)
continue (3.9396087952) (-23.0523388967)
continue (3.9409036375) (-23.0528447864)
continue (3.9421993313) (-23.0533507750)
continue (3.9434958773) (-23.0538578455)
continue (3.9447932764) (-23.0543655086)
continue (3.9460915295) (-23.0548737659)
continue (3.9473906374) (-23.0553826188)
continue (3.9479023104) (-23.0559123206)
continue (3.9486919698) (-23.0542360769)
continue (3.9496318982) (-23.0546072507)
continue (3.9505736443) (-23.0549777562)
continue (3.9515158397) (-23.0553490713)
continue (3.9524584845) (-23.0557202105)
continue (3.9534015792) (-23.0560916671)
continue (3.9543451241) (-23.0564629471)
continue (3.9552891195) (-23.0568350398)
continue (3.9562335657) (-23.0572074515)
continue (3.9571784630) (-23.0575801829)
continue (3.9581922382) (-23.0579423162)
continue (3.9589839558) (-23.0566044235)
continue (3.9963853212) (-23.0720140529)
continue (3.9971846782) (-23.0720140529)
continue (4.1935893733) (-23.1503349445)
continue (4.3980066159) (-23.1827652696)
continue (4.6140099788) (-23.2030789247)
continue (4.8420136600) (-23.2210532720)
continue (5.0795260358) (-23.2390500486)
continue (5.3290466130) (-23.2575105354)
continue (5.5905949130) (-23.2765443280)
continue (5.8640088212) (-23.2961929347)
continue (6.1530517948) (-23.3159629625)
continue (6.4537320879) (-23.3361107014)
continue (6.7752191139) (-23.3565473235)
continue (7.1026264288) (-23.3773715739)
continue (7.4571765206) (-23.3984832163)
continue (7.8220340843) (-23.4199878875)
continue (8.2022229596) (-23.4417715782)
continue (8.6049761172) (-23.4640732586)
continue (9.0313872232) (-23.4867823999)
continue (9.4736144175) (-23.5100415206)
continue (9.9396484600) (-23.5338741296)
continue (10.4275886350) (-23.5583048644)
continue (10.9395794816) (-23.5831931282)
continue (11.4769139901) (-23.6088883863)
continue (12.0410540541) (-23.6350739662)
continue (12.6319236321) (-23.6617427698)
continue (13.2528646134) (-23.6893066877)
continue (13.9039818556) (-23.7171513972)
continue (14.5849387135) (-23.7459355471)
continue (15.3025519868) (-23.7749493039)
continue (16.0547387388) (-23.8046539417)
continue (16.8410085163) (-23.8347556739)
continue (17.6704861512) (-23.8655041442)
continue (18.5367569328) (-23.8965383779)
continue (19.4465849513) (-23.9281179927)
continue (20.4045448011) (-23.9601894459)
continue (21.4063183185) (-23.9922522220)
continue (22.4560613804) (-24.0248900103)
continue (23.5591254089) (-24.0577438496)
continue (24.7156759104) (-24.0909255986)
continue (25.9324692890) (-24.1243022380)
continue (27.2019991288) (-24.1579527115)
continue (28.5395230447) (-24.1917214904)
continue (29.9463348937) (-24.2257750951)
continue (31.4121672119) (-24.2598742630)
continue (32.9572141344) (-24.2942217872)
continue (34.5700671782) (-24.3286419966)
continue (36.2765513860) (-24.3632113110)
continue (38.0487252951) (-24.3976144099)
continue (39.9153294269) (-24.4317982759)
continue (41.8780777030) (-24.4653394242)
continue (43.9376552949) (-24.4983930776)
continue (46.0934229042) (-24.5307672575)
continue (48.3687351813) (-24.5603515704)
continue (50.7386954798) (-24.5867002359)
continue (53.2282109122) (-24.6108339156)
continue (55.8374369373) (-24.6320852612)
continue (58.6023775445) (-24.6501399178)
continue (61.4475368049) (-24.6657473577)
continue (64.4916469085) (-24.6790233227)
continue (67.6515939730) (-24.6899442622)
continue (70.9709478829) (-24.6991872059)
continue (74.4499159164) (-24.7068585165)
continue (78.0862871308) (-24.7139928779)
continue (81.9484685986) (-24.7214750353)
continue (85.9685821525) (-24.7290883606)
continue (90.2244525561) (-24.7368375350)
continue (94.6279305105) (-24.7447274949)
continue (99.2773690834) (-24.7527634505)
continue (104.1567002876) (-24.7609509069)
continue (109.2777276432) (-24.7687853520)
continue (114.6391962280) (-24.7767637269)
continue (120.2675162751) (-24.7848914189)
continue (126.1793091687) (-24.7929044596)
continue (132.3746325997) (-24.8007935208)
continue (138.8703094813) (-24.8085489855)
continue (145.6861663975) (-24.8161609629)
continue (152.8458522000) (-24.8233300673)
continue (160.3496341398) (-24.8306195047)
continue (168.2235500861) (-24.8377343857)
continue (176.4995101330) (-24.8449677712)
continue (185.1792259330) (-24.8517059026)
continue (194.2585740389) (-24.8585502266)
continue (203.8172603034) (-24.8655041442)
continue (213.8120532183) (-24.8722474842)
continue (224.3394807525) (-24.8790971824)
continue (235.3478746943) (-24.8860566477)
continue (246.8889110855) (-24.8931294555)
continue (259.0298382082) (-24.9006647223)
continue (271.6955786573) (-24.9079815292)
continue (285.0381516473) (-24.9157813133)
continue (299.0702234383) (-24.9237237446)
continue (313.7971662591) (-24.9321854888)
continue (329.2149461042) (-24.9404365821)
continue (345.3076812491) (-24.9492336888)
continue (362.3327915771) (-24.9578184055)
continue (380.1697834028) (-24.9669785553)
continue (398.8039259591) (-24.9759250127)
continue (418.3962216788) (-24.9850596502)
continue (438.9532614723) (-24.9943905546)
continue (460.4684036465) (-25.0033570086)
continue (483.1744277924) (-25.0122443833)
continue (506.8225644140) (-25.0203605878)
continue (531.6610098112) (-25.0271956777)
continue (557.6909246123) (-25.0325924434)
continue (585.2710152964) (-25.0372992683)
continue (614.0613010893) (-25.0419619839)
continue (644.0049263721) (-25.0464819186)
continue (675.5129509388) (-25.0510493898)
continue (709.1571757327) (-25.0557641562)
continue (743.8914047481) (-25.0606305299)
continue (780.1943243292) (-25.0656530733)
continue (818.7484014523) (-25.0709900145)
continue (858.8755615612) (-25.0766005338)
continue (901.3520977413) (-25.0825470081)
continue (945.2976875689) (-25.0888423913)
continue (991.6932972211) (-25.0956632078)
continue (1040.3778637019) (-25.1030881592)
continue (1091.4684043795) (-25.1112029325)
continue (1145.0954647103) (-25.1201016757)
continue (1201.4066853216) (-25.1298888446)
continue (1260.3969167586) (-25.1407415825)
continue (1322.2097661295) (-25.1525507375)
continue (1387.2232772362) (-25.1655157147)
continue (1455.2331057433) (-25.1796014773)
continue (1526.6660593340) (-25.1947030838)
continue (1601.8051868807) (-25.2109836732)
continue (1680.3742777364) (-25.2283390407)
continue (1762.9463548393) (-25.2467234298)
continue (1849.5371845270) (-25.2660007135)
continue (1940.5173995240) (-25.2861735756)
continue (2035.8958239867) (-25.3070649975)
continue (2135.6151179200) (-25.3287345671)
continue (2240.6367612895) (-25.3510548178)
continue (2350.4435667177) (-25.3740705073)
continue (2466.2164298145) (-25.3976144099)
continue (2587.3565326986) (-25.4217046949)
continue (2714.5277653156) (-25.4461169734)
continue (2847.7092838014) (-25.4712118082)
continue (2987.7605600540) (-25.4966179365)
continue (3133.6553329314) (-25.5225893121)
continue (3288.5852429320) (-25.5489815478)
continue (3449.1558320078) (-25.5759354746)
continue (3619.0110040368) (-25.6032777215)
continue (3796.9457117352) (-25.6309697782)
continue (3982.8101871349) (-25.6589613683)
continue (4178.2071105752) (-25.6876110506)
continue (4383.1985128257) (-25.7164726351)
continue (4600.0351883718) (-25.7456936677)
continue (4826.6259047482) (-25.7752080435)
continue (5062.5942823136) (-25.8054856581)
continue (5310.4135828465) (-25.8356471442)
continue (5573.4982924554) (-25.8664610916)
continue (5845.2018654038) (-25.8975662943)
continue (6132.3483904203) (-25.9292235372)
continue (6435.5012063309) (-25.9609826780)
continue (6750.1257097515) (-25.9931062921)
continue (7080.5514437953) (-26.0257186411)
continue (7426.7886782107) (-26.0585382607)
continue (7795.2692114325) (-26.0916222276)
continue (8180.1343879395) (-26.1249966464)
continue (8580.6682751079) (-26.1587031125)
continue (8995.7252795307) (-26.1926002872)
continue (9442.2025781417) (-26.2267988576)
continue (9905.0757697441) (-26.2612194415)
continue (10391.9143667061) (-26.2959353206)
continue (10902.9309741141) (-26.3308691526)
continue (11438.0189634299) (-26.3660268442)
continue (11999.8284279228) (-26.4015377995)
continue (12588.2990857364) (-26.4374692311)
continue (13206.7676929921) (-26.4737899962)
continue (13855.3591427164) (-26.5104633705)
continue (14536.0818442568) (-26.5476001541)
continue (15251.3300555055) (-26.5851937205)
continue (15998.3667629294) (-26.6234230429)
continue (16785.1716856964) (-26.6621415710)
continue (17609.0235906562) (-26.7015836199)
continue (18476.6214682980) (-26.7416021959)
continue (19380.4119697247) (-26.7825160558)
continue (20336.2412590149) (-26.8241983672)
continue (21331.1556839058) (-26.8667805433)
continue (22378.8548825259) (-26.9100948886)
continue (23480.2105337917) (-26.9546770212)
continue (24635.4952910640) (-27.0000868676)
continue (25844.2135795932) (-27.0466269493)
continue (27112.9714613644) (-27.0942580726)
continue (28441.5409118744) (-27.1429088453)
continue (29838.4731767013) (-27.1927356447)
continue (31304.2587020425) (-27.2443537805)
continue (32838.4493987912) (-27.2971388294)
continue (34452.4374599794) (-27.3511522916)
continue (36147.0436658650) (-27.4067139330)
continue (37922.0545491659) (-27.4636941276)
continue (39793.3175029020) (-27.5224446678)
continue (41743.7916086329) (-27.5830268274)
continue (43789.8592415404) (-27.6453154460)
continue (45953.9571768258) (-27.7095201867)
continue (48189.6864524831) (-27.7754669374)
continue (50569.7542073505) (-27.8434508487)
continue (53042.3149485714) (-27.9132843361)
continue (55666.8888708892) (-27.9858996785)
continue (58377.1281753015) (-28.0603310165)
continue (61241.0598666973) (-28.1376896900)
continue (64264.2433580011) (-28.2175990475)
continue (67401.4031668977) (-28.3002489683)
continue (70750.5412124578) (-28.3857357126)
continue (74207.4080469427) (-28.4737899962)
continue (77819.5534429083) (-28.5651118791)
continue (81654.7464889298) (-28.6591594502)
continue (85725.9615067221) (-28.7564658982)
continue (89868.5375558636) (-28.8576105339)
continue (94314.5281325250) (-28.9617773616)
continue (98943.2107292569) (-29.0694075116)
continue (103800.7712514473) (-29.1807193530)
continue (108899.0165889647) (-29.2952490957)
continue (114251.1247262358) (-29.4137503611)
continue (119856.2371190920) (-29.5350635709)
continue (125744.0279862641) (-29.6591594502)
continue (131933.8310143994) (-29.7864822430)
continue (138406.2835383439) (-29.9143527117)
continue (145198.6887852862) (-30.0424405981)
continue (152334.8329683143) (-30.1686422146)
continue (159815.3228369794) (-30.2896287357)
continue (167666.4159735890) (-30.4036228560)
continue (175886.3097503294) (-30.5051499783)
continue (184541.7113844586) (-30.5926090955)
continue (193598.2517137149) (-30.6657473577)
continue (203090.4771153235) (-30.7217037919)
continue (213112.0137550178) (-30.7642191297)
continue (223568.9329775408) (-30.8005190851)
continue (234560.3528485087) (-30.8359447081)
continue (246022.4003284170) (-30.8712777157)
continue (258149.2835174097) (-30.9065783148)
continue (270807.4207478325) (-30.9419537696)
continue (284149.3516733571) (-30.9775716288)
continue (298091.9106367211) (-31.0129149704)
continue (312720.3057022843) (-31.0483225627)
continue (328029.8671045559) (-31.0837566695)
continue (344134.0524231330) (-31.1191292675)
continue (361040.7966784692) (-31.1545298670)
continue (378747.7019187267) (-31.1899019593)
continue (397412.5472378789) (-31.2253370775)
continue (416865.0369700166) (-31.2607441967)
continue (437478.1424946981) (-31.2961070464)
continue (458845.4032308441) (-31.3315208971)
continue (481387.7289046257) (-31.3669357273)
continue (505136.9017829581) (-31.4023048141)
continue (529806.3783816607) (-31.4377071355)
continue (555989.6100161417) (-31.4731440129)
continue (583397.5485380642) (-31.5084982338)
continue (611999.3088089029) (-31.5439377755)
continue (3672982.5506507708) (-32.6196078399)
continue (3709712.3761572787) (-50.0000000000)
continue (7354000.0000000000) (-50.0000000000)
f(nu) = -20.7577746995 at 1.0000000000 Ryd
