# Puchwein et al 2019
# z = 6.859000
# E [Ryd] log (J_nu)
interpolate (0.0000000100) (-50.0000000000)
continue (0.0007810860) (-50.0000000000)
continue (0.0007889757) (-18.0234207814)
continue (0.0008276721) (-18.0451306289)
continue (0.0008678733) (-18.0684404329)
continue (0.0009112670) (-18.0937727369)
continue (0.0009556071) (-18.1206173628)
continue (0.0010026042) (-18.1481303993)
continue (0.0010517855) (-18.1765257708)
continue (0.0011034960) (-18.2060699932)
continue (0.0011577525) (-18.2368716232)
continue (0.0012145368) (-18.2684112348)
continue (0.0012741429) (-18.3002489683)
continue (0.0013367566) (-18.3326404538)
continue (0.0014023807) (-18.3655227298)
continue (0.0014712092) (-18.3992448504)
continue (0.0015434739) (-18.4337982811)
continue (0.0016194544) (-18.4687766255)
continue (0.0016988571) (-18.5039010079)
continue (0.0017822550) (-18.5392524582)
continue (0.0018700328) (-18.5746288336)
continue (0.0019618234) (-18.6104795342)
continue (0.0020579652) (-18.6464684409)
continue (0.0021594004) (-18.6829818990)
continue (0.0022651429) (-18.7201050200)
continue (0.0023768048) (-18.7577070950)
continue (0.0024932065) (-18.7953374883)
continue (0.0026155768) (-18.8326826653)
continue (0.0027439535) (-18.8703101078)
continue (0.0028792005) (-18.9079815292)
continue (0.0030204407) (-18.9453869454)
continue (0.0031685222) (-18.9829666607)
continue (0.0033245785) (-19.0201785700)
continue (0.0034874358) (-19.0575950591)
continue (0.0036582375) (-19.0949060317)
continue (0.0038385298) (-19.1321202165)
continue (0.0040268094) (-19.1691548077)
continue (0.0042246962) (-19.2058606442)
continue (0.0044322323) (-19.2422245090)
continue (0.0046493213) (-19.2780245984)
continue (0.0048783028) (-19.3135424895)
continue (0.0051194774) (-19.3490129056)
continue (0.0053698702) (-19.3844707764)
continue (0.0056320579) (-19.4197594917)
continue (0.0059096431) (-19.4549404153)
continue (0.0061990950) (-19.4899914871)
continue (0.0065044038) (-19.5247647774)
continue (0.0068259698) (-19.5592482995)
continue (0.0071584208) (-19.5932895414)
continue (0.0075125059) (-19.6270879970)
continue (0.0078829323) (-19.6601512170)
continue (0.0082692103) (-19.6918626214)
continue (0.0086704755) (-19.7214750353)
continue (0.0090944807) (-19.7481185454)
continue (0.0095460609) (-19.7718563924)
continue (0.0100150233) (-19.7934439559)
continue (0.0105069407) (-19.8121973613)
continue (0.0110229463) (-19.8282735463)
continue (0.0115643017) (-19.8413360192)
continue (0.0121324320) (-19.8513973452)
continue (0.0127271923) (-19.8582367697)
continue (0.0133518970) (-19.8623294628)
continue (0.0140087159) (-19.8632794328)
continue (0.0146954841) (-19.8613815661)
continue (0.0154190689) (-19.8557372262)
continue (0.0161744226) (-19.8464900107)
continue (0.0169695898) (-19.8326826653)
continue (0.0178051382) (-19.8136087843)
continue (0.0186773308) (-19.7888794587)
continue (0.0195971392) (-19.7584535194)
continue (0.0205564397) (-19.7239980100)
continue (0.0215684490) (-19.6933605590)
continue (0.0226289290) (-19.6677635845)
continue (0.0237370922) (-19.6422556748)
continue (0.0249048093) (-19.6165437035)
continue (0.0261257732) (-19.5910819792)
continue (0.0274065254) (-19.5655907924)
continue (0.0287556633) (-19.5413621510)
continue (0.0301644148) (-19.5187007267)
continue (0.0316522046) (-19.4960731958)
continue (0.0332094377) (-19.4728858884)
continue (0.0348343643) (-19.4470885498)
continue (0.0365530273) (-19.4163478915)
continue (0.0383368519) (-19.3836295277)
continue (0.0402325373) (-19.3576344192)
continue (0.0422078263) (-19.3397038397)
continue (0.0442792503) (-19.3236722661)
continue (0.0464458191) (-19.3095381068)
continue (0.0487308541) (-19.2974833026)
continue (0.0511373160) (-19.2894595521)
continue (0.0536354897) (-19.2870978750)
continue (0.0562510476) (-19.2901366826)
continue (0.0590198815) (-19.2941362877)
continue (0.0619488083) (-19.2945639534)
continue (0.0649513165) (-19.2920893343)
continue (0.0681575894) (-19.2889523961)
continue (0.0715280197) (-19.2855025914)
continue (0.0750013968) (-19.2821631325)
continue (0.0786931754) (-19.2794272796)
continue (0.0825422981) (-19.2776952131)
continue (0.0866223356) (-19.2776129058)
continue (0.0908541347) (-19.2781893848)
continue (0.0953507346) (-19.2764622385)
continue (0.1000293052) (-19.2760520236)
continue (0.1049484016) (-19.2753964846)
continue (0.1100962874) (-19.2713216331)
continue (0.1155110877) (-19.2697831594)
continue (0.1211791185) (-19.2693792021)
continue (0.1271298787) (-19.2672043017)
continue (0.1333821679) (-19.2632848664)
continue (0.1399365741) (-19.2594794139)
continue (0.1467891383) (-19.2550814576)
continue (0.1540082763) (-19.2508823376)
continue (0.1615721579) (-19.2472603061)
continue (0.1695065050) (-19.2445062716)
continue (0.1778428905) (-19.2429837653)
continue (0.1865820989) (-19.2401811226)
continue (0.1957188511) (-19.2402566324)
continue (0.2053328010) (-19.2474905992)
continue (0.2154295439) (-19.2597952645)
continue (0.2260086733) (-19.2786016245)
continue (0.2371238540) (-19.2973110318)
continue (0.2487761318) (-19.2964507018)
continue (0.2609584682) (-19.2870137664)
continue (0.2738182004) (-19.2836627121)
continue (0.2872846692) (-19.2794272796)
continue (0.3013448978) (-19.2739251298)
continue (0.3161925645) (-19.2675258227)
continue (0.3317316967) (-19.2594004872)
continue (0.3479446242) (-19.2398037705)
continue (0.3650909338) (-19.2280452510)
continue (0.3830462256) (-19.2151688219)
continue (0.4017931970) (-19.2032175883)
continue (0.4214925859) (-19.1940236493)
continue (0.4421479723) (-19.1867526991)
continue (0.4639852194) (-19.1814442207)
continue (0.4867879118) (-19.1763953716)
continue (0.5105137091) (-19.1734069461)
continue (0.5357242627) (-19.1724368887)
continue (0.5621634613) (-19.1727600005)
continue (0.5898168096) (-19.1703746466)
continue (0.6186469591) (-19.1706962272)
continue (0.6490505490) (-19.1780281824)
continue (0.6810664954) (-19.1928033393)
continue (0.7141590680) (-19.2251911697)
continue (0.7493222477) (-19.2499546880)
continue (0.7494721272) (-19.4959371173)
continue (0.7862527790) (-19.5855280504)
continue (0.8246759917) (-19.7835701691)
continue (0.8288690942) (-19.8141066987)
continue (0.8329222993) (-19.8465693133)
continue (0.8369692137) (-19.8811700337)
continue (0.8410245965) (-19.9182531523)
continue (0.8450724461) (-19.9582481834)
continue (0.8491277985) (-20.0011280236)
continue (0.8531743306) (-20.0480876887)
continue (0.8572273582) (-20.1008095172)
continue (0.8612783740) (-20.1608992173)
continue (0.8654007320) (-20.2307704183)
continue (0.8695793374) (-20.3222616839)
continue (0.8738320076) (-20.4363231702)
continue (0.8780757090) (-20.5886294957)
continue (0.8823266565) (-20.8205602437)
continue (0.8865758338) (-21.3368071477)
continue (0.8880856269) (-inf)
continue (0.8882632618) (-19.9909742579)
continue (0.8908313008) (-20.0147666884)
continue (0.8950838547) (-20.0601164922)
continue (0.8993328242) (-20.1099508338)
continue (0.9035775261) (-20.1653002421)
continue (0.9076364251) (-20.2276782933)
continue (0.9122887342) (-20.3028927652)
continue (0.9167472861) (-20.3923948762)
continue (0.9212067921) (-20.5033401409)
continue (0.9256657008) (-20.6501049894)
continue (0.9301243111) (-20.8692032309)
continue (0.9345829462) (-21.3210220765)
continue (0.9369417514) (-inf)
continue (0.9371291585) (-20.4616776668)
continue (0.9390419537) (-20.5033110786)
continue (0.9435007297) (-20.6127668327)
continue (0.9479596448) (-20.7570637122)
continue (0.9524111317) (-20.9710222948)
continue (0.9531313595) (-21.0247341283)
continue (0.9538446901) (-21.0839478939)
continue (0.9545580893) (-21.1499465002)
continue (0.9552715550) (-21.2248441062)
continue (0.9559850851) (-21.3119202711)
continue (0.9566986776) (-21.4166708439)
continue (0.9574113244) (-21.5493952854)
continue (0.9581250337) (-21.7332157882)
continue (0.9588387990) (-22.0419213260)
continue (0.9594354567) (-inf)
continue (0.9596273630) (-20.9500071431)
continue (0.9607716931) (-21.0097930522)
continue (0.9619918385) (-21.0749412349)
continue (0.9632120325) (-21.1467661354)
continue (0.9644322638) (-21.2273827508)
continue (0.9656525208) (-21.3200708644)
continue (0.9668727920) (-21.4303265188)
continue (0.9680930657) (-21.5684480823)
continue (0.9693133303) (-21.7575604491)
continue (0.9705335740) (-22.0714505330)
continue (0.9716099949) (-inf)
continue (0.9718043363) (-21.3841551171)
continue (0.9724931975) (-21.4379558850)
continue (0.9732326966) (-21.4971278879)
continue (0.9739722802) (-21.5630807809)
continue (0.9747119461) (-21.6379305275)
continue (0.9754506480) (-21.7249536805)
continue (0.9761904704) (-21.8296443932)
continue (0.9769303686) (-21.9623066324)
continue (0.9776692914) (-22.1460634175)
continue (0.9784093329) (-22.4546978328)
continue (0.9790220836) (-inf)
continue (0.9792179076) (-21.7055337738)
continue (0.9796262717) (-21.7564361530)
continue (0.9801046187) (-21.8126033810)
continue (0.9805823779) (-21.8755870779)
continue (0.9810606032) (-21.9474984366)
continue (0.9815392951) (-22.0316202670)
continue (0.9820173961) (-22.1334462572)
continue (0.9824949039) (-22.2632761073)
continue (0.9829728762) (-22.4442334597)
continue (0.9834513138) (-22.7501048839)
continue (0.9837787230) (-291.2842472832)
continue (0.9839754984) (-21.9605858808)
continue (0.9842532892) (-22.0095279465)
continue (0.9845776371) (-22.0640103408)
continue (0.9849011343) (-22.1253210840)
continue (0.9852259094) (-22.1955743140)
continue (0.9855498328) (-22.2780517839)
continue (0.9858739693) (-22.3782464281)
continue (0.9861983191) (-22.5064583048)
continue (0.9865228824) (-22.6858103408)
continue (0.9868465907) (-22.9900904052)
continue (0.9870824973) (-209.5649523587)
continue (0.9872799335) (-22.1582027011)
continue (0.9874069046) (-22.2063415994)
continue (0.9876423407) (-22.2598861141)
continue (0.9878789599) (-22.3202633008)
continue (0.9881146211) (-22.3895889890)
continue (0.9883503948) (-22.4711436940)
continue (0.9885862810) (-22.5704205035)
continue (0.9888222799) (-22.6977210339)
continue (0.9890583914) (-22.8761679517)
continue (0.9892935417) (-23.1795469723)
continue (0.9894406051) (-157.2684112348)
continue (0.9896385130) (-21.6763354644)
continue (0.9991962399) (-25.0159680197)
continue (1.0439534549) (-25.1991455085)
continue (1.0951411739) (-25.2401056260)
continue (1.1489937849) (-25.1856192055)
continue (1.2053795910) (-25.2204035087)
continue (1.2645947416) (-25.0401956835)
continue (1.3266370226) (-25.0356932177)
continue (1.3918847882) (-25.0060350018)
continue (1.4601297401) (-24.9023956711)
continue (1.5320561043) (-24.9689957186)
continue (1.6071727880) (-24.9034375616)
continue (1.6862823294) (-25.3652205419)
continue (1.7691069129) (-25.0657541190)
continue (1.8559408774) (-25.1503963419)
continue (1.9471516470) (-25.0639388834)
continue (2.0427414724) (-25.1609621266)
continue (2.1431490377) (-25.1234357860)
continue (2.2483764392) (-25.1286022185)
continue (2.3583513737) (-25.1136220932)
continue (2.4742518893) (-25.1457547029)
continue (2.5962021961) (-25.2958494832)
continue (2.7234517956) (-25.1510107937)
continue (2.8575320502) (-25.0766005338)
continue (2.9972889909) (-25.0605306692)
continue (2.9978885086) (-25.1423057422)
continue (3.1444684983) (-25.4211316713)
continue (3.2993011253) (-25.1721140172)
continue (3.3154824080) (-25.1609495440)
continue (3.3316770164) (-25.1724213854)
continue (3.3478830047) (-25.1838369464)
continue (3.3640859670) (-25.1951963394)
continue (3.3802960540) (-25.2065001731)
continue (3.3964985345) (-25.2177567668)
continue (3.4127037129) (-25.2289632685)
continue (3.4289094326) (-25.2401116652)
continue (3.4451134960) (-25.2512005137)
continue (3.4609455785) (-25.2622509261)
continue (3.4783173495) (-25.2380556317)
continue (3.4953146235) (-25.2367390173)
continue (3.5123163736) (-25.2354278760)
continue (3.5293202949) (-25.2341236593)
continue (3.5463240368) (-25.2328263171)
continue (3.5537279767) (-inf)
continue (3.5544387934) (-25.2327699019)
continue (3.5633252031) (-25.2320705171)
continue (3.5803213519) (-25.2308420924)
continue (3.5973241965) (-25.2296569263)
continue (3.6143172719) (-25.2285014447)
continue (3.6319927095) (-25.2273849502)
continue (3.6491549368) (-25.2992106436)
continue (3.6669965225) (-25.3935272707)
continue (3.6848197184) (-25.4874169866)
continue (3.7026665643) (-25.5808922007)
continue (3.7204896494) (-25.6739633317)
continue (3.7383317846) (-25.7666459347)
continue (3.7481524197) (-199.8754957752)
continue (3.7489021252) (-25.8161609629)
continue (3.7561600736) (-25.8573728008)
continue (3.7740029190) (-25.9489246923)
continue (3.7918425237) (-26.0399404033)
continue (3.8096445268) (-26.1301231867)
continue (3.8125294258) (-26.1338704537)
continue (3.8153867477) (-26.1375883287)
continue (3.8182323571) (-26.1413040313)
continue (3.8210822144) (-26.1450166228)
continue (3.8239363290) (-26.1487269712)
continue (3.8267947105) (-26.1524347437)
continue (3.8296412741) (-26.1561395998)
continue (3.8324920757) (-26.1598455836)
continue (3.8353471248) (-26.1647344208)
continue (3.8381459698) (-107.6388390048)
continue (3.8389136758) (-26.1670442494)
continue (3.8430948760) (-26.1733661600)
continue (3.8479632917) (-26.1796730666)
continue (3.8528440576) (-26.1859716051)
continue (3.8577372208) (-26.1922634303)
continue (3.8626100831) (-26.1985475804)
continue (3.8674952713) (-26.2048237622)
continue (3.8723763766) (-26.2110931077)
continue (3.8772533211) (-26.2173554121)
continue (3.8821260270) (-26.2236337441)
continue (3.8872689984) (-71.3736596326)
continue (3.8880465300) (-26.2297372618)
continue (3.8899644875) (-26.2335165114)
continue (3.8929224712) (-26.2372951844)
continue (3.8958849568) (-26.2410714625)
continue (3.8988519547) (-26.2448442300)
continue (3.9018067686) (-26.2486146455)
continue (3.9047660647) (-26.2523823589)
continue (3.9077130959) (-26.2561477951)
continue (3.9106813613) (-26.2599137677)
continue (3.9136373315) (-26.2649666899)
continue (3.9156676117) (-53.8958544494)
continue (3.9164508235) (-26.2673650325)
continue (3.9185008743) (-26.2697726518)
continue (3.9204226914) (-26.2721985695)
continue (3.9223295118) (-26.2746225845)
continue (3.9242381880) (-26.2770462321)
continue (3.9261487226) (-26.2794686036)
continue (3.9280611185) (-26.2818896015)
continue (3.9299753783) (-26.2843158130)
continue (3.9318915048) (-26.2869860142)
continue (3.9338095006) (-26.2998944984)
continue (3.9359648088) (-44.4686488354)
continue (3.9367520805) (-26.2914941190)
continue (3.9370216616) (-26.2931448692)
continue (3.9383148035) (-26.2947822252)
continue (3.9396087952) (-26.2964189022)
continue (3.9409036375) (-26.2980548692)
continue (3.9421993313) (-26.2996926925)
continue (3.9434958773) (-26.3013454080)
continue (3.9447932764) (-26.3032016772)
continue (3.9460915295) (-26.3075487949)
continue (3.9473906374) (-26.3436200294)
continue (3.9479023104) (-38.9558523791)
continue (3.9486919698) (-26.3078583906)
continue (3.9496318982) (-26.3090096220)
continue (3.9505736443) (-26.3101976223)
continue (3.9515158397) (-26.3113862127)
continue (3.9524584845) (-26.3125807410)
continue (3.9534015792) (-26.3138107658)
continue (3.9543451241) (-26.3152605330)
continue (3.9552891195) (-26.3180590268)
continue (3.9562335657) (-26.3292106910)
continue (3.9571784630) (-26.3965708842)
continue (3.9581922382) (-35.4703130462)
continue (3.9589839558) (-26.3195738291)
continue (3.9963853212) (-26.6961562251)
continue (3.9971846782) (-26.6961562251)
continue (4.1935893733) (-26.8063189705)
continue (4.3980066159) (-26.9020489290)
continue (4.6140099788) (-26.9118639113)
continue (4.8420136600) (-26.9147094218)
continue (5.0795260358) (-26.9193735131)
continue (5.3290466130) (-26.9211808169)
continue (5.5905949130) (-26.9062282185)
continue (5.8640088212) (-26.8781120149)
continue (6.1530517948) (-26.8655041442)
continue (6.4537320879) (-26.8489367466)
continue (6.7752191139) (-26.8341623753)
continue (7.1026264288) (-26.8127613802)
continue (7.4571765206) (-26.7891466347)
continue (7.8220340843) (-26.7687853520)
continue (8.2022229596) (-26.7471469690)
continue (8.6049761172) (-26.7244583116)
continue (9.0313872232) (-26.7011469236)
continue (9.4736144175) (-26.6775739476)
continue (9.9396484600) (-26.6538426978)
continue (10.4275886350) (-26.6298571529)
continue (10.9395794816) (-26.6057234732)
continue (11.4769139901) (-26.5813673126)
continue (12.0410540541) (-26.5570501304)
continue (12.6319236321) (-26.5323918944)
continue (13.2528646134) (-26.5077985486)
continue (13.9039818556) (-26.4829361265)
continue (14.5849387135) (-26.4581712332)
continue (15.3025519868) (-26.4334446691)
continue (16.0547387388) (-26.4087127349)
continue (16.8410085163) (-26.3840499483)
continue (17.6704861512) (-26.3596179553)
continue (18.5367569328) (-26.3352640315)
continue (19.4465849513) (-26.3113132757)
continue (20.4045448011) (-26.2877713304)
continue (21.4063183185) (-26.2646406670)
continue (22.4560613804) (-26.2422245090)
continue (23.5591254089) (-26.2204756567)
continue (24.7156759104) (-26.1996266451)
continue (25.9324692890) (-26.1797985405)
continue (27.2019991288) (-26.1611509093)
continue (28.5395230447) (-26.1438150733)
continue (29.9463348937) (-26.1279020257)
continue (31.4121672119) (-26.1136220932)
continue (32.9572141344) (-26.1010555331)
continue (34.5700671782) (-26.0904439708)
continue (36.2765513860) (-26.0818123386)
continue (38.0487252951) (-26.0753072970)
continue (39.9153294269) (-26.0710411591)
continue (41.8780777030) (-26.0688982544)
continue (43.9376552949) (-26.0688982544)
continue (46.0934229042) (-26.0709388759)
continue (48.3687351813) (-26.0748942732)
continue (50.7386954798) (-26.0801377464)
continue (53.2282109122) (-26.0861861476)
continue (55.8374369373) (-26.0935033402)
continue (58.6023775445) (-26.1013845026)
continue (61.4475368049) (-26.1099704138)
continue (64.4916469085) (-26.1166225103)
continue (67.6515939730) (-26.1217655313)
continue (70.9709478829) (-26.1276106116)
continue (74.4499159164) (-26.1339490760)
continue (78.0862871308) (-26.1363203321)
continue (81.9484685986) (-26.1326503828)
continue (85.9685821525) (-26.1337126609)
continue (90.2244525561) (-26.1359638173)
continue (94.6279305105) (-26.1335945016)
continue (99.2773690834) (-26.1313555616)
continue (104.1567002876) (-26.1303576553)
continue (109.2777276432) (-26.1303576553)
continue (114.6391962280) (-26.1311205538)
continue (120.2675162751) (-26.1327682855)
continue (126.1793091687) (-26.1356075948)
continue (132.3746325997) (-26.1396619934)
continue (138.8703094813) (-26.1441175700)
continue (145.6861663975) (-26.1481914858)
continue (152.8458522000) (-26.1524273409)
continue (160.3496341398) (-26.1570165299)
continue (168.2235500861) (-26.1622853317)
continue (176.4995101330) (-26.1678744575)
continue (185.1792259330) (-26.1731480522)
continue (194.2585740389) (-26.1777011287)
continue (203.8172603034) (-26.1821042428)
continue (213.8120532183) (-26.1868862460)
continue (224.3394807525) (-26.1915864486)
continue (235.3478746943) (-26.1959969453)
continue (246.8889110855) (-26.2001083153)
continue (259.0298382082) (-26.2041894753)
continue (271.6955786573) (-26.2083093510)
continue (285.0381516473) (-26.2124686839)
continue (299.0702234383) (-26.2163822348)
continue (313.7971662591) (-26.2201150368)
continue (329.2149461042) (-26.2239529288)
continue (345.3076812491) (-26.2278250392)
continue (362.3327915771) (-26.2318801058)
continue (380.1697834028) (-26.2365720064)
continue (398.8039259591) (-26.2421486563)
continue (418.3962216788) (-26.2493373539)
continue (438.9532614723) (-26.2585332382)
continue (460.4684036465) (-26.2707541928)
continue (483.1744277924) (-26.2869296741)
continue (506.8225644140) (-26.3050439978)
continue (531.6610098112) (-26.3205721034)
continue (557.6909246123) (-26.3299397825)
continue (585.2710152964) (-26.3342314493)
continue (614.0613010893) (-26.3386606600)
continue (644.0049263721) (-26.3424661124)
continue (675.5129509388) (-26.3457271729)
continue (709.1571757327) (-26.3493040202)
continue (743.8914047481) (-26.3530084625)
continue (780.1943243292) (-26.3566460380)
continue (818.7484014523) (-26.3606131310)
continue (858.8755615612) (-26.3647173620)
continue (901.3520977413) (-26.3687592198)
continue (945.2976875689) (-26.3724293358)
continue (991.6932972211) (-26.3757179042)
continue (1040.3778637019) (-26.3786159715)
continue (1091.4684043795) (-26.3813244611)
continue (1145.0954647103) (-26.3839448050)
continue (1201.4066853216) (-26.3867926479)
continue (1260.3969167586) (-26.3902988976)
continue (1322.2097661295) (-26.3945872018)
continue (1387.2232772362) (-26.3998987443)
continue (1455.2331057433) (-26.4062710013)
continue (1526.6660593340) (-26.4139756176)
continue (1601.8051868807) (-26.4231981042)
continue (1680.3742777364) (-26.4340341826)
continue (1762.9463548393) (-26.4466024899)
continue (1849.5371845270) (-26.4606729365)
continue (1940.5173995240) (-26.4761235244)
continue (2035.8958239867) (-26.4928190227)
continue (2135.6151179200) (-26.5104633705)
continue (2240.6367612895) (-26.5291486755)
continue (2350.4435667177) (-26.5489815478)
continue (2466.2164298145) (-26.5697636466)
continue (2587.3565326986) (-26.5912513938)
continue (2714.5277653156) (-26.6129662987)
continue (2847.7092838014) (-26.6354490046)
continue (2987.7605600540) (-26.6583676642)
continue (3133.6553329314) (-26.6819366650)
continue (3288.5852429320) (-26.7057542839)
continue (3449.1558320078) (-26.7304870558)
continue (3619.0110040368) (-26.7557228792)
continue (3796.9457117352) (-26.7814644948)
continue (3982.8101871349) (-26.8074325467)
continue (4178.2071105752) (-26.8338660297)
continue (4383.1985128257) (-26.8607507824)
continue (4600.0351883718) (-26.8880657237)
continue (4826.6259047482) (-26.9161391991)
continue (5062.5942823136) (-26.9442395353)
continue (5310.4135828465) (-26.9726503922)
continue (5573.4982924554) (-27.0014791172)
continue (5845.2018654038) (-27.0306306883)
continue (6132.3483904203) (-27.0604308313)
continue (6435.5012063309) (-27.0904974586)
continue (6750.1257097515) (-27.1209041205)
continue (7080.5514437953) (-27.1521190026)
continue (7426.7886782107) (-27.1837587000)
continue (7795.2692114325) (-27.2153827074)
continue (8180.1343879395) (-27.2474138213)
continue (8580.6682751079) (-27.2798406966)
continue (8995.7252795307) (-27.3127386538)
continue (9442.2025781417) (-27.3458234581)
continue (9905.0757697441) (-27.3792395100)
continue (10391.9143667061) (-27.4129628823)
continue (10902.9309741141) (-27.4466024899)
continue (11438.0189634299) (-27.4803032328)
continue (11999.8284279228) (-27.5141366704)
continue (12588.2990857364) (-27.5480601306)
continue (13206.7676929921) (-27.5828605903)
continue (13855.3591427164) (-27.6176226965)
continue (14536.0818442568) (-27.6526699847)
continue (15251.3300555055) (-27.6880343396)
continue (15998.3667629294) (-27.7235381958)
continue (16785.1716856964) (-27.7594507517)
continue (17609.0235906562) (-27.7956086681)
continue (18476.6214682980) (-27.8320921900)
continue (19380.4119697247) (-27.8696662315)
continue (20336.2412590149) (-27.9076303004)
continue (21331.1556839058) (-27.9461535731)
continue (22378.8548825259) (-27.9850596502)
continue (23480.2105337917) (-28.0251660450)
continue (24635.4952910640) (-28.0661585371)
continue (25844.2135795932) (-28.1079610797)
continue (27112.9714613644) (-28.1504577480)
continue (28441.5409118744) (-28.1944991418)
continue (29838.4731767013) (-28.2393513804)
continue (31304.2587020425) (-28.2852512393)
continue (32838.4493987912) (-28.3323602939)
continue (34452.4374599794) (-28.3803849943)
continue (36147.0436658650) (-28.4298074389)
continue (37922.0545491659) (-28.4803032328)
continue (39793.3175029020) (-28.5320960535)
continue (41743.7916086329) (-28.5863650028)
continue (43789.8592415404) (-28.6422556748)
continue (45953.9571768258) (-28.6994045161)
continue (48189.6864524831) (-28.7584535194)
continue (50569.7542073505) (-28.8187282284)
continue (53042.3149485714) (-28.8810742472)
continue (55666.8888708892) (-28.9453869454)
continue (58377.1281753015) (-29.0112181565)
continue (61241.0598666973) (-29.0803467177)
continue (64264.2433580011) (-29.1518108830)
continue (67401.4031668977) (-29.2262866747)
continue (70750.5412124578) (-29.3035562369)
continue (74207.4080469427) (-29.3828947695)
continue (77819.5534429083) (-29.4657199948)
continue (81654.7464889298) (-29.5509846837)
continue (85725.9615067221) (-29.6388390048)
continue (89868.5375558636) (-29.7314220281)
continue (94314.5281325250) (-29.8271053022)
continue (98943.2107292569) (-29.9262816497)
continue (103800.7712514473) (-30.0296066279)
continue (108899.0165889647) (-30.1357856695)
continue (114251.1247262358) (-30.2474138213)
continue (119856.2371190920) (-30.3628105779)
continue (125744.0279862641) (-30.4813544757)
continue (131933.8310143994) (-30.6076548446)
continue (138406.2835383439) (-30.7375489103)
continue (145198.6887852862) (-30.8725712221)
continue (152334.8329683143) (-31.0146184398)
continue (159815.3228369794) (-31.1602706248)
continue (167666.4159735890) (-31.3150649174)
continue (175886.3097503294) (-31.4743074755)
continue (184541.7113844586) (-31.6356366454)
continue (193598.2517137149) (-31.8102290437)
continue (203090.4771153235) (-31.9677842967)
continue (213112.0137550178) (-32.0322180919)
continue (223568.9329775408) (-32.0671712331)
continue (234560.3528485087) (-32.1022080181)
continue (246022.4003284170) (-32.1372129018)
continue (258149.2835174097) (-32.1721785723)
continue (270807.4207478325) (-32.2070482917)
continue (284149.3516733571) (-32.2421486563)
continue (298091.9106367211) (-32.2775306141)
continue (312720.3057022843) (-32.3133637307)
continue (328029.8671045559) (-32.3498868356)
continue (344134.0524231330) (-32.3865810550)
continue (361040.7966784692) (-32.4235434676)
continue (378747.7019187267) (-32.4601714416)
continue (397412.5472378789) (-32.4956650882)
continue (416865.0369700166) (-32.5310621943)
continue (437478.1424946981) (-32.5663901567)
continue (458845.4032308441) (-32.6018863083)
continue (481387.7289046257) (-32.6371406970)
continue (505136.9017829581) (-32.6726410656)
continue (529806.3783816607) (-32.7079655640)
continue (555989.6100161417) (-32.7435227938)
continue (583397.5485380642) (-32.7788466780)
continue (611999.3088089029) (-32.8141746404)
continue (3672982.5506507708) (-33.8897470826)
continue (3709712.3761572787) (-50.0000000000)
continue (7354000.0000000000) (-50.0000000000)
f(nu) = -23.9200476980 at 1.0000000000 Ryd
