# Puchwein et al 2019
# z = 0.865100
# E [Ryd] log (J_nu)
interpolate (0.0000000100) (-50.0000000000)
continue (0.0007810860) (-50.0000000000)
continue (0.0007889757) (-18.1195866001)
continue (0.0008276721) (-18.1432711096)
continue (0.0008678733) (-18.1678744575)
continue (0.0009112670) (-18.1934808659)
continue (0.0009556071) (-18.2196826879)
continue (0.0010026042) (-18.2464169411)
continue (0.0010517855) (-18.2735173032)
continue (0.0011034960) (-18.3011168632)
continue (0.0011577525) (-18.3291050465)
continue (0.0012145368) (-18.3573376686)
continue (0.0012741429) (-18.3855246339)
continue (0.0013367566) (-18.4138629748)
continue (0.0014023807) (-18.4422522584)
continue (0.0014712092) (-18.4706980022)
continue (0.0015434739) (-18.4992148271)
continue (0.0016194544) (-18.5275361034)
continue (0.0016988571) (-18.5556428743)
continue (0.0017822550) (-18.5833594927)
continue (0.0018700328) (-18.6108339156)
continue (0.0019618234) (-18.6380833813)
continue (0.0020579652) (-18.6649434806)
continue (0.0021594004) (-18.6914355864)
continue (0.0022651429) (-18.7176044953)
continue (0.0023768048) (-18.7432822540)
continue (0.0024932065) (-18.7682756167)
continue (0.0026155768) (-18.7929044596)
continue (0.0027439535) (-18.8167301563)
continue (0.0028792005) (-18.8401321529)
continue (0.0030204407) (-18.8626458886)
continue (0.0031685222) (-18.8843894883)
continue (0.0033245785) (-18.9055288714)
continue (0.0034874358) (-18.9262816497)
continue (0.0036582375) (-18.9461535731)
continue (0.0038385298) (-18.9653715434)
continue (0.0040268094) (-18.9842212436)
continue (0.0042246962) (-19.0024388844)
continue (0.0044322323) (-19.0202240673)
continue (0.0046493213) (-19.0376780273)
continue (0.0048783028) (-19.0550240916)
continue (0.0051194774) (-19.0724243453)
continue (0.0053698702) (-19.0896958319)
continue (0.0056320579) (-19.1068487869)
continue (0.0059096431) (-19.1237821594)
continue (0.0061990950) (-19.1403214234)
continue (0.0065044038) (-19.1562690349)
continue (0.0068259698) (-19.1714689934)
continue (0.0071584208) (-19.1858190190)
continue (0.0075125059) (-19.1990081387)
continue (0.0078829323) (-19.2106308464)
continue (0.0082692103) (-19.2199708727)
continue (0.0086704755) (-19.2267988576)
continue (0.0090944807) (-19.2309182129)
continue (0.0095460609) (-19.2325472819)
continue (0.0100150233) (-19.2318060384)
continue (0.0105069407) (-19.2287800981)
continue (0.0110229463) (-19.2234440893)
continue (0.0115643017) (-19.2159535842)
continue (0.0121324320) (-19.2063492823)
continue (0.0127271923) (-19.1949071217)
continue (0.0133518970) (-19.1819061309)
continue (0.0140087159) (-19.1676827301)
continue (0.0146954841) (-19.1524890348)
continue (0.0154190689) (-19.1364986994)
continue (0.0161744226) (-19.1198726778)
continue (0.0169695898) (-19.1026478657)
continue (0.0178051382) (-19.0848640934)
continue (0.0186773308) (-19.0666645899)
continue (0.0195971392) (-19.0482254919)
continue (0.0205564397) (-19.0296996246)
continue (0.0215684490) (-19.0120657348)
continue (0.0226289290) (-18.9952488444)
continue (0.0237370922) (-18.9783972840)
continue (0.0249048093) (-18.9621752494)
continue (0.0261257732) (-18.9469215565)
continue (0.0274065254) (-18.9318141383)
continue (0.0287556633) (-18.9179330657)
continue (0.0301644148) (-18.9051796196)
continue (0.0316522046) (-18.8931294555)
continue (0.0332094377) (-18.8823973083)
continue (0.0348343643) (-18.8728952016)
continue (0.0365530273) (-18.8642314854)
continue (0.0383368519) (-18.8585502266)
continue (0.0402325373) (-18.8579235389)
continue (0.0422078263) (-18.8613815661)
continue (0.0442792503) (-18.8664610916)
continue (0.0464458191) (-18.8728952016)
continue (0.0487308541) (-18.8814046348)
continue (0.0511373160) (-18.8921119748)
continue (0.0536354897) (-18.9062282185)
continue (0.0562510476) (-18.9219058496)
continue (0.0590198815) (-18.9374180158)
continue (0.0619488083) (-18.9527251326)
continue (0.0649513165) (-18.9669785553)
continue (0.0681575894) (-18.9829666607)
continue (0.0715280197) (-19.0001303079)
continue (0.0750013968) (-19.0185438335)
continue (0.0786931754) (-19.0378675307)
continue (0.0825422981) (-19.0578430715)
continue (0.0866223356) (-19.0789381092)
continue (0.0908541347) (-19.1006720501)
continue (0.0953507346) (-19.1214782045)
continue (0.1000293052) (-19.1428484973)
continue (0.1049484016) (-19.1638025192)
continue (0.1100962874) (-19.1837587000)
continue (0.1155110877) (-19.2043284941)
continue (0.1211791185) (-19.2259211992)
continue (0.1271298787) (-19.2481053120)
continue (0.1333821679) (-19.2703493317)
continue (0.1399365741) (-19.2942217872)
continue (0.1467891383) (-19.3193925710)
continue (0.1540082763) (-19.3459197647)
continue (0.1615721579) (-19.3736596326)
continue (0.1695065050) (-19.4026339497)
continue (0.1778428905) (-19.4323855573)
continue (0.1865820989) (-19.4618034217)
continue (0.1957188511) (-19.4929541276)
continue (0.2053328010) (-19.5262211654)
continue (0.2154295439) (-19.5600360641)
continue (0.2260086733) (-19.5949953349)
continue (0.2371238540) (-19.6258017421)
continue (0.2487761318) (-19.6480105446)
continue (0.2609584682) (-19.6665527255)
continue (0.2738182004) (-19.6867657083)
continue (0.2872846692) (-19.7075224063)
continue (0.3013448978) (-19.7288556821)
continue (0.3161925645) (-19.7510463845)
continue (0.3317316967) (-19.7734000948)
continue (0.3479446242) (-19.7969671130)
continue (0.3650909338) (-19.8218867477)
continue (0.3830462256) (-19.8483237692)
continue (0.4017931970) (-19.8784401558)
continue (0.4214925859) (-19.9125735430)
continue (0.4421479723) (-19.9492336888)
continue (0.4639852194) (-19.9888526392)
continue (0.4867879118) (-20.0325924434)
continue (0.5105137091) (-20.0801899798)
continue (0.5357242627) (-20.1321790920)
continue (0.5621634613) (-20.1872871332)
continue (0.5898168096) (-20.2408611837)
continue (0.6186469591) (-20.2989503693)
continue (0.6490505490) (-20.3669357273)
continue (0.6810664954) (-20.4408118110)
continue (0.7141590680) (-20.5237482040)
continue (0.7493222477) (-20.6006724678)
continue (0.7494721272) (-20.7520267336)
continue (0.7862527790) (-20.8544928286)
continue (0.8246759917) (-20.9858996785)
continue (0.8288690942) (-21.0053107544)
continue (0.8329222993) (-21.0217742749)
continue (0.8369692137) (-21.0381249140)
continue (0.8410245965) (-21.0543650164)
continue (0.8450724461) (-21.0704962674)
continue (0.8491277985) (-21.0863646687)
continue (0.8531743306) (-21.1021618599)
continue (0.8572273582) (-21.1179487194)
continue (0.8612783740) (-21.1340359909)
continue (0.8654007320) (-21.1504577480)
continue (0.8695793374) (-21.1724459326)
continue (0.8738320076) (-21.1922019043)
continue (0.8780757090) (-21.2107966393)
continue (0.8823266565) (-21.2293129044)
continue (0.8865758338) (-21.2477525141)
continue (0.8880856269) (-21.2557852752)
continue (0.8882632618) (-21.2494144727)
continue (0.8908313008) (-21.2600900022)
continue (0.8950838547) (-21.2786923697)
continue (0.8993328242) (-21.2967679652)
continue (0.9035775261) (-21.3147519362)
continue (0.9076364251) (-21.3326404538)
continue (0.9122887342) (-21.3572200136)
continue (0.9167472861) (-21.3787946277)
continue (0.9212067921) (-21.3989911867)
continue (0.9256657008) (-21.4195266518)
continue (0.9301243111) (-21.4404272999)
continue (0.9345829462) (-21.4617204193)
continue (0.9369417514) (-21.4736607226)
continue (0.9371291585) (-21.4703130462)
continue (0.9390419537) (-21.4791066029)
continue (0.9435007297) (-21.4988804613)
continue (0.9479596448) (-21.5189531468)
continue (0.9524111317) (-21.5394028111)
continue (0.9531313595) (-21.5455301666)
continue (0.9538446901) (-21.5490891740)
continue (0.9545580893) (-21.5525814701)
continue (0.9552715550) (-21.5560067601)
continue (0.9559850851) (-21.5593695222)
continue (0.9566986776) (-21.5626680832)
continue (0.9574113244) (-21.5659039679)
continue (0.9581250337) (-21.5690771881)
continue (0.9588387990) (-21.5721894273)
continue (0.9594354567) (-21.5752816627)
continue (0.9596273630) (-21.5731635462)
continue (0.9607716931) (-21.5782069330)
continue (0.9619918385) (-21.5831033178)
continue (0.9632120325) (-21.5878301996)
continue (0.9644322638) (-21.5923932768)
continue (0.9656525208) (-21.5967970908)
continue (0.9668727920) (-21.6010449294)
continue (0.9680930657) (-21.6051422336)
continue (0.9693133303) (-21.6090913751)
continue (0.9705335740) (-21.6128968314)
continue (0.9716099949) (-21.6165437035)
continue (0.9718043363) (-21.6151092035)
continue (0.9724931975) (-21.6172267544)
continue (0.9732326966) (-21.6193293730)
continue (0.9739722802) (-21.6213822818)
continue (0.9747119461) (-21.6233883738)
continue (0.9754506480) (-21.6253487856)
continue (0.9761904704) (-21.6272628542)
continue (0.9769303686) (-21.6291336232)
continue (0.9776692914) (-21.6309586378)
continue (0.9784093329) (-21.6327410139)
continue (0.9790220836) (-21.6345120151)
continue (0.9792179076) (-21.6333902896)
continue (0.9796262717) (-21.6344633469)
continue (0.9801046187) (-21.6355484441)
continue (0.9805823779) (-21.6366155673)
continue (0.9810606032) (-21.6376664625)
continue (0.9815392951) (-21.6387010054)
continue (0.9820173961) (-21.6397190728)
continue (0.9824949039) (-21.6407205428)
continue (0.9829728762) (-21.6417071981)
continue (0.9834513138) (-21.6426770247)
continue (0.9837787230) (-21.6435916730)
continue (0.9839754984) (-21.6428277423)
continue (0.9842532892) (-21.6433871898)
continue (0.9845776371) (-21.6440181484)
continue (0.9849011343) (-21.6446423605)
continue (0.9852259094) (-21.6452597954)
continue (0.9855498328) (-21.6458704231)
continue (0.9858739693) (-21.6464742136)
continue (0.9861983191) (-21.6470730639)
continue (0.9865228824) (-21.6476630935)
continue (0.9868465907) (-21.6482481294)
continue (0.9870824973) (-21.6487836547)
continue (0.9872799335) (-21.6480105446)
continue (0.9874069046) (-21.6485167761)
continue (0.9876423407) (-21.6489307013)
continue (0.9878789599) (-21.6493392104)
continue (0.9881146211) (-21.6497461653)
continue (0.9883503948) (-21.6501496207)
continue (0.9885862810) (-21.6505495664)
continue (0.9888222799) (-21.6509459925)
continue (0.9890583914) (-21.6513388890)
continue (0.9892935417) (-21.6517301935)
continue (0.9894406051) (-21.6520848135)
continue (0.9896385130) (-21.6515004297)
continue (0.9991962399) (-21.6649434806)
continue (1.0439534549) (-21.7000571000)
continue (1.0951411739) (-21.7368375350)
continue (1.1489937849) (-21.7726275577)
continue (1.2053795910) (-21.8079904073)
continue (1.2645947416) (-21.8428455601)
continue (1.3266370226) (-21.8771290771)
continue (1.3918847882) (-21.9104481171)
continue (1.4601297401) (-21.9430951487)
continue (1.5320561043) (-21.9746941347)
continue (1.6071727880) (-22.0070490394)
continue (1.6862823294) (-22.0394340972)
continue (1.7691069129) (-22.0715017319)
continue (1.8559408774) (-22.1040252676)
continue (1.9471516470) (-22.1372724717)
continue (2.0427414724) (-22.1717268879)
continue (2.1431490377) (-22.2073982188)
continue (2.2483764392) (-22.2448114144)
continue (2.3583513737) (-22.2794272796)
continue (2.4742518893) (-22.3154239126)
continue (2.5962021961) (-22.3529105713)
continue (2.7234517956) (-22.3924377568)
continue (2.8575320502) (-22.4341521813)
continue (2.9972889909) (-22.4771646863)
continue (2.9978885086) (-22.5675117442)
continue (3.1444684983) (-22.6197887583)
continue (3.2993011253) (-22.6755117667)
continue (3.3154824080) (-22.6799139790)
continue (3.3316770164) (-22.6855302453)
continue (3.3478830047) (-22.6913523635)
continue (3.3640859670) (-22.6973271395)
continue (3.3802960540) (-22.7034401060)
continue (3.3964985345) (-22.7096781811)
continue (3.4127037129) (-22.7160297495)
continue (3.4289094326) (-22.7224503764)
continue (3.4451134960) (-22.7289161665)
continue (3.4609455785) (-22.7354182708)
continue (3.4783173495) (-22.7393634426)
continue (3.4953146235) (-22.7453552626)
continue (3.5123163736) (-22.7516000098)
continue (3.5293202949) (-22.7580478030)
continue (3.5463240368) (-22.7646786498)
continue (3.5537279767) (-22.7677664789)
continue (3.5544387934) (-22.7498240519)
continue (3.5633252031) (-22.7534989572)
continue (3.5803213519) (-22.7602201841)
continue (3.5973241965) (-22.7670267478)
continue (3.6143172719) (-22.7739029818)
continue (3.6319927095) (-22.7809396676)
continue (3.6491549368) (-22.7837364254)
continue (3.6669965225) (-22.7899357627)
continue (3.6848197184) (-22.7964585570)
continue (3.7026665643) (-22.8032409082)
continue (3.7204896494) (-22.8102570998)
continue (3.7383317846) (-22.8174626667)
continue (3.7481524197) (-22.8215986585)
continue (3.7489021252) (-22.8119156263)
continue (3.7561600736) (-22.8151808543)
continue (3.7740029190) (-22.8225356480)
continue (3.7918425237) (-22.8299877821)
continue (3.8096445268) (-22.8374355935)
continue (3.8125294258) (-22.8342869008)
continue (3.8153867477) (-22.8351892942)
continue (3.8182323571) (-22.8361054774)
continue (3.8210822144) (-22.8370325498)
continue (3.8239363290) (-22.8379705770)
continue (3.8267947105) (-22.8389226230)
continue (3.8296412741) (-22.8398827682)
continue (3.8324920757) (-22.8408540721)
continue (3.8353471248) (-22.8418335879)
continue (3.8381459698) (-22.8428455601)
continue (3.8389136758) (-22.8368386250)
continue (3.8430948760) (-22.8383984401)
continue (3.8479632917) (-22.8401231365)
continue (3.8528440576) (-22.8418758321)
continue (3.8577372208) (-22.8436507792)
continue (3.8626100831) (-22.8454512650)
continue (3.8674952713) (-22.8472745228)
continue (3.8723763766) (-22.8491208087)
continue (3.8772533211) (-22.8509903848)
continue (3.8821260270) (-22.8528773290)
continue (3.8872689984) (-22.8548035939)
continue (3.8880465300) (-22.8504729862)
continue (3.8899644875) (-22.8516287427)
continue (3.8929224712) (-22.8527937718)
continue (3.8958849568) (-22.8539619346)
continue (3.8988519547) (-22.8551363592)
continue (3.9018067686) (-22.8563170879)
continue (3.9047660647) (-22.8575041635)
continue (3.9077130959) (-22.8586976295)
continue (3.9106813613) (-22.8598975297)
continue (3.9136373315) (-22.8611007542)
continue (3.9156676117) (-22.8623294628)
continue (3.9164508235) (-22.8591778199)
continue (3.9185008743) (-22.8598755122)
continue (3.9204226914) (-22.8606562438)
continue (3.9223295118) (-22.8614415382)
continue (3.9242381880) (-22.8622282552)
continue (3.9261487226) (-22.8630132317)
continue (3.9280611185) (-22.8638059773)
continue (3.9299753783) (-22.8645969930)
continue (3.9318915048) (-22.8653894520)
continue (3.9338095006) (-22.8661865510)
continue (3.9359648088) (-22.8671002301)
continue (3.9367520805) (-22.8645493007)
continue (3.9370216616) (-22.8650200944)
continue (3.9383148035) (-22.8655583149)
continue (3.9396087952) (-22.8661003938)
continue (3.9409036375) (-22.8666399556)
continue (3.9421993313) (-22.8671833872)
continue (3.9434958773) (-22.8677242970)
continue (3.9447932764) (-22.8682690879)
continue (3.9460915295) (-22.8688113525)
continue (3.9473906374) (-22.8693575096)
continue (3.9479023104) (-22.8699880503)
continue (3.9486919698) (-22.8677403105)
continue (3.9496318982) (-22.8682851215)
continue (3.9505736443) (-22.8686829447)
continue (3.9515158397) (-22.8690811325)
continue (3.9524584845) (-22.8694764702)
continue (3.9534015792) (-22.8698753866)
continue (3.9543451241) (-22.8702714483)
continue (3.9552891195) (-22.8706710959)
continue (3.9562335657) (-22.8710678843)
continue (3.9571784630) (-22.8714682658)
continue (3.9581922382) (-22.8719239873)
continue (3.9589839558) (-22.8703101078)
continue (3.9963853212) (-22.8867253075)
continue (3.9971846782) (-22.8867253075)
continue (4.1935893733) (-22.9730583720)
continue (4.3980066159) (-23.0096167411)
continue (4.6140099788) (-23.0317038850)
continue (4.8420136600) (-23.0506587932)
continue (5.0795260358) (-23.0693565590)
continue (5.3290466130) (-23.0884695377)
continue (5.5905949130) (-23.1081281696)
continue (5.8640088212) (-23.1281936355)
continue (6.1530517948) (-23.1486804874)
continue (6.4537320879) (-23.1694754859)
continue (6.7752191139) (-23.1905749712)
continue (7.1026264288) (-23.2118316289)
continue (7.4571765206) (-23.2332897927)
continue (7.8220340843) (-23.2550033260)
continue (8.2022229596) (-23.2769550084)
continue (8.6049761172) (-23.2992097786)
continue (9.0313872232) (-23.3217548481)
continue (9.4736144175) (-23.3447654930)
continue (9.9396484600) (-23.3682519256)
continue (10.4275886350) (-23.3921162556)
continue (10.9395794816) (-23.4165744996)
continue (11.4769139901) (-23.4416514912)
continue (12.0410540541) (-23.4672456210)
continue (12.6319236321) (-23.4933596944)
continue (13.2528646134) (-23.5201368870)
continue (13.9039818556) (-23.5474469368)
continue (14.5849387135) (-23.5752816627)
continue (15.3025519868) (-23.6038006529)
continue (16.0547387388) (-23.6328305115)
continue (16.8410085163) (-23.6623411090)
continue (17.6704861512) (-23.6925039621)
continue (18.5367569328) (-23.7230788679)
continue (19.4465849513) (-23.7539940959)
continue (20.4045448011) (-23.7854210464)
continue (21.4063183185) (-23.8170150330)
continue (22.4560613804) (-23.8492435601)
continue (23.5591254089) (-23.8817352739)
continue (24.7156759104) (-23.9143527117)
continue (25.9324692890) (-23.9476909004)
continue (27.2019991288) (-23.9808837096)
continue (28.5395230447) (-24.0144388122)
continue (29.9463348937) (-24.0481769647)
continue (31.4121672119) (-24.0821795180)
continue (32.9572141344) (-24.1162817980)
continue (34.5700671782) (-24.1505191628)
continue (36.2765513860) (-24.1849538239)
continue (38.0487252951) (-24.2194666747)
continue (39.9153294269) (-24.2541448048)
continue (41.8780777030) (-24.2887834757)
continue (43.9376552949) (-24.3233978304)
continue (46.0934229042) (-24.3574365629)
continue (48.3687351813) (-24.3907258276)
continue (50.7386954798) (-24.4233131948)
continue (53.2282109122) (-24.4551880882)
continue (55.8374369373) (-24.4832002959)
continue (58.6023775445) (-24.5070999889)
continue (61.4475368049) (-24.5281218007)
continue (64.4916469085) (-24.5456125329)
continue (67.6515939730) (-24.5595632339)
continue (70.9709478829) (-24.5704091978)
continue (74.4499159164) (-24.5785606098)
continue (78.0862871308) (-24.5855280504)
continue (81.9484685986) (-24.5927791071)
continue (85.9685821525) (-24.6001532873)
continue (90.2244525561) (-24.6080069277)
continue (94.6279305105) (-24.6160052106)
continue (99.2773690834) (-24.6239708183)
continue (104.1567002876) (-24.6320852612)
continue (109.2777276432) (-24.6403542073)
continue (114.6391962280) (-24.6483969276)
continue (120.2675162751) (-24.6567884098)
continue (126.1793091687) (-24.6649434806)
continue (132.3746325997) (-24.6732546204)
continue (138.8703094813) (-24.6815192748)
continue (145.6861663975) (-24.6893066877)
continue (152.8458522000) (-24.6970200633)
continue (160.3496341398) (-24.7046528517)
continue (168.2235500861) (-24.7121982701)
continue (176.4995101330) (-24.7194216296)
continue (185.1792259330) (-24.7265357274)
continue (194.2585740389) (-24.7332980331)
continue (203.8172603034) (-24.7401673009)
continue (213.8120532183) (-24.7469044142)
continue (224.3394807525) (-24.7537476877)
continue (235.3478746943) (-24.7604502792)
continue (246.8889110855) (-24.7672579373)
continue (259.0298382082) (-24.7741740085)
continue (271.6955786573) (-24.7814644948)
continue (285.0381516473) (-24.7886124471)
continue (299.0702234383) (-24.7961515363)
continue (313.7971662591) (-24.8041003476)
continue (329.2149461042) (-24.8121973613)
continue (345.3076812491) (-24.8210230527)
continue (362.3327915771) (-24.8297382846)
continue (380.1697834028) (-24.8392314381)
continue (398.8039259591) (-24.8486301498)
continue (418.3962216788) (-24.8585502266)
continue (438.9532614723) (-24.8687022034)
continue (460.4684036465) (-24.8790971824)
continue (483.1744277924) (-24.8894102897)
continue (506.8225644140) (-24.8985966494)
continue (531.6610098112) (-24.9065783148)
continue (557.6909246123) (-24.9122185822)
continue (585.2710152964) (-24.9172146297)
continue (614.0613010893) (-24.9219058496)
continue (644.0049263721) (-24.9266482976)
continue (675.5129509388) (-24.9310723883)
continue (709.1571757327) (-24.9355420108)
continue (743.8914047481) (-24.9400581119)
continue (780.1943243292) (-24.9450041385)
continue (818.7484014523) (-24.9496202437)
continue (858.8755615612) (-24.9546770212)
continue (901.3520977413) (-24.9597933724)
continue (945.2976875689) (-24.9653715434)
continue (991.6932972211) (-24.9710222948)
continue (1040.3778637019) (-24.9771593891)
continue (1091.4684043795) (-24.9838026465)
continue (1145.0954647103) (-24.9913998282)
continue (1201.4066853216) (-24.9995659225)
continue (1260.3969167586) (-25.0089512235)
continue (1322.2097661295) (-25.0193150256)
continue (1387.2232772362) (-25.0307705201)
continue (1455.2331057433) (-25.0433994118)
continue (1526.6660593340) (-25.0572480796)
continue (1601.8051868807) (-25.0722704402)
continue (1680.3742777364) (-25.0885227829)
continue (1762.9463548393) (-25.1058501532)
continue (1849.5371845270) (-25.1242444207)
continue (1940.5173995240) (-25.1435732275)
continue (2035.8958239867) (-25.1637391971)
continue (2135.6151179200) (-25.1846879565)
continue (2240.6367612895) (-25.2063492823)
continue (2350.4435667177) (-25.2287065574)
continue (2466.2164298145) (-25.2516568955)
continue (2587.3565326986) (-25.2751509124)
continue (2714.5277653156) (-25.2991232916)
continue (2847.7092838014) (-25.3235807683)
continue (2987.7605600540) (-25.3485281478)
continue (3133.6553329314) (-25.3739677522)
continue (3288.5852429320) (-25.3998987443)
continue (3449.1558320078) (-25.4263163069)
continue (3619.0110040368) (-25.4532106484)
continue (3796.9457117352) (-25.4804344991)
continue (3982.8101871349) (-25.5080782874)
continue (4178.2071105752) (-25.5361070110)
continue (4383.1985128257) (-25.5646334934)
continue (4600.0351883718) (-25.5934598196)
continue (4826.6259047482) (-25.6226937489)
continue (5062.5942823136) (-25.6522797830)
continue (5310.4135828465) (-25.6823544568)
continue (5573.4982924554) (-25.7126462273)
continue (5845.2018654038) (-25.7432822540)
continue (6132.3483904203) (-25.7744322866)
continue (6435.5012063309) (-25.8060410220)
continue (6750.1257097515) (-25.8380333836)
continue (7080.5514437953) (-25.8703101078)
continue (7426.7886782107) (-25.9027426903)
continue (7795.2692114325) (-25.9355420108)
continue (8180.1343879395) (-25.9685915357)
continue (8580.6682751079) (-26.0020459959)
continue (8995.7252795307) (-26.0357403698)
continue (9442.2025781417) (-26.0696113818)
continue (9905.0757697441) (-26.1038045895)
continue (10391.9143667061) (-26.1381670023)
continue (10902.9309741141) (-26.1727600005)
continue (11438.0189634299) (-26.2075382687)
continue (11999.8284279228) (-26.2426039712)
continue (12588.2990857364) (-26.2780245984)
continue (13206.7676929921) (-26.3139002280)
continue (13855.3591427164) (-26.3500812813)
continue (14536.0818442568) (-26.3866868385)
continue (15251.3300555055) (-26.4236586498)
continue (15998.3667629294) (-26.4610494380)
continue (16785.1716856964) (-26.4990777608)
continue (17609.0235906562) (-26.5377517846)
continue (18476.6214682980) (-26.5769180417)
continue (19380.4119697247) (-26.6170828649)
continue (20336.2412590149) (-26.6577747706)
continue (21331.1556839058) (-26.6994045161)
continue (22378.8548825259) (-26.7418418067)
continue (23480.2105337917) (-26.7851561520)
continue (24635.4952910640) (-26.8297382846)
continue (25844.2135795932) (-26.8751698506)
continue (27112.9714613644) (-26.9215431819)
continue (28441.5409118744) (-26.9694002780)
continue (29838.4731767013) (-27.0181361090)
continue (31304.2587020425) (-27.0682371115)
continue (32838.4493987912) (-27.1193007108)
continue (34452.4374599794) (-27.1717268879)
continue (36147.0436658650) (-27.2262866747)
continue (37922.0545491659) (-27.2821631325)
continue (39793.3175029020) (-27.3394190876)
continue (41743.7916086329) (-27.3985919395)
continue (43789.8592415404) (-27.4594202835)
continue (45953.9571768258) (-27.5220110237)
continue (48189.6864524831) (-27.5865325870)
continue (50569.7542073505) (-27.6528652171)
continue (53042.3149485714) (-27.7214750353)
continue (55666.8888708892) (-27.7920964696)
continue (58377.1281753015) (-27.8648673486)
continue (61241.0598666973) (-27.9408153824)
continue (64264.2433580011) (-28.0189519411)
continue (67401.4031668977) (-28.1000701173)
continue (70750.5412124578) (-28.1838913293)
continue (74207.4080469427) (-28.2703493317)
continue (77819.5534429083) (-28.3600157520)
continue (81654.7464889298) (-28.4524714235)
continue (85725.9615067221) (-28.5482135645)
continue (89868.5375558636) (-28.6478174819)
continue (94314.5281325250) (-28.7505570386)
continue (98943.2107292569) (-28.8569851997)
continue (103800.7712514473) (-28.9669785553)
continue (108899.0165889647) (-29.0805557895)
continue (114251.1247262358) (-29.1983219410)
continue (119856.2371190920) (-29.3191208256)
continue (125744.0279862641) (-29.4434562915)
continue (131933.8310143994) (-29.5717031860)
continue (138406.2835383439) (-29.7013652169)
continue (145198.6887852862) (-29.8323873273)
continue (152334.8329683143) (-29.9625735021)
continue (159815.3228369794) (-30.0881502035)
continue (167666.4159735890) (-30.2079586893)
continue (175886.3097503294) (-30.3154239126)
continue (184541.7113844586) (-30.4080454450)
continue (193598.2517137149) (-30.4850539947)
continue (203090.4771153235) (-30.5433303706)
continue (213112.0137550178) (-30.5858626378)
continue (223568.9329775408) (-30.6212388247)
continue (234560.3528485087) (-30.6567884098)
continue (246022.4003284170) (-30.6920762964)
continue (258149.2835174097) (-30.7274622226)
continue (270807.4207478325) (-30.7629592086)
continue (284149.3516733571) (-30.7983298204)
continue (298091.9106367211) (-30.8335698862)
continue (312720.3057022843) (-30.8690233084)
continue (328029.8671045559) (-30.9044819577)
continue (344134.0524231330) (-30.9400581119)
continue (361040.7966784692) (-30.9751040399)
continue (378747.7019187267) (-31.0106836950)
continue (397412.5472378789) (-31.0460954066)
continue (416865.0369700166) (-31.0814978604)
continue (437478.1424946981) (-31.1169066414)
continue (458845.4032308441) (-31.1523039793)
continue (481387.7289046257) (-31.1876883909)
continue (505136.9017829581) (-31.2230809972)
continue (529806.3783816607) (-31.2585332382)
continue (555989.6100161417) (-31.2938798903)
continue (583397.5485380642) (-31.3292904048)
continue (611999.3088089029) (-31.3647173620)
continue (3672982.5506507708) (-32.4403327216)
continue (3709712.3761572787) (-50.0000000000)
continue (7354000.0000000000) (-50.0000000000)
f(nu) = -20.5663641948 at 1.0000000000 Ryd
