# Puchwein et al 2019
# z = 8.989000
# E [Ryd] log (J_nu)
interpolate (0.0000000100) (-50.0000000000)
continue (0.0007810860) (-50.0000000000)
continue (0.0007889757) (-18.1351923710)
continue (0.0008276721) (-18.1563312770)
continue (0.0008678733) (-18.1790764121)
continue (0.0009112670) (-18.2039810307)
continue (0.0009556071) (-18.2304011516)
continue (0.0010026042) (-18.2575891194)
continue (0.0010517855) (-18.2857540890)
continue (0.0011034960) (-18.3150649174)
continue (0.0011577525) (-18.3457271729)
continue (0.0012145368) (-18.3770610308)
continue (0.0012741429) (-18.4088240497)
continue (0.0013367566) (-18.4410515540)
continue (0.0014023807) (-18.4737899962)
continue (0.0014712092) (-18.5075189899)
continue (0.0015434739) (-18.5419668075)
continue (0.0016194544) (-18.5770820192)
continue (0.0016988571) (-18.6122543404)
continue (0.0017822550) (-18.6474316138)
continue (0.0018700328) (-18.6829818990)
continue (0.0019618234) (-18.7189666328)
continue (0.0020579652) (-18.7552282385)
continue (0.0021594004) (-18.7918274733)
continue (0.0022651429) (-18.8294449415)
continue (0.0023768048) (-18.8671002301)
continue (0.0024932065) (-18.9051796196)
continue (0.0026155768) (-18.9430951487)
continue (0.0027439535) (-18.9808837096)
continue (0.0028792005) (-19.0189065769)
continue (0.0030204407) (-19.0568518706)
continue (0.0031685222) (-19.0948519981)
continue (0.0033245785) (-19.1328272488)
continue (0.0034874358) (-19.1708249261)
continue (0.0036582375) (-19.2088709993)
continue (0.0038385298) (-19.2469534384)
continue (0.0040268094) (-19.2850000326)
continue (0.0042246962) (-19.3231235680)
continue (0.0044322323) (-19.3611115753)
continue (0.0046493213) (-19.3989182722)
continue (0.0048783028) (-19.4367562989)
continue (0.0051194774) (-19.4745664466)
continue (0.0053698702) (-19.5124374397)
continue (0.0056320579) (-19.5502131530)
continue (0.0059096431) (-19.5878755938)
continue (0.0061990950) (-19.6256183019)
continue (0.0065044038) (-19.6631401791)
continue (0.0068259698) (-19.7007106659)
continue (0.0071584208) (-19.7380238086)
continue (0.0075125059) (-19.7746907183)
continue (0.0078829323) (-19.8110715162)
continue (0.0082692103) (-19.8467950999)
continue (0.0086704755) (-19.8810742472)
continue (0.0090944807) (-19.9136401693)
continue (0.0095460609) (-19.9442395353)
continue (0.0100150233) (-19.9734667355)
continue (0.0105069407) (-20.0006084383)
continue (0.0110229463) (-20.0259952031)
continue (0.0115643017) (-20.0492944652)
continue (0.0121324320) (-20.0701725188)
continue (0.0127271923) (-20.0879906244)
continue (0.0133518970) (-20.1027028779)
continue (0.0140087159) (-20.1140736602)
continue (0.0146954841) (-20.1220530484)
continue (0.0154190689) (-20.1260984021)
continue (0.0161744226) (-20.1256921669)
continue (0.0169695898) (-20.1199299159)
continue (0.0178051382) (-20.1080167691)
continue (0.0186773308) (-20.0898560389)
continue (0.0195971392) (-20.0651481970)
continue (0.0205564397) (-20.0363538135)
continue (0.0215684490) (-20.0107282084)
continue (0.0226289290) (-19.9892761346)
continue (0.0237370922) (-19.9669785553)
continue (0.0249048093) (-19.9438577379)
continue (0.0261257732) (-19.9200955323)
continue (0.0274065254) (-19.8958544494)
continue (0.0287556633) (-19.8728952016)
continue (0.0301644148) (-19.8513973452)
continue (0.0316522046) (-19.8291517964)
continue (0.0332094377) (-19.8060410220)
continue (0.0348343643) (-19.7804154738)
continue (0.0365530273) (-19.7505570386)
continue (0.0383368519) (-19.7185121121)
continue (0.0402325373) (-19.6927179530)
continue (0.0422078263) (-19.6742791420)
continue (0.0442792503) (-19.6571826854)
continue (0.0464458191) (-19.6416843599)
continue (0.0487308541) (-19.6280090885)
continue (0.0511373160) (-19.6172627342)
continue (0.0536354897) (-19.6117211365)
continue (0.0562510476) (-19.6110112149)
continue (0.0590198815) (-19.6106566887)
continue (0.0619488083) (-19.6064247967)
continue (0.0649513165) (-19.6006724678)
continue (0.0681575894) (-19.5951662834)
continue (0.0715280197) (-19.5888855814)
continue (0.0750013968) (-19.5825283068)
continue (0.0786931754) (-19.5765902723)
continue (0.0825422981) (-19.5713793273)
continue (0.0866223356) (-19.5673513400)
continue (0.0908541347) (-19.5632014898)
continue (0.0953507346) (-19.5561114532)
continue (0.1000293052) (-19.5497508917)
continue (0.1049484016) (-19.5430269864)
continue (0.1100962874) (-19.5323918944)
continue (0.1155110877) (-19.5243288117)
continue (0.1211791185) (-19.5187007267)
continue (0.1271298787) (-19.5113083017)
continue (0.1333821679) (-19.5022412817)
continue (0.1399365741) (-19.4930892744)
continue (0.1467891383) (-19.4846561069)
continue (0.1540082763) (-19.4766437933)
continue (0.1615721579) (-19.4678828838)
continue (0.1695065050) (-19.4601714416)
continue (0.1778428905) (-19.4541982428)
continue (0.1865820989) (-19.4470885498)
continue (0.1957188511) (-19.4422522584)
continue (0.2053328010) (-19.4443011053)
continue (0.2154295439) (-19.4509967380)
continue (0.2260086733) (-19.4641997092)
continue (0.2371238540) (-19.4779471991)
continue (0.2487761318) (-19.4723700991)
continue (0.2609584682) (-19.4597957002)
continue (0.2738182004) (-19.4560560575)
continue (0.2872846692) (-19.4512421714)
continue (0.3013448978) (-19.4447845949)
continue (0.3161925645) (-19.4369938129)
continue (0.3317316967) (-19.4275931324)
continue (0.3479446242) (-19.4179366371)
continue (0.3650909338) (-19.4072682336)
continue (0.3830462256) (-19.3954499674)
continue (0.4017931970) (-19.3847866652)
continue (0.4214925859) (-19.3753054687)
continue (0.4421479723) (-19.3374310331)
continue (0.4639852194) (-19.3223930473)
continue (0.4867879118) (-19.3077701642)
continue (0.5105137091) (-19.2932822177)
continue (0.5357242627) (-19.2835792662)
continue (0.5621634613) (-19.2799234272)
continue (0.5898168096) (-19.2776129058)
continue (0.6186469591) (-19.2729469886)
continue (0.6490505490) (-19.2743333397)
continue (0.6810664954) (-19.2781893848)
continue (0.7141590680) (-19.2871819998)
continue (0.7493222477) (-19.2803373170)
continue (0.7494721272) (-19.5780671867)
continue (0.7862527790) (-19.6487836547)
continue (0.8246759917) (-19.8224635001)
continue (0.8288690942) (-19.8497871520)
continue (0.8329222993) (-19.8788703959)
continue (0.8369692137) (-19.9101337296)
continue (0.8410245965) (-19.9439302536)
continue (0.8450724461) (-19.9806967330)
continue (0.8491277985) (-20.0204807613)
continue (0.8531743306) (-20.0644096115)
continue (0.8572273582) (-20.1141047227)
continue (0.8612783740) (-20.1711706715)
continue (0.8654007320) (-20.2379970306)
continue (0.8695793374) (-20.3255301760)
continue (0.8738320076) (-20.4356121153)
continue (0.8780757090) (-20.5839422707)
continue (0.8823266565) (-20.8119043607)
continue (0.8865758338) (-21.3241831782)
continue (0.8880856269) (-inf)
continue (0.8882632618) (-20.0027010076)
continue (0.8908313008) (-20.0247975779)
continue (0.8950838547) (-20.0665521953)
continue (0.8993328242) (-20.1125154836)
continue (0.9035775261) (-20.1639969757)
continue (0.9076364251) (-20.2225006804)
continue (0.9122887342) (-20.2951068398)
continue (0.9167472861) (-20.3819728336)
continue (0.9212067921) (-20.4902640132)
continue (0.9256657008) (-20.6343566703)
continue (0.9301243111) (-20.8507624071)
continue (0.9345829462) (-21.2998754398)
continue (0.9369417514) (-inf)
continue (0.9371291585) (-20.4606729365)
continue (0.9390419537) (-20.5014137912)
continue (0.9435007297) (-20.6089183874)
continue (0.9479596448) (-20.7512496251)
continue (0.9524111317) (-20.9629721202)
continue (0.9531313595) (-21.0178178970)
continue (0.9538446901) (-21.0778945155)
continue (0.9545580893) (-21.1447353173)
continue (0.9552715550) (-21.2204554540)
continue (0.9559850851) (-21.3083342399)
continue (0.9566986776) (-21.4138663536)
continue (0.9574113244) (-21.5473519692)
continue (0.9581250337) (-21.7319160382)
continue (0.9588387990) (-22.0413415283)
continue (0.9594354567) (-inf)
continue (0.9596273630) (-20.9702105292)
continue (0.9607716931) (-21.0319020163)
continue (0.9619918385) (-21.0988780192)
continue (0.9632120325) (-21.1724769415)
continue (0.9644322638) (-21.2548150865)
continue (0.9656525208) (-21.3491710537)
continue (0.9668727920) (-21.4610406492)
continue (0.9680930657) (-21.6007226882)
continue (0.9693133303) (-21.7913436995)
continue (0.9705335740) (-22.1066877406)
continue (0.9716099949) (-inf)
continue (0.9718043363) (-21.4327383076)
continue (0.9724931975) (-21.4876478541)
continue (0.9732326966) (-21.5478776150)
continue (0.9739722802) (-21.6148711765)
continue (0.9747119461) (-21.6907404183)
continue (0.9754506480) (-21.7787657774)
continue (0.9761904704) (-21.8844427384)
continue (0.9769303686) (-22.0180690976)
continue (0.9776692914) (-22.2027719423)
continue (0.9784093329) (-22.5123356970)
continue (0.9790220836) (-inf)
continue (0.9792179076) (-21.7718563924)
continue (0.9796262717) (-21.8232664603)
continue (0.9801046187) (-21.8801076561)
continue (0.9805823779) (-21.9437547102)
continue (0.9810606032) (-22.0163254606)
continue (0.9815392951) (-22.1010982851)
continue (0.9820173961) (-22.2035679111)
continue (0.9824949039) (-22.3340336616)
continue (0.9829728762) (-22.5156204287)
continue (0.9834513138) (-22.8221144734)
continue (0.9837787230) (-inf)
continue (0.9839754984) (-22.0381045263)
continue (0.9842532892) (-22.0876822710)
continue (0.9845776371) (-22.1426192513)
continue (0.9849011343) (-22.2043813328)
continue (0.9852259094) (-22.2750829952)
continue (0.9855498328) (-22.3580046524)
continue (0.9858739693) (-22.4586404548)
continue (0.9861983191) (-22.5872908754)
continue (0.9865228824) (-22.7670775481)
continue (0.9868465907) (-23.0717895819)
continue (0.9870824973) (-inf)
continue (0.9872799335) (-22.2439727870)
continue (0.9874069046) (-22.2924434490)
continue (0.9876423407) (-22.3463187013)
continue (0.9878789599) (-22.4070264715)
continue (0.9881146211) (-22.4766802355)
continue (0.9883503948) (-22.5585609616)
continue (0.9885862810) (-22.6581640128)
continue (0.9888222799) (-22.7857868663)
continue (0.9890583914) (-22.9645542513)
continue (0.9892935417) (-23.2682541437)
continue (0.9894406051) (-inf)
continue (0.9896385130) (-21.7783250029)
continue (0.9991962399) (-25.6831912479)
continue (1.0439534549) (-25.8413360192)
continue (1.0951411739) (-25.8716007313)
continue (1.1489937849) (-25.7991495019)
continue (1.2053795910) (-25.8557372262)
continue (1.2645947416) (-25.6912222263)
continue (1.3266370226) (-25.6769542645)
continue (1.3918847882) (-25.6418747147)
continue (1.4601297401) (-25.5127201836)
continue (1.5320561043) (-25.5991167845)
continue (1.6071727880) (-25.5409092104)
continue (1.6862823294) (-25.7833064008)
continue (1.7691069129) (-25.6907958203)
continue (1.8559408774) (-25.7772835289)
continue (1.9471516470) (-25.6836102489)
continue (2.0427414724) (-25.7471469690)
continue (2.1431490377) (-25.7113037394)
continue (2.2483764392) (-25.7430418474)
continue (2.3583513737) (-25.7002748460)
continue (2.4742518893) (-25.7670038896)
continue (2.5962021961) (-25.8241983672)
continue (2.7234517956) (-25.7537476877)
continue (2.8575320502) (-25.7244583116)
continue (2.9972889909) (-25.6842395093)
continue (2.9978885086) (-25.7139928779)
continue (3.1444684983) (-26.0100165417)
continue (3.2993011253) (-25.7559704110)
continue (3.3154824080) (-25.7473435378)
continue (3.3316770164) (-25.7614245310)
continue (3.3478830047) (-25.7754384515)
continue (3.3640859670) (-25.7893818856)
continue (3.3802960540) (-25.8032602338)
continue (3.3964985345) (-25.8170720308)
continue (3.4127037129) (-25.8308194967)
continue (3.4289094326) (-25.8445030301)
continue (3.4451134960) (-25.8581145828)
continue (3.4609455785) (-25.8716007313)
continue (3.4783173495) (-25.8427125097)
continue (3.4953146235) (-25.8366865293)
continue (3.5123163736) (-25.8306900796)
continue (3.5293202949) (-25.8247201816)
continue (3.5463240368) (-25.8187825902)
continue (3.5537279767) (-298.8931294555)
continue (3.5544387934) (-25.8164454664)
continue (3.5633252031) (-25.8130719031)
continue (3.5803213519) (-25.8072068168)
continue (3.5973241965) (-25.8013841455)
continue (3.6143172719) (-25.7955978176)
continue (3.6319927095) (-25.7899491501)
continue (3.6491549368) (-25.9145667026)
continue (3.6669965225) (-26.0615898629)
continue (3.6848197184) (-26.2079173299)
continue (3.7026665643) (-26.3535590221)
continue (3.7204896494) (-26.4985299279)
continue (3.7383317846) (-26.6428430077)
continue (3.7481524197) (-121.6474316138)
continue (3.7489021252) (-26.7217037919)
continue (3.7561600736) (-26.7857576955)
continue (3.7740029190) (-26.9285635570)
continue (3.7918425237) (-27.0706505670)
continue (3.8096445268) (-27.2119023666)
continue (3.8125294258) (-27.2161399952)
continue (3.8153867477) (-27.2203977374)
continue (3.8182323571) (-27.2246524653)
continue (3.8210822144) (-27.2289044101)
continue (3.8239363290) (-27.2331530754)
continue (3.8267947105) (-27.2373987011)
continue (3.8296412741) (-27.2416407849)
continue (3.8324920757) (-27.2458803408)
continue (3.8353471248) (-27.2501161112)
continue (3.8381459698) (-71.6861327796)
continue (3.8389136758) (-27.2543007734)
continue (3.8430948760) (-27.2615389398)
continue (3.8479632917) (-27.2687618737)
continue (3.8528440576) (-27.2759757663)
continue (3.8577372208) (-27.2831814494)
continue (3.8626100831) (-27.2903773180)
continue (3.8674952713) (-27.2975642934)
continue (3.8723763766) (-27.3047425334)
continue (3.8772533211) (-27.3119113648)
continue (3.8821260270) (-27.3190710240)
continue (3.8872689984) (-51.9461535731)
continue (3.8880465300) (-27.3261500227)
continue (3.8899644875) (-27.3305259835)
continue (3.8929224712) (-27.3348516429)
continue (3.8958849568) (-27.3391752983)
continue (3.8988519547) (-27.3434954961)
continue (3.9018067686) (-27.3478116978)
continue (3.9047660647) (-27.3521253036)
continue (3.9077130959) (-27.3564358031)
continue (3.9106813613) (-27.3607426715)
continue (3.9136373315) (-27.3650463757)
continue (3.9156676117) (-42.4368750397)
continue (3.9164508235) (-27.3693687560)
continue (3.9185008743) (-27.3721069596)
continue (3.9204226914) (-27.3748841581)
continue (3.9223295118) (-27.3776595422)
continue (3.9242381880) (-27.3804329622)
continue (3.9261487226) (-27.3832063651)
continue (3.9280611185) (-27.3859775238)
continue (3.9299753783) (-27.3887473441)
continue (3.9318915048) (-27.3915156864)
continue (3.9338095006) (-27.3942845617)
continue (3.9359648088) (-37.3101585909)
continue (3.9367520805) (-27.3970722871)
continue (3.9370216616) (-27.3989128313)
continue (3.9383148035) (-27.4007863444)
continue (3.9396087952) (-27.4026602914)
continue (3.9409036375) (-27.4045335405)
continue (3.9421993313) (-27.4064049405)
continue (3.9434958773) (-27.4082766561)
continue (3.9447932764) (-27.4101486564)
continue (3.9460915295) (-27.4120186670)
continue (3.9473906374) (-27.4139530867)
continue (3.9479023104) (-34.3135424895)
continue (3.9486919698) (-27.4157818879)
continue (3.9496318982) (-27.4171097641)
continue (3.9505736443) (-27.4184690309)
continue (3.9515158397) (-27.4198279978)
continue (3.9524584845) (-27.4211877942)
continue (3.9534015792) (-27.4225461164)
continue (3.9543451241) (-27.4239052424)
continue (3.9552891195) (-27.4252628539)
continue (3.9562335657) (-27.4266224029)
continue (3.9571784630) (-27.4287175216)
continue (3.9581922382) (-32.4197594917)
continue (3.9589839558) (-27.4293403300)
continue (3.9963853212) (-27.5374522712)
continue (3.9971846782) (-27.5374522712)
continue (4.1935893733) (-27.9905491042)
continue (4.3980066159) (-28.1246493034)
continue (4.6140099788) (-28.2226456869)
continue (4.8420136600) (-28.1882239784)
continue (5.0795260358) (-28.2797579817)
continue (5.3290466130) (-28.2719710456)
continue (5.5905949130) (-28.2642414626)
continue (5.8640088212) (-28.2423762541)
continue (6.1530517948) (-28.2267256517)
continue (6.4537320879) (-28.2071182546)
continue (6.7752191139) (-28.1864857285)
continue (7.1026264288) (-28.1651344201)
continue (7.4571765206) (-28.1432711096)
continue (7.8220340843) (-28.1211336630)
continue (8.2022229596) (-28.0986506746)
continue (8.6049761172) (-28.0758758468)
continue (9.0313872232) (-28.0528114345)
continue (9.4736144175) (-28.0294671702)
continue (9.9396484600) (-28.0058588889)
continue (10.4275886350) (-27.9821322810)
continue (10.9395794816) (-27.9578184055)
continue (11.4769139901) (-27.9336740746)
continue (12.0410540541) (-27.9090369234)
continue (12.6319236321) (-27.8843894883)
continue (13.2528646134) (-27.8591778199)
continue (13.9039818556) (-27.8341623753)
continue (14.5849387135) (-27.8088285443)
continue (15.3025519868) (-27.7835701691)
continue (16.0547387388) (-27.7579557606)
continue (16.8410085163) (-27.7325935812)
continue (17.6704861512) (-27.7068585165)
continue (18.5367569328) (-27.6813107301)
continue (19.4465849513) (-27.6558042841)
continue (20.4045448011) (-27.6304131093)
continue (21.4063183185) (-27.6051982228)
continue (22.4560613804) (-27.5803746391)
continue (23.5591254089) (-27.5557990111)
continue (24.7156759104) (-27.5316526696)
continue (25.9324692890) (-27.5082182244)
continue (27.2019991288) (-27.4855850794)
continue (28.5395230447) (-27.4624327428)
continue (29.9463348937) (-27.4365189146)
continue (31.4121672119) (-27.4092695942)
continue (32.9572141344) (-27.3803849943)
continue (34.5700671782) (-27.3503731132)
continue (36.2765513860) (-27.3089185079)
continue (38.0487252951) (-27.2680890579)
continue (39.9153294269) (-27.2536772349)
continue (41.8780777030) (-27.2136035386)
continue (43.9376552949) (-27.1555849595)
continue (46.0934229042) (-27.1012748184)
continue (48.3687351813) (-27.0505124101)
continue (50.7386954798) (-27.0045842015)
continue (53.2282109122) (-26.9633711046)
continue (55.8374369373) (-26.9237237446)
continue (58.6023775445) (-26.8867253075)
continue (61.4475368049) (-26.8551145817)
continue (64.4916469085) (-26.8259401923)
continue (67.6515939730) (-26.7964232250)
continue (70.9709478829) (-26.7692956864)
continue (74.4499159164) (-26.7449688367)
continue (78.0862871308) (-26.7242280998)
continue (81.9484685986) (-26.7061956401)
continue (85.9685821525) (-26.6910089710)
continue (90.2244525561) (-26.6788159727)
continue (94.6279305105) (-26.6687752190)
continue (99.2773690834) (-26.6593576224)
continue (104.1567002876) (-26.6540384582)
continue (109.2777276432) (-26.6501399178)
continue (114.6391962280) (-26.6474316138)
continue (120.2675162751) (-26.6460837691)
continue (126.1793091687) (-26.6462760624)
continue (132.3746325997) (-26.6482036931)
continue (138.8703094813) (-26.6507224725)
continue (145.6861663975) (-26.6530605373)
continue (152.8458522000) (-26.6558042841)
continue (160.3496341398) (-26.6591594502)
continue (168.2235500861) (-26.6635402662)
continue (176.4995101330) (-26.6681679556)
continue (185.1792259330) (-26.6726410656)
continue (194.2585740389) (-26.6765416332)
continue (203.8172603034) (-26.6804775509)
continue (213.8120532183) (-26.6846595234)
continue (224.3394807525) (-26.6890943706)
continue (235.3478746943) (-26.6931462513)
continue (246.8889110855) (-26.6968039426)
continue (259.0298382082) (-26.7004927013)
continue (271.6955786573) (-26.7044329000)
continue (285.0381516473) (-26.7079655640)
continue (299.0702234383) (-26.7115271994)
continue (313.7971662591) (-26.7151182853)
continue (329.2149461042) (-26.7187393129)
continue (345.3076812491) (-26.7223907857)
continue (362.3327915771) (-26.7265357274)
continue (380.1697834028) (-26.7309542903)
continue (398.8039259591) (-26.7366006687)
continue (418.3962216788) (-26.7437634668)
continue (438.9532614723) (-26.7530093008)
continue (460.4684036465) (-26.7652297048)
continue (483.1744277924) (-26.7814644948)
continue (506.8225644140) (-26.7996968170)
continue (531.6610098112) (-26.8153085692)
continue (557.6909246123) (-26.8247781997)
continue (585.2710152964) (-26.8291517964)
continue (614.0613010893) (-26.8335698862)
continue (644.0049263721) (-26.8374355935)
continue (675.5129509388) (-26.8407336689)
continue (709.1571757327) (-26.8443603662)
continue (743.8914047481) (-26.8480176045)
continue (780.1943243292) (-26.8517059026)
continue (818.7484014523) (-26.8554257924)
continue (858.8755615612) (-26.8598063214)
continue (901.3520977413) (-26.8635965519)
continue (945.2976875689) (-26.8674201523)
continue (991.6932972211) (-26.8703101078)
continue (1040.3778637019) (-26.8732194230)
continue (1091.4684043795) (-26.8758219445)
continue (1145.0954647103) (-26.8781120149)
continue (1201.4066853216) (-26.8810742472)
continue (1260.3969167586) (-26.8843894883)
continue (1322.2097661295) (-26.8884014751)
continue (1387.2232772362) (-26.8934691462)
continue (1455.2331057433) (-26.8996294549)
continue (1526.6660593340) (-26.9072793553)
continue (1601.8051868807) (-26.9164973802)
continue (1680.3742777364) (-26.9270152554)
continue (1762.9463548393) (-26.9396799713)
continue (1849.5371845270) (-26.9535048357)
continue (1940.5173995240) (-26.9689957186)
continue (2035.8958239867) (-26.9854794612)
continue (2135.6151179200) (-27.0032257291)
continue (2240.6367612895) (-27.0218651526)
continue (2350.4435667177) (-27.0416272675)
continue (2466.2164298145) (-27.0623818206)
continue (2587.3565326986) (-27.0837566695)
continue (2714.5277653156) (-27.1055177850)
continue (2847.7092838014) (-27.1279020257)
continue (2987.7605600540) (-27.1508263669)
continue (3133.6553329314) (-27.1741845550)
continue (3288.5852429320) (-27.1981848314)
continue (3449.1558320078) (-27.2227182083)
continue (3619.0110040368) (-27.2479515522)
continue (3796.9457117352) (-27.2736803879)
continue (3982.8101871349) (-27.2997290626)
continue (4178.2071105752) (-27.3261500227)
continue (4383.1985128257) (-27.3529105713)
continue (4600.0351883718) (-27.3801764995)
continue (4826.6259047482) (-27.4080454450)
continue (5062.5942823136) (-27.4362816600)
continue (5310.4135828465) (-27.4647058800)
continue (5573.4982924554) (-27.4934949676)
continue (5845.2018654038) (-27.5225893121)
continue (6132.3483904203) (-27.5523769022)
continue (6435.5012063309) (-27.5823622603)
continue (6750.1257097515) (-27.6127881997)
continue (7080.5514437953) (-27.6439741428)
continue (7426.7886782107) (-27.6755117667)
continue (7795.2692114325) (-27.7073009970)
continue (8180.1343879395) (-27.7392133313)
continue (8580.6682751079) (-27.7715996413)
continue (8995.7252795307) (-27.8043770564)
continue (9442.2025781417) (-27.8374355935)
continue (9905.0757697441) (-27.8709549401)
continue (10391.9143667061) (-27.9048306486)
continue (10902.9309741141) (-27.9381706927)
continue (11438.0189634299) (-27.9718355806)
continue (11999.8284279228) (-28.0057708592)
continue (12588.2990857364) (-28.0397195356)
continue (13206.7676929921) (-28.0744300905)
continue (13855.3591427164) (-28.1092996023)
continue (14536.0818442568) (-28.1442386277)
continue (15251.3300555055) (-28.1796014773)
continue (15998.3667629294) (-28.2150262900)
continue (16785.1716856964) (-28.2508823376)
continue (17609.0235906562) (-28.2870137664)
continue (18476.6214682980) (-28.3235807683)
continue (19380.4119697247) (-28.3610118407)
continue (20336.2412590149) (-28.3988094674)
continue (21331.1556839058) (-28.4371126187)
continue (22378.8548825259) (-28.4763835809)
continue (23480.2105337917) (-28.5162701010)
continue (24635.4952910640) (-28.5572067741)
continue (25844.2135795932) (-28.5989442742)
continue (27112.9714613644) (-28.6413039004)
continue (28441.5409118744) (-28.6852903070)
continue (29838.4731767013) (-28.7300203234)
continue (31304.2587020425) (-28.7759851886)
continue (32838.4493987912) (-28.8230410194)
continue (34452.4374599794) (-28.8709549401)
continue (36147.0436658650) (-28.9204569926)
continue (37922.0545491659) (-28.9706162223)
continue (39793.3175029020) (-29.0225050309)
continue (41743.7916086329) (-29.0767041593)
continue (43789.8592415404) (-29.1324735888)
continue (45953.9571768258) (-29.1895658441)
continue (48189.6864524831) (-29.2484129949)
continue (50569.7542073505) (-29.3086532359)
continue (53042.3149485714) (-29.3711004356)
continue (55666.8888708892) (-29.4352156155)
continue (58377.1281753015) (-29.5010006364)
continue (61241.0598666973) (-29.5700863022)
continue (64264.2433580011) (-29.6414940885)
continue (67401.4031668977) (-29.7157949323)
continue (70750.5412124578) (-29.7931741240)
continue (74207.4080469427) (-29.8722474842)
continue (77819.5534429083) (-29.9550684539)
continue (81654.7464889298) (-30.0403862889)
continue (85725.9615067221) (-30.1281936355)
continue (89868.5375558636) (-30.2208365762)
continue (94314.5281325250) (-30.3162327386)
continue (98943.2107292569) (-30.4153296155)
continue (103800.7712514473) (-30.5187007267)
continue (108899.0165889647) (-30.6248853153)
continue (114251.1247262358) (-30.7366006687)
continue (119856.2371190920) (-30.8517059026)
continue (125744.0279862641) (-30.9706162223)
continue (131933.8310143994) (-31.0967471831)
continue (138406.2835383439) (-31.2264329511)
continue (145198.6887852862) (-31.3615107430)
continue (152334.8329683143) (-31.5036239460)
continue (159815.3228369794) (-31.6491707264)
continue (167666.4159735890) (-31.8041003476)
continue (175886.3097503294) (-31.9633711046)
continue (184541.7113844586) (-32.1249387366)
continue (193598.2517137149) (-32.2998156704)
continue (203090.4771153235) (-32.4779471991)
continue (213112.0137550178) (-32.6613443344)
continue (223568.9329775408) (-32.8504729862)
continue (234560.3528485087) (-33.0300718106)
continue (246022.4003284170) (-33.1974999322)
continue (258149.2835174097) (-33.2304749798)
continue (270807.4207478325) (-33.2510371387)
continue (284149.3516733571) (-33.2719710456)
continue (298091.9106367211) (-33.2946495371)
continue (312720.3057022843) (-33.3183970013)
continue (328029.8671045559) (-33.3398937783)
continue (344134.0524231330) (-33.3610118407)
continue (361040.7966784692) (-33.3876400520)
continue (378747.7019187267) (-33.4227380464)
continue (397412.5472378789) (-33.4709548292)
continue (416865.0369700166) (-33.5389519083)
continue (437478.1424946981) (-33.6256183019)
continue (458845.4032308441) (-33.7384992268)
continue (481387.7289046257) (-33.8016178700)
continue (505136.9017829581) (-33.8371370067)
continue (529806.3783816607) (-33.8725712221)
continue (555989.6100161417) (-33.9079815292)
continue (583397.5485380642) (-33.9434762759)
continue (611999.3088089029) (-33.9788107009)
continue (3672982.5506507708) (-35.0543345006)
continue (3709712.3761572787) (-50.0000000000)
continue (7354000.0000000000) (-50.0000000000)
f(nu) = -24.5868213831 at 1.0000000000 Ryd
