# Puchwein et al 2019
# z = 8.521000
# E [Ryd] log (J_nu)
interpolate (0.0000000100) (-50.0000000000)
continue (0.0007810860) (-50.0000000000)
continue (0.0007889757) (-18.1089645847)
continue (0.0008276721) (-18.1302404052)
continue (0.0008678733) (-18.1531064567)
continue (0.0009112670) (-18.1781590728)
continue (0.0009556071) (-18.2047458174)
continue (0.0010026042) (-18.2320282786)
continue (0.0010517855) (-18.2602694714)
continue (0.0011034960) (-18.2896287357)
continue (0.0011577525) (-18.3202996191)
continue (0.0012145368) (-18.3517375943)
continue (0.0012741429) (-18.3835244861)
continue (0.0013367566) (-18.4157818879)
continue (0.0014023807) (-18.4486720120)
continue (0.0014712092) (-18.4824082693)
continue (0.0015434739) (-18.5169835799)
continue (0.0016194544) (-18.5519123333)
continue (0.0016988571) (-18.5872035713)
continue (0.0017822550) (-18.6225116166)
continue (0.0018700328) (-18.6579723119)
continue (0.0019618234) (-18.6940041172)
continue (0.0020579652) (-18.7302536269)
continue (0.0021594004) (-18.7670038896)
continue (0.0022651429) (-18.8043770564)
continue (0.0023768048) (-18.8422411140)
continue (0.0024932065) (-18.8800845897)
continue (0.0026155768) (-18.9179330657)
continue (0.0027439535) (-18.9558523791)
continue (0.0028792005) (-18.9935339578)
continue (0.0030204407) (-19.0316571690)
continue (0.0031685222) (-19.0695604052)
continue (0.0033245785) (-19.1075158206)
continue (0.0034874358) (-19.1455117750)
continue (0.0036582375) (-19.1834935630)
continue (0.0038385298) (-19.2214146721)
continue (0.0040268094) (-19.2594004872)
continue (0.0042246962) (-19.2973110318)
continue (0.0044322323) (-19.3350761066)
continue (0.0046493213) (-19.3727365834)
continue (0.0048783028) (-19.4102737437)
continue (0.0051194774) (-19.4478186612)
continue (0.0053698702) (-19.4853194559)
continue (0.0056320579) (-19.5227340046)
continue (0.0059096431) (-19.5601937886)
continue (0.0061990950) (-19.5975666538)
continue (0.0065044038) (-19.6346992514)
continue (0.0068259698) (-19.6718243386)
continue (0.0071584208) (-19.7086311495)
continue (0.0075125059) (-19.7449688367)
continue (0.0078829323) (-19.7809396676)
continue (0.0082692103) (-19.8158766458)
continue (0.0086704755) (-19.8495505905)
continue (0.0090944807) (-19.8810742472)
continue (0.0095460609) (-19.9104481171)
continue (0.0100150233) (-19.9381706927)
continue (0.0105069407) (-19.9641701747)
continue (0.0110229463) (-19.9880068853)
continue (0.0115643017) (-20.0094835560)
continue (0.0121324320) (-20.0280750508)
continue (0.0127271923) (-20.0435914288)
continue (0.0133518970) (-20.0560605355)
continue (0.0140087159) (-20.0652491253)
continue (0.0146954841) (-20.0710923098)
continue (0.0154190689) (-20.0731432911)
continue (0.0161744226) (-20.0705299838)
continue (0.0169695898) (-20.0627329278)
continue (0.0178051382) (-20.0491971770)
continue (0.0186773308) (-20.0296531238)
continue (0.0195971392) (-20.0037948938)
continue (0.0205564397) (-19.9738754833)
continue (0.0215684490) (-19.9476909004)
continue (0.0226289290) (-19.9248181454)
continue (0.0237370922) (-19.9013562742)
continue (0.0249048093) (-19.8777841217)
continue (0.0261257732) (-19.8535618647)
continue (0.0274065254) (-19.8291517964)
continue (0.0287556633) (-19.8057632513)
continue (0.0301644148) (-19.7835701691)
continue (0.0316522046) (-19.7612014373)
continue (0.0332094377) (-19.7382614526)
continue (0.0348343643) (-19.7126462273)
continue (0.0365530273) (-19.6825635035)
continue (0.0383368519) (-19.6503340159)
continue (0.0402325373) (-19.6245192854)
continue (0.0422078263) (-19.6062493597)
continue (0.0442792503) (-19.5893914574)
continue (0.0464458191) (-19.5741398549)
continue (0.0487308541) (-19.5606673062)
continue (0.0511373160) (-19.5505216008)
continue (0.0536354897) (-19.5457651043)
continue (0.0562510476) (-19.5457651043)
continue (0.0590198815) (-19.5463759264)
continue (0.0619488083) (-19.5431786520)
continue (0.0649513165) (-19.5379016189)
continue (0.0681575894) (-19.5323918944)
continue (0.0715280197) (-19.5265130299)
continue (0.0750013968) (-19.5207126835)
continue (0.0786931754) (-19.5154154707)
continue (0.0825422981) (-19.5107448316)
continue (0.0866223356) (-19.5073792780)
continue (0.0908541347) (-19.5041782466)
continue (0.0953507346) (-19.4979827852)
continue (0.1000293052) (-19.4925489391)
continue (0.1049484016) (-19.4871822414)
continue (0.1100962874) (-19.4775557665)
continue (0.1155110877) (-19.4703130462)
continue (0.1211791185) (-19.4652126414)
continue (0.1271298787) (-19.4585455713)
continue (0.1333821679) (-19.4505062868)
continue (0.1399365741) (-19.4433357379)
continue (0.1467891383) (-19.4358075394)
continue (0.1540082763) (-19.4274769022)
continue (0.1615721579) (-19.4196453389)
continue (0.1695065050) (-19.4129628823)
continue (0.1778428905) (-19.4078232426)
continue (0.1865820989) (-19.4014283365)
continue (0.1957188511) (-19.3973974796)
continue (0.2053328010) (-19.4001169279)
continue (0.2154295439) (-19.4077121840)
continue (0.2260086733) (-19.4215900297)
continue (0.2371238540) (-19.4362816600)
continue (0.2487761318) (-19.4316809149)
continue (0.2609584682) (-19.4196453389)
continue (0.2738182004) (-19.4157818879)
continue (0.2872846692) (-19.4107207788)
continue (0.3013448978) (-19.4042833801)
continue (0.3161925645) (-19.3966390757)
continue (0.3317316967) (-19.3879582554)
continue (0.3479446242) (-19.3784083241)
continue (0.3650909338) (-19.3673402867)
continue (0.3830462256) (-19.3557584142)
continue (0.4017931970) (-19.3451499094)
continue (0.4214925859) (-19.3133637307)
continue (0.4421479723) (-19.2997290626)
continue (0.4639852194) (-19.2850000326)
continue (0.4867879118) (-19.2707541928)
continue (0.5105137091) (-19.2608233681)
continue (0.5357242627) (-19.2564902353)
continue (0.5621634613) (-19.2569608452)
continue (0.5898168096) (-19.2511145600)
continue (0.6186469591) (-19.2474905992)
continue (0.6490505490) (-19.2500319165)
continue (0.6810664954) (-19.2549252084)
continue (0.7141590680) (-19.2653601610)
continue (0.7493222477) (-19.2600323032)
continue (0.7494721272) (-19.5528419687)
continue (0.7862527790) (-19.6237881497)
continue (0.8246759917) (-19.7980569366)
continue (0.8288690942) (-19.8252832844)
continue (0.8329222993) (-19.8544928286)
continue (0.8369692137) (-19.8858729466)
continue (0.8410245965) (-19.9197776960)
continue (0.8450724461) (-19.9566495129)
continue (0.8491277985) (-19.9965050014)
continue (0.8531743306) (-20.0404940180)
continue (0.8572273582) (-20.0902482614)
continue (0.8612783740) (-20.1473742494)
continue (0.8654007320) (-20.2142432000)
continue (0.8695793374) (-20.3019725682)
continue (0.8738320076) (-20.4122329282)
continue (0.8780757090) (-20.5607399579)
continue (0.8823266565) (-20.7888741169)
continue (0.8865758338) (-21.3013280239)
continue (0.8880856269) (-inf)
continue (0.8882632618) (-19.9796387174)
continue (0.8908313008) (-20.0018837058)
continue (0.8950838547) (-20.0437801682)
continue (0.8993328242) (-20.0899041126)
continue (0.9035775261) (-20.1415446163)
continue (0.9076364251) (-20.2002460336)
continue (0.9122887342) (-20.2727817374)
continue (0.9167472861) (-20.3596189493)
continue (0.9212067921) (-20.4678828838)
continue (0.9256657008) (-20.6119503340)
continue (0.9301243111) (-20.8283320411)
continue (0.9345829462) (-21.2774220129)
continue (0.9369417514) (-inf)
continue (0.9371291585) (-20.4378261366)
continue (0.9390419537) (-20.4786304415)
continue (0.9435007297) (-20.5860903046)
continue (0.9479596448) (-20.7283790804)
continue (0.9524111317) (-20.9400581119)
continue (0.9531313595) (-20.9949096172)
continue (0.9538446901) (-21.0549866285)
continue (0.9545580893) (-21.1218299186)
continue (0.9552715550) (-21.1975519467)
continue (0.9559850851) (-21.2854338740)
continue (0.9566986776) (-21.3909682972)
continue (0.9574113244) (-21.5244566496)
continue (0.9581250337) (-21.7090221017)
continue (0.9588387990) (-22.0184518355)
continue (0.9594354567) (-inf)
continue (0.9596273630) (-20.9473060581)
continue (0.9607716931) (-21.0089667407)
continue (0.9619918385) (-21.0759441228)
continue (0.9632120325) (-21.1495455338)
continue (0.9644322638) (-21.2318852910)
continue (0.9656525208) (-21.3262439045)
continue (0.9668727920) (-21.4381154453)
continue (0.9680930657) (-21.5778009712)
continue (0.9693133303) (-21.7684233783)
continue (0.9705335740) (-22.0837708899)
continue (0.9716099949) (-inf)
continue (0.9718043363) (-21.4098271684)
continue (0.9724931975) (-21.4647084123)
continue (0.9732326966) (-21.5249407408)
continue (0.9739722802) (-21.5919331084)
continue (0.9747119461) (-21.6678040047)
continue (0.9754506480) (-21.7558293006)
continue (0.9761904704) (-21.8615078329)
continue (0.9769303686) (-21.9951371708)
continue (0.9776692914) (-22.1798392781)
continue (0.9784093329) (-22.4894040570)
continue (0.9790220836) (-inf)
continue (0.9792179076) (-21.7488486568)
continue (0.9796262717) (-21.8003215988)
continue (0.9801046187) (-21.8571633283)
continue (0.9805823779) (-21.9208115158)
continue (0.9810606032) (-21.9933842268)
continue (0.9815392951) (-22.0781554389)
continue (0.9820173961) (-22.1806252090)
continue (0.9824949039) (-22.3110918713)
continue (0.9829728762) (-22.4926785583)
continue (0.9834513138) (-22.7991713813)
continue (0.9837787230) (-inf)
continue (0.9839754984) (-22.0151577686)
continue (0.9842532892) (-22.0647331237)
continue (0.9845776371) (-22.1196701153)
continue (0.9849011343) (-22.1814323495)
continue (0.9852259094) (-22.2521339355)
continue (0.9855498328) (-22.3350554398)
continue (0.9858739693) (-22.4356914587)
continue (0.9861983191) (-22.5643419366)
continue (0.9865228824) (-22.7441295454)
continue (0.9868465907) (-23.0488417740)
continue (0.9870824973) (-inf)
continue (0.9872799335) (-22.2209810281)
continue (0.9874069046) (-22.2694906568)
continue (0.9876423407) (-22.3233658242)
continue (0.9878789599) (-22.3840730833)
continue (0.9881146211) (-22.4537276209)
continue (0.9883503948) (-22.5356088283)
continue (0.9885862810) (-22.6352108177)
continue (0.9888222799) (-22.7628334173)
continue (0.9890583914) (-22.9416005503)
continue (0.9892935417) (-23.2453008533)
continue (0.9894406051) (-inf)
continue (0.9896385130) (-21.7552282385)
continue (0.9991962399) (-25.5922692720)
continue (1.0439534549) (-25.7544873322)
continue (1.0951411739) (-25.7862167007)
continue (1.1489937849) (-25.7166987713)
continue (1.2053795910) (-25.7700623141)
continue (1.2645947416) (-25.6029294500)
continue (1.3266370226) (-25.5900668767)
continue (1.3918847882) (-25.5557990111)
continue (1.4601297401) (-25.4302750508)
continue (1.5320561043) (-25.5139948136)
continue (1.6071727880) (-25.4546928835)
continue (1.6862823294) (-25.7293211639)
continue (1.7691069129) (-25.6066003047)
continue (1.8559408774) (-25.6933605590)
continue (1.9471516470) (-25.6001532873)
continue (2.0427414724) (-25.6693833327)
continue (2.1431490377) (-25.6328305115)
continue (2.2483764392) (-25.6609462643)
continue (2.3583513737) (-25.6221475810)
continue (2.4742518893) (-25.6838199011)
continue (2.5962021961) (-25.7589518493)
continue (2.7234517956) (-25.6740740442)
continue (2.8575320502) (-25.6371406970)
continue (2.9972889909) (-25.6073030467)
continue (2.9978885086) (-25.6401645177)
continue (3.1444684983) (-25.9336740746)
continue (3.2993011253) (-25.6825635035)
continue (3.3154824080) (-25.6733323993)
continue (3.3316770164) (-25.6867467070)
continue (3.3478830047) (-25.7000962862)
continue (3.3640859670) (-25.7133818788)
continue (3.3802960540) (-25.7266028319)
continue (3.3964985345) (-25.7397616078)
continue (3.4127037129) (-25.7528593155)
continue (3.4289094326) (-25.7658929084)
continue (3.4451134960) (-25.7788623380)
continue (3.4609455785) (-25.7918274733)
continue (3.4783173495) (-25.7640097296)
continue (3.4953146235) (-25.7591663071)
continue (3.5123163736) (-25.7543442360)
continue (3.5293202949) (-25.7495482807)
continue (3.5463240368) (-25.7447733395)
continue (3.5537279767) (-inf)
continue (3.5544387934) (-25.7428015739)
continue (3.5633252031) (-25.7402484851)
continue (3.5803213519) (-25.7355410903)
continue (3.5973241965) (-25.7308724880)
continue (3.6143172719) (-25.7262327293)
continue (3.6319927095) (-25.7217037919)
continue (3.6491549368) (-25.8399788995)
continue (3.6669965225) (-25.9806593474)
continue (3.6848197184) (-26.1206752726)
continue (3.7026665643) (-26.2600394164)
continue (3.7204896494) (-26.3987637775)
continue (3.7383317846) (-26.5368643283)
continue (3.7481524197) (-134.5611413406)
continue (3.7489021252) (-26.6120765330)
continue (3.7561600736) (-26.6735146200)
continue (3.7740029190) (-26.8101561063)
continue (3.7918425237) (-26.9460998651)
continue (3.8096445268) (-27.0811836096)
continue (3.8125294258) (-27.0855262039)
continue (3.8153867477) (-27.0898533683)
continue (3.8182323571) (-27.0941776851)
continue (3.8210822144) (-27.0984980879)
continue (3.8239363290) (-27.1028156749)
continue (3.8267947105) (-27.1071304837)
continue (3.8296412741) (-27.1114414364)
continue (3.8324920757) (-27.1157496863)
continue (3.8353471248) (-27.1200547213)
continue (3.8381459698) (-77.6518899315)
continue (3.8389136758) (-27.1243022380)
continue (3.8430948760) (-27.1316530288)
continue (3.8479632917) (-27.1389933953)
continue (3.8528440576) (-27.1463249026)
continue (3.8577372208) (-27.1536468032)
continue (3.8626100831) (-27.1609596101)
continue (3.8674952713) (-27.1682632848)
continue (3.8723763766) (-27.1755578389)
continue (3.8772533211) (-27.1828433371)
continue (3.8821260270) (-27.1901199010)
continue (3.8872689984) (-55.1949071217)
continue (3.8880465300) (-27.1973630819)
continue (3.8899644875) (-27.2017541482)
continue (3.8929224712) (-27.2061509686)
continue (3.8958849568) (-27.2105448002)
continue (3.8988519547) (-27.2149343818)
continue (3.9018067686) (-27.2193212863)
continue (3.9047660647) (-27.2237049768)
continue (3.9077130959) (-27.2280849010)
continue (3.9106813613) (-27.2324619745)
continue (3.9136373315) (-27.2368356583)
continue (3.9156676117) (-44.3759242689)
continue (3.9164508235) (-27.2411637753)
continue (3.9185008743) (-27.2440078245)
continue (3.9204226914) (-27.2468292186)
continue (3.9223295118) (-27.2496497696)
continue (3.9242381880) (-27.2524693407)
continue (3.9261487226) (-27.2552870108)
continue (3.9280611185) (-27.2581034097)
continue (3.9299753783) (-27.2609183928)
continue (3.9318915048) (-27.2637326100)
continue (3.9338095006) (-27.2665507406)
continue (3.9359648088) (-38.5424208530)
continue (3.9367520805) (-27.2693792021)
continue (3.9370216616) (-27.2712462019)
continue (3.9383148035) (-27.2731505865)
continue (3.9396087952) (-27.2750543587)
continue (3.9409036375) (-27.2769582954)
continue (3.9421993313) (-27.2788607112)
continue (3.9434958773) (-27.2807632072)
continue (3.9447932764) (-27.2826649151)
continue (3.9460915295) (-27.2845657879)
continue (3.9473906374) (-27.2866959832)
continue (3.9479023104) (-35.1324735888)
continue (3.9486919698) (-27.2883614618)
continue (3.9496318982) (-27.2897362016)
continue (3.9505736443) (-27.2911187029)
continue (3.9515158397) (-27.2924996573)
continue (3.9524584845) (-27.2938815991)
continue (3.9534015792) (-27.2952619525)
continue (3.9543451241) (-27.2966424078)
continue (3.9552891195) (-27.2980229520)
continue (3.9562335657) (-27.2994104948)
continue (3.9571784630) (-27.3026398653)
continue (3.9581922382) (-32.9771593891)
continue (3.9589839558) (-27.3021606318)
continue (3.9963853212) (-27.4336803785)
continue (3.9971846782) (-27.4336803785)
continue (4.1935893733) (-27.8077113874)
continue (4.3980066159) (-27.9175736991)
continue (4.6140099788) (-27.9800533183)
continue (4.8420136600) (-27.9515581964)
continue (5.0795260358) (-28.0005649501)
continue (5.3290466130) (-27.9888526392)
continue (5.5905949130) (-27.9755143323)
continue (5.8640088212) (-27.9542859411)
continue (6.1530517948) (-27.9359165640)
continue (6.4537320879) (-27.9157813133)
continue (6.7752191139) (-27.8944898152)
continue (7.1026264288) (-27.8728952016)
continue (7.4571765206) (-27.8507808873)
continue (7.8220340843) (-27.8285660991)
continue (8.2022229596) (-27.8060410220)
continue (8.6049761172) (-27.7830427926)
continue (9.0313872232) (-27.7599502279)
continue (9.4736144175) (-27.7366006687)
continue (9.9396484600) (-27.7128703793)
continue (10.4275886350) (-27.6890943706)
continue (10.9395794816) (-27.6649434806)
continue (11.4769139901) (-27.6405439799)
continue (12.0410540541) (-27.6161846340)
continue (12.6319236321) (-27.5914208746)
continue (13.2528646134) (-27.5663901567)
continue (13.9039818556) (-27.5413621510)
continue (14.5849387135) (-27.5161275458)
continue (15.3025519868) (-27.4909319550)
continue (16.0547387388) (-27.4654662440)
continue (16.8410085163) (-27.4399737511)
continue (17.6704861512) (-27.4145392705)
continue (18.5367569328) (-27.3891269996)
continue (19.4465849513) (-27.3638131048)
continue (20.4045448011) (-27.3386606600)
continue (21.4063183185) (-27.3137213219)
continue (22.4560613804) (-27.2891213823)
continue (23.5591254089) (-27.2648803659)
continue (24.7156759104) (-27.2412394561)
continue (25.9324692890) (-27.2183164155)
continue (27.2019991288) (-27.1961333657)
continue (28.5395230447) (-27.1748985884)
continue (29.9463348937) (-27.1547158737)
continue (31.4121672119) (-27.1356075948)
continue (32.9572141344) (-27.1176462536)
continue (34.5700671782) (-27.0977794717)
continue (36.2765513860) (-27.0749458797)
continue (38.0487252951) (-27.0624821080)
continue (39.9153294269) (-27.0445046708)
continue (41.8780777030) (-27.0169603840)
continue (43.9376552949) (-26.9880068853)
continue (46.0934229042) (-26.9578184055)
continue (48.3687351813) (-26.9200955323)
continue (50.7386954798) (-26.8758219445)
continue (53.2282109122) (-26.8362424760)
continue (55.8374369373) (-26.7986028757)
continue (58.6023775445) (-26.7634627385)
continue (61.4475368049) (-26.7337683033)
continue (64.4916469085) (-26.7059749059)
continue (67.6515939730) (-26.6784015695)
continue (70.9709478829) (-26.6530605373)
continue (74.4499159164) (-26.6305985863)
continue (78.0862871308) (-26.6113660306)
continue (81.9484685986) (-26.5948244538)
continue (85.9685821525) (-26.5808706923)
continue (90.2244525561) (-26.5699249444)
continue (94.6279305105) (-26.5603515704)
continue (99.2773690834) (-26.5529971015)
continue (104.1567002876) (-26.5485205949)
continue (109.2777276432) (-26.5453075508)
continue (114.6391962280) (-26.5431786520)
continue (120.2675162751) (-26.5424208530)
continue (126.1793091687) (-26.5431786520)
continue (132.3746325997) (-26.5454600150)
continue (138.8703094813) (-26.5483670525)
continue (145.6861663975) (-26.5511391544)
continue (152.8458522000) (-26.5542401635)
continue (160.3496341398) (-26.5578339142)
continue (168.2235500861) (-26.5622494372)
continue (176.4995101330) (-26.5671909950)
continue (185.1792259330) (-26.5718652060)
continue (194.2585740389) (-26.5757719293)
continue (203.8172603034) (-26.5797141151)
continue (213.8120532183) (-26.5841922724)
continue (224.3394807525) (-26.5885486579)
continue (235.3478746943) (-26.5926090955)
continue (246.8889110855) (-26.5963648102)
continue (259.0298382082) (-26.6001532873)
continue (271.6955786573) (-26.6039751034)
continue (285.0381516473) (-26.6078308505)
continue (299.0702234383) (-26.6115435473)
continue (313.7971662591) (-26.6151092035)
continue (329.2149461042) (-26.6188849193)
continue (345.3076812491) (-26.6226937489)
continue (362.3327915771) (-26.6267201067)
continue (380.1697834028) (-26.6311554932)
continue (398.8039259591) (-26.6367641955)
continue (418.3962216788) (-26.6439741428)
continue (438.9532614723) (-26.6530605373)
continue (460.4684036465) (-26.6653452331)
continue (483.1744277924) (-26.6817279198)
continue (506.8225644140) (-26.6998394630)
continue (531.6610098112) (-26.7153437172)
continue (557.6909246123) (-26.7249191015)
continue (585.2710152964) (-26.7290883606)
continue (614.0613010893) (-26.7335331046)
continue (644.0049263721) (-26.7373116557)
continue (675.5129509388) (-26.7406450727)
continue (709.1571757327) (-26.7442452134)
continue (743.8914047481) (-26.7478754475)
continue (780.1943243292) (-26.7515362824)
continue (818.7484014523) (-26.7554754884)
continue (858.8755615612) (-26.7597004180)
continue (901.3520977413) (-26.7637147226)
continue (945.2976875689) (-26.7672579373)
continue (991.6932972211) (-26.7703181577)
continue (1040.3778637019) (-26.7734000948)
continue (1091.4684043795) (-26.7757259857)
continue (1145.0954647103) (-26.7783250029)
continue (1201.4066853216) (-26.7812020019)
continue (1260.3969167586) (-26.7846268472)
continue (1322.2097661295) (-26.7886124471)
continue (1387.2232772362) (-26.7939841232)
continue (1455.2331057433) (-26.8002448227)
continue (1526.6660593340) (-26.8077113874)
continue (1601.8051868807) (-26.8170150330)
continue (1680.3742777364) (-26.8276890315)
continue (1762.9463548393) (-26.8401321529)
continue (1849.5371845270) (-26.8541822855)
continue (1940.5173995240) (-26.8696662315)
continue (2035.8958239867) (-26.8863908489)
continue (2135.6151179200) (-26.9037854147)
continue (2240.6367612895) (-26.9226320947)
continue (2350.4435667177) (-26.9423338961)
continue (2466.2164298145) (-26.9629721202)
continue (2587.3565326986) (-26.9846402446)
continue (2714.5277653156) (-27.0062552434)
continue (2847.7092838014) (-27.0287241513)
continue (2987.7605600540) (-27.0516359440)
continue (3133.6553329314) (-27.0750491111)
continue (3288.5852429320) (-27.0990323761)
continue (3449.1558320078) (-27.1235512131)
continue (3619.0110040368) (-27.1488028238)
continue (3796.9457117352) (-27.1745738822)
continue (3982.8101871349) (-27.2005905204)
continue (4178.2071105752) (-27.2270918050)
continue (4383.1985128257) (-27.2538330356)
continue (4600.0351883718) (-27.2810833140)
continue (4826.6259047482) (-27.3090069679)
continue (5062.5942823136) (-27.3372421683)
continue (5310.4135828465) (-27.3657243054)
continue (5573.4982924554) (-27.3944794766)
continue (5845.2018654038) (-27.4235434676)
continue (6132.3483904203) (-27.4533339749)
continue (6435.5012063309) (-27.4833324409)
continue (6750.1257097515) (-27.5137112390)
continue (7080.5514437953) (-27.5450027827)
continue (7426.7886782107) (-27.5765902723)
continue (7795.2692114325) (-27.6081830764)
continue (8180.1343879395) (-27.6403542073)
continue (8580.6682751079) (-27.6726410656)
continue (8995.7252795307) (-27.7055337738)
continue (9442.2025781417) (-27.7384992268)
continue (9905.0757697441) (-27.7721132954)
continue (10391.9143667061) (-27.8057632513)
continue (10902.9309741141) (-27.8392314381)
continue (11438.0189634299) (-27.8728952016)
continue (11999.8284279228) (-27.9069286936)
continue (12588.2990857364) (-27.9408153824)
continue (13206.7676929921) (-27.9755143323)
continue (13855.3591427164) (-28.0103722293)
continue (14536.0818442568) (-28.0453716225)
continue (15251.3300555055) (-28.0807126595)
continue (15998.3667629294) (-28.1162250386)
continue (16785.1716856964) (-28.1519957285)
continue (17609.0235906562) (-28.1881569938)
continue (18476.6214682980) (-28.2247537403)
continue (19380.4119697247) (-28.2621714941)
continue (20336.2412590149) (-28.2999889377)
continue (21331.1556839058) (-28.3383765908)
continue (22378.8548825259) (-28.3775787260)
continue (23480.2105337917) (-28.4174821164)
continue (24635.4952910640) (-28.4584207561)
continue (25844.2135795932) (-28.5001755042)
continue (27112.9714613644) (-28.5427238139)
continue (28441.5409118744) (-28.5867002359)
continue (29838.4731767013) (-28.6315271616)
continue (31304.2587020425) (-28.6773672883)
continue (32838.4493987912) (-28.7244583116)
continue (34452.4374599794) (-28.7723703504)
continue (36147.0436658650) (-28.8218867477)
continue (37922.0545491659) (-28.8722474842)
continue (39793.3175029020) (-28.9240882385)
continue (41743.7916086329) (-28.9783972840)
continue (43789.8592415404) (-29.0340930845)
continue (45953.9571768258) (-29.0911934006)
continue (48189.6864524831) (-29.1500894417)
continue (50569.7542073505) (-29.2103487912)
continue (53042.3149485714) (-29.2727841791)
continue (55666.8888708892) (-29.3369590251)
continue (58377.1281753015) (-29.4028535122)
continue (61241.0598666973) (-29.4718549217)
continue (64264.2433580011) (-29.5433303706)
continue (67401.4031668977) (-29.6176226965)
continue (70750.5412124578) (-29.6950788381)
continue (74207.4080469427) (-29.7744322866)
continue (77819.5534429083) (-29.8569851997)
continue (81654.7464889298) (-29.9423338961)
continue (85725.9615067221) (-30.0301649069)
continue (89868.5375558636) (-30.1228014847)
continue (94314.5281325250) (-30.2182446253)
continue (98943.2107292569) (-30.3173135218)
continue (103800.7712514473) (-30.4207882198)
continue (108899.0165889647) (-30.5269511949)
continue (114251.1247262358) (-30.6386499756)
continue (119856.2371190920) (-30.7539940959)
continue (125744.0279862641) (-30.8725712221)
continue (131933.8310143994) (-30.9986990670)
continue (138406.2835383439) (-31.1286022185)
continue (145198.6887852862) (-31.2636034977)
continue (152334.8329683143) (-31.4057179712)
continue (159815.3228369794) (-31.5514482608)
continue (167666.4159735890) (-31.7061956401)
continue (175886.3097503294) (-31.8655041442)
continue (184541.7113844586) (-32.0269645593)
continue (193598.2517137149) (-32.2017638236)
continue (203090.4771153235) (-32.3798639450)
continue (213112.0137550178) (-32.5632014898)
continue (223568.9329775408) (-32.7520267336)
continue (234560.3528485087) (-32.9303319031)
continue (246022.4003284170) (-32.9892761346)
continue (258149.2835174097) (-33.0172314227)
continue (270807.4207478325) (-33.0452752090)
continue (284149.3516733571) (-33.0740178997)
continue (298091.9106367211) (-33.1033635695)
continue (312720.3057022843) (-33.1313555616)
continue (328029.8671045559) (-33.1590161627)
continue (344134.0524231330) (-33.1896330463)
continue (361040.7966784692) (-33.2248995011)
continue (378747.7019187267) (-33.2672846597)
continue (397412.5472378789) (-33.3200273057)
continue (416865.0369700166) (-33.3769575658)
continue (437478.1424946981) (-33.4421320384)
continue (458845.4032308441) (-33.5011383110)
continue (481387.7289046257) (-33.5365549682)
continue (505136.9017829581) (-33.5718652060)
continue (529806.3783816607) (-33.6073030467)
continue (555989.6100161417) (-33.6426369694)
continue (583397.5485380642) (-33.6781945161)
continue (611999.3088089029) (-33.7135435303)
continue (3672982.5506507708) (-34.7891466347)
continue (3709712.3761572787) (-50.0000000000)
continue (7354000.0000000000) (-50.0000000000)
f(nu) = -24.4959725561 at 1.0000000000 Ryd
