# Puchwein et al 2019
# z = 8.075000
# E [Ryd] log (J_nu)
interpolate (0.0000000100) (-50.0000000000)
continue (0.0007810860) (-50.0000000000)
continue (0.0007889757) (-18.0851281825)
continue (0.0008276721) (-18.1065156538)
continue (0.0008678733) (-18.1295375684)
continue (0.0009112670) (-18.1547158737)
continue (0.0009556071) (-18.1813782736)
continue (0.0010026042) (-18.2087305191)
continue (0.0010517855) (-18.2370215091)
continue (0.0011034960) (-18.2665619729)
continue (0.0011577525) (-18.2972249221)
continue (0.0012145368) (-18.3287345671)
continue (0.0012741429) (-18.3605135107)
continue (0.0013367566) (-18.3928667956)
continue (0.0014023807) (-18.4257371703)
continue (0.0014712092) (-18.4594202835)
continue (0.0015434739) (-18.4940364820)
continue (0.0016194544) (-18.5291486755)
continue (0.0016988571) (-18.5643148621)
continue (0.0017822550) (-18.5996347267)
continue (0.0018700328) (-18.6352614449)
continue (0.0019618234) (-18.6710091446)
continue (0.0020579652) (-18.7073009970)
continue (0.0021594004) (-18.7440042733)
continue (0.0022651429) (-18.7814644948)
continue (0.0023768048) (-18.8193007987)
continue (0.0024932065) (-18.8569851997)
continue (0.0026155768) (-18.8948305720)
continue (0.0027439535) (-18.9325571572)
continue (0.0028792005) (-18.9706162223)
continue (0.0030204407) (-19.0084195428)
continue (0.0031685222) (-19.0462886196)
continue (0.0033245785) (-19.0841782124)
continue (0.0034874358) (-19.1220530484)
continue (0.0036582375) (-19.1599566694)
continue (0.0038385298) (-19.1977737623)
continue (0.0040268094) (-19.2355996770)
continue (0.0042246962) (-19.2733542798)
continue (0.0044322323) (-19.3108688028)
continue (0.0046493213) (-19.3481407308)
continue (0.0048783028) (-19.3853136577)
continue (0.0051194774) (-19.4225082002)
continue (0.0053698702) (-19.4595453863)
continue (0.0056320579) (-19.4966179365)
continue (0.0059096431) (-19.5337256782)
continue (0.0061990950) (-19.5705707356)
continue (0.0065044038) (-19.6073030467)
continue (0.0068259698) (-19.6439741428)
continue (0.0071584208) (-19.6802695057)
continue (0.0075125059) (-19.7160207158)
continue (0.0078829323) (-19.7512912644)
continue (0.0082692103) (-19.7856861026)
continue (0.0086704755) (-19.8184422261)
continue (0.0090944807) (-19.8489367466)
continue (0.0095460609) (-19.8771290771)
continue (0.0100150233) (-19.9034375616)
continue (0.0105069407) (-19.9277501024)
continue (0.0110229463) (-19.9500071431)
continue (0.0115643017) (-19.9694002780)
continue (0.0121324320) (-19.9858996785)
continue (0.0127271923) (-19.9991322785)
continue (0.0133518970) (-20.0093060393)
continue (0.0140087159) (-20.0164188133)
continue (0.0146954841) (-20.0202240673)
continue (0.0154190689) (-20.0201330774)
continue (0.0161744226) (-20.0154726867)
continue (0.0169695898) (-20.0059909669)
continue (0.0178051382) (-19.9909742579)
continue (0.0186773308) (-19.9702105292)
continue (0.0195971392) (-19.9430951487)
continue (0.0205564397) (-19.9122185822)
continue (0.0215684490) (-19.8843894883)
continue (0.0226289290) (-19.8607507824)
continue (0.0237370922) (-19.8365404482)
continue (0.0249048093) (-19.8121973613)
continue (0.0261257732) (-19.7878123956)
continue (0.0274065254) (-19.7629592086)
continue (0.0287556633) (-19.7392133313)
continue (0.0301644148) (-19.7166987713)
continue (0.0316522046) (-19.6944336865)
continue (0.0332094377) (-19.6714165503)
continue (0.0348343643) (-19.6456994377)
continue (0.0365530273) (-19.6152882571)
continue (0.0383368519) (-19.5830268274)
continue (0.0402325373) (-19.5572067741)
continue (0.0422078263) (-19.5391021572)
continue (0.0442792503) (-19.5223000717)
continue (0.0464458191) (-19.5073792780)
continue (0.0487308541) (-19.4941719661)
continue (0.0511373160) (-19.4846561069)
continue (0.0536354897) (-19.4804344991)
continue (0.0562510476) (-19.4812229311)
continue (0.0590198815) (-19.4828041021)
continue (0.0619488083) (-19.4803032328)
continue (0.0649513165) (-19.4753442876)
continue (0.0681575894) (-19.4704413270)
continue (0.0715280197) (-19.4650858956)
continue (0.0750013968) (-19.4599209112)
continue (0.0786931754) (-19.4550642341)
continue (0.0825422981) (-19.4511194374)
continue (0.0866223356) (-19.4484280263)
continue (0.0908541347) (-19.4459956790)
continue (0.0953507346) (-19.4408118110)
continue (0.1000293052) (-19.4366375905)
continue (0.1049484016) (-19.4323855573)
continue (0.1100962874) (-19.4237738626)
continue (0.1155110877) (-19.4175957020)
continue (0.1211791185) (-19.4131877306)
continue (0.1271298787) (-19.4074901521)
continue (0.1333821679) (-19.4013189011)
continue (0.1399365741) (-19.3949105381)
continue (0.1467891383) (-19.3874280459)
continue (0.1540082763) (-19.3800722897)
continue (0.1615721579) (-19.3732491463)
continue (0.1695065050) (-19.3673402867)
continue (0.1778428905) (-19.3630108982)
continue (0.1865820989) (-19.3573376686)
continue (0.1957188511) (-19.3539885904)
continue (0.2053328010) (-19.3576344192)
continue (0.2154295439) (-19.3659259745)
continue (0.2260086733) (-19.3809066694)
continue (0.2371238540) (-19.3967473380)
continue (0.2487761318) (-19.3931888531)
continue (0.2609584682) (-19.3815335078)
continue (0.2738182004) (-19.3774751376)
continue (0.2872846692) (-19.3724293358)
continue (0.3013448978) (-19.3661277373)
continue (0.3161925645) (-19.3591212213)
continue (0.3317316967) (-19.3504704341)
continue (0.3479446242) (-19.3406543643)
continue (0.3650909338) (-19.3299397825)
continue (0.3830462256) (-19.3183066080)
continue (0.4017931970) (-19.2895441357)
continue (0.4214925859) (-19.2773660775)
continue (0.4421479723) (-19.2640021159)
continue (0.4639852194) (-19.2497230848)
continue (0.4867879118) (-19.2392760279)
continue (0.5105137091) (-19.2337359093)
continue (0.5357242627) (-19.2329183786)
continue (0.5621634613) (-19.2306965398)
continue (0.5898168096) (-19.2257020615)
continue (0.6186469591) (-19.2227907419)
continue (0.6490505490) (-19.2262866747)
continue (0.6810664954) (-19.2323989319)
continue (0.7141590680) (-19.2444300194)
continue (0.7493222477) (-19.2405588029)
continue (0.7494721272) (-19.5284149458)
continue (0.7862527790) (-19.5996347267)
continue (0.8246759917) (-19.7741740085)
continue (0.8288690942) (-19.8016426247)
continue (0.8329222993) (-19.8309901510)
continue (0.8369692137) (-19.8625003041)
continue (0.8410245965) (-19.8965281110)
continue (0.8450724461) (-19.9335100802)
continue (0.8491277985) (-19.9734463082)
continue (0.8531743306) (-20.0174976571)
continue (0.8572273582) (-20.0673137063)
continue (0.8612783740) (-20.1245017667)
continue (0.8654007320) (-20.1914514488)
continue (0.8695793374) (-20.2793628221)
continue (0.8738320076) (-20.3898222994)
continue (0.8780757090) (-20.5385269854)
continue (0.8823266565) (-20.7668591489)
continue (0.8865758338) (-21.2795041454)
continue (0.8880856269) (-inf)
continue (0.8882632618) (-19.9578184055)
continue (0.8908313008) (-19.9798957233)
continue (0.8950838547) (-20.0219437154)
continue (0.8993328242) (-20.0682457507)
continue (0.9035775261) (-20.1200633101)
continue (0.9076364251) (-20.1788796762)
continue (0.9122887342) (-20.2514112111)
continue (0.9167472861) (-20.3381854221)
continue (0.9212067921) (-20.4463887957)
continue (0.9256657008) (-20.5903965248)
continue (0.9301243111) (-20.8067223120)
continue (0.9345829462) (-21.2557555354)
continue (0.9369417514) (-inf)
continue (0.9371291585) (-20.4156687756)
continue (0.9390419537) (-20.4564596337)
continue (0.9435007297) (-20.5638389438)
continue (0.9479596448) (-20.7060455286)
continue (0.9524111317) (-20.9175736991)
continue (0.9531313595) (-20.9724954603)
continue (0.9538446901) (-21.0325695051)
continue (0.9545580893) (-21.0994094993)
continue (0.9552715550) (-21.1751286272)
continue (0.9559850851) (-21.2630070514)
continue (0.9566986776) (-21.3685389813)
continue (0.9574113244) (-21.5020246027)
continue (0.9581250337) (-21.6865862848)
continue (0.9588387990) (-21.9960141515)
continue (0.9594354567) (-inf)
continue (0.9596273630) (-20.9244530386)
continue (0.9607716931) (-20.9863960584)
continue (0.9619918385) (-21.0533664893)
continue (0.9632120325) (-21.1269585526)
continue (0.9644322638) (-21.2092906031)
continue (0.9656525208) (-21.3036409898)
continue (0.9668727920) (-21.4155048152)
continue (0.9680930657) (-21.5551825976)
continue (0.9693133303) (-21.7457976593)
continue (0.9705335740) (-22.0611386775)
continue (0.9716099949) (-inf)
continue (0.9718043363) (-21.3871102307)
continue (0.9724931975) (-21.4419974316)
continue (0.9732326966) (-21.5022233360)
continue (0.9739722802) (-21.5692108496)
continue (0.9747119461) (-21.6450756236)
continue (0.9754506480) (-21.7330959734)
continue (0.9761904704) (-21.8387697958)
continue (0.9769303686) (-21.9723935616)
continue (0.9776692914) (-22.1570913502)
continue (0.9784093329) (-22.4666512610)
continue (0.9790220836) (-inf)
continue (0.9792179076) (-21.7260732199)
continue (0.9796262717) (-21.7775202448)
continue (0.9801046187) (-21.8343580742)
continue (0.9805823779) (-21.8980021796)
continue (0.9810606032) (-21.9705675191)
continue (0.9815392951) (-22.0553387116)
continue (0.9820173961) (-22.1578052851)
continue (0.9824949039) (-22.2882678303)
continue (0.9829728762) (-22.4698515490)
continue (0.9834513138) (-22.7763405480)
continue (0.9837787230) (-inf)
continue (0.9839754984) (-21.9922522220)
continue (0.9842532892) (-22.0418701503)
continue (0.9845776371) (-22.0968047094)
continue (0.9849011343) (-22.1585641905)
continue (0.9852259094) (-22.2292635702)
continue (0.9855498328) (-22.3121830909)
continue (0.9858739693) (-22.4128156697)
continue (0.9861983191) (-22.5414633723)
continue (0.9865228824) (-22.7212486848)
continue (0.9868465907) (-23.0259592401)
continue (0.9870824973) (-inf)
continue (0.9872799335) (-22.1981162929)
continue (0.9874069046) (-22.2465839506)
continue (0.9876423407) (-22.3004579724)
continue (0.9878789599) (-22.3611634464)
continue (0.9881146211) (-22.4308157698)
continue (0.9883503948) (-22.5126947291)
continue (0.9885862810) (-22.6122952464)
continue (0.9888222799) (-22.7399166810)
continue (0.9890583914) (-22.9186815021)
continue (0.9892935417) (-23.2223803618)
continue (0.9894406051) (-inf)
continue (0.9896385130) (-21.7323590177)
continue (0.9991962399) (-25.4901257150)
continue (1.0439534549) (-25.6565914062)
continue (1.0951411739) (-25.6905827742)
continue (1.1489937849) (-25.6239708183)
continue (1.2053795910) (-25.6738690433)
continue (1.2645947416) (-25.5036239460)
continue (1.3266370226) (-25.4924139602)
continue (1.3918847882) (-25.4591701859)
continue (1.4601297401) (-25.3379035546)
continue (1.5320561043) (-25.4183916340)
continue (1.6071727880) (-25.3577333811)
continue (1.6862823294) (-25.6699922991)
continue (1.7691069129) (-25.5118725038)
continue (1.8559408774) (-25.5987718325)
continue (1.9471516470) (-25.5062631977)
continue (2.0427414724) (-25.5816987087)
continue (2.1431490377) (-25.5445460312)
continue (2.2483764392) (-25.5684754158)
continue (2.3583513737) (-25.5343197884)
continue (2.4742518893) (-25.5898979234)
continue (2.5962021961) (-25.6844494656)
continue (2.7234517956) (-25.5841922724)
continue (2.8575320502) (-25.5386515664)
continue (2.9972889909) (-25.5182708030)
continue (2.9978885086) (-25.5565805382)
continue (3.1444684983) (-25.8467950999)
continue (3.2993011253) (-25.5984271543)
continue (3.3154824080) (-25.5884897231)
continue (3.3316770164) (-25.6012477521)
continue (3.3478830047) (-25.6139435803)
continue (3.3640859670) (-25.6265785520)
continue (3.3802960540) (-25.6391510829)
continue (3.3964985345) (-25.6516678727)
continue (3.4127037129) (-25.6641250560)
continue (3.4289094326) (-25.6765210119)
continue (3.4451134960) (-25.6888545772)
continue (3.4609455785) (-25.7011469236)
continue (3.4783173495) (-25.6745253872)
continue (3.4953146235) (-25.6708259366)
continue (3.5123163736) (-25.6671456246)
continue (3.5293202949) (-25.6634822307)
continue (3.5463240368) (-25.6598375738)
continue (3.5537279767) (-inf)
continue (3.5544387934) (-25.6585654754)
continue (3.5633252031) (-25.6564693088)
continue (3.5803213519) (-25.6528827923)
continue (3.5973241965) (-25.6493314625)
continue (3.6143172719) (-25.6458089375)
continue (3.6319927095) (-25.6422556748)
continue (3.6491549368) (-25.7523728349)
continue (3.6669965225) (-25.8847956853)
continue (3.6848197184) (-26.0165961033)
continue (3.7026665643) (-26.1477860322)
continue (3.7204896494) (-26.2783773176)
continue (3.7383317846) (-26.4083867469)
continue (3.7481524197) (-148.4077121840)
continue (3.7489021252) (-26.4791236183)
continue (3.7561600736) (-26.5368912396)
continue (3.7740029190) (-26.6655020174)
continue (3.7918425237) (-26.7934493543)
continue (3.8096445268) (-26.9204569926)
continue (3.8125294258) (-26.9248729379)
continue (3.8153867477) (-26.9291792613)
continue (3.8182323571) (-26.9334839959)
continue (3.8210822144) (-26.9377829012)
continue (3.8239363290) (-26.9420829753)
continue (3.8267947105) (-26.9463761485)
continue (3.8296412741) (-26.9506656640)
continue (3.8324920757) (-26.9549549021)
continue (3.8353471248) (-26.9592394758)
continue (3.8381459698) (-84.0344220421)
continue (3.8389136758) (-26.9633711046)
continue (3.8430948760) (-26.9707664249)
continue (3.8479632917) (-26.9780750917)
continue (3.8528440576) (-26.9853702713)
continue (3.8577372208) (-26.9926576959)
continue (3.8626100831) (-26.9999348607)
continue (3.8674952713) (-27.0072044404)
continue (3.8723763766) (-27.0144644046)
continue (3.8772533211) (-27.0217158310)
continue (3.8821260270) (-27.0289580651)
continue (3.8872689984) (-58.6595558852)
continue (3.8880465300) (-27.0361649693)
continue (3.8899644875) (-27.0405278676)
continue (3.8929224712) (-27.0449037353)
continue (3.8958849568) (-27.0492759788)
continue (3.8988519547) (-27.0536455114)
continue (3.9018067686) (-27.0580118009)
continue (3.9047660647) (-27.0623743000)
continue (3.9077130959) (-27.0667339651)
continue (3.9106813613) (-27.0710902636)
continue (3.9136373315) (-27.0754436811)
continue (3.9156676117) (-46.4335625078)
continue (3.9164508235) (-27.0797722885)
continue (3.9185008743) (-27.0825748450)
continue (3.9204226914) (-27.0853834451)
continue (3.9223295118) (-27.0881906395)
continue (3.9242381880) (-27.0909968178)
continue (3.9261487226) (-27.0938013028)
continue (3.9280611185) (-27.0966044858)
continue (3.9299753783) (-27.0994062233)
continue (3.9318915048) (-27.1022069190)
continue (3.9338095006) (-27.1050434930)
continue (3.9359648088) (-39.8407336689)
continue (3.9367520805) (-27.1077940540)
continue (3.9370216616) (-27.1096807198)
continue (3.9383148035) (-27.1115761788)
continue (3.9396087952) (-27.1134714872)
continue (3.9409036375) (-27.1153660401)
continue (3.9421993313) (-27.1172597913)
continue (3.9434958773) (-27.1191526941)
continue (3.9447932764) (-27.1210452748)
continue (3.9460915295) (-27.1229392223)
continue (3.9473906374) (-27.1256359042)
continue (3.9479023104) (-35.9867413347)
continue (3.9486919698) (-27.1266793982)
continue (3.9496318982) (-27.1280810509)
continue (3.9505736443) (-27.1294562299)
continue (3.9515158397) (-27.1308316684)
continue (3.9524584845) (-27.1322061773)
continue (3.9534015792) (-27.1335803247)
continue (3.9543451241) (-27.1349546857)
continue (3.9552891195) (-27.1363286543)
continue (3.9562335657) (-27.1377499218)
continue (3.9571784630) (-27.1436923197)
continue (3.9581922382) (-33.5505216008)
continue (3.9589839558) (-27.1403814212)
continue (3.9963853212) (-27.3021606318)
continue (3.9971846782) (-27.3021606318)
continue (4.1935893733) (-27.5949953349)
continue (4.3980066159) (-27.6878226436)
continue (4.6140099788) (-27.7260732199)
continue (4.8420136600) (-27.7031155245)
continue (5.0795260358) (-27.7276941556)
continue (5.3290466130) (-27.7142177262)
continue (5.5905949130) (-27.6981022828)
continue (5.8640088212) (-27.6769542645)
continue (6.1530517948) (-27.6575773192)
continue (6.4537320879) (-27.6369524055)
continue (6.7752191139) (-27.6156465859)
continue (7.1026264288) (-27.5939710550)
continue (7.4571765206) (-27.5717031860)
continue (7.8220340843) (-27.5494429906)
continue (8.2022229596) (-27.5268050908)
continue (8.6049761172) (-27.5037624548)
continue (9.0313872232) (-27.4806971508)
continue (9.4736144175) (-27.4571745730)
continue (9.9396484600) (-27.4335625078)
continue (10.4275886350) (-27.4097155963)
continue (10.9395794816) (-27.3856301605)
continue (11.4769139901) (-27.3613111133)
continue (12.0410540541) (-27.3367703655)
continue (12.6319236321) (-27.3120253800)
continue (13.2528646134) (-27.2871819998)
continue (13.9039818556) (-27.2621714941)
continue (14.5849387135) (-27.2370215091)
continue (15.3025519868) (-27.2118316289)
continue (16.0547387388) (-27.1865524557)
continue (16.8410085163) (-27.1612138551)
continue (17.6704861512) (-27.1359044266)
continue (18.5367569328) (-27.1106982975)
continue (19.4465849513) (-27.0856039479)
continue (20.4045448011) (-27.0606804689)
continue (21.4063183185) (-27.0360705780)
continue (22.4560613804) (-27.0117978997)
continue (23.5591254089) (-26.9880068853)
continue (24.7156759104) (-26.9649707178)
continue (25.9324692890) (-26.9423338961)
continue (27.2019991288) (-26.9208187540)
continue (28.5395230447) (-26.9003193589)
continue (29.9463348937) (-26.8810742472)
continue (31.4121672119) (-26.8629625452)
continue (32.9572141344) (-26.8461851357)
continue (34.5700671782) (-26.8309136425)
continue (36.2765513860) (-26.8175853476)
continue (38.0487252951) (-26.8054856581)
continue (39.9153294269) (-26.7934439559)
continue (41.8780777030) (-26.7822529267)
continue (43.9376552949) (-26.7708302975)
continue (46.0934229042) (-26.7549811293)
continue (48.3687351813) (-26.7323590177)
continue (50.7386954798) (-26.7104110475)
continue (53.2282109122) (-26.6884580416)
continue (55.8374369373) (-26.6655462488)
continue (58.6023775445) (-26.6397853867)
continue (61.4475368049) (-26.6120765330)
continue (64.4916469085) (-26.5861974832)
continue (67.6515939730) (-26.5606673062)
continue (70.9709478829) (-26.5370033880)
continue (74.4499159164) (-26.5164127030)
continue (78.0862871308) (-26.4989407378)
continue (81.9484685986) (-26.4838614233)
continue (85.9685821525) (-26.4713403548)
continue (90.2244525561) (-26.4610494380)
continue (94.6279305105) (-26.4524714235)
continue (99.2773690834) (-26.4470885498)
continue (104.1567002876) (-26.4434562915)
continue (109.2777276432) (-26.4410515540)
continue (114.6391962280) (-26.4397346021)
continue (120.2675162751) (-26.4394955848)
continue (126.1793091687) (-26.4408118110)
continue (132.3746325997) (-26.4435768786)
continue (138.8703094813) (-26.4468454518)
continue (145.6861663975) (-26.4498940007)
continue (152.8458522000) (-26.4532106484)
continue (160.3496341398) (-26.4570501512)
continue (168.2235500861) (-26.4616776668)
continue (176.4995101330) (-26.4667364832)
continue (185.1792259330) (-26.4715975620)
continue (194.2585740389) (-26.4757337312)
continue (203.8172603034) (-26.4797785641)
continue (213.8120532183) (-26.4842585833)
continue (224.3394807525) (-26.4887852989)
continue (235.3478746943) (-26.4928190227)
continue (246.8889110855) (-26.4967542285)
continue (259.0298382082) (-26.5005878743)
continue (271.6955786573) (-26.5044556625)
continue (285.0381516473) (-26.5083582065)
continue (299.0702234383) (-26.5121548799)
continue (313.7971662591) (-26.5158425756)
continue (329.2149461042) (-26.5195618528)
continue (345.3076812491) (-26.5234581910)
continue (362.3327915771) (-26.5273898024)
continue (380.1697834028) (-26.5320960535)
continue (398.8039259591) (-26.5376020021)
continue (418.3962216788) (-26.5446982283)
continue (438.9532614723) (-26.5539290643)
continue (460.4684036465) (-26.5662301661)
continue (483.1744277924) (-26.5823622603)
continue (506.8225644140) (-26.6006724678)
continue (531.6610098112) (-26.6161846340)
continue (557.6909246123) (-26.6254349393)
continue (585.2710152964) (-26.6298571529)
continue (614.0613010893) (-26.6341377846)
continue (644.0049263721) (-26.6380833813)
continue (675.5129509388) (-26.6413039004)
continue (709.1571757327) (-26.6449317937)
continue (743.8914047481) (-26.6485902481)
continue (780.1943243292) (-26.6522797830)
continue (818.7484014523) (-26.6561976668)
continue (858.8755615612) (-26.6603498424)
continue (901.3520977413) (-26.6643415477)
continue (945.2976875689) (-26.6679657230)
continue (991.6932972211) (-26.6712127996)
continue (1040.3778637019) (-26.6740740442)
continue (1091.4684043795) (-26.6765416332)
continue (1145.0954647103) (-26.6792307717)
continue (1201.4066853216) (-26.6819366650)
continue (1260.3969167586) (-26.6855007720)
continue (1322.2097661295) (-26.6897316334)
continue (1387.2232772362) (-26.6948636811)
continue (1455.2331057433) (-26.7011469236)
continue (1526.6660593340) (-26.7088532383)
continue (1601.8051868807) (-26.7180580666)
continue (1680.3742777364) (-26.7288556821)
continue (1762.9463548393) (-26.7413627173)
continue (1849.5371845270) (-26.7554754884)
continue (1940.5173995240) (-26.7708302975)
continue (2035.8958239867) (-26.7875460390)
continue (2135.6151179200) (-26.8052082423)
continue (2240.6367612895) (-26.8239087409)
continue (2350.4435667177) (-26.8437538096)
continue (2466.2164298145) (-26.8645493007)
continue (2587.3565326986) (-26.8857227034)
continue (2714.5277653156) (-26.9076303004)
continue (2847.7092838014) (-26.9299621334)
continue (2987.7605600540) (-26.9531148092)
continue (3133.6553329314) (-26.9763360818)
continue (3288.5852429320) (-27.0003475746)
continue (3449.1558320078) (-27.0248900103)
continue (3619.0110040368) (-27.0501710411)
continue (3796.9457117352) (-27.0759275701)
continue (3982.8101871349) (-27.1019882612)
continue (4178.2071105752) (-27.1284270645)
continue (4383.1985128257) (-27.1552122812)
continue (4600.0351883718) (-27.1825007381)
continue (4826.6259047482) (-27.2103487912)
continue (5062.5942823136) (-27.2385984425)
continue (5310.4135828465) (-27.2671239586)
continue (5573.4982924554) (-27.2958494832)
continue (5845.2018654038) (-27.3249552640)
continue (6132.3483904203) (-27.3547742885)
continue (6435.5012063309) (-27.3847866652)
continue (6750.1257097515) (-27.4152166210)
continue (7080.5514437953) (-27.4464810599)
continue (7426.7886782107) (-27.4780777551)
continue (7795.2692114325) (-27.5097605148)
continue (8180.1343879395) (-27.5416643740)
continue (8580.6682751079) (-27.5741398549)
continue (8995.7252795307) (-27.6069515336)
continue (9442.2025781417) (-27.6401645177)
continue (9905.0757697441) (-27.6734593315)
continue (10391.9143667061) (-27.7073009970)
continue (10902.9309741141) (-27.7408841558)
continue (11438.0189634299) (-27.7744322866)
continue (11999.8284279228) (-27.8082696066)
continue (12588.2990857364) (-27.8422411140)
continue (13206.7676929921) (-27.8771290771)
continue (13855.3591427164) (-27.9118639113)
continue (14536.0818442568) (-27.9469215565)
continue (15251.3300555055) (-27.9821322810)
continue (15998.3667629294) (-28.0177287670)
continue (16785.1716856964) (-28.0535477350)
continue (17609.0235906562) (-28.0897492277)
continue (18476.6214682980) (-28.1263307073)
continue (19380.4119697247) (-28.1638025192)
continue (20336.2412590149) (-28.2016256233)
continue (21331.1556839058) (-28.2400301424)
continue (22378.8548825259) (-28.2792620230)
continue (23480.2105337917) (-28.3191208256)
continue (24635.4952910640) (-28.3601152581)
continue (25844.2135795932) (-28.4018663542)
continue (27112.9714613644) (-28.4444219272)
continue (28441.5409118744) (-28.4883839794)
continue (29838.4731767013) (-28.5332806283)
continue (31304.2587020425) (-28.5790545941)
continue (32838.4493987912) (-28.6261688549)
continue (34452.4374599794) (-28.6742791420)
continue (36147.0436658650) (-28.7235381958)
continue (37922.0545491659) (-28.7741740085)
continue (39793.3175029020) (-28.8259401923)
continue (41743.7916086329) (-28.8800845897)
continue (43789.8592415404) (-28.9359165640)
continue (45953.9571768258) (-28.9931062921)
continue (48189.6864524831) (-29.0520274208)
continue (50569.7542073505) (-29.1123264475)
continue (53042.3149485714) (-29.1747686768)
continue (55666.8888708892) (-29.2388994610)
continue (58377.1281753015) (-29.3047810811)
continue (61241.0598666973) (-29.3738650214)
continue (64264.2433580011) (-29.4453897148)
continue (67401.4031668977) (-29.5197055400)
continue (70750.5412124578) (-29.5970511707)
continue (74207.4080469427) (-29.6763354644)
continue (77819.5534429083) (-29.7592012289)
continue (81654.7464889298) (-29.8443603662)
continue (85725.9615067221) (-29.9321854888)
continue (89868.5375558636) (-30.0248900103)
continue (94314.5281325250) (-30.1203307944)
continue (98943.2107292569) (-30.2194666747)
continue (103800.7712514473) (-30.3229408226)
continue (108899.0165889647) (-30.4291069638)
continue (114251.1247262358) (-30.5407583351)
continue (119856.2371190920) (-30.6561976668)
continue (125744.0279862641) (-30.7746907183)
continue (131933.8310143994) (-30.9010103606)
continue (138406.2835383439) (-31.0307705201)
continue (145198.6887852862) (-31.1657700971)
continue (152334.8329683143) (-31.3079466350)
continue (159815.3228369794) (-31.4535807332)
continue (167666.4159735890) (-31.6083592965)
continue (175886.3097503294) (-31.7677664789)
continue (184541.7113844586) (-31.9292235372)
continue (193598.2517137149) (-32.1038597486)
continue (203090.4771153235) (-32.2818305946)
continue (213112.0137550178) (-32.4650858956)
continue (223568.9329775408) (-32.6534514415)
continue (234560.3528485087) (-32.7330630888)
continue (246022.4003284170) (-32.7649768405)
continue (258149.2835174097) (-32.7966950839)
continue (270807.4207478325) (-32.8288588490)
continue (284149.3516733571) (-32.8613815661)
continue (298091.9106367211) (-32.8931294555)
continue (312720.3057022843) (-32.9244530386)
continue (328029.8671045559) (-32.9574244876)
continue (344134.0524231330) (-32.9926790471)
continue (361040.7966784692) (-33.0318440629)
continue (378747.7019187267) (-33.0758758468)
continue (397412.5472378789) (-33.1217080508)
continue (416865.0369700166) (-33.1712112518)
continue (437478.1424946981) (-33.2173840680)
continue (458845.4032308441) (-33.2528213286)
continue (481387.7289046257) (-33.2881927710)
continue (505136.9017829581) (-33.3235807683)
continue (529806.3783816607) (-33.3590219426)
continue (555989.6100161417) (-33.3943717780)
continue (583397.5485380642) (-33.4298074389)
continue (611999.3088089029) (-33.4652126414)
continue (3672982.5506507708) (-34.5407583351)
continue (3709712.3761572787) (-50.0000000000)
continue (7354000.0000000000) (-50.0000000000)
f(nu) = -24.3939052791 at 1.0000000000 Ryd
