# Puchwein et al 2019
# z = 0.956700
# E [Ryd] log (J_nu)
interpolate (0.0000000100) (-50.0000000000)
continue (0.0007810860) (-50.0000000000)
continue (0.0007889757) (-18.0678307541)
continue (0.0008276721) (-18.0912469808)
continue (0.0008678733) (-18.1156578524)
continue (0.0009112670) (-18.1410419453)
continue (0.0009556071) (-18.1671718705)
continue (0.0010026042) (-18.1937521728)
continue (0.0010517855) (-18.2208365762)
continue (0.0011034960) (-18.2483360537)
continue (0.0011577525) (-18.2763801645)
continue (0.0012145368) (-18.3046058917)
continue (0.0012741429) (-18.3329207945)
continue (0.0013367566) (-18.3613111133)
continue (0.0014023807) (-18.3897658247)
continue (0.0014712092) (-18.4183916340)
continue (0.0015434739) (-18.4469669838)
continue (0.0016194544) (-18.4754740634)
continue (0.0016988571) (-18.5036239460)
continue (0.0017822550) (-18.5316526696)
continue (0.0018700328) (-18.5594057382)
continue (0.0019618234) (-18.5867002359)
continue (0.0020579652) (-18.6138578911)
continue (0.0021594004) (-18.6407338354)
continue (0.0022651429) (-18.6671577330)
continue (0.0023768048) (-18.6931462513)
continue (0.0024932065) (-18.7185121121)
continue (0.0026155768) (-18.7432822540)
continue (0.0027439535) (-18.7675121336)
continue (0.0028792005) (-18.7912899801)
continue (0.0030204407) (-18.8141746404)
continue (0.0031685222) (-18.8365404482)
continue (0.0033245785) (-18.8579235389)
continue (0.0034874358) (-18.8787685449)
continue (0.0036582375) (-18.8989406451)
continue (0.0038385298) (-18.9186526922)
continue (0.0040268094) (-18.9374180158)
continue (0.0042246962) (-18.9558523791)
continue (0.0044322323) (-18.9738754833)
continue (0.0046493213) (-18.9913998282)
continue (0.0048783028) (-19.0086853018)
continue (0.0051194774) (-19.0261796756)
continue (0.0053698702) (-19.0436394463)
continue (0.0056320579) (-19.0610801878)
continue (0.0059096431) (-19.0784175596)
continue (0.0061990950) (-19.0954467370)
continue (0.0065044038) (-19.1120452962)
continue (0.0068259698) (-19.1280769681)
continue (0.0071584208) (-19.1433315164)
continue (0.0075125059) (-19.1576404267)
continue (0.0078829323) (-19.1703746466)
continue (0.0082692103) (-19.1809169243)
continue (0.0086704755) (-19.1889614914)
continue (0.0090944807) (-19.1943632337)
continue (0.0095460609) (-19.1972262747)
continue (0.0100150233) (-19.1978422468)
continue (0.0105069407) (-19.1960651501)
continue (0.0110229463) (-19.1919917001)
continue (0.0115643017) (-19.1856857998)
continue (0.0121324320) (-19.1772436670)
continue (0.0127271923) (-19.1667253607)
continue (0.0133518970) (-19.1544059068)
continue (0.0140087159) (-19.1406214956)
continue (0.0146954841) (-19.1256341643)
continue (0.0154190689) (-19.1096348786)
continue (0.0161744226) (-19.0929112549)
continue (0.0169695898) (-19.0756173228)
continue (0.0178051382) (-19.0577438496)
continue (0.0186773308) (-19.0394816572)
continue (0.0195971392) (-19.0208159663)
continue (0.0205564397) (-19.0021332738)
continue (0.0215684490) (-18.9842212436)
continue (0.0226289290) (-18.9673812391)
continue (0.0237370922) (-18.9507819773)
continue (0.0249048093) (-18.9344202853)
continue (0.0261257732) (-18.9182927299)
continue (0.0274065254) (-18.9027426903)
continue (0.0287556633) (-18.8877302316)
continue (0.0301644148) (-18.8735438866)
continue (0.0316522046) (-18.8604357338)
continue (0.0332094377) (-18.8483237692)
continue (0.0348343643) (-18.8371370067)
continue (0.0365530273) (-18.8268137316)
continue (0.0383368519) (-18.8195873672)
continue (0.0402325373) (-18.8178707859)
continue (0.0422078263) (-18.8201610720)
continue (0.0442792503) (-18.8244881866)
continue (0.0464458191) (-18.8303255659)
continue (0.0487308541) (-18.8380333836)
continue (0.0511373160) (-18.8483237692)
continue (0.0536354897) (-18.8620132673)
continue (0.0562510476) (-18.8771290771)
continue (0.0590198815) (-18.8924508703)
continue (0.0619488083) (-18.9069286936)
continue (0.0649513165) (-18.9208187540)
continue (0.0681575894) (-18.9362914406)
continue (0.0715280197) (-18.9531148092)
continue (0.0750013968) (-18.9710222948)
continue (0.0786931754) (-18.9901243663)
continue (0.0825422981) (-19.0101054363)
continue (0.0866223356) (-19.0310036734)
continue (0.0908541347) (-19.0526643241)
continue (0.0953507346) (-19.0731946899)
continue (0.1000293052) (-19.0943659987)
continue (0.1049484016) (-19.1148650339)
continue (0.1100962874) (-19.1343039401)
continue (0.1155110877) (-19.1542819820)
continue (0.1211791185) (-19.1752885565)
continue (0.1271298787) (-19.1968161115)
continue (0.1333821679) (-19.2183882175)
continue (0.1399365741) (-19.2416180582)
continue (0.1467891383) (-19.2661609993)
continue (0.1540082763) (-19.2921744317)
continue (0.1615721579) (-19.3195738291)
continue (0.1695065050) (-19.3479471518)
continue (0.1778428905) (-19.3775787260)
continue (0.1865820989) (-19.4068247365)
continue (0.1957188511) (-19.4380642367)
continue (0.2053328010) (-19.4721124340)
continue (0.2154295439) (-19.5059846252)
continue (0.2260086733) (-19.5413621510)
continue (0.2371238540) (-19.5734887386)
continue (0.2487761318) (-19.5948244538)
continue (0.2609584682) (-19.6127881997)
continue (0.2738182004) (-19.6320852612)
continue (0.2872846692) (-19.6520848135)
continue (0.3013448978) (-19.6726410656)
continue (0.3161925645) (-19.6937894918)
continue (0.3317316967) (-19.7151182853)
continue (0.3479446242) (-19.7373116557)
continue (0.3650909338) (-19.7609509069)
continue (0.3830462256) (-19.7862167007)
continue (0.4017931970) (-19.8147412347)
continue (0.4214925859) (-19.8471004036)
continue (0.4421479723) (-19.8823973083)
continue (0.4639852194) (-19.9204569926)
continue (0.4867879118) (-19.9625735021)
continue (0.5105137091) (-20.0087296108)
continue (0.5357242627) (-20.0589857563)
continue (0.5621634613) (-20.1130582940)
continue (0.5898168096) (-20.1663430031)
continue (0.6186469591) (-20.2242439622)
continue (0.6490505490) (-20.2924298239)
continue (0.6810664954) (-20.3669357273)
continue (0.7141590680) (-20.4509967380)
continue (0.7493222477) (-20.5292955703)
continue (0.7494721272) (-20.6813107301)
continue (0.7862527790) (-20.7854210464)
continue (0.8246759917) (-20.9190129531)
continue (0.8288690942) (-20.9386078438)
continue (0.8329222993) (-20.9553309112)
continue (0.8369692137) (-20.9719495622)
continue (0.8410245965) (-20.9884549298)
continue (0.8450724461) (-21.0048533323)
continue (0.8491277985) (-21.0209927819)
continue (0.8531743306) (-21.0370622386)
continue (0.8572273582) (-21.0531210195)
continue (0.8612783740) (-21.0694829324)
continue (0.8654007320) (-21.0861861476)
continue (0.8695793374) (-21.1084313233)
continue (0.8738320076) (-21.1284883603)
continue (0.8780757090) (-21.1473797373)
continue (0.8823266565) (-21.1661939748)
continue (0.8865758338) (-21.1849325485)
continue (0.8880856269) (-21.1930742231)
continue (0.8882632618) (-21.1864190114)
continue (0.8908313008) (-21.1971968668)
continue (0.8950838547) (-21.2160871349)
continue (0.8993328242) (-21.2344558665)
continue (0.9035775261) (-21.2527350535)
continue (0.9076364251) (-21.2709162430)
continue (0.9122887342) (-21.2958451917)
continue (0.9167472861) (-21.3177086786)
continue (0.9212067921) (-21.3381977225)
continue (0.9256657008) (-21.3590209500)
continue (0.9301243111) (-21.3802067251)
continue (0.9345829462) (-21.4017798107)
continue (0.9369417514) (-21.4138629748)
continue (0.9371291585) (-21.4103854594)
continue (0.9390419537) (-21.4192608646)
continue (0.9435007297) (-21.4393247680)
continue (0.9479596448) (-21.4596867959)
continue (0.9524111317) (-21.4803032328)
continue (0.9531313595) (-21.4868290291)
continue (0.9538446901) (-21.4904305665)
continue (0.9545580893) (-21.4939674013)
continue (0.9552715550) (-21.4974390615)
continue (0.9559850851) (-21.5008478687)
continue (0.9566986776) (-21.5041948866)
continue (0.9574113244) (-21.5074798660)
continue (0.9581250337) (-21.5107040085)
continue (0.9588387990) (-21.5138657642)
continue (0.9594354567) (-21.5169835799)
continue (0.9596273630) (-21.5147045613)
continue (0.9607716931) (-21.5198995931)
continue (0.9619918385) (-21.5248811089)
continue (0.9632120325) (-21.5296968462)
continue (0.9644322638) (-21.5343510017)
continue (0.9656525208) (-21.5388437613)
continue (0.9668727920) (-21.5431832028)
continue (0.9680930657) (-21.5473703484)
continue (0.9693133303) (-21.5514096105)
continue (0.9705335740) (-21.5553042505)
continue (0.9716099949) (-21.5590909179)
continue (0.9718043363) (-21.5575202309)
continue (0.9724931975) (-21.5596924230)
continue (0.9732326966) (-21.5618454460)
continue (0.9739722802) (-21.5639503160)
continue (0.9747119461) (-21.5660078770)
continue (0.9754506480) (-21.5680174052)
continue (0.9761904704) (-21.5699830263)
continue (0.9769303686) (-21.5719008585)
continue (0.9776692914) (-21.5737767372)
continue (0.9784093329) (-21.5756068111)
continue (0.9790220836) (-21.5774101601)
continue (0.9792179076) (-21.5762627500)
continue (0.9796262717) (-21.5773412300)
continue (0.9801046187) (-21.5784552991)
continue (0.9805823779) (-21.5795507903)
continue (0.9810606032) (-21.5806308625)
continue (0.9815392951) (-21.5816937359)
continue (0.9820173961) (-21.5827392773)
continue (0.9824949039) (-21.5837690207)
continue (0.9829728762) (-21.5847811780)
continue (0.9834513138) (-21.5857789668)
continue (0.9837787230) (-21.5867002359)
continue (0.9839754984) (-21.5858626378)
continue (0.9842532892) (-21.5864806290)
continue (0.9845776371) (-21.5871297122)
continue (0.9849011343) (-21.5877713622)
continue (0.9852259094) (-21.5884055444)
continue (0.9855498328) (-21.5890339107)
continue (0.9858739693) (-21.5896547460)
continue (0.9861983191) (-21.5902680168)
continue (0.9865228824) (-21.5908753827)
continue (0.9868465907) (-21.5914768178)
continue (0.9870824973) (-21.5920994599)
continue (0.9872799335) (-21.5912513938)
continue (0.9874069046) (-21.5917311958)
continue (0.9876423407) (-21.5921554905)
continue (0.9878789599) (-21.5925751012)
continue (0.9881146211) (-21.5929934164)
continue (0.9883503948) (-21.5934070262)
continue (0.9885862810) (-21.5938176212)
continue (0.9888222799) (-21.5942251925)
continue (0.9890583914) (-21.5946297312)
continue (0.9892935417) (-21.5950295193)
continue (0.9894406051) (-21.5955083822)
continue (0.9896385130) (-21.5948244538)
continue (0.9991962399) (-21.6085355882)
continue (1.0439534549) (-21.6439741428)
continue (1.0951411739) (-21.6806856959)
continue (1.1489937849) (-21.7164726351)
continue (1.2053795910) (-21.7520267336)
continue (1.2645947416) (-21.7872798456)
continue (1.3266370226) (-21.8218867477)
continue (1.3918847882) (-21.8557372262)
continue (1.4601297401) (-21.8890737577)
continue (1.5320561043) (-21.9215431819)
continue (1.6071727880) (-21.9535048357)
continue (1.6862823294) (-21.9850596502)
continue (1.7691069129) (-22.0172314227)
continue (1.8559408774) (-22.0491485411)
continue (1.9471516470) (-22.0816550710)
continue (2.0427414724) (-22.1150348018)
continue (2.1431490377) (-22.1497827582)
continue (2.2483764392) (-22.1861522458)
continue (2.3583513737) (-22.2244623652)
continue (2.4742518893) (-22.2594794139)
continue (2.5962021961) (-22.2959353206)
continue (2.7234517956) (-22.3340439705)
continue (2.8575320502) (-22.3742760905)
continue (2.9972889909) (-22.4155556928)
continue (2.9978885086) (-22.5103227083)
continue (3.1444684983) (-22.5646334934)
continue (3.2993011253) (-22.6206944822)
continue (3.3154824080) (-22.6252589839)
continue (3.3316770164) (-22.6309567811)
continue (3.3478830047) (-22.6368469979)
continue (3.3640859670) (-22.6428716319)
continue (3.3802960540) (-22.6490255341)
continue (3.3964985345) (-22.6552993099)
continue (3.4127037129) (-22.6616869668)
continue (3.4289094326) (-22.6681396373)
continue (3.4451134960) (-22.6746259775)
continue (3.4609455785) (-22.6811022854)
continue (3.4783173495) (-22.6855365612)
continue (3.4953146235) (-22.6916341054)
continue (3.5123163736) (-22.6979744405)
continue (3.5293202949) (-22.7045076711)
continue (3.5463240368) (-22.7112188548)
continue (3.5537279767) (-22.7142177262)
continue (3.5544387934) (-22.6952941018)
continue (3.5633252031) (-22.6988744701)
continue (3.5803213519) (-22.7056351945)
continue (3.5973241965) (-22.7124804293)
continue (3.6143172719) (-22.7193852123)
continue (3.6319927095) (-22.7263044121)
continue (3.6491549368) (-22.7297941386)
continue (3.6669965225) (-22.7361131307)
continue (3.6848197184) (-22.7427511333)
continue (3.7026665643) (-22.7496483191)
continue (3.7204896494) (-22.7567833069)
continue (3.7383317846) (-22.7641055870)
continue (3.7481524197) (-22.7682756167)
continue (3.7489021252) (-22.7579557606)
continue (3.7561600736) (-22.7612766246)
continue (3.7740029190) (-22.7687241522)
continue (3.7918425237) (-22.7762678961)
continue (3.8096445268) (-22.7838340977)
continue (3.8125294258) (-22.7811626416)
continue (3.8153867477) (-22.7820898668)
continue (3.8182323571) (-22.7830296164)
continue (3.8210822144) (-22.7839819678)
continue (3.8239363290) (-22.7849443526)
continue (3.8267947105) (-22.7859194859)
continue (3.8296412741) (-22.7869047899)
continue (3.8324920757) (-22.7879029941)
continue (3.8353471248) (-22.7889088401)
continue (3.8381459698) (-22.7899491501)
continue (3.8389136758) (-22.7833064008)
continue (3.8430948760) (-22.7851190796)
continue (3.8479632917) (-22.7868835199)
continue (3.8528440576) (-22.7886765149)
continue (3.8577372208) (-22.7904930280)
continue (3.8626100831) (-22.7923360165)
continue (3.8674952713) (-22.7942030823)
continue (3.8723763766) (-22.7960917875)
continue (3.8772533211) (-22.7980051081)
continue (3.8821260270) (-22.7999378544)
continue (3.8872689984) (-22.8018930011)
continue (3.8880465300) (-22.7972393126)
continue (3.8899644875) (-22.7984635960)
continue (3.8929224712) (-22.7996530064)
continue (3.8958849568) (-22.8008456832)
continue (3.8988519547) (-22.8020471507)
continue (3.9018067686) (-22.8032547121)
continue (3.9047660647) (-22.8044684090)
continue (3.9077130959) (-22.8056882836)
continue (3.9106813613) (-22.8069143785)
continue (3.9136373315) (-22.8081439447)
continue (3.9156676117) (-22.8093882022)
continue (3.9164508235) (-22.8060410220)
continue (3.9185008743) (-22.8067390101)
continue (3.9204226914) (-22.8075384851)
continue (3.9223295118) (-22.8083394345)
continue (3.9242381880) (-22.8091418638)
continue (3.9261487226) (-22.8099457785)
continue (3.9280611185) (-22.8107511841)
continue (3.9299753783) (-22.8115609002)
continue (3.9318915048) (-22.8123721288)
continue (3.9338095006) (-22.8131848756)
continue (3.9359648088) (-22.8138916202)
continue (3.9367520805) (-22.8113527040)
continue (3.9370216616) (-22.8118733818)
continue (3.9383148035) (-22.8124228809)
continue (3.9396087952) (-22.8129758996)
continue (3.9409036375) (-22.8135267963)
continue (3.9421993313) (-22.8140812233)
continue (3.9434958773) (-22.8146335249)
continue (3.9447932764) (-22.8151893674)
continue (3.9460915295) (-22.8157430810)
continue (3.9473906374) (-22.8163003463)
continue (3.9479023104) (-22.8167301563)
continue (3.9486919698) (-22.8147412347)
continue (3.9496318982) (-22.8151099178)
continue (3.9505736443) (-22.8155129912)
continue (3.9515158397) (-22.8159192815)
continue (3.9524584845) (-22.8163231071)
continue (3.9534015792) (-22.8167273085)
continue (3.9543451241) (-22.8171347369)
continue (3.9552891195) (-22.8175396948)
continue (3.9562335657) (-22.8179450307)
continue (3.9571784630) (-22.8183536037)
continue (3.9581922382) (-22.8187282284)
continue (3.9589839558) (-22.8170150330)
continue (3.9963853212) (-22.8338660297)
continue (3.9971846782) (-22.8338660297)
continue (4.1935893733) (-22.9229956732)
continue (4.3980066159) (-22.9609826780)
continue (4.6140099788) (-22.9838026465)
continue (4.8420136600) (-23.0029195645)
continue (5.0795260358) (-23.0218194831)
continue (5.3290466130) (-23.0411018053)
continue (5.5905949130) (-23.0608802824)
continue (5.8640088212) (-23.0811312566)
continue (6.1530517948) (-23.1017686155)
continue (6.4537320879) (-23.1226862567)
continue (6.7752191139) (-23.1438755558)
continue (7.1026264288) (-23.1653250255)
continue (7.4571765206) (-23.1868194674)
continue (7.8220340843) (-23.2085900843)
continue (8.2022229596) (-23.2305488206)
continue (8.6049761172) (-23.2527436026)
continue (9.0313872232) (-23.2753146118)
continue (9.4736144175) (-23.2981730696)
continue (9.9396484600) (-23.3214816210)
continue (10.4275886350) (-23.3452460667)
continue (10.9395794816) (-23.3694704286)
continue (11.4769139901) (-23.3942641061)
continue (12.0410540541) (-23.4196453389)
continue (12.6319236321) (-23.4455108400)
continue (13.2528646134) (-23.4719836588)
continue (13.9039818556) (-23.4990777608)
continue (14.5849387135) (-23.5268050908)
continue (15.3025519868) (-23.5550188879)
continue (16.0547387388) (-23.5836924129)
continue (16.8410085163) (-23.6129662987)
continue (17.6704861512) (-23.6428277423)
continue (18.5367569328) (-23.6730500058)
continue (19.4465849513) (-23.7037737127)
continue (20.4045448011) (-23.7349462115)
continue (21.4063183185) (-23.7664962397)
continue (22.4560613804) (-23.7986028757)
continue (23.5591254089) (-23.8309136425)
continue (24.7156759104) (-23.8632794328)
continue (25.9324692890) (-23.8961962790)
continue (27.2019991288) (-23.9295926783)
continue (28.5395230447) (-23.9629721202)
continue (29.9463348937) (-23.9965394679)
continue (31.4121672119) (-24.0304909014)
continue (32.9572141344) (-24.0645431193)
continue (34.5700671782) (-24.0987596979)
continue (36.2765513860) (-24.1330631823)
continue (38.0487252951) (-24.1675549588)
continue (39.9153294269) (-24.2021095169)
continue (41.8780777030) (-24.2367966996)
continue (43.9376552949) (-24.2715650490)
continue (46.0934229042) (-24.3060972589)
continue (48.3687351813) (-24.3401788419)
continue (50.7386954798) (-24.3732491463)
continue (53.2282109122) (-24.4056074496)
continue (55.8374369373) (-24.4371126187)
continue (58.6023775445) (-24.4644527208)
continue (61.4475368049) (-24.4871822414)
continue (64.4916469085) (-24.5068208793)
continue (67.6515939730) (-24.5225893121)
continue (70.9709478829) (-24.5344684430)
continue (74.4499159164) (-24.5431786520)
continue (78.0862871308) (-24.5502131530)
continue (81.9484685986) (-24.5573634742)
continue (85.9685821525) (-24.5647928968)
continue (90.2244525561) (-24.5725138909)
continue (94.6279305105) (-24.5803746391)
continue (99.2773690834) (-24.5885486579)
continue (104.1567002876) (-24.5967078548)
continue (109.2777276432) (-24.6048484085)
continue (114.6391962280) (-24.6129662987)
continue (120.2675162751) (-24.6212388247)
continue (126.1793091687) (-24.6296719922)
continue (132.3746325997) (-24.6380833813)
continue (138.8703094813) (-24.6462760624)
continue (145.6861663975) (-24.6542343069)
continue (152.8458522000) (-24.6621415710)
continue (160.3496341398) (-24.6697892154)
continue (168.2235500861) (-24.6775739476)
continue (176.4995101330) (-24.6848696828)
continue (185.1792259330) (-24.6920762964)
continue (194.2585740389) (-24.6989700043)
continue (203.8172603034) (-24.7057542839)
continue (213.8120532183) (-24.7124221909)
continue (224.3394807525) (-24.7191940716)
continue (235.3478746943) (-24.7258421507)
continue (246.8889110855) (-24.7325935812)
continue (259.0298382082) (-24.7394516274)
continue (271.6955786573) (-24.7464197104)
continue (285.0381516473) (-24.7537476877)
continue (299.0702234383) (-24.7612014373)
continue (313.7971662591) (-24.7687853520)
continue (329.2149461042) (-24.7767637269)
continue (345.3076812491) (-24.7851561520)
continue (362.3327915771) (-24.7942544591)
continue (380.1697834028) (-24.8035474583)
continue (398.8039259591) (-24.8133261325)
continue (418.3962216788) (-24.8233300673)
continue (438.9532614723) (-24.8338660297)
continue (460.4684036465) (-24.8443603662)
continue (483.1744277924) (-24.8551145817)
continue (506.8225644140) (-24.8651856297)
continue (531.6610098112) (-24.8732194230)
continue (557.6909246123) (-24.8790971824)
continue (585.2710152964) (-24.8840568231)
continue (614.0613010893) (-24.8887374863)
continue (644.0049263721) (-24.8934691462)
continue (675.5129509388) (-24.8979094745)
continue (709.1571757327) (-24.9023956711)
continue (743.8914047481) (-24.9072793553)
continue (780.1943243292) (-24.9118639113)
continue (818.7484014523) (-24.9164973802)
continue (858.8755615612) (-24.9211808169)
continue (901.3520977413) (-24.9262816497)
continue (945.2976875689) (-24.9314431049)
continue (991.6932972211) (-24.9370421659)
continue (1040.3778637019) (-24.9427143556)
continue (1091.4684043795) (-24.9488474776)
continue (1145.0954647103) (-24.9558523791)
continue (1201.4066853216) (-24.9637704559)
continue (1260.3969167586) (-24.9726503922)
continue (1322.2097661295) (-24.9825492705)
continue (1387.2232772362) (-24.9935339578)
continue (1455.2331057433) (-25.0057708592)
continue (1526.6660593340) (-25.0191788334)
continue (1601.8051868807) (-25.0338582673)
continue (1680.3742777364) (-25.0496838361)
continue (1762.9463548393) (-25.0667152277)
continue (1849.5371845270) (-25.0848112948)
continue (1940.5173995240) (-25.1038597486)
continue (2035.8958239867) (-25.1237821594)
continue (2135.6151179200) (-25.1444808443)
continue (2240.6367612895) (-25.1659609818)
continue (2350.4435667177) (-25.1881569938)
continue (2466.2164298145) (-25.2109130849)
continue (2587.3565326986) (-25.2342569586)
continue (2714.5277653156) (-25.2580609223)
continue (2847.7092838014) (-25.2824127031)
continue (2987.7605600540) (-25.3071530807)
continue (3133.6553329314) (-25.3324536605)
continue (3288.5852429320) (-25.3582285293)
continue (3449.1558320078) (-25.3844707764)
continue (3619.0110040368) (-25.4111682744)
continue (3796.9457117352) (-25.4383024673)
continue (3982.8101871349) (-25.4658469258)
continue (4178.2071105752) (-25.4937656404)
continue (4383.1985128257) (-25.5220110237)
continue (4600.0351883718) (-25.5508302678)
continue (4826.6259047482) (-25.5798791519)
continue (5062.5942823136) (-25.6094181214)
continue (5310.4135828465) (-25.6392173101)
continue (5573.4982924554) (-25.6695862267)
continue (5845.2018654038) (-25.7000571000)
continue (6132.3483904203) (-25.7311880963)
continue (6435.5012063309) (-25.7624562619)
continue (6750.1257097515) (-25.7942544591)
continue (7080.5514437953) (-25.8265223565)
continue (7426.7886782107) (-25.8588639099)
continue (7795.2692114325) (-25.8917733436)
continue (8180.1343879395) (-25.9248181454)
continue (8580.6682751079) (-25.9582126810)
continue (8995.7252795307) (-25.9918258160)
continue (9442.2025781417) (-26.0254883073)
continue (9905.0757697441) (-26.0595831353)
continue (10391.9143667061) (-26.0938805425)
continue (10902.9309741141) (-26.1283103343)
continue (11438.0189634299) (-26.1630432629)
continue (11999.8284279228) (-26.1979792482)
continue (12588.2990857364) (-26.2332897927)
continue (13206.7676929921) (-26.2690563066)
continue (13855.3591427164) (-26.3050439978)
continue (14536.0818442568) (-26.3414162846)
continue (15251.3300555055) (-26.3783045377)
continue (15998.3667629294) (-26.4155556928)
continue (16785.1716856964) (-26.4533339749)
continue (17609.0235906562) (-26.4917396945)
continue (18476.6214682980) (-26.5307672575)
continue (19380.4119697247) (-26.5705707356)
continue (20336.2412590149) (-26.6110112149)
continue (21331.1556839058) (-26.6522797830)
continue (22378.8548825259) (-26.6944336865)
continue (23480.2105337917) (-26.7375489103)
continue (24635.4952910640) (-26.7817271464)
continue (25844.2135795932) (-26.8268137316)
continue (27112.9714613644) (-26.8728952016)
continue (28441.5409118744) (-26.9204569926)
continue (29838.4731767013) (-26.9689957186)
continue (31304.2587020425) (-27.0185891598)
continue (32838.4493987912) (-27.0695604052)
continue (34452.4374599794) (-27.1215356547)
continue (36147.0436658650) (-27.1749635588)
continue (37922.0545491659) (-27.2306226739)
continue (39793.3175029020) (-27.2876870913)
continue (41743.7916086329) (-27.3464980530)
continue (43789.8592415404) (-27.4069355683)
continue (45953.9571768258) (-27.4690323184)
continue (48189.6864524831) (-27.5329841816)
continue (50569.7542073505) (-27.5989442742)
continue (53042.3149485714) (-27.6669559702)
continue (55666.8888708892) (-27.7370745307)
continue (58377.1281753015) (-27.8093882022)
continue (61241.0598666973) (-27.8847224086)
continue (64264.2433580011) (-27.9625735021)
continue (67401.4031668977) (-28.0430635862)
continue (70750.5412124578) (-28.1263888030)
continue (74207.4080469427) (-28.2123270353)
continue (77819.5534429083) (-28.3014645074)
continue (81654.7464889298) (-28.3935111496)
continue (85725.9615067221) (-28.4886514845)
continue (89868.5375558636) (-28.5877074907)
continue (94314.5281325250) (-28.6899442622)
continue (98943.2107292569) (-28.7961515363)
continue (103800.7712514473) (-28.9058784042)
continue (108899.0165889647) (-29.0189519411)
continue (114251.1247262358) (-29.1363797797)
continue (119856.2371190920) (-29.2570393298)
continue (125744.0279862641) (-29.3811155150)
continue (131933.8310143994) (-29.5096200800)
continue (138406.2835383439) (-29.6395959453)
continue (145198.6887852862) (-29.7713430419)
continue (152334.8329683143) (-29.9027426903)
continue (159815.3228369794) (-30.0299322035)
continue (167666.4159735890) (-30.1515029819)
continue (175886.3097503294) (-30.2606650398)
continue (184541.7113844586) (-30.3546759984)
continue (193598.2517137149) (-30.4327383076)
continue (203090.4771153235) (-30.4910664739)
continue (213112.0137550178) (-30.5335772776)
continue (223568.9329775408) (-30.5689580547)
continue (234560.3528485087) (-30.6043242147)
continue (246022.4003284170) (-30.6397853867)
continue (258149.2835174097) (-30.6751005029)
continue (270807.4207478325) (-30.7106340485)
continue (284149.3516733571) (-30.7459355471)
continue (298091.9106367211) (-30.7814644948)
continue (312720.3057022843) (-30.8167301563)
continue (328029.8671045559) (-30.8523236758)
continue (344134.0524231330) (-30.8877302316)
continue (361040.7966784692) (-30.9229956732)
continue (378747.7019187267) (-30.9582126810)
continue (397412.5472378789) (-30.9939620450)
continue (416865.0369700166) (-31.0291883891)
continue (437478.1424946981) (-31.0645935102)
continue (458845.4032308441) (-31.0999607645)
continue (481387.7289046257) (-31.1353702755)
continue (505136.9017829581) (-31.1707605719)
continue (529806.3783816607) (-31.2061397987)
continue (555989.6100161417) (-31.2415423114)
continue (583397.5485380642) (-31.2769550084)
continue (611999.3088089029) (-31.3123818704)
continue (3672982.5506507708) (-32.3879582554)
continue (3709712.3761572787) (-50.0000000000)
continue (7354000.0000000000) (-50.0000000000)
f(nu) = -20.5099621376 at 1.0000000000 Ryd
