# Puchwein et al 2019
# z = 9.994000
# E [Ryd] log (J_nu)
interpolate (0.0000000100) (-50.0000000000)
continue (0.0007810860) (-50.0000000000)
continue (0.0007889757) (-18.1972262747)
continue (0.0008276721) (-18.2178858525)
continue (0.0008678733) (-18.2402566324)
continue (0.0009112670) (-18.2648803659)
continue (0.0009556071) (-18.2910694642)
continue (0.0010026042) (-18.3179452229)
continue (0.0010517855) (-18.3458234581)
continue (0.0011034960) (-18.3748934246)
continue (0.0011577525) (-18.4052760536)
continue (0.0012145368) (-18.4365189146)
continue (0.0012741429) (-18.4681380509)
continue (0.0013367566) (-18.5003129174)
continue (0.0014023807) (-18.5329841816)
continue (0.0014712092) (-18.5665502062)
continue (0.0015434739) (-18.6008456660)
continue (0.0016194544) (-18.6358243672)
continue (0.0016988571) (-18.6708055849)
continue (0.0017822550) (-18.7061956401)
continue (0.0018700328) (-18.7416021959)
continue (0.0019618234) (-18.7772835289)
continue (0.0020579652) (-18.8136087843)
continue (0.0021594004) (-18.8501653033)
continue (0.0022651429) (-18.8877302316)
continue (0.0023768048) (-18.9255492810)
continue (0.0024932065) (-18.9637704559)
continue (0.0026155768) (-19.0015662811)
continue (0.0027439535) (-19.0395292225)
continue (0.0028792005) (-19.0775340547)
continue (0.0030204407) (-19.1154878408)
continue (0.0031685222) (-19.1534773316)
continue (0.0033245785) (-19.1915189434)
continue (0.0034874358) (-19.2295898685)
continue (0.0036582375) (-19.2676866725)
continue (0.0038385298) (-19.3059215379)
continue (0.0040268094) (-19.3440935818)
continue (0.0042246962) (-19.3823707022)
continue (0.0044322323) (-19.4206737962)
continue (0.0046493213) (-19.4589202322)
continue (0.0048783028) (-19.4971633614)
continue (0.0051194774) (-19.5353614409)
continue (0.0053698702) (-19.5736514262)
continue (0.0056320579) (-19.6118987984)
continue (0.0059096431) (-19.6501399178)
continue (0.0061990950) (-19.6884580416)
continue (0.0065044038) (-19.7265357274)
continue (0.0068259698) (-19.7647241233)
continue (0.0071584208) (-19.8024437868)
continue (0.0075125059) (-19.8401321529)
continue (0.0078829323) (-19.8774564759)
continue (0.0082692103) (-19.9139962944)
continue (0.0086704755) (-19.9496202437)
continue (0.0090944807) (-19.9838026465)
continue (0.0095460609) (-20.0163286171)
continue (0.0100150233) (-20.0475950604)
continue (0.0105069407) (-20.0773783285)
continue (0.0110229463) (-20.1055177850)
continue (0.0115643017) (-20.1317671316)
continue (0.0121324320) (-20.1560823620)
continue (0.0127271923) (-20.1782900027)
continue (0.0133518970) (-20.1979792482)
continue (0.0140087159) (-20.2143143317)
continue (0.0146954841) (-20.2267988576)
continue (0.0154190689) (-20.2352262831)
continue (0.0161744226) (-20.2388241868)
continue (0.0169695898) (-20.2371714468)
continue (0.0178051382) (-20.2294425251)
continue (0.0186773308) (-20.2147413666)
continue (0.0195971392) (-20.1923973301)
continue (0.0205564397) (-20.1655792963)
continue (0.0215684490) (-20.1414628024)
continue (0.0226289290) (-20.1211336630)
continue (0.0237370922) (-20.1008363585)
continue (0.0249048093) (-20.0803989762)
continue (0.0261257732) (-20.0584885674)
continue (0.0274065254) (-20.0349394794)
continue (0.0287556633) (-20.0124677973)
continue (0.0301644148) (-19.9913998282)
continue (0.0316522046) (-19.9702105292)
continue (0.0332094377) (-19.9476909004)
continue (0.0348343643) (-19.9219058496)
continue (0.0365530273) (-19.8914349763)
continue (0.0383368519) (-19.8591778199)
continue (0.0402325373) (-19.8338660297)
continue (0.0422078263) (-19.8153085692)
continue (0.0442792503) (-19.7977842242)
continue (0.0464458191) (-19.7817271464)
continue (0.0487308541) (-19.7672579373)
continue (0.0511373160) (-19.7554754884)
continue (0.0536354897) (-19.7486051500)
continue (0.0562510476) (-19.7459355471)
continue (0.0590198815) (-19.7432822540)
continue (0.0619488083) (-19.7373116557)
continue (0.0649513165) (-19.7300203234)
continue (0.0681575894) (-19.7239980100)
continue (0.0715280197) (-19.7180580666)
continue (0.0750013968) (-19.7115271994)
continue (0.0786931754) (-19.7044329000)
continue (0.0825422981) (-19.6978856230)
continue (0.0866223356) (-19.6925039621)
continue (0.0908541347) (-19.6867657083)
continue (0.0953507346) (-19.6775739476)
continue (0.1000293052) (-19.6691805335)
continue (0.1049484016) (-19.6607473660)
continue (0.1100962874) (-19.6474316138)
continue (0.1155110877) (-19.6375175252)
continue (0.1211791185) (-19.6311554932)
continue (0.1271298787) (-19.6232406046)
continue (0.1333821679) (-19.6133227160)
continue (0.1399365741) (-19.6024075660)
continue (0.1467891383) (-19.5905741313)
continue (0.1540082763) (-19.5788898702)
continue (0.1615721579) (-19.5699249444)
continue (0.1695065050) (-19.5622494372)
continue (0.1778428905) (-19.5543957967)
continue (0.1865820989) (-19.5456125329)
continue (0.1957188511) (-19.5391021572)
continue (0.2053328010) (-19.5397036732)
continue (0.2154295439) (-19.5453075508)
continue (0.2260086733) (-19.5568935433)
continue (0.2371238540) (-19.5692801121)
continue (0.2487761318) (-19.5622494372)
continue (0.2609584682) (-19.5488278425)
continue (0.2738182004) (-19.5451551400)
continue (0.2872846692) (-19.5404567417)
continue (0.3013448978) (-19.5344684430)
continue (0.3161925645) (-19.5268050908)
continue (0.3317316967) (-19.5172692999)
continue (0.3479446242) (-19.5066813918)
continue (0.3650909338) (-19.4949857599)
continue (0.3830462256) (-19.4834646261)
continue (0.4017931970) (-19.4731440129)
continue (0.4214925859) (-19.4633153274)
continue (0.4421479723) (-19.4528408787)
continue (0.4639852194) (-19.4415314375)
continue (0.4867879118) (-19.3897658247)
continue (0.5105137091) (-19.3743789186)
continue (0.5357242627) (-19.3586250548)
continue (0.5621634613) (-19.3418931645)
continue (0.5898168096) (-19.3269790929)
continue (0.6186469591) (-19.3209356819)
continue (0.6490505490) (-19.3261500227)
continue (0.6810664954) (-19.3269790929)
continue (0.7141590680) (-19.3329207945)
continue (0.7493222477) (-19.3234892897)
continue (0.7494721272) (-19.6305985863)
continue (0.7862527790) (-19.7011469236)
continue (0.8246759917) (-19.8741935419)
continue (0.8288690942) (-19.9012801496)
continue (0.8329222993) (-19.9301506766)
continue (0.8369692137) (-19.9612129866)
continue (0.8410245965) (-19.9948151961)
continue (0.8450724461) (-20.0314096586)
continue (0.8491277985) (-20.0710565037)
continue (0.8531743306) (-20.1148706918)
continue (0.8572273582) (-20.1644514692)
continue (0.8612783740) (-20.2214038258)
continue (0.8654007320) (-20.2881084501)
continue (0.8695793374) (-20.3753456640)
continue (0.8738320076) (-20.4851269803)
continue (0.8780757090) (-20.6331588272)
continue (0.8823266565) (-20.8608232759)
continue (0.8865758338) (-21.3728093305)
continue (0.8880856269) (-inf)
continue (0.8882632618) (-20.0513425679)
continue (0.8908313008) (-20.0733242419)
continue (0.8950838547) (-20.1148209052)
continue (0.8993328242) (-20.1605093828)
continue (0.9035775261) (-20.2117191795)
continue (0.9076364251) (-20.2699448476)
continue (0.9122887342) (-20.3425234488)
continue (0.9167472861) (-20.4293508344)
continue (0.9212067921) (-20.5376034997)
continue (0.9256657008) (-20.6816548826)
continue (0.9301243111) (-20.8980227835)
continue (0.9345829462) (-21.3470915988)
continue (0.9369417514) (-inf)
continue (0.9371291585) (-20.5080782874)
continue (0.9390419537) (-20.5488570423)
continue (0.9435007297) (-20.6563511827)
continue (0.9479596448) (-20.7986684345)
continue (0.9524111317) (-21.0104611967)
continue (0.9531313595) (-21.0652067326)
continue (0.9538446901) (-21.1252642899)
continue (0.9545580893) (-21.1920856373)
continue (0.9552715550) (-21.2677864293)
continue (0.9559850851) (-21.3556461111)
continue (0.9566986776) (-21.4611599404)
continue (0.9574113244) (-21.5946263158)
continue (0.9581250337) (-21.7791704316)
continue (0.9588387990) (-22.0885786974)
continue (0.9594354567) (-inf)
continue (0.9596273630) (-21.0172766123)
continue (0.9607716931) (-21.0790313535)
continue (0.9619918385) (-21.1459771011)
continue (0.9632120325) (-21.2195458670)
continue (0.9644322638) (-21.3018541996)
continue (0.9656525208) (-21.3961814241)
continue (0.9668727920) (-21.5080209263)
continue (0.9680930657) (-21.6476746707)
continue (0.9693133303) (-21.8382667450)
continue (0.9705335740) (-22.1535812333)
continue (0.9716099949) (-inf)
continue (0.9718043363) (-21.4795164673)
continue (0.9724931975) (-21.5344476283)
continue (0.9732326966) (-21.5946621789)
continue (0.9739722802) (-21.6616371488)
continue (0.9747119461) (-21.7374895845)
continue (0.9754506480) (-21.8254982688)
continue (0.9761904704) (-21.9311576251)
continue (0.9769303686) (-22.0647709330)
continue (0.9776692914) (-22.2494568938)
continue (0.9784093329) (-22.5590043824)
continue (0.9790220836) (-inf)
continue (0.9792179076) (-21.8184422261)
continue (0.9796262717) (-21.8698753866)
continue (0.9801046187) (-21.9267033215)
continue (0.9805823779) (-21.9903409307)
continue (0.9810606032) (-22.0629020621)
continue (0.9815392951) (-22.1476652021)
continue (0.9820173961) (-22.2501246088)
continue (0.9824949039) (-22.3805800274)
continue (0.9829728762) (-22.5621575160)
continue (0.9834513138) (-22.8686412203)
continue (0.9837787230) (-inf)
continue (0.9839754984) (-22.0846001648)
continue (0.9842532892) (-22.1341661001)
continue (0.9845776371) (-22.1890963906)
continue (0.9849011343) (-22.2508513840)
continue (0.9852259094) (-22.3215471798)
continue (0.9855498328) (-22.4044618939)
continue (0.9858739693) (-22.5050916131)
continue (0.9861983191) (-22.6337358461)
continue (0.9865228824) (-22.8135154889)
continue (0.9868465907) (-23.1182217461)
continue (0.9870824973) (-inf)
continue (0.9872799335) (-22.2903908789)
continue (0.9874069046) (-22.3388435095)
continue (0.9876423407) (-22.3927144383)
continue (0.9878789599) (-22.4534166233)
continue (0.9881146211) (-22.5230669803)
continue (0.9883503948) (-22.6049428306)
continue (0.9885862810) (-22.7045406624)
continue (0.9888222799) (-22.8321600538)
continue (0.9890583914) (-23.0109232306)
continue (0.9892935417) (-23.3146174864)
continue (0.9894406051) (-inf)
continue (0.9896385130) (-21.8244881866)
continue (0.9991962399) (-25.8425432319)
continue (1.0439534549) (-25.9952488444)
continue (1.0951411739) (-26.0219565061)
continue (1.1489937849) (-25.9457700901)
continue (1.2053795910) (-26.0066960621)
continue (1.2645947416) (-25.8467950999)
continue (1.3266370226) (-25.8303255659)
continue (1.3918847882) (-25.7937139556)
continue (1.4601297401) (-25.6591594502)
continue (1.5320561043) (-25.7495799977)
continue (1.6071727880) (-25.6931462513)
continue (1.6862823294) (-25.8850555843)
continue (1.7691069129) (-25.8398317070)
continue (1.8559408774) (-25.9255492810)
continue (1.9471516470) (-25.8315025165)
continue (2.0427414724) (-25.8860566477)
continue (2.1431490377) (-25.8517059026)
continue (2.2483764392) (-25.8884014751)
continue (2.3583513737) (-25.8395314689)
continue (2.4742518893) (-25.9139962944)
continue (2.5962021961) (-25.9393021596)
continue (2.7234517956) (-25.8944898152)
continue (2.8575320502) (-25.8774564759)
continue (2.9972889909) (-25.8184422261)
continue (2.9978885086) (-25.8449677712)
continue (3.1444684983) (-26.1450263263)
continue (3.2993011253) (-25.8847224086)
continue (3.3154824080) (-25.8772043570)
continue (3.3316770164) (-25.8924949461)
continue (3.3478830047) (-25.9077110579)
continue (3.3640859670) (-25.9228502053)
continue (3.3802960540) (-25.9379184006)
continue (3.3964985345) (-25.9529199272)
continue (3.4127037129) (-25.9678447876)
continue (3.4289094326) (-25.9826994848)
continue (3.4451134960) (-25.9974840508)
continue (3.4609455785) (-26.0121997142)
continue (3.4783173495) (-25.9809959341)
continue (3.4953146235) (-25.9727401149)
continue (3.5123163736) (-25.9645222319)
continue (3.5293202949) (-25.9563430520)
continue (3.5463240368) (-25.9482032695)
continue (3.5537279767) (-233.8551145817)
continue (3.5544387934) (-25.9446216686)
continue (3.5633252031) (-25.9402700146)
continue (3.5803213519) (-25.9322226414)
continue (3.5973241965) (-25.9242231788)
continue (3.6143172719) (-25.9162716917)
continue (3.6319927095) (-25.9083330424)
continue (3.6491549368) (-26.0413778325)
continue (3.6669965225) (-26.1966651322)
continue (3.6848197184) (-26.3512127364)
continue (3.7026665643) (-26.5050318663)
continue (3.7204896494) (-26.6581363394)
continue (3.7383317846) (-26.8105377605)
continue (3.7481524197) (-99.1667253607)
continue (3.7489021252) (-26.8938091027)
continue (3.7561600736) (-26.9616302355)
continue (3.7740029190) (-27.1124715929)
continue (3.7918425237) (-27.2625616448)
continue (3.8096445268) (-27.4118403836)
continue (3.8125294258) (-27.4157094926)
continue (3.8153867477) (-27.4196305012)
continue (3.8182323571) (-27.4235492260)
continue (3.8210822144) (-27.4274641187)
continue (3.8239363290) (-27.4313770972)
continue (3.8267947105) (-27.4352866038)
continue (3.8296412741) (-27.4391934162)
continue (3.8324920757) (-27.4430983451)
continue (3.8353471248) (-27.4469985877)
continue (3.8381459698) (-61.2795099315)
continue (3.8389136758) (-27.4508740732)
continue (3.8430948760) (-27.4575293710)
continue (3.8479632917) (-27.4641820039)
continue (3.8528440576) (-27.4708251126)
continue (3.8577372208) (-27.4774605712)
continue (3.8626100831) (-27.4840877600)
continue (3.8674952713) (-27.4907074012)
continue (3.8723763766) (-27.4973175681)
continue (3.8772533211) (-27.5039190230)
continue (3.8821260270) (-27.5105140201)
continue (3.8872689984) (-46.2616952069)
continue (3.8880465300) (-27.5171264164)
continue (3.8899644875) (-27.5210686195)
continue (3.8929224712) (-27.5250527547)
continue (3.8958849568) (-27.5290341320)
continue (3.8988519547) (-27.5330123353)
continue (3.9018067686) (-27.5369884332)
continue (3.9047660647) (-27.5409605199)
continue (3.9077130959) (-27.5449296702)
continue (3.9106813613) (-27.5488970032)
continue (3.9136373315) (-27.5528590306)
continue (3.9156676117) (-39.0286777548)
continue (3.9164508235) (-27.5567370125)
continue (3.9185008743) (-27.5593663731)
continue (3.9204226914) (-27.5619246303)
continue (3.9223295118) (-27.5644805212)
continue (3.9242381880) (-27.5670355168)
continue (3.9261487226) (-27.5695879001)
continue (3.9280611185) (-27.5721407787)
continue (3.9299753783) (-27.5746908102)
continue (3.9318915048) (-27.5772411366)
continue (3.9338095006) (-27.5797900242)
continue (3.9359648088) (-35.1298302789)
continue (3.9367520805) (-27.5823622603)
continue (3.9370216616) (-27.5840555870)
continue (3.9383148035) (-27.5857823133)
continue (3.9396087952) (-27.5875075327)
continue (3.9409036375) (-27.5892311996)
continue (3.9421993313) (-27.5909566548)
continue (3.9434958773) (-27.5926804923)
continue (3.9447932764) (-27.5944026652)
continue (3.9460915295) (-27.5961248401)
continue (3.9473906374) (-27.5978521509)
continue (3.9479023104) (-32.8513973452)
continue (3.9486919698) (-27.5996347267)
continue (3.9496318982) (-27.6008162175)
continue (3.9505736443) (-27.6020686773)
continue (3.9515158397) (-27.6033195328)
continue (3.9524584845) (-27.6045722543)
continue (3.9534015792) (-27.6058233427)
continue (3.9543451241) (-27.6070745308)
continue (3.9552891195) (-27.6083240468)
continue (3.9562335657) (-27.6095754006)
continue (3.9571784630) (-27.6109349673)
continue (3.9581922382) (-31.4116162316)
continue (3.9589839558) (-27.6120765330)
continue (3.9963853212) (-27.6857113391)
continue (3.9971846782) (-27.6857113391)
continue (4.1935893733) (-28.2509597313)
continue (4.3980066159) (-28.4284076166)
continue (4.6140099788) (-28.6174426781)
continue (4.8420136600) (-28.5760990815)
continue (5.0795260358) (-28.8344589233)
continue (5.3290466130) (-28.8353497841)
continue (5.5905949130) (-28.8680607048)
continue (5.8640088212) (-28.8317972532)
continue (6.1530517948) (-28.8401321529)
continue (6.4537320879) (-28.8253588073)
continue (6.7752191139) (-28.8088285443)
continue (7.1026264288) (-28.7910214827)
continue (7.4571765206) (-28.7710865940)
continue (7.8220340843) (-28.7508016426)
continue (8.2022229596) (-28.7295540920)
continue (8.6049761172) (-28.7070797004)
continue (9.0313872232) (-28.6848696828)
continue (9.4736144175) (-28.6619421246)
continue (9.9396484600) (-28.6384610287)
continue (10.4275886350) (-28.6147513176)
continue (10.9395794816) (-28.5907433480)
continue (11.4769139901) (-28.5663901567)
continue (12.0410540541) (-28.5418155644)
continue (12.6319236321) (-28.5169835799)
continue (13.2528646134) (-28.4920092752)
continue (13.9039818556) (-28.4667364832)
continue (14.5849387135) (-28.4414114169)
continue (15.3025519868) (-28.4158950296)
continue (16.0547387388) (-28.3901922307)
continue (16.8410085163) (-28.3645162532)
continue (17.6704861512) (-28.3386606600)
continue (18.5367569328) (-28.3128278954)
continue (19.4465849513) (-28.2863414838)
continue (20.4045448011) (-28.2594794139)
continue (21.4063183185) (-28.2323247760)
continue (22.4560613804) (-28.2041199827)
continue (23.5591254089) (-28.1752235375)
continue (24.7156759104) (-28.1312967977)
continue (25.9324692890) (-28.0549747988)
continue (27.2019991288) (-27.9800533183)
continue (28.5395230447) (-27.9093892922)
continue (29.9463348937) (-27.8425432319)
continue (31.4121672119) (-27.7744322866)
continue (32.9572141344) (-27.7061956401)
continue (34.5700671782) (-27.6392173101)
continue (36.2765513860) (-27.5783960731)
continue (38.0487252951) (-27.5341711846)
continue (39.9153294269) (-27.5195618528)
continue (41.8780777030) (-27.4792545285)
continue (43.9376552949) (-27.4190750243)
continue (46.0934229042) (-27.3625102705)
continue (48.3687351813) (-27.3090069679)
continue (50.7386954798) (-27.2601904010)
continue (53.2282109122) (-27.2160964207)
continue (55.8374369373) (-27.1735364509)
continue (58.6023775445) (-27.1329451995)
continue (61.4475368049) (-27.0982693083)
continue (64.4916469085) (-27.0658046507)
continue (67.6515939730) (-27.0331077041)
continue (70.9709478829) (-27.0026136156)
continue (74.4499159164) (-26.9751040399)
continue (78.0862871308) (-26.9515581964)
continue (81.9484685986) (-26.9307019879)
continue (85.9685821525) (-26.9129287941)
continue (90.2244525561) (-26.8985966494)
continue (94.6279305105) (-26.8867253075)
continue (99.2773690834) (-26.8768019250)
continue (104.1567002876) (-26.8687022034)
continue (109.2777276432) (-26.8623294628)
continue (114.6391962280) (-26.8585502266)
continue (120.2675162751) (-26.8560488836)
continue (126.1793091687) (-26.8551145817)
continue (132.3746325997) (-26.8563607647)
continue (138.8703094813) (-26.8582367697)
continue (145.6861663975) (-26.8601209136)
continue (152.8458522000) (-26.8623294628)
continue (160.3496341398) (-26.8651856297)
continue (168.2235500861) (-26.8690233084)
continue (176.4995101330) (-26.8735438866)
continue (185.1792259330) (-26.8777841217)
continue (194.2585740389) (-26.8814046348)
continue (203.8172603034) (-26.8850555843)
continue (213.8120532183) (-26.8890737577)
continue (224.3394807525) (-26.8934691462)
continue (235.3478746943) (-26.8972233851)
continue (246.8889110855) (-26.9010103606)
continue (259.0298382082) (-26.9048306486)
continue (271.6955786573) (-26.9083330424)
continue (285.0381516473) (-26.9122185822)
continue (299.0702234383) (-26.9154237221)
continue (313.7971662591) (-26.9186526922)
continue (329.2149461042) (-26.9219058496)
continue (345.3076812491) (-26.9251835594)
continue (362.3327915771) (-26.9292235372)
continue (380.1697834028) (-26.9336740746)
continue (398.8039259591) (-26.9393021596)
continue (418.3962216788) (-26.9461535731)
continue (438.9532614723) (-26.9554602396)
continue (460.4684036465) (-26.9681877287)
continue (483.1744277924) (-26.9846402446)
continue (506.8225644140) (-27.0030507515)
continue (531.6610098112) (-27.0188612174)
continue (557.6909246123) (-27.0283531179)
continue (585.2710152964) (-27.0326860817)
continue (614.0613010893) (-27.0370627116)
continue (644.0049263721) (-27.0408631688)
continue (675.5129509388) (-27.0441679898)
continue (709.1571757327) (-27.0477889419)
continue (743.8914047481) (-27.0514892312)
continue (780.1943243292) (-27.0552213189)
continue (818.7484014523) (-27.0591350240)
continue (858.8755615612) (-27.0633354870)
continue (901.3520977413) (-27.0673233414)
continue (945.2976875689) (-27.0709388759)
continue (991.6932972211) (-27.0740694021)
continue (1040.3778637019) (-27.0768078096)
continue (1091.4684043795) (-27.0791986182)
continue (1145.0954647103) (-27.0814978604)
continue (1201.4066853216) (-27.0840727883)
continue (1260.3969167586) (-27.0872466963)
continue (1322.2097661295) (-27.0911934006)
continue (1387.2232772362) (-27.0961506619)
continue (1455.2331057433) (-27.1022629747)
continue (1526.6660593340) (-27.1096348786)
continue (1601.8051868807) (-27.1185582781)
continue (1680.3742777364) (-27.1291281049)
continue (1762.9463548393) (-27.1414026550)
continue (1849.5371845270) (-27.1553364718)
continue (1940.5173995240) (-27.1705675664)
continue (2035.8958239867) (-27.1870866434)
continue (2135.6151179200) (-27.2046762357)
continue (2240.6367612895) (-27.2232988160)
continue (2350.4435667177) (-27.2429837653)
continue (2466.2164298145) (-27.2636831921)
continue (2587.3565326986) (-27.2850000326)
continue (2714.5277653156) (-27.3066248490)
continue (2847.7092838014) (-27.3290123970)
continue (2987.7605600540) (-27.3519328706)
continue (3133.6553329314) (-27.3752024210)
continue (3288.5852429320) (-27.3991359637)
continue (3449.1558320078) (-27.4236586498)
continue (3619.0110040368) (-27.4487940563)
continue (3796.9457117352) (-27.4745664466)
continue (3982.8101871349) (-27.5005878743)
continue (4178.2071105752) (-27.5269511949)
continue (4383.1985128257) (-27.5536181878)
continue (4600.0351883718) (-27.5808706923)
continue (4826.6259047482) (-27.6087119514)
continue (5062.5942823136) (-27.6369524055)
continue (5310.4135828465) (-27.6653452331)
continue (5573.4982924554) (-27.6940041172)
continue (5845.2018654038) (-27.7230788679)
continue (6132.3483904203) (-27.7527634505)
continue (6435.5012063309) (-27.7827793444)
continue (6750.1257097515) (-27.8133261325)
continue (7080.5514437953) (-27.8443603662)
continue (7426.7886782107) (-27.8758219445)
continue (7795.2692114325) (-27.9076303004)
continue (8180.1343879395) (-27.9396799713)
continue (8580.6682751079) (-27.9718355806)
continue (8995.7252795307) (-28.0048037084)
continue (9442.2025781417) (-28.0378675307)
continue (9905.0757697441) (-28.0712457978)
continue (10391.9143667061) (-28.1049644025)
continue (10902.9309741141) (-28.1385253311)
continue (11438.0189634299) (-28.1721785723)
continue (11999.8284279228) (-28.2059304160)
continue (12588.2990857364) (-28.2398792147)
continue (13206.7676929921) (-28.2745784499)
continue (13855.3591427164) (-28.3094495385)
continue (14536.0818442568) (-28.3443814165)
continue (15251.3300555055) (-28.3796557002)
continue (15998.3667629294) (-28.4151036559)
continue (16785.1716856964) (-28.4508740732)
continue (17609.0235906562) (-28.4869156395)
continue (18476.6214682980) (-28.5234581910)
continue (19380.4119697247) (-28.5608252602)
continue (20336.2412590149) (-28.5985994592)
continue (21331.1556839058) (-28.6367641955)
continue (22378.8548825259) (-28.6759234203)
continue (23480.2105337917) (-28.7157949323)
continue (24635.4952910640) (-28.7567138539)
continue (25844.2135795932) (-28.7983298204)
continue (27112.9714613644) (-28.8407336689)
continue (28441.5409118744) (-28.8843894883)
continue (29838.4731767013) (-28.9292235372)
continue (31304.2587020425) (-28.9751040399)
continue (32838.4493987912) (-29.0219565061)
continue (34452.4374599794) (-29.0698663542)
continue (36147.0436658650) (-29.1191292675)
continue (37922.0545491659) (-29.1694754859)
continue (39793.3175029020) (-29.2210532720)
continue (41743.7916086329) (-29.2752327544)
continue (43789.8592415404) (-29.3308691526)
continue (45953.9571768258) (-29.3878521617)
continue (48189.6864524831) (-29.4466024899)
continue (50569.7542073505) (-29.5066813918)
continue (53042.3149485714) (-29.5689580547)
continue (55666.8888708892) (-29.6330170240)
continue (58377.1281753015) (-29.6987529114)
continue (61241.0598666973) (-29.7677664789)
continue (64264.2433580011) (-29.8389316145)
continue (67401.4031668977) (-29.9132843361)
continue (70750.5412124578) (-29.9905491042)
continue (74207.4080469427) (-30.0696113818)
continue (77819.5534429083) (-30.1521806527)
continue (81654.7464889298) (-30.2373964504)
continue (85725.9615067221) (-30.3250470520)
continue (89868.5375558636) (-30.4175957020)
continue (94314.5281325250) (-30.5128616245)
continue (98943.2107292569) (-30.6118987984)
continue (103800.7712514473) (-30.7153437172)
continue (108899.0165889647) (-30.8213107602)
continue (114251.1247262358) (-30.9329291440)
continue (119856.2371190920) (-31.0481284429)
continue (125744.0279862641) (-31.1666616111)
continue (131933.8310143994) (-31.2928558117)
continue (138406.2835383439) (-31.4225082002)
continue (145198.6887852862) (-31.5575202309)
continue (152334.8329683143) (-31.6996219351)
continue (159815.3228369794) (-31.8452717926)
continue (167666.4159735890) (-32.0000000000)
continue (175886.3097503294) (-32.1593921210)
continue (184541.7113844586) (-32.3210266241)
continue (193598.2517137149) (-32.4962093169)
continue (203090.4771153235) (-32.6746896283)
continue (213112.0137550178) (-32.8588639099)
continue (223568.9329775408) (-33.0488082421)
continue (234560.3528485087) (-33.2295898685)
continue (246022.4003284170) (-33.4003352212)
continue (258149.2835174097) (-33.5238932832)
continue (270807.4207478325) (-33.5671909950)
continue (284149.3516733571) (-33.5671909950)
continue (298091.9106367211) (-33.5671909950)
continue (312720.3057022843) (-33.5700863022)
continue (328029.8671045559) (-33.5787252088)
continue (344134.0524231330) (-33.5915904215)
continue (361040.7966784692) (-33.6106566887)
continue (378747.7019187267) (-33.6395959453)
continue (397412.5472378789) (-33.6844494656)
continue (416865.0369700166) (-33.7557228792)
continue (437478.1424946981) (-33.8771290771)
continue (458845.4032308441) (-34.1143561282)
continue (481387.7289046257) (-34.3862638587)
continue (505136.9017829581) (-34.4217046949)
continue (529806.3783816607) (-34.4570501512)
continue (555989.6100161417) (-34.4925489391)
continue (583397.5485380642) (-34.5278288533)
continue (611999.3088089029) (-34.5633603683)
continue (3672982.5506507708) (-35.6388390048)
continue (3709712.3761572787) (-50.0000000000)
continue (7354000.0000000000) (-50.0000000000)
f(nu) = -24.7460756894 at 1.0000000000 Ryd
