# Puchwein et al 2019
# z = 9.479000
# E [Ryd] log (J_nu)
interpolate (0.0000000100) (-50.0000000000)
continue (0.0007810860) (-50.0000000000)
continue (0.0007889757) (-18.1643728338)
continue (0.0008276721) (-18.1852863873)
continue (0.0008678733) (-18.2078885909)
continue (0.0009112670) (-18.2326214759)
continue (0.0009556071) (-18.2590060684)
continue (0.0010026042) (-18.2860057323)
continue (0.0010517855) (-18.3139897087)
continue (0.0011034960) (-18.3432312207)
continue (0.0011577525) (-18.3738650214)
continue (0.0012145368) (-18.4051656444)
continue (0.0012741429) (-18.4368750397)
continue (0.0013367566) (-18.4689044531)
continue (0.0014023807) (-18.5016894462)
continue (0.0014712092) (-18.5353614409)
continue (0.0015434739) (-18.5697636466)
continue (0.0016194544) (-18.6048484085)
continue (0.0016988571) (-18.6397853867)
continue (0.0017822550) (-18.6751005029)
continue (0.0018700328) (-18.7106340485)
continue (0.0019618234) (-18.7464197104)
continue (0.0020579652) (-18.7827793444)
continue (0.0021594004) (-18.8193007987)
continue (0.0022651429) (-18.8569851997)
continue (0.0023768048) (-18.8948305720)
continue (0.0024932065) (-18.9329291440)
continue (0.0026155768) (-18.9706162223)
continue (0.0027439535) (-19.0086409974)
continue (0.0028792005) (-19.0466269493)
continue (0.0030204407) (-19.0846001648)
continue (0.0031685222) (-19.1225710592)
continue (0.0033245785) (-19.1605848073)
continue (0.0034874358) (-19.1986649043)
continue (0.0036582375) (-19.2367217890)
continue (0.0038385298) (-19.2749054789)
continue (0.0040268094) (-19.3130064337)
continue (0.0042246962) (-19.3511522916)
continue (0.0044322323) (-19.3893398369)
continue (0.0046493213) (-19.4274769022)
continue (0.0048783028) (-19.4654662440)
continue (0.0051194774) (-19.5034854813)
continue (0.0053698702) (-19.5416643740)
continue (0.0056320579) (-19.5797141151)
continue (0.0059096431) (-19.6176226965)
continue (0.0061990950) (-19.6556077263)
continue (0.0065044038) (-19.6935749724)
continue (0.0068259698) (-19.7314220281)
continue (0.0071584208) (-19.7690404443)
continue (0.0075125059) (-19.8063189705)
continue (0.0078829323) (-19.8431480989)
continue (0.0082692103) (-19.8790971824)
continue (0.0086704755) (-19.9143527117)
continue (0.0090944807) (-19.9476909004)
continue (0.0095460609) (-19.9792245118)
continue (0.0100150233) (-20.0094835560)
continue (0.0105069407) (-20.0380571169)
continue (0.0110229463) (-20.0648959788)
continue (0.0115643017) (-20.0897492277)
continue (0.0121324320) (-20.1124952258)
continue (0.0127271923) (-20.1327093301)
continue (0.0133518970) (-20.1498440776)
continue (0.0140087159) (-20.1635492863)
continue (0.0146954841) (-20.1737307806)
continue (0.0154190689) (-20.1798642481)
continue (0.0161744226) (-20.1813782736)
continue (0.0169695898) (-20.1778319206)
continue (0.0178051382) (-20.1680023228)
continue (0.0186773308) (-20.1512568181)
continue (0.0195971392) (-20.1277271538)
continue (0.0205564397) (-20.0999060985)
continue (0.0215684490) (-20.0750491111)
continue (0.0226289290) (-20.0542360769)
continue (0.0237370922) (-20.0333421158)
continue (0.0249048093) (-20.0114410431)
continue (0.0261257732) (-19.9884295564)
continue (0.0274065254) (-19.9645702618)
continue (0.0287556633) (-19.9415739755)
continue (0.0301644148) (-19.9204569926)
continue (0.0316522046) (-19.8985966494)
continue (0.0332094377) (-19.8758219445)
continue (0.0348343643) (-19.8498578382)
continue (0.0365530273) (-19.8198741248)
continue (0.0383368519) (-19.7880789157)
continue (0.0402325373) (-19.7624562619)
continue (0.0422078263) (-19.7437634668)
continue (0.0442792503) (-19.7265357274)
continue (0.0464458191) (-19.7106340485)
continue (0.0487308541) (-19.6965879294)
continue (0.0511373160) (-19.6852903070)
continue (0.0536354897) (-19.6790233227)
continue (0.0562510476) (-19.6773672883)
continue (0.0590198815) (-19.6761293935)
continue (0.0619488083) (-19.6710091446)
continue (0.0649513165) (-19.6643415477)
continue (0.0681575894) (-19.6589613683)
continue (0.0715280197) (-19.6526699847)
continue (0.0750013968) (-19.6458915609)
continue (0.0786931754) (-19.6394065864)
continue (0.0825422981) (-19.6335770428)
continue (0.0866223356) (-19.6287473709)
continue (0.0908541347) (-19.6239708183)
continue (0.0953507346) (-19.6158258612)
continue (0.1000293052) (-19.6083592965)
continue (0.1049484016) (-19.6006724678)
continue (0.1100962874) (-19.5887170870)
continue (0.1155110877) (-19.5797141151)
continue (0.1211791185) (-19.5738141748)
continue (0.1271298787) (-19.5659103616)
continue (0.1333821679) (-19.5564241202)
continue (0.1399365741) (-19.5460704079)
continue (0.1467891383) (-19.5353614409)
continue (0.1540082763) (-19.5265130299)
continue (0.1615721579) (-19.5182708030)
continue (0.1695065050) (-19.5096200800)
continue (0.1778428905) (-19.5027938193)
continue (0.1865820989) (-19.4948500217)
continue (0.1957188511) (-19.4893209690)
continue (0.2053328010) (-19.4906630420)
continue (0.2154295439) (-19.4966179365)
continue (0.2260086733) (-19.5090587946)
continue (0.2371238540) (-19.5220110237)
continue (0.2487761318) (-19.5157001607)
continue (0.2609584682) (-19.5026556190)
continue (0.2738182004) (-19.4989407378)
continue (0.2872846692) (-19.4943074926)
continue (0.3013448978) (-19.4879830305)
continue (0.3161925645) (-19.4801720062)
continue (0.3317316967) (-19.4706980022)
continue (0.3479446242) (-19.4601714416)
continue (0.3650909338) (-19.4495270429)
continue (0.3830462256) (-19.4380642367)
continue (0.4017931970) (-19.4271283978)
continue (0.4214925859) (-19.4175957020)
continue (0.4421479723) (-19.4071573169)
continue (0.4639852194) (-19.3622101706)
continue (0.4867879118) (-19.3472703039)
continue (0.5105137091) (-19.3322669475)
continue (0.5357242627) (-19.3171332043)
continue (0.5621634613) (-19.3069769321)
continue (0.5898168096) (-19.2999022954)
continue (0.6186469591) (-19.2995558990)
continue (0.6490505490) (-19.2996424722)
continue (0.6810664954) (-19.3020735552)
continue (0.7141590680) (-19.3097152975)
continue (0.7493222477) (-19.3014645074)
continue (0.7494721272) (-19.6039751034)
continue (0.7862527790) (-19.6744843366)
continue (0.8246759917) (-19.8480176045)
continue (0.8288690942) (-19.8751144677)
continue (0.8329222993) (-19.9040917560)
continue (0.8369692137) (-19.9352500833)
continue (0.8410245965) (-19.9689431536)
continue (0.8450724461) (-20.0056225695)
continue (0.8491277985) (-20.0453359470)
continue (0.8531743306) (-20.0892075653)
continue (0.8572273582) (-20.1388456884)
continue (0.8612783740) (-20.1958551135)
continue (0.8654007320) (-20.2626483042)
continue (0.8695793374) (-20.3499976589)
continue (0.8738320076) (-20.4599209112)
continue (0.8780757090) (-20.6080932316)
continue (0.8823266565) (-20.8358970842)
continue (0.8865758338) (-21.3480226373)
continue (0.8880856269) (-inf)
continue (0.8882632618) (-20.0265950256)
continue (0.8908313008) (-20.0486071049)
continue (0.8950838547) (-20.0902290161)
continue (0.8993328242) (-20.1360481660)
continue (0.9035775261) (-20.1873874129)
continue (0.9076364251) (-20.2457281313)
continue (0.9122887342) (-20.3183536101)
continue (0.9167472861) (-20.4052164292)
continue (0.9212067921) (-20.5135043464)
continue (0.9256657008) (-20.6575911379)
continue (0.9301243111) (-20.8739920448)
continue (0.9345829462) (-21.3230998068)
continue (0.9369417514) (-inf)
continue (0.9371291585) (-20.4839937696)
continue (0.9390419537) (-20.5248156686)
continue (0.9435007297) (-20.6323310524)
continue (0.9479596448) (-20.7746726230)
continue (0.9524111317) (-20.9863203027)
continue (0.9531313595) (-21.0412440950)
continue (0.9538446901) (-21.1013132047)
continue (0.9545580893) (-21.1681468559)
continue (0.9552715550) (-21.2438593156)
continue (0.9559850851) (-21.3317315265)
continue (0.9566986776) (-21.4372564172)
continue (0.9574113244) (-21.5707339499)
continue (0.9581250337) (-21.7552900378)
continue (0.9588387990) (-22.0647099357)
continue (0.9594354567) (-inf)
continue (0.9596273630) (-20.9935339578)
continue (0.9607716931) (-21.0552449922)
continue (0.9619918385) (-21.1222101131)
continue (0.9632120325) (-21.1957985300)
continue (0.9644322638) (-21.2781251107)
continue (0.9656525208) (-21.3724713135)
continue (0.9668727920) (-21.4843301107)
continue (0.9680930657) (-21.6240018796)
continue (0.9693133303) (-21.8146108525)
continue (0.9705335740) (-22.1299450752)
continue (0.9716099949) (-inf)
continue (0.9718043363) (-21.4559319556)
continue (0.9724931975) (-21.5108785896)
continue (0.9732326966) (-21.5711026195)
continue (0.9739722802) (-21.6380890436)
continue (0.9747119461) (-21.7139524176)
continue (0.9754506480) (-21.8019728218)
continue (0.9761904704) (-21.9076443441)
continue (0.9769303686) (-22.0412646306)
continue (0.9776692914) (-22.2259613865)
continue (0.9784093329) (-22.5355193949)
continue (0.9790220836) (-inf)
continue (0.9792179076) (-21.7950664776)
continue (0.9796262717) (-21.8464320680)
continue (0.9801046187) (-21.9032706911)
continue (0.9805823779) (-21.9669141605)
continue (0.9810606032) (-22.0394802303)
continue (0.9815392951) (-22.1242496240)
continue (0.9820173961) (-22.2267154038)
continue (0.9824949039) (-22.3571775075)
continue (0.9829728762) (-22.5387611671)
continue (0.9834513138) (-22.8452505041)
continue (0.9837787230) (-inf)
continue (0.9839754984) (-22.0612301772)
continue (0.9842532892) (-22.1108070248)
continue (0.9845776371) (-22.1657414717)
continue (0.9849011343) (-22.2275007970)
continue (0.9852259094) (-22.2982006831)
continue (0.9855498328) (-22.3811196929)
continue (0.9858739693) (-22.4817532992)
continue (0.9861983191) (-22.6104016090)
continue (0.9865228824) (-22.7901875152)
continue (0.9868465907) (-23.0948963051)
continue (0.9870824973) (-inf)
continue (0.9872799335) (-22.2670436304)
continue (0.9874069046) (-22.3155406500)
continue (0.9876423407) (-22.3694145057)
continue (0.9878789599) (-22.4301195139)
continue (0.9881146211) (-22.4997731336)
continue (0.9883503948) (-22.5816522980)
continue (0.9885862810) (-22.6812523555)
continue (0.9888222799) (-22.8088732904)
continue (0.9890583914) (-22.9876394958)
continue (0.9892935417) (-23.2913377978)
continue (0.9894406051) (-inf)
continue (0.9896385130) (-21.8013429130)
continue (0.9991962399) (-25.7657358756)
continue (1.0439534549) (-25.9208187540)
continue (1.0951411739) (-25.9492336888)
continue (1.1489937849) (-25.8748441704)
continue (1.2053795910) (-25.9336740746)
continue (1.2645947416) (-25.7718563924)
continue (1.3266370226) (-25.7562180839)
continue (1.3918847882) (-25.7203330560)
continue (1.4601297401) (-25.5882119955)
continue (1.5320561043) (-25.6769542645)
continue (1.6071727880) (-25.6196078399)
continue (1.6862823294) (-25.8344589233)
continue (1.7691069129) (-25.7677664789)
continue (1.8559408774) (-25.8538719643)
continue (1.9471516470) (-25.7599502279)
continue (2.0427414724) (-25.8187282284)
continue (2.1431490377) (-25.7835701691)
continue (2.2483764392) (-25.8181564121)
continue (2.3583513737) (-25.7718563924)
continue (2.4742518893) (-25.8431480989)
continue (2.5962021961) (-25.8833922560)
continue (2.7234517956) (-25.8262311769)
continue (2.8575320502) (-25.8038238150)
continue (2.9972889909) (-25.7537476877)
continue (2.9978885086) (-25.7812020019)
continue (3.1444684983) (-26.0796679285)
continue (3.2993011253) (-25.8224635001)
continue (3.3154824080) (-25.8143785292)
continue (3.3316770164) (-25.8290931911)
continue (3.3478830047) (-25.8437386565)
continue (3.3640859670) (-25.8583119787)
continue (3.3802960540) (-25.8728141841)
continue (3.3964985345) (-25.8872475778)
continue (3.4127037129) (-25.9016158903)
continue (3.4289094326) (-25.9159136967)
continue (3.4451134960) (-25.9301395836)
continue (3.4609455785) (-25.9442395353)
continue (3.4783173495) (-25.9141851591)
continue (3.4953146235) (-25.9070023091)
continue (3.5123163736) (-25.8998535535)
continue (3.5293202949) (-25.8927425320)
continue (3.5463240368) (-25.8856626207)
continue (3.5537279767) (-265.1287190271)
continue (3.5544387934) (-25.8827287043)
continue (3.5633252031) (-25.8788013974)
continue (3.5803213519) (-25.8718075874)
continue (3.5973241965) (-25.8648578038)
continue (3.6143172719) (-25.8579454577)
continue (3.6319927095) (-25.8510890069)
continue (3.6491549368) (-25.9805721267)
continue (3.6669965225) (-26.1323486978)
continue (3.6848197184) (-26.2834057499)
continue (3.7026665643) (-26.4337522953)
continue (3.7204896494) (-26.5834027579)
continue (3.7383317846) (-26.7323707428)
continue (3.7481524197) (-109.9792245118)
continue (3.7489021252) (-26.8138916202)
continue (3.7561600736) (-26.8799857479)
continue (3.7740029190) (-27.0274153541)
continue (3.7918425237) (-27.1741054345)
continue (3.8096445268) (-27.3199365725)
continue (3.8125294258) (-27.3240485248)
continue (3.8153867477) (-27.3281627970)
continue (3.8182323571) (-27.3322734811)
continue (3.8210822144) (-27.3363810425)
continue (3.8239363290) (-27.3404859698)
continue (3.8267947105) (-27.3445868551)
continue (3.8296412741) (-27.3486861194)
continue (3.8324920757) (-27.3527813886)
continue (3.8353471248) (-27.3568741544)
continue (3.8381459698) (-66.2881084501)
continue (3.8389136758) (-27.3609121289)
continue (3.8430948760) (-27.3679164226)
continue (3.8479632917) (-27.3748944542)
continue (3.8528440576) (-27.3818650531)
continue (3.8577372208) (-27.3888260130)
continue (3.8626100831) (-27.3957771879)
continue (3.8674952713) (-27.4027206636)
continue (3.8723763766) (-27.4096564747)
continue (3.8772533211) (-27.4165824330)
continue (3.8821260270) (-27.4234997064)
continue (3.8872689984) (-49.0001737525)
continue (3.8880465300) (-27.4303920325)
continue (3.8899644875) (-27.4345701548)
continue (3.8929224712) (-27.4387495024)
continue (3.8958849568) (-27.4429261056)
continue (3.8988519547) (-27.4470994924)
continue (3.9018067686) (-27.4512704052)
continue (3.9047660647) (-27.4554371419)
continue (3.9077130959) (-27.4596016944)
continue (3.9106813613) (-27.4637623468)
continue (3.9136373315) (-27.4679211493)
continue (3.9156676117) (-40.6730500058)
continue (3.9164508235) (-27.4721124340)
continue (3.9185008743) (-27.4747452267)
continue (3.9204226914) (-27.4774279749)
continue (3.9223295118) (-27.4801090315)
continue (3.9242381880) (-27.4827895818)
continue (3.9261487226) (-27.4854681850)
continue (3.9280611185) (-27.4881460384)
continue (3.9299753783) (-27.4908216805)
continue (3.9318915048) (-27.4934963205)
continue (3.9338095006) (-27.4961698374)
continue (3.9359648088) (-36.1838250096)
continue (3.9367520805) (-27.4988037580)
continue (3.9370216616) (-27.5006442620)
continue (3.9383148035) (-27.5024539255)
continue (3.9396087952) (-27.5042642266)
continue (3.9409036375) (-27.5060737490)
continue (3.9421993313) (-27.5078824513)
continue (3.9434958773) (-27.5096916960)
continue (3.9447932764) (-27.5114986379)
continue (3.9460915295) (-27.5133060488)
continue (3.9473906374) (-27.5151295452)
continue (3.9479023104) (-33.5601937886)
continue (3.9486919698) (-27.5168407903)
continue (3.9496318982) (-27.5182249696)
continue (3.9505736443) (-27.5195388673)
continue (3.9515158397) (-27.5208524293)
continue (3.9524584845) (-27.5221656405)
continue (3.9534015792) (-27.5234784856)
continue (3.9543451241) (-27.5247909493)
continue (3.9552891195) (-27.5261030160)
continue (3.9562335657) (-27.5274146701)
continue (3.9571784630) (-27.5290150444)
continue (3.9581922382) (-31.9023956711)
continue (3.9589839558) (-27.5300307905)
continue (3.9963853212) (-27.6194269969)
continue (3.9971846782) (-27.6194269969)
continue (4.1935893733) (-28.1386448398)
continue (4.3980066159) (-28.2973971587)
continue (4.6140099788) (-28.4405722002)
continue (4.8420136600) (-28.4008814349)
continue (5.0795260358) (-28.5611413406)
continue (5.3290466130) (-28.5581478242)
continue (5.5905949130) (-28.5633603683)
continue (5.8640088212) (-28.5382014425)
continue (6.1530517948) (-28.5294425148)
continue (6.4537320879) (-28.5114492835)
continue (6.7752191139) (-28.4918744639)
continue (7.1026264288) (-28.4715975620)
continue (7.4571765206) (-28.4501388115)
continue (7.8220340843) (-28.4285240963)
continue (8.2022229596) (-28.4063816919)
continue (8.6049761172) (-28.3836295277)
continue (9.0313872232) (-28.3607127741)
continue (9.4736144175) (-28.3374310331)
continue (9.9396484600) (-28.3139002280)
continue (10.4275886350) (-28.2900519835)
continue (10.9395794816) (-28.2659205927)
continue (11.4769139901) (-28.2416180582)
continue (12.0410540541) (-28.2170975940)
continue (12.6319236321) (-28.1922620780)
continue (13.2528646134) (-28.1672995290)
continue (13.9039818556) (-28.1421249745)
continue (14.5849387135) (-28.1168498003)
continue (15.3025519868) (-28.0913541611)
continue (16.0547387388) (-28.0658046507)
continue (16.8410085163) (-28.0401480452)
continue (17.6704861512) (-28.0144388122)
continue (18.5367569328) (-27.9888526392)
continue (19.4465849513) (-27.9629721202)
continue (20.4045448011) (-27.9374180158)
continue (21.4063183185) (-27.9122185822)
continue (22.4560613804) (-27.8870600239)
continue (23.5591254089) (-27.8613815661)
continue (24.7156759104) (-27.8344589233)
continue (25.9324692890) (-27.8065970969)
continue (27.2019991288) (-27.7780644002)
continue (28.5395230447) (-27.7490923003)
continue (29.9463348937) (-27.7061956401)
continue (31.4121672119) (-27.6384610287)
continue (32.9572141344) (-27.5707323336)
continue (34.5700671782) (-27.5043169324)
continue (36.2765513860) (-27.4443011053)
continue (38.0487252951) (-27.4017568083)
continue (39.9153294269) (-27.3872161433)
continue (41.8780777030) (-27.3469805489)
continue (43.9376552949) (-27.2877713304)
continue (46.0934229042) (-27.2323247760)
continue (48.3687351813) (-27.1801271780)
continue (50.7386954798) (-27.1326503828)
continue (53.2282109122) (-27.0899628764)
continue (55.8374369373) (-27.0488082421)
continue (58.6023775445) (-27.0098832339)
continue (61.4475368049) (-26.9767475404)
continue (64.4916469085) (-26.9457700901)
continue (67.6515939730) (-26.9147094218)
continue (70.9709478829) (-26.8857227034)
continue (74.4499159164) (-26.8598063214)
continue (78.0862871308) (-26.8377343857)
continue (81.9484685986) (-26.8181564121)
continue (85.9685821525) (-26.8016178700)
continue (90.2244525561) (-26.7880789157)
continue (94.6279305105) (-26.7772835289)
continue (99.2773690834) (-26.7682756167)
continue (104.1567002876) (-26.7604502792)
continue (109.2777276432) (-26.7557228792)
continue (114.6391962280) (-26.7522721671)
continue (120.2675162751) (-26.7503125722)
continue (126.1793091687) (-26.7500682434)
continue (132.3746325997) (-26.7515362824)
continue (138.8703094813) (-26.7537476877)
continue (145.6861663975) (-26.7559704110)
continue (152.8458522000) (-26.7584535194)
continue (160.3496341398) (-26.7614521123)
continue (168.2235500861) (-26.7654827165)
continue (176.4995101330) (-26.7700623141)
continue (185.1792259330) (-26.7744322866)
continue (194.2585740389) (-26.7783250029)
continue (203.8172603034) (-26.7819899570)
continue (213.8120532183) (-26.7862167007)
continue (224.3394807525) (-26.7904849855)
continue (235.3478746943) (-26.7945249633)
continue (246.8889110855) (-26.7980569366)
continue (259.0298382082) (-26.8018930011)
continue (271.6955786573) (-26.8057632513)
continue (285.0381516473) (-26.8093882022)
continue (299.0702234383) (-26.8127613802)
continue (313.7971662591) (-26.8161609629)
continue (329.2149461042) (-26.8195873672)
continue (345.3076812491) (-26.8230410194)
continue (362.3327915771) (-26.8271053022)
continue (380.1697834028) (-26.8315025165)
continue (398.8039259591) (-26.8371370067)
continue (418.3962216788) (-26.8443603662)
continue (438.9532614723) (-26.8535618647)
continue (460.4684036465) (-26.8658228924)
continue (483.1744277924) (-26.8823973083)
continue (506.8225644140) (-26.9006647223)
continue (531.6610098112) (-26.9164973802)
continue (557.6909246123) (-26.9259153110)
continue (585.2710152964) (-26.9303319031)
continue (614.0613010893) (-26.9344202853)
continue (644.0049263721) (-26.9381706927)
continue (675.5129509388) (-26.9415739755)
continue (709.1571757327) (-26.9453869454)
continue (743.8914047481) (-26.9488474776)
continue (780.1943243292) (-26.9527251326)
continue (818.7484014523) (-26.9566377220)
continue (858.8755615612) (-26.9605858808)
continue (901.3520977413) (-26.9645702618)
continue (945.2976875689) (-26.9681877287)
continue (991.6932972211) (-26.9714287473)
continue (1040.3778637019) (-26.9742846161)
continue (1091.4684043795) (-26.9767475404)
continue (1145.0954647103) (-26.9792245118)
continue (1201.4066853216) (-26.9817156916)
continue (1260.3969167586) (-26.9850596502)
continue (1322.2097661295) (-26.9892761346)
continue (1387.2232772362) (-26.9939620450)
continue (1455.2331057433) (-27.0003041126)
continue (1526.6660593340) (-27.0078000702)
continue (1601.8051868807) (-27.0168249280)
continue (1680.3742777364) (-27.0275194501)
continue (1762.9463548393) (-27.0398623251)
continue (1849.5371845270) (-27.0537934462)
continue (1940.5173995240) (-27.0691528083)
continue (2035.8958239867) (-27.0857097443)
continue (2135.6151179200) (-27.1033084734)
continue (2240.6367612895) (-27.1219380187)
continue (2350.4435667177) (-27.1416432947)
continue (2466.2164298145) (-27.1624115618)
continue (2587.3565326986) (-27.1837587000)
continue (2714.5277653156) (-27.2055119533)
continue (2847.7092838014) (-27.2278984307)
continue (2987.7605600540) (-27.2508049578)
continue (3133.6553329314) (-27.2741700097)
continue (3288.5852429320) (-27.2980867888)
continue (3449.1558320078) (-27.3225755623)
continue (3619.0110040368) (-27.3478503946)
continue (3796.9457117352) (-27.3735569747)
continue (3982.8101871349) (-27.3995716743)
continue (4178.2071105752) (-27.4259687323)
continue (4383.1985128257) (-27.4527176920)
continue (4600.0351883718) (-27.4799096719)
continue (4826.6259047482) (-27.5077985486)
continue (5062.5942823136) (-27.5361070110)
continue (5310.4135828465) (-27.5644741485)
continue (5573.4982924554) (-27.5932895414)
continue (5845.2018654038) (-27.6223295607)
continue (6132.3483904203) (-27.6520848135)
continue (6435.5012063309) (-27.6821455107)
continue (6750.1257097515) (-27.7124221909)
continue (7080.5514437953) (-27.7437634668)
continue (7426.7886782107) (-27.7752080435)
continue (7795.2692114325) (-27.8068754016)
continue (8180.1343879395) (-27.8389316145)
continue (8580.6682751079) (-27.8712777157)
continue (8995.7252795307) (-27.9041335465)
continue (9442.2025781417) (-27.9370421659)
continue (9905.0757697441) (-27.9706162223)
continue (10391.9143667061) (-28.0042770780)
continue (10902.9309741141) (-28.0378675307)
continue (11438.0189634299) (-28.0715529368)
continue (11999.8284279228) (-28.1053516962)
continue (12588.2990857364) (-28.1393027259)
continue (13206.7676929921) (-28.1739900222)
continue (13855.3591427164) (-28.2088007535)
continue (14536.0818442568) (-28.2438204832)
continue (15251.3300555055) (-28.2790968292)
continue (15998.3667629294) (-28.3145269803)
continue (16785.1716856964) (-28.3503731132)
continue (17609.0235906562) (-28.3864752971)
continue (18476.6214682980) (-28.4229680144)
continue (19380.4119697247) (-28.4604221167)
continue (20336.2412590149) (-28.4981195062)
continue (21331.1556839058) (-28.5365549682)
continue (22378.8548825259) (-28.5756084456)
continue (23480.2105337917) (-28.6154673845)
continue (24635.4952910640) (-28.6563944919)
continue (25844.2135795932) (-28.6981022828)
continue (27112.9714613644) (-28.7406450727)
continue (28441.5409118744) (-28.7843624366)
continue (29838.4731767013) (-28.8291517964)
continue (31304.2587020425) (-28.8751698506)
continue (32838.4493987912) (-28.9219058496)
continue (34452.4374599794) (-28.9702105292)
continue (36147.0436658650) (-29.0193604326)
continue (37922.0545491659) (-29.0697133528)
continue (39793.3175029020) (-29.1213633270)
continue (41743.7916086329) (-29.1756137977)
continue (43789.8592415404) (-29.2312879196)
continue (45953.9571768258) (-29.2883614618)
continue (48189.6864524831) (-29.3471736974)
continue (50569.7542073505) (-29.4073791787)
continue (53042.3149485714) (-29.4696722102)
continue (55666.8888708892) (-29.5337256782)
continue (58377.1281753015) (-29.5996347267)
continue (61241.0598666973) (-29.6685727035)
continue (64264.2433580011) (-29.7399286120)
continue (67401.4031668977) (-29.8141746404)
continue (70750.5412124578) (-29.8914349763)
continue (74207.4080469427) (-29.9706162223)
continue (77819.5534429083) (-30.0534003750)
continue (81654.7464889298) (-30.1386448398)
continue (85725.9615067221) (-30.2264329511)
continue (89868.5375558636) (-30.3190302815)
continue (94314.5281325250) (-30.4144264814)
continue (98943.2107292569) (-30.5134278495)
continue (103800.7712514473) (-30.6169030701)
continue (108899.0165889647) (-30.7230788679)
continue (114251.1247262358) (-30.8344589233)
continue (119856.2371190920) (-30.9500071431)
continue (125744.0279862641) (-31.0684404329)
continue (131933.8310143994) (-31.1947030838)
continue (138406.2835383439) (-31.3244049436)
continue (145198.6887852862) (-31.4594202835)
continue (152334.8329683143) (-31.6015391504)
continue (159815.3228369794) (-31.7471469690)
continue (167666.4159735890) (-31.9020489290)
continue (175886.3097503294) (-32.0614302438)
continue (184541.7113844586) (-32.2229358453)
continue (193598.2517137149) (-32.3979400087)
continue (203090.4771153235) (-32.5762627500)
continue (213112.0137550178) (-32.7599502279)
continue (223568.9329775408) (-32.9496202437)
continue (234560.3528485087) (-33.1294790500)
continue (246022.4003284170) (-33.2991232916)
continue (258149.2835174097) (-33.4201021304)
continue (270807.4207478325) (-33.4293403300)
continue (284149.3516733571) (-33.4380642367)
continue (298091.9106367211) (-33.4481841776)
continue (312720.3057022843) (-33.4615519483)
continue (328029.8671045559) (-33.4775557665)
continue (344134.0524231330) (-33.4936302829)
continue (361040.7966784692) (-33.5125787886)
continue (378747.7019187267) (-33.5409092104)
continue (397412.5472378789) (-33.5840255886)
continue (416865.0369700166) (-33.6505282008)
continue (437478.1424946981) (-33.7564658982)
continue (458845.4032308441) (-33.9344202853)
continue (481387.7289046257) (-34.0847057170)
continue (505136.9017829581) (-34.1201016757)
continue (529806.3783816607) (-34.1555228243)
continue (555989.6100161417) (-34.1909118687)
continue (583397.5485380642) (-34.2262866747)
continue (611999.3088089029) (-34.2616952069)
continue (3672982.5506507708) (-35.3373365904)
continue (3709712.3761572787) (-50.0000000000)
continue (7354000.0000000000) (-50.0000000000)
f(nu) = -24.6693110246 at 1.0000000000 Ryd
