# Haardt & Madau (2011)
# z = 0.000000
# E [Ryd] log (J_nu)
interpolate (0.0000000100 -50.0000000000)
continue (0.4950000000 -50.0000000000)
continue (0.5000000000 -21.3183476116)
continue (0.5176324619 -21.3437989139)
continue (0.5358867313 -21.3669562225)
continue (0.5547847360 -21.3913121560)
continue (0.5743491775 -21.4170027636)
continue (0.5946035575 -21.4441907516)
continue (0.6155722067 -21.4730725933)
continue (0.6372803137 -21.5038869584)
continue (0.6597539554 -21.5369285266)
continue (0.6830201284 -21.5726447241)
continue (0.7071067812 -21.6113446599)
continue (0.7320428480 -21.6609186005)
continue (0.7578582833 -21.7133890629)
continue (0.7845840979 -21.7672010361)
continue (0.8122523964 -21.8285474284)
continue (0.8408964153 -21.8999338500)
continue (0.8705505633 -21.9853568788)
continue (0.9012504626 -22.0917689543)
continue (0.9330329915 -22.2330290936)
continue (0.9659363289 -22.4438476858)
continue (1.0000000000 -22.9264626682)
continue (1.0352649238 -22.9517522490)
continue (1.0717734625 -22.9675490217)
continue (1.1095694721 -22.9822618266)
continue (1.1486983550 -22.9964480547)
continue (1.1892071150 -23.0104609444)
continue (1.2311444133 -23.0241676065)
continue (1.2745606273 -23.0380311220)
continue (1.3195079108 -23.0523909983)
continue (1.3660402568 -23.0673944075)
continue (1.4142135624 -23.0834261630)
continue (1.4640856959 -23.1000633187)
continue (1.5157165665 -23.1181013012)
continue (1.5691681958 -23.1366287878)
continue (1.6245047927 -23.1561219644)
continue (1.6817928305 -23.1766384585)
continue (1.7411011266 -23.1982631063)
continue (1.8025009252 -23.2228324594)
continue (1.8660659831 -23.2449586360)
continue (1.9318726579 -23.2700690829)
continue (2.0000000000 -23.2969071416)
continue (2.0705298477 -23.3256654620)
continue (2.1435469251 -23.3546834126)
continue (2.2191389441 -23.3850680924)
continue (2.2973967100 -23.4169031434)
continue (2.3784142300 -23.4502951237)
continue (2.4622888267 -23.4853805217)
continue (2.5491212546 -23.5223311514)
continue (2.6390158216 -23.5613656946)
continue (2.7320805135 -23.6034322850)
continue (2.8284271248 -23.6475707654)
continue (2.9281713919 -23.6987432735)
continue (3.0314331330 -23.7890390093)
continue (3.1383363916 -23.8487454166)
continue (3.2490095854 -23.9153785711)
continue (3.3635856610 -23.9911126945)
continue (3.4822022532 -24.0793428202)
continue (3.6050018504 -24.1858038742)
continue (3.7321319661 -24.3213699139)
continue (3.8637453157 -24.5109214323)
continue (4.0000000000 -24.8607034466)
continue (4.1410596954 -24.9467450128)
continue (4.2870938501 -24.9736402120)
continue (4.4382778883 -24.9844376740)
continue (4.5947934200 -24.9897440988)
continue (4.7568284600 -24.9931039734)
continue (4.9245776534 -24.9955775556)
continue (5.0982425093 -24.9974380261)
continue (5.2780316431 -24.9987275393)
continue (5.4641610270 -24.9994290526)
continue (5.6568542495 -24.9995186650)
continue (5.8563427838 -24.9989827328)
continue (6.0628662660 -24.9978248191)
continue (6.2766727832 -24.9960693483)
continue (6.4980191709 -24.9937635883)
continue (6.7271713220 -24.9909782017)
continue (6.9644045064 -24.9878063486)
continue (7.2100037009 -24.9843613722)
continue (7.4642639323 -24.9807732287)
continue (7.7274906314 -24.9771839452)
continue (8.0000000000 -24.9737424775)
continue (8.2821193907 -24.9705993751)
continue (8.5741877003 -24.9679016445)
continue (8.8765557765 -24.9657881426)
continue (9.1895868400 -24.9643857403)
continue (9.5136569200 -24.9638064006)
continue (9.8491553068 -24.9641452161)
continue (10.1964850186 -24.9654793700)
continue (10.5560632862 -24.9678679254)
continue (10.9283220540 -24.9713523108)
continue (11.3137084990 -24.9759573500)
continue (11.7126855676 -24.9816926881)
continue (12.1257325321 -24.9885544734)
continue (12.5533455663 -24.9965271760)
continue (12.9960383417 -25.0055854417)
continue (13.4543426441 -25.0156959042)
continue (13.9288090127 -25.0268188977)
continue (14.4200074018 -25.0389100277)
continue (14.9285278646 -25.0519215766)
continue (15.4549812628 -25.0658037310)
continue (16.0000000000 -25.0805056296)
continue (16.5642387815 -25.0959762377)
continue (17.1483754006 -25.1121650607)
continue (17.7531115531 -25.1290227140)
continue (18.3791736800 -25.1465013646)
continue (19.0273138400 -25.1645550640)
continue (19.6983106135 -25.1831399876)
continue (20.3929700371 -25.2022145949)
continue (21.1121265724 -25.2217397236)
continue (21.8566441081 -25.2416786286)
continue (22.6274169980 -25.2619969748)
continue (23.4253711351 -25.2826627939)
continue (24.2514650642 -25.3036464125)
continue (25.1066911327 -25.3249203593)
continue (25.9920766834 -25.3464592578)
continue (26.9086852881 -25.3682397109)
continue (27.8576180255 -25.3902401813)
continue (28.8400148035 -25.4124408713)
continue (29.8570557292 -25.4348236057)
continue (30.9099625256 -25.4573717178)
continue (32.0000000000 -25.4800699413)
continue (33.1284775629 -25.5029043076)
continue (34.2967508012 -25.5258620488)
continue (35.5062231062 -25.5489315068)
continue (36.7583473599 -25.5721020481)
continue (38.0546276801 -25.5953639839)
continue (39.3966212270 -25.6187084950)
continue (40.7859400742 -25.6421275623)
continue (42.2242531447 -25.6656139014)
continue (43.7132882161 -25.6891609018)
continue (45.2548339959 -25.7127625701)
continue (46.8507422703 -25.7364134773)
continue (48.5029301283 -25.7601087101)
continue (50.2133822654 -25.7838438254)
continue (51.9841533668 -25.8076148085)
continue (53.8173705762 -25.8314180347)
continue (55.7152360510 -25.8552502331)
continue (57.6800296071 -25.8791084546)
continue (59.7141114584 -25.9029900417)
continue (61.8199250512 -25.9268926007)
continue (64.0000000000 -25.9508139771)
continue (66.2569551258 -25.9747522325)
continue (68.5935016023 -25.9987056237)
continue (71.0124462123 -26.0226725838)
continue (73.5166947198 -26.0466517048)
continue (76.1092553602 -26.0706417223)
continue (78.7932424541 -26.0946415008)
continue (81.5718801484 -26.1186500214)
continue (84.4485062895 -26.1426663696)
continue (87.4265764323 -26.1666897254)
continue (90.5096679919 -26.1907193532)
continue (93.7014845405 -26.2147545938)
continue (97.0058602567 -26.2387948562)
continue (100.4267645310 -26.2628396109)
continue (103.9683067340 -26.2868883835)
continue (107.6347411520 -26.3109407491)
continue (111.4304721020 -26.3349963274)
continue (115.3600592140 -26.3590547776)
continue (119.4282229170 -26.3831157950)
continue (123.6398501020 -26.4071791066)
continue (128.0000000000 -26.4312444684)
continue (132.5139102520 -26.4553116618)
continue (137.1870032050 -26.4793804916)
continue (142.0248924250 -26.5034507830)
continue (147.0333894400 -26.5275223798)
continue (152.2185107200 -26.5515951423)
continue (157.5864849080 -26.5756689456)
continue (163.1437602970 -26.5997436782)
continue (168.8970125790 -26.6238192402)
continue (174.8531528650 -26.6478955426)
continue (181.0193359840 -26.6719725057)
continue (187.4029690810 -26.6960500585)
continue (194.0117205130 -26.7201281373)
continue (200.8535290620 -26.7442066855)
continue (207.9366134670 -26.7682856524)
continue (215.2694823050 -26.7923649928)
continue (222.8609442040 -26.8164446663)
continue (230.7201184280 -26.8405246368)
continue (238.8564458330 -26.8646048722)
continue (247.2797002050 -26.8886853437)
continue (256.0000000000 -26.9127660258)
continue (265.0278205030 -26.9368468956)
continue (274.3740064090 -26.9609279326)
continue (284.0497848490 -26.9850091188)
continue (294.0667788790 -27.0090904378)
continue (304.4370214410 -27.0331718752)
continue (315.1729698160 -27.0572534181)
continue (326.2875205940 -27.0813350550)
continue (337.7940251580 -27.1054167756)
continue (349.7063057290 -27.1294985709)
continue (362.0386719680 -27.1535804325)
continue (374.8059381620 -27.1776623533)
continue (388.0234410270 -27.2017443268)
continue (401.7070581230 -27.2258263473)
continue (415.8732269340 -27.2499084095)
continue (430.5389646100 -27.2739905089)
continue (445.7218884080 -27.2980726414)
continue (461.4402368570 -27.3221548034)
continue (477.7128916670 -27.3462369917)
continue (494.5594004100 -27.3703192033)
continue (512.0000000000 -27.3944014357)
continue (530.0556410070 -27.4184836866)
continue (548.7480128190 -27.4425659539)
continue (568.0995696990 -27.4666482359)
continue (588.1335577580 -27.4907305309)
continue (608.8740428810 -27.5148128376)
continue (630.3459396330 -27.5388951545)
continue (652.5750411870 -27.5629774806)
continue (675.5880503160 -27.5870598149)
continue (699.4126114580 -27.6111421564)
continue (724.0773439350 -27.6352245044)
continue (749.6118763240 -27.6593068581)
continue (776.0468820530 -27.6833892170)
continue (803.4141162460 -27.7074715803)
continue (831.7464538690 -27.7315539477)
continue (861.0779292200 -27.7556363187)
continue (891.4437768150 -27.7797186929)
continue (922.8804737130 -27.8038010700)
continue (955.4257833340 -27.8278834495)
continue (989.1188008190 -27.8519658313)
continue (1024.0000000000 -27.8760482151)
continue (1060.1112820100 -27.9001306006)
continue (1097.4960256400 -27.9242129878)
continue (1136.1991394000 -27.9482953763)
continue (1176.2671155200 -27.9723777661)
continue (1217.7480857600 -27.9964601569)
continue (1260.6918792700 -28.0205425488)
continue (1305.1500823700 -28.0446249415)
continue (1351.1761006300 -28.0687073350)
continue (1398.8252229200 -28.0927897292)
continue (1448.1546878700 -28.1168721240)
continue (1499.2237526500 -28.1409545194)
continue (1552.0937641100 -28.1650369152)
continue (1606.8282324900 -28.1891193114)
continue (1663.4929077400 -28.2132017081)
continue (1722.1558584400 -28.2372841051)
continue (1782.8875536300 -28.2613665023)
continue (1845.7609474300 -28.2854488999)
continue (1910.8515666700 -28.3095312977)
continue (1978.2376016400 -28.3336136956)
continue (2048.0000000000 -28.3576960938)
continue (2120.2225640300 -28.3817784922)
continue (2194.9920512700 -28.4058608907)
continue (2272.3982787900 -28.4299432893)
continue (2352.5342310300 -28.4540256880)
continue (2435.4961715300 -28.4781080869)
continue (2521.3837585300 -28.5021904858)
continue (2610.3001647500 -28.5262728848)
continue (2702.3522012600 -28.5503552839)
continue (2797.6504458300 -28.5744376830)
continue (2896.3093757400 -28.5985200822)
continue (2998.4475053000 -28.6226024815)
continue (3104.1875282100 -28.6466848808)
continue (3213.6564649900 -28.6707672801)
continue (3326.9858154800 -28.6948496795)
continue (3444.3117168800 -28.7189320789)
continue (3565.7751072600 -28.7430144783)
continue (3691.5218948500 -28.7670968778)
continue (3821.7031333300 -28.7911792773)
continue (3956.4752032800 -28.8152616768)
continue (4096.0000000000 -28.8393440752)
continue (4136.9600000000 -50.0000000000)
continue (7354000.0000000000 -50.0000000000)
f(nu) = -21.8272528042 at 1.0000000000 Ryd
