# Haardt & Madau (2011)
# z = 10.220185
# E [Ryd] log (J_nu)
interpolate (0.0000000100 -50.0000000000)
continue (0.4950000000 -50.0000000000)
continue (0.5000000000 -20.7603598930)
continue (0.5176324619 -20.7601100767)
continue (0.5358867313 -20.7596740400)
continue (0.5547847360 -20.7591010428)
continue (0.5743491775 -20.7583624366)
continue (0.5946035575 -20.7574252416)
continue (0.6155722067 -20.7562623512)
continue (0.6372803137 -20.7548266551)
continue (0.6597539554 -20.7530831900)
continue (0.6830201284 -18.9208282136)
continue (0.7071067812 -20.7664246584)
continue (0.7320428480 -20.7761917287)
continue (0.7578582833 -20.8107484086)
continue (0.7845840979 -20.8376647949)
continue (0.8122523964 -20.8704339298)
continue (0.8408964153 -20.9153232477)
continue (0.8705505633 -20.9784378376)
continue (0.9012504626 -21.0713587920)
continue (0.9330329915 -21.2209303554)
continue (0.9659363289 -21.5203120968)
continue (1.0000000000 -23.6192056287)
continue (1.0352649238 -23.6745830741)
continue (1.0717734625 -23.7070273982)
continue (1.1095694721 -23.7333932652)
continue (1.1486983550 -23.7540567158)
continue (1.1892071150 -23.7696035420)
continue (1.2311444133 -23.7807454908)
continue (1.2745606273 -23.7882374215)
continue (1.3195079108 -23.7928096514)
continue (1.3660402568 -23.7951220015)
continue (1.4142135624 -23.7957393623)
continue (1.4640856959 -23.7951246477)
continue (1.5157165665 -23.7936436791)
continue (1.5691681958 -23.7915769111)
continue (1.6245047927 -23.7891340303)
continue (1.6817928305 -23.7864686946)
continue (1.7411011266 -23.7836917616)
continue (1.8025009252 -23.7665795486)
continue (1.8660659831 -23.7780954309)
continue (1.9318726579 -23.7753695009)
continue (2.0000000000 -23.7727292740)
continue (2.0705298477 -23.7701895194)
continue (2.1435469251 -23.7677572604)
continue (2.2191389441 -23.7654338514)
continue (2.2973967100 -23.7632169812)
continue (2.3784142300 -23.7611026103)
continue (2.4622888267 -23.7590866920)
continue (2.5491212546 -23.7571664536)
continue (2.6390158216 -23.7553410453)
continue (2.7320805135 -23.7536114806)
continue (2.8284271248 -23.7519799619)
continue (2.9281713919 -23.7504488442)
continue (3.0314331330 -23.7490196693)
continue (3.1383363916 -23.7476938634)
continue (3.2490095854 -23.7464867998)
continue (3.3635856610 -23.7455518369)
continue (3.4822022532 -23.7459953968)
continue (3.6050018504 -23.7542100393)
continue (3.7321319661 -23.8027332203)
continue (3.8637453157 -24.1112369865)
continue (4.0000000000 -71.7620124891)
continue (4.1410596954 -71.2375312610)
continue (4.2870938501 -68.5600335567)
continue (4.4382778883 -66.0222298921)
continue (4.5947934200 -63.6244330660)
continue (4.7568284600 -61.3637978632)
continue (4.9245776534 -59.2361824193)
continue (5.0982425093 -57.2368840179)
continue (5.2780316431 -55.3609283501)
continue (5.4641610270 -53.6031954908)
continue (5.6568542495 -51.9584878290)
continue (5.8563427838 -50.4215767341)
continue (6.0628662660 -48.9872403404)
continue (6.2766727832 -47.6502965803)
continue (6.4980191709 -46.4056328973)
continue (6.7271713220 -45.2482331524)
continue (6.9644045064 -44.1732018348)
continue (7.2100037009 -43.1757854419)
continue (7.4642639323 -42.2513907299)
continue (7.7274906314 -41.3955994712)
continue (8.0000000000 -40.6041794114)
continue (8.2821193907 -39.8730912793)
continue (8.5741877003 -39.1984919349)
continue (8.8765557765 -38.5767339883)
continue (9.1895868400 -38.0043624293)
continue (9.5136569200 -37.4781089287)
continue (9.8491553068 -36.9948844915)
continue (10.1964850186 -36.5517710645)
continue (10.5560632862 -36.1460125488)
continue (10.9283220540 -35.7750055034)
continue (11.3137084990 -35.4362896977)
continue (11.7126855676 -35.1275386342)
continue (12.1257325321 -34.8465502304)
continue (12.5533455663 -34.5912379943)
continue (12.9960383417 -34.3596231626)
continue (13.4543426441 -34.1498283149)
continue (13.9288090127 -33.9600728590)
continue (14.4200074018 -33.7886705173)
continue (14.9285278646 -33.6340286002)
continue (15.4549812628 -33.4946485469)
continue (16.0000000000 -33.3691270365)
continue (16.5642387815 -33.2561569666)
continue (17.1483754006 -33.1545277351)
continue (17.7531115531 -33.0631244890)
continue (18.3791736800 -32.9809262347)
continue (19.0273138400 -32.9070028954)
continue (19.6983106135 -32.8405115192)
continue (20.3929700371 -32.7806918821)
continue (21.1121265724 -32.7268617224)
continue (21.8566441081 -32.6784117986)
continue (22.6274169980 -32.6348009069)
continue (23.4253711351 -32.5955509424)
continue (24.2514650642 -32.5602420499)
continue (25.1066911327 -32.5285078761)
continue (25.9920766834 -32.5000309244)
continue (26.9086852881 -32.4745380030)
continue (27.8576180255 -32.4517957576)
continue (28.8400148035 -32.4316062866)
continue (29.8570557292 -32.4138028410)
continue (30.9099625256 -32.3982456250)
continue (32.0000000000 -32.3848177193)
continue (33.1284775629 -32.3734211624)
continue (34.2967508012 -32.3639732313)
continue (35.5062231062 -32.3564029708)
continue (36.7583473599 -32.3506480216)
continue (38.0546276801 -32.3466517969)
continue (39.3966212270 -32.3443610472)
continue (40.7859400742 -32.3437238451)
continue (42.2242531447 -32.3446880032)
continue (43.7132882161 -32.3471999211)
continue (45.2548339959 -32.3512038421)
continue (46.8507422703 -32.3566414793)
continue (48.5029301283 -32.3634519617)
continue (50.2133822654 -32.3715720422)
continue (51.9841533668 -32.3809365017)
continue (53.8173705762 -32.3914786916)
continue (55.7152360510 -32.4031311539)
continue (57.6800296071 -32.4158262715)
continue (59.7141114584 -32.4294969079)
continue (61.8199250512 -32.4440770044)
continue (64.0000000000 -32.4595021145)
continue (66.2569551258 -32.4757098610)
continue (68.5935016023 -32.4926403102)
continue (71.0124462123 -32.5102362625)
continue (73.5166947198 -32.5284434629)
continue (76.1092553602 -32.5472107373)
continue (78.7932424541 -32.5664900636)
continue (81.5718801484 -32.5862365859)
continue (84.4485062895 -32.6064085820)
continue (87.4265764323 -32.6269673914)
continue (90.5096679919 -32.6478773147)
continue (93.7014845405 -32.6691054889)
continue (97.0058602567 -32.6906217476)
continue (100.4267645310 -32.7123984699)
continue (103.9683067340 -32.7344104245)
continue (107.6347411520 -32.7566346105)
continue (111.4304721020 -32.7790500997)
continue (115.3600592140 -32.8016378829)
continue (119.4282229170 -32.8243807199)
continue (123.6398501020 -32.8472629972)
continue (128.0000000000 -32.8702705924)
continue (132.5139102520 -32.8933907464)
continue (137.1870032050 -32.9166119439)
continue (142.0248924250 -32.9399238020)
continue (147.0333894400 -32.9633169669)
continue (152.2185107200 -32.9867830189)
continue (157.5864849080 -33.0103143839)
continue (163.1437602970 -33.0339042536)
continue (168.8970125790 -33.0575465114)
continue (174.8531528650 -33.0812356654)
continue (181.0193359840 -33.1049667869)
continue (187.4029690810 -33.1287354546)
continue (194.0117205130 -33.1525377045)
continue (200.8535290620 -33.1763699836)
continue (207.9366134670 -33.2002291088)
continue (215.2694823050 -33.2241122290)
continue (222.8609442040 -33.2480167917)
continue (230.7201184280 -33.2719405120)
continue (238.8564458330 -33.2958813453)
continue (247.2797002050 -33.3198374628)
continue (256.0000000000 -33.3438072284)
continue (265.0278205030 -33.3677891796)
continue (274.3740064090 -33.3917820086)
continue (284.0497848490 -33.4157845467)
continue (294.0667788790 -33.4397957495)
continue (304.4370214410 -33.4638146839)
continue (315.1729698160 -33.4878405162)
continue (326.2875205940 -33.5118725019)
continue (337.7940251580 -33.5359099764)
continue (349.7063057290 -33.5599523459)
continue (362.0386719680 -33.5839990806)
continue (374.8059381620 -33.6080497074)
continue (388.0234410270 -33.6321038043)
continue (401.7070581230 -33.6561609946)
continue (415.8732269340 -33.6802209421)
continue (430.5389646100 -33.7042833471)
continue (445.7218884080 -33.7283479421)
continue (461.4402368570 -33.7524144886)
continue (477.7128916670 -33.7764827739)
continue (494.5594004100 -33.8005526082)
continue (512.0000000000 -33.8246238226)
continue (530.0556410070 -33.8486962660)
continue (548.7480128190 -33.8727698044)
continue (568.0995696990 -33.8968443177)
continue (588.1335577580 -33.9209196992)
continue (608.8740428810 -33.9449958539)
continue (630.3459396330 -33.9690726970)
continue (652.5750411870 -33.9931501529)
continue (675.5880503160 -34.0172281544)
continue (699.4126114580 -34.0413066415)
continue (724.0773439350 -34.0653855608)
continue (749.6118763240 -34.0894648649)
continue (776.0468820530 -34.1135445112)
continue (803.4141162460 -34.1376244623)
continue (831.7464538690 -34.1617046844)
continue (861.0779292200 -34.1857851477)
continue (891.4437768150 -34.2098658256)
continue (922.8804737130 -34.2339466945)
continue (955.4257833340 -34.2580277331)
continue (989.1188008190 -34.2821089227)
continue (1024.0000000000 -34.3061902468)
continue (1060.1112820100 -34.3302716903)
continue (1097.4960256400 -34.3543532400)
continue (1136.1991394000 -34.3784348843)
continue (1176.2671155200 -34.4025166126)
continue (1217.7480857600 -34.4265984156)
continue (1260.6918792700 -34.4506802850)
continue (1305.1500823700 -34.4747622135)
continue (1351.1761006300 -34.4988441945)
continue (1398.8252229200 -34.5229262221)
continue (1448.1546878700 -34.5470082912)
continue (1499.2237526500 -34.5710903972)
continue (1552.0937641100 -34.5951725360)
continue (1606.8282324900 -34.6192547039)
continue (1663.4929077400 -34.6433368977)
continue (1722.1558584400 -34.6674191145)
continue (1782.8875536300 -34.6915013517)
continue (1845.7609474300 -34.7155836071)
continue (1910.8515666700 -34.7396658786)
continue (1978.2376016400 -34.7637481644)
continue (2048.0000000000 -34.7878304630)
continue (2120.2225640300 -34.8119127729)
continue (2194.9920512700 -34.8359950929)
continue (2272.3982787900 -34.8600774218)
continue (2352.5342310300 -34.8841597586)
continue (2435.4961715300 -34.9082421024)
continue (2521.3837585300 -34.9323244525)
continue (2610.3001647500 -34.9564068082)
continue (2702.3522012600 -34.9804891688)
continue (2797.6504458300 -35.0045715338)
continue (2896.3093757400 -35.0286539027)
continue (2998.4475053000 -35.0527362750)
continue (3104.1875282100 -35.0768186504)
continue (3213.6564649900 -35.1009010286)
continue (3326.9858154800 -35.1249834091)
continue (3444.3117168800 -35.1490657918)
continue (3565.7751072600 -35.1731481764)
continue (3691.5218948500 -35.1972305627)
continue (3821.7031333300 -35.2213129505)
continue (3956.4752032800 -35.2453953396)
continue (4096.0000000000 -35.2694777300)
continue (4136.9600000000 -50.0000000000)
continue (7354000.0000000000 -50.0000000000)
f(nu) = -22.5199957647 at 1.0000000000 Ryd
