# Haardt & Madau (2011)
# z = 0.122018
# E [Ryd] log (J_nu)
interpolate (0.0000000100 -50.0000000000)
continue (0.4950000000 -50.0000000000)
continue (0.5000000000 -21.1630010123)
continue (0.5176324619 -21.1882629846)
continue (0.5358867313 -21.2114963013)
continue (0.5547847360 -21.2360113466)
continue (0.5743491775 -21.2619236269)
continue (0.5946035575 -21.2893592187)
continue (0.6155722067 -21.3184286949)
continue (0.6372803137 -21.3494390848)
continue (0.6597539554 -21.3826901960)
continue (0.6830201284 -21.4186411748)
continue (0.7071067812 -21.4575684528)
continue (0.7320428480 -21.5070605388)
continue (0.7578582833 -21.5605741999)
continue (0.7845840979 -21.6147184568)
continue (0.8122523964 -21.6764661750)
continue (0.8408964153 -21.7482768368)
continue (0.8705505633 -21.8339922918)
continue (0.9012504626 -21.9406701273)
continue (0.9330329915 -22.0821746566)
continue (0.9659363289 -22.2931851860)
continue (1.0000000000 -22.7778600832)
continue (1.0352649238 -22.7998414634)
continue (1.0717734625 -22.8155167292)
continue (1.1095694721 -22.8297663260)
continue (1.1486983550 -22.8431554816)
continue (1.1892071150 -22.8560559962)
continue (1.2311444133 -22.8688565154)
continue (1.2745606273 -22.8817350192)
continue (1.3195079108 -22.8950003741)
continue (1.3660402568 -22.9085012051)
continue (1.4142135624 -22.9226255308)
continue (1.4640856959 -22.9373526402)
continue (1.5157165665 -22.9528665203)
continue (1.5691681958 -22.9695341998)
continue (1.6245047927 -22.9873880215)
continue (1.6817928305 -23.0065445788)
continue (1.7411011266 -23.0269094205)
continue (1.8025009252 -23.0484380067)
continue (1.8660659831 -23.0705869568)
continue (1.9318726579 -23.0943300648)
continue (2.0000000000 -23.1199973973)
continue (2.0705298477 -23.1463899217)
continue (2.1435469251 -23.1744716597)
continue (2.2191389441 -23.2043052459)
continue (2.2973967100 -23.2360650562)
continue (2.3784142300 -23.2696067762)
continue (2.4622888267 -23.3043968410)
continue (2.5491212546 -23.3410978981)
continue (2.6390158216 -23.3799485952)
continue (2.7320805135 -23.4220081244)
continue (2.8284271248 -23.4660259157)
continue (2.9281713919 -23.5147682281)
continue (3.0314331330 -23.6119825521)
continue (3.1383363916 -23.6719191850)
continue (3.2490095854 -23.7391894251)
continue (3.3635856610 -23.8155570487)
continue (3.4822022532 -23.9029959443)
continue (3.6050018504 -24.0077776645)
continue (3.7321319661 -24.1400511891)
continue (3.8637453157 -24.3222438158)
continue (4.0000000000 -24.6453935784)
continue (4.1410596954 -24.7269481142)
continue (4.2870938501 -24.7560036176)
continue (4.4382778883 -24.7681100358)
continue (4.5947934200 -24.7745344534)
continue (4.7568284600 -24.7790724344)
continue (4.9245776534 -24.7828685678)
continue (5.0982425093 -24.7862206070)
continue (5.2780316431 -24.7891722615)
continue (5.4641610270 -24.7916961283)
continue (5.6568542495 -24.7937490145)
continue (5.8563427838 -24.7952899110)
continue (6.0628662660 -24.7962876159)
continue (6.2766727832 -24.7967254887)
continue (6.4980191709 -24.7966051006)
continue (6.7271713220 -24.7959489649)
continue (6.9644045064 -24.7948021614)
continue (7.2100037009 -24.7932326458)
continue (7.4642639323 -24.7913301399)
continue (7.7274906314 -24.7892036421)
continue (8.0000000000 -24.7869777427)
continue (8.2821193907 -24.7847880500)
continue (8.5741877003 -24.7827761095)
continue (8.8765557765 -24.7810842189)
continue (9.1895868400 -24.7798505154)
continue (9.5136569200 -24.7792046393)
continue (9.8491553068 -24.7792641896)
continue (10.1964850186 -24.7801320845)
continue (10.5560632862 -24.7818948515)
continue (10.9283220540 -24.7846217973)
continue (11.3137084990 -24.7883649539)
continue (11.7126855676 -24.7931596682)
continue (12.1257325321 -24.7990256893)
continue (12.5533455663 -24.8059686103)
continue (12.9960383417 -24.8139815328)
continue (13.4543426441 -24.8230468400)
continue (13.9288090127 -24.8331379849)
continue (14.4200074018 -24.8442212190)
continue (14.9285278646 -24.8562572096)
continue (15.4549812628 -24.8692025080)
continue (16.0000000000 -24.8830108503)
continue (16.5642387815 -24.8976342827)
continue (17.1483754006 -24.9130241141)
continue (17.7531115531 -24.9291317071)
continue (18.3791736800 -24.9459091202)
continue (19.0273138400 -24.9633096176)
continue (19.6983106135 -24.9812880633)
continue (20.3929700371 -24.9998012140)
continue (21.1121265724 -25.0188079248)
continue (21.8566441081 -25.0382692807)
continue (22.6274169980 -25.0581486655)
continue (23.4253711351 -25.0784117787)
continue (24.2514650642 -25.0990266111)
continue (25.1066911327 -25.1199633885)
continue (25.9920766834 -25.1411944915)
continue (26.9086852881 -25.1626943601)
continue (27.8576180255 -25.1844393872)
continue (28.8400148035 -25.2064078082)
continue (29.8570557292 -25.2285795883)
continue (30.9099625256 -25.2509363116)
continue (32.0000000000 -25.2734610731)
continue (33.1284775629 -25.2961383744)
continue (34.2967508012 -25.3189540247)
continue (35.5062231062 -25.3418950459)
continue (36.7583473599 -25.3649495835)
continue (38.0546276801 -25.3881068221)
continue (39.3966212270 -25.4113569055)
continue (40.7859400742 -25.4346908621)
continue (42.2242531447 -25.4581005345)
continue (43.7132882161 -25.4815785131)
continue (45.2548339959 -25.5051180749)
continue (46.8507422703 -25.5287131256)
continue (48.5029301283 -25.5523581459)
continue (50.2133822654 -25.5760481419)
continue (51.9841533668 -25.5997785986)
continue (53.8173705762 -25.6235454374)
continue (55.7152360510 -25.6473449765)
continue (57.6800296071 -25.6711738944)
continue (59.7141114584 -25.6950291970)
continue (61.8199250512 -25.7189081866)
continue (64.0000000000 -25.7428084343)
continue (66.2569551258 -25.7667277537)
continue (68.5935016023 -25.7906641784)
continue (71.0124462123 -25.8146159403)
continue (73.5166947198 -25.8385814502)
continue (76.1092553602 -25.8625592806)
continue (78.7932424541 -25.8865481493)
continue (81.5718801484 -25.9105469053)
continue (84.4485062895 -25.9345545158)
continue (87.4265764323 -25.9585700541)
continue (90.5096679919 -25.9825926889)
continue (93.7014845405 -26.0066216752)
continue (97.0058602567 -26.0306563448)
continue (100.4267645310 -26.0546960991)
continue (103.9683067340 -26.0787404016)
continue (107.6347411520 -26.1027887719)
continue (111.4304721020 -26.1268407795)
continue (115.3600592140 -26.1508960392)
continue (119.4282229170 -26.1749542061)
continue (123.6398501020 -26.1990149714)
continue (128.0000000000 -26.2230780587)
continue (132.5139102520 -26.2471432210)
continue (137.1870032050 -26.2712102370)
continue (142.0248924250 -26.2952789090)
continue (147.0333894400 -26.3193490601)
continue (152.2185107200 -26.3434205321)
continue (157.5864849080 -26.3674931836)
continue (163.1437602970 -26.3915668883)
continue (168.8970125790 -26.4156415331)
continue (174.8531528650 -26.4397170171)
continue (181.0193359840 -26.4637932502)
continue (187.4029690810 -26.4878701517)
continue (194.0117205130 -26.5119476497)
continue (200.8535290620 -26.5360256799)
continue (207.9366134670 -26.5601041848)
continue (215.2694823050 -26.5841831133)
continue (222.8609442040 -26.6082624196)
continue (230.7201184280 -26.6323420627)
continue (238.8564458330 -26.6564220062)
continue (247.2797002050 -26.6805022177)
continue (256.0000000000 -26.7045826679)
continue (265.0278205030 -26.7286633311)
continue (274.3740064090 -26.7527441841)
continue (284.0497848490 -26.7768252062)
continue (294.0667788790 -26.8009063791)
continue (304.4370214410 -26.8249876863)
continue (315.1729698160 -26.8490691133)
continue (326.2875205940 -26.8731506469)
continue (337.7940251580 -26.8972322756)
continue (349.7063057290 -26.9213139889)
continue (362.0386719680 -26.9453957777)
continue (374.8059381620 -26.9694776336)
continue (388.0234410270 -26.9935595493)
continue (401.7070581230 -27.0176415182)
continue (415.8732269340 -27.0417235346)
continue (430.5389646100 -27.0658055933)
continue (445.7218884080 -27.0898876895)
continue (461.4402368570 -27.1139698192)
continue (477.7128916670 -27.1380519787)
continue (494.5594004100 -27.1621341647)
continue (512.0000000000 -27.1862163744)
continue (530.0556410070 -27.2102986050)
continue (548.7480128190 -27.2343808544)
continue (568.0995696990 -27.2584631203)
continue (588.1335577580 -27.2825454011)
continue (608.8740428810 -27.3066276950)
continue (630.3459396330 -27.3307100007)
continue (652.5750411870 -27.3547923168)
continue (675.5880503160 -27.3788746421)
continue (699.4126114580 -27.4029569757)
continue (724.0773439350 -27.4270393167)
continue (749.6118763240 -27.4511216641)
continue (776.0468820530 -27.4752040174)
continue (803.4141162460 -27.4992863758)
continue (831.7464538690 -27.5233687388)
continue (861.0779292200 -27.5474511059)
continue (891.4437768150 -27.5715334766)
continue (922.8804737130 -27.5956158506)
continue (955.4257833340 -27.6196982274)
continue (989.1188008190 -27.6437806067)
continue (1024.0000000000 -27.6678629883)
continue (1060.1112820100 -27.6919453719)
continue (1097.4960256400 -27.7160277573)
continue (1136.1991394000 -27.7401101444)
continue (1176.2671155200 -27.7641925328)
continue (1217.7480857600 -27.7882749224)
continue (1260.6918792700 -27.8123573132)
continue (1305.1500823700 -27.8364397050)
continue (1351.1761006300 -27.8605220977)
continue (1398.8252229200 -27.8846044911)
continue (1448.1546878700 -27.9086868852)
continue (1499.2237526500 -27.9327692800)
continue (1552.0937641100 -27.9568516753)
continue (1606.8282324900 -27.9809340711)
continue (1663.4929077400 -28.0050164673)
continue (1722.1558584400 -28.0290988639)
continue (1782.8875536300 -28.0531812609)
continue (1845.7609474300 -28.0772636581)
continue (1910.8515666700 -28.1013460556)
continue (1978.2376016400 -28.1254284534)
continue (2048.0000000000 -28.1495108514)
continue (2120.2225640300 -28.1735932495)
continue (2194.9920512700 -28.1976756479)
continue (2272.3982787900 -28.2217580464)
continue (2352.5342310300 -28.2458404450)
continue (2435.4961715300 -28.2699228437)
continue (2521.3837585300 -28.2940052425)
continue (2610.3001647500 -28.3180876414)
continue (2702.3522012600 -28.3421700405)
continue (2797.6504458300 -28.3662524395)
continue (2896.3093757400 -28.3903348387)
continue (2998.4475053000 -28.4144172379)
continue (3104.1875282100 -28.4384996371)
continue (3213.6564649900 -28.4625820364)
continue (3326.9858154800 -28.4866644358)
continue (3444.3117168800 -28.5107468351)
continue (3565.7751072600 -28.5348292345)
continue (3691.5218948500 -28.5589116340)
continue (3821.7031333300 -28.5829940334)
continue (3956.4752032800 -28.6070764329)
continue (4096.0000000000 -28.6311588324)
continue (4136.9600000000 -50.0000000000)
continue (7354000.0000000000 -50.0000000000)
f(nu) = -21.6786502192 at 1.0000000000 Ryd
