# Haardt & Madau (2011)
# z = 1.818383
# E [Ryd] log (J_nu)
interpolate (0.0000000100 -50.0000000000)
continue (0.4950000000 -50.0000000000)
continue (0.5000000000 -20.0024831478)
continue (0.5176324619 -20.0227948182)
continue (0.5358867313 -20.0418525455)
continue (0.5547847360 -20.0622711038)
continue (0.5743491775 -20.0842499991)
continue (0.5946035575 -20.1079489708)
continue (0.6155722067 -20.1335619718)
continue (0.6372803137 -20.1613284584)
continue (0.6597539554 -20.1915453003)
continue (0.6830201284 -20.2247075714)
continue (0.7071067812 -20.2610667132)
continue (0.7320428480 -20.3079042388)
continue (0.7578582833 -20.3690083083)
continue (0.7845840979 -20.4224728705)
continue (0.8122523964 -20.4839833424)
continue (0.8408964153 -20.5562391900)
continue (0.8705505633 -20.6435737506)
continue (0.9012504626 -20.7535228220)
continue (0.9330329915 -20.9015258761)
continue (0.9659363289 -21.1282715427)
continue (1.0000000000 -21.7099996580)
continue (1.0352649238 -21.7451291721)
continue (1.0717734625 -21.7720561711)
continue (1.1095694721 -21.7956397473)
continue (1.1486983550 -21.8164242148)
continue (1.1892071150 -21.8349286929)
continue (1.2311444133 -21.8516224961)
continue (1.2745606273 -21.8669119667)
continue (1.3195079108 -21.8811364478)
continue (1.3660402568 -21.8945703304)
continue (1.4142135624 -21.9074245947)
continue (1.4640856959 -21.9198546428)
continue (1.5157165665 -21.9319663378)
continue (1.5691681958 -21.9438294870)
continue (1.6245047927 -21.9554796251)
continue (1.6817928305 -21.9669135352)
continue (1.7411011266 -21.9781049278)
continue (1.8025009252 -21.9850504770)
continue (1.8660659831 -21.9995330496)
continue (1.9318726579 -22.0096310187)
continue (2.0000000000 -22.0188785952)
continue (2.0705298477 -22.0281415295)
continue (2.1435469251 -22.0368616750)
continue (2.2191389441 -22.0452715800)
continue (2.2973967100 -22.0535833663)
continue (2.3784142300 -22.0620729822)
continue (2.4622888267 -22.0710968115)
continue (2.5491212546 -22.0810748791)
continue (2.6390158216 -22.0924811719)
continue (2.7320805135 -22.1056174842)
continue (2.8284271248 -22.1215796022)
continue (2.9281713919 -22.1415950086)
continue (3.0314331330 -22.2954732174)
continue (3.1383363916 -22.3385256181)
continue (3.2490095854 -22.3884534156)
continue (3.3635856610 -22.4471333235)
continue (3.4822022532 -22.5172884918)
continue (3.6050018504 -22.6032356642)
continue (3.7321319661 -22.7125310739)
continue (3.8637453157 -22.8604819409)
continue (4.0000000000 -23.1000668699)
continue (4.1410596954 -23.2168588375)
continue (4.2870938501 -23.2677476686)
continue (4.4382778883 -23.2930644473)
continue (4.5947934200 -23.3095824286)
continue (4.7568284600 -23.3234386012)
continue (4.9245776534 -23.3366295520)
continue (5.0982425093 -23.3497582629)
continue (5.2780316431 -23.3629903801)
continue (5.4641610270 -23.3763589184)
continue (5.6568542495 -23.3898563550)
continue (5.8563427838 -23.4034617434)
continue (6.0628662660 -23.4171488898)
continue (6.2766727832 -23.4308890526)
continue (6.4980191709 -23.4446518480)
continue (6.7271713220 -23.4584053466)
continue (6.9644045064 -23.4721157168)
continue (7.2100037009 -23.4857466867)
continue (7.4642639323 -23.4992591136)
continue (7.7274906314 -23.5126109393)
continue (8.0000000000 -23.5257577484)
continue (8.2821193907 -23.5386540372)
continue (8.5741877003 -23.5512551713)
continue (8.8765557765 -23.5635198891)
continue (9.1895868400 -23.5754131095)
continue (9.5136569200 -23.5869087524)
continue (9.8491553068 -23.5979922739)
continue (10.1964850186 -23.6086626556)
continue (10.5560632862 -23.6189336522)
continue (10.9283220540 -23.6288341885)
continue (11.3137084990 -23.6384078817)
continue (11.7126855676 -23.6477117490)
continue (12.1257325321 -23.6568142232)
continue (12.5533455663 -23.6657926501)
continue (12.9960383417 -23.6747304597)
continue (13.4543426441 -23.6837142114)
continue (13.9288090127 -23.6928306954)
continue (14.4200074018 -23.7021642448)
continue (14.9285278646 -23.7117943781)
continue (15.4549812628 -23.7217938525)
continue (16.0000000000 -23.7322271727)
continue (16.5642387815 -23.7431495677)
continue (17.1483754006 -23.7546064204)
continue (17.7531115531 -23.7666331145)
continue (18.3791736800 -23.7792552454)
continue (19.0273138400 -23.7924891323)
continue (19.6983106135 -23.8063425599)
continue (20.3929700371 -23.8208156802)
continue (21.1121265724 -23.8359020029)
continue (21.8566441081 -23.8515894174)
continue (22.6274169980 -23.8678611940)
continue (23.4253711351 -23.8846969284)
continue (24.2514650642 -23.9020734053)
continue (25.1066911327 -23.9199653670)
continue (25.9920766834 -23.9383461827)
continue (26.9086852881 -23.9571884218)
continue (27.8576180255 -23.9764643350)
continue (28.8400148035 -23.9961462539)
continue (29.8570557292 -24.0162069165)
continue (30.9099625256 -24.0366197283)
continue (32.0000000000 -24.0573589668)
continue (33.1284775629 -24.0783999376)
continue (34.2967508012 -24.0997190882)
continue (35.5062231062 -24.1212940860)
continue (36.7583473599 -24.1431038657)
continue (38.0546276801 -24.1651286508)
continue (39.3966212270 -24.1873499542)
continue (40.7859400742 -24.2097505611)
continue (42.2242531447 -24.2323144976)
continue (43.7132882161 -24.2550269892)
continue (45.2548339959 -24.2778744105)
continue (46.8507422703 -24.3008442296)
continue (48.5029301283 -24.3239249477)
continue (50.2133822654 -24.3471060381)
continue (51.9841533668 -24.3703778828)
continue (53.8173705762 -24.3937317104)
continue (55.7152360510 -24.4171595352)
continue (57.6800296071 -24.4406540975)
continue (59.7141114584 -24.4642088069)
continue (61.8199250512 -24.4878176885)
continue (64.0000000000 -24.5114753312)
continue (66.2569551258 -24.5351768398)
continue (68.5935016023 -24.5589177902)
continue (71.0124462123 -24.5826941876)
continue (73.5166947198 -24.6065024274)
continue (76.1092553602 -24.6303392599)
continue (78.7932424541 -24.6542017572)
continue (81.5718801484 -24.6780872829)
continue (84.4485062895 -24.7019934644)
continue (87.4265764323 -24.7259181678)
continue (90.5096679919 -24.7498594747)
continue (93.7014845405 -24.7738156613)
continue (97.0058602567 -24.7977851792)
continue (100.4267645310 -24.8217666382)
continue (103.9683067340 -24.8457587905)
continue (107.6347411520 -24.8697605166)
continue (111.4304721020 -24.8937708123)
continue (115.3600592140 -24.9177887773)
continue (119.4282229170 -24.9418136044)
continue (123.6398501020 -24.9658445702)
continue (128.0000000000 -24.9898810266)
continue (132.5139102520 -25.0139223932)
continue (137.1870032050 -25.0379681501)
continue (142.0248924250 -25.0620178318)
continue (147.0333894400 -25.0860710215)
continue (152.2185107200 -25.1101273465)
continue (157.5864849080 -25.1341864731)
continue (163.1437602970 -25.1582481026)
continue (168.8970125790 -25.1823119681)
continue (174.8531528650 -25.2063778307)
continue (181.0193359840 -25.2304454770)
continue (187.4029690810 -25.2545147159)
continue (194.0117205130 -25.2785853768)
continue (200.8535290620 -25.3026573072)
continue (207.9366134670 -25.3267303708)
continue (215.2694823050 -25.3508044458)
continue (222.8609442040 -25.3748794233)
continue (230.7201184280 -25.3989552062)
continue (238.8564458330 -25.4230317077)
continue (247.2797002050 -25.4471088502)
continue (256.0000000000 -25.4711865645)
continue (265.0278205030 -25.4952647888)
continue (274.3740064090 -25.5193434679)
continue (284.0497848490 -25.5434225526)
continue (294.0667788790 -25.5675019990)
continue (304.4370214410 -25.5915817678)
continue (315.1729698160 -25.6156618239)
continue (326.2875205940 -25.6397421363)
continue (337.7940251580 -25.6638226771)
continue (349.7063057290 -25.6879034213)
continue (362.0386719680 -25.7119843469)
continue (374.8059381620 -25.7360654341)
continue (388.0234410270 -25.7601466653)
continue (401.7070581230 -25.7842280247)
continue (415.8732269340 -25.8083094983)
continue (430.5389646100 -25.8323910737)
continue (445.7218884080 -25.8564727398)
continue (461.4402368570 -25.8805544866)
continue (477.7128916670 -25.9046363052)
continue (494.5594004100 -25.9287181879)
continue (512.0000000000 -25.9528001275)
continue (530.0556410070 -25.9768821179)
continue (548.7480128190 -26.0009641535)
continue (568.0995696990 -26.0250462292)
continue (588.1335577580 -26.0491283407)
continue (608.8740428810 -26.0732104841)
continue (630.3459396330 -26.0972926558)
continue (652.5750411870 -26.1213748527)
continue (675.5880503160 -26.1454570721)
continue (699.4126114580 -26.1695393115)
continue (724.0773439350 -26.1936215686)
continue (749.6118763240 -26.2177038415)
continue (776.0468820530 -26.2417861284)
continue (803.4141162460 -26.2658684279)
continue (831.7464538690 -26.2899507385)
continue (861.0779292200 -26.3140330590)
continue (891.4437768150 -26.3381153883)
continue (922.8804737130 -26.3621977254)
continue (955.4257833340 -26.3862800695)
continue (989.1188008190 -26.4103624197)
continue (1024.0000000000 -26.4344447754)
continue (1060.1112820100 -26.4585271361)
continue (1097.4960256400 -26.4826095011)
continue (1136.1991394000 -26.5066918699)
continue (1176.2671155200 -26.5307742422)
continue (1217.7480857600 -26.5548566175)
continue (1260.6918792700 -26.5789389956)
continue (1305.1500823700 -26.6030213760)
continue (1351.1761006300 -26.6271037587)
continue (1398.8252229200 -26.6511861432)
continue (1448.1546878700 -26.6752685294)
continue (1499.2237526500 -26.6993509171)
continue (1552.0937641100 -26.7234333061)
continue (1606.8282324900 -26.7475156963)
continue (1663.4929077400 -26.7715980876)
continue (1722.1558584400 -26.7956804798)
continue (1782.8875536300 -26.8197628729)
continue (1845.7609474300 -26.8438452667)
continue (1910.8515666700 -26.8679276611)
continue (1978.2376016400 -26.8920100562)
continue (2048.0000000000 -26.9160924517)
continue (2120.2225640300 -26.9401748477)
continue (2194.9920512700 -26.9642572441)
continue (2272.3982787900 -26.9883396409)
continue (2352.5342310300 -27.0124220380)
continue (2435.4961715300 -27.0365044354)
continue (2521.3837585300 -27.0605868331)
continue (2610.3001647500 -27.0846692309)
continue (2702.3522012600 -27.1087516290)
continue (2797.6504458300 -27.1328340273)
continue (2896.3093757400 -27.1569164257)
continue (2998.4475053000 -27.1809988242)
continue (3104.1875282100 -27.2050812229)
continue (3213.6564649900 -27.2291636217)
continue (3326.9858154800 -27.2532460205)
continue (3444.3117168800 -27.2773284195)
continue (3565.7751072600 -27.3014108186)
continue (3691.5218948500 -27.3254932177)
continue (3821.7031333300 -27.3495756168)
continue (3956.4752032800 -27.3736580161)
continue (4096.0000000000 -27.3977404153)
continue (4136.9600000000 -50.0000000000)
continue (7354000.0000000000 -50.0000000000)
f(nu) = -20.6107897940 at 1.0000000000 Ryd
