# Haardt & Madau (2011)
# z = 1.511886
# E [Ryd] log (J_nu)
interpolate (0.0000000100 -50.0000000000)
continue (0.4950000000 -50.0000000000)
continue (0.5000000000 -20.1308271723)
continue (0.5176324619 -20.1519875805)
continue (0.5358867313 -20.1719409912)
continue (0.5547847360 -20.1932828594)
continue (0.5743491775 -20.2161517625)
continue (0.5946035575 -20.2407143162)
continue (0.6155722067 -20.2671712281)
continue (0.6372803137 -20.2957659692)
continue (0.6597539554 -20.3272164700)
continue (0.6830201284 -20.3613695499)
continue (0.7071067812 -20.3985613572)
continue (0.7320428480 -20.4458094196)
continue (0.7578582833 -20.5056053965)
continue (0.7845840979 -20.5592074353)
continue (0.8122523964 -20.6206805926)
continue (0.8408964153 -20.6926062376)
continue (0.8705505633 -20.7791258704)
continue (0.9012504626 -20.8873856773)
continue (0.9330329915 -21.0332597267)
continue (0.9659363289 -21.2529956816)
continue (1.0000000000 -21.7767388166)
continue (1.0352649238 -21.8080405825)
continue (1.0717734625 -21.8331822853)
continue (1.1095694721 -21.8553610463)
continue (1.1486983550 -21.8750971797)
continue (1.1892071150 -21.8928712793)
continue (1.2311444133 -21.9091067332)
continue (1.2745606273 -21.9241603842)
continue (1.3195079108 -21.9383197573)
continue (1.3660402568 -21.9518103778)
continue (1.4142135624 -21.9647864044)
continue (1.4640856959 -21.9773879800)
continue (1.5157165665 -21.9896806464)
continue (1.5691681958 -22.0016981677)
continue (1.6245047927 -22.0134486992)
continue (1.6817928305 -22.0249167770)
continue (1.7411011266 -22.0360856027)
continue (1.8025009252 -22.0445997718)
continue (1.8660659831 -22.0575857613)
continue (1.9318726579 -22.0679022450)
continue (2.0000000000 -22.0776563517)
continue (2.0705298477 -22.0878430099)
continue (2.1435469251 -22.0980940661)
continue (2.2191389441 -22.1087554625)
continue (2.2973967100 -22.1201233466)
continue (2.3784142300 -22.1325344336)
continue (2.4622888267 -22.1463547941)
continue (2.5491212546 -22.1618971280)
continue (2.6390158216 -22.1804847380)
continue (2.7320805135 -22.2018477918)
continue (2.8284271248 -22.2258624072)
continue (2.9281713919 -22.2531765881)
continue (3.0314331330 -22.3942946688)
continue (3.1383363916 -22.4404222277)
continue (3.2490095854 -22.4930977299)
continue (3.3635856610 -22.5539061809)
continue (3.4822022532 -22.6251501102)
continue (3.6050018504 -22.7104062465)
continue (3.7321319661 -22.8219786928)
continue (3.8637453157 -22.9675738852)
continue (4.0000000000 -23.1694459549)
continue (4.1410596954 -23.2699186636)
continue (4.2870938501 -23.3142318510)
continue (4.4382778883 -23.3372445399)
continue (4.5947934200 -23.3530896258)
continue (4.7568284600 -23.3668098672)
continue (4.9245776534 -23.3800229763)
continue (5.0982425093 -23.3932087287)
continue (5.2780316431 -23.4064923204)
continue (5.4641610270 -23.4198923529)
continue (5.6568542495 -23.4333955881)
continue (5.8563427838 -23.4469788385)
continue (6.0628662660 -23.4606153126)
continue (6.2766727832 -23.4742763481)
continue (6.4980191709 -23.4879316168)
continue (6.7271713220 -23.5015487394)
continue (6.9644045064 -23.5150927306)
continue (7.2100037009 -23.5285255903)
continue (7.4642639323 -23.5418063088)
continue (7.7274906314 -23.5548914876)
continue (8.0000000000 -23.5677366677)
continue (8.2821193907 -23.5802983385)
continue (8.5741877003 -23.5925364809)
continue (8.8765557765 -23.6044174082)
continue (9.1895868400 -23.6159166132)
continue (9.5136569200 -23.6270213240)
continue (9.8491553068 -23.6377325009)
continue (10.1964850186 -23.6480660706)
continue (10.5560632862 -23.6580532776)
continue (10.9283220540 -23.6677401232)
continue (11.3137084990 -23.6771859492)
continue (11.7126855676 -23.6864612953)
continue (12.1257325321 -23.6956452162)
continue (12.5533455663 -23.7048222722)
continue (12.9960383417 -23.7140794145)
continue (13.4543426441 -23.7235029695)
continue (13.9288090127 -23.7331758945)
continue (14.4200074018 -23.7431754312)
continue (14.9285278646 -23.7535712385)
continue (15.4549812628 -23.7644240365)
continue (16.0000000000 -23.7757847584)
continue (16.5642387815 -23.7876941749)
continue (17.1483754006 -23.8001829337)
continue (17.7531115531 -23.8132719469)
continue (18.3791736800 -23.8269730502)
continue (19.0273138400 -23.8412898604)
continue (19.6983106135 -23.8562187583)
continue (20.3929700371 -23.8717499328)
continue (21.1121265724 -23.8878684308)
continue (21.8566441081 -23.9045551668)
continue (22.6274169980 -23.9217878612)
continue (23.4253711351 -23.9395418843)
continue (24.2514650642 -23.9577909964)
continue (25.1066911327 -23.9765079813)
continue (25.9920766834 -23.9956651770)
continue (26.9086852881 -24.0152349123)
continue (27.8576180255 -24.0351898593)
continue (28.8400148035 -24.0555033127)
continue (29.8570557292 -24.0761494060)
continue (30.9099625256 -24.0971032752)
continue (32.0000000000 -24.1183411767)
continue (33.1284775629 -24.1398405693)
continue (34.2967508012 -24.1615801636)
continue (35.5062231062 -24.1835399464)
continue (36.7583473599 -24.2057011838)
continue (38.0546276801 -24.2280464064)
continue (39.3966212270 -24.2505593813)
continue (40.7859400742 -24.2732250733)
continue (42.2242531447 -24.2960295969)
continue (43.7132882161 -24.3189601634)
continue (45.2548339959 -24.3420050232)
continue (46.8507422703 -24.3651534057)
continue (48.5029301283 -24.3883954586)
continue (50.2133822654 -24.4117221861)
continue (51.9841533668 -24.4351253892)
continue (53.8173705762 -24.4585976067)
continue (55.7152360510 -24.4821320587)
continue (57.6800296071 -24.5057225928)
continue (59.7141114584 -24.5293636324)
continue (61.8199250512 -24.5530501289)
continue (64.0000000000 -24.5767775158)
continue (66.2569551258 -24.6005416670)
continue (68.5935016023 -24.6243388571)
continue (71.0124462123 -24.6481657255)
continue (73.5166947198 -24.6720192425)
continue (76.1092553602 -24.6958966786)
continue (78.7932424541 -24.7197955765)
continue (81.5718801484 -24.7437137249)
continue (84.4485062895 -24.7676491349)
continue (87.4265764323 -24.7916000187)
continue (90.5096679919 -24.8155647698)
continue (93.7014845405 -24.8395419452)
continue (97.0058602567 -24.8635302496)
continue (100.4267645310 -24.8875285200)
continue (103.9683067340 -24.9115357133)
continue (107.6347411520 -24.9355508937)
continue (111.4304721020 -24.9595732221)
continue (115.3600592140 -24.9836019465)
continue (119.4282229170 -25.0076363927)
continue (123.6398501020 -25.0316759568)
continue (128.0000000000 -25.0557200977)
continue (132.5139102520 -25.0797683312)
continue (137.1870032050 -25.1038202232)
continue (142.0248924250 -25.1278753855)
continue (147.0333894400 -25.1519334706)
continue (152.2185107200 -25.1759941675)
continue (157.5864849080 -25.2000571979)
continue (163.1437602970 -25.2241223129)
continue (168.8970125790 -25.2481892900)
continue (174.8531528650 -25.2722579301)
continue (181.0193359840 -25.2963280552)
continue (187.4029690810 -25.3203995062)
continue (194.0117205130 -25.3444721410)
continue (200.8535290620 -25.3685458324)
continue (207.9366134670 -25.3926204670)
continue (215.2694823050 -25.4166959433)
continue (222.8609442040 -25.4407721706)
continue (230.7201184280 -25.4648490681)
continue (238.8564458330 -25.4889265634)
continue (247.2797002050 -25.5130045920)
continue (256.0000000000 -25.5370830963)
continue (265.0278205030 -25.5611620249)
continue (274.3740064090 -25.5852413317)
continue (284.0497848490 -25.6093209759)
continue (294.0667788790 -25.6334009208)
continue (304.4370214410 -25.6574811339)
continue (315.1729698160 -25.6815615859)
continue (326.2875205940 -25.7056422510)
continue (337.7940251580 -25.7297231059)
continue (349.7063057290 -25.7538041300)
continue (362.0386719680 -25.7778853049)
continue (374.8059381620 -25.8019666141)
continue (388.0234410270 -25.8260480429)
continue (401.7070581230 -25.8501295784)
continue (415.8732269340 -25.8742112088)
continue (430.5389646100 -25.8982929238)
continue (445.7218884080 -25.9223747141)
continue (461.4402368570 -25.9464565715)
continue (477.7128916670 -25.9705384886)
continue (494.5594004100 -25.9946204589)
continue (512.0000000000 -26.0187024765)
continue (530.0556410070 -26.0427845363)
continue (548.7480128190 -26.0668666336)
continue (568.0995696990 -26.0909487643)
continue (588.1335577580 -26.1150309247)
continue (608.8740428810 -26.1391131115)
continue (630.3459396330 -26.1631953219)
continue (652.5750411870 -26.1872775533)
continue (675.5880503160 -26.2113598033)
continue (699.4126114580 -26.2354420699)
continue (724.0773439350 -26.2595243512)
continue (749.6118763240 -26.2836066456)
continue (776.0468820530 -26.3076889517)
continue (803.4141162460 -26.3317712682)
continue (831.7464538690 -26.3558535940)
continue (861.0779292200 -26.3799359279)
continue (891.4437768150 -26.4040182692)
continue (922.8804737130 -26.4281006169)
continue (955.4257833340 -26.4521829704)
continue (989.1188008190 -26.4762653291)
continue (1024.0000000000 -26.5003476923)
continue (1060.1112820100 -26.5244300596)
continue (1097.4960256400 -26.5485124305)
continue (1136.1991394000 -26.5725948046)
continue (1176.2671155200 -26.5966771815)
continue (1217.7480857600 -26.6207595610)
continue (1260.6918792700 -26.6448419427)
continue (1305.1500823700 -26.6689243265)
continue (1351.1761006300 -26.6930067120)
continue (1398.8252229200 -26.7170890991)
continue (1448.1546878700 -26.7411714876)
continue (1499.2237526500 -26.7652538773)
continue (1552.0937641100 -26.7893362682)
continue (1606.8282324900 -26.8134186600)
continue (1663.4929077400 -26.8375010527)
continue (1722.1558584400 -26.8615834462)
continue (1782.8875536300 -26.8856658404)
continue (1845.7609474300 -26.9097482352)
continue (1910.8515666700 -26.9338306305)
continue (1978.2376016400 -26.9579130263)
continue (2048.0000000000 -26.9819954226)
continue (2120.2225640300 -27.0060778192)
continue (2194.9920512700 -27.0301602162)
continue (2272.3982787900 -27.0542426134)
continue (2352.5342310300 -27.0783250110)
continue (2435.4961715300 -27.1024074088)
continue (2521.3837585300 -27.1264898067)
continue (2610.3001647500 -27.1505722049)
continue (2702.3522012600 -27.1746546033)
continue (2797.6504458300 -27.1987370017)
continue (2896.3093757400 -27.2228194004)
continue (2998.4475053000 -27.2469017991)
continue (3104.1875282100 -27.2709841979)
continue (3213.6564649900 -27.2950665969)
continue (3326.9858154800 -27.3191489959)
continue (3444.3117168800 -27.3432313950)
continue (3565.7751072600 -27.3673137941)
continue (3691.5218948500 -27.3913961933)
continue (3821.7031333300 -27.4154785926)
continue (3956.4752032800 -27.4395609919)
continue (4096.0000000000 -27.4636433912)
continue (4136.9600000000 -50.0000000000)
continue (7354000.0000000000 -50.0000000000)
f(nu) = -20.6775289525 at 1.0000000000 Ryd
