# Haardt & Madau (2011)
# z = 1.238721
# E [Ryd] log (J_nu)
interpolate (0.0000000100 -50.0000000000)
continue (0.4950000000 -50.0000000000)
continue (0.5000000000 -20.2640228890)
continue (0.5176324619 -20.2861192974)
continue (0.5358867313 -20.3068885710)
continue (0.5547847360 -20.3290353271)
continue (0.5743491775 -20.3527589217)
continue (0.5946035575 -20.3784696120)
continue (0.6155722067 -20.4057943139)
continue (0.6372803137 -20.4351905821)
continue (0.6597539554 -20.4670129442)
continue (0.6830201284 -20.5015731148)
continue (0.7071067812 -20.5390195223)
continue (0.7320428480 -20.5864952121)
continue (0.7578582833 -20.6459783351)
continue (0.7845840979 -20.6997588966)
continue (0.8122523964 -20.7613395320)
continue (0.8408964153 -20.8337994843)
continue (0.8705505633 -20.9201380631)
continue (0.9012504626 -21.0274829870)
continue (0.9330329915 -21.1700514989)
continue (0.9659363289 -21.3830880835)
continue (1.0000000000 -21.8726263999)
continue (1.0352649238 -21.9041681488)
continue (1.0717734625 -21.9278781402)
continue (1.1095694721 -21.9488657121)
continue (1.1486983550 -21.9676337946)
continue (1.1892071150 -21.9846335070)
continue (1.2311444133 -22.0002538621)
continue (1.2745606273 -22.0148164354)
continue (1.3195079108 -22.0285748110)
continue (1.3660402568 -22.0417210888)
continue (1.4142135624 -22.0543458424)
continue (1.4640856959 -22.0666116160)
continue (1.5157165665 -22.0785427687)
continue (1.5691681958 -22.0901771056)
continue (1.6245047927 -22.1015555877)
continue (1.6817928305 -22.1127512343)
continue (1.7411011266 -22.1237121710)
continue (1.8025009252 -22.1309255297)
continue (1.8660659831 -22.1454006992)
continue (1.9318726579 -22.1563815116)
continue (2.0000000000 -22.1674401640)
continue (2.0705298477 -22.1794668959)
continue (2.1435469251 -22.1921916791)
continue (2.2191389441 -22.2059917657)
continue (2.2973967100 -22.2212128480)
continue (2.3784142300 -22.2387558111)
continue (2.4622888267 -22.2578584988)
continue (2.5491212546 -22.2791682639)
continue (2.6390158216 -22.3030835084)
continue (2.7320805135 -22.3291556297)
continue (2.8284271248 -22.3563089983)
continue (2.9281713919 -22.3863409996)
continue (3.0314331330 -22.5233167325)
continue (3.1383363916 -22.5723133315)
continue (3.2490095854 -22.6278426489)
continue (3.3635856610 -22.6943561946)
continue (3.4822022532 -22.7687922567)
continue (3.6050018504 -22.8551939504)
continue (3.7321319661 -22.9604859926)
continue (3.8637453157 -23.0959299221)
continue (4.0000000000 -23.2887391561)
continue (4.1410596954 -23.3854166935)
continue (4.2870938501 -23.4266241199)
continue (4.4382778883 -23.4481119060)
continue (4.5947934200 -23.4630391630)
continue (4.7568284600 -23.4760458460)
continue (4.9245776534 -23.4886077581)
continue (5.0982425093 -23.5011569603)
continue (5.2780316431 -23.5138019504)
continue (5.4641610270 -23.5265544649)
continue (5.6568542495 -23.5393974436)
continue (5.8563427838 -23.5523046437)
continue (6.0628662660 -23.5652460683)
continue (6.2766727832 -23.5781892544)
continue (6.4980191709 -23.5910993201)
continue (6.7271713220 -23.6039387010)
continue (6.9644045064 -23.6166669969)
continue (7.2100037009 -23.6292412110)
continue (7.4642639323 -23.6416165696)
continue (7.7274906314 -23.6537480116)
continue (8.0000000000 -23.6655923166)
continue (8.2821193907 -23.6771107270)
continue (8.5741877003 -23.6882718259)
continue (8.8765557765 -23.6990543791)
continue (9.1895868400 -23.7094498370)
continue (9.5136569200 -23.7194642225)
continue (9.8491553068 -23.7291191993)
continue (10.1964850186 -23.7384521983)
continue (10.5560632862 -23.7475155829)
continue (10.9283220540 -23.7563749235)
continue (11.3137084990 -23.7651065355)
continue (11.7126855676 -23.7737944898)
continue (12.1257325321 -23.7825273387)
continue (12.5533455663 -23.7913948012)
continue (12.9960383417 -23.8004846283)
continue (13.4543426441 -23.8098798300)
continue (13.9288090127 -23.8196563876)
continue (14.4200074018 -23.8298815218)
continue (14.9285278646 -23.8406125312)
continue (15.4549812628 -23.8518961747)
continue (16.0000000000 -23.8637685378)
continue (16.5642387815 -23.8762553067)
continue (17.1483754006 -23.8893723636)
continue (17.7531115531 -23.9031266187)
continue (18.3791736800 -23.9175170002)
continue (19.0273138400 -23.9325355301)
continue (19.6983106135 -23.9481684288)
continue (20.3929700371 -23.9643971965)
continue (21.1121265724 -23.9811996349)
continue (21.8566441081 -23.9985507821)
continue (22.6274169980 -24.0164237424)
continue (23.4253711351 -24.0347904044)
continue (24.2514650642 -24.0536220457)
continue (25.1066911327 -24.0728898321)
continue (25.9920766834 -24.0925652184)
continue (26.9086852881 -24.1126202634)
continue (27.8576180255 -24.1330278722)
continue (28.8400148035 -24.1537619758)
continue (29.8570557292 -24.1747976603)
continue (30.9099625256 -24.1961112537)
continue (32.0000000000 -24.2176803792)
continue (33.1284775629 -24.2394839807)
continue (34.2967508012 -24.2615023265)
continue (35.5062231062 -24.2837169948)
continue (36.7583473599 -24.3061108460)
continue (38.0546276801 -24.3286679835)
continue (39.3966212270 -24.3513737061)
continue (40.7859400742 -24.3742144548)
continue (42.2242531447 -24.3971777546)
continue (43.7132882161 -24.4202521545)
continue (45.2548339959 -24.4434271649)
continue (46.8507422703 -24.4666931964)
continue (48.5029301283 -24.4900414973)
continue (50.2133822654 -24.5134640943)
continue (51.9841533668 -24.5369537339)
continue (53.8173705762 -24.5605038266)
continue (55.7152360510 -24.5841083940)
continue (57.6800296071 -24.6077620180)
continue (59.7141114584 -24.6314597942)
continue (61.8199250512 -24.6551972869)
continue (64.0000000000 -24.6789704886)
continue (66.2569551258 -24.7027757811)
continue (68.5935016023 -24.7266099007)
continue (71.0124462123 -24.7504699050)
continue (73.5166947198 -24.7743531433)
continue (76.1092553602 -24.7982572293)
continue (78.7932424541 -24.8221800154)
continue (81.5718801484 -24.8461195701)
continue (84.4485062895 -24.8700741573)
continue (87.4265764323 -24.8940422167)
continue (90.5096679919 -24.9180223469)
continue (93.7014845405 -24.9420132897)
continue (97.0058602567 -24.9660139158)
continue (100.4267645310 -24.9900232119)
continue (103.9683067340 -25.0140402690)
continue (107.6347411520 -25.0380642722)
continue (111.4304721020 -25.0620944907)
continue (115.3600592140 -25.0861302699)
continue (119.4282229170 -25.1101710229)
continue (123.6398501020 -25.1342162243)
continue (128.0000000000 -25.1582654033)
continue (132.5139102520 -25.1823181384)
continue (137.1870032050 -25.2063740523)
continue (142.0248924250 -25.2304328074)
continue (147.0333894400 -25.2544941014)
continue (152.2185107200 -25.2785576640)
continue (157.5864849080 -25.3026232532)
continue (163.1437602970 -25.3266906528)
continue (168.8970125790 -25.3507596693)
continue (174.8531528650 -25.3748301297)
continue (181.0193359840 -25.3989018795)
continue (187.4029690810 -25.4229747803)
continue (194.0117205130 -25.4470487086)
continue (200.8535290620 -25.4711235542)
continue (207.9366134670 -25.4951992183)
continue (215.2694823050 -25.5192756128)
continue (222.8609442040 -25.5433526592)
continue (230.7201184280 -25.5674302870)
continue (238.8564458330 -25.5915084336)
continue (247.2797002050 -25.6155870428)
continue (256.0000000000 -25.6396660648)
continue (265.0278205030 -25.6637454548)
continue (274.3740064090 -25.6878251729)
continue (284.0497848490 -25.7119051837)
continue (294.0667788790 -25.7359854553)
continue (304.4370214410 -25.7600659594)
continue (315.1729698160 -25.7841466708)
continue (326.2875205940 -25.8082275670)
continue (337.7940251580 -25.8323086277)
continue (349.7063057290 -25.8563898352)
continue (362.0386719680 -25.8804711734)
continue (374.8059381620 -25.9045526280)
continue (388.0234410270 -25.9286341864)
continue (401.7070581230 -25.9527158371)
continue (415.8732269340 -25.9767975702)
continue (430.5389646100 -26.0008793767)
continue (445.7218884080 -26.0249612484)
continue (461.4402368570 -26.0490431782)
continue (477.7128916670 -26.0731251598)
continue (494.5594004100 -26.0972071875)
continue (512.0000000000 -26.1212892562)
continue (530.0556410070 -26.1453713614)
continue (548.7480128190 -26.1694534992)
continue (568.0995696990 -26.1935356658)
continue (588.1335577580 -26.2176178583)
continue (608.8740428810 -26.2417000736)
continue (630.3459396330 -26.2657823094)
continue (652.5750411870 -26.2898645633)
continue (675.5880503160 -26.3139468333)
continue (699.4126114580 -26.3380291177)
continue (724.0773439350 -26.3621114149)
continue (749.6118763240 -26.3861937234)
continue (776.0468820530 -26.4102760421)
continue (803.4141162460 -26.4343583698)
continue (831.7464538690 -26.4584407054)
continue (861.0779292200 -26.4825230482)
continue (891.4437768150 -26.5066053973)
continue (922.8804737130 -26.5306877520)
continue (955.4257833340 -26.5547701117)
continue (989.1188008190 -26.5788524759)
continue (1024.0000000000 -26.6029348440)
continue (1060.1112820100 -26.6270172156)
continue (1097.4960256400 -26.6510995903)
continue (1136.1991394000 -26.6751819679)
continue (1176.2671155200 -26.6992643479)
continue (1217.7480857600 -26.7233467301)
continue (1260.6918792700 -26.7474291142)
continue (1305.1500823700 -26.7715115001)
continue (1351.1761006300 -26.7955938875)
continue (1398.8252229200 -26.8196762763)
continue (1448.1546878700 -26.8437586663)
continue (1499.2237526500 -26.8678410573)
continue (1552.0937641100 -26.8919234494)
continue (1606.8282324900 -26.9160058423)
continue (1663.4929077400 -26.9400882359)
continue (1722.1558584400 -26.9641706302)
continue (1782.8875536300 -26.9882530251)
continue (1845.7609474300 -27.0123354206)
continue (1910.8515666700 -27.0364178165)
continue (1978.2376016400 -27.0605002128)
continue (2048.0000000000 -27.0845826095)
continue (2120.2225640300 -27.1086650066)
continue (2194.9920512700 -27.1327474039)
continue (2272.3982787900 -27.1568298015)
continue (2352.5342310300 -27.1809121993)
continue (2435.4961715300 -27.2049945974)
continue (2521.3837585300 -27.2290769956)
continue (2610.3001647500 -27.2531593940)
continue (2702.3522012600 -27.2772417925)
continue (2797.6504458300 -27.3013241911)
continue (2896.3093757400 -27.3254065899)
continue (2998.4475053000 -27.3494889887)
continue (3104.1875282100 -27.3735713877)
continue (3213.6564649900 -27.3976537867)
continue (3326.9858154800 -27.4217361858)
continue (3444.3117168800 -27.4458185850)
continue (3565.7751072600 -27.4699009842)
continue (3691.5218948500 -27.4939833835)
continue (3821.7031333300 -27.5180657828)
continue (3956.4752032800 -27.5421481821)
continue (4096.0000000000 -27.5662305815)
continue (4136.9600000000 -50.0000000000)
continue (7354000.0000000000 -50.0000000000)
f(nu) = -20.7734165359 at 1.0000000000 Ryd
