# Haardt & Madau (2011)
# z = 2.981072
# E [Ryd] log (J_nu)
interpolate (0.0000000100 -50.0000000000)
continue (0.4950000000 -50.0000000000)
continue (0.5000000000 -19.6720443565)
continue (0.5176324619 -19.6853992684)
continue (0.5358867313 -19.6991465853)
continue (0.5547847360 -19.7143617821)
continue (0.5743491775 -19.7313793213)
continue (0.5946035575 -19.7504317807)
continue (0.6155722067 -19.7717176740)
continue (0.6372803137 -19.7954712729)
continue (0.6597539554 -19.8219772125)
continue (0.6830201284 -19.8516160705)
continue (0.7071067812 -19.8847935226)
continue (0.7320428480 -19.9286123625)
continue (0.7578582833 -19.9869831415)
continue (0.7845840979 -20.0390828586)
continue (0.8122523964 -20.0999215226)
continue (0.8408964153 -20.1724552379)
continue (0.8705505633 -20.2615714082)
continue (0.9012504626 -20.3761111049)
continue (0.9330329915 -20.5350421727)
continue (0.9659363289 -20.7931421282)
continue (1.0000000000 -21.7185448418)
continue (1.0352649238 -21.7647884312)
continue (1.0717734625 -21.7966086031)
continue (1.1095694721 -21.8237327351)
continue (1.1486983550 -21.8467403315)
continue (1.1892071150 -21.8662578023)
continue (1.2311444133 -21.8829043684)
continue (1.2745606273 -21.8972528154)
continue (1.3195079108 -21.9098060829)
continue (1.3660402568 -21.9209875330)
continue (1.4142135624 -21.9311413231)
continue (1.4640856959 -21.9405391857)
continue (1.5157165665 -21.9493905039)
continue (1.5691681958 -21.9578533903)
continue (1.6245047927 -21.9660452923)
continue (1.6817928305 -21.9740522911)
continue (1.7411011266 -21.9819367403)
continue (1.8025009252 -21.9805394020)
continue (1.8660659831 -21.9975008640)
continue (1.9318726579 -22.0052218378)
continue (2.0000000000 -22.0128307160)
continue (2.0705298477 -22.0201825801)
continue (2.1435469251 -22.0270474681)
continue (2.2191389441 -22.0332119960)
continue (2.2973967100 -22.0384220976)
continue (2.3784142300 -22.0422617895)
continue (2.4622888267 -22.0443385300)
continue (2.5491212546 -22.0442215092)
continue (2.6390158216 -22.0415318906)
continue (2.7320805135 -22.0336973828)
continue (2.8284271248 -22.0255698610)
continue (2.9281713919 -22.0171685135)
continue (3.0314331330 -22.1673325518)
continue (3.1383363916 -22.1994185146)
continue (3.2490095854 -22.2396224665)
continue (3.3635856610 -22.2907413074)
continue (3.4822022532 -22.3571621321)
continue (3.6050018504 -22.4465120004)
continue (3.7321319661 -22.5741701865)
continue (3.8637453157 -22.7799831581)
continue (4.0000000000 -23.3013457502)
continue (4.1410596954 -23.4748743402)
continue (4.2870938501 -23.5519552810)
continue (4.4382778883 -23.5866229749)
continue (4.5947934200 -23.6053929116)
continue (4.7568284600 -23.6190111436)
continue (4.9245776534 -23.6311338700)
continue (5.0982425093 -23.6428979454)
continue (5.2780316431 -23.6546358685)
continue (5.4641610270 -23.6664400260)
continue (5.6568542495 -23.6783346809)
continue (5.8563427838 -23.6903246678)
continue (6.0628662660 -23.7024075631)
continue (6.2766727832 -23.7145757222)
continue (6.4980191709 -23.7268158595)
continue (6.7271713220 -23.7391083213)
continue (6.9644045064 -23.7514266096)
continue (7.2100037009 -23.7637372617)
continue (7.4642639323 -23.7760000757)
continue (7.7274906314 -23.7881686697)
continue (8.0000000000 -23.8001913936)
continue (8.2821193907 -23.8120126440)
continue (8.5741877003 -23.8235746189)
continue (8.8765557765 -23.8348195100)
continue (9.1895868400 -23.8456920551)
continue (9.5136569200 -23.8561422989)
continue (9.8491553068 -23.8661283562)
continue (10.1964850186 -23.8756189482)
continue (10.5560632862 -23.8845955008)
continue (10.9283220540 -23.8930536411)
continue (11.3137084990 -23.9010039922)
continue (11.7126855676 -23.9084722422)
continue (12.1257325321 -23.9154985230)
continue (12.5533455663 -23.9221361922)
continue (12.9960383417 -23.9284501409)
continue (13.4543426441 -23.9345147668)
continue (13.9288090127 -23.9404117474)
continue (14.4200074018 -23.9462277337)
continue (14.9285278646 -23.9520520564)
continue (15.4549812628 -23.9579745197)
continue (16.0000000000 -23.9640833328)
continue (16.5642387815 -23.9704632242)
continue (17.1483754006 -23.9771937753)
continue (17.7531115531 -23.9843480119)
continue (18.3791736800 -23.9919912875)
continue (19.0273138400 -24.0001804820)
continue (19.6983106135 -24.0089635256)
continue (20.3929700371 -24.0183792332)
continue (21.1121265724 -24.0284574195)
continue (21.8566441081 -24.0392192455)
continue (22.6274169980 -24.0506777434)
continue (23.4253711351 -24.0628384624)
continue (24.2514650642 -24.0757001900)
continue (25.1066911327 -24.0892557078)
continue (25.9920766834 -24.1034925544)
continue (26.9086852881 -24.1183937749)
continue (27.8576180255 -24.1339386449)
continue (28.8400148035 -24.1501033596)
continue (29.8570557292 -24.1668616829)
continue (30.9099625256 -24.1841855513)
continue (32.0000000000 -24.2020456286)
continue (33.1284775629 -24.2204118090)
continue (34.2967508012 -24.2392536661)
continue (35.5062231062 -24.2585408457)
continue (36.7583473599 -24.2782434038)
continue (38.0546276801 -24.2983320888)
continue (39.3966212270 -24.3187785731)
continue (40.7859400742 -24.3395556338)
continue (42.2242531447 -24.3606372896)
continue (43.7132882161 -24.3819988973)
continue (45.2548339959 -24.4036172119)
continue (46.8507422703 -24.4254704173)
continue (48.5029301283 -24.4475381301)
continue (50.2133822654 -24.4698013837)
continue (51.9841533668 -24.4922425940)
continue (53.8173705762 -24.5148455131)
continue (55.7152360510 -24.5375951729)
continue (57.6800296071 -24.5604778213)
continue (59.7141114584 -24.5834808550)
continue (61.8199250512 -24.6065927486)
continue (64.0000000000 -24.6298029844)
continue (66.2569551258 -24.6531019809)
continue (68.5935016023 -24.6764810245)
continue (71.0124462123 -24.6999322027)
continue (73.5166947198 -24.7234483399)
continue (76.1092553602 -24.7470229372)
continue (78.7932424541 -24.7706501149)
continue (81.5718801484 -24.7943245590)
continue (84.4485062895 -24.8180414716)
continue (87.4265764323 -24.8417965238)
continue (90.5096679919 -24.8655858134)
continue (93.7014845405 -24.8894058253)
continue (97.0058602567 -24.9132533950)
continue (100.4267645310 -24.9371256753)
continue (103.9683067340 -24.9610201061)
continue (107.6347411520 -24.9849343865)
continue (111.4304721020 -25.0088664495)
continue (115.3600592140 -25.0328144391)
continue (119.4282229170 -25.0567766893)
continue (123.6398501020 -25.0807517056)
continue (128.0000000000 -25.1047381471)
continue (132.5139102520 -25.1287348119)
continue (137.1870032050 -25.1527406225)
continue (142.0248924250 -25.1767546134)
continue (147.0333894400 -25.2007759196)
continue (152.2185107200 -25.2248037664)
continue (157.5864849080 -25.2488374602)
continue (163.1437602970 -25.2728763800)
continue (168.8970125790 -25.2969199699)
continue (174.8531528650 -25.3209677328)
continue (181.0193359840 -25.3450192237)
continue (187.4029690810 -25.3690740446)
continue (194.0117205130 -25.3931318396)
continue (200.8535290620 -25.4171922906)
continue (207.9366134670 -25.4412551128)
continue (215.2694823050 -25.4653200522)
continue (222.8609442040 -25.4893868814)
continue (230.7201184280 -25.5134553973)
continue (238.8564458330 -25.5375254185)
continue (247.2797002050 -25.5615967829)
continue (256.0000000000 -25.5856693458)
continue (265.0278205030 -25.6097429777)
continue (274.3740064090 -25.6338175634)
continue (284.0497848490 -25.6578929997)
continue (294.0667788790 -25.6819691946)
continue (304.4370214410 -25.7060460659)
continue (315.1729698160 -25.7301235404)
continue (326.2875205940 -25.7542015526)
continue (337.7940251580 -25.7782800442)
continue (349.7063057290 -25.8023589631)
continue (362.0386719680 -25.8264382629)
continue (374.8059381620 -25.8505179020)
continue (388.0234410270 -25.8745978436)
continue (401.7070581230 -25.8986780547)
continue (415.8732269340 -25.9227585059)
continue (430.5389646100 -25.9468391709)
continue (445.7218884080 -25.9709200265)
continue (461.4402368570 -25.9950010519)
continue (477.7128916670 -26.0190822283)
continue (494.5594004100 -26.0431635394)
continue (512.0000000000 -26.0672449703)
continue (530.0556410070 -26.0913265080)
continue (548.7480128190 -26.1154081407)
continue (568.0995696990 -26.1394898580)
continue (588.1335577580 -26.1635716506)
continue (608.8740428810 -26.1876535102)
continue (630.3459396330 -26.2117354295)
continue (652.5750411870 -26.2358174019)
continue (675.5880503160 -26.2598994215)
continue (699.4126114580 -26.2839814832)
continue (724.0773439350 -26.3080635823)
continue (749.6118763240 -26.3321457147)
continue (776.0468820530 -26.3562278768)
continue (803.4141162460 -26.3803100651)
continue (831.7464538690 -26.4043922769)
continue (861.0779292200 -26.4284745096)
continue (891.4437768150 -26.4525567608)
continue (922.8804737130 -26.4766390285)
continue (955.4257833340 -26.5007213109)
continue (989.1188008190 -26.5248036063)
continue (1024.0000000000 -26.5488859132)
continue (1060.1112820100 -26.5729682306)
continue (1097.4960256400 -26.5970505570)
continue (1136.1991394000 -26.6211328917)
continue (1176.2671155200 -26.6452152335)
continue (1217.7480857600 -26.6692975818)
continue (1260.6918792700 -26.6933799359)
continue (1305.1500823700 -26.7174622950)
continue (1351.1761006300 -26.7415446586)
continue (1398.8252229200 -26.7656270263)
continue (1448.1546878700 -26.7897093976)
continue (1499.2237526500 -26.8137917720)
continue (1552.0937641100 -26.8378741492)
continue (1606.8282324900 -26.8619565289)
continue (1663.4929077400 -26.8860389109)
continue (1722.1558584400 -26.9101212949)
continue (1782.8875536300 -26.9342036806)
continue (1845.7609474300 -26.9582860678)
continue (1910.8515666700 -26.9823684565)
continue (1978.2376016400 -27.0064508464)
continue (2048.0000000000 -27.0305332374)
continue (2120.2225640300 -27.0546156293)
continue (2194.9920512700 -27.0786980221)
continue (2272.3982787900 -27.1027804157)
continue (2352.5342310300 -27.1268628100)
continue (2435.4961715300 -27.1509452048)
continue (2521.3837585300 -27.1750276002)
continue (2610.3001647500 -27.1991099961)
continue (2702.3522012600 -27.2231923924)
continue (2797.6504458300 -27.2472747891)
continue (2896.3093757400 -27.2713571861)
continue (2998.4475053000 -27.2954395834)
continue (3104.1875282100 -27.3195219810)
continue (3213.6564649900 -27.3436043788)
continue (3326.9858154800 -27.3676867768)
continue (3444.3117168800 -27.3917691751)
continue (3565.7751072600 -27.4158515734)
continue (3691.5218948500 -27.4399339719)
continue (3821.7031333300 -27.4640163706)
continue (3956.4752032800 -27.4880987693)
continue (4096.0000000000 -27.5121811682)
continue (4136.9600000000 -50.0000000000)
continue (7354000.0000000000 -50.0000000000)
f(nu) = -20.6193349778 at 1.0000000000 Ryd
