# Haardt & Madau (2011)
# z = 2.162278
# E [Ryd] log (J_nu)
interpolate (0.0000000100 -50.0000000000)
continue (0.4950000000 -50.0000000000)
continue (0.5000000000 -19.8794366669)
continue (0.5176324619 -19.8979195256)
continue (0.5358867313 -19.9155587844)
continue (0.5547847360 -19.9347329080)
continue (0.5743491775 -19.9555589965)
continue (0.5946035575 -19.9784637664)
continue (0.6155722067 -20.0031008549)
continue (0.6372803137 -20.0299262787)
continue (0.6597539554 -20.0592453667)
continue (0.6830201284 -20.0915027306)
continue (0.7071067812 -20.1270255670)
continue (0.7320428480 -20.1728288228)
continue (0.7578582833 -20.2337637581)
continue (0.7845840979 -20.2869255891)
continue (0.8122523964 -20.3483251577)
continue (0.8408964153 -20.4215775917)
continue (0.8705505633 -20.5098667565)
continue (0.9012504626 -20.6216134260)
continue (0.9330329915 -20.7735622775)
continue (0.9659363289 -21.0109307188)
continue (1.0000000000 -21.6813157856)
continue (1.0352649238 -21.7163272990)
continue (1.0717734625 -21.7449793259)
continue (1.1095694721 -21.7698797843)
continue (1.1486983550 -21.7915902067)
continue (1.1892071150 -21.8106658211)
continue (1.2311444133 -21.8276223157)
continue (1.2745606273 -21.8429155380)
continue (1.3195079108 -21.8569324861)
continue (1.3660402568 -21.8699908007)
continue (1.4142135624 -21.8823437516)
continue (1.4640856959 -21.8941882802)
continue (1.5157165665 -21.9056735875)
continue (1.5691681958 -21.9169060468)
continue (1.6245047927 -21.9279477025)
continue (1.6817928305 -21.9388154784)
continue (1.7411011266 -21.9495092367)
continue (1.8025009252 -21.9580356219)
continue (1.8660659831 -21.9702338073)
continue (1.9318726579 -21.9801021204)
continue (2.0000000000 -21.9892234766)
continue (2.0705298477 -21.9979781293)
continue (2.1435469251 -22.0059275791)
continue (2.2191389441 -22.0130748143)
continue (2.2973967100 -22.0193986757)
continue (2.3784142300 -22.0251675743)
continue (2.4622888267 -22.0302928779)
continue (2.5491212546 -22.0352104866)
continue (2.6390158216 -22.0403526130)
continue (2.7320805135 -22.0452157886)
continue (2.8284271248 -22.0526290467)
continue (2.9281713919 -22.0628350092)
continue (3.0314331330 -22.2231906289)
continue (3.1383363916 -22.2622554031)
continue (3.2490095854 -22.3083940046)
continue (3.3635856610 -22.3682837201)
continue (3.4822022532 -22.4378778205)
continue (3.6050018504 -22.5250848781)
continue (3.7321319661 -22.6400138667)
continue (3.8637453157 -22.8038701143)
continue (4.0000000000 -23.0923456523)
continue (4.1410596954 -23.2231041280)
continue (4.2870938501 -23.2817579338)
continue (4.4382778883 -23.3097916732)
continue (4.5947934200 -23.3270081407)
continue (4.7568284600 -23.3408729883)
continue (4.9245776534 -23.3538531715)
continue (5.0982425093 -23.3667074099)
continue (5.2780316431 -23.3796550320)
continue (5.4641610270 -23.3927510849)
continue (5.6568542495 -23.4059995179)
continue (5.8563427838 -23.4193860415)
continue (6.0628662660 -23.4328878388)
continue (6.2766727832 -23.4464769521)
continue (6.4980191709 -23.4601218873)
continue (6.7271713220 -23.4737885034)
continue (6.9644045064 -23.4874404069)
continue (7.2100037009 -23.5010389651)
continue (7.4642639323 -23.5145431210)
continue (7.7274906314 -23.5279092642)
continue (8.0000000000 -23.5410914260)
continue (8.2821193907 -23.5540420114)
continue (8.5741877003 -23.5667131798)
continue (8.8765557765 -23.5790588473)
continue (9.1895868400 -23.5910371679)
continue (9.5136569200 -23.6026132497)
continue (9.8491553068 -23.6137618232)
continue (10.1964850186 -23.6244695779)
continue (10.5560632862 -23.6347369306)
continue (10.9283220540 -23.6445790596)
continue (11.3137084990 -23.6540261251)
continue (11.7126855676 -23.6631226764)
continue (12.1257325321 -23.6719263235)
continue (12.5533455663 -23.6805057999)
continue (12.9960383417 -23.6889385791)
continue (13.4543426441 -23.6973082197)
continue (13.9288090127 -23.7057016080)
continue (14.4200074018 -23.7142062470)
continue (14.9285278646 -23.7229077196)
continue (15.4549812628 -23.7318874230)
continue (16.0000000000 -23.7412206445)
continue (16.5642387815 -23.7509750278)
continue (17.1483754006 -23.7612094519)
continue (17.7531115531 -23.7719733269)
continue (18.3791736800 -23.7833062892)
continue (19.0273138400 -23.7952382610)
continue (19.6983106135 -23.8077898208)
continue (20.3929700371 -23.8209728236)
continue (21.1121265724 -23.8347912005)
continue (21.8566441081 -23.8492418699)
continue (22.6274169980 -23.8643156996)
continue (23.4253711351 -23.8799984680)
continue (24.2514650642 -23.8962717882)
continue (25.1066911327 -23.9131139666)
continue (25.9920766834 -23.9305007846)
continue (26.9086852881 -23.9484061937)
continue (27.8576180255 -23.9668029258)
continue (28.8400148035 -23.9856630205)
continue (29.8570557292 -24.0049582751)
continue (30.9099625256 -24.0246606234)
continue (32.0000000000 -24.0447424492)
continue (33.1284775629 -24.0651768412)
continue (34.2967508012 -24.0859377952)
continue (35.5062231062 -24.1070003689)
continue (36.7583473599 -24.1283407959)
continue (38.0546276801 -24.1499365630)
continue (39.3966212270 -24.1717664569)
continue (40.7859400742 -24.1938105839)
continue (42.2242531447 -24.2160503683)
continue (43.7132882161 -24.2384685325)
continue (45.2548339959 -24.2610490630)
continue (46.8507422703 -24.2837771655)
continue (48.5029301283 -24.3066392116)
continue (50.2133822654 -24.3296226798)
continue (51.9841533668 -24.3527160935)
continue (53.8173705762 -24.3759089563)
continue (55.7152360510 -24.3991916873)
continue (57.6800296071 -24.4225555567)
continue (59.7141114584 -24.4459926235)
continue (61.8199250512 -24.4694956743)
continue (64.0000000000 -24.4930581660)
continue (66.2569551258 -24.5166741702)
continue (68.5935016023 -24.5403383220)
continue (71.0124462123 -24.5640457708)
continue (73.5166947198 -24.5877921355)
continue (76.1092553602 -24.6115734619)
continue (78.7932424541 -24.6353861845)
continue (81.5718801484 -24.6592270899)
continue (84.4485062895 -24.6830932844)
continue (87.4265764323 -24.7069821635)
continue (90.5096679919 -24.7308913843)
continue (93.7014845405 -24.7548188404)
continue (97.0058602567 -24.7787626389)
continue (100.4267645310 -24.8027210792)
continue (103.9683067340 -24.8266926345)
continue (107.6347411520 -24.8506759345)
continue (111.4304721020 -24.8746697494)
continue (115.3600592140 -24.8986729763)
continue (119.4282229170 -24.9226846262)
continue (123.6398501020 -24.9467038124)
continue (128.0000000000 -24.9707297406)
continue (132.5139102520 -24.9947616986)
continue (137.1870032050 -25.0187990490)
continue (142.0248924250 -25.0428412206)
continue (147.0333894400 -25.0668877022)
continue (152.2185107200 -25.0909380361)
continue (157.5864849080 -25.1149918126)
continue (163.1437602970 -25.1390486654)
continue (168.8970125790 -25.1631082665)
continue (174.8531528650 -25.1871703226)
continue (181.0193359840 -25.2112345714)
continue (187.4029690810 -25.2353007785)
continue (194.0117205130 -25.2593687341)
continue (200.8535290620 -25.2834382508)
continue (207.9366134670 -25.3075091611)
continue (215.2694823050 -25.3315813154)
continue (222.8609442040 -25.3556545798)
continue (230.7201184280 -25.3797288350)
continue (238.8564458330 -25.4038039742)
continue (247.2797002050 -25.4278799020)
continue (256.0000000000 -25.4519565334)
continue (265.0278205030 -25.4760337924)
continue (274.3740064090 -25.5001116111)
continue (284.0497848490 -25.5241899290)
continue (294.0667788790 -25.5482686919)
continue (304.4370214410 -25.5723478517)
continue (315.1729698160 -25.5964273652)
continue (326.2875205940 -25.6205071942)
continue (337.7940251580 -25.6445873043)
continue (349.7063057290 -25.6686676649)
continue (362.0386719680 -25.6927482488)
continue (374.8059381620 -25.7168290317)
continue (388.0234410270 -25.7409099918)
continue (401.7070581230 -25.7649911099)
continue (415.8732269340 -25.7890723687)
continue (430.5389646100 -25.8131537528)
continue (445.7218884080 -25.8372352485)
continue (461.4402368570 -25.8613168437)
continue (477.7128916670 -25.8853985274)
continue (494.5594004100 -25.9094802899)
continue (512.0000000000 -25.9335621227)
continue (530.0556410070 -25.9576440179)
continue (548.7480128190 -25.9817259688)
continue (568.0995696990 -26.0058079692)
continue (588.1335577580 -26.0298900138)
continue (608.8740428810 -26.0539720975)
continue (630.3459396330 -26.0780542162)
continue (652.5750411870 -26.1021363659)
continue (675.5880503160 -26.1262185433)
continue (699.4126114580 -26.1503007453)
continue (724.0773439350 -26.1743829693)
continue (749.6118763240 -26.1984652126)
continue (776.0468820530 -26.2225474734)
continue (803.4141162460 -26.2466297495)
continue (831.7464538690 -26.2707120393)
continue (861.0779292200 -26.2947943414)
continue (891.4437768150 -26.3188766542)
continue (922.8804737130 -26.3429589768)
continue (955.4257833340 -26.3670413079)
continue (989.1188008190 -26.3911236466)
continue (1024.0000000000 -26.4152059921)
continue (1060.1112820100 -26.4392883436)
continue (1097.4960256400 -26.4633707005)
continue (1136.1991394000 -26.4874530622)
continue (1176.2671155200 -26.5115354281)
continue (1217.7480857600 -26.5356177977)
continue (1260.6918792700 -26.5597001707)
continue (1305.1500823700 -26.5837825467)
continue (1351.1761006300 -26.6078649253)
continue (1398.8252229200 -26.6319473063)
continue (1448.1546878700 -26.6560296894)
continue (1499.2237526500 -26.6801120743)
continue (1552.0937641100 -26.7041944608)
continue (1606.8282324900 -26.7282768489)
continue (1663.4929077400 -26.7523592382)
continue (1722.1558584400 -26.7764416287)
continue (1782.8875536300 -26.8005240202)
continue (1845.7609474300 -26.8246064126)
continue (1910.8515666700 -26.8486888058)
continue (1978.2376016400 -26.8727711998)
continue (2048.0000000000 -26.8968535944)
continue (2120.2225640300 -26.9209359895)
continue (2194.9920512700 -26.9450183852)
continue (2272.3982787900 -26.9691007813)
continue (2352.5342310300 -26.9931831778)
continue (2435.4961715300 -27.0172655747)
continue (2521.3837585300 -27.0413479718)
continue (2610.3001647500 -27.0654303693)
continue (2702.3522012600 -27.0895127670)
continue (2797.6504458300 -27.1135951649)
continue (2896.3093757400 -27.1376775630)
continue (2998.4475053000 -27.1617599613)
continue (3104.1875282100 -27.1858423598)
continue (3213.6564649900 -27.2099247583)
continue (3326.9858154800 -27.2340071570)
continue (3444.3117168800 -27.2580895558)
continue (3565.7751072600 -27.2821719547)
continue (3691.5218948500 -27.3062543537)
continue (3821.7031333300 -27.3303367528)
continue (3956.4752032800 -27.3544191519)
continue (4096.0000000000 -27.3785015511)
continue (4136.9600000000 -50.0000000000)
continue (7354000.0000000000 -50.0000000000)
f(nu) = -20.5821059215 at 1.0000000000 Ryd
