# Haardt & Madau (2011)
# z = 2.548134
# E [Ryd] log (J_nu)
interpolate (0.0000000100 -50.0000000000)
continue (0.4950000000 -50.0000000000)
continue (0.5000000000 -19.7706678349)
continue (0.5176324619 -19.7864165136)
continue (0.5358867313 -19.8022368801)
continue (0.5547847360 -19.8197051595)
continue (0.5743491775 -19.8389490834)
continue (0.5946035575 -19.8601180285)
continue (0.6155722067 -19.8833901373)
continue (0.6372803137 -19.9089841453)
continue (0.6597539554 -19.9381145588)
continue (0.6830201284 -19.9693993551)
continue (0.7071067812 -20.0040064249)
continue (0.7320428480 -20.0482848359)
continue (0.7578582833 -20.1084200903)
continue (0.7845840979 -20.1613083285)
continue (0.8122523964 -20.2226818521)
continue (0.8408964153 -20.2954222835)
continue (0.8705505633 -20.3842582294)
continue (0.9012504626 -20.4976237689)
continue (0.9330329915 -20.6566063293)
continue (0.9659363289 -20.9084664205)
continue (1.0000000000 -21.6844384734)
continue (1.0352649238 -21.7247273963)
continue (1.0717734625 -21.7549805422)
continue (1.1095694721 -21.7810412425)
continue (1.1486983550 -21.8034826468)
continue (1.1892071150 -21.8228949061)
continue (1.2311444133 -21.8398423438)
continue (1.2745606273 -21.8548347215)
continue (1.3195079108 -21.8683119624)
continue (1.3660402568 -21.8806397083)
continue (1.4142135624 -21.8921124292)
continue (1.4640856959 -21.9029610285)
continue (1.5157165665 -21.9133624961)
continue (1.5691681958 -21.9234498731)
continue (1.6245047927 -21.9333213169)
continue (1.6817928305 -21.9430471655)
continue (1.7411011266 -21.9526718282)
continue (1.8025009252 -21.9570290703)
continue (1.8660659831 -21.9715684613)
continue (1.9318726579 -21.9807106352)
continue (2.0000000000 -21.9893901637)
continue (2.0705298477 -21.9976728197)
continue (2.1435469251 -22.0052837562)
continue (2.2191389441 -22.0120037553)
continue (2.2973967100 -22.0176121961)
continue (2.3784142300 -22.0218802586)
continue (2.4622888267 -22.0247210514)
continue (2.5491212546 -22.0261321838)
continue (2.6390158216 -22.0270947414)
continue (2.7320805135 -22.0247872393)
continue (2.8284271248 -22.0240032752)
continue (2.9281713919 -22.0242541680)
continue (3.0314331330 -22.1863301604)
continue (3.1383363916 -22.2226451044)
continue (3.2490095854 -22.2665970645)
continue (3.3635856610 -22.3206304144)
continue (3.4822022532 -22.3885148602)
continue (3.6050018504 -22.4766011317)
continue (3.7321319661 -22.6089905734)
continue (3.8637453157 -22.8044739679)
continue (4.0000000000 -23.1514060318)
continue (4.1410596954 -23.3028267778)
continue (4.2870938501 -23.3702393034)
continue (4.4382778883 -23.4014025645)
continue (4.5947934200 -23.4193799798)
continue (4.7568284600 -23.4331653741)
continue (4.9245776534 -23.4457757883)
continue (5.0982425093 -23.4581500923)
continue (5.2780316431 -23.4705682820)
continue (5.4641610270 -23.4831114174)
continue (5.6568542495 -23.4958002583)
continue (5.8563427838 -23.5086344143)
continue (6.0628662660 -23.5216027440)
continue (6.2766727832 -23.5346861806)
continue (6.4980191709 -23.5478588777)
continue (6.7271713220 -23.5610890929)
continue (6.9644045064 -23.5743400091)
continue (7.2100037009 -23.5875704426)
continue (7.4642639323 -23.6007354136)
continue (7.7274906314 -23.6137866564)
continue (8.0000000000 -23.6266732278)
continue (8.2821193907 -23.6393423979)
continue (8.5741877003 -23.6517409721)
continue (8.8765557765 -23.6638171001)
continue (9.1895868400 -23.6755225197)
continue (9.5136569200 -23.6868150780)
continue (9.8491553068 -23.6976613012)
continue (10.1964850186 -23.7080387632)
continue (10.5560632862 -23.7179380164)
continue (10.9283220540 -23.7273639085)
continue (11.3137084990 -23.7363361740)
continue (11.7126855676 -23.7448892738)
continue (12.1257325321 -23.7530715229)
continue (12.5533455663 -23.7609436029)
continue (12.9960383417 -23.7685765938)
continue (13.4543426441 -23.7760496756)
continue (13.9288090127 -23.7834476450)
continue (14.4200074018 -23.7908583840)
continue (14.9285278646 -23.7983703888)
continue (15.4549812628 -23.8060704516)
continue (16.0000000000 -23.8140415644)
continue (16.5642387815 -23.8223611018)
continue (17.1483754006 -23.8310993257)
continue (17.7531115531 -23.8403182426)
continue (18.3791736800 -23.8500708305)
continue (19.0273138400 -23.8604006325)
continue (19.6983106135 -23.8713416950)
continue (20.3929700371 -23.8829188101)
continue (21.1121265724 -23.8951480070)
continue (21.8566441081 -23.9080372280)
continue (22.6274169980 -23.9215871277)
continue (23.4253711351 -23.9357919380)
continue (24.2514650642 -23.9506403510)
continue (25.1066911327 -23.9661163857)
continue (25.9920766834 -23.9822002137)
continue (26.9086852881 -23.9988689292)
continue (27.8576180255 -24.0160972548)
continue (28.8400148035 -24.0338581801)
continue (29.8570557292 -24.0521235319)
continue (30.9099625256 -24.0708644768)
continue (32.0000000000 -24.0900519591)
continue (33.1284775629 -24.1096570758)
continue (34.2967508012 -24.1296513922)
continue (35.5062231062 -24.1500072016)
continue (36.7583473599 -24.1706977333)
continue (38.0546276801 -24.1916973138)
continue (39.3966212270 -24.2129814852)
continue (40.7859400742 -24.2345270861)
continue (42.2242531447 -24.2563123007)
continue (43.7132882161 -24.2783166789)
continue (45.2548339959 -24.3005211349)
continue (46.8507422703 -24.3229079254)
continue (48.5029301283 -24.3454606144)
continue (50.2133822654 -24.3681640252)
continue (51.9841533668 -24.3910041848)
continue (53.8173705762 -24.4139682625)
continue (55.7152360510 -24.4370445041)
continue (57.6800296071 -24.4602221650)
continue (59.7141114584 -24.4834914428)
continue (61.8199250512 -24.5068434100)
continue (64.0000000000 -24.5302699497)
continue (66.2569551258 -24.5537636921)
continue (68.5935016023 -24.5773179547)
continue (71.0124462123 -24.6009266858)
continue (73.5166947198 -24.6245844107)
continue (76.1092553602 -24.6482861814)
continue (78.7932424541 -24.6720275306)
continue (81.5718801484 -24.6958044277)
continue (84.4485062895 -24.7196132393)
continue (87.4265764323 -24.7434506919)
continue (90.5096679919 -24.7673138388)
continue (93.7014845405 -24.7912000283)
continue (97.0058602567 -24.8151068760)
continue (100.4267645310 -24.8390322384)
continue (103.9683067340 -24.8629741900)
continue (107.6347411520 -24.8869310016)
continue (111.4304721020 -24.9109011208)
continue (115.3600592140 -24.9348831546)
continue (119.4282229170 -24.9588758533)
continue (123.6398501020 -24.9828780965)
continue (128.0000000000 -25.0068888796)
continue (132.5139102520 -25.0309073020)
continue (137.1870032050 -25.0549325573)
continue (142.0248924250 -25.0789639227)
continue (147.0333894400 -25.1030007512)
continue (152.2185107200 -25.1270424632)
continue (157.5864849080 -25.1510885401)
continue (163.1437602970 -25.1751385178)
continue (168.8970125790 -25.1991919809)
continue (174.8531528650 -25.2232485578)
continue (181.0193359840 -25.2473079161)
continue (187.4029690810 -25.2713697586)
continue (194.0117205130 -25.2954338196)
continue (200.8535290620 -25.3194998614)
continue (207.9366134670 -25.3435676717)
continue (215.2694823050 -25.3676370606)
continue (222.8609442040 -25.3917078586)
continue (230.7201184280 -25.4157799141)
continue (238.8564458330 -25.4398530918)
continue (247.2797002050 -25.4639272707)
continue (256.0000000000 -25.4880023428)
continue (265.0278205030 -25.5120782118)
continue (274.3740064090 -25.5361547915)
continue (284.0497848490 -25.5602320050)
continue (294.0667788790 -25.5843097838)
continue (304.4370214410 -25.6083880666)
continue (315.1729698160 -25.6324667987)
continue (326.2875205940 -25.6565459315)
continue (337.7940251580 -25.6806254214)
continue (349.7063057290 -25.7047052295)
continue (362.0386719680 -25.7287853213)
continue (374.8059381620 -25.7528656659)
continue (388.0234410270 -25.7769462357)
continue (401.7070581230 -25.8010270062)
continue (415.8732269340 -25.8251079555)
continue (430.5389646100 -25.8491890641)
continue (445.7218884080 -25.8732703145)
continue (461.4402368570 -25.8973516913)
continue (477.7128916670 -25.9214331807)
continue (494.5594004100 -25.9455147702)
continue (512.0000000000 -25.9695964490)
continue (530.0556410070 -25.9936782072)
continue (548.7480128190 -26.0177600362)
continue (568.0995696990 -26.0418419281)
continue (588.1335577580 -26.0659238761)
continue (608.8740428810 -26.0900058740)
continue (630.3459396330 -26.1140879162)
continue (652.5750411870 -26.1381699980)
continue (675.5880503160 -26.1622521150)
continue (699.4126114580 -26.1863342632)
continue (724.0773439350 -26.2104164393)
continue (749.6118763240 -26.2344986402)
continue (776.0468820530 -26.2585808631)
continue (803.4141162460 -26.2826631056)
continue (831.7464538690 -26.3067453655)
continue (861.0779292200 -26.3308276410)
continue (891.4437768150 -26.3549099302)
continue (922.8804737130 -26.3789922317)
continue (955.4257833340 -26.4030745442)
continue (989.1188008190 -26.4271568663)
continue (1024.0000000000 -26.4512391970)
continue (1060.1112820100 -26.4753215354)
continue (1097.4960256400 -26.4994038807)
continue (1136.1991394000 -26.5234862320)
continue (1176.2671155200 -26.5475685887)
continue (1217.7480857600 -26.5716509502)
continue (1260.6918792700 -26.5957333159)
continue (1305.1500823700 -26.6198156854)
continue (1351.1761006300 -26.6438980583)
continue (1398.8252229200 -26.6679804342)
continue (1448.1546878700 -26.6920628127)
continue (1499.2237526500 -26.7161451936)
continue (1552.0937641100 -26.7402275766)
continue (1606.8282324900 -26.7643099614)
continue (1663.4929077400 -26.7883923479)
continue (1722.1558584400 -26.8124747359)
continue (1782.8875536300 -26.8365571252)
continue (1845.7609474300 -26.8606395156)
continue (1910.8515666700 -26.8847219071)
continue (1978.2376016400 -26.9088042995)
continue (2048.0000000000 -26.9328866927)
continue (2120.2225640300 -26.9569690867)
continue (2194.9920512700 -26.9810514812)
continue (2272.3982787900 -27.0051338764)
continue (2352.5342310300 -27.0292162720)
continue (2435.4961715300 -27.0532986681)
continue (2521.3837585300 -27.0773810646)
continue (2610.3001647500 -27.1014634615)
continue (2702.3522012600 -27.1255458586)
continue (2797.6504458300 -27.1496282561)
continue (2896.3093757400 -27.1737106538)
continue (2998.4475053000 -27.1977930517)
continue (3104.1875282100 -27.2218754498)
continue (3213.6564649900 -27.2459578481)
continue (3326.9858154800 -27.2700402465)
continue (3444.3117168800 -27.2941226451)
continue (3565.7751072600 -27.3182050438)
continue (3691.5218948500 -27.3422874426)
continue (3821.7031333300 -27.3663698415)
continue (3956.4752032800 -27.3904522405)
continue (4096.0000000000 -27.4145346395)
continue (4136.9600000000 -50.0000000000)
continue (7354000.0000000000 -50.0000000000)
f(nu) = -20.5852286093 at 1.0000000000 Ryd
