# Haardt & Madau (2011)
# z = 0.258925
# E [Ryd] log (J_nu)
interpolate (0.0000000100 -50.0000000000)
continue (0.4950000000 -50.0000000000)
continue (0.5000000000 -21.0131969268)
continue (0.5176324619 -21.0382652898)
continue (0.5358867313 -21.0614268082)
continue (0.5547847360 -21.0858498929)
continue (0.5743491775 -21.1116670511)
continue (0.5946035575 -21.1390357679)
continue (0.6155722067 -21.1681467047)
continue (0.6372803137 -21.1994416960)
continue (0.6597539554 -21.2329215416)
continue (0.6830201284 -21.2690405502)
continue (0.7071067812 -21.3081124779)
continue (0.7320428480 -21.3576283768)
continue (0.7578582833 -21.4122360502)
continue (0.7845840979 -21.4665112574)
continue (0.8122523964 -21.5283197452)
continue (0.8408964153 -21.6001541566)
continue (0.8705505633 -21.6859901931)
continue (0.9012504626 -21.7932564744)
continue (0.9330329915 -21.9352396073)
continue (0.9659363289 -22.1464118151)
continue (1.0000000000 -22.6280756248)
continue (1.0352649238 -22.6508733537)
continue (1.0717734625 -22.6672575473)
continue (1.1095694721 -22.6818270954)
continue (1.1486983550 -22.6950833893)
continue (1.1892071150 -22.7074592189)
continue (1.2311444133 -22.7193341581)
continue (1.2745606273 -22.7310215996)
continue (1.3195079108 -22.7430050311)
continue (1.3660402568 -22.7552750821)
continue (1.4142135624 -22.7681994435)
continue (1.4640856959 -22.7817778701)
continue (1.5157165665 -22.7959102696)
continue (1.5691681958 -22.8106092126)
continue (1.6245047927 -22.8262462655)
continue (1.6817928305 -22.8430264834)
continue (1.7411011266 -22.8610202775)
continue (1.8025009252 -22.8798089378)
continue (1.8660659831 -22.9014974152)
continue (1.9318726579 -22.9237937333)
continue (2.0000000000 -22.9477995109)
continue (2.0705298477 -22.9724883577)
continue (2.1435469251 -22.9989712842)
continue (2.2191389441 -23.0271290239)
continue (2.2973967100 -23.0570473232)
continue (2.3784142300 -23.0888094823)
continue (2.4622888267 -23.1225184460)
continue (2.5491212546 -23.1593577901)
continue (2.6390158216 -23.1980986611)
continue (2.7320805135 -23.2397757182)
continue (2.8284271248 -23.2832041248)
continue (2.9281713919 -23.3305932382)
continue (3.0314331330 -23.4351354985)
continue (3.1383363916 -23.4942509685)
continue (3.2490095854 -23.5599113006)
continue (3.3635856610 -23.6340236408)
continue (3.4822022532 -23.7195237414)
continue (3.6050018504 -23.8240472411)
continue (3.7321319661 -23.9536714989)
continue (3.8637453157 -24.1273510459)
continue (4.0000000000 -24.4135473802)
continue (4.1410596954 -24.4968152482)
continue (4.2870938501 -24.5278314004)
continue (4.4382778883 -24.5414014974)
continue (4.5947934200 -24.5491883783)
continue (4.7568284600 -24.5551517252)
continue (4.9245776534 -24.5604986247)
continue (5.0982425093 -24.5655512419)
continue (5.2780316431 -24.5703625464)
continue (5.4641610270 -24.5749061685)
continue (5.6568542495 -24.5791332046)
continue (5.8563427838 -24.5829900815)
continue (6.0628662660 -24.5864258455)
continue (6.2766727832 -24.5893968660)
continue (6.4980191709 -24.5918709410)
continue (6.7271713220 -24.5938310767)
continue (6.9644045064 -24.5952787405)
continue (7.2100037009 -24.5962362758)
continue (7.4642639323 -24.5967481913)
continue (7.7274906314 -24.5968811243)
continue (8.0000000000 -24.5967224150)
continue (8.2821193907 -24.5963773726)
continue (8.5741877003 -24.5959654555)
continue (8.8765557765 -24.5956156916)
continue (9.1895868400 -24.5954617200)
continue (9.5136569200 -24.5956368431)
continue (9.8491553068 -24.5962694299)
continue (10.1964850186 -24.5974789431)
continue (10.5560632862 -24.5993727638)
continue (10.9283220540 -24.6020438994)
continue (11.3137084990 -24.6055695758)
continue (11.7126855676 -24.6100106500)
continue (12.1257325321 -24.6154117367)
continue (12.5533455663 -24.6218019157)
continue (12.9960383417 -24.6291958803)
continue (13.4543426441 -24.6375953886)
continue (13.9288090127 -24.6469908944)
continue (14.4200074018 -24.6573632502)
continue (14.9285278646 -24.6686853976)
continue (15.4549812628 -24.6809239788)
continue (16.0000000000 -24.6940408244)
continue (16.5642387815 -24.7079942909)
continue (17.1483754006 -24.7227404344)
continue (17.7531115531 -24.7382340195)
continue (18.3791736800 -24.7544293693)
continue (19.0273138400 -24.7712810680)
continue (19.6983106135 -24.7887445285)
continue (20.3929700371 -24.8067764392)
continue (21.1121265724 -24.8253351041)
continue (21.8566441081 -24.8443806889)
continue (22.6274169980 -24.8638753859)
continue (23.4253711351 -24.8837835117)
continue (24.2514650642 -24.9040715470)
continue (25.1066911327 -24.9247081330)
continue (25.9920766834 -24.9456640322)
continue (26.9086852881 -24.9669120653)
continue (27.8576180255 -24.9884270289)
continue (28.8400148035 -25.0101856036)
continue (29.8570557292 -25.0321662545)
continue (30.9099625256 -25.0543491304)
continue (32.0000000000 -25.0767159613)
continue (33.1284775629 -25.0992499588)
continue (34.2967508012 -25.1219357183)
continue (35.5062231062 -25.1447591253)
continue (36.7583473599 -25.1677072654)
continue (38.0546276801 -25.1907683377)
continue (39.3966212270 -25.2139315732)
continue (40.7859400742 -25.2371871568)
continue (42.2242531447 -25.2605261539)
continue (43.7132882161 -25.2839404407)
continue (45.2548339959 -25.3074226393)
continue (46.8507422703 -25.3309660558)
continue (48.5029301283 -25.3545646233)
continue (50.2133822654 -25.3782128486)
continue (51.9841533668 -25.4019057620)
continue (53.8173705762 -25.4256388714)
continue (55.7152360510 -25.4494081197)
continue (57.6800296071 -25.4732098451)
continue (59.7141114584 -25.4970407451)
continue (61.8199250512 -25.5208978431)
continue (64.0000000000 -25.5447784576)
continue (66.2569551258 -25.5686801746)
continue (68.5935016023 -25.5926008220)
continue (71.0124462123 -25.6165384460)
continue (73.5166947198 -25.6404912903)
continue (76.1092553602 -25.6644577766)
continue (78.7932424541 -25.6884364872)
continue (81.5718801484 -25.7124261491)
continue (84.4485062895 -25.7364256196)
continue (87.4265764323 -25.7604338733)
continue (90.5096679919 -25.7844499905)
continue (93.7014845405 -25.8084731462)
continue (97.0058602567 -25.8325026008)
continue (100.4267645310 -25.8565376914)
continue (103.9683067340 -25.8805778240)
continue (107.6347411520 -25.9046224665)
continue (111.4304721020 -25.9286711421)
continue (115.3600592140 -25.9527234239)
continue (119.4282229170 -25.9767789297)
continue (123.6398501020 -26.0008373175)
continue (128.0000000000 -26.0248982810)
continue (132.5139102520 -26.0489615461)
continue (137.1870032050 -26.0730268679)
continue (142.0248924250 -26.0970940269)
continue (147.0333894400 -26.1211628271)
continue (152.2185107200 -26.1452330930)
continue (157.5864849080 -26.1693046680)
continue (163.1437602970 -26.1933774118)
continue (168.8970125790 -26.2174511990)
continue (174.8531528650 -26.2415259179)
continue (181.0193359840 -26.2656014682)
continue (187.4029690810 -26.2896777606)
continue (194.0117205130 -26.3137547153)
continue (200.8535290620 -26.3378322608)
continue (207.9366134670 -26.3619103335)
continue (215.2694823050 -26.3859888766)
continue (222.8609442040 -26.4100678391)
continue (230.7201184280 -26.4341471758)
continue (238.8564458330 -26.4582268462)
continue (247.2797002050 -26.4823068141)
continue (256.0000000000 -26.5063870473)
continue (265.0278205030 -26.5304675170)
continue (274.3740064090 -26.5545481976)
continue (284.0497848490 -26.5786290661)
continue (294.0667788790 -26.6027101022)
continue (304.4370214410 -26.6267912875)
continue (315.1729698160 -26.6508726058)
continue (326.2875205940 -26.6749540427)
continue (337.7940251580 -26.6990355852)
continue (349.7063057290 -26.7231172218)
continue (362.0386719680 -26.7471989422)
continue (374.8059381620 -26.7712807372)
continue (388.0234410270 -26.7953625987)
continue (401.7070581230 -26.8194445194)
continue (415.8732269340 -26.8435264929)
continue (430.5389646100 -26.8676085133)
continue (445.7218884080 -26.8916905755)
continue (461.4402368570 -26.9157726749)
continue (477.7128916670 -26.9398548075)
continue (494.5594004100 -26.9639369695)
continue (512.0000000000 -26.9880191578)
continue (530.0556410070 -27.0121013694)
continue (548.7480128190 -27.0361836019)
continue (568.0995696990 -27.0602658528)
continue (588.1335577580 -27.0843481202)
continue (608.8740428810 -27.1084304023)
continue (630.3459396330 -27.1325126973)
continue (652.5750411870 -27.1565950040)
continue (675.5880503160 -27.1806773210)
continue (699.4126114580 -27.2047596471)
continue (724.0773439350 -27.2288419815)
continue (749.6118763240 -27.2529243230)
continue (776.0468820530 -27.2770066711)
continue (803.4141162460 -27.3010890248)
continue (831.7464538690 -27.3251713837)
continue (861.0779292200 -27.3492537471)
continue (891.4437768150 -27.3733361145)
continue (922.8804737130 -27.3974184856)
continue (955.4257833340 -27.4215008598)
continue (989.1188008190 -27.4455832368)
continue (1024.0000000000 -27.4696656164)
continue (1060.1112820100 -27.4937479982)
continue (1097.4960256400 -27.5178303820)
continue (1136.1991394000 -27.5419127676)
continue (1176.2671155200 -27.5659951547)
continue (1217.7480857600 -27.5900775433)
continue (1260.6918792700 -27.6141599331)
continue (1305.1500823700 -27.6382423240)
continue (1351.1761006300 -27.6623247158)
continue (1398.8252229200 -27.6864071086)
continue (1448.1546878700 -27.7104895021)
continue (1499.2237526500 -27.7345718963)
continue (1552.0937641100 -27.7586542911)
continue (1606.8282324900 -27.7827366864)
continue (1663.4929077400 -27.8068190823)
continue (1722.1558584400 -27.8309014785)
continue (1782.8875536300 -27.8549838752)
continue (1845.7609474300 -27.8790662722)
continue (1910.8515666700 -27.9031486694)
continue (1978.2376016400 -27.9272310670)
continue (2048.0000000000 -27.9513134648)
continue (2120.2225640300 -27.9753958628)
continue (2194.9920512700 -27.9994782609)
continue (2272.3982787900 -28.0235606593)
continue (2352.5342310300 -28.0476430578)
continue (2435.4961715300 -28.0717254564)
continue (2521.3837585300 -28.0958078551)
continue (2610.3001647500 -28.1198902540)
continue (2702.3522012600 -28.1439726529)
continue (2797.6504458300 -28.1680550519)
continue (2896.3093757400 -28.1921374510)
continue (2998.4475053000 -28.2162198502)
continue (3104.1875282100 -28.2403022494)
continue (3213.6564649900 -28.2643846486)
continue (3326.9858154800 -28.2884670479)
continue (3444.3117168800 -28.3125494473)
continue (3565.7751072600 -28.3366318466)
continue (3691.5218948500 -28.3607142460)
continue (3821.7031333300 -28.3847966455)
continue (3956.4752032800 -28.4088790449)
continue (4096.0000000000 -28.4329614444)
continue (4136.9600000000 -50.0000000000)
continue (7354000.0000000000 -50.0000000000)
f(nu) = -21.5288657607 at 1.0000000000 Ryd
