# Haardt & Madau (2011)
# z = 3.466836
# E [Ryd] log (J_nu)
interpolate (0.0000000100 -50.0000000000)
continue (0.4950000000 -50.0000000000)
continue (0.5000000000 -19.5893684572)
continue (0.5176324619 -19.5998605400)
continue (0.5358867313 -19.6106263651)
continue (0.5547847360 -19.6230150883)
continue (0.5743491775 -19.6372349096)
continue (0.5946035575 -19.6535135785)
continue (0.6155722067 -19.6725147903)
continue (0.6372803137 -19.6936749499)
continue (0.6597539554 -19.7177013787)
continue (0.6830201284 -19.7450115049)
continue (0.7071067812 -19.7760243264)
continue (0.7320428480 -19.8171298933)
continue (0.7578582833 -19.8723268881)
continue (0.7845840979 -19.9227037852)
continue (0.8122523964 -19.9820626168)
continue (0.8408964153 -20.0544975982)
continue (0.8705505633 -20.1430743616)
continue (0.9012504626 -20.2577650264)
continue (0.9330329915 -20.4184529817)
continue (0.9659363289 -20.6836599471)
continue (1.0000000000 -21.7820829066)
continue (1.0352649238 -21.8235033173)
continue (1.0717734625 -21.8569132625)
continue (1.1095694721 -21.8850758053)
continue (1.1486983550 -21.9085670967)
continue (1.1892071150 -21.9280478027)
continue (1.2311444133 -21.9441963215)
continue (1.2745606273 -21.9576567726)
continue (1.3195079108 -21.9690052221)
continue (1.3660402568 -21.9787329420)
continue (1.4142135624 -21.9872429685)
continue (1.4640856959 -21.9948555477)
continue (1.5157165665 -22.0018185141)
continue (1.5691681958 -22.0083195790)
continue (1.6245047927 -22.0144984979)
continue (1.6817928305 -22.0204579338)
continue (1.7411011266 -22.0262724839)
continue (1.8025009252 -22.0296122558)
continue (1.8660659831 -22.0376659311)
continue (1.9318726579 -22.0433093472)
continue (2.0000000000 -22.0489417280)
continue (2.0705298477 -22.0545713843)
continue (2.1435469251 -22.0601777115)
continue (2.2191389441 -22.0656422441)
continue (2.2973967100 -22.0705643486)
continue (2.3784142300 -22.0742305551)
continue (2.4622888267 -22.0761885667)
continue (2.5491212546 -22.0759603437)
continue (2.6390158216 -22.0727695429)
continue (2.7320805135 -22.0634649527)
continue (2.8284271248 -22.0517115779)
continue (2.9281713919 -22.0363576178)
continue (3.0314331330 -22.1583969661)
continue (3.1383363916 -22.1847585924)
continue (3.2490095854 -22.2193504149)
continue (3.3635856610 -22.2683500890)
continue (3.4822022532 -22.3322534739)
continue (3.6050018504 -22.4222410029)
continue (3.7321319661 -22.5576965094)
continue (3.8637453157 -22.7943693048)
continue (4.0000000000 -23.5867387121)
continue (4.1410596954 -23.7691549844)
continue (4.2870938501 -23.8550771294)
continue (4.4382778883 -23.8924795740)
continue (4.5947934200 -23.9111466915)
continue (4.7568284600 -23.9236767831)
continue (4.9245776534 -23.9344428792)
continue (5.0982425093 -23.9448178295)
continue (5.2780316431 -23.9551999026)
continue (5.4641610270 -23.9656899402)
continue (5.6568542495 -23.9763012523)
continue (5.8563427838 -23.9870214299)
continue (6.0628662660 -23.9978298832)
continue (6.2766727832 -24.0087026509)
continue (6.4980191709 -24.0196135319)
continue (6.7271713220 -24.0305340353)
continue (6.9644045064 -24.0414328731)
continue (7.2100037009 -24.0522752898)
continue (7.4642639323 -24.0630224368)
continue (7.7274906314 -24.0736309830)
continue (8.0000000000 -24.0840531375)
continue (8.2821193907 -24.0942372211)
continue (8.5741877003 -24.1041288616)
continue (8.8765557765 -24.1136728021)
continue (9.1895868400 -24.1228152180)
continue (9.5136569200 -24.1315063609)
continue (9.8491553068 -24.1397032913)
continue (10.1964850186 -24.1473724518)
continue (10.5560632862 -24.1544918554)
continue (10.9283220540 -24.1610527179)
continue (11.3137084990 -24.1670604335)
continue (11.7126855676 -24.1725348637)
continue (12.1257325321 -24.1775099752)
continue (12.5533455663 -24.1820329112)
continue (12.9960383417 -24.1861626102)
continue (13.4543426441 -24.1899681022)
continue (13.9288090127 -24.1935266041)
continue (14.4200074018 -24.1969215222)
continue (14.9285278646 -24.2002404443)
continue (15.4549812628 -24.2035731801)
continue (16.0000000000 -24.2070098851)
continue (16.5642387815 -24.2106392969)
continue (17.1483754006 -24.2145471054)
continue (17.7531115531 -24.2188144844)
continue (18.3791736800 -24.2235168207)
continue (19.0273138400 -24.2287226725)
continue (19.6983106135 -24.2344929848)
continue (20.3929700371 -24.2408805750)
continue (21.1121265724 -24.2479298791)
continue (21.8566441081 -24.2556769329)
continue (22.6274169980 -24.2641495493)
continue (23.4253711351 -24.2733676454)
continue (24.2514650642 -24.2833436792)
continue (25.1066911327 -24.2940831579)
continue (25.9920766834 -24.3055851923)
continue (26.9086852881 -24.3178430801)
continue (27.8576180255 -24.3308449045)
continue (28.8400148035 -24.3445741437)
continue (29.8570557292 -24.3590102819)
continue (30.9099625256 -24.3741294190)
continue (32.0000000000 -24.3899048696)
continue (33.1284775629 -24.4063077461)
continue (34.2967508012 -24.4233075151)
continue (35.5062231062 -24.4408725215)
continue (36.7583473599 -24.4589704719)
continue (38.0546276801 -24.4775688715)
continue (39.3966212270 -24.4966354108)
continue (40.7859400742 -24.5161382994)
continue (42.2242531447 -24.5360465470)
continue (43.7132882161 -24.5563301931)
continue (45.2548339959 -24.5769604865)
continue (46.8507422703 -24.5979100205)
continue (48.5029301283 -24.6191528264)
continue (50.2133822654 -24.6406644317)
continue (51.9841533668 -24.6624218861)
continue (53.8173705762 -24.6844037626)
continue (55.7152360510 -24.7065901360)
continue (57.6800296071 -24.7289625446)
continue (59.7141114584 -24.7515039393)
continue (61.8199250512 -24.7741986217)
continue (64.0000000000 -24.7970321761)
continue (66.2569551258 -24.8199913966)
continue (68.5935016023 -24.8430642128)
continue (71.0124462123 -24.8662396137)
continue (73.5166947198 -24.8895075729)
continue (76.1092553602 -24.9128589757)
continue (78.7932424541 -24.9362855486)
continue (81.5718801484 -24.9597797915)
continue (84.4485062895 -24.9833349142)
continue (87.4265764323 -25.0069447758)
continue (90.5096679919 -25.0306038280)
continue (93.7014845405 -25.0543070633)
continue (97.0058602567 -25.0780499653)
continue (100.4267645310 -25.1018284643)
continue (103.9683067340 -25.1256388954)
continue (107.6347411520 -25.1494779605)
continue (111.4304721020 -25.1733426932)
continue (115.3600592140 -25.1972304272)
continue (119.4282229170 -25.2211387667)
continue (123.6398501020 -25.2450655605)
continue (128.0000000000 -25.2690088774)
continue (132.5139102520 -25.2929669847)
continue (137.1870032050 -25.3169383283)
continue (142.0248924250 -25.3409215145)
continue (147.0333894400 -25.3649152944)
continue (152.2185107200 -25.3889185486)
continue (157.5864849080 -25.4129302745)
continue (163.1437602970 -25.4369495742)
continue (168.8970125790 -25.4609756437)
continue (174.8531528650 -25.4850077633)
continue (181.0193359840 -25.5090452891)
continue (187.4029690810 -25.5330876447)
continue (194.0117205130 -25.5571343146)
continue (200.8535290620 -25.5811848379)
continue (207.9366134670 -25.6052388023)
continue (215.2694823050 -25.6292958391)
continue (222.8609442040 -25.6533556190)
continue (230.7201184280 -25.6774178474)
continue (238.8564458330 -25.7014822612)
continue (247.2797002050 -25.7255486254)
continue (256.0000000000 -25.7496167298)
continue (265.0278205030 -25.7736863869)
continue (274.3740064090 -25.7977574293)
continue (284.0497848490 -25.8218297072)
continue (294.0667788790 -25.8459030871)
continue (304.4370214410 -25.8699774499)
continue (315.1729698160 -25.8940526890)
continue (326.2875205940 -25.9181287095)
continue (337.7940251580 -25.9422054266)
continue (349.7063057290 -25.9662827647)
continue (362.0386719680 -25.9903606564)
continue (374.8059381620 -26.0144390413)
continue (388.0234410270 -26.0385178659)
continue (401.7070581230 -26.0625970823)
continue (415.8732269340 -26.0866766478)
continue (430.5389646100 -26.1107565242)
continue (445.7218884080 -26.1348366776)
continue (461.4402368570 -26.1589170779)
continue (477.7128916670 -26.1829976979)
continue (494.5594004100 -26.2070785137)
continue (512.0000000000 -26.2311595039)
continue (530.0556410070 -26.2552406493)
continue (548.7480128190 -26.2793219328)
continue (568.0995696990 -26.3034033395)
continue (588.1335577580 -26.3274848557)
continue (608.8740428810 -26.3515664694)
continue (630.3459396330 -26.3756481699)
continue (652.5750411870 -26.3997299477)
continue (675.5880503160 -26.4238117942)
continue (699.4126114580 -26.4478937019)
continue (724.0773439350 -26.4719756641)
continue (749.6118763240 -26.4960576747)
continue (776.0468820530 -26.5201397284)
continue (803.4141162460 -26.5442218205)
continue (831.7464538690 -26.5683039466)
continue (861.0779292200 -26.5923861031)
continue (891.4437768150 -26.6164682866)
continue (922.8804737130 -26.6405504941)
continue (955.4257833340 -26.6646327230)
continue (989.1188008190 -26.6887149708)
continue (1024.0000000000 -26.7127972355)
continue (1060.1112820100 -26.7368795153)
continue (1097.4960256400 -26.7609618084)
continue (1136.1991394000 -26.7850441133)
continue (1176.2671155200 -26.8091264288)
continue (1217.7480857600 -26.8332087537)
continue (1260.6918792700 -26.8572910869)
continue (1305.1500823700 -26.8813734275)
continue (1351.1761006300 -26.9054557747)
continue (1398.8252229200 -26.9295381278)
continue (1448.1546878700 -26.9536204860)
continue (1499.2237526500 -26.9777028489)
continue (1552.0937641100 -27.0017852159)
continue (1606.8282324900 -27.0258675866)
continue (1663.4929077400 -27.0499499605)
continue (1722.1558584400 -27.0740323372)
continue (1782.8875536300 -27.0981147166)
continue (1845.7609474300 -27.1221970982)
continue (1910.8515666700 -27.1462794818)
continue (1978.2376016400 -27.1703618672)
continue (2048.0000000000 -27.1944442542)
continue (2120.2225640300 -27.2185266427)
continue (2194.9920512700 -27.2426090324)
continue (2272.3982787900 -27.2666914232)
continue (2352.5342310300 -27.2907738150)
continue (2435.4961715300 -27.3148562076)
continue (2521.3837585300 -27.3389386011)
continue (2610.3001647500 -27.3630209953)
continue (2702.3522012600 -27.3871033900)
continue (2797.6504458300 -27.4111857854)
continue (2896.3093757400 -27.4352681812)
continue (2998.4475053000 -27.4593505774)
continue (3104.1875282100 -27.4834329740)
continue (3213.6564649900 -27.5075153710)
continue (3326.9858154800 -27.5315977683)
continue (3444.3117168800 -27.5556801658)
continue (3565.7751072600 -27.5797625636)
continue (3691.5218948500 -27.6038449616)
continue (3821.7031333300 -27.6279273598)
continue (3956.4752032800 -27.6520097581)
continue (4096.0000000000 -27.6760921566)
continue (4136.9600000000 -50.0000000000)
continue (7354000.0000000000 -50.0000000000)
f(nu) = -20.6828730425 at 1.0000000000 Ryd
