# Haardt & Madau (2011)
# z = 0.412538
# E [Ryd] log (J_nu)
interpolate (0.0000000100 -50.0000000000)
continue (0.4950000000 -50.0000000000)
continue (0.5000000000 -20.8593717913)
continue (0.5176324619 -20.8842601457)
continue (0.5358867313 -20.9073524603)
continue (0.5547847360 -20.9316128569)
continue (0.5743491775 -20.9572551621)
continue (0.5946035575 -20.9844789265)
continue (0.6155722067 -21.0134794853)
continue (0.6372803137 -21.0444893894)
continue (0.6597539554 -21.0777936807)
continue (0.6830201284 -21.1138747314)
continue (0.7071067812 -21.1531234435)
continue (0.7320428480 -21.2027993233)
continue (0.7578582833 -21.2586332222)
continue (0.7845840979 -21.3130434365)
continue (0.8122523964 -21.3750031602)
continue (0.8408964153 -21.4469993343)
continue (0.8705505633 -21.5329990833)
continue (0.9012504626 -21.6398853485)
continue (0.9330329915 -21.7813627444)
continue (0.9659363289 -21.9916434732)
continue (1.0000000000 -22.4677420923)
continue (1.0352649238 -22.4946713009)
continue (1.0717734625 -22.5123959486)
continue (1.1095694721 -22.5279853631)
continue (1.1486983550 -22.5419211011)
continue (1.1892071150 -22.5546253667)
continue (1.2311444133 -22.5664703787)
continue (1.2745606273 -22.5777832417)
continue (1.3195079108 -22.5888528790)
continue (1.3660402568 -22.5999366293)
continue (1.4142135624 -22.6112443553)
continue (1.4640856959 -22.6231943289)
continue (1.5157165665 -22.6358385846)
continue (1.5691681958 -22.6491921289)
continue (1.6245047927 -22.6634907690)
continue (1.6817928305 -22.6788419548)
continue (1.7411011266 -22.6946475460)
continue (1.8025009252 -22.7102665187)
continue (1.8660659831 -22.7296120659)
continue (1.9318726579 -22.7491888839)
continue (2.0000000000 -22.7707409066)
continue (2.0705298477 -22.7935868063)
continue (2.1435469251 -22.8185591164)
continue (2.2191389441 -22.8447991703)
continue (2.2973967100 -22.8726479717)
continue (2.3784142300 -22.9023797709)
continue (2.4622888267 -22.9341855099)
continue (2.5491212546 -22.9682282937)
continue (2.6390158216 -23.0046684322)
continue (2.7320805135 -23.0447130330)
continue (2.8284271248 -23.0874264064)
continue (2.9281713919 -23.1340914263)
continue (3.0314331330 -23.2466095186)
continue (3.1383363916 -23.3048248848)
continue (3.2490095854 -23.3694298425)
continue (3.3635856610 -23.4421801636)
continue (3.4822022532 -23.5257555931)
continue (3.6050018504 -23.6245209508)
continue (3.7321319661 -23.7462816560)
continue (3.8637453157 -23.9071686589)
continue (4.0000000000 -24.1623794186)
continue (4.1410596954 -24.2514063531)
continue (4.2870938501 -24.2843560689)
continue (4.4382778883 -24.2995146466)
continue (4.5947934200 -24.3088137557)
continue (4.7568284600 -24.3163359345)
continue (4.9245776534 -24.3233401098)
continue (5.0982425093 -24.3301725310)
continue (5.2780316431 -24.3368994894)
continue (5.4641610270 -24.3435026065)
continue (5.6568542495 -24.3499367465)
continue (5.8563427838 -24.3561474976)
continue (6.0628662660 -24.3620776433)
continue (6.2766727832 -24.3676710550)
continue (6.4980191709 -24.3728762372)
continue (6.7271713220 -24.3776499759)
continue (6.9644045064 -24.3819610141)
continue (7.2100037009 -24.3857934992)
continue (7.4642639323 -24.3891498845)
continue (7.7274906314 -24.3920529656)
continue (8.0000000000 -24.3945467908)
continue (8.2821193907 -24.3966962891)
continue (8.5741877003 -24.3985855922)
continue (8.8765557765 -24.4003151680)
continue (9.1895868400 -24.4019980051)
continue (9.5136569200 -24.4037551735)
continue (9.8491553068 -24.4057111244)
continue (10.1964850186 -24.4079890855)
continue (10.5560632862 -24.4107068547)
continue (10.9283220540 -24.4139732266)
continue (11.3137084990 -24.4178851959)
continue (11.7126855676 -24.4225259974)
continue (12.1257325321 -24.4279639715)
continue (12.5533455663 -24.4342521832)
continue (12.9960383417 -24.4414286883)
continue (13.4543426441 -24.4495173159)
continue (13.9288090127 -24.4585288318)
continue (14.4200074018 -24.4684623549)
continue (14.9285278646 -24.4793069094)
continue (15.4549812628 -24.4910430171)
continue (16.0000000000 -24.5036442558)
continue (16.5642387815 -24.5170787279)
continue (17.1483754006 -24.5313104053)
continue (17.7531115531 -24.5463003319)
continue (18.3791736800 -24.5620076734)
continue (19.0273138400 -24.5783906185)
continue (19.6983106135 -24.5954071355)
continue (20.3929700371 -24.6130155933)
continue (21.1121265724 -24.6311752596)
continue (21.8566441081 -24.6498466859)
continue (22.6274169980 -24.6689919933)
continue (23.4253711351 -24.6885750732)
continue (24.2514650642 -24.7085617133)
continue (25.1066911327 -24.7289196654)
continue (25.9920766834 -24.7496186649)
continue (26.9086852881 -24.7706304138)
continue (27.8576180255 -24.7919285367)
continue (28.8400148035 -24.8134885185)
continue (29.8570557292 -24.8352876277)
continue (30.9099625256 -24.8573048336)
continue (32.0000000000 -24.8795207177)
continue (33.1284775629 -24.9019173838)
continue (34.2967508012 -24.9244783676)
continue (35.5062231062 -24.9471885480)
continue (36.7583473599 -24.9700340595)
continue (38.0546276801 -24.9930022085)
continue (39.3966212270 -25.0160813906)
continue (40.7859400742 -25.0392610134)
continue (42.2242531447 -25.0625314206)
continue (43.7132882161 -25.0858838215)
continue (45.2548339959 -25.1093102227)
continue (46.8507422703 -25.1328033648)
continue (48.5029301283 -25.1563566622)
continue (50.2133822654 -25.1799641467)
continue (51.9841533668 -25.2036204147)
continue (53.8173705762 -25.2273205788)
continue (55.7152360510 -25.2510602216)
continue (57.6800296071 -25.2748353541)
continue (59.7141114584 -25.2986423767)
continue (61.8199250512 -25.3224780434)
continue (64.0000000000 -25.3463394288)
continue (66.2569551258 -25.3702238982)
continue (68.5935016023 -25.3941290800)
continue (71.0124462123 -25.4180528403)
continue (73.5166947198 -25.4419932602)
continue (76.1092553602 -25.4659486148)
continue (78.7932424541 -25.4899173545)
continue (81.5718801484 -25.5138980872)
continue (84.4485062895 -25.5378895631)
continue (87.4265764323 -25.5618906605)
continue (90.5096679919 -25.5859003731)
continue (93.7014845405 -25.6099177980)
continue (97.0058602567 -25.6339421257)
continue (100.4267645310 -25.6579726306)
continue (103.9683067340 -25.6820086621)
continue (107.6347411520 -25.7060496375)
continue (111.4304721020 -25.7300950347)
continue (115.3600592140 -25.7541443860)
continue (119.4282229170 -25.7781972727)
continue (123.6398501020 -25.8022533200)
continue (128.0000000000 -25.8263121923)
continue (132.5139102520 -25.8503735894)
continue (137.1870032050 -25.8744372424)
continue (142.0248924250 -25.8985029110)
continue (147.0333894400 -25.9225703803)
continue (152.2185107200 -25.9466394580)
continue (157.5864849080 -25.9707099720)
continue (163.1437602970 -25.9947817687)
continue (168.8970125790 -26.0188547107)
continue (174.8531528650 -26.0429286752)
continue (181.0193359840 -26.0670035523)
continue (187.4029690810 -26.0910792441)
continue (194.0117205130 -26.1151556628)
continue (200.8535290620 -26.1392327303)
continue (207.9366134670 -26.1633103767)
continue (215.2694823050 -26.1873885394)
continue (222.8609442040 -26.2114671629)
continue (230.7201184280 -26.2355461972)
continue (238.8564458330 -26.2596255979)
continue (247.2797002050 -26.2837053255)
continue (256.0000000000 -26.3077853444)
continue (265.0278205030 -26.3318656232)
continue (274.3740064090 -26.3559461336)
continue (284.0497848490 -26.3800268504)
continue (294.0667788790 -26.4041077513)
continue (304.4370214410 -26.4281888162)
continue (315.1729698160 -26.4522700273)
continue (326.2875205940 -26.4763513686)
continue (337.7940251580 -26.5004328259)
continue (349.7063057290 -26.5245143867)
continue (362.0386719680 -26.5485960395)
continue (374.8059381620 -26.5726777744)
continue (388.0234410270 -26.5967595824)
continue (401.7070581230 -26.6208414554)
continue (415.8732269340 -26.6449233864)
continue (430.5389646100 -26.6690053690)
continue (445.7218884080 -26.6930873976)
continue (461.4402368570 -26.7171694671)
continue (477.7128916670 -26.7412515730)
continue (494.5594004100 -26.7653337113)
continue (512.0000000000 -26.7894158785)
continue (530.0556410070 -26.8134980713)
continue (548.7480128190 -26.8375802871)
continue (568.0995696990 -26.8616625231)
continue (588.1335577580 -26.8857447773)
continue (608.8740428810 -26.9098270476)
continue (630.3459396330 -26.9339093322)
continue (652.5750411870 -26.9579916296)
continue (675.5880503160 -26.9820739383)
continue (699.4126114580 -27.0061562570)
continue (724.0773439350 -27.0302385848)
continue (749.6118763240 -27.0543209206)
continue (776.0468820530 -27.0784032634)
continue (803.4141162460 -27.1024856126)
continue (831.7464538690 -27.1265679673)
continue (861.0779292200 -27.1506503271)
continue (891.4437768150 -27.1747326913)
continue (922.8804737130 -27.1988150595)
continue (955.4257833340 -27.2228974311)
continue (989.1188008190 -27.2469798059)
continue (1024.0000000000 -27.2710621835)
continue (1060.1112820100 -27.2951445635)
continue (1097.4960256400 -27.3192269457)
continue (1136.1991394000 -27.3433093298)
continue (1176.2671155200 -27.3673917157)
continue (1217.7480857600 -27.3914741032)
continue (1260.6918792700 -27.4155564919)
continue (1305.1500823700 -27.4396388819)
continue (1351.1761006300 -27.4637212730)
continue (1398.8252229200 -27.4878036651)
continue (1448.1546878700 -27.5118860580)
continue (1499.2237526500 -27.5359684516)
continue (1552.0937641100 -27.5600508459)
continue (1606.8282324900 -27.5841332408)
continue (1663.4929077400 -27.6082156363)
continue (1722.1558584400 -27.6322980322)
continue (1782.8875536300 -27.6563804286)
continue (1845.7609474300 -27.6804628253)
continue (1910.8515666700 -27.7045452223)
continue (1978.2376016400 -27.7286276196)
continue (2048.0000000000 -27.7527100172)
continue (2120.2225640300 -27.7767924151)
continue (2194.9920512700 -27.8008748131)
continue (2272.3982787900 -27.8249572113)
continue (2352.5342310300 -27.8490396097)
continue (2435.4961715300 -27.8731220082)
continue (2521.3837585300 -27.8972044068)
continue (2610.3001647500 -27.9212868056)
continue (2702.3522012600 -27.9453692045)
continue (2797.6504458300 -27.9694516034)
continue (2896.3093757400 -27.9935340024)
continue (2998.4475053000 -28.0176164015)
continue (3104.1875282100 -28.0416988007)
continue (3213.6564649900 -28.0657811999)
continue (3326.9858154800 -28.0898635992)
continue (3444.3117168800 -28.1139459985)
continue (3565.7751072600 -28.1380283978)
continue (3691.5218948500 -28.1621107972)
continue (3821.7031333300 -28.1861931966)
continue (3956.4752032800 -28.2102755961)
continue (4096.0000000000 -28.2343579955)
continue (4136.9600000000 -50.0000000000)
continue (7354000.0000000000 -50.0000000000)
f(nu) = -21.3685322283 at 1.0000000000 Ryd
