# Haardt & Madau (2011)
# z = 4.011872
# E [Ryd] log (J_nu)
interpolate (0.0000000100 -50.0000000000)
continue (0.4950000000 -50.0000000000)
continue (0.5000000000 -19.5285300322)
continue (0.5176324619 -19.5360564896)
continue (0.5358867313 -19.5444107792)
continue (0.5547847360 -19.5542397386)
continue (0.5743491775 -19.5657513032)
continue (0.5946035575 -19.5791774389)
continue (0.6155722067 -19.5947788142)
continue (0.6372803137 -19.6128682806)
continue (0.6597539554 -19.6338429964)
continue (0.6830201284 -19.6596280135)
continue (0.7071067812 -19.6878773053)
continue (0.7320428480 -19.7248011217)
continue (0.7578582833 -19.7768267347)
continue (0.7845840979 -19.8246950663)
continue (0.8122523964 -19.8818083308)
continue (0.8408964153 -19.9512435582)
continue (0.8705505633 -20.0380974221)
continue (0.9012504626 -20.1517422215)
continue (0.9330329915 -20.3186343153)
continue (0.9659363289 -20.5936930833)
continue (1.0000000000 -21.8350791139)
continue (1.0352649238 -21.8817520986)
continue (1.0717734625 -21.9167076104)
continue (1.1095694721 -21.9459140101)
continue (1.1486983550 -21.9699281979)
continue (1.1892071150 -21.9894323221)
continue (1.2311444133 -22.0051553852)
continue (1.2745606273 -22.0178081647)
continue (1.3195079108 -22.0280380794)
continue (1.3660402568 -22.0364043264)
continue (1.4142135624 -22.0433697066)
continue (1.4640856959 -22.0493041091)
continue (1.5157165665 -22.0544948308)
continue (1.5691681958 -22.0591599122)
continue (1.6245047927 -22.0634618435)
continue (1.6817928305 -22.0675200483)
continue (1.7411011266 -22.0714213677)
continue (1.8025009252 -22.0694728845)
continue (1.8660659831 -22.0789855597)
continue (1.9318726579 -22.0827242286)
continue (2.0000000000 -22.0864657273)
continue (2.0705298477 -22.0902244075)
continue (2.1435469251 -22.0940093853)
continue (2.2191389441 -22.0978247738)
continue (2.2973967100 -22.1016628481)
continue (2.3784142300 -22.1054736339)
continue (2.4622888267 -22.1090171476)
continue (2.5491212546 -22.1113268310)
continue (2.6390158216 -22.1105552101)
continue (2.7320805135 -22.1034416312)
continue (2.8284271248 -22.0924657956)
continue (2.9281713919 -22.0752079374)
continue (3.0314331330 -22.1598541320)
continue (3.1383363916 -22.1807516612)
continue (3.2490095854 -22.2103265596)
continue (3.3635856610 -22.2522499271)
continue (3.4822022532 -22.3115244152)
continue (3.6050018504 -22.3983323871)
continue (3.7321319661 -22.5598630681)
continue (3.8637453157 -22.8467460414)
continue (4.0000000000 -24.0364881633)
continue (4.1410596954 -24.2286489100)
continue (4.2870938501 -24.3164001940)
continue (4.4382778883 -24.3527093434)
continue (4.5947934200 -24.3688005357)
continue (4.7568284600 -24.3782203454)
continue (4.9245776534 -24.3857257894)
continue (5.0982425093 -24.3928155688)
continue (5.2780316431 -24.3999225465)
continue (5.4641610270 -24.4071547462)
continue (5.6568542495 -24.4145260754)
continue (5.8563427838 -24.4220236925)
continue (6.0628662660 -24.4296262443)
continue (6.2766727832 -24.4373081720)
continue (6.4980191709 -24.4450403598)
continue (6.7271713220 -24.4527899750)
continue (6.9644045064 -24.4605202363)
continue (7.2100037009 -24.4681902922)
continue (7.4642639323 -24.4757552644)
continue (7.7274906314 -24.4831665062)
continue (8.0000000000 -24.4903721441)
continue (8.2821193907 -24.4973179754)
continue (8.5741877003 -24.5039487692)
continue (8.8765557765 -24.5102099683)
continue (9.1895868400 -24.5160497220)
continue (9.5136569200 -24.5214211155)
continue (9.8491553068 -24.5262844197)
continue (10.1964850186 -24.5306091684)
continue (10.5560632862 -24.5343758918)
continue (10.9283220540 -24.5375773760)
continue (11.3137084990 -24.5402193766)
continue (11.7126855676 -24.5423207702)
continue (12.1257325321 -24.5439131809)
continue (12.5533455663 -24.5450401542)
continue (12.9960383417 -24.5457559754)
continue (13.4543426441 -24.5461242354)
continue (13.9288090127 -24.5462162450)
continue (14.4200074018 -24.5461093830)
continue (14.9285278646 -24.5458854465)
continue (15.4549812628 -24.5456290497)
continue (16.0000000000 -24.5454261003)
continue (16.5642387815 -24.5453623695)
continue (17.1483754006 -24.5455221650)
continue (17.7531115531 -24.5459871180)
continue (18.3791736800 -24.5468350985)
continue (19.0273138400 -24.5481392782)
continue (19.6983106135 -24.5499673582)
continue (20.3929700371 -24.5523809736)
continue (21.1121265724 -24.5554352746)
continue (21.8566441081 -24.5591786713)
continue (22.6274169980 -24.5636527167)
continue (23.4253711351 -24.5688921003)
continue (24.2514650642 -24.5749247232)
continue (25.1066911327 -24.5817718323)
continue (25.9920766834 -24.5894481982)
continue (26.9086852881 -24.5979623336)
continue (27.8576180255 -24.6073167485)
continue (28.8400148035 -24.6175082501)
continue (29.8570557292 -24.6285282884)
continue (30.9099625256 -24.6403633518)
continue (32.0000000000 -24.6529954111)
continue (33.1284775629 -24.6664024074)
continue (34.2967508012 -24.6805587751)
continue (35.5062231062 -24.6954359887)
continue (36.7583473599 -24.7110031203)
continue (38.0546276801 -24.7272273937)
continue (39.3966212270 -24.7440747219)
continue (40.7859400742 -24.7615102156)
continue (42.2242531447 -24.7794986531)
continue (43.7132882161 -24.7980049034)
continue (45.2548339959 -24.8169942981)
continue (46.8507422703 -24.8364329490)
continue (48.5029301283 -24.8562880112)
continue (50.2133822654 -24.8765278940)
continue (51.9841533668 -24.8971224217)
continue (53.8173705762 -24.9180429488)
continue (55.7152360510 -24.9392624354)
continue (57.6800296071 -24.9607554863)
continue (59.7141114584 -24.9824983605)
continue (61.8199250512 -25.0044689559)
continue (64.0000000000 -25.0266467732)
continue (66.2569551258 -25.0490128649)
continue (68.5935016023 -25.0715497713)
continue (71.0124462123 -25.0942414490)
continue (73.5166947198 -25.1170731933)
continue (76.1092553602 -25.1400315568)
continue (78.7932424541 -25.1631042684)
continue (81.5718801484 -25.1862801505)
continue (84.4485062895 -25.2095490396)
continue (87.4265764323 -25.2329017081)
continue (90.5096679919 -25.2563297904)
continue (93.7014845405 -25.2798257114)
continue (97.0058602567 -25.3033826204)
continue (100.4267645310 -25.3269943280)
continue (103.9683067340 -25.3506552477)
continue (107.6347411520 -25.3743603417)
continue (111.4304721020 -25.3981050703)
continue (115.3600592140 -25.4218853462)
continue (119.4282229170 -25.4456974914)
continue (123.6398501020 -25.4695381983)
continue (128.0000000000 -25.4934044946)
continue (132.5139102520 -25.5172937098)
continue (137.1870032050 -25.5412034466)
continue (142.0248924250 -25.5651315532)
continue (147.0333894400 -25.5890760996)
continue (152.2185107200 -25.6130353546)
continue (157.5864849080 -25.6370077667)
continue (163.1437602970 -25.6609919453)
continue (168.8970125790 -25.6849866448)
continue (174.8531528650 -25.7089907496)
continue (181.0193359840 -25.7330032606)
continue (187.4029690810 -25.7570232838)
continue (194.0117205130 -25.7810500190)
continue (200.8535290620 -25.8050827503)
continue (207.9366134670 -25.8291208372)
continue (215.2694823050 -25.8531637070)
continue (222.8609442040 -25.8772108476)
continue (230.7201184280 -25.9012618013)
continue (238.8564458330 -25.9253161586)
continue (247.2797002050 -25.9493735541)
continue (256.0000000000 -25.9734336609)
continue (265.0278205030 -25.9974961870)
continue (274.3740064090 -26.0215608718)
continue (284.0497848490 -26.0456274823)
continue (294.0667788790 -26.0696958107)
continue (304.4370214410 -26.0937656711)
continue (315.1729698160 -26.1178368979)
continue (326.2875205940 -26.1419093431)
continue (337.7940251580 -26.1659828747)
continue (349.7063057290 -26.1900573747)
continue (362.0386719680 -26.2141327381)
continue (374.8059381620 -26.2382088710)
continue (388.0234410270 -26.2622856898)
continue (401.7070581230 -26.2863631198)
continue (415.8732269340 -26.3104410945)
continue (430.5389646100 -26.3345195544)
continue (445.7218884080 -26.3585984466)
continue (461.4402368570 -26.3826777240)
continue (477.7128916670 -26.4067573445)
continue (494.5594004100 -26.4308372705)
continue (512.0000000000 -26.4549174686)
continue (530.0556410070 -26.4789979091)
continue (548.7480128190 -26.5030785654)
continue (568.0995696990 -26.5271594138)
continue (588.1335577580 -26.5512404332)
continue (608.8740428810 -26.5753216050)
continue (630.3459396330 -26.5994029123)
continue (652.5750411870 -26.6234843402)
continue (675.5880503160 -26.6475658756)
continue (699.4126114580 -26.6716475065)
continue (724.0773439350 -26.6957292225)
continue (749.6118763240 -26.7198110141)
continue (776.0468820530 -26.7438928731)
continue (803.4141162460 -26.7679747920)
continue (831.7464538690 -26.7920567641)
continue (861.0779292200 -26.8161387837)
continue (891.4437768150 -26.8402208455)
continue (922.8804737130 -26.8643029448)
continue (955.4257833340 -26.8883850774)
continue (989.1188008190 -26.9124672397)
continue (1024.0000000000 -26.9365494284)
continue (1060.1112820100 -26.9606316405)
continue (1097.4960256400 -26.9847138735)
continue (1136.1991394000 -27.0087961251)
continue (1176.2671155200 -27.0328783932)
continue (1217.7480857600 -27.0569606759)
continue (1260.6918792700 -27.0810429716)
continue (1305.1500823700 -27.1051252790)
continue (1351.1761006300 -27.1292075966)
continue (1398.8252229200 -27.1532899234)
continue (1448.1546878700 -27.1773722583)
continue (1499.2237526500 -27.2014546004)
continue (1552.0937641100 -27.2255369490)
continue (1606.8282324900 -27.2496193033)
continue (1663.4929077400 -27.2737016626)
continue (1722.1558584400 -27.2977840265)
continue (1782.8875536300 -27.3218663943)
continue (1845.7609474300 -27.3459487658)
continue (1910.8515666700 -27.3700311403)
continue (1978.2376016400 -27.3941135177)
continue (2048.0000000000 -27.4181958976)
continue (2120.2225640300 -27.4422782797)
continue (2194.9920512700 -27.4663606638)
continue (2272.3982787900 -27.4904430496)
continue (2352.5342310300 -27.5145254369)
continue (2435.4961715300 -27.5386078257)
continue (2521.3837585300 -27.5626902157)
continue (2610.3001647500 -27.5867726067)
continue (2702.3522012600 -27.6108549987)
continue (2797.6504458300 -27.6349373916)
continue (2896.3093757400 -27.6590197852)
continue (2998.4475053000 -27.6831021796)
continue (3104.1875282100 -27.7071845745)
continue (3213.6564649900 -27.7312669699)
continue (3326.9858154800 -27.7553493658)
continue (3444.3117168800 -27.7794317622)
continue (3565.7751072600 -27.8035141589)
continue (3691.5218948500 -27.8275965559)
continue (3821.7031333300 -27.8516789533)
continue (3956.4752032800 -27.8757613509)
continue (4096.0000000000 -27.8998437487)
continue (4136.9600000000 -50.0000000000)
continue (7354000.0000000000 -50.0000000000)
f(nu) = -20.7358692499 at 1.0000000000 Ryd
