# Haardt & Madau (2011)
# z = 4.623413
# E [Ryd] log (J_nu)
interpolate (0.0000000100 -50.0000000000)
continue (0.4950000000 -50.0000000000)
continue (0.5000000000 -19.4868873251)
continue (0.5176324619 -19.4924111723)
continue (0.5358867313 -19.4989546319)
continue (0.5547847360 -19.5064048436)
continue (0.5743491775 -19.5153055603)
continue (0.5946035575 -19.5259246368)
continue (0.6155722067 -19.5385369411)
continue (0.6372803137 -19.5534684235)
continue (0.6597539554 -19.5711006717)
continue (0.6830201284 -19.5918864776)
continue (0.7071067812 -19.6163855598)
continue (0.7320428480 -19.6495947648)
continue (0.7578582833 -19.6991811536)
continue (0.7845840979 -19.7436673097)
continue (0.8122523964 -19.7973897895)
continue (0.8408964153 -19.8636567250)
continue (0.8705505633 -19.9476939095)
continue (0.9012504626 -20.0591434260)
continue (0.9330329915 -20.2191858625)
continue (0.9659363289 -20.4923024270)
continue (1.0000000000 -21.8826261100)
continue (1.0352649238 -21.9360632756)
continue (1.0717734625 -21.9724366896)
continue (1.1095694721 -22.0026873747)
continue (1.1486983550 -22.0273352391)
continue (1.1892071150 -22.0470630641)
continue (1.2311444133 -22.0626301146)
continue (1.2745606273 -22.0747961378)
continue (1.3195079108 -22.0842656867)
continue (1.3660402568 -22.0916550661)
continue (1.4142135624 -22.0974789154)
continue (1.4640856959 -22.1021510855)
continue (1.5157165665 -22.1059942921)
continue (1.5691681958 -22.1092540011)
continue (1.6245047927 -22.1121133073)
continue (1.6817928305 -22.1147067916)
continue (1.7411011266 -22.1171323106)
continue (1.8025009252 -22.1085619165)
continue (1.8660659831 -22.1217412714)
continue (1.9318726579 -22.1240102599)
continue (2.0000000000 -22.1262914662)
continue (2.0705298477 -22.1286008422)
continue (2.1435469251 -22.1309487149)
continue (2.2191389441 -22.1333419289)
continue (2.2973967100 -22.1357862238)
continue (2.3784142300 -22.1382880209)
continue (2.4622888267 -22.1408536591)
continue (2.5491212546 -22.1434739848)
continue (2.6390158216 -22.1460627232)
continue (2.7320805135 -22.1477313199)
continue (2.8284271248 -22.1461641803)
continue (2.9281713919 -22.1359001785)
continue (3.0314331330 -22.1725315150)
continue (3.1383363916 -22.1880366704)
continue (3.2490095854 -22.2117525737)
continue (3.3635856610 -22.2480134884)
continue (3.4822022532 -22.3037659872)
continue (3.6050018504 -22.3915553474)
continue (3.7321319661 -22.5385670490)
continue (3.8637453157 -22.8413024400)
continue (4.0000000000 -25.1126446996)
continue (4.1410596954 -25.2618330088)
continue (4.2870938501 -25.3042532856)
continue (4.4382778883 -25.3113735512)
continue (4.5947934200 -25.3057456644)
continue (4.7568284600 -25.2963996496)
continue (4.9245776534 -25.2864098985)
continue (5.0982425093 -25.2767153483)
continue (5.2780316431 -25.2675598636)
continue (5.4641610270 -25.2589745409)
continue (5.6568542495 -25.2509285696)
continue (5.8563427838 -25.2433740302)
continue (6.0628662660 -25.2362586699)
continue (6.2766727832 -25.2295295124)
continue (6.4980191709 -25.2231339699)
continue (6.7271713220 -25.2170202836)
continue (6.9644045064 -25.2111377636)
continue (7.2100037009 -25.2054369407)
continue (7.4642639323 -25.1998696819)
continue (7.7274906314 -25.1943893151)
continue (8.0000000000 -25.1889508275)
continue (8.2821193907 -25.1835111988)
continue (8.5741877003 -25.1780299103)
continue (8.8765557765 -25.1724696372)
continue (9.1895868400 -25.1667970873)
continue (9.5136569200 -25.1609839083)
continue (9.8491553068 -25.1550075667)
continue (10.1964850186 -25.1488520965)
continue (10.5560632862 -25.1425086348)
continue (10.9283220540 -25.1359756937)
continue (11.3137084990 -25.1292591569)
continue (11.7126855676 -25.1223720217)
continue (12.1257325321 -25.1153339384)
continue (12.5533455663 -25.1081706130)
continue (12.9960383417 -25.1009131443)
continue (13.4543426441 -25.0935973634)
continue (13.9288090127 -25.0862632287)
continue (14.4200074018 -25.0789543100)
continue (14.9285278646 -25.0717173728)
continue (15.4549812628 -25.0646020514)
continue (16.0000000000 -25.0576605769)
continue (16.5642387815 -25.0509475186)
continue (17.1483754006 -25.0445194867)
continue (17.7531115531 -25.0384347597)
continue (18.3791736800 -25.0327528070)
continue (19.0273138400 -25.0275337059)
continue (19.6983106135 -25.0228374668)
continue (20.3929700371 -25.0187232982)
continue (21.1121265724 -25.0152488467)
continue (21.8566441081 -25.0124694478)
continue (22.6274169980 -25.0104374147)
continue (23.4253711351 -25.0092013805)
continue (24.2514650642 -25.0088057051)
continue (25.1066911327 -25.0092899499)
continue (25.9920766834 -25.0106884223)
continue (26.9086852881 -25.0130297933)
continue (27.8576180255 -25.0163367939)
continue (28.8400148035 -25.0206259954)
continue (29.8570557292 -25.0259076840)
continue (30.9099625256 -25.0321858346)
continue (32.0000000000 -25.0394581905)
continue (33.1284775629 -25.0477164491)
continue (34.2967508012 -25.0569465528)
continue (35.5062231062 -25.0671290771)
continue (36.7583473599 -25.0782397045)
continue (38.0546276801 -25.0902497700)
continue (39.3966212270 -25.1031268603)
continue (40.7859400742 -25.1168354458)
continue (42.2242531447 -25.1313375275)
continue (43.7132882161 -25.1465932778)
continue (45.2548339959 -25.1625616579)
continue (46.8507422703 -25.1792009976)
continue (48.5029301283 -25.1964695250)
continue (50.2133822654 -25.2143258371)
continue (51.9841533668 -25.2327293088)
continue (53.8173705762 -25.2516404350)
continue (55.7152360510 -25.2710211091)
continue (57.6800296071 -25.2908348399)
continue (59.7141114584 -25.3110469112)
continue (61.8199250512 -25.3316244904)
continue (64.0000000000 -25.3525366916)
continue (66.2569551258 -25.3737546001)
continue (68.5935016023 -25.3952512644)
continue (71.0124462123 -25.4170016616)
continue (73.5166947198 -25.4389826424)
continue (76.1092553602 -25.4611728593)
continue (78.7932424541 -25.4835526839)
continue (81.5718801484 -25.5061041161)
continue (84.4485062895 -25.5288106882)
continue (87.4265764323 -25.5516573668)
continue (90.5096679919 -25.5746304549)
continue (93.7014845405 -25.5977174952)
continue (97.0058602567 -25.6209071758)
continue (100.4267645310 -25.6441892399)
continue (103.9683067340 -25.6675544000)
continue (107.6347411520 -25.6909942557)
continue (111.4304721020 -25.7145012178)
continue (115.3600592140 -25.7380684367)
continue (119.4282229170 -25.7616897355)
continue (123.6398501020 -25.7853595489)
continue (128.0000000000 -25.8090728664)
continue (132.5139102520 -25.8328251798)
continue (137.1870032050 -25.8566124357)
continue (142.0248924250 -25.8804309916)
continue (147.0333894400 -25.9042775760)
continue (152.2185107200 -25.9281492521)
continue (157.5864849080 -25.9520433844)
continue (163.1437602970 -25.9759576096)
continue (168.8970125790 -25.9998898082)
continue (174.8531528650 -26.0238380810)
continue (181.0193359840 -26.0478007263)
continue (187.4029690810 -26.0717762198)
continue (194.0117205130 -26.0957631968)
continue (200.8535290620 -26.1197604355)
continue (207.9366134670 -26.1437668425)
continue (215.2694823050 -26.1677814396)
continue (222.8609442040 -26.1918033516)
continue (230.7201184280 -26.2158317961)
continue (238.8564458330 -26.2398660732)
continue (247.2797002050 -26.2639055573)
continue (256.0000000000 -26.2879496894)
continue (265.0278205030 -26.3119979699)
continue (274.3740064090 -26.3360499522)
continue (284.0497848490 -26.3601052376)
continue (294.0667788790 -26.3841634699)
continue (304.4370214410 -26.4082243310)
continue (315.1729698160 -26.4322875368)
continue (326.2875205940 -26.4563528337)
continue (337.7940251580 -26.4804199953)
continue (349.7063057290 -26.5044888197)
continue (362.0386719680 -26.5285591264)
continue (374.8059381620 -26.5526307546)
continue (388.0234410270 -26.5767035607)
continue (401.7070581230 -26.6007774166)
continue (415.8732269340 -26.6248522081)
continue (430.5389646100 -26.6489278334)
continue (445.7218884080 -26.6730042015)
continue (461.4402368570 -26.6970812314)
continue (477.7128916670 -26.7211588509)
continue (494.5594004100 -26.7452369956)
continue (512.0000000000 -26.7693156081)
continue (530.0556410070 -26.7933946372)
continue (548.7480128190 -26.8174740373)
continue (568.0995696990 -26.8415537677)
continue (588.1335577580 -26.8656337923)
continue (608.8740428810 -26.8897140788)
continue (630.3459396330 -26.9137945984)
continue (652.5750411870 -26.9378753256)
continue (675.5880503160 -26.9619562375)
continue (699.4126114580 -26.9860373138)
continue (724.0773439350 -27.0101185364)
continue (749.6118763240 -27.0341998892)
continue (776.0468820530 -27.0582813579)
continue (803.4141162460 -27.0823629297)
continue (831.7464538690 -27.1064445932)
continue (861.0779292200 -27.1305263383)
continue (891.4437768150 -27.1546081561)
continue (922.8804737130 -27.1786900383)
continue (955.4257833340 -27.2027719780)
continue (989.1188008190 -27.2268539688)
continue (1024.0000000000 -27.2509360051)
continue (1060.1112820100 -27.2750180817)
continue (1097.4960256400 -27.2991001942)
continue (1136.1991394000 -27.3231823387)
continue (1176.2671155200 -27.3472645116)
continue (1217.7480857600 -27.3713467098)
continue (1260.6918792700 -27.3954289304)
continue (1305.1500823700 -27.4195111709)
continue (1351.1761006300 -27.4435934292)
continue (1398.8252229200 -27.4676757033)
continue (1448.1546878700 -27.4917579913)
continue (1499.2237526500 -27.5158402918)
continue (1552.0937641100 -27.5399226034)
continue (1606.8282324900 -27.5640049249)
continue (1663.4929077400 -27.5880872550)
continue (1722.1558584400 -27.6121695930)
continue (1782.8875536300 -27.6362519378)
continue (1845.7609474300 -27.6603342888)
continue (1910.8515666700 -27.6844166452)
continue (1978.2376016400 -27.7084990065)
continue (2048.0000000000 -27.7325813720)
continue (2120.2225640300 -27.7566637414)
continue (2194.9920512700 -27.7807461142)
continue (2272.3982787900 -27.8048284900)
continue (2352.5342310300 -27.8289108684)
continue (2435.4961715300 -27.8529932493)
continue (2521.3837585300 -27.8770756322)
continue (2610.3001647500 -27.9011580170)
continue (2702.3522012600 -27.9252404035)
continue (2797.6504458300 -27.9493227915)
continue (2896.3093757400 -27.9734051808)
continue (2998.4475053000 -27.9974875712)
continue (3104.1875282100 -28.0215699627)
continue (3213.6564649900 -28.0456523551)
continue (3326.9858154800 -28.0697347483)
continue (3444.3117168800 -28.0938171422)
continue (3565.7751072600 -28.1178995368)
continue (3691.5218948500 -28.1419819320)
continue (3821.7031333300 -28.1660643276)
continue (3956.4752032800 -28.1901467237)
continue (4096.0000000000 -28.2142291202)
continue (4136.9600000000 -50.0000000000)
continue (7354000.0000000000 -50.0000000000)
f(nu) = -20.7834162459 at 1.0000000000 Ryd
