# Haardt & Madau (2011)
# z = 0.584893
# E [Ryd] log (J_nu)
interpolate (0.0000000100 -50.0000000000)
continue (0.4950000000 -50.0000000000)
continue (0.5000000000 -20.7038816653)
continue (0.5176324619 -20.7281148175)
continue (0.5358867313 -20.7506686530)
continue (0.5547847360 -20.7745403701)
continue (0.5743491775 -20.7999238159)
continue (0.5946035575 -20.8270544265)
continue (0.6155722067 -20.8558746761)
continue (0.6372803137 -20.8866155889)
continue (0.6597539554 -20.9196772520)
continue (0.6830201284 -20.9555588039)
continue (0.7071067812 -20.9944460674)
continue (0.7320428480 -21.0436187425)
continue (0.7578582833 -21.1005091628)
continue (0.7845840979 -21.1549638582)
continue (0.8122523964 -21.2172699662)
continue (0.8408964153 -21.2895243246)
continue (0.8705505633 -21.3755746594)
continue (0.9012504626 -21.4824913860)
continue (0.9330329915 -21.6239155978)
continue (0.9659363289 -21.8338652787)
continue (1.0000000000 -22.3054351879)
continue (1.0352649238 -22.3335845879)
continue (1.0717734625 -22.3529488255)
continue (1.1095694721 -22.3699745077)
continue (1.1486983550 -22.3851357581)
continue (1.1892071150 -22.3988486649)
continue (1.2311444133 -22.4114345054)
continue (1.2745606273 -22.4232071983)
continue (1.3195079108 -22.4344252132)
continue (1.3660402568 -22.4453169711)
continue (1.4142135624 -22.4559891041)
continue (1.4640856959 -22.4668585719)
continue (1.5157165665 -22.4780639011)
continue (1.5691681958 -22.4896671845)
continue (1.6245047927 -22.5019692058)
continue (1.6817928305 -22.5152665724)
continue (1.7411011266 -22.5294497035)
continue (1.8025009252 -22.5425737246)
continue (1.8660659831 -22.5612341899)
continue (1.9318726579 -22.5787566827)
continue (2.0000000000 -22.5971404321)
continue (2.0705298477 -22.6167292497)
continue (2.1435469251 -22.6381793053)
continue (2.2191389441 -22.6614279211)
continue (2.2973967100 -22.6868032899)
continue (2.3784142300 -22.7146711224)
continue (2.4622888267 -22.7443814718)
continue (2.5491212546 -22.7758318633)
continue (2.6390158216 -22.8096692725)
continue (2.7320805135 -22.8471908650)
continue (2.8284271248 -22.8867287602)
continue (2.9281713919 -22.9292436189)
continue (3.0314331330 -23.0481725150)
continue (3.1383363916 -23.1050090439)
continue (3.2490095854 -23.1697149272)
continue (3.3635856610 -23.2419985716)
continue (3.4822022532 -23.3232196005)
continue (3.6050018504 -23.4187242508)
continue (3.7321319661 -23.5353924802)
continue (3.8637453157 -23.6869700933)
continue (4.0000000000 -23.9123398186)
continue (4.1410596954 -24.0024741176)
continue (4.2870938501 -24.0373767843)
continue (4.4382778883 -24.0541698530)
continue (4.5947934200 -24.0650124212)
continue (4.7568284600 -24.0740960179)
continue (4.9245776534 -24.0827262341)
continue (5.0982425093 -24.0912712713)
continue (5.2780316431 -24.0998105919)
continue (5.4641610270 -24.1083357775)
continue (5.6568542495 -24.1168098861)
continue (5.8563427838 -24.1251847919)
continue (6.0628662660 -24.1334068729)
continue (6.2766727832 -24.1414198541)
continue (6.4980191709 -24.1491672544)
continue (6.7271713220 -24.1565950712)
continue (6.9644045064 -24.1636548075)
continue (7.2100037009 -24.1703067456)
continue (7.4642639323 -24.1765232531)
continue (7.7274906314 -24.1822918385)
continue (8.0000000000 -24.1876176385)
continue (8.2821193907 -24.1925250435)
continue (8.5741877003 -24.1970582366)
continue (8.8765557765 -24.2012805332)
continue (9.1895868400 -24.2052725341)
continue (9.5136569200 -24.2091292352)
continue (9.8491553068 -24.2129563351)
continue (10.1964850186 -24.2168660509)
continue (10.5560632862 -24.2209727765)
continue (10.9283220540 -24.2253888983)
continue (11.3137084990 -24.2302210355)
continue (11.7126855676 -24.2355668997)
continue (12.1257325321 -24.2415128929)
continue (12.5533455663 -24.2481324826)
continue (12.9960383417 -24.2554853299)
continue (13.4543426441 -24.2636170952)
continue (13.9288090127 -24.2725598126)
continue (14.4200074018 -24.2823327094)
continue (14.9285278646 -24.2929433424)
continue (15.4549812628 -24.3043889351)
continue (16.0000000000 -24.3166578122)
continue (16.5642387815 -24.3297308512)
continue (17.1483754006 -24.3435828883)
continue (17.7531115531 -24.3581840368)
continue (18.3791736800 -24.3735008892)
continue (19.0273138400 -24.3894975904)
continue (19.6983106135 -24.4061367725)
continue (20.3929700371 -24.4233803537)
continue (21.1121265724 -24.4411902041)
continue (21.8566441081 -24.4595286867)
continue (22.6274169980 -24.4783590829)
continue (23.4253711351 -24.4976459157)
continue (24.2514650642 -24.5173551830)
continue (25.1066911327 -24.5374545151)
continue (25.9920766834 -24.5579132710)
continue (26.9086852881 -24.5787025841)
continue (27.8576180255 -24.5997953708)
continue (28.8400148035 -24.6211663094)
continue (29.8570557292 -24.6427917992)
continue (30.9099625256 -24.6646499036)
continue (32.0000000000 -24.6867202846)
continue (33.1284775629 -24.7089841289)
continue (34.2967508012 -24.7314240720)
continue (35.5062231062 -24.7540241184)
continue (36.7583473599 -24.7767695622)
continue (38.0546276801 -24.7996469079)
continue (39.3966212270 -24.8226437923)
continue (40.7859400742 -24.8457489079)
continue (42.2242531447 -24.8689519291)
continue (43.7132882161 -24.8922434411)
continue (45.2548339959 -24.9156148711)
continue (46.8507422703 -24.9390584236)
continue (48.5029301283 -24.9625670184)
continue (50.2133822654 -24.9861342325)
continue (51.9841533668 -25.0097542453)
continue (53.8173705762 -25.0334217875)
continue (55.7152360510 -25.0571320932)
continue (57.6800296071 -25.0808808554)
continue (59.7141114584 -25.1046641851)
continue (61.8199250512 -25.1284785735)
continue (64.0000000000 -25.1523208567)
continue (66.2569551258 -25.1761881835)
continue (68.5935016023 -25.2000779867)
continue (71.0124462123 -25.2239879553)
continue (73.5166947198 -25.2479160103)
continue (76.1092553602 -25.2718602824)
continue (78.7932424541 -25.2958190915)
continue (81.5718801484 -25.3197909282)
continue (84.4485062895 -25.3437744367)
continue (87.4265764323 -25.3677684002)
continue (90.5096679919 -25.3917717263)
continue (93.7014845405 -25.4157834352)
continue (97.0058602567 -25.4398026480)
continue (100.4267645310 -25.4638285766)
continue (103.9683067340 -25.4878605147)
continue (107.6347411520 -25.5118978290)
continue (111.4304721020 -25.5359399525)
continue (115.3600592140 -25.5599863769)
continue (119.4282229170 -25.5840366473)
continue (123.6398501020 -25.6080903561)
continue (128.0000000000 -25.6321471387)
continue (132.5139102520 -25.6562066684)
continue (137.1870032050 -25.6802686533)
continue (142.0248924250 -25.7043328319)
continue (147.0333894400 -25.7283989703)
continue (152.2185107200 -25.7524668594)
continue (157.5864849080 -25.7765363122)
continue (163.1437602970 -25.8006071615)
continue (168.8970125790 -25.8246792577)
continue (174.8531528650 -25.8487524672)
continue (181.0193359840 -25.8728266706)
continue (187.4029690810 -25.8969017611)
continue (194.0117205130 -25.9209776434)
continue (200.8535290620 -25.9450542323)
continue (207.9366134670 -25.9691314517)
continue (215.2694823050 -25.9932092336)
continue (222.8609442040 -26.0172875173)
continue (230.7201184280 -26.0413662487)
continue (238.8564458330 -26.0654453794)
continue (247.2797002050 -26.0895248661)
continue (256.0000000000 -26.1136046704)
continue (265.0278205030 -26.1376847578)
continue (274.3740064090 -26.1617650976)
continue (284.0497848490 -26.1858456624)
continue (294.0667788790 -26.2099264278)
continue (304.4370214410 -26.2340073719)
continue (315.1729698160 -26.2580884754)
continue (326.2875205940 -26.2821697209)
continue (337.7940251580 -26.3062510929)
continue (349.7063057290 -26.3303325776)
continue (362.0386719680 -26.3544141627)
continue (374.8059381620 -26.3784958372)
continue (388.0234410270 -26.4025775915)
continue (401.7070581230 -26.4266594167)
continue (415.8732269340 -26.4507413051)
continue (430.5389646100 -26.4748232498)
continue (445.7218884080 -26.4989052445)
continue (461.4402368570 -26.5229872840)
continue (477.7128916670 -26.5470693631)
continue (494.5594004100 -26.5711514776)
continue (512.0000000000 -26.5952336236)
continue (530.0556410070 -26.6193157976)
continue (548.7480128190 -26.6433979966)
continue (568.0995696990 -26.6674802177)
continue (588.1335577580 -26.6915624586)
continue (608.8740428810 -26.7156447170)
continue (630.3459396330 -26.7397269911)
continue (652.5750411870 -26.7638092791)
continue (675.5880503160 -26.7878915795)
continue (699.4126114580 -26.8119738909)
continue (724.0773439350 -26.8360562121)
continue (749.6118763240 -26.8601385420)
continue (776.0468820530 -26.8842208796)
continue (803.4141162460 -26.9083032242)
continue (831.7464538690 -26.9323855748)
continue (861.0779292200 -26.9564679309)
continue (891.4437768150 -26.9805502919)
continue (922.8804737130 -27.0046326572)
continue (955.4257833340 -27.0287150263)
continue (989.1188008190 -27.0527973987)
continue (1024.0000000000 -27.0768797743)
continue (1060.1112820100 -27.1009621525)
continue (1097.4960256400 -27.1250445331)
continue (1136.1991394000 -27.1491269158)
continue (1176.2671155200 -27.1732093004)
continue (1217.7480857600 -27.1972916867)
continue (1260.6918792700 -27.2213740745)
continue (1305.1500823700 -27.2454564636)
continue (1351.1761006300 -27.2695388539)
continue (1398.8252229200 -27.2936212453)
continue (1448.1546878700 -27.3177036375)
continue (1499.2237526500 -27.3417860306)
continue (1552.0937641100 -27.3658684245)
continue (1606.8282324900 -27.3899508189)
continue (1663.4929077400 -27.4140332140)
continue (1722.1558584400 -27.4381156096)
continue (1782.8875536300 -27.4621980056)
continue (1845.7609474300 -27.4862804020)
continue (1910.8515666700 -27.5103627988)
continue (1978.2376016400 -27.5344451960)
continue (2048.0000000000 -27.5585275934)
continue (2120.2225640300 -27.5826099910)
continue (2194.9920512700 -27.6066923889)
continue (2272.3982787900 -27.6307747870)
continue (2352.5342310300 -27.6548571852)
continue (2435.4961715300 -27.6789395837)
continue (2521.3837585300 -27.7030219822)
continue (2610.3001647500 -27.7271043809)
continue (2702.3522012600 -27.7511867797)
continue (2797.6504458300 -27.7752691786)
continue (2896.3093757400 -27.7993515775)
continue (2998.4475053000 -27.8234339766)
continue (3104.1875282100 -27.8475163757)
continue (3213.6564649900 -27.8715987749)
continue (3326.9858154800 -27.8956811741)
continue (3444.3117168800 -27.9197635734)
continue (3565.7751072600 -27.9438459727)
continue (3691.5218948500 -27.9679283720)
continue (3821.7031333300 -27.9920107714)
continue (3956.4752032800 -28.0160931709)
continue (4096.0000000000 -28.0401755703)
continue (4136.9600000000 -50.0000000000)
continue (7354000.0000000000 -50.0000000000)
f(nu) = -21.2062253239 at 1.0000000000 Ryd
