# Haardt & Madau (2011)
# z = 5.309573
# E [Ryd] log (J_nu)
interpolate (0.0000000100 -50.0000000000)
continue (0.4950000000 -50.0000000000)
continue (0.5000000000 -19.4718321583)
continue (0.5176324619 -19.4757263626)
continue (0.5358867313 -19.4800050271)
continue (0.5547847360 -19.4853071398)
continue (0.5743491775 -19.4918329691)
continue (0.5946035575 -19.4998176024)
continue (0.6155722067 -19.5098096317)
continue (0.6372803137 -19.5216337259)
continue (0.6597539554 -19.5359216907)
continue (0.6830201284 -19.5531215509)
continue (0.7071067812 -19.5738539656)
continue (0.7320428480 -19.6030114594)
continue (0.7578582833 -19.6477493864)
continue (0.7845840979 -19.6876537684)
continue (0.8122523964 -19.7367874875)
continue (0.8408964153 -19.7983286180)
continue (0.8705505633 -19.8788850252)
continue (0.9012504626 -19.9857132192)
continue (0.9330329915 -20.1409892565)
continue (0.9659363289 -20.4086765036)
continue (1.0000000000 -21.9557379022)
continue (1.0352649238 -22.0018360334)
continue (1.0717734625 -22.0393114726)
continue (1.1095694721 -22.0704138879)
continue (1.1486983550 -22.0956182025)
continue (1.1892071150 -22.1155930236)
continue (1.2311444133 -22.1311099557)
continue (1.2745606273 -22.1429596823)
continue (1.3195079108 -22.1518876623)
continue (1.3660402568 -22.1585537865)
continue (1.4142135624 -22.1635138883)
continue (1.4640856959 -22.1672177564)
continue (1.5157165665 -22.1700176694)
continue (1.5691681958 -22.1721823357)
continue (1.6245047927 -22.1739124948)
continue (1.6817928305 -22.1753557859)
continue (1.7411011266 -22.1766195816)
continue (1.8025009252 -22.1757037949)
continue (1.8660659831 -22.1788961669)
continue (1.9318726579 -22.1800030614)
continue (2.0000000000 -22.1811285666)
continue (2.0705298477 -22.1822901768)
continue (2.1435469251 -22.1834988390)
continue (2.2191389441 -22.1847611643)
continue (2.2973967100 -22.1860813772)
continue (2.3784142300 -22.1874629485)
continue (2.4622888267 -22.1889099054)
continue (2.5491212546 -22.1904269252)
continue (2.6390158216 -22.1920170858)
continue (2.7320805135 -22.1936240895)
continue (2.8284271248 -22.1951516160)
continue (2.9281713919 -22.1962617777)
continue (3.0314331330 -22.2031851500)
continue (3.1383363916 -22.2100762919)
continue (3.2490095854 -22.2217904803)
continue (3.3635856610 -22.2419554737)
continue (3.4822022532 -22.2780321426)
continue (3.6050018504 -22.3394264329)
continue (3.7321319661 -22.4510252183)
continue (3.8637453157 -22.6883096356)
continue (4.0000000000 -29.8641788718)
continue (4.1410596954 -29.7221896246)
continue (4.2870938501 -29.5233415025)
continue (4.4382778883 -29.3216198393)
continue (4.5947934200 -29.1236083609)
continue (4.7568284600 -28.9316194258)
continue (4.9245776534 -28.7463927885)
continue (5.0982425093 -28.5681363637)
continue (5.2780316431 -28.3968877984)
continue (5.4641610270 -28.2326310007)
continue (5.6568542495 -28.0753303226)
continue (5.8563427838 -27.9249386163)
continue (6.0628662660 -27.7813975352)
continue (6.2766727832 -27.6446358071)
continue (6.4980191709 -27.5145672094)
continue (6.7271713220 -27.3910887817)
continue (6.9644045064 -27.2740794694)
continue (7.2100037009 -27.1633993088)
continue (7.4642639323 -27.0588892350)
continue (7.7274906314 -26.9603715739)
continue (8.0000000000 -26.8676512434)
continue (8.2821193907 -26.7805176326)
continue (8.5741877003 -26.6987470640)
continue (8.8765557765 -26.6221056793)
continue (9.1895868400 -26.5503525479)
continue (9.5136569200 -26.4832427813)
continue (9.8491553068 -26.4205304563)
continue (10.1964850186 -26.3619711975)
continue (10.5560632862 -26.3073243321)
continue (10.9283220540 -26.2563545958)
continue (11.3137084990 -26.2088334266)
continue (11.7126855676 -26.1645399203)
continue (12.1257325321 -26.1232615447)
continue (12.5533455663 -26.0847947060)
continue (12.9960383417 -26.0489452524)
continue (13.4543426441 -26.0155289716)
continue (13.9288090127 -25.9843721161)
continue (14.4200074018 -25.9553119611)
continue (14.9285278646 -25.9281973754)
continue (15.4549812628 -25.9028893730)
continue (16.0000000000 -25.8792615987)
continue (16.5642387815 -25.8572007023)
continue (17.1483754006 -25.8366065581)
continue (17.7531115531 -25.8173922980)
continue (18.3791736800 -25.7994841389)
continue (19.0273138400 -25.7828210015)
continue (19.6983106135 -25.7673539305)
continue (20.3929700371 -25.7530453376)
continue (21.1121265724 -25.7398680944)
continue (21.8566441081 -25.7278045046)
continue (22.6274169980 -25.7168451825)
continue (23.4253711351 -25.7069878624)
continue (24.2514650642 -25.6982361584)
continue (25.1066911327 -25.6905982951)
continue (25.9920766834 -25.6840858256)
continue (26.9086852881 -25.6787123564)
continue (27.8576180255 -25.6744923000)
continue (28.8400148035 -25.6714396778)
continue (29.8570557292 -25.6695669968)
continue (30.9099625256 -25.6688842234)
continue (32.0000000000 -25.6693978798)
continue (33.1284775629 -25.6711102807)
continue (34.2967508012 -25.6740189316)
continue (35.5062231062 -25.6781160993)
continue (36.7583473599 -25.6833885637)
continue (38.0546276801 -25.6898175521)
continue (39.3966212270 -25.6973788495)
continue (40.7859400742 -25.7060430720)
continue (42.2242531447 -25.7157760841)
continue (43.7132882161 -25.7265395327)
continue (45.2548339959 -25.7382914705)
continue (46.8507422703 -25.7509870357)
continue (48.5029301283 -25.7645791588)
continue (50.2133822654 -25.7790192669)
continue (51.9841533668 -25.7942579612)
continue (53.8173705762 -25.8102456471)
continue (55.7152360510 -25.8269331032)
continue (57.6800296071 -25.8442719787)
continue (59.7141114584 -25.8622152144)
continue (61.8199250512 -25.8807173863)
continue (64.0000000000 -25.8997349756)
continue (66.2569551258 -25.9192265680)
continue (68.5935016023 -25.9391529899)
continue (71.0124462123 -25.9594773896)
continue (73.5166947198 -25.9801652697)
continue (76.1092553602 -26.0011844803)
continue (78.7932424541 -26.0225051788)
continue (81.5718801484 -26.0440997645)
continue (84.4485062895 -26.0659427933)
continue (87.4265764323 -26.0880108785)
continue (90.5096679919 -26.1102825810)
continue (93.7014845405 -26.1327382947)
continue (97.0058602567 -26.1553601284)
continue (100.4267645310 -26.1781317881)
continue (103.9683067340 -26.2010384602)
continue (107.6347411520 -26.2240666991)
continue (111.4304721020 -26.2472043183)
continue (115.3600592140 -26.2704402871)
continue (119.4282229170 -26.2937646328)
continue (123.6398501020 -26.3171683493)
continue (128.0000000000 -26.3406433110)
continue (132.5139102520 -26.3641821938)
continue (137.1870032050 -26.3877784008)
continue (142.0248924250 -26.4114259952)
continue (147.0333894400 -26.4351196372)
continue (152.2185107200 -26.4588545277)
continue (157.5864849080 -26.4826263553)
continue (163.1437602970 -26.5064312493)
continue (168.8970125790 -26.5302657362)
continue (174.8531528650 -26.5541267001)
continue (181.0193359840 -26.5780113472)
continue (187.4029690810 -26.6019171736)
continue (194.0117205130 -26.6258419359)
continue (200.8535290620 -26.6497836246)
continue (207.9366134670 -26.6737404405)
continue (215.2694823050 -26.6977107730)
continue (222.8609442040 -26.7216931809)
continue (230.7201184280 -26.7456863747)
continue (238.8564458330 -26.7696892009)
continue (247.2797002050 -26.7937006283)
continue (256.0000000000 -26.8177197345)
continue (265.0278205030 -26.8417456955)
continue (274.3740064090 -26.8657777743)
continue (284.0497848490 -26.8898153129)
continue (294.0667788790 -26.9138577231)
continue (304.4370214410 -26.9379044797)
continue (315.1729698160 -26.9619551134)
continue (326.2875205940 -26.9860092054)
continue (337.7940251580 -27.0100663816)
continue (349.7063057290 -27.0341263082)
continue (362.0386719680 -27.0581886872)
continue (374.8059381620 -27.0822532525)
continue (388.0234410270 -27.1063197668)
continue (401.7070581230 -27.1303880185)
continue (415.8732269340 -27.1544578186)
continue (430.5389646100 -27.1785289985)
continue (445.7218884080 -27.2026014081)
continue (461.4402368570 -27.2266749132)
continue (477.7128916670 -27.2507493945)
continue (494.5594004100 -27.2748247453)
continue (512.0000000000 -27.2989008706)
continue (530.0556410070 -27.3229776857)
continue (548.7480128190 -27.3470551153)
continue (568.0995696990 -27.3711330920)
continue (588.1335577580 -27.3952115559)
continue (608.8740428810 -27.4192904536)
continue (630.3459396330 -27.4433697374)
continue (652.5750411870 -27.4674493651)
continue (675.5880503160 -27.4915292988)
continue (699.4126114580 -27.5156095049)
continue (724.0773439350 -27.5396899534)
continue (749.6118763240 -27.5637706177)
continue (776.0468820530 -27.5878514740)
continue (803.4141162460 -27.6119325012)
continue (831.7464538690 -27.6360136803)
continue (861.0779292200 -27.6600949947)
continue (891.4437768150 -27.6841764294)
continue (922.8804737130 -27.7082579712)
continue (955.4257833340 -27.7323396081)
continue (989.1188008190 -27.7564213297)
continue (1024.0000000000 -27.7805031266)
continue (1060.1112820100 -27.8045849906)
continue (1097.4960256400 -27.8286669140)
continue (1136.1991394000 -27.8527488905)
continue (1176.2671155200 -27.8768309140)
continue (1217.7480857600 -27.9009129794)
continue (1260.6918792700 -27.9249950820)
continue (1305.1500823700 -27.9490772177)
continue (1351.1761006300 -27.9731593828)
continue (1398.8252229200 -27.9972415741)
continue (1448.1546878700 -28.0213237886)
continue (1499.2237526500 -28.0454060238)
continue (1552.0937641100 -28.0694882774)
continue (1606.8282324900 -28.0935705472)
continue (1663.4929077400 -28.1176528316)
continue (1722.1558584400 -28.1417351288)
continue (1782.8875536300 -28.1658174375)
continue (1845.7609474300 -28.1898997564)
continue (1910.8515666700 -28.2139820843)
continue (1978.2376016400 -28.2380644202)
continue (2048.0000000000 -28.2621467633)
continue (2120.2225640300 -28.2862291127)
continue (2194.9920512700 -28.3103114677)
continue (2272.3982787900 -28.3343938278)
continue (2352.5342310300 -28.3584761922)
continue (2435.4961715300 -28.3825585607)
continue (2521.3837585300 -28.4066409326)
continue (2610.3001647500 -28.4307233076)
continue (2702.3522012600 -28.4548056854)
continue (2797.6504458300 -28.4788880657)
continue (2896.3093757400 -28.5029704481)
continue (2998.4475053000 -28.5270528325)
continue (3104.1875282100 -28.5511352185)
continue (3213.6564649900 -28.5752176062)
continue (3326.9858154800 -28.5992999951)
continue (3444.3117168800 -28.6233823853)
continue (3565.7751072600 -28.6474647765)
continue (3691.5218948500 -28.6715471687)
continue (3821.7031333300 -28.6956295617)
continue (3956.4752032800 -28.7197119555)
continue (4096.0000000000 -28.7437943499)
continue (4136.9600000000 -50.0000000000)
continue (7354000.0000000000 -50.0000000000)
f(nu) = -20.8565280382 at 1.0000000000 Ryd
