# Haardt & Madau (2011)
# z = 6.943282
# E [Ryd] log (J_nu)
interpolate (0.0000000100 -50.0000000000)
continue (0.4950000000 -50.0000000000)
continue (0.5000000000 -19.5338365739)
continue (0.5176324619 -19.5353220171)
continue (0.5358867313 -19.5372598967)
continue (0.5547847360 -19.5402928079)
continue (0.5743491775 -19.5437677120)
continue (0.5946035575 -19.5482638807)
continue (0.6155722067 -19.5540203691)
continue (0.6372803137 -19.5613390527)
continue (0.6597539554 -19.5705896667)
continue (0.6830201284 -19.5821211938)
continue (0.7071067812 -19.5967219756)
continue (0.7320428480 -19.6168302401)
continue (0.7578582833 -19.6594820184)
continue (0.7845840979 -19.6927118731)
continue (0.8122523964 -19.7349016765)
continue (0.8408964153 -19.7894909018)
continue (0.8705505633 -19.8621055178)
continue (0.9012504626 -19.9632256686)
continue (0.9330329915 -20.1163141580)
continue (0.9659363289 -20.3964574055)
continue (1.0000000000 -22.1318459189)
continue (1.0352649238 -22.1890617945)
continue (1.0717734625 -22.2273767067)
continue (1.1095694721 -22.2591937012)
continue (1.1486983550 -22.2849044008)
continue (1.1892071150 -22.3051260910)
continue (1.2311444133 -22.3206117673)
continue (1.2745606273 -22.3321607640)
continue (1.3195079108 -22.3405458965)
continue (1.3660402568 -22.3464643551)
continue (1.4142135624 -22.3505120512)
continue (1.4640856959 -22.3531767197)
continue (1.5157165665 -22.3548436848)
continue (1.5691681958 -22.3558086983)
continue (1.6245047927 -22.3562935744)
continue (1.6817928305 -22.3564617516)
continue (1.7411011266 -22.3564321154)
continue (1.8025009252 -22.3442885872)
continue (1.8660659831 -22.3560974875)
continue (1.9318726579 -22.3558965856)
continue (2.0000000000 -22.3557169940)
continue (2.0705298477 -22.3555778527)
continue (2.1435469251 -22.3554907000)
continue (2.2191389441 -22.3554617557)
continue (2.2973967100 -22.3554940082)
continue (2.3784142300 -22.3555890790)
continue (2.4622888267 -22.3557487240)
continue (2.5491212546 -22.3559758134)
continue (2.6390158216 -22.3562747753)
continue (2.7320805135 -22.3566516062)
continue (2.8284271248 -22.3571161685)
continue (2.9281713919 -22.3576895713)
continue (3.0314331330 -22.3586727236)
continue (3.1383363916 -22.3603803416)
continue (3.2490095854 -22.3641661894)
continue (3.3635856610 -22.3731855520)
continue (3.4822022532 -22.3946186971)
continue (3.6050018504 -22.4448532206)
continue (3.7321319661 -22.5676496881)
continue (3.8637453157 -22.9777097623)
continue (4.0000000000 -48.5811919871)
continue (4.1410596954 -48.3240942151)
continue (4.2870938501 -46.9798563579)
continue (4.4382778883 -45.6909451468)
continue (4.5947934200 -44.4620832729)
continue (4.7568284600 -43.2943399579)
continue (4.9245776534 -42.1873009129)
continue (5.0982425093 -41.1399112647)
continue (5.2780316431 -40.1507880272)
continue (5.4641610270 -39.2183412411)
continue (5.6568542495 -38.3408297135)
continue (5.8563427838 -37.5163948360)
continue (6.0628662660 -36.7430866544)
continue (6.2766727832 -36.0188865408)
continue (6.4980191709 -35.3417277091)
continue (6.7271713220 -34.7095139195)
continue (6.9644045064 -34.1201364983)
continue (7.2100037009 -33.5714897855)
continue (7.4642639323 -33.0614851283)
continue (7.7274906314 -32.5880635162)
continue (8.0000000000 -32.1492068935)
continue (8.2821193907 -31.7429480884)
continue (8.5741877003 -31.3673792035)
continue (8.8765557765 -31.0206582458)
continue (9.1895868400 -30.7010137747)
continue (9.5136569200 -30.4067474222)
continue (9.8491553068 -30.1362343020)
continue (10.1964850186 -29.8879215359)
continue (10.5560632862 -29.6603253511)
continue (10.9283220540 -29.4520273778)
continue (11.3137084990 -29.2616708502)
continue (11.7126855676 -29.0879573535)
continue (12.1257325321 -28.9296445795)
continue (12.5533455663 -28.7855452869)
continue (12.9960383417 -28.6545273933)
continue (13.4543426441 -28.5355149092)
continue (13.9288090127 -28.4274893096)
continue (14.4200074018 -28.3294909290)
continue (14.9285278646 -28.2406200407)
continue (15.4549812628 -28.1600374018)
continue (16.0000000000 -28.0869641670)
continue (16.5642387815 -28.0206811797)
continue (17.1483754006 -27.9605277122)
continue (17.7531115531 -27.9058997642)
continue (18.3791736800 -27.8562480293)
continue (19.0273138400 -27.8110756319)
continue (19.6983106135 -27.7699357128)
continue (20.3929700371 -27.7324289206)
continue (21.1121265724 -27.6982008456)
continue (21.8566441081 -27.6669394126)
continue (22.6274169980 -27.6383722421)
continue (23.4253711351 -27.6122639763)
continue (24.2514650642 -27.5884135679)
continue (25.1066911327 -27.5666515271)
continue (25.9920766834 -27.5468371239)
continue (26.9086852881 -27.5288555480)
continue (27.8576180255 -27.5126150300)
continue (28.8400148035 -27.4980439358)
continue (29.8570557292 -27.4850878461)
continue (30.9099625256 -27.4737066459)
continue (32.0000000000 -27.4638716482)
continue (33.1284775629 -27.4555627906)
continue (34.2967508012 -27.4487659461)
continue (35.5062231062 -27.4434703969)
continue (36.7583473599 -27.4396665262)
continue (38.0546276801 -27.4373437789)
continue (39.3966212270 -27.4364889398)
continue (40.7859400742 -27.4370847669)
continue (42.2242531447 -27.4391090011)
continue (43.7132882161 -27.4425337560)
continue (45.2548339959 -27.4473252724)
continue (46.8507422703 -27.4534440034)
continue (48.5029301283 -27.4608449811)
continue (50.2133822654 -27.4694784080)
continue (51.9841533668 -27.4792904092)
continue (53.8173705762 -27.4902238854)
continue (55.7152360510 -27.5022194093)
continue (57.6800296071 -27.5152161164)
continue (59.7141114584 -27.5291525535)
continue (61.8199250512 -27.5439674541)
continue (64.0000000000 -27.5596004228)
continue (66.2569551258 -27.5759925194)
continue (68.5935016023 -27.5930867374)
continue (71.0124462123 -27.6108283812)
continue (73.5166947198 -27.6291653478)
continue (76.1092553602 -27.6480483211)
continue (78.7932424541 -27.6674308909)
continue (81.5718801484 -27.6872696054)
continue (84.4485062895 -27.7075239708)
continue (87.4265764323 -27.7281564055)
continue (90.5096679919 -27.7491321605)
continue (93.7014845405 -27.7704192126)
continue (97.0058602567 -27.7919881395)
continue (100.4267645310 -27.8138119812)
continue (103.9683067340 -27.8358660940)
continue (107.6347411520 -27.8581280006)
continue (111.4304721020 -27.8805772400)
continue (115.3600592140 -27.9031952201)
continue (119.4282229170 -27.9259650736)
continue (123.6398501020 -27.9488715203)
continue (128.0000000000 -27.9719007362)
continue (132.5139102520 -27.9950402291)
continue (137.1870032050 -28.0182787229)
continue (142.0248924250 -28.0416060488)
continue (147.0333894400 -28.0650130448)
continue (152.2185107200 -28.0884914629)
continue (157.5864849080 -28.1120338830)
continue (163.1437602970 -28.1356336345)
continue (168.8970125790 -28.1592847244)
continue (174.8531528650 -28.1829817712)
continue (181.0193359840 -28.2067199453)
continue (187.4029690810 -28.2304949142)
continue (194.0117205130 -28.2543027931)
continue (200.8535290620 -28.2781401002)
continue (207.9366134670 -28.3020037161)
continue (215.2694823050 -28.3258908465)
continue (222.8609442040 -28.3497989900)
continue (230.7201184280 -28.3737259072)
continue (238.8564458330 -28.3976695946)
continue (247.2797002050 -28.4216282595)
continue (256.0000000000 -28.4456002988)
continue (265.0278205030 -28.4695842790)
continue (274.3740064090 -28.4935789186)
continue (284.0497848490 -28.5175830721)
continue (294.0667788790 -28.5415957161)
continue (304.4370214410 -28.5656159359)
continue (315.1729698160 -28.5896429149)
continue (326.2875205940 -28.6136759233)
continue (337.7940251580 -28.6377143096)
continue (349.7063057290 -28.6617574923)
continue (362.0386719680 -28.6858049519)
continue (374.8059381620 -28.7098562251)
continue (388.0234410270 -28.7339108981)
continue (401.7070581230 -28.7579686019)
continue (415.8732269340 -28.7820290071)
continue (430.5389646100 -28.8060918200)
continue (445.7218884080 -28.8301567784)
continue (461.4402368570 -28.8542236487)
continue (477.7128916670 -28.8782922225)
continue (494.5594004100 -28.9023623139)
continue (512.0000000000 -28.9264337571)
continue (530.0556410070 -28.9505064045)
continue (548.7480128190 -28.9745801244)
continue (568.0995696990 -28.9986547994)
continue (588.1335577580 -29.0227303250)
continue (608.8740428810 -29.0468066080)
continue (630.3459396330 -29.0708835652)
continue (652.5750411870 -29.0949611227)
continue (675.5880503160 -29.1190392147)
continue (699.4126114580 -29.1431177823)
continue (724.0773439350 -29.1671967733)
continue (749.6118763240 -29.1912761411)
continue (776.0468820530 -29.2153558443)
continue (803.4141162460 -29.2394358459)
continue (831.7464538690 -29.2635161129)
continue (861.0779292200 -29.2875966163)
continue (891.4437768150 -29.3116773297)
continue (922.8804737130 -29.3357582302)
continue (955.4257833340 -29.3598392970)
continue (989.1188008190 -29.3839205117)
continue (1024.0000000000 -29.4080018580)
continue (1060.1112820100 -29.4320833213)
continue (1097.4960256400 -29.4561648887)
continue (1136.1991394000 -29.4802465486)
continue (1176.2671155200 -29.5043282908)
continue (1217.7480857600 -29.5284101062)
continue (1260.6918792700 -29.5524919867)
continue (1305.1500823700 -29.5765739249)
continue (1351.1761006300 -29.6006559146)
continue (1398.8252229200 -29.6247379500)
continue (1448.1546878700 -29.6488200260)
continue (1499.2237526500 -29.6729021381)
continue (1552.0937641100 -29.6969842823)
continue (1606.8282324900 -29.7210664551)
continue (1663.4929077400 -29.7451486531)
continue (1722.1558584400 -29.7692308737)
continue (1782.8875536300 -29.7933131143)
continue (1845.7609474300 -29.8173953727)
continue (1910.8515666700 -29.8414776469)
continue (1978.2376016400 -29.8655599352)
continue (2048.0000000000 -29.8896422359)
continue (2120.2225640300 -29.9137245476)
continue (2194.9920512700 -29.9378068693)
continue (2272.3982787900 -29.9618891996)
continue (2352.5342310300 -29.9859715378)
continue (2435.4961715300 -30.0100538828)
continue (2521.3837585300 -30.0341362339)
continue (2610.3001647500 -30.0582185905)
continue (2702.3522012600 -30.0823009520)
continue (2797.6504458300 -30.1063833177)
continue (2896.3093757400 -30.1304656872)
continue (2998.4475053000 -30.1545480601)
continue (3104.1875282100 -30.1786304360)
continue (3213.6564649900 -30.2027128146)
continue (3326.9858154800 -30.2267951956)
continue (3444.3117168800 -30.2508775786)
continue (3565.7751072600 -30.2749599635)
continue (3691.5218948500 -30.2990423501)
continue (3821.7031333300 -30.3231247382)
continue (3956.4752032800 -30.3472071275)
continue (4096.0000000000 -30.3712895180)
continue (4136.9600000000 -50.0000000000)
continue (7354000.0000000000 -50.0000000000)
f(nu) = -21.0326360549 at 1.0000000000 Ryd
