# Haardt & Madau (2011)
# z = 6.079458
# E [Ryd] log (J_nu)
interpolate (0.0000000100 -50.0000000000)
continue (0.4950000000 -50.0000000000)
continue (0.5000000000 -19.4874471720)
continue (0.5176324619 -19.4898042104)
continue (0.5358867313 -19.4927911642)
continue (0.5547847360 -19.4966010528)
continue (0.5743491775 -19.5014187745)
continue (0.5946035575 -19.5074640294)
continue (0.6155722067 -19.5149999902)
continue (0.6372803137 -19.5243425043)
continue (0.6597539554 -19.5358746424)
continue (0.6830201284 -19.5518396215)
continue (0.7071067812 -19.5695579780)
continue (0.7320428480 -19.5930815534)
continue (0.7578582833 -19.6355223044)
continue (0.7845840979 -19.6718089220)
continue (0.8122523964 -19.7172135185)
continue (0.8408964153 -19.7750167681)
continue (0.8705505633 -19.8506240308)
continue (0.9012504626 -19.9540038749)
continue (0.9330329915 -20.1071165249)
continue (0.9659363289 -20.4017829402)
continue (1.0000000000 -22.0284286335)
continue (1.0352649238 -22.0800973703)
continue (1.0717734625 -22.1183097114)
continue (1.1095694721 -22.1500313413)
continue (1.1486983550 -22.1756913450)
continue (1.1892071150 -22.1959336287)
continue (1.2311444133 -22.2115254697)
continue (1.2745606273 -22.2232692956)
continue (1.3195079108 -22.2319325960)
continue (1.3660402568 -22.2382020588)
continue (1.4142135624 -22.2426608087)
continue (1.4640856959 -22.2457836572)
continue (1.5157165665 -22.2479442127)
continue (1.5691681958 -22.2494283825)
continue (1.6245047927 -22.2504501727)
continue (1.6817928305 -22.2511671026)
continue (1.7411011266 -22.2516937149)
continue (1.8025009252 -22.2452949950)
continue (1.8660659831 -22.2524824846)
continue (1.9318726579 -22.2528449559)
continue (2.0000000000 -22.2532283070)
continue (2.0705298477 -22.2536511176)
continue (2.1435469251 -22.2541248206)
continue (2.2191389441 -22.2546559711)
continue (2.2973967100 -22.2552482816)
continue (2.3784142300 -22.2559043812)
continue (2.4622888267 -22.2566271815)
continue (2.5491212546 -22.2574207990)
continue (2.6390158216 -22.2582912661)
continue (2.7320805135 -22.2592484161)
continue (2.8284271248 -22.2603057701)
continue (2.9281713919 -22.2614767297)
continue (3.0314331330 -22.2639310260)
continue (3.1383363916 -22.2675294777)
continue (3.2490095854 -22.2743879664)
continue (3.3635856610 -22.2879510293)
continue (3.4822022532 -22.3147550586)
continue (3.6050018504 -22.3676379362)
continue (3.7321319661 -22.4759904650)
continue (3.8637453157 -22.8262560594)
continue (4.0000000000 -38.5993911029)
continue (4.1410596954 -38.2454340146)
continue (4.2870938501 -37.5405289510)
continue (4.4382778883 -36.8569126592)
continue (4.5947934200 -36.2001462882)
continue (4.7568284600 -35.5720437483)
continue (4.9245776534 -34.9729921624)
continue (5.0982425093 -34.4028396486)
continue (5.2780316431 -33.8612074646)
continue (5.4641610270 -33.3475958432)
continue (5.6568542495 -32.8614209092)
continue (5.8563427838 -32.4020300208)
continue (6.0628662660 -31.9687108934)
continue (6.2766727832 -31.5606991548)
continue (6.4980191709 -31.1771855782)
continue (6.7271713220 -30.8173232241)
continue (6.9644045064 -30.4802344482)
continue (7.2100037009 -30.1650176814)
continue (7.4642639323 -29.8707538966)
continue (7.7274906314 -29.5965126930)
continue (8.0000000000 -29.3413579410)
continue (8.2821193907 -29.1043529389)
continue (8.5741877003 -28.8845650490)
continue (8.8765557765 -28.6810698023)
continue (9.1895868400 -28.4929545048)
continue (9.5136569200 -28.3193214165)
continue (9.8491553068 -28.1592906073)
continue (10.1964850186 -28.0120026011)
continue (10.5560632862 -27.8766208922)
continue (10.9283220540 -27.7523343788)
continue (11.3137084990 -27.6383596965)
continue (11.7126855676 -27.5339433980)
continue (12.1257325321 -27.4383638994)
continue (12.5533455663 -27.3509331188)
continue (12.9960383417 -27.2709977615)
continue (13.4543426441 -27.1979402362)
continue (13.9288090127 -27.1311792226)
continue (14.4200074018 -27.0701699313)
continue (14.9285278646 -27.0144041064)
continue (15.4549812628 -26.9634098164)
continue (16.0000000000 -26.9167510698)
continue (16.5642387815 -26.8740272767)
continue (17.1483754006 -26.8348725661)
continue (17.7531115531 -26.7989549587)
continue (18.3791736800 -26.7659753939)
continue (19.0273138400 -26.7356666075)
continue (19.6983106135 -26.7077918620)
continue (20.3929700371 -26.6821435340)
continue (21.1121265724 -26.6585415676)
continue (21.8566441081 -26.6368318051)
continue (22.6274169980 -26.6168842067)
continue (23.4253711351 -26.5985909745)
continue (24.2514650642 -26.5818645926)
continue (25.1066911327 -26.5666358001)
continue (25.9920766834 -26.5528515101)
continue (26.9086852881 -26.5404726925)
continue (27.8576180255 -26.5294722376)
continue (28.8400148035 -26.5198328188)
continue (29.8570557292 -26.5115447777)
continue (30.9099625256 -26.5046040533)
continue (32.0000000000 -26.4990101856)
continue (33.1284775629 -26.4947644224)
continue (34.2967508012 -26.4918679646)
continue (35.5062231062 -26.4903203854)
continue (36.7583473599 -26.4901182595)
continue (38.0546276801 -26.4912540355)
continue (39.3966212270 -26.4937151754)
continue (40.7859400742 -26.4974835786)
continue (42.2242531447 -26.5025352920)
continue (43.7132882161 -26.5088404941)
continue (45.2548339959 -26.5163637298)
continue (46.8507422703 -26.5250643581)
continue (48.5029301283 -26.5348971692)
continue (50.2133822654 -26.5458131212)
continue (51.9841533668 -26.5577601504)
continue (53.8173705762 -26.5706840071)
continue (55.7152360510 -26.5845290796)
continue (57.6800296071 -26.5992391739)
continue (59.7141114584 -26.6147582260)
continue (61.8199250512 -26.6310309300)
continue (64.0000000000 -26.6480032743)
continue (66.2569551258 -26.6656229833)
continue (68.5935016023 -26.6838398662)
continue (71.0124462123 -26.7026060788)
continue (73.5166947198 -26.7218763063)
continue (76.1092553602 -26.7416078768)
continue (78.7932424541 -26.7617608144)
continue (81.5718801484 -26.7822978423)
continue (84.4485062895 -26.8031843456)
continue (87.4265764323 -26.8243883010)
continue (90.5096679919 -26.8458801828)
continue (93.7014845405 -26.8676328504)
continue (97.0058602567 -26.8896214236)
continue (100.4267645310 -26.9118231500)
continue (103.9683067340 -26.9342172693)
continue (107.6347411520 -26.9567848768)
continue (111.4304721020 -26.9795087880)
continue (115.3600592140 -27.0023734080)
continue (119.4282229170 -27.0253646049)
continue (123.6398501020 -27.0484695896)
continue (128.0000000000 -27.0716768023)
continue (132.5139102520 -27.0949758055)
continue (137.1870032050 -27.1183571847)
continue (142.0248924250 -27.1418124555)
continue (147.0333894400 -27.1653339779)
continue (152.2185107200 -27.1889148779)
continue (157.5864849080 -27.2125489743)
continue (163.1437602970 -27.2362307128)
continue (168.8970125790 -27.2599551051)
continue (174.8531528650 -27.2837176733)
continue (181.0193359840 -27.3075144002)
continue (187.4029690810 -27.3313416830)
continue (194.0117205130 -27.3551962922)
continue (200.8535290620 -27.3790753338)
continue (207.9366134670 -27.4029762154)
continue (215.2694823050 -27.4268966155)
continue (222.8609442040 -27.4508344563)
continue (230.7201184280 -27.4747878777)
continue (238.8564458330 -27.4987552158)
continue (247.2797002050 -27.5227349823)
continue (256.0000000000 -27.5467258460)
continue (265.0278205030 -27.5707266169)
continue (274.3740064090 -27.5947362314)
continue (284.0497848490 -27.6187537386)
continue (294.0667788790 -27.6427782891)
continue (304.4370214410 -27.6668091239)
continue (315.1729698160 -27.6908455653)
continue (326.2875205940 -27.7148870079)
continue (337.7940251580 -27.7389329111)
continue (349.7063057290 -27.7629827922)
continue (362.0386719680 -27.7870362205)
continue (374.8059381620 -27.8110928115)
continue (388.0234410270 -27.8351522221)
continue (401.7070581230 -27.8592141460)
continue (415.8732269340 -27.8832783101)
continue (430.5389646100 -27.9073444707)
continue (445.7218884080 -27.9314124104)
continue (461.4402368570 -27.9554819355)
continue (477.7128916670 -27.9795528730)
continue (494.5594004100 -28.0036250689)
continue (512.0000000000 -28.0276983856)
continue (530.0556410070 -28.0517727008)
continue (548.7480128190 -28.0758479051)
continue (568.0995696990 -28.0999239014)
continue (588.1335577580 -28.1240006028)
continue (608.8740428810 -28.1480779321)
continue (630.3459396330 -28.1721558204)
continue (652.5750411870 -28.1962342064)
continue (675.5880503160 -28.2203130354)
continue (699.4126114580 -28.2443922588)
continue (724.0773439350 -28.2684718331)
continue (749.6118763240 -28.2925517198)
continue (776.0468820530 -28.3166318844)
continue (803.4141162460 -28.3407122965)
continue (831.7464538690 -28.3647929286)
continue (861.0779292200 -28.3888737565)
continue (891.4437768150 -28.4129547587)
continue (922.8804737130 -28.4370359158)
continue (955.4257833340 -28.4611172108)
continue (989.1188008190 -28.4851986284)
continue (1024.0000000000 -28.5092801551)
continue (1060.1112820100 -28.5333617788)
continue (1097.4960256400 -28.5574434887)
continue (1136.1991394000 -28.5815252753)
continue (1176.2671155200 -28.6056071301)
continue (1217.7480857600 -28.6296890456)
continue (1260.6918792700 -28.6537710149)
continue (1305.1500823700 -28.6778530322)
continue (1351.1761006300 -28.7019350922)
continue (1398.8252229200 -28.7260171900)
continue (1448.1546878700 -28.7500993214)
continue (1499.2237526500 -28.7741814828)
continue (1552.0937641100 -28.7982636708)
continue (1606.8282324900 -28.8223458824)
continue (1663.4929077400 -28.8464281150)
continue (1722.1558584400 -28.8705103663)
continue (1782.8875536300 -28.8945926341)
continue (1845.7609474300 -28.9186749167)
continue (1910.8515666700 -28.9427572124)
continue (1978.2376016400 -28.9668395198)
continue (2048.0000000000 -28.9909218374)
continue (2120.2225640300 -29.0150041643)
continue (2194.9920512700 -29.0390864993)
continue (2272.3982787900 -29.0631688415)
continue (2352.5342310300 -29.0872511902)
continue (2435.4961715300 -29.1113335446)
continue (2521.3837585300 -29.1354159041)
continue (2610.3001647500 -29.1594982680)
continue (2702.3522012600 -29.1835806360)
continue (2797.6504458300 -29.2076630076)
continue (2896.3093757400 -29.2317453823)
continue (2998.4475053000 -29.2558277598)
continue (3104.1875282100 -29.2799101397)
continue (3213.6564649900 -29.3039925219)
continue (3326.9858154800 -29.3280749061)
continue (3444.3117168800 -29.3521572920)
continue (3565.7751072600 -29.3762396794)
continue (3691.5218948500 -29.4003220683)
continue (3821.7031333300 -29.4244044583)
continue (3956.4752032800 -29.4484868494)
continue (4096.0000000000 -29.4725692415)
continue (4136.9600000000 -50.0000000000)
continue (7354000.0000000000 -50.0000000000)
f(nu) = -20.9292187695 at 1.0000000000 Ryd
