# Haardt & Madau (2011)
# z = 7.912509
# E [Ryd] log (J_nu)
interpolate (0.0000000100 -50.0000000000)
continue (0.4950000000 -50.0000000000)
continue (0.5000000000 -19.6144963366)
continue (0.5176324619 -19.6140518975)
continue (0.5358867313 -19.6146134628)
continue (0.5547847360 -19.6111943675)
continue (0.5743491775 -19.6181046938)
continue (0.5946035575 -19.6208697614)
continue (0.6155722067 -19.6246051882)
continue (0.6372803137 -19.6298219143)
continue (0.6597539554 -19.6364449844)
continue (0.6830201284 -19.6449478954)
continue (0.7071067812 -19.6561522535)
continue (0.7320428480 -19.6731904277)
continue (0.7578582833 -19.7108612303)
continue (0.7845840979 -19.7395535270)
continue (0.8122523964 -19.7766876363)
continue (0.8408964153 -19.8254881901)
continue (0.8705505633 -19.8930576819)
continue (0.9012504626 -19.9861916149)
continue (0.9330329915 -20.1278614138)
continue (0.9659363289 -20.3840413620)
continue (1.0000000000 -22.2965601440)
continue (1.0352649238 -22.3426397224)
continue (1.0717734625 -22.3802310459)
continue (1.1095694721 -22.4113852140)
continue (1.1486983550 -22.4364702393)
continue (1.1892071150 -22.4560829959)
continue (1.2311444133 -22.4709612555)
continue (1.2745606273 -22.4818948799)
continue (1.3195079108 -22.4896523587)
continue (1.3660402568 -22.4949304423)
continue (1.4142135624 -22.4983270679)
continue (1.4640856959 -22.5003332104)
continue (1.5157165665 -22.5013377199)
continue (1.5691681958 -22.5016395750)
continue (1.6245047927 -22.5014632255)
continue (1.6817928305 -22.5009740798)
continue (1.7411011266 -22.5002923843)
continue (1.8025009252 -22.4976393858)
continue (1.8660659831 -22.4986725470)
continue (1.9318726579 -22.4978392231)
continue (2.0000000000 -22.4970340571)
continue (2.0705298477 -22.4962759283)
continue (2.1435469251 -22.4955758414)
continue (2.2191389441 -22.4949391910)
continue (2.2973967100 -22.4943678630)
continue (2.3784142300 -22.4938621662)
continue (2.4622888267 -22.4934224492)
continue (2.5491212546 -22.4930502063)
continue (2.6390158216 -22.4927485292)
continue (2.7320805135 -22.4925218696)
continue (2.8284271248 -22.4923752282)
continue (2.9281713919 -22.4923133108)
continue (3.0314331330 -22.4923608080)
continue (3.1383363916 -22.4925682568)
continue (3.2490095854 -22.4931859101)
continue (3.3635856610 -22.4950916747)
continue (3.4822022532 -22.5013824810)
continue (3.6050018504 -22.5197296986)
continue (3.7321319661 -22.5720741024)
continue (3.8637453157 -22.7308578727)
continue (4.0000000000 -57.6845539790)
continue (4.1410596954 -56.0320859226)
continue (4.2870938501 -54.2199161605)
continue (4.4382778883 -52.4898934607)
continue (4.5947934200 -50.8456281370)
continue (4.7568284600 -49.2872620485)
continue (4.9245776534 -47.8134852993)
continue (5.0982425093 -46.4223270348)
continue (5.2780316431 -45.1114585732)
continue (5.4641610270 -43.8783196939)
continue (5.6568542495 -42.7201833524)
continue (5.8563427838 -41.6341987294)
continue (6.0628662660 -40.6174257178)
continue (6.2766727832 -39.6668649589)
continue (6.4980191709 -38.7794847053)
continue (6.7271713220 -37.9522449762)
continue (6.9644045064 -37.1821192814)
continue (7.2100037009 -36.4661141443)
continue (7.4642639323 -35.8012866100)
continue (7.7274906314 -35.1847598432)
continue (8.0000000000 -34.6137368068)
continue (8.2821193907 -34.0855119135)
continue (8.5741877003 -33.5974804739)
continue (8.8765557765 -33.1471457580)
continue (9.1895868400 -32.7321235295)
continue (9.5136569200 -32.3501440005)
continue (9.8491553068 -31.9990512655)
continue (10.1964850186 -31.6768004029)
continue (10.5560632862 -31.3814525783)
continue (10.9283220540 -31.1111686440)
continue (11.3137084990 -30.8642018828)
continue (11.7126855676 -30.6388906551)
continue (12.1257325321 -30.4336517294)
continue (12.5533455663 -30.2469749617)
continue (12.9960383417 -30.0774197542)
continue (13.4543426441 -29.9236133908)
continue (13.9288090127 -29.7842510182)
continue (14.4200074018 -29.6580967839)
continue (14.9285278646 -29.5439855186)
continue (15.4549812628 -29.4408243717)
continue (16.0000000000 -29.3475939337)
continue (16.5642387815 -29.2633485633)
continue (17.1483754006 -29.1872158177)
continue (17.7531115531 -29.1183950315)
continue (18.3791736800 -29.0561551789)
continue (19.0273138400 -28.9998321939)
continue (19.6983106135 -28.9488259252)
continue (20.3929700371 -28.9025968718)
continue (21.1121265724 -28.8606628103)
continue (21.8566441081 -28.8225953873)
continue (22.6274169980 -28.7880167126)
continue (23.4253711351 -28.7565959711)
continue (24.2514650642 -28.7280460497)
continue (25.1066911327 -28.7021201723)
continue (25.9920766834 -28.6786085310)
continue (26.9086852881 -28.6573349057)
continue (27.8576180255 -28.6381532669)
continue (28.8400148035 -28.6209443627)
continue (29.8570557292 -28.6056122986)
continue (30.9099625256 -28.5920811267)
continue (32.0000000000 -28.5802914694)
continue (33.1284775629 -28.5701972152)
continue (34.2967508012 -28.5617623295)
continue (35.5062231062 -28.5549578376)
continue (36.7583473599 -28.5497590356)
continue (38.0546276801 -28.5461429918)
continue (39.3966212270 -28.5440863908)
continue (40.7859400742 -28.5435637653)
continue (42.2242531447 -28.5445461430)
continue (43.7132882161 -28.5470001146)
continue (45.2548339959 -28.5508873105)
continue (46.8507422703 -28.5561642524)
continue (48.5029301283 -28.5627825299)
continue (50.2133822654 -28.5706892412)
continue (51.9841533668 -28.5798276323)
continue (53.8173705762 -28.5901378678)
continue (55.7152360510 -28.6015578716)
continue (57.6800296071 -28.6140241847)
continue (59.7141114584 -28.6274727963)
continue (61.8199250512 -28.6418399142)
continue (64.0000000000 -28.6570626532)
continue (66.2569551258 -28.6730796277)
continue (68.5935016023 -28.6898314414)
continue (71.0124462123 -28.7072610776)
continue (73.5166947198 -28.7253141920)
continue (76.1092553602 -28.7439393180)
continue (78.7932424541 -28.7630879937)
continue (81.5718801484 -28.7827148218)
continue (84.4485062895 -28.8027774724)
continue (87.4265764323 -28.8232366403)
continue (90.5096679919 -28.8440559655)
continue (93.7014845405 -28.8652019257)
continue (97.0058602567 -28.8866437085)
continue (100.4267645310 -28.9083530696)
continue (103.9683067340 -28.9303041822)
continue (107.6347411520 -28.9524734826)
continue (111.4304721020 -28.9748395149)
continue (115.3600592140 -28.9973827771)
continue (119.4282229170 -29.0200855728)
continue (123.6398501020 -29.0429318670)
continue (128.0000000000 -29.0659071498)
continue (132.5139102520 -29.0889983069)
continue (137.1870032050 -29.1121934986)
continue (142.0248924250 -29.1354820463)
continue (147.0333894400 -29.1588543274)
continue (152.2185107200 -29.1823016782)
continue (157.5864849080 -29.2058163035)
continue (163.1437602970 -29.2293911951)
continue (168.8970125790 -29.2530200559)
continue (174.8531528650 -29.2766972308)
continue (181.0193359840 -29.3004176444)
continue (187.4029690810 -29.3241767433)
continue (194.0117205130 -29.3479704445)
continue (200.8535290620 -29.3717950881)
continue (207.9366134670 -29.3956473950)
continue (215.2694823050 -29.4195244280)
continue (222.8609442040 -29.4434235572)
continue (230.7201184280 -29.4673424285)
continue (238.8564458330 -29.4912789353)
continue (247.2797002050 -29.5152311929)
continue (256.0000000000 -29.5391975157)
continue (265.0278205030 -29.5631763963)
continue (274.3740064090 -29.5871664874)
continue (284.0497848490 -29.6111665843)
continue (294.0667788790 -29.6351756109)
continue (304.4370214410 -29.6591926055)
continue (315.1729698160 -29.6832167089)
continue (326.2875205940 -29.7072471541)
continue (337.7940251580 -29.7312832558)
continue (349.7063057290 -29.7553244023)
continue (362.0386719680 -29.7793700474)
continue (374.8059381620 -29.8034197038)
continue (388.0234410270 -29.8274729363)
continue (401.7070581230 -29.8515293567)
continue (415.8732269340 -29.8755886188)
continue (430.5389646100 -29.8996504134)
continue (445.7218884080 -29.9237144650)
continue (461.4402368570 -29.9477805277)
continue (477.7128916670 -29.9718483823)
continue (494.5594004100 -29.9959178333)
continue (512.0000000000 -30.0199887064)
continue (530.0556410070 -30.0440608463)
continue (548.7480128190 -30.0681341144)
continue (568.0995696990 -30.0922083873)
continue (588.1335577580 -30.1162835550)
continue (608.8740428810 -30.1403595193)
continue (630.3459396330 -30.1644361931)
continue (652.5750411870 -30.1885134984)
continue (675.5880503160 -30.2125913659)
continue (699.4126114580 -30.2366697338)
continue (724.0773439350 -30.2607485472)
continue (749.6118763240 -30.2848277570)
continue (776.0468820530 -30.3089073196)
continue (803.4141162460 -30.3329871961)
continue (831.7464538690 -30.3570673520)
continue (861.0779292200 -30.3811477564)
continue (891.4437768150 -30.4052283819)
continue (922.8804737130 -30.4293092042)
continue (955.4257833340 -30.4533902014)
continue (989.1188008190 -30.4774713543)
continue (1024.0000000000 -30.5015526456)
continue (1060.1112820100 -30.5256340600)
continue (1097.4960256400 -30.5497155840)
continue (1136.1991394000 -30.5737972053)
continue (1176.2671155200 -30.5978789132)
continue (1217.7480857600 -30.6219606980)
continue (1260.6918792700 -30.6460425514)
continue (1305.1500823700 -30.6701244655)
continue (1351.1761006300 -30.6942064338)
continue (1398.8252229200 -30.7182884501)
continue (1448.1546878700 -30.7423705092)
continue (1499.2237526500 -30.7664526063)
continue (1552.0937641100 -30.7905347372)
continue (1606.8282324900 -30.8146168981)
continue (1663.4929077400 -30.8386990856)
continue (1722.1558584400 -30.8627812968)
continue (1782.8875536300 -30.8868635291)
continue (1845.7609474300 -30.9109457801)
continue (1910.8515666700 -30.9350280478)
continue (1978.2376016400 -30.9591103302)
continue (2048.0000000000 -30.9831926257)
continue (2120.2225640300 -31.0072749329)
continue (2194.9920512700 -31.0313572504)
continue (2272.3982787900 -31.0554395772)
continue (2352.5342310300 -31.0795219121)
continue (2435.4961715300 -31.1036042542)
continue (2521.3837585300 -31.1276866029)
continue (2610.3001647500 -31.1517689572)
continue (2702.3522012600 -31.1758513166)
continue (2797.6504458300 -31.1999336806)
continue (2896.3093757400 -31.2240160485)
continue (2998.4475053000 -31.2480984200)
continue (3104.1875282100 -31.2721807947)
continue (3213.6564649900 -31.2962631722)
continue (3326.9858154800 -31.3203455522)
continue (3444.3117168800 -31.3444279343)
continue (3565.7751072600 -31.3685103185)
continue (3691.5218948500 -31.3925927044)
continue (3821.7031333300 -31.4166750918)
continue (3956.4752032800 -31.4407574806)
continue (4096.0000000000 -31.4648398707)
continue (4136.9600000000 -50.0000000000)
continue (7354000.0000000000 -50.0000000000)
f(nu) = -21.1973502800 at 1.0000000000 Ryd
