# Haardt & Madau (2011)
# z = 0.778279
# E [Ryd] log (J_nu)
interpolate (0.0000000100 -50.0000000000)
continue (0.4950000000 -50.0000000000)
continue (0.5000000000 -20.5506092406)
continue (0.5176324619 -20.5745131823)
continue (0.5358867313 -20.5966846920)
continue (0.5547847360 -20.6200483559)
continue (0.5743491775 -20.6448552935)
continue (0.5946035575 -20.6713038430)
continue (0.6155722067 -20.6995822216)
continue (0.6372803137 -20.7299177889)
continue (0.6597539554 -20.7627453538)
continue (0.6830201284 -20.7984789517)
continue (0.7071067812 -20.8370046817)
continue (0.7320428480 -20.8858108909)
continue (0.7578582833 -20.9437576208)
continue (0.7845840979 -20.9979242293)
continue (0.8122523964 -21.0596841326)
continue (0.8408964153 -21.1315070703)
continue (0.8705505633 -21.2173291230)
continue (0.9012504626 -21.3243761714)
continue (0.9330329915 -21.4662652715)
continue (0.9659363289 -21.6758212904)
continue (1.0000000000 -22.1504861751)
continue (1.0352649238 -22.1756030823)
continue (1.0717734625 -22.1965879499)
continue (1.1095694721 -22.2150976230)
continue (1.1486983550 -22.2316088341)
continue (1.1892071150 -22.2465341350)
continue (1.2311444133 -22.2602198563)
continue (1.2745606273 -22.2729501072)
continue (1.3195079108 -22.2849683263)
continue (1.3660402568 -22.2964435889)
continue (1.4142135624 -22.3074123289)
continue (1.4640856959 -22.3182649769)
continue (1.5157165665 -22.3291103762)
continue (1.5691681958 -22.3399619853)
continue (1.6245047927 -22.3510379558)
continue (1.6817928305 -22.3625075833)
continue (1.7411011266 -22.3745496616)
continue (1.8025009252 -22.3866369661)
continue (1.8660659831 -22.4012504717)
continue (1.9318726579 -22.4164606789)
continue (2.0000000000 -22.4330206930)
continue (2.0705298477 -22.4508567861)
continue (2.1435469251 -22.4700186212)
continue (2.2191389441 -22.4899718170)
continue (2.2973967100 -22.5115539394)
continue (2.3784142300 -22.5351616460)
continue (2.4622888267 -22.5609369742)
continue (2.5491212546 -22.5890634830)
continue (2.6390158216 -22.6203850724)
continue (2.7320805135 -22.6558547441)
continue (2.8284271248 -22.6922051491)
continue (2.9281713919 -22.7312156541)
continue (3.0314331330 -22.8568807302)
continue (3.1383363916 -22.9106837593)
continue (3.2490095854 -22.9707151358)
continue (3.3635856610 -23.0384515093)
continue (3.4822022532 -23.1160867210)
continue (3.6050018504 -23.2096490035)
continue (3.7321319661 -23.3258879126)
continue (3.8637453157 -23.4698011114)
continue (4.0000000000 -23.6800323440)
continue (4.1410596954 -23.7663342334)
continue (4.2870938501 -23.8032444896)
continue (4.4382778883 -23.8216564233)
continue (4.5947934200 -23.8339828819)
continue (4.7568284600 -23.8445337084)
continue (4.9245776534 -23.8546619388)
continue (5.0982425093 -23.8647556340)
continue (5.2780316431 -23.8749050644)
continue (5.4641610270 -23.8851103445)
continue (5.6568542495 -23.8953429064)
continue (5.8563427838 -23.9055631486)
continue (6.0628662660 -23.9157256469)
continue (6.2766727832 -23.9257811053)
continue (6.4980191709 -23.9356776699)
continue (6.7271713220 -23.9453623881)
continue (6.9644045064 -23.9547830775)
continue (7.2100037009 -23.9638906756)
continue (7.4642639323 -23.9726420154)
continue (7.7274906314 -23.9810028603)
continue (8.0000000000 -23.9889509409)
continue (8.2821193907 -23.9964786848)
continue (8.5741877003 -24.0035953258)
continue (8.8765557765 -24.0103281298)
continue (9.1895868400 -24.0167225591)
continue (9.5136569200 -24.0228413148)
continue (9.8491553068 -24.0287623155)
continue (10.1964850186 -24.0345757789)
continue (10.5560632862 -24.0403806557)
continue (10.9283220540 -24.0462807110)
continue (11.3137084990 -24.0523805553)
continue (11.7126855676 -24.0587819049)
continue (12.1257325321 -24.0655802953)
continue (12.5533455663 -24.0728624062)
continue (12.9960383417 -24.0807040832)
continue (13.4543426441 -24.0891690707)
continue (13.9288090127 -24.0983084168)
continue (14.4200074018 -24.1081604664)
continue (14.9285278646 -24.1187513356)
continue (15.4549812628 -24.1300957516)
continue (16.0000000000 -24.1421981444)
continue (16.5642387815 -24.1550538892)
continue (17.1483754006 -24.1686506164)
continue (17.7531115531 -24.1829695208)
continue (18.3791736800 -24.1979866228)
continue (19.0273138400 -24.2136739451)
continue (19.6983106135 -24.2300005829)
continue (20.3929700371 -24.2469336528)
continue (21.1121265724 -24.2644391148)
continue (21.8566441081 -24.2824824659)
continue (22.6274169980 -24.3010293109)
continue (23.4253711351 -24.3200458174)
continue (24.2514650642 -24.3394990678)
continue (25.1066911327 -24.3593573214)
continue (25.9920766834 -24.3795901996)
continue (26.9086852881 -24.4001688086)
continue (27.8576180255 -24.4210658125)
continue (28.8400148035 -24.4422554663)
continue (29.8570557292 -24.4637136194)
continue (30.9099625256 -24.4854176959)
continue (32.0000000000 -24.5073466587)
continue (33.1284775629 -24.5294809603)
continue (34.2967508012 -24.5518024861)
continue (35.5062231062 -24.5742944897)
continue (36.7583473599 -24.5969415264)
continue (38.0546276801 -24.6197293817)
continue (39.3966212270 -24.6426450009)
continue (40.7859400742 -24.6656764167)
continue (42.2242531447 -24.6888126791)
continue (43.7132882161 -24.7120437851)
continue (45.2548339959 -24.7353606121)
continue (46.8507422703 -24.7587548519)
continue (48.5029301283 -24.7822189491)
continue (50.2133822654 -24.8057460413)
continue (51.9841533668 -24.8293299031)
continue (53.8173705762 -24.8529648932)
continue (55.7152360510 -24.8766459049)
continue (57.6800296071 -24.9003683197)
continue (59.7141114584 -24.9241279642)
continue (61.8199250512 -24.9479210705)
continue (64.0000000000 -24.9717442393)
continue (66.2569551258 -24.9955944058)
continue (68.5935016023 -25.0194688084)
continue (71.0124462123 -25.0433649608)
continue (73.5166947198 -25.0672806251)
continue (76.1092553602 -25.0912137883)
continue (78.7932424541 -25.1151626406)
continue (81.5718801484 -25.1391255554)
continue (84.4485062895 -25.1631010717)
continue (87.4265764323 -25.1870878773)
continue (90.5096679919 -25.2110847944)
continue (93.7014845405 -25.2350907660)
continue (97.0058602567 -25.2591048439)
continue (100.4267645310 -25.2831261777)
continue (103.9683067340 -25.3071540050)
continue (107.6347411520 -25.3311876424)
continue (111.4304721020 -25.3552264774)
continue (115.3600592140 -25.3792699615)
continue (119.4282229170 -25.4033176031)
continue (123.6398501020 -25.4273689621)
continue (128.0000000000 -25.4514236445)
continue (132.5139102520 -25.4754812976)
continue (137.1870032050 -25.4995416057)
continue (142.0248924250 -25.5236042864)
continue (147.0333894400 -25.5476690868)
continue (152.2185107200 -25.5717357810)
continue (157.5864849080 -25.5958041667)
continue (163.1437602970 -25.6198740632)
continue (168.8970125790 -25.6439453088)
continue (174.8531528650 -25.6680177590)
continue (181.0193359840 -25.6920912847)
continue (187.4029690810 -25.7161657704)
continue (194.0117205130 -25.7402411130)
continue (200.8535290620 -25.7643172204)
continue (207.9366134670 -25.7883940102)
continue (215.2694823050 -25.8124714090)
continue (222.8609442040 -25.8365493509)
continue (230.7201184280 -25.8606277775)
continue (238.8564458330 -25.8847066364)
continue (247.2797002050 -25.9087858808)
continue (256.0000000000 -25.9328654689)
continue (265.0278205030 -25.9569453637)
continue (274.3740064090 -25.9810255318)
continue (284.0497848490 -26.0051059436)
continue (294.0667788790 -26.0291865725)
continue (304.4370214410 -26.0532673952)
continue (315.1729698160 -26.0773483903)
continue (326.2875205940 -26.1014295393)
continue (337.7940251580 -26.1255108253)
continue (349.7063057290 -26.1495922334)
continue (362.0386719680 -26.1736737503)
continue (374.8059381620 -26.1977553641)
continue (388.0234410270 -26.2218370643)
continue (401.7070581230 -26.2459188413)
continue (415.8732269340 -26.2700006868)
continue (430.5389646100 -26.2940825933)
continue (445.7218884080 -26.3181645541)
continue (461.4402368570 -26.3422465632)
continue (477.7128916670 -26.3663286154)
continue (494.5594004100 -26.3904107059)
continue (512.0000000000 -26.4144928306)
continue (530.0556410070 -26.4385749856)
continue (548.7480128190 -26.4626571676)
continue (568.0995696990 -26.4867393737)
continue (588.1335577580 -26.5108216012)
continue (608.8740428810 -26.5349038478)
continue (630.3459396330 -26.5589861113)
continue (652.5750411870 -26.5830683899)
continue (675.5880503160 -26.6071506819)
continue (699.4126114580 -26.6312329858)
continue (724.0773439350 -26.6553153004)
continue (749.6118763240 -26.6793976244)
continue (776.0468820530 -26.7034799568)
continue (803.4141162460 -26.7275622966)
continue (831.7464538690 -26.7516446431)
continue (861.0779292200 -26.7757269956)
continue (891.4437768150 -26.7998093532)
continue (922.8804737130 -26.8238917156)
continue (955.4257833340 -26.8479740821)
continue (989.1188008190 -26.8720564523)
continue (1024.0000000000 -26.8961388258)
continue (1060.1112820100 -26.9202212021)
continue (1097.4960256400 -26.9443035811)
continue (1136.1991394000 -26.9683859624)
continue (1176.2671155200 -26.9924683458)
continue (1217.7480857600 -27.0165507309)
continue (1260.6918792700 -27.0406331177)
continue (1305.1500823700 -27.0647155059)
continue (1351.1761006300 -27.0887978954)
continue (1398.8252229200 -27.1128802861)
continue (1448.1546878700 -27.1369626777)
continue (1499.2237526500 -27.1610450702)
continue (1552.0937641100 -27.1851274636)
continue (1606.8282324900 -27.2092098576)
continue (1663.4929077400 -27.2332922523)
continue (1722.1558584400 -27.2573746475)
continue (1782.8875536300 -27.2814570432)
continue (1845.7609474300 -27.3055394394)
continue (1910.8515666700 -27.3296218359)
continue (1978.2376016400 -27.3537042329)
continue (2048.0000000000 -27.3777866301)
continue (2120.2225640300 -27.4018690275)
continue (2194.9920512700 -27.4259514253)
continue (2272.3982787900 -27.4500338232)
continue (2352.5342310300 -27.4741162214)
continue (2435.4961715300 -27.4981986197)
continue (2521.3837585300 -27.5222810181)
continue (2610.3001647500 -27.5463634167)
continue (2702.3522012600 -27.5704458154)
continue (2797.6504458300 -27.5945282142)
continue (2896.3093757400 -27.6186106132)
continue (2998.4475053000 -27.6426930122)
continue (3104.1875282100 -27.6667754112)
continue (3213.6564649900 -27.6908578104)
continue (3326.9858154800 -27.7149402096)
continue (3444.3117168800 -27.7390226088)
continue (3565.7751072600 -27.7631050081)
continue (3691.5218948500 -27.7871874074)
continue (3821.7031333300 -27.8112698068)
continue (3956.4752032800 -27.8353522062)
continue (4096.0000000000 -27.8594346056)
continue (4136.9600000000 -50.0000000000)
continue (7354000.0000000000 -50.0000000000)
f(nu) = -21.0512763111 at 1.0000000000 Ryd
