# Haardt & Madau (2011)
# z = 9.000000
# E [Ryd] log (J_nu)
interpolate (0.0000000100 -50.0000000000)
continue (0.4950000000 -50.0000000000)
continue (0.5000000000 -19.7596438471)
continue (0.5176324619 -19.7592453024)
continue (0.5358867313 -19.7587417505)
continue (0.5547847360 -19.7581169900)
continue (0.5743491775 -19.7573494875)
continue (0.5946035575 -19.7570971324)
continue (0.6155722067 -19.3720086953)
continue (0.6372803137 -19.7640194169)
continue (0.6597539554 -19.7689045829)
continue (0.6830201284 -19.7753153323)
continue (0.7071067812 -19.7861209768)
continue (0.7320428480 -19.7987876237)
continue (0.7578582833 -19.8355104162)
continue (0.7845840979 -19.8620214064)
continue (0.8122523964 -19.8970373956)
continue (0.8408964153 -19.9439843976)
continue (0.8705505633 -20.0085643968)
continue (0.9012504626 -20.1014392345)
continue (0.9330329915 -20.2466262052)
continue (0.9659363289 -20.5712613584)
continue (1.0000000000 -22.5225613175)
continue (1.0352649238 -22.5744044501)
continue (1.0717734625 -22.6101446079)
continue (1.1095694721 -22.6395800677)
continue (1.1486983550 -22.6630725711)
continue (1.1892071150 -22.6812080140)
continue (1.2311444133 -22.6947104769)
continue (1.2745606273 -22.7043554707)
continue (1.3195079108 -22.7108980667)
continue (1.3660402568 -22.7150234494)
continue (1.4142135624 -22.7173201451)
continue (1.4640856959 -22.7182717504)
continue (1.5157165665 -22.7182614241)
continue (1.5691681958 -22.7175837380)
continue (1.6245047927 -22.7164596554)
continue (1.6817928305 -22.7150517378)
continue (1.7411011266 -22.7134778344)
continue (1.8025009252 -22.7030488281)
continue (1.8660659831 -22.7101452672)
continue (1.9318726579 -22.7084880060)
continue (2.0000000000 -22.7068785176)
continue (2.0705298477 -22.7053342803)
continue (2.1435469251 -22.7038648836)
continue (2.2191389441 -22.7024742192)
continue (2.2973967100 -22.7011625374)
continue (2.3784142300 -22.6999283777)
continue (2.4622888267 -22.6987702350)
continue (2.5491212546 -22.6976877576)
continue (2.6390158216 -22.6966823124)
continue (2.7320805135 -22.6957568670)
continue (2.8284271248 -22.6949153061)
continue (2.9281713919 -22.6941614415)
continue (3.0314331330 -22.6934999463)
continue (3.1383363916 -22.6929429992)
continue (3.2490095854 -22.6925668366)
continue (3.3635856610 -22.6927839877)
continue (3.4822022532 -22.6954548229)
continue (3.6050018504 -22.7077608929)
continue (3.7321319661 -22.7554243685)
continue (3.8637453157 -23.0274788159)
continue (4.0000000000 -64.4326758663)
continue (4.1410596954 -63.3458264006)
continue (4.2870938501 -61.0961140854)
continue (4.4382778883 -58.9562698978)
continue (4.5947934200 -56.9283944897)
continue (4.7568284600 -55.0113128668)
continue (4.9245776534 -53.2024746134)
continue (5.0982425093 -51.4987030721)
continue (5.2780316431 -49.8964880177)
continue (5.4641610270 -48.3921120143)
continue (5.6568542495 -46.9817180742)
continue (5.8563427838 -45.6613560283)
continue (6.0628662660 -44.4270200294)
continue (6.2766727832 -43.2746812152)
continue (6.4980191709 -42.2003169023)
continue (6.7271713220 -41.1999368903)
continue (6.9644045064 -40.2696072024)
continue (7.2100037009 -39.4054714417)
continue (7.4642639323 -38.6037698037)
continue (7.7274906314 -37.8608556370)
continue (8.0000000000 -37.1732093433)
continue (8.2821193907 -36.5374493782)
continue (8.5741877003 -35.9503401730)
continue (8.8765557765 -35.4087969291)
continue (9.1895868400 -34.9098874000)
continue (9.5136569200 -34.4508309284)
continue (9.8491553068 -34.0289951099)
continue (10.1964850186 -33.6418904934)
continue (10.5560632862 -33.2871637280)
continue (10.9283220540 -32.9625895444)
continue (11.3137084990 -32.6660619768)
continue (11.7126855676 -32.3955852928)
continue (12.1257325321 -32.1492651889)
continue (12.5533455663 -31.9253008802)
continue (12.9960383417 -31.7219786829)
continue (13.4543426441 -31.5376675309)
continue (13.9288090127 -31.3708165757)
continue (14.4200074018 -31.2199546801)
continue (14.9285278646 -31.0836913101)
continue (15.4549812628 -30.9607181501)
continue (16.0000000000 -30.8498107476)
continue (16.5642387815 -30.7498296132)
continue (17.1483754006 -30.6597204057)
continue (17.7531115531 -30.5785130522)
continue (18.3791736800 -30.5053198417)
continue (19.0273138400 -30.4393326523)
continue (19.6983106135 -30.3798195280)
continue (20.3929700371 -30.3261208279)
continue (21.1121265724 -30.2776451339)
continue (21.8566441081 -30.2338650595)
continue (22.6274169980 -30.1943130488)
continue (23.4253711351 -30.1585772140)
continue (24.2514650642 -30.1262972305)
continue (25.1066911327 -30.0971602858)
continue (25.9920766834 -30.0708970722)
continue (26.9086852881 -30.0472778121)
continue (27.8576180255 -30.0261083066)
continue (28.8400148035 -30.0072260070)
continue (29.8570557292 -29.9904961167)
continue (30.9099625256 -29.9758077425)
continue (32.0000000000 -29.9630701213)
continue (33.1284775629 -29.9522089630)
continue (34.2967508012 -29.9431629530)
continue (35.5062231062 -29.9358804700)
continue (36.7583473599 -29.9303165724)
continue (38.0546276801 -29.9264303086)
continue (39.3966212270 -29.9241823985)
continue (40.7859400742 -29.9235333210)
continue (42.2242531447 -29.9244418268)
continue (43.7132882161 -29.9268638785)
continue (45.2548339959 -29.9307519988)
continue (46.8507422703 -29.9360549914)
continue (48.5029301283 -29.9427179840)
continue (50.2133822654 -29.9506827352)
continue (51.9841533668 -29.9598881401)
continue (53.8173705762 -29.9702708718)
continue (55.7152360510 -29.9817660998)
continue (57.6800296071 -29.9943082335)
continue (59.7141114584 -30.0078316497)
continue (61.8199250512 -30.0222713715)
continue (64.0000000000 -30.0375636751)
continue (66.2569551258 -30.0536466133)
continue (68.5935016023 -30.0704604468)
continue (71.0124462123 -30.0879479850)
continue (73.5166947198 -30.1060548381)
continue (76.1092553602 -30.1247295900)
continue (78.7932424541 -30.1439238986)
continue (81.5718801484 -30.1635925347)
continue (84.4485062895 -30.1836933684)
continue (87.4265764323 -30.2041873135)
continue (90.5096679919 -30.2250382386)
continue (93.7014845405 -30.2462128519)
continue (97.0058602567 -30.2676805683)
continue (100.4267645310 -30.2894133640)
continue (103.9683067340 -30.3113856228)
continue (107.6347411520 -30.3335739807)
continue (111.4304721020 -30.3559571685)
continue (115.3600592140 -30.3785158590)
continue (119.4282229170 -30.4012325171)
continue (123.6398501020 -30.4240912568)
continue (128.0000000000 -30.4470777049)
continue (132.5139102520 -30.4701788724)
continue (137.1870032050 -30.4933830337)
continue (142.0248924250 -30.5166796143)
continue (147.0333894400 -30.5400590860)
continue (152.2185107200 -30.5635128702)
continue (157.5864849080 -30.5870332496)
continue (163.1437602970 -30.6106132855)
continue (168.8970125790 -30.6342467440)
continue (174.8531528650 -30.6579280269)
continue (181.0193359840 -30.6816521097)
continue (187.4029690810 -30.7054144851)
continue (194.0117205130 -30.7292111114)
continue (200.8535290620 -30.7530383658)
continue (207.9366134670 -30.7768930025)
continue (215.2694823050 -30.8007721140)
continue (222.8609442040 -30.8246730973)
continue (230.7201184280 -30.8485936222)
continue (238.8564458330 -30.8725316034)
continue (247.2797002050 -30.8964851756)
continue (256.0000000000 -30.9204526703)
continue (265.0278205030 -30.9444325954)
continue (274.3740064090 -30.9684236172)
continue (284.0497848490 -30.9924245436)
continue (294.0667788790 -31.0164343091)
continue (304.4370214410 -31.0404519620)
continue (315.1729698160 -31.0644766518)
continue (326.2875205940 -31.0885076192)
continue (337.7940251580 -31.1125441860)
continue (349.7063057290 -31.1365857466)
continue (362.0386719680 -31.1606317605)
continue (374.8059381620 -31.1846817452)
continue (388.0234410270 -31.2087352699)
continue (401.7070581230 -31.2327919505)
continue (415.8732269340 -31.2568514441)
continue (430.5389646100 -31.2809134448)
continue (445.7218884080 -31.3049776797)
continue (461.4402368570 -31.3290439056)
continue (477.7128916670 -31.3531119054)
continue (494.5594004100 -31.3771814855)
continue (512.0000000000 -31.4012524736)
continue (530.0556410070 -31.4253247156)
continue (548.7480128190 -31.4493980746)
continue (568.0995696990 -31.4734724284)
continue (588.1335577580 -31.4975476680)
continue (608.8740428810 -31.5216236963)
continue (630.3459396330 -31.5457004269)
continue (652.5750411870 -31.5697777828)
continue (675.5880503160 -31.5938556953)
continue (699.4126114580 -31.6179341032)
continue (724.0773439350 -31.6420129521)
continue (749.6118763240 -31.6660921934)
continue (776.0468820530 -31.6901717841)
continue (803.4141162460 -31.7142516856)
continue (831.7464538690 -31.7383318636)
continue (861.0779292200 -31.7624122878)
continue (891.4437768150 -31.7864929308)
continue (922.8804737130 -31.8105737686)
continue (955.4257833340 -31.8346547797)
continue (989.1188008190 -31.8587359449)
continue (1024.0000000000 -31.8828172471)
continue (1060.1112820100 -31.9068986713)
continue (1097.4960256400 -31.9309802038)
continue (1136.1991394000 -31.9550618328)
continue (1176.2671155200 -31.9791435475)
continue (1217.7480857600 -32.0032253384)
continue (1260.6918792700 -32.0273071971)
continue (1305.1500823700 -32.0513891161)
continue (1351.1761006300 -32.0754710886)
continue (1398.8252229200 -32.0995531087)
continue (1448.1546878700 -32.1236351711)
continue (1499.2237526500 -32.1477172712)
continue (1552.0937641100 -32.1717994046)
continue (1606.8282324900 -32.1958815679)
continue (1663.4929077400 -32.2199637575)
continue (1722.1558584400 -32.2440459705)
continue (1782.8875536300 -32.2681282045)
continue (1845.7609474300 -32.2922104569)
continue (1910.8515666700 -32.3162927259)
continue (1978.2376016400 -32.3403750094)
continue (2048.0000000000 -32.3644573060)
continue (2120.2225640300 -32.3885396140)
continue (2194.9920512700 -32.4126219324)
continue (2272.3982787900 -32.4367042598)
continue (2352.5342310300 -32.4607865954)
continue (2435.4961715300 -32.4848689381)
continue (2521.3837585300 -32.5089512872)
continue (2610.3001647500 -32.5330336420)
continue (2702.3522012600 -32.5571160018)
continue (2797.6504458300 -32.5811983661)
continue (2896.3093757400 -32.6052807344)
continue (2998.4475053000 -32.6293631062)
continue (3104.1875282100 -32.6534454811)
continue (3213.6564649900 -32.6775278588)
continue (3326.9858154800 -32.7016102389)
continue (3444.3117168800 -32.7256926213)
continue (3565.7751072600 -32.7497750056)
continue (3691.5218948500 -32.7738573916)
continue (3821.7031333300 -32.7979397792)
continue (3956.4752032800 -32.8220221681)
continue (4096.0000000000 -32.8461045582)
continue (4136.9600000000 -50.0000000000)
continue (7354000.0000000000 -50.0000000000)
f(nu) = -21.4233514535 at 1.0000000000 Ryd
