# Haardt & Madau (2011)
# z = 0.995262
# E [Ryd] log (J_nu)
interpolate (0.0000000100 -50.0000000000)
continue (0.4950000000 -50.0000000000)
continue (0.5000000000 -20.4069628256)
continue (0.5176324619 -20.4301754237)
continue (0.5358867313 -20.4519137076)
continue (0.5547847360 -20.4748543294)
continue (0.5743491775 -20.4993061996)
continue (0.5946035575 -20.5254224734)
continue (0.6155722067 -20.5531759655)
continue (0.6372803137 -20.5829448148)
continue (0.6597539554 -20.6150911192)
continue (0.6830201284 -20.6501053704)
continue (0.7071067812 -20.6881740035)
continue (0.7320428480 -20.7365401725)
continue (0.7578582833 -20.7958478394)
continue (0.7845840979 -20.8498187054)
continue (0.8122523964 -20.9113913374)
continue (0.8408964153 -20.9830882028)
continue (0.8705505633 -21.0688831932)
continue (0.9012504626 -21.1755995914)
continue (0.9330329915 -21.3168244448)
continue (0.9659363289 -21.5264632937)
continue (1.0000000000 -21.9990526310)
continue (1.0352649238 -22.0331124192)
continue (1.0717734625 -22.0555112205)
continue (1.1095694721 -22.0753209583)
continue (1.1486983550 -22.0930345063)
continue (1.1892071150 -22.1090840015)
continue (1.2311444133 -22.1238333150)
continue (1.2745606273 -22.1375750812)
continue (1.3195079108 -22.1505361986)
continue (1.3660402568 -22.1628879847)
continue (1.4142135624 -22.1746710516)
continue (1.4640856959 -22.1861608776)
continue (1.5157165665 -22.1974175348)
continue (1.5691681958 -22.2084291366)
continue (1.6245047927 -22.2193311022)
continue (1.6817928305 -22.2302338351)
continue (1.7411011266 -22.2412708484)
continue (1.8025009252 -22.2474284580)
continue (1.8660659831 -22.2644061282)
continue (1.9318726579 -22.2768912780)
continue (2.0000000000 -22.2902164010)
continue (2.0705298477 -22.3049500287)
continue (2.1435469251 -22.3214391976)
continue (2.2191389441 -22.3390997688)
continue (2.2973967100 -22.3585872227)
continue (2.3784142300 -22.3800478219)
continue (2.4622888267 -22.4022007364)
continue (2.5491212546 -22.4261665753)
continue (2.6390158216 -22.4526681226)
continue (2.7320805135 -22.4826928999)
continue (2.8284271248 -22.5152067524)
continue (2.9281713919 -22.5505114921)
continue (3.0314331330 -22.6850942694)
continue (3.1383363916 -22.7367423363)
continue (3.2490095854 -22.7942422047)
continue (3.3635856610 -22.8591265806)
continue (3.4822022532 -22.9338139240)
continue (3.6050018504 -23.0217039541)
continue (3.7321319661 -23.1284303342)
continue (3.8637453157 -23.2646672740)
continue (4.0000000000 -23.4633719655)
continue (4.1410596954 -23.5615815779)
continue (4.2870938501 -23.6005339375)
continue (4.4382778883 -23.6204792351)
continue (4.5947934200 -23.6341461387)
continue (4.7568284600 -23.6459857654)
continue (4.9245776534 -23.6574043249)
continue (5.0982425093 -23.6688094532)
continue (5.2780316431 -23.6803001851)
continue (5.4641610270 -23.6918829151)
continue (5.6568542495 -23.7035356609)
continue (5.8563427838 -23.7152264528)
continue (6.0628662660 -23.7269184434)
continue (6.2766727832 -23.7385713100)
continue (6.4980191709 -23.7501417227)
continue (6.7271713220 -23.7615837560)
continue (6.9644045064 -23.7728496150)
continue (7.2100037009 -23.7838908763)
continue (7.4642639323 -23.7946603238)
continue (7.7274906314 -23.8051143485)
continue (8.0000000000 -23.8152157581)
continue (8.2821193907 -23.8249367516)
continue (8.5741877003 -23.8342617527)
continue (8.8765557765 -23.8431897876)
continue (9.1895868400 -23.8517361270)
continue (9.5136569200 -23.8599329915)
continue (9.8491553068 -23.8678292164)
continue (10.1964850186 -23.8754888873)
continue (10.5560632862 -23.8829890574)
continue (10.9283220540 -23.8904167471)
continue (11.3137084990 -23.8978654783)
continue (11.7126855676 -23.9054316212)
continue (12.1257325321 -23.9132108230)
continue (12.5533455663 -23.9212947491)
continue (12.9960383417 -23.9297683135)
continue (13.4543426441 -23.9387075095)
continue (13.9288090127 -23.9481778856)
continue (14.4200074018 -23.9582336538)
continue (14.9285278646 -23.9689173750)
continue (15.4549812628 -23.9802601342)
continue (16.0000000000 -23.9922821058)
continue (16.5642387815 -24.0049934075)
continue (17.1483754006 -24.0183951464)
continue (17.7531115531 -24.0324805768)
continue (18.3791736800 -24.0472362982)
continue (19.0273138400 -24.0626434426)
continue (19.6983106135 -24.0786788064)
continue (20.3929700371 -24.0953158984)
continue (21.1121265724 -24.1125258827)
continue (21.8566441081 -24.1302784042)
continue (22.6274169980 -24.1485422935)
continue (23.4253711351 -24.1672861520)
continue (24.2514650642 -24.1864788254)
continue (25.1066911327 -24.2060897765)
continue (25.9920766834 -24.2260893687)
continue (26.9086852881 -24.2464490763)
continue (27.8576180255 -24.2671416311)
continue (28.8400148035 -24.2881411206)
continue (29.8570557292 -24.3094230447)
continue (30.9099625256 -24.3309643424)
continue (32.0000000000 -24.3527433928)
continue (33.1284775629 -24.3747399977)
continue (34.2967508012 -24.3969353499)
continue (35.5062231062 -24.4193119891)
continue (36.7583473599 -24.4418537513)
continue (38.0546276801 -24.4645457106)
continue (39.3966212270 -24.4873741178)
continue (40.7859400742 -24.5103263359)
continue (42.2242531447 -24.5333907743)
continue (43.7132882161 -24.5565568230)
continue (45.2548339959 -24.5798147872)
continue (46.8507422703 -24.6031558229)
continue (48.5029301283 -24.6265718751)
continue (50.2133822654 -24.6500556178)
continue (51.9841533668 -24.6736003972)
continue (53.8173705762 -24.6972001769)
continue (55.7152360510 -24.7208494873)
continue (57.6800296071 -24.7445433772)
continue (59.7141114584 -24.7682773694)
continue (61.8199250512 -24.7920474183)
continue (64.0000000000 -24.8158498719)
continue (66.2569551258 -24.8396814355)
continue (68.5935016023 -24.8635391392)
continue (71.0124462123 -24.8874203072)
continue (73.5166947198 -24.9113225304)
continue (76.1092553602 -24.9352436409)
continue (78.7932424541 -24.9591816887)
continue (81.5718801484 -24.9831349209)
continue (84.4485062895 -25.0071017623)
continue (87.4265764323 -25.0310807977)
continue (90.5096679919 -25.0550707568)
continue (93.7014845405 -25.0790704991)
continue (97.0058602567 -25.1030790013)
continue (100.4267645310 -25.1270953455)
continue (103.9683067340 -25.1511187086)
continue (107.6347411520 -25.1751483525)
continue (111.4304721020 -25.1991836160)
continue (115.3600592140 -25.2232239062)
continue (119.4282229170 -25.2472686924)
continue (123.6398501020 -25.2713174989)
continue (128.0000000000 -25.2953698999)
continue (132.5139102520 -25.3194255143)
continue (137.1870032050 -25.3434840008)
continue (142.0248924250 -25.3675450541)
continue (147.0333894400 -25.3916084009)
continue (152.2185107200 -25.4156737968)
continue (157.5864849080 -25.4397410232)
continue (163.1437602970 -25.4638098845)
continue (168.8970125790 -25.4878802059)
continue (174.8531528650 -25.5119518312)
continue (181.0193359840 -25.5360246206)
continue (187.4029690810 -25.5600984491)
continue (194.0117205130 -25.5841732054)
continue (200.8535290620 -25.6082487896)
continue (207.9366134670 -25.6323251126)
continue (215.2694823050 -25.6564020950)
continue (222.8609442040 -25.6804796656)
continue (230.7201184280 -25.7045577610)
continue (238.8564458330 -25.7286363244)
continue (247.2797002050 -25.7527153055)
continue (256.0000000000 -25.7767946588)
continue (265.0278205030 -25.8008743443)
continue (274.3740064090 -25.8249543258)
continue (284.0497848490 -25.8490345712)
continue (294.0667788790 -25.8731150520)
continue (304.4370214410 -25.8971957425)
continue (315.1729698160 -25.9212766200)
continue (326.2875205940 -25.9453576642)
continue (337.7940251580 -25.9694388567)
continue (349.7063057290 -25.9935201816)
continue (362.0386719680 -26.0176016244)
continue (374.8059381620 -26.0416831722)
continue (388.0234410270 -26.0657648135)
continue (401.7070581230 -26.0898465382)
continue (415.8732269340 -26.1139283371)
continue (430.5389646100 -26.1380102021)
continue (445.7218884080 -26.1620921259)
continue (461.4402368570 -26.1861741021)
continue (477.7128916670 -26.2102561251)
continue (494.5594004100 -26.2343381895)
continue (512.0000000000 -26.2584202909)
continue (530.0556410070 -26.2825024253)
continue (548.7480128190 -26.3065845890)
continue (568.0995696990 -26.3306667787)
continue (588.1335577580 -26.3547489917)
continue (608.8740428810 -26.3788312253)
continue (630.3459396330 -26.4029134773)
continue (652.5750411870 -26.4269957456)
continue (675.5880503160 -26.4510780285)
continue (699.4126114580 -26.4751603243)
continue (724.0773439350 -26.4992426317)
continue (749.6118763240 -26.5233249493)
continue (776.0468820530 -26.5474072760)
continue (803.4141162460 -26.5714896108)
continue (831.7464538690 -26.5955719528)
continue (861.0779292200 -26.6196543012)
continue (891.4437768150 -26.6437366553)
continue (922.8804737130 -26.6678190145)
continue (955.4257833340 -26.6919013782)
continue (989.1188008190 -26.7159837459)
continue (1024.0000000000 -26.7400661171)
continue (1060.1112820100 -26.7641484915)
continue (1097.4960256400 -26.7882308688)
continue (1136.1991394000 -26.8123132485)
continue (1176.2671155200 -26.8363956305)
continue (1217.7480857600 -26.8604780144)
continue (1260.6918792700 -26.8845604001)
continue (1305.1500823700 -26.9086427873)
continue (1351.1761006300 -26.9327251759)
continue (1398.8252229200 -26.9568075658)
continue (1448.1546878700 -26.9808899568)
continue (1499.2237526500 -27.0049723487)
continue (1552.0937641100 -27.0290547415)
continue (1606.8282324900 -27.0531371351)
continue (1663.4929077400 -27.0772195293)
continue (1722.1558584400 -27.1013019241)
continue (1782.8875536300 -27.1253843195)
continue (1845.7609474300 -27.1494667154)
continue (1910.8515666700 -27.1735491117)
continue (1978.2376016400 -27.1976315084)
continue (2048.0000000000 -27.2217139054)
continue (2120.2225640300 -27.2457963027)
continue (2194.9920512700 -27.2698787002)
continue (2272.3982787900 -27.2939610980)
continue (2352.5342310300 -27.3180434960)
continue (2435.4961715300 -27.3421258942)
continue (2521.3837585300 -27.3662082926)
continue (2610.3001647500 -27.3902906911)
continue (2702.3522012600 -27.4143730897)
continue (2797.6504458300 -27.4384554885)
continue (2896.3093757400 -27.4625378873)
continue (2998.4475053000 -27.4866202863)
continue (3104.1875282100 -27.5107026853)
continue (3213.6564649900 -27.5347850844)
continue (3326.9858154800 -27.5588674835)
continue (3444.3117168800 -27.5829498827)
continue (3565.7751072600 -27.6070322820)
continue (3691.5218948500 -27.6311146813)
continue (3821.7031333300 -27.6551970806)
continue (3956.4752032800 -27.6792794800)
continue (4096.0000000000 -27.7033618794)
continue (4136.9600000000 -50.0000000000)
continue (7354000.0000000000 -50.0000000000)
f(nu) = -20.8998427669 at 1.0000000000 Ryd
